12/20/2023 18:25:35 - INFO - __main__ - 设置 seed 为:  1
12/20/2023 18:25:35 - INFO - __main__ - Start fine-turning...
12/20/2023 18:25:40 - INFO - __main__ - ==========Epoch:0==========
=> loading checkpoint '/home/lijunjian/CA2CL/save/NCT/pretrain/resnet18/ResNet18_bs_1792_img_size_224_lr_0.0006_wd_0.0001_temperature_0.2_adv_eps_1_cld_0.1/checkpoint_100.tar'
missing keys:[], unexpected_keys:['module.instance_projector.0.weight', 'module.instance_projector.0.bias', 'module.instance_projector.2.weight', 'module.instance_projector.2.bias', 'module.groupDis.0.weight']
loaded
12/20/2023 18:26:07 - INFO - utils.common - 计算 f1 score ing...
12/20/2023 18:26:07 - INFO - utils.common - F1score = 0.5396732603634269
12/20/2023 18:26:07 - INFO - utils.common - 计算 accuracy ing...
12/20/2023 18:26:07 - INFO - utils.common - acc = 0.545375
12/20/2023 18:26:07 - INFO - utils.common - 计算 precision ing...
12/20/2023 18:26:07 - INFO - utils.common - precision = 0.5590605715024628
12/20/2023 18:26:07 - INFO - utils.common - 计算 recall ing...
12/20/2023 18:26:07 - INFO - utils.common - result = {'f1score': 0.5396732603634269, 'acc': 0.545375, 'precision': 0.5590605715024628, 'recall': 0.5475703351885274}
12/20/2023 18:26:07 - INFO - __main__ - Epoch:0, Train Accuracy:0.545375, f1:0.5396732603634269

Epoch: [0][0/63]	
12/20/2023 18:26:28 - INFO - utils.common - 计算 f1 score ing...
12/20/2023 18:26:28 - INFO - utils.common - F1score = 0.9199494297515977
12/20/2023 18:26:28 - INFO - utils.common - 计算 accuracy ing...
12/20/2023 18:26:28 - INFO - utils.common - acc = 0.91925
12/20/2023 18:26:28 - INFO - utils.common - 计算 precision ing...
12/20/2023 18:26:28 - INFO - utils.common - precision = 0.9256630601497042
12/20/2023 18:26:28 - INFO - utils.common - 计算 recall ing...
12/20/2023 18:26:28 - INFO - utils.common - result = {'f1score': 0.9199494297515977, 'acc': 0.91925, 'precision': 0.9256630601497042, 'recall': 0.9181954506959931}
12/20/2023 18:26:28 - INFO - __main__ - Epoch:0, Val Accuracy:0.91925, f1:0.9199494297515977

12/20/2023 18:26:28 - INFO - __main__ - lr:0.00027135636881635457
12/20/2023 18:26:28 - INFO - __main__ - ==========Epoch:1==========
Save best weights
12/20/2023 18:26:53 - INFO - utils.common - 计算 f1 score ing...
12/20/2023 18:26:53 - INFO - utils.common - F1score = 0.9384807514373664
12/20/2023 18:26:53 - INFO - utils.common - 计算 accuracy ing...
12/20/2023 18:26:53 - INFO - utils.common - acc = 0.9375
12/20/2023 18:26:53 - INFO - utils.common - 计算 precision ing...
12/20/2023 18:26:53 - INFO - utils.common - precision = 0.9406990915769686
12/20/2023 18:26:53 - INFO - utils.common - 计算 recall ing...
12/20/2023 18:26:53 - INFO - utils.common - result = {'f1score': 0.9384807514373664, 'acc': 0.9375, 'precision': 0.9406990915769686, 'recall': 0.9377673085737297}
12/20/2023 18:26:53 - INFO - __main__ - Epoch:1, Train Accuracy:0.9375, f1:0.9384807514373664

Epoch: [1][0/63]	
12/20/2023 18:27:14 - INFO - utils.common - 计算 f1 score ing...
12/20/2023 18:27:14 - INFO - utils.common - F1score = 0.962113140951591
12/20/2023 18:27:14 - INFO - utils.common - 计算 accuracy ing...
12/20/2023 18:27:14 - INFO - utils.common - acc = 0.96255
12/20/2023 18:27:14 - INFO - utils.common - 计算 precision ing...
12/20/2023 18:27:14 - INFO - utils.common - precision = 0.9627049161604193
12/20/2023 18:27:14 - INFO - utils.common - 计算 recall ing...
12/20/2023 18:27:14 - INFO - utils.common - result = {'f1score': 0.962113140951591, 'acc': 0.96255, 'precision': 0.9627049161604193, 'recall': 0.9620137246023381}
12/20/2023 18:27:14 - INFO - __main__ - Epoch:1, Val Accuracy:0.96255, f1:0.962113140951591

12/20/2023 18:27:14 - INFO - __main__ - lr:0.0001963663688163546
12/20/2023 18:27:14 - INFO - __main__ - ==========Epoch:2==========
Save best weights
12/20/2023 18:27:39 - INFO - utils.common - 计算 f1 score ing...
12/20/2023 18:27:39 - INFO - utils.common - F1score = 0.9557212504822142
12/20/2023 18:27:39 - INFO - utils.common - 计算 accuracy ing...
12/20/2023 18:27:39 - INFO - utils.common - acc = 0.955875
12/20/2023 18:27:39 - INFO - utils.common - 计算 precision ing...
12/20/2023 18:27:39 - INFO - utils.common - precision = 0.9566627195423892
12/20/2023 18:27:39 - INFO - utils.common - 计算 recall ing...
12/20/2023 18:27:39 - INFO - utils.common - result = {'f1score': 0.9557212504822142, 'acc': 0.955875, 'precision': 0.9566627195423892, 'recall': 0.9551668402081472}
12/20/2023 18:27:39 - INFO - __main__ - Epoch:2, Train Accuracy:0.955875, f1:0.9557212504822142

Epoch: [2][0/63]	
12/20/2023 18:28:00 - INFO - utils.common - 计算 f1 score ing...
12/20/2023 18:28:00 - INFO - utils.common - F1score = 0.9665073161588259
12/20/2023 18:28:00 - INFO - utils.common - 计算 accuracy ing...
12/20/2023 18:28:00 - INFO - utils.common - acc = 0.96695
12/20/2023 18:28:00 - INFO - utils.common - 计算 precision ing...
12/20/2023 18:28:00 - INFO - utils.common - precision = 0.9669655808296186
12/20/2023 18:28:00 - INFO - utils.common - 计算 recall ing...
12/20/2023 18:28:00 - INFO - utils.common - result = {'f1score': 0.9665073161588259, 'acc': 0.96695, 'precision': 0.9669655808296186, 'recall': 0.9664375825105098}
12/20/2023 18:28:00 - INFO - __main__ - Epoch:2, Val Accuracy:0.96695, f1:0.9665073161588259

12/20/2023 18:28:00 - INFO - __main__ - lr:0.0001036736311836454
12/20/2023 18:28:00 - INFO - __main__ - ==========Epoch:3==========
Save best weights
12/20/2023 18:28:25 - INFO - utils.common - 计算 f1 score ing...
12/20/2023 18:28:25 - INFO - utils.common - F1score = 0.9632141284756774
12/20/2023 18:28:25 - INFO - utils.common - 计算 accuracy ing...
12/20/2023 18:28:26 - INFO - utils.common - acc = 0.963
12/20/2023 18:28:26 - INFO - utils.common - 计算 precision ing...
12/20/2023 18:28:26 - INFO - utils.common - precision = 0.9641254484010742
12/20/2023 18:28:26 - INFO - utils.common - 计算 recall ing...
12/20/2023 18:28:26 - INFO - utils.common - result = {'f1score': 0.9632141284756774, 'acc': 0.963, 'precision': 0.9641254484010742, 'recall': 0.962621756663312}
12/20/2023 18:28:26 - INFO - __main__ - Epoch:3, Train Accuracy:0.963, f1:0.9632141284756774

Epoch: [3][0/63]	
12/20/2023 18:28:46 - INFO - utils.common - 计算 f1 score ing...
12/20/2023 18:28:46 - INFO - utils.common - F1score = 0.968546316711363
12/20/2023 18:28:46 - INFO - utils.common - 计算 accuracy ing...
12/20/2023 18:28:46 - INFO - utils.common - acc = 0.96895
12/20/2023 18:28:46 - INFO - utils.common - 计算 precision ing...
12/20/2023 18:28:46 - INFO - utils.common - precision = 0.9690597283978093
12/20/2023 18:28:46 - INFO - utils.common - 计算 recall ing...
12/20/2023 18:28:46 - INFO - utils.common - result = {'f1score': 0.968546316711363, 'acc': 0.96895, 'precision': 0.9690597283978093, 'recall': 0.968302509029719}
12/20/2023 18:28:46 - INFO - __main__ - Epoch:3, Val Accuracy:0.96895, f1:0.968546316711363

12/20/2023 18:28:46 - INFO - __main__ - lr:2.8683631183645395e-05
12/20/2023 18:28:46 - INFO - __main__ - ==========Epoch:4==========
Save best weights
12/20/2023 18:29:11 - INFO - utils.common - 计算 f1 score ing...
12/20/2023 18:29:11 - INFO - utils.common - F1score = 0.9618321656792244
12/20/2023 18:29:11 - INFO - utils.common - 计算 accuracy ing...
12/20/2023 18:29:11 - INFO - utils.common - acc = 0.961625
12/20/2023 18:29:11 - INFO - utils.common - 计算 precision ing...
12/20/2023 18:29:11 - INFO - utils.common - precision = 0.9624801853747039
12/20/2023 18:29:11 - INFO - utils.common - 计算 recall ing...
12/20/2023 18:29:11 - INFO - utils.common - result = {'f1score': 0.9618321656792244, 'acc': 0.961625, 'precision': 0.9624801853747039, 'recall': 0.9613881607377444}
12/20/2023 18:29:11 - INFO - __main__ - Epoch:4, Train Accuracy:0.961625, f1:0.9618321656792244

Epoch: [4][0/63]	
12/20/2023 18:29:32 - INFO - utils.common - 计算 f1 score ing...
12/20/2023 18:29:32 - INFO - utils.common - F1score = 0.9692637060988921
12/20/2023 18:29:32 - INFO - utils.common - 计算 accuracy ing...
12/20/2023 18:29:32 - INFO - utils.common - acc = 0.9697
12/20/2023 18:29:32 - INFO - utils.common - 计算 precision ing...
12/20/2023 18:29:32 - INFO - utils.common - precision = 0.9697391854529247
12/20/2023 18:29:32 - INFO - utils.common - 计算 recall ing...
12/20/2023 18:29:32 - INFO - utils.common - result = {'f1score': 0.9692637060988921, 'acc': 0.9697, 'precision': 0.9697391854529247, 'recall': 0.9690621804907811}
12/20/2023 18:29:32 - INFO - __main__ - Epoch:4, Val Accuracy:0.9697, f1:0.9692637060988921

12/20/2023 18:29:32 - INFO - __main__ - lr:0.0003
12/20/2023 18:29:32 - INFO - __main__ - ==========Epoch:5==========
Save best weights
12/20/2023 18:29:57 - INFO - utils.common - 计算 f1 score ing...
12/20/2023 18:29:57 - INFO - utils.common - F1score = 0.9655711919067712
12/20/2023 18:29:57 - INFO - utils.common - 计算 accuracy ing...
12/20/2023 18:29:57 - INFO - utils.common - acc = 0.965375
12/20/2023 18:29:57 - INFO - utils.common - 计算 precision ing...
12/20/2023 18:29:57 - INFO - utils.common - precision = 0.9660180488922118
12/20/2023 18:29:57 - INFO - utils.common - 计算 recall ing...
12/20/2023 18:29:57 - INFO - utils.common - result = {'f1score': 0.9655711919067712, 'acc': 0.965375, 'precision': 0.9660180488922118, 'recall': 0.9652678375243858}
12/20/2023 18:29:57 - INFO - __main__ - Epoch:5, Train Accuracy:0.965375, f1:0.9655711919067712

Epoch: [5][0/63]	
12/20/2023 18:30:17 - INFO - utils.common - 计算 f1 score ing...
12/20/2023 18:30:18 - INFO - utils.common - F1score = 0.9732165359247262
12/20/2023 18:30:18 - INFO - utils.common - 计算 accuracy ing...
12/20/2023 18:30:18 - INFO - utils.common - acc = 0.97345
12/20/2023 18:30:18 - INFO - utils.common - 计算 precision ing...
12/20/2023 18:30:18 - INFO - utils.common - precision = 0.9734209486481872
12/20/2023 18:30:18 - INFO - utils.common - 计算 recall ing...
12/20/2023 18:30:18 - INFO - utils.common - result = {'f1score': 0.9732165359247262, 'acc': 0.97345, 'precision': 0.9734209486481872, 'recall': 0.9730791519574313}
12/20/2023 18:30:18 - INFO - __main__ - Epoch:5, Val Accuracy:0.97345, f1:0.9732165359247262

12/20/2023 18:30:18 - INFO - __main__ - lr:0.00027135636881635457
12/20/2023 18:30:18 - INFO - __main__ - ==========Epoch:6==========
Save best weights
12/20/2023 18:30:42 - INFO - utils.common - 计算 f1 score ing...
12/20/2023 18:30:42 - INFO - utils.common - F1score = 0.9699557603694041
12/20/2023 18:30:42 - INFO - utils.common - 计算 accuracy ing...
12/20/2023 18:30:42 - INFO - utils.common - acc = 0.96975
12/20/2023 18:30:42 - INFO - utils.common - 计算 precision ing...
12/20/2023 18:30:42 - INFO - utils.common - precision = 0.9705778958635946
12/20/2023 18:30:42 - INFO - utils.common - 计算 recall ing...
12/20/2023 18:30:42 - INFO - utils.common - result = {'f1score': 0.9699557603694041, 'acc': 0.96975, 'precision': 0.9705778958635946, 'recall': 0.9694348153131168}
12/20/2023 18:30:42 - INFO - __main__ - Epoch:6, Train Accuracy:0.96975, f1:0.9699557603694041

Epoch: [6][0/63]	
12/20/2023 18:31:03 - INFO - utils.common - 计算 f1 score ing...
12/20/2023 18:31:03 - INFO - utils.common - F1score = 0.975450354469428
12/20/2023 18:31:03 - INFO - utils.common - 计算 accuracy ing...
12/20/2023 18:31:03 - INFO - utils.common - acc = 0.97565
12/20/2023 18:31:03 - INFO - utils.common - 计算 precision ing...
12/20/2023 18:31:03 - INFO - utils.common - precision = 0.9755541907853065
12/20/2023 18:31:03 - INFO - utils.common - 计算 recall ing...
12/20/2023 18:31:03 - INFO - utils.common - result = {'f1score': 0.975450354469428, 'acc': 0.97565, 'precision': 0.9755541907853065, 'recall': 0.9753998487979771}
12/20/2023 18:31:03 - INFO - __main__ - Epoch:6, Val Accuracy:0.97565, f1:0.975450354469428

12/20/2023 18:31:03 - INFO - __main__ - lr:0.0001963663688163546
12/20/2023 18:31:03 - INFO - __main__ - ==========Epoch:7==========
Save best weights
12/20/2023 18:31:28 - INFO - utils.common - 计算 f1 score ing...
12/20/2023 18:31:28 - INFO - utils.common - F1score = 0.9704622214588967
12/20/2023 18:31:28 - INFO - utils.common - 计算 accuracy ing...
12/20/2023 18:31:28 - INFO - utils.common - acc = 0.970375
12/20/2023 18:31:28 - INFO - utils.common - 计算 precision ing...
12/20/2023 18:31:28 - INFO - utils.common - precision = 0.9704875325591475
12/20/2023 18:31:28 - INFO - utils.common - 计算 recall ing...
12/20/2023 18:31:28 - INFO - utils.common - result = {'f1score': 0.9704622214588967, 'acc': 0.970375, 'precision': 0.9704875325591475, 'recall': 0.9705237067062552}
12/20/2023 18:31:28 - INFO - __main__ - Epoch:7, Train Accuracy:0.970375, f1:0.9704622214588967

Epoch: [7][0/63]	
12/20/2023 18:31:49 - INFO - utils.common - 计算 f1 score ing...
12/20/2023 18:31:49 - INFO - utils.common - F1score = 0.9774408932602281
12/20/2023 18:31:49 - INFO - utils.common - 计算 accuracy ing...
12/20/2023 18:31:49 - INFO - utils.common - acc = 0.9776
12/20/2023 18:31:49 - INFO - utils.common - 计算 precision ing...
12/20/2023 18:31:49 - INFO - utils.common - precision = 0.977634952265614
12/20/2023 18:31:49 - INFO - utils.common - 计算 recall ing...
12/20/2023 18:31:49 - INFO - utils.common - result = {'f1score': 0.9774408932602281, 'acc': 0.9776, 'precision': 0.977634952265614, 'recall': 0.9772893199843425}
12/20/2023 18:31:49 - INFO - __main__ - Epoch:7, Val Accuracy:0.9776, f1:0.9774408932602281

12/20/2023 18:31:49 - INFO - __main__ - lr:0.0001036736311836454
12/20/2023 18:31:49 - INFO - __main__ - ==========Epoch:8==========
Save best weights
12/20/2023 18:32:14 - INFO - utils.common - 计算 f1 score ing...
12/20/2023 18:32:14 - INFO - utils.common - F1score = 0.9705123468078387
12/20/2023 18:32:14 - INFO - utils.common - 计算 accuracy ing...
12/20/2023 18:32:14 - INFO - utils.common - acc = 0.97025
12/20/2023 18:32:14 - INFO - utils.common - 计算 precision ing...
12/20/2023 18:32:14 - INFO - utils.common - precision = 0.9707034348593522
12/20/2023 18:32:14 - INFO - utils.common - 计算 recall ing...
12/20/2023 18:32:14 - INFO - utils.common - result = {'f1score': 0.9705123468078387, 'acc': 0.97025, 'precision': 0.9707034348593522, 'recall': 0.9703670764172458}
12/20/2023 18:32:14 - INFO - __main__ - Epoch:8, Train Accuracy:0.97025, f1:0.9705123468078387

Epoch: [8][0/63]	
12/20/2023 18:32:35 - INFO - utils.common - 计算 f1 score ing...
12/20/2023 18:32:35 - INFO - utils.common - F1score = 0.9775733738643733
12/20/2023 18:32:35 - INFO - utils.common - 计算 accuracy ing...
12/20/2023 18:32:35 - INFO - utils.common - acc = 0.9778
12/20/2023 18:32:35 - INFO - utils.common - 计算 precision ing...
12/20/2023 18:32:35 - INFO - utils.common - precision = 0.9778925697558094
12/20/2023 18:32:35 - INFO - utils.common - 计算 recall ing...
12/20/2023 18:32:35 - INFO - utils.common - result = {'f1score': 0.9775733738643733, 'acc': 0.9778, 'precision': 0.9778925697558094, 'recall': 0.9773612739188581}
12/20/2023 18:32:35 - INFO - __main__ - Epoch:8, Val Accuracy:0.9778, f1:0.9775733738643733

12/20/2023 18:32:35 - INFO - __main__ - lr:2.8683631183645395e-05
12/20/2023 18:32:35 - INFO - __main__ - ==========Epoch:9==========
Save best weights
12/20/2023 18:33:00 - INFO - utils.common - 计算 f1 score ing...
12/20/2023 18:33:00 - INFO - utils.common - F1score = 0.972409010395886
12/20/2023 18:33:00 - INFO - utils.common - 计算 accuracy ing...
12/20/2023 18:33:00 - INFO - utils.common - acc = 0.972125
12/20/2023 18:33:00 - INFO - utils.common - 计算 precision ing...
12/20/2023 18:33:00 - INFO - utils.common - precision = 0.9725922235703872
12/20/2023 18:33:00 - INFO - utils.common - 计算 recall ing...
12/20/2023 18:33:00 - INFO - utils.common - result = {'f1score': 0.972409010395886, 'acc': 0.972125, 'precision': 0.9725922235703872, 'recall': 0.9722746766343044}
12/20/2023 18:33:00 - INFO - __main__ - Epoch:9, Train Accuracy:0.972125, f1:0.972409010395886

Epoch: [9][0/63]	
12/20/2023 18:33:21 - INFO - utils.common - 计算 f1 score ing...
12/20/2023 18:33:21 - INFO - utils.common - F1score = 0.9778791846023844
12/20/2023 18:33:21 - INFO - utils.common - 计算 accuracy ing...
12/20/2023 18:33:21 - INFO - utils.common - acc = 0.978
12/20/2023 18:33:21 - INFO - utils.common - 计算 precision ing...
12/20/2023 18:33:21 - INFO - utils.common - precision = 0.9781409889101691
12/20/2023 18:33:21 - INFO - utils.common - 计算 recall ing...
12/20/2023 18:33:21 - INFO - utils.common - result = {'f1score': 0.9778791846023844, 'acc': 0.978, 'precision': 0.9781409889101691, 'recall': 0.9776648650807815}
12/20/2023 18:33:21 - INFO - __main__ - Epoch:9, Val Accuracy:0.978, f1:0.9778791846023844

12/20/2023 18:33:21 - INFO - __main__ - lr:0.0003
12/20/2023 18:33:21 - INFO - __main__ - ==========Epoch:10==========
Save best weights
12/20/2023 18:33:45 - INFO - utils.common - 计算 f1 score ing...
12/20/2023 18:33:45 - INFO - utils.common - F1score = 0.9709452924170642
12/20/2023 18:33:45 - INFO - utils.common - 计算 accuracy ing...
12/20/2023 18:33:45 - INFO - utils.common - acc = 0.970625
12/20/2023 18:33:45 - INFO - utils.common - 计算 precision ing...
12/20/2023 18:33:45 - INFO - utils.common - precision = 0.971439451299688
12/20/2023 18:33:45 - INFO - utils.common - 计算 recall ing...
12/20/2023 18:33:45 - INFO - utils.common - result = {'f1score': 0.9709452924170642, 'acc': 0.970625, 'precision': 0.971439451299688, 'recall': 0.9705283049466088}
12/20/2023 18:33:45 - INFO - __main__ - Epoch:10, Train Accuracy:0.970625, f1:0.9709452924170642

Epoch: [10][0/63]	
12/20/2023 18:34:06 - INFO - utils.common - 计算 f1 score ing...
12/20/2023 18:34:06 - INFO - utils.common - F1score = 0.9784366110928198
12/20/2023 18:34:06 - INFO - utils.common - 计算 accuracy ing...
12/20/2023 18:34:06 - INFO - utils.common - acc = 0.97855
12/20/2023 18:34:06 - INFO - utils.common - 计算 precision ing...
12/20/2023 18:34:06 - INFO - utils.common - precision = 0.9785201607251022
12/20/2023 18:34:06 - INFO - utils.common - 计算 recall ing...
12/20/2023 18:34:06 - INFO - utils.common - result = {'f1score': 0.9784366110928198, 'acc': 0.97855, 'precision': 0.9785201607251022, 'recall': 0.9783982958693243}
12/20/2023 18:34:06 - INFO - __main__ - Epoch:10, Val Accuracy:0.97855, f1:0.9784366110928198

12/20/2023 18:34:06 - INFO - __main__ - lr:0.00027135636881635457
12/20/2023 18:34:06 - INFO - __main__ - ==========Epoch:11==========
Save best weights
12/20/2023 18:34:31 - INFO - utils.common - 计算 f1 score ing...
12/20/2023 18:34:31 - INFO - utils.common - F1score = 0.9732325931701042
12/20/2023 18:34:31 - INFO - utils.common - 计算 accuracy ing...
12/20/2023 18:34:31 - INFO - utils.common - acc = 0.973
12/20/2023 18:34:31 - INFO - utils.common - 计算 precision ing...
12/20/2023 18:34:31 - INFO - utils.common - precision = 0.9735362550684508
12/20/2023 18:34:31 - INFO - utils.common - 计算 recall ing...
12/20/2023 18:34:31 - INFO - utils.common - result = {'f1score': 0.9732325931701042, 'acc': 0.973, 'precision': 0.9735362550684508, 'recall': 0.9729978420807233}
12/20/2023 18:34:31 - INFO - __main__ - Epoch:11, Train Accuracy:0.973, f1:0.9732325931701042

Epoch: [11][0/63]	
12/20/2023 18:34:52 - INFO - utils.common - 计算 f1 score ing...
12/20/2023 18:34:52 - INFO - utils.common - F1score = 0.9794057761254903
12/20/2023 18:34:52 - INFO - utils.common - 计算 accuracy ing...
12/20/2023 18:34:52 - INFO - utils.common - acc = 0.97955
12/20/2023 18:34:52 - INFO - utils.common - 计算 precision ing...
12/20/2023 18:34:52 - INFO - utils.common - precision = 0.9795885567141958
12/20/2023 18:34:52 - INFO - utils.common - 计算 recall ing...
12/20/2023 18:34:52 - INFO - utils.common - result = {'f1score': 0.9794057761254903, 'acc': 0.97955, 'precision': 0.9795885567141958, 'recall': 0.9792798131968437}
12/20/2023 18:34:52 - INFO - __main__ - Epoch:11, Val Accuracy:0.97955, f1:0.9794057761254903

12/20/2023 18:34:52 - INFO - __main__ - lr:0.0001963663688163546
12/20/2023 18:34:52 - INFO - __main__ - ==========Epoch:12==========
Save best weights
12/20/2023 18:35:16 - INFO - utils.common - 计算 f1 score ing...
12/20/2023 18:35:16 - INFO - utils.common - F1score = 0.9708242991795917
12/20/2023 18:35:16 - INFO - utils.common - 计算 accuracy ing...
12/20/2023 18:35:16 - INFO - utils.common - acc = 0.970625
12/20/2023 18:35:16 - INFO - utils.common - 计算 precision ing...
12/20/2023 18:35:16 - INFO - utils.common - precision = 0.9712904452210669
12/20/2023 18:35:16 - INFO - utils.common - 计算 recall ing...
12/20/2023 18:35:16 - INFO - utils.common - result = {'f1score': 0.9708242991795917, 'acc': 0.970625, 'precision': 0.9712904452210669, 'recall': 0.9704118855630521}
12/20/2023 18:35:16 - INFO - __main__ - Epoch:12, Train Accuracy:0.970625, f1:0.9708242991795917

Epoch: [12][0/63]	
12/20/2023 18:35:37 - INFO - utils.common - 计算 f1 score ing...
12/20/2023 18:35:37 - INFO - utils.common - F1score = 0.9804233811178137
12/20/2023 18:35:37 - INFO - utils.common - 计算 accuracy ing...
12/20/2023 18:35:37 - INFO - utils.common - acc = 0.98055
12/20/2023 18:35:37 - INFO - utils.common - 计算 precision ing...
12/20/2023 18:35:37 - INFO - utils.common - precision = 0.9804605009607096
12/20/2023 18:35:37 - INFO - utils.common - 计算 recall ing...
12/20/2023 18:35:37 - INFO - utils.common - result = {'f1score': 0.9804233811178137, 'acc': 0.98055, 'precision': 0.9804605009607096, 'recall': 0.9804092549353032}
12/20/2023 18:35:37 - INFO - __main__ - Epoch:12, Val Accuracy:0.98055, f1:0.9804233811178137

12/20/2023 18:35:37 - INFO - __main__ - lr:0.0001036736311836454
12/20/2023 18:35:37 - INFO - __main__ - ==========Epoch:13==========
Save best weights
12/20/2023 18:36:02 - INFO - utils.common - 计算 f1 score ing...
12/20/2023 18:36:02 - INFO - utils.common - F1score = 0.9728775750607073
12/20/2023 18:36:02 - INFO - utils.common - 计算 accuracy ing...
12/20/2023 18:36:02 - INFO - utils.common - acc = 0.972625
12/20/2023 18:36:02 - INFO - utils.common - 计算 precision ing...
12/20/2023 18:36:02 - INFO - utils.common - precision = 0.9734152487533666
12/20/2023 18:36:02 - INFO - utils.common - 计算 recall ing...
12/20/2023 18:36:02 - INFO - utils.common - result = {'f1score': 0.9728775750607073, 'acc': 0.972625, 'precision': 0.9734152487533666, 'recall': 0.9724247316213508}
12/20/2023 18:36:02 - INFO - __main__ - Epoch:13, Train Accuracy:0.972625, f1:0.9728775750607073

Epoch: [13][0/63]	
12/20/2023 18:36:22 - INFO - utils.common - 计算 f1 score ing...
12/20/2023 18:36:22 - INFO - utils.common - F1score = 0.9799184025648285
12/20/2023 18:36:22 - INFO - utils.common - 计算 accuracy ing...
12/20/2023 18:36:22 - INFO - utils.common - acc = 0.98005
12/20/2023 18:36:22 - INFO - utils.common - 计算 precision ing...
12/20/2023 18:36:22 - INFO - utils.common - precision = 0.9800178315369252
12/20/2023 18:36:22 - INFO - utils.common - 计算 recall ing...
12/20/2023 18:36:23 - INFO - utils.common - result = {'f1score': 0.9799184025648285, 'acc': 0.98005, 'precision': 0.9800178315369252, 'recall': 0.9798641037885564}
12/20/2023 18:36:23 - INFO - __main__ - Epoch:13, Val Accuracy:0.98005, f1:0.9799184025648285

12/20/2023 18:36:23 - INFO - __main__ - lr:2.8683631183645395e-05
12/20/2023 18:36:23 - INFO - __main__ - ==========Epoch:14==========
early_st 4
12/20/2023 18:36:46 - INFO - utils.common - 计算 f1 score ing...
12/20/2023 18:36:46 - INFO - utils.common - F1score = 0.9744831575769813
12/20/2023 18:36:46 - INFO - utils.common - 计算 accuracy ing...
12/20/2023 18:36:46 - INFO - utils.common - acc = 0.974375
12/20/2023 18:36:46 - INFO - utils.common - 计算 precision ing...
12/20/2023 18:36:46 - INFO - utils.common - precision = 0.9747764262131882
12/20/2023 18:36:46 - INFO - utils.common - 计算 recall ing...
12/20/2023 18:36:46 - INFO - utils.common - result = {'f1score': 0.9744831575769813, 'acc': 0.974375, 'precision': 0.9747764262131882, 'recall': 0.9742741800008715}
12/20/2023 18:36:46 - INFO - __main__ - Epoch:14, Train Accuracy:0.974375, f1:0.9744831575769813

Epoch: [14][0/63]	
12/20/2023 18:37:06 - INFO - utils.common - 计算 f1 score ing...
12/20/2023 18:37:06 - INFO - utils.common - F1score = 0.980500917030122
12/20/2023 18:37:06 - INFO - utils.common - 计算 accuracy ing...
12/20/2023 18:37:06 - INFO - utils.common - acc = 0.9806
12/20/2023 18:37:06 - INFO - utils.common - 计算 precision ing...
12/20/2023 18:37:06 - INFO - utils.common - precision = 0.9803697943439786
12/20/2023 18:37:06 - INFO - utils.common - 计算 recall ing...
12/20/2023 18:37:06 - INFO - utils.common - result = {'f1score': 0.980500917030122, 'acc': 0.9806, 'precision': 0.9803697943439786, 'recall': 0.9806812131095355}
12/20/2023 18:37:06 - INFO - __main__ - Epoch:14, Val Accuracy:0.9806, f1:0.980500917030122

12/20/2023 18:37:06 - INFO - __main__ - lr:0.0003
12/20/2023 18:37:06 - INFO - __main__ - ==========Epoch:15==========
Save best weights
12/20/2023 18:37:30 - INFO - utils.common - 计算 f1 score ing...
12/20/2023 18:37:30 - INFO - utils.common - F1score = 0.9723245625486745
12/20/2023 18:37:30 - INFO - utils.common - 计算 accuracy ing...
12/20/2023 18:37:30 - INFO - utils.common - acc = 0.972125
12/20/2023 18:37:30 - INFO - utils.common - 计算 precision ing...
12/20/2023 18:37:30 - INFO - utils.common - precision = 0.9725589808352899
12/20/2023 18:37:30 - INFO - utils.common - 计算 recall ing...
12/20/2023 18:37:30 - INFO - utils.common - result = {'f1score': 0.9723245625486745, 'acc': 0.972125, 'precision': 0.9725589808352899, 'recall': 0.9721288902438039}
12/20/2023 18:37:30 - INFO - __main__ - Epoch:15, Train Accuracy:0.972125, f1:0.9723245625486745

Epoch: [15][0/63]	
12/20/2023 18:37:49 - INFO - utils.common - 计算 f1 score ing...
12/20/2023 18:37:49 - INFO - utils.common - F1score = 0.9809676033013043
12/20/2023 18:37:49 - INFO - utils.common - 计算 accuracy ing...
12/20/2023 18:37:49 - INFO - utils.common - acc = 0.98105
12/20/2023 18:37:49 - INFO - utils.common - 计算 precision ing...
12/20/2023 18:37:50 - INFO - utils.common - precision = 0.9810340182802189
12/20/2023 18:37:50 - INFO - utils.common - 计算 recall ing...
12/20/2023 18:37:50 - INFO - utils.common - result = {'f1score': 0.9809676033013043, 'acc': 0.98105, 'precision': 0.9810340182802189, 'recall': 0.9809351073757221}
12/20/2023 18:37:50 - INFO - __main__ - Epoch:15, Val Accuracy:0.98105, f1:0.9809676033013043

12/20/2023 18:37:50 - INFO - __main__ - lr:0.00027135636881635457
12/20/2023 18:37:50 - INFO - __main__ - ==========Epoch:16==========
Save best weights
12/20/2023 18:38:14 - INFO - utils.common - 计算 f1 score ing...
12/20/2023 18:38:14 - INFO - utils.common - F1score = 0.974563378472639
12/20/2023 18:38:14 - INFO - utils.common - 计算 accuracy ing...
12/20/2023 18:38:14 - INFO - utils.common - acc = 0.974375
12/20/2023 18:38:14 - INFO - utils.common - 计算 precision ing...
12/20/2023 18:38:14 - INFO - utils.common - precision = 0.974639607724959
12/20/2023 18:38:14 - INFO - utils.common - 计算 recall ing...
12/20/2023 18:38:14 - INFO - utils.common - result = {'f1score': 0.974563378472639, 'acc': 0.974375, 'precision': 0.974639607724959, 'recall': 0.9745304384382675}
12/20/2023 18:38:14 - INFO - __main__ - Epoch:16, Train Accuracy:0.974375, f1:0.974563378472639

Epoch: [16][0/63]	
12/20/2023 18:38:33 - INFO - utils.common - 计算 f1 score ing...
12/20/2023 18:38:33 - INFO - utils.common - F1score = 0.9809812446733973
12/20/2023 18:38:33 - INFO - utils.common - 计算 accuracy ing...
12/20/2023 18:38:33 - INFO - utils.common - acc = 0.9811
12/20/2023 18:38:33 - INFO - utils.common - 计算 precision ing...
12/20/2023 18:38:33 - INFO - utils.common - precision = 0.9810723999570767
12/20/2023 18:38:33 - INFO - utils.common - 计算 recall ing...
12/20/2023 18:38:33 - INFO - utils.common - result = {'f1score': 0.9809812446733973, 'acc': 0.9811, 'precision': 0.9810723999570767, 'recall': 0.9809119809375871}
12/20/2023 18:38:33 - INFO - __main__ - Epoch:16, Val Accuracy:0.9811, f1:0.9809812446733973

12/20/2023 18:38:33 - INFO - __main__ - lr:0.0001963663688163546
12/20/2023 18:38:33 - INFO - __main__ - ==========Epoch:17==========
Save best weights
12/20/2023 18:38:57 - INFO - utils.common - 计算 f1 score ing...
12/20/2023 18:38:57 - INFO - utils.common - F1score = 0.9760457365517312
12/20/2023 18:38:57 - INFO - utils.common - 计算 accuracy ing...
12/20/2023 18:38:57 - INFO - utils.common - acc = 0.97575
12/20/2023 18:38:57 - INFO - utils.common - 计算 precision ing...
12/20/2023 18:38:57 - INFO - utils.common - precision = 0.9765251931742446
12/20/2023 18:38:57 - INFO - utils.common - 计算 recall ing...
12/20/2023 18:38:57 - INFO - utils.common - result = {'f1score': 0.9760457365517312, 'acc': 0.97575, 'precision': 0.9765251931742446, 'recall': 0.9756171921716571}
12/20/2023 18:38:57 - INFO - __main__ - Epoch:17, Train Accuracy:0.97575, f1:0.9760457365517312

Epoch: [17][0/63]	
12/20/2023 18:39:16 - INFO - utils.common - 计算 f1 score ing...
12/20/2023 18:39:16 - INFO - utils.common - F1score = 0.9812247737020522
12/20/2023 18:39:16 - INFO - utils.common - 计算 accuracy ing...
12/20/2023 18:39:16 - INFO - utils.common - acc = 0.98135
12/20/2023 18:39:16 - INFO - utils.common - 计算 precision ing...
12/20/2023 18:39:16 - INFO - utils.common - precision = 0.981402495779857
12/20/2023 18:39:16 - INFO - utils.common - 计算 recall ing...
12/20/2023 18:39:16 - INFO - utils.common - result = {'f1score': 0.9812247737020522, 'acc': 0.98135, 'precision': 0.981402495779857, 'recall': 0.9810766848607201}
12/20/2023 18:39:16 - INFO - __main__ - Epoch:17, Val Accuracy:0.98135, f1:0.9812247737020522

12/20/2023 18:39:16 - INFO - __main__ - lr:0.0001036736311836454
12/20/2023 18:39:16 - INFO - __main__ - ==========Epoch:18==========
Save best weights
12/20/2023 18:39:40 - INFO - utils.common - 计算 f1 score ing...
12/20/2023 18:39:40 - INFO - utils.common - F1score = 0.9769303823462582
12/20/2023 18:39:40 - INFO - utils.common - 计算 accuracy ing...
12/20/2023 18:39:40 - INFO - utils.common - acc = 0.977
12/20/2023 18:39:40 - INFO - utils.common - 计算 precision ing...
12/20/2023 18:39:40 - INFO - utils.common - precision = 0.976833332418215
12/20/2023 18:39:40 - INFO - utils.common - 计算 recall ing...
12/20/2023 18:39:40 - INFO - utils.common - result = {'f1score': 0.9769303823462582, 'acc': 0.977, 'precision': 0.976833332418215, 'recall': 0.9770598150473416}
12/20/2023 18:39:40 - INFO - __main__ - Epoch:18, Train Accuracy:0.977, f1:0.9769303823462582

Epoch: [18][0/63]	
12/20/2023 18:39:58 - INFO - utils.common - 计算 f1 score ing...
12/20/2023 18:39:58 - INFO - utils.common - F1score = 0.9818965129011124
12/20/2023 18:39:58 - INFO - utils.common - 计算 accuracy ing...
12/20/2023 18:39:58 - INFO - utils.common - acc = 0.98195
12/20/2023 18:39:58 - INFO - utils.common - 计算 precision ing...
12/20/2023 18:39:58 - INFO - utils.common - precision = 0.9818101525013572
12/20/2023 18:39:58 - INFO - utils.common - 计算 recall ing...
12/20/2023 18:39:58 - INFO - utils.common - result = {'f1score': 0.9818965129011124, 'acc': 0.98195, 'precision': 0.9818101525013572, 'recall': 0.982024502556724}
12/20/2023 18:39:58 - INFO - __main__ - Epoch:18, Val Accuracy:0.98195, f1:0.9818965129011124

12/20/2023 18:39:58 - INFO - __main__ - lr:2.8683631183645395e-05
12/20/2023 18:39:58 - INFO - __main__ - ==========Epoch:19==========
Save best weights
12/20/2023 18:40:22 - INFO - utils.common - 计算 f1 score ing...
12/20/2023 18:40:22 - INFO - utils.common - F1score = 0.9772819858373395
12/20/2023 18:40:22 - INFO - utils.common - 计算 accuracy ing...
12/20/2023 18:40:22 - INFO - utils.common - acc = 0.976875
12/20/2023 18:40:22 - INFO - utils.common - 计算 precision ing...
12/20/2023 18:40:22 - INFO - utils.common - precision = 0.9774243768960704
12/20/2023 18:40:22 - INFO - utils.common - 计算 recall ing...
12/20/2023 18:40:22 - INFO - utils.common - result = {'f1score': 0.9772819858373395, 'acc': 0.976875, 'precision': 0.9774243768960704, 'recall': 0.977223631223042}
12/20/2023 18:40:22 - INFO - __main__ - Epoch:19, Train Accuracy:0.976875, f1:0.9772819858373395

Epoch: [19][0/63]	
12/20/2023 18:40:41 - INFO - utils.common - 计算 f1 score ing...
12/20/2023 18:40:41 - INFO - utils.common - F1score = 0.9820714805167771
12/20/2023 18:40:41 - INFO - utils.common - 计算 accuracy ing...
12/20/2023 18:40:41 - INFO - utils.common - acc = 0.98215
12/20/2023 18:40:41 - INFO - utils.common - 计算 precision ing...
12/20/2023 18:40:42 - INFO - utils.common - precision = 0.9820272295638234
12/20/2023 18:40:42 - INFO - utils.common - 计算 recall ing...
12/20/2023 18:40:42 - INFO - utils.common - result = {'f1score': 0.9820714805167771, 'acc': 0.98215, 'precision': 0.9820272295638234, 'recall': 0.9821477799609075}
12/20/2023 18:40:42 - INFO - __main__ - Epoch:19, Val Accuracy:0.98215, f1:0.9820714805167771

12/20/2023 18:40:42 - INFO - __main__ - lr:0.0003
12/20/2023 18:40:42 - INFO - __main__ - ==========Epoch:20==========
Save best weights
12/20/2023 18:41:06 - INFO - utils.common - 计算 f1 score ing...
12/20/2023 18:41:06 - INFO - utils.common - F1score = 0.9766350022112485
12/20/2023 18:41:06 - INFO - utils.common - 计算 accuracy ing...
12/20/2023 18:41:06 - INFO - utils.common - acc = 0.97625
12/20/2023 18:41:06 - INFO - utils.common - 计算 precision ing...
12/20/2023 18:41:06 - INFO - utils.common - precision = 0.9766553001787958
12/20/2023 18:41:06 - INFO - utils.common - 计算 recall ing...
12/20/2023 18:41:06 - INFO - utils.common - result = {'f1score': 0.9766350022112485, 'acc': 0.97625, 'precision': 0.9766553001787958, 'recall': 0.9766424603875554}
12/20/2023 18:41:06 - INFO - __main__ - Epoch:20, Train Accuracy:0.97625, f1:0.9766350022112485

Epoch: [20][0/63]	
12/20/2023 18:41:25 - INFO - utils.common - 计算 f1 score ing...
12/20/2023 18:41:25 - INFO - utils.common - F1score = 0.9820891413312308
12/20/2023 18:41:25 - INFO - utils.common - 计算 accuracy ing...
12/20/2023 18:41:25 - INFO - utils.common - acc = 0.9822
12/20/2023 18:41:25 - INFO - utils.common - 计算 precision ing...
12/20/2023 18:41:25 - INFO - utils.common - precision = 0.982172187678618
12/20/2023 18:41:25 - INFO - utils.common - 计算 recall ing...
12/20/2023 18:41:25 - INFO - utils.common - result = {'f1score': 0.9820891413312308, 'acc': 0.9822, 'precision': 0.982172187678618, 'recall': 0.9820538385984974}
12/20/2023 18:41:25 - INFO - __main__ - Epoch:20, Val Accuracy:0.9822, f1:0.9820891413312308

12/20/2023 18:41:25 - INFO - __main__ - lr:0.00027135636881635457
12/20/2023 18:41:25 - INFO - __main__ - ==========Epoch:21==========
Save best weights
12/20/2023 18:41:49 - INFO - utils.common - 计算 f1 score ing...
12/20/2023 18:41:49 - INFO - utils.common - F1score = 0.9767549205588283
12/20/2023 18:41:49 - INFO - utils.common - 计算 accuracy ing...
12/20/2023 18:41:49 - INFO - utils.common - acc = 0.976375
12/20/2023 18:41:49 - INFO - utils.common - 计算 precision ing...
12/20/2023 18:41:49 - INFO - utils.common - precision = 0.9767354685976259
12/20/2023 18:41:49 - INFO - utils.common - 计算 recall ing...
12/20/2023 18:41:49 - INFO - utils.common - result = {'f1score': 0.9767549205588283, 'acc': 0.976375, 'precision': 0.9767354685976259, 'recall': 0.9767991413403594}
12/20/2023 18:41:49 - INFO - __main__ - Epoch:21, Train Accuracy:0.976375, f1:0.9767549205588283

Epoch: [21][0/63]	
12/20/2023 18:42:08 - INFO - utils.common - 计算 f1 score ing...
12/20/2023 18:42:08 - INFO - utils.common - F1score = 0.9825883619346043
12/20/2023 18:42:08 - INFO - utils.common - 计算 accuracy ing...
12/20/2023 18:42:08 - INFO - utils.common - acc = 0.98265
12/20/2023 18:42:08 - INFO - utils.common - 计算 precision ing...
12/20/2023 18:42:08 - INFO - utils.common - precision = 0.9825691578534931
12/20/2023 18:42:08 - INFO - utils.common - 计算 recall ing...
12/20/2023 18:42:08 - INFO - utils.common - result = {'f1score': 0.9825883619346043, 'acc': 0.98265, 'precision': 0.9825691578534931, 'recall': 0.9826341246785179}
12/20/2023 18:42:08 - INFO - __main__ - Epoch:21, Val Accuracy:0.98265, f1:0.9825883619346043

12/20/2023 18:42:08 - INFO - __main__ - lr:0.0001963663688163546
12/20/2023 18:42:08 - INFO - __main__ - ==========Epoch:22==========
Save best weights
12/20/2023 18:42:32 - INFO - utils.common - 计算 f1 score ing...
12/20/2023 18:42:32 - INFO - utils.common - F1score = 0.9782435853704227
12/20/2023 18:42:32 - INFO - utils.common - 计算 accuracy ing...
12/20/2023 18:42:32 - INFO - utils.common - acc = 0.978
12/20/2023 18:42:32 - INFO - utils.common - 计算 precision ing...
12/20/2023 18:42:32 - INFO - utils.common - precision = 0.9784018110301093
12/20/2023 18:42:32 - INFO - utils.common - 计算 recall ing...
12/20/2023 18:42:32 - INFO - utils.common - result = {'f1score': 0.9782435853704227, 'acc': 0.978, 'precision': 0.9784018110301093, 'recall': 0.9781030207292396}
12/20/2023 18:42:32 - INFO - __main__ - Epoch:22, Train Accuracy:0.978, f1:0.9782435853704227

Epoch: [22][0/63]	
12/20/2023 18:42:51 - INFO - utils.common - 计算 f1 score ing...
12/20/2023 18:42:51 - INFO - utils.common - F1score = 0.9828753054207736
12/20/2023 18:42:51 - INFO - utils.common - 计算 accuracy ing...
12/20/2023 18:42:51 - INFO - utils.common - acc = 0.9829
12/20/2023 18:42:51 - INFO - utils.common - 计算 precision ing...
12/20/2023 18:42:51 - INFO - utils.common - precision = 0.9827778167691983
12/20/2023 18:42:51 - INFO - utils.common - 计算 recall ing...
12/20/2023 18:42:51 - INFO - utils.common - result = {'f1score': 0.9828753054207736, 'acc': 0.9829, 'precision': 0.9827778167691983, 'recall': 0.9830011472638991}
12/20/2023 18:42:51 - INFO - __main__ - Epoch:22, Val Accuracy:0.9829, f1:0.9828753054207736

12/20/2023 18:42:51 - INFO - __main__ - lr:0.0001036736311836454
12/20/2023 18:42:51 - INFO - __main__ - ==========Epoch:23==========
Save best weights
12/20/2023 18:43:14 - INFO - utils.common - 计算 f1 score ing...
12/20/2023 18:43:14 - INFO - utils.common - F1score = 0.9772648698894785
12/20/2023 18:43:14 - INFO - utils.common - 计算 accuracy ing...
12/20/2023 18:43:14 - INFO - utils.common - acc = 0.976875
12/20/2023 18:43:14 - INFO - utils.common - 计算 precision ing...
12/20/2023 18:43:14 - INFO - utils.common - precision = 0.9775212791771113
12/20/2023 18:43:14 - INFO - utils.common - 计算 recall ing...
12/20/2023 18:43:14 - INFO - utils.common - result = {'f1score': 0.9772648698894785, 'acc': 0.976875, 'precision': 0.9775212791771113, 'recall': 0.9770560000677061}
12/20/2023 18:43:14 - INFO - __main__ - Epoch:23, Train Accuracy:0.976875, f1:0.9772648698894785

Epoch: [23][0/63]	
12/20/2023 18:43:33 - INFO - utils.common - 计算 f1 score ing...
12/20/2023 18:43:33 - INFO - utils.common - F1score = 0.9831597219763962
12/20/2023 18:43:33 - INFO - utils.common - 计算 accuracy ing...
12/20/2023 18:43:33 - INFO - utils.common - acc = 0.9832
12/20/2023 18:43:33 - INFO - utils.common - 计算 precision ing...
12/20/2023 18:43:33 - INFO - utils.common - precision = 0.9830612052223842
12/20/2023 18:43:33 - INFO - utils.common - 计算 recall ing...
12/20/2023 18:43:33 - INFO - utils.common - result = {'f1score': 0.9831597219763962, 'acc': 0.9832, 'precision': 0.9830612052223842, 'recall': 0.983286394933252}
12/20/2023 18:43:33 - INFO - __main__ - Epoch:23, Val Accuracy:0.9832, f1:0.9831597219763962

12/20/2023 18:43:33 - INFO - __main__ - lr:2.8683631183645395e-05
12/20/2023 18:43:33 - INFO - __main__ - ==========Epoch:24==========
Save best weights
12/20/2023 18:43:55 - INFO - utils.common - 计算 f1 score ing...
12/20/2023 18:43:55 - INFO - utils.common - F1score = 0.9771299233481092
12/20/2023 18:43:55 - INFO - utils.common - 计算 accuracy ing...
12/20/2023 18:43:55 - INFO - utils.common - acc = 0.97675
12/20/2023 18:43:55 - INFO - utils.common - 计算 precision ing...
12/20/2023 18:43:55 - INFO - utils.common - precision = 0.9773174384344028
12/20/2023 18:43:55 - INFO - utils.common - 计算 recall ing...
12/20/2023 18:43:55 - INFO - utils.common - result = {'f1score': 0.9771299233481092, 'acc': 0.97675, 'precision': 0.9773174384344028, 'recall': 0.9769742450083638}
12/20/2023 18:43:55 - INFO - __main__ - Epoch:24, Train Accuracy:0.97675, f1:0.9771299233481092

Epoch: [24][0/63]	
12/20/2023 18:44:14 - INFO - utils.common - 计算 f1 score ing...
12/20/2023 18:44:14 - INFO - utils.common - F1score = 0.9829373497790446
12/20/2023 18:44:14 - INFO - utils.common - 计算 accuracy ing...
12/20/2023 18:44:14 - INFO - utils.common - acc = 0.983
12/20/2023 18:44:14 - INFO - utils.common - 计算 precision ing...
12/20/2023 18:44:14 - INFO - utils.common - precision = 0.9827966721525863
12/20/2023 18:44:14 - INFO - utils.common - 计算 recall ing...
12/20/2023 18:44:14 - INFO - utils.common - result = {'f1score': 0.9829373497790446, 'acc': 0.983, 'precision': 0.9827966721525863, 'recall': 0.9830987098450858}
12/20/2023 18:44:14 - INFO - __main__ - Epoch:24, Val Accuracy:0.983, f1:0.9829373497790446

12/20/2023 18:44:14 - INFO - __main__ - lr:0.0003
12/20/2023 18:44:14 - INFO - __main__ - ==========Epoch:25==========
early_st 4
12/20/2023 18:44:37 - INFO - utils.common - 计算 f1 score ing...
12/20/2023 18:44:37 - INFO - utils.common - F1score = 0.9788481329674281
12/20/2023 18:44:37 - INFO - utils.common - 计算 accuracy ing...
12/20/2023 18:44:37 - INFO - utils.common - acc = 0.978625
12/20/2023 18:44:37 - INFO - utils.common - 计算 precision ing...
12/20/2023 18:44:37 - INFO - utils.common - precision = 0.9789319108360552
12/20/2023 18:44:37 - INFO - utils.common - 计算 recall ing...
12/20/2023 18:44:37 - INFO - utils.common - result = {'f1score': 0.9788481329674281, 'acc': 0.978625, 'precision': 0.9789319108360552, 'recall': 0.9788031856094231}
12/20/2023 18:44:37 - INFO - __main__ - Epoch:25, Train Accuracy:0.978625, f1:0.9788481329674281

Epoch: [25][0/63]	
12/20/2023 18:44:56 - INFO - utils.common - 计算 f1 score ing...
12/20/2023 18:44:56 - INFO - utils.common - F1score = 0.983454908167976
12/20/2023 18:44:56 - INFO - utils.common - 计算 accuracy ing...
12/20/2023 18:44:56 - INFO - utils.common - acc = 0.9835
12/20/2023 18:44:56 - INFO - utils.common - 计算 precision ing...
12/20/2023 18:44:56 - INFO - utils.common - precision = 0.9833081371031951
12/20/2023 18:44:56 - INFO - utils.common - 计算 recall ing...
12/20/2023 18:44:56 - INFO - utils.common - result = {'f1score': 0.983454908167976, 'acc': 0.9835, 'precision': 0.9833081371031951, 'recall': 0.983622060233325}
12/20/2023 18:44:56 - INFO - __main__ - Epoch:25, Val Accuracy:0.9835, f1:0.983454908167976

12/20/2023 18:44:56 - INFO - __main__ - lr:0.00027135636881635457
12/20/2023 18:44:56 - INFO - __main__ - ==========Epoch:26==========
Save best weights
12/20/2023 18:45:20 - INFO - utils.common - 计算 f1 score ing...
12/20/2023 18:45:20 - INFO - utils.common - F1score = 0.9784867792886042
12/20/2023 18:45:20 - INFO - utils.common - 计算 accuracy ing...
12/20/2023 18:45:20 - INFO - utils.common - acc = 0.978375
12/20/2023 18:45:20 - INFO - utils.common - 计算 precision ing...
12/20/2023 18:45:20 - INFO - utils.common - precision = 0.978237150557643
12/20/2023 18:45:20 - INFO - utils.common - 计算 recall ing...
12/20/2023 18:45:20 - INFO - utils.common - result = {'f1score': 0.9784867792886042, 'acc': 0.978375, 'precision': 0.978237150557643, 'recall': 0.978753163630992}
12/20/2023 18:45:20 - INFO - __main__ - Epoch:26, Train Accuracy:0.978375, f1:0.9784867792886042

Epoch: [26][0/63]	
12/20/2023 18:45:39 - INFO - utils.common - 计算 f1 score ing...
12/20/2023 18:45:39 - INFO - utils.common - F1score = 0.9835308836612546
12/20/2023 18:45:39 - INFO - utils.common - 计算 accuracy ing...
12/20/2023 18:45:39 - INFO - utils.common - acc = 0.98355
12/20/2023 18:45:39 - INFO - utils.common - 计算 precision ing...
12/20/2023 18:45:39 - INFO - utils.common - precision = 0.9834554238783131
12/20/2023 18:45:39 - INFO - utils.common - 计算 recall ing...
12/20/2023 18:45:40 - INFO - utils.common - result = {'f1score': 0.9835308836612546, 'acc': 0.98355, 'precision': 0.9834554238783131, 'recall': 0.9836315402455867}
12/20/2023 18:45:40 - INFO - __main__ - Epoch:26, Val Accuracy:0.98355, f1:0.9835308836612546

12/20/2023 18:45:40 - INFO - __main__ - lr:0.0001963663688163546
12/20/2023 18:45:40 - INFO - __main__ - ==========Epoch:27==========
Save best weights
12/20/2023 18:46:02 - INFO - utils.common - 计算 f1 score ing...
12/20/2023 18:46:02 - INFO - utils.common - F1score = 0.9783629866167788
12/20/2023 18:46:02 - INFO - utils.common - 计算 accuracy ing...
12/20/2023 18:46:02 - INFO - utils.common - acc = 0.97825
12/20/2023 18:46:02 - INFO - utils.common - 计算 precision ing...
12/20/2023 18:46:02 - INFO - utils.common - precision = 0.9784914496528224
12/20/2023 18:46:02 - INFO - utils.common - 计算 recall ing...
12/20/2023 18:46:02 - INFO - utils.common - result = {'f1score': 0.9783629866167788, 'acc': 0.97825, 'precision': 0.9784914496528224, 'recall': 0.9782793272871917}
12/20/2023 18:46:02 - INFO - __main__ - Epoch:27, Train Accuracy:0.97825, f1:0.9783629866167788

Epoch: [27][0/63]	
12/20/2023 18:46:23 - INFO - utils.common - 计算 f1 score ing...
12/20/2023 18:46:23 - INFO - utils.common - F1score = 0.9834615919412641
12/20/2023 18:46:23 - INFO - utils.common - 计算 accuracy ing...
12/20/2023 18:46:23 - INFO - utils.common - acc = 0.98355
12/20/2023 18:46:23 - INFO - utils.common - 计算 precision ing...
12/20/2023 18:46:23 - INFO - utils.common - precision = 0.9834711205421756
12/20/2023 18:46:23 - INFO - utils.common - 计算 recall ing...
12/20/2023 18:46:23 - INFO - utils.common - result = {'f1score': 0.9834615919412641, 'acc': 0.98355, 'precision': 0.9834711205421756, 'recall': 0.983460893065933}
12/20/2023 18:46:23 - INFO - __main__ - Epoch:27, Val Accuracy:0.98355, f1:0.9834615919412641

12/20/2023 18:46:23 - INFO - __main__ - lr:0.0001036736311836454
12/20/2023 18:46:23 - INFO - __main__ - ==========Epoch:28==========
Save best weights
12/20/2023 18:46:46 - INFO - utils.common - 计算 f1 score ing...
12/20/2023 18:46:46 - INFO - utils.common - F1score = 0.9789887008771494
12/20/2023 18:46:46 - INFO - utils.common - 计算 accuracy ing...
12/20/2023 18:46:46 - INFO - utils.common - acc = 0.978625
12/20/2023 18:46:46 - INFO - utils.common - 计算 precision ing...
12/20/2023 18:46:46 - INFO - utils.common - precision = 0.9790908884785837
12/20/2023 18:46:46 - INFO - utils.common - 计算 recall ing...
12/20/2023 18:46:46 - INFO - utils.common - result = {'f1score': 0.9789887008771494, 'acc': 0.978625, 'precision': 0.9790908884785837, 'recall': 0.9789569852765508}
12/20/2023 18:46:46 - INFO - __main__ - Epoch:28, Train Accuracy:0.978625, f1:0.9789887008771494

Epoch: [28][0/63]	
12/20/2023 18:47:07 - INFO - utils.common - 计算 f1 score ing...
12/20/2023 18:47:07 - INFO - utils.common - F1score = 0.9840567823514258
12/20/2023 18:47:07 - INFO - utils.common - 计算 accuracy ing...
12/20/2023 18:47:07 - INFO - utils.common - acc = 0.9841
12/20/2023 18:47:07 - INFO - utils.common - 计算 precision ing...
12/20/2023 18:47:07 - INFO - utils.common - precision = 0.9839280362037588
12/20/2023 18:47:07 - INFO - utils.common - 计算 recall ing...
12/20/2023 18:47:07 - INFO - utils.common - result = {'f1score': 0.9840567823514258, 'acc': 0.9841, 'precision': 0.9839280362037588, 'recall': 0.9842087862183847}
12/20/2023 18:47:07 - INFO - __main__ - Epoch:28, Val Accuracy:0.9841, f1:0.9840567823514258

12/20/2023 18:47:07 - INFO - __main__ - lr:2.8683631183645395e-05
12/20/2023 18:47:07 - INFO - __main__ - ==========Epoch:29==========
Save best weights
12/20/2023 18:47:31 - INFO - utils.common - 计算 f1 score ing...
12/20/2023 18:47:31 - INFO - utils.common - F1score = 0.9788854366492123
12/20/2023 18:47:31 - INFO - utils.common - 计算 accuracy ing...
12/20/2023 18:47:31 - INFO - utils.common - acc = 0.978625
12/20/2023 18:47:31 - INFO - utils.common - 计算 precision ing...
12/20/2023 18:47:31 - INFO - utils.common - precision = 0.9789077229385656
12/20/2023 18:47:31 - INFO - utils.common - 计算 recall ing...
12/20/2023 18:47:31 - INFO - utils.common - result = {'f1score': 0.9788854366492123, 'acc': 0.978625, 'precision': 0.9789077229385656, 'recall': 0.9788694750140845}
12/20/2023 18:47:31 - INFO - __main__ - Epoch:29, Train Accuracy:0.978625, f1:0.9788854366492123

Epoch: [29][0/63]	
12/20/2023 18:47:51 - INFO - utils.common - 计算 f1 score ing...
12/20/2023 18:47:51 - INFO - utils.common - F1score = 0.9836792530634489
12/20/2023 18:47:51 - INFO - utils.common - 计算 accuracy ing...
12/20/2023 18:47:51 - INFO - utils.common - acc = 0.98375
12/20/2023 18:47:51 - INFO - utils.common - 计算 precision ing...
12/20/2023 18:47:51 - INFO - utils.common - precision = 0.9835534361481594
12/20/2023 18:47:51 - INFO - utils.common - 计算 recall ing...
12/20/2023 18:47:51 - INFO - utils.common - result = {'f1score': 0.9836792530634489, 'acc': 0.98375, 'precision': 0.9835534361481594, 'recall': 0.9838300636088311}
12/20/2023 18:47:51 - INFO - __main__ - Epoch:29, Val Accuracy:0.98375, f1:0.9836792530634489

12/20/2023 18:47:51 - INFO - __main__ - lr:0.0003
12/20/2023 18:47:51 - INFO - __main__ - ==========Epoch:30==========
early_st 4
12/20/2023 18:48:15 - INFO - utils.common - 计算 f1 score ing...
12/20/2023 18:48:15 - INFO - utils.common - F1score = 0.9785920923634593
12/20/2023 18:48:15 - INFO - utils.common - 计算 accuracy ing...
12/20/2023 18:48:15 - INFO - utils.common - acc = 0.978375
12/20/2023 18:48:15 - INFO - utils.common - 计算 precision ing...
12/20/2023 18:48:15 - INFO - utils.common - precision = 0.9786894494947112
12/20/2023 18:48:15 - INFO - utils.common - 计算 recall ing...
12/20/2023 18:48:15 - INFO - utils.common - result = {'f1score': 0.9785920923634593, 'acc': 0.978375, 'precision': 0.9786894494947112, 'recall': 0.9785133260874083}
12/20/2023 18:48:15 - INFO - __main__ - Epoch:30, Train Accuracy:0.978375, f1:0.9785920923634593

Epoch: [30][0/63]	
12/20/2023 18:48:35 - INFO - utils.common - 计算 f1 score ing...
12/20/2023 18:48:35 - INFO - utils.common - F1score = 0.9840515884371589
12/20/2023 18:48:35 - INFO - utils.common - 计算 accuracy ing...
12/20/2023 18:48:35 - INFO - utils.common - acc = 0.9841
12/20/2023 18:48:35 - INFO - utils.common - 计算 precision ing...
12/20/2023 18:48:35 - INFO - utils.common - precision = 0.9838294232414442
12/20/2023 18:48:35 - INFO - utils.common - 计算 recall ing...
12/20/2023 18:48:35 - INFO - utils.common - result = {'f1score': 0.9840515884371589, 'acc': 0.9841, 'precision': 0.9838294232414442, 'recall': 0.9842958888292406}
12/20/2023 18:48:35 - INFO - __main__ - Epoch:30, Val Accuracy:0.9841, f1:0.9840515884371589

12/20/2023 18:48:35 - INFO - __main__ - lr:0.00027135636881635457
12/20/2023 18:48:35 - INFO - __main__ - ==========Epoch:31==========
Save best weights
12/20/2023 18:48:59 - INFO - utils.common - 计算 f1 score ing...
12/20/2023 18:48:59 - INFO - utils.common - F1score = 0.9795187685186136
12/20/2023 18:48:59 - INFO - utils.common - 计算 accuracy ing...
12/20/2023 18:48:59 - INFO - utils.common - acc = 0.97925
12/20/2023 18:48:59 - INFO - utils.common - 计算 precision ing...
12/20/2023 18:48:59 - INFO - utils.common - precision = 0.9795453909667899
12/20/2023 18:48:59 - INFO - utils.common - 计算 recall ing...
12/20/2023 18:48:59 - INFO - utils.common - result = {'f1score': 0.9795187685186136, 'acc': 0.97925, 'precision': 0.9795453909667899, 'recall': 0.9795060395229371}
12/20/2023 18:48:59 - INFO - __main__ - Epoch:31, Train Accuracy:0.97925, f1:0.9795187685186136

Epoch: [31][0/63]	
12/20/2023 18:49:19 - INFO - utils.common - 计算 f1 score ing...
12/20/2023 18:49:19 - INFO - utils.common - F1score = 0.9840164996323435
12/20/2023 18:49:19 - INFO - utils.common - 计算 accuracy ing...
12/20/2023 18:49:19 - INFO - utils.common - acc = 0.9841
12/20/2023 18:49:19 - INFO - utils.common - 计算 precision ing...
12/20/2023 18:49:19 - INFO - utils.common - precision = 0.9838418049974046
12/20/2023 18:49:19 - INFO - utils.common - 计算 recall ing...
12/20/2023 18:49:19 - INFO - utils.common - result = {'f1score': 0.9840164996323435, 'acc': 0.9841, 'precision': 0.9838418049974046, 'recall': 0.9842024984710989}
12/20/2023 18:49:19 - INFO - __main__ - Epoch:31, Val Accuracy:0.9841, f1:0.9840164996323435

12/20/2023 18:49:19 - INFO - __main__ - lr:0.0001963663688163546
12/20/2023 18:49:19 - INFO - __main__ - ==========Epoch:32==========
Save best weights
12/20/2023 18:49:43 - INFO - utils.common - 计算 f1 score ing...
12/20/2023 18:49:43 - INFO - utils.common - F1score = 0.9787924038185712
12/20/2023 18:49:43 - INFO - utils.common - 计算 accuracy ing...
12/20/2023 18:49:43 - INFO - utils.common - acc = 0.978625
12/20/2023 18:49:43 - INFO - utils.common - 计算 precision ing...
12/20/2023 18:49:43 - INFO - utils.common - precision = 0.9789536498550316
12/20/2023 18:49:43 - INFO - utils.common - 计算 recall ing...
12/20/2023 18:49:43 - INFO - utils.common - result = {'f1score': 0.9787924038185712, 'acc': 0.978625, 'precision': 0.9789536498550316, 'recall': 0.9786756086326756}
12/20/2023 18:49:43 - INFO - __main__ - Epoch:32, Train Accuracy:0.978625, f1:0.9787924038185712

Epoch: [32][0/63]	
12/20/2023 18:50:02 - INFO - utils.common - 计算 f1 score ing...
12/20/2023 18:50:03 - INFO - utils.common - F1score = 0.9846955520676194
12/20/2023 18:50:03 - INFO - utils.common - 计算 accuracy ing...
12/20/2023 18:50:03 - INFO - utils.common - acc = 0.98475
12/20/2023 18:50:03 - INFO - utils.common - 计算 precision ing...
12/20/2023 18:50:03 - INFO - utils.common - precision = 0.984719532504006
12/20/2023 18:50:03 - INFO - utils.common - 计算 recall ing...
12/20/2023 18:50:03 - INFO - utils.common - result = {'f1score': 0.9846955520676194, 'acc': 0.98475, 'precision': 0.984719532504006, 'recall': 0.984688867917133}
12/20/2023 18:50:03 - INFO - __main__ - Epoch:32, Val Accuracy:0.98475, f1:0.9846955520676194

12/20/2023 18:50:03 - INFO - __main__ - lr:0.0001036736311836454
12/20/2023 18:50:03 - INFO - __main__ - ==========Epoch:33==========
Save best weights
12/20/2023 18:50:25 - INFO - utils.common - 计算 f1 score ing...
12/20/2023 18:50:25 - INFO - utils.common - F1score = 0.9770992353293251
12/20/2023 18:50:25 - INFO - utils.common - 计算 accuracy ing...
12/20/2023 18:50:25 - INFO - utils.common - acc = 0.976875
12/20/2023 18:50:25 - INFO - utils.common - 计算 precision ing...
12/20/2023 18:50:25 - INFO - utils.common - precision = 0.9773025661599485
12/20/2023 18:50:25 - INFO - utils.common - 计算 recall ing...
12/20/2023 18:50:25 - INFO - utils.common - result = {'f1score': 0.9770992353293251, 'acc': 0.976875, 'precision': 0.9773025661599485, 'recall': 0.9769353524527453}
12/20/2023 18:50:25 - INFO - __main__ - Epoch:33, Train Accuracy:0.976875, f1:0.9770992353293251

Epoch: [33][0/63]	
12/20/2023 18:50:46 - INFO - utils.common - 计算 f1 score ing...
12/20/2023 18:50:46 - INFO - utils.common - F1score = 0.9846398934550885
12/20/2023 18:50:46 - INFO - utils.common - 计算 accuracy ing...
12/20/2023 18:50:46 - INFO - utils.common - acc = 0.9847
12/20/2023 18:50:46 - INFO - utils.common - 计算 precision ing...
12/20/2023 18:50:46 - INFO - utils.common - precision = 0.9845202709372091
12/20/2023 18:50:46 - INFO - utils.common - 计算 recall ing...
12/20/2023 18:50:46 - INFO - utils.common - result = {'f1score': 0.9846398934550885, 'acc': 0.9847, 'precision': 0.9845202709372091, 'recall': 0.9847779248355724}
12/20/2023 18:50:46 - INFO - __main__ - Epoch:33, Val Accuracy:0.9847, f1:0.9846398934550885

12/20/2023 18:50:46 - INFO - __main__ - lr:2.8683631183645395e-05
12/20/2023 18:50:46 - INFO - __main__ - ==========Epoch:34==========
early_st 4
12/20/2023 18:51:10 - INFO - utils.common - 计算 f1 score ing...
12/20/2023 18:51:10 - INFO - utils.common - F1score = 0.9787040427568717
12/20/2023 18:51:10 - INFO - utils.common - 计算 accuracy ing...
12/20/2023 18:51:10 - INFO - utils.common - acc = 0.978375
12/20/2023 18:51:10 - INFO - utils.common - 计算 precision ing...
12/20/2023 18:51:10 - INFO - utils.common - precision = 0.9789599222873621
12/20/2023 18:51:10 - INFO - utils.common - 计算 recall ing...
12/20/2023 18:51:10 - INFO - utils.common - result = {'f1score': 0.9787040427568717, 'acc': 0.978375, 'precision': 0.9789599222873621, 'recall': 0.9784917716104888}
12/20/2023 18:51:10 - INFO - __main__ - Epoch:34, Train Accuracy:0.978375, f1:0.9787040427568717

Epoch: [34][0/63]	
12/20/2023 18:51:30 - INFO - utils.common - 计算 f1 score ing...
12/20/2023 18:51:30 - INFO - utils.common - F1score = 0.9845114559941501
12/20/2023 18:51:30 - INFO - utils.common - 计算 accuracy ing...
12/20/2023 18:51:30 - INFO - utils.common - acc = 0.98455
12/20/2023 18:51:30 - INFO - utils.common - 计算 precision ing...
12/20/2023 18:51:30 - INFO - utils.common - precision = 0.9842431477692397
12/20/2023 18:51:30 - INFO - utils.common - 计算 recall ing...
12/20/2023 18:51:31 - INFO - utils.common - result = {'f1score': 0.9845114559941501, 'acc': 0.98455, 'precision': 0.9842431477692397, 'recall': 0.9848020997217668}
12/20/2023 18:51:31 - INFO - __main__ - Epoch:34, Val Accuracy:0.98455, f1:0.9845114559941501

12/20/2023 18:51:31 - INFO - __main__ - lr:0.0003
12/20/2023 18:51:31 - INFO - __main__ - ==========Epoch:35==========
early_st 3
12/20/2023 18:51:54 - INFO - utils.common - 计算 f1 score ing...
12/20/2023 18:51:54 - INFO - utils.common - F1score = 0.9808194796060891
12/20/2023 18:51:54 - INFO - utils.common - 计算 accuracy ing...
12/20/2023 18:51:54 - INFO - utils.common - acc = 0.980625
12/20/2023 18:51:54 - INFO - utils.common - 计算 precision ing...
12/20/2023 18:51:54 - INFO - utils.common - precision = 0.980923332901332
12/20/2023 18:51:54 - INFO - utils.common - 计算 recall ing...
12/20/2023 18:51:54 - INFO - utils.common - result = {'f1score': 0.9808194796060891, 'acc': 0.980625, 'precision': 0.980923332901332, 'recall': 0.9807384160975207}
12/20/2023 18:51:54 - INFO - __main__ - Epoch:35, Train Accuracy:0.980625, f1:0.9808194796060891

Epoch: [35][0/63]	
12/20/2023 18:52:14 - INFO - utils.common - 计算 f1 score ing...
12/20/2023 18:52:15 - INFO - utils.common - F1score = 0.984434629782121
12/20/2023 18:52:15 - INFO - utils.common - 计算 accuracy ing...
12/20/2023 18:52:15 - INFO - utils.common - acc = 0.98445
12/20/2023 18:52:15 - INFO - utils.common - 计算 precision ing...
12/20/2023 18:52:15 - INFO - utils.common - precision = 0.9842274200374437
12/20/2023 18:52:15 - INFO - utils.common - 计算 recall ing...
12/20/2023 18:52:15 - INFO - utils.common - result = {'f1score': 0.984434629782121, 'acc': 0.98445, 'precision': 0.9842274200374437, 'recall': 0.9846659835383093}
12/20/2023 18:52:15 - INFO - __main__ - Epoch:35, Val Accuracy:0.98445, f1:0.984434629782121

12/20/2023 18:52:15 - INFO - __main__ - lr:0.00027135636881635457
12/20/2023 18:52:15 - INFO - __main__ - ==========Epoch:36==========
early_st 2
12/20/2023 18:52:38 - INFO - utils.common - 计算 f1 score ing...
12/20/2023 18:52:38 - INFO - utils.common - F1score = 0.979790169848856
12/20/2023 18:52:38 - INFO - utils.common - 计算 accuracy ing...
12/20/2023 18:52:38 - INFO - utils.common - acc = 0.9795
12/20/2023 18:52:38 - INFO - utils.common - 计算 precision ing...
12/20/2023 18:52:38 - INFO - utils.common - precision = 0.9802192188224222
12/20/2023 18:52:38 - INFO - utils.common - 计算 recall ing...
12/20/2023 18:52:38 - INFO - utils.common - result = {'f1score': 0.979790169848856, 'acc': 0.9795, 'precision': 0.9802192188224222, 'recall': 0.9794075048191286}
12/20/2023 18:52:38 - INFO - __main__ - Epoch:36, Train Accuracy:0.9795, f1:0.979790169848856

Epoch: [36][0/63]	
12/20/2023 18:52:58 - INFO - utils.common - 计算 f1 score ing...
12/20/2023 18:52:58 - INFO - utils.common - F1score = 0.9848833380399662
12/20/2023 18:52:58 - INFO - utils.common - 计算 accuracy ing...
12/20/2023 18:52:58 - INFO - utils.common - acc = 0.98495
12/20/2023 18:52:58 - INFO - utils.common - 计算 precision ing...
12/20/2023 18:52:58 - INFO - utils.common - precision = 0.984641353544665
12/20/2023 18:52:58 - INFO - utils.common - 计算 recall ing...
12/20/2023 18:52:59 - INFO - utils.common - result = {'f1score': 0.9848833380399662, 'acc': 0.98495, 'precision': 0.984641353544665, 'recall': 0.9851472468199431}
12/20/2023 18:52:59 - INFO - __main__ - Epoch:36, Val Accuracy:0.98495, f1:0.9848833380399662

12/20/2023 18:52:59 - INFO - __main__ - lr:0.0001963663688163546
12/20/2023 18:52:59 - INFO - __main__ - ==========Epoch:37==========
Save best weights
12/20/2023 18:53:23 - INFO - utils.common - 计算 f1 score ing...
12/20/2023 18:53:23 - INFO - utils.common - F1score = 0.9805214772418339
12/20/2023 18:53:23 - INFO - utils.common - 计算 accuracy ing...
12/20/2023 18:53:23 - INFO - utils.common - acc = 0.980125
12/20/2023 18:53:23 - INFO - utils.common - 计算 precision ing...
12/20/2023 18:53:23 - INFO - utils.common - precision = 0.9805297971951252
12/20/2023 18:53:23 - INFO - utils.common - 计算 recall ing...
12/20/2023 18:53:23 - INFO - utils.common - result = {'f1score': 0.9805214772418339, 'acc': 0.980125, 'precision': 0.9805297971951252, 'recall': 0.9805436427874097}
12/20/2023 18:53:23 - INFO - __main__ - Epoch:37, Train Accuracy:0.980125, f1:0.9805214772418339

Epoch: [37][0/63]	
12/20/2023 18:53:43 - INFO - utils.common - 计算 f1 score ing...
12/20/2023 18:53:43 - INFO - utils.common - F1score = 0.9845686235921689
12/20/2023 18:53:43 - INFO - utils.common - 计算 accuracy ing...
12/20/2023 18:53:43 - INFO - utils.common - acc = 0.98465
12/20/2023 18:53:43 - INFO - utils.common - 计算 precision ing...
12/20/2023 18:53:43 - INFO - utils.common - precision = 0.9844838205210049
12/20/2023 18:53:43 - INFO - utils.common - 计算 recall ing...
12/20/2023 18:53:43 - INFO - utils.common - result = {'f1score': 0.9845686235921689, 'acc': 0.98465, 'precision': 0.9844838205210049, 'recall': 0.9846708500561417}
12/20/2023 18:53:43 - INFO - __main__ - Epoch:37, Val Accuracy:0.98465, f1:0.9845686235921689

12/20/2023 18:53:43 - INFO - __main__ - lr:0.0001036736311836454
12/20/2023 18:53:43 - INFO - __main__ - ==========Epoch:38==========
early_st 4
12/20/2023 18:54:06 - INFO - utils.common - 计算 f1 score ing...
12/20/2023 18:54:06 - INFO - utils.common - F1score = 0.9774792012846005
12/20/2023 18:54:06 - INFO - utils.common - 计算 accuracy ing...
12/20/2023 18:54:06 - INFO - utils.common - acc = 0.977125
12/20/2023 18:54:06 - INFO - utils.common - 计算 precision ing...
12/20/2023 18:54:06 - INFO - utils.common - precision = 0.9776016778000619
12/20/2023 18:54:06 - INFO - utils.common - 计算 recall ing...
12/20/2023 18:54:06 - INFO - utils.common - result = {'f1score': 0.9774792012846005, 'acc': 0.977125, 'precision': 0.9776016778000619, 'recall': 0.97737197673467}
12/20/2023 18:54:06 - INFO - __main__ - Epoch:38, Train Accuracy:0.977125, f1:0.9774792012846005

Epoch: [38][0/63]	
12/20/2023 18:54:26 - INFO - utils.common - 计算 f1 score ing...
12/20/2023 18:54:26 - INFO - utils.common - F1score = 0.9853815396153196
12/20/2023 18:54:26 - INFO - utils.common - 计算 accuracy ing...
12/20/2023 18:54:26 - INFO - utils.common - acc = 0.98545
12/20/2023 18:54:26 - INFO - utils.common - 计算 precision ing...
12/20/2023 18:54:26 - INFO - utils.common - precision = 0.9852445058093797
12/20/2023 18:54:26 - INFO - utils.common - 计算 recall ing...
12/20/2023 18:54:26 - INFO - utils.common - result = {'f1score': 0.9853815396153196, 'acc': 0.98545, 'precision': 0.9852445058093797, 'recall': 0.9855316739319784}
12/20/2023 18:54:26 - INFO - __main__ - Epoch:38, Val Accuracy:0.98545, f1:0.9853815396153196

12/20/2023 18:54:26 - INFO - __main__ - lr:2.8683631183645395e-05
12/20/2023 18:54:26 - INFO - __main__ - ==========Epoch:39==========
Save best weights
12/20/2023 18:54:52 - INFO - utils.common - 计算 f1 score ing...
12/20/2023 18:54:52 - INFO - utils.common - F1score = 0.979319973731903
12/20/2023 18:54:52 - INFO - utils.common - 计算 accuracy ing...
12/20/2023 18:54:52 - INFO - utils.common - acc = 0.979
12/20/2023 18:54:52 - INFO - utils.common - 计算 precision ing...
12/20/2023 18:54:52 - INFO - utils.common - precision = 0.979345306020197
12/20/2023 18:54:52 - INFO - utils.common - 计算 recall ing...
12/20/2023 18:54:52 - INFO - utils.common - result = {'f1score': 0.979319973731903, 'acc': 0.979, 'precision': 0.979345306020197, 'recall': 0.9793236632841731}
12/20/2023 18:54:52 - INFO - __main__ - Epoch:39, Train Accuracy:0.979, f1:0.979319973731903

Epoch: [39][0/63]	
12/20/2023 18:55:04 - INFO - utils.common - 计算 f1 score ing...
12/20/2023 18:55:05 - INFO - utils.common - F1score = 0.9849093153957761
12/20/2023 18:55:05 - INFO - utils.common - 计算 accuracy ing...
12/20/2023 18:55:05 - INFO - utils.common - acc = 0.98495
12/20/2023 18:55:05 - INFO - utils.common - 计算 precision ing...
12/20/2023 18:55:05 - INFO - utils.common - precision = 0.9847225244946967
12/20/2023 18:55:05 - INFO - utils.common - 计算 recall ing...
12/20/2023 18:55:05 - INFO - utils.common - result = {'f1score': 0.9849093153957761, 'acc': 0.98495, 'precision': 0.9847225244946967, 'recall': 0.985105465633499}
12/20/2023 18:55:05 - INFO - __main__ - Epoch:39, Val Accuracy:0.98495, f1:0.9849093153957761

12/20/2023 18:55:05 - INFO - __main__ - lr:0.0003
early_st 4
Test
12/20/2023 18:55:10 - INFO - utils.common - 计算 f1 score ing...
12/20/2023 18:55:10 - INFO - utils.common - F1score = 0.9539305126629422
12/20/2023 18:55:10 - INFO - utils.common - 计算 accuracy ing...
12/20/2023 18:55:10 - INFO - utils.common - acc = 0.966991643454039
12/20/2023 18:55:10 - INFO - utils.common - 计算 precision ing...
12/20/2023 18:55:10 - INFO - utils.common - precision = 0.9591474938170114
12/20/2023 18:55:10 - INFO - utils.common - 计算 recall ing...
12/20/2023 18:55:10 - INFO - utils.common - result = {'f1score': 0.9539305126629422, 'acc': 0.966991643454039, 'precision': 0.9591474938170114, 'recall': 0.9529092714257543}
12/20/2023 18:55:10 - INFO - __main__ - test_f1:0.9539305126629422, test_acc:0.966991643454039, test_precision:0.9591474938170114, test_recall:0.9529092714257543
12/20/2023 18:55:10 - INFO - __main__ - Finish fine-turning...
