12/20/2023 16:49:42 - INFO - __main__ - 设置 seed 为:  0
12/20/2023 16:49:42 - INFO - __main__ - Start fine-turning...
12/20/2023 16:49:46 - INFO - __main__ - ==========Epoch:0==========
=> loading checkpoint '/home/lijunjian/CA2CL/save/NCT/pretrain/resnet18/ResNet18_bs_1792_img_size_224_lr_0.0006_wd_0.0001_temperature_0.2_adv_eps_1_cld_0.1/checkpoint_100.tar'
missing keys:[], unexpected_keys:['module.instance_projector.0.weight', 'module.instance_projector.0.bias', 'module.instance_projector.2.weight', 'module.instance_projector.2.bias', 'module.groupDis.0.weight']
loaded
12/20/2023 16:52:12 - INFO - __main__ - 设置 seed 为:  0
12/20/2023 16:52:12 - INFO - __main__ - Start fine-turning...
12/20/2023 16:52:15 - INFO - __main__ - ==========Epoch:0==========
=> loading checkpoint '/home/lijunjian/CA2CL/save/NCT/pretrain/resnet18/ResNet18_bs_1792_img_size_224_lr_0.0006_wd_0.0001_temperature_0.2_adv_eps_1_cld_0.1/checkpoint_100.tar'
missing keys:[], unexpected_keys:['module.instance_projector.0.weight', 'module.instance_projector.0.bias', 'module.instance_projector.2.weight', 'module.instance_projector.2.bias', 'module.groupDis.0.weight']
loaded
12/20/2023 16:52:21 - INFO - utils.common - 计算 f1 score ing...
12/20/2023 16:52:21 - INFO - utils.common - F1score = 0.05032064418304983
12/20/2023 16:52:21 - INFO - utils.common - 计算 accuracy ing...
12/20/2023 16:52:21 - INFO - utils.common - acc = 0.0925
12/20/2023 16:52:21 - INFO - utils.common - 计算 precision ing...
12/20/2023 16:52:21 - INFO - utils.common - precision = 0.08886931585158328
12/20/2023 16:52:21 - INFO - utils.common - 计算 recall ing...
12/20/2023 16:52:21 - INFO - utils.common - result = {'f1score': 0.05032064418304983, 'acc': 0.0925, 'precision': 0.08886931585158328, 'recall': 0.08774667809008248}
12/20/2023 16:52:21 - INFO - __main__ - Epoch:0, Train Accuracy:0.0925, f1:0.05032064418304983

Epoch: [0][0/7]	
12/20/2023 16:52:33 - INFO - utils.common - 计算 f1 score ing...
12/20/2023 16:52:33 - INFO - utils.common - F1score = 0.056777835098820076
12/20/2023 16:52:33 - INFO - utils.common - 计算 accuracy ing...
12/20/2023 16:52:33 - INFO - utils.common - acc = 0.0968
12/20/2023 16:52:33 - INFO - utils.common - 计算 precision ing...
12/20/2023 16:52:33 - INFO - utils.common - precision = 0.11185530039161878
12/20/2023 16:52:33 - INFO - utils.common - 计算 recall ing...
12/20/2023 16:52:33 - INFO - utils.common - result = {'f1score': 0.056777835098820076, 'acc': 0.0968, 'precision': 0.11185530039161878, 'recall': 0.09773941261843852}
12/20/2023 16:52:33 - INFO - __main__ - Epoch:0, Val Accuracy:0.0968, f1:0.056777835098820076

12/20/2023 16:52:33 - INFO - __main__ - lr:0.00027135636881635457
12/20/2023 16:52:33 - INFO - __main__ - ==========Epoch:1==========
Save best weights
12/20/2023 16:52:38 - INFO - utils.common - 计算 f1 score ing...
12/20/2023 16:52:38 - INFO - utils.common - F1score = 0.06829982306159389
12/20/2023 16:52:38 - INFO - utils.common - 计算 accuracy ing...
12/20/2023 16:52:38 - INFO - utils.common - acc = 0.10875
12/20/2023 16:52:38 - INFO - utils.common - 计算 precision ing...
12/20/2023 16:52:38 - INFO - utils.common - precision = 0.057094944454284285
12/20/2023 16:52:38 - INFO - utils.common - 计算 recall ing...
12/20/2023 16:52:38 - INFO - utils.common - result = {'f1score': 0.06829982306159389, 'acc': 0.10875, 'precision': 0.057094944454284285, 'recall': 0.10067673149130668}
12/20/2023 16:52:38 - INFO - __main__ - Epoch:1, Train Accuracy:0.10875, f1:0.06829982306159389

Epoch: [1][0/7]	
12/20/2023 16:52:50 - INFO - utils.common - 计算 f1 score ing...
12/20/2023 16:52:50 - INFO - utils.common - F1score = 0.11133479191706569
12/20/2023 16:52:50 - INFO - utils.common - 计算 accuracy ing...
12/20/2023 16:52:50 - INFO - utils.common - acc = 0.14995
12/20/2023 16:52:50 - INFO - utils.common - 计算 precision ing...
12/20/2023 16:52:50 - INFO - utils.common - precision = 0.16980443155467825
12/20/2023 16:52:50 - INFO - utils.common - 计算 recall ing...
12/20/2023 16:52:50 - INFO - utils.common - result = {'f1score': 0.11133479191706569, 'acc': 0.14995, 'precision': 0.16980443155467825, 'recall': 0.1476185331695644}
12/20/2023 16:52:50 - INFO - __main__ - Epoch:1, Val Accuracy:0.14995, f1:0.11133479191706569

12/20/2023 16:52:50 - INFO - __main__ - lr:0.0001963663688163546
12/20/2023 16:52:50 - INFO - __main__ - ==========Epoch:2==========
Save best weights
12/20/2023 16:52:55 - INFO - utils.common - 计算 f1 score ing...
12/20/2023 16:52:55 - INFO - utils.common - F1score = 0.13233710869205864
12/20/2023 16:52:55 - INFO - utils.common - 计算 accuracy ing...
12/20/2023 16:52:55 - INFO - utils.common - acc = 0.1825
12/20/2023 16:52:55 - INFO - utils.common - 计算 precision ing...
12/20/2023 16:52:55 - INFO - utils.common - precision = 0.11818062496034333
12/20/2023 16:52:55 - INFO - utils.common - 计算 recall ing...
12/20/2023 16:52:55 - INFO - utils.common - result = {'f1score': 0.13233710869205864, 'acc': 0.1825, 'precision': 0.11818062496034333, 'recall': 0.16239066033649024}
12/20/2023 16:52:55 - INFO - __main__ - Epoch:2, Train Accuracy:0.1825, f1:0.13233710869205864

Epoch: [2][0/7]	
12/20/2023 16:53:06 - INFO - utils.common - 计算 f1 score ing...
12/20/2023 16:53:07 - INFO - utils.common - F1score = 0.20329750924594742
12/20/2023 16:53:07 - INFO - utils.common - 计算 accuracy ing...
12/20/2023 16:53:07 - INFO - utils.common - acc = 0.2504
12/20/2023 16:53:07 - INFO - utils.common - 计算 precision ing...
12/20/2023 16:53:07 - INFO - utils.common - precision = 0.25714883403032
12/20/2023 16:53:07 - INFO - utils.common - 计算 recall ing...
12/20/2023 16:53:07 - INFO - utils.common - result = {'f1score': 0.20329750924594742, 'acc': 0.2504, 'precision': 0.25714883403032, 'recall': 0.2397369695385963}
12/20/2023 16:53:07 - INFO - __main__ - Epoch:2, Val Accuracy:0.2504, f1:0.20329750924594742

12/20/2023 16:53:07 - INFO - __main__ - lr:0.0001036736311836454
12/20/2023 16:53:07 - INFO - __main__ - ==========Epoch:3==========
Save best weights
12/20/2023 16:53:12 - INFO - utils.common - 计算 f1 score ing...
12/20/2023 16:53:12 - INFO - utils.common - F1score = 0.21687542568592835
12/20/2023 16:53:12 - INFO - utils.common - 计算 accuracy ing...
12/20/2023 16:53:12 - INFO - utils.common - acc = 0.28125
12/20/2023 16:53:12 - INFO - utils.common - 计算 precision ing...
12/20/2023 16:53:12 - INFO - utils.common - precision = 0.2436002120235421
12/20/2023 16:53:12 - INFO - utils.common - 计算 recall ing...
12/20/2023 16:53:12 - INFO - utils.common - result = {'f1score': 0.21687542568592835, 'acc': 0.28125, 'precision': 0.2436002120235421, 'recall': 0.2484884643328085}
12/20/2023 16:53:12 - INFO - __main__ - Epoch:3, Train Accuracy:0.28125, f1:0.21687542568592835

Epoch: [3][0/7]	
12/20/2023 16:53:25 - INFO - utils.common - 计算 f1 score ing...
12/20/2023 16:53:25 - INFO - utils.common - F1score = 0.2676131237842277
12/20/2023 16:53:25 - INFO - utils.common - 计算 accuracy ing...
12/20/2023 16:53:25 - INFO - utils.common - acc = 0.32045
12/20/2023 16:53:25 - INFO - utils.common - 计算 precision ing...
12/20/2023 16:53:25 - INFO - utils.common - precision = 0.32280697283421655
12/20/2023 16:53:25 - INFO - utils.common - 计算 recall ing...
12/20/2023 16:53:25 - INFO - utils.common - result = {'f1score': 0.2676131237842277, 'acc': 0.32045, 'precision': 0.32280697283421655, 'recall': 0.3062954907008661}
12/20/2023 16:53:25 - INFO - __main__ - Epoch:3, Val Accuracy:0.32045, f1:0.2676131237842277

12/20/2023 16:53:25 - INFO - __main__ - lr:2.8683631183645395e-05
12/20/2023 16:53:25 - INFO - __main__ - ==========Epoch:4==========
Save best weights
12/20/2023 16:53:31 - INFO - utils.common - 计算 f1 score ing...
12/20/2023 16:53:31 - INFO - utils.common - F1score = 0.2711684866308681
12/20/2023 16:53:31 - INFO - utils.common - 计算 accuracy ing...
12/20/2023 16:53:31 - INFO - utils.common - acc = 0.33625
12/20/2023 16:53:31 - INFO - utils.common - 计算 precision ing...
12/20/2023 16:53:31 - INFO - utils.common - precision = 0.3109968161675357
12/20/2023 16:53:31 - INFO - utils.common - 计算 recall ing...
12/20/2023 16:53:31 - INFO - utils.common - result = {'f1score': 0.2711684866308681, 'acc': 0.33625, 'precision': 0.3109968161675357, 'recall': 0.3008420215786368}
12/20/2023 16:53:31 - INFO - __main__ - Epoch:4, Train Accuracy:0.33625, f1:0.2711684866308681

Epoch: [4][0/7]	
12/20/2023 16:53:42 - INFO - utils.common - 计算 f1 score ing...
12/20/2023 16:53:42 - INFO - utils.common - F1score = 0.28780574856213303
12/20/2023 16:53:42 - INFO - utils.common - 计算 accuracy ing...
12/20/2023 16:53:42 - INFO - utils.common - acc = 0.3402
12/20/2023 16:53:42 - INFO - utils.common - 计算 precision ing...
12/20/2023 16:53:42 - INFO - utils.common - precision = 0.3433225709313124
12/20/2023 16:53:42 - INFO - utils.common - 计算 recall ing...
12/20/2023 16:53:42 - INFO - utils.common - result = {'f1score': 0.28780574856213303, 'acc': 0.3402, 'precision': 0.3433225709313124, 'recall': 0.32533891785559343}
12/20/2023 16:53:42 - INFO - __main__ - Epoch:4, Val Accuracy:0.3402, f1:0.28780574856213303

12/20/2023 16:53:42 - INFO - __main__ - lr:0.0003
12/20/2023 16:53:42 - INFO - __main__ - ==========Epoch:5==========
Save best weights
12/20/2023 16:53:48 - INFO - utils.common - 计算 f1 score ing...
12/20/2023 16:53:48 - INFO - utils.common - F1score = 0.36994302038975885
12/20/2023 16:53:48 - INFO - utils.common - 计算 accuracy ing...
12/20/2023 16:53:48 - INFO - utils.common - acc = 0.4275
12/20/2023 16:53:48 - INFO - utils.common - 计算 precision ing...
12/20/2023 16:53:48 - INFO - utils.common - precision = 0.4814465007915467
12/20/2023 16:53:48 - INFO - utils.common - 计算 recall ing...
12/20/2023 16:53:48 - INFO - utils.common - result = {'f1score': 0.36994302038975885, 'acc': 0.4275, 'precision': 0.4814465007915467, 'recall': 0.39093407125581875}
12/20/2023 16:53:48 - INFO - __main__ - Epoch:5, Train Accuracy:0.4275, f1:0.36994302038975885

Epoch: [5][0/7]	
12/20/2023 16:53:59 - INFO - utils.common - 计算 f1 score ing...
12/20/2023 16:53:59 - INFO - utils.common - F1score = 0.4920374557940776
12/20/2023 16:53:59 - INFO - utils.common - 计算 accuracy ing...
12/20/2023 16:53:59 - INFO - utils.common - acc = 0.5404
12/20/2023 16:53:59 - INFO - utils.common - 计算 precision ing...
12/20/2023 16:53:59 - INFO - utils.common - precision = 0.5708391403551456
12/20/2023 16:53:59 - INFO - utils.common - 计算 recall ing...
12/20/2023 16:53:59 - INFO - utils.common - result = {'f1score': 0.4920374557940776, 'acc': 0.5404, 'precision': 0.5708391403551456, 'recall': 0.5191687290729793}
12/20/2023 16:53:59 - INFO - __main__ - Epoch:5, Val Accuracy:0.5404, f1:0.4920374557940776

12/20/2023 16:53:59 - INFO - __main__ - lr:0.00027135636881635457
12/20/2023 16:53:59 - INFO - __main__ - ==========Epoch:6==========
Save best weights
12/20/2023 16:54:04 - INFO - utils.common - 计算 f1 score ing...
12/20/2023 16:54:04 - INFO - utils.common - F1score = 0.5654413508933368
12/20/2023 16:54:04 - INFO - utils.common - 计算 accuracy ing...
12/20/2023 16:54:04 - INFO - utils.common - acc = 0.6125
12/20/2023 16:54:04 - INFO - utils.common - 计算 precision ing...
12/20/2023 16:54:04 - INFO - utils.common - precision = 0.6355561231881104
12/20/2023 16:54:04 - INFO - utils.common - 计算 recall ing...
12/20/2023 16:54:04 - INFO - utils.common - result = {'f1score': 0.5654413508933368, 'acc': 0.6125, 'precision': 0.6355561231881104, 'recall': 0.575516746072458}
12/20/2023 16:54:04 - INFO - __main__ - Epoch:6, Train Accuracy:0.6125, f1:0.5654413508933368

Epoch: [6][0/7]	
12/20/2023 16:54:16 - INFO - utils.common - 计算 f1 score ing...
12/20/2023 16:54:16 - INFO - utils.common - F1score = 0.6324176525414299
12/20/2023 16:54:16 - INFO - utils.common - 计算 accuracy ing...
12/20/2023 16:54:16 - INFO - utils.common - acc = 0.6664
12/20/2023 16:54:16 - INFO - utils.common - 计算 precision ing...
12/20/2023 16:54:16 - INFO - utils.common - precision = 0.7025328298163274
12/20/2023 16:54:16 - INFO - utils.common - 计算 recall ing...
12/20/2023 16:54:16 - INFO - utils.common - result = {'f1score': 0.6324176525414299, 'acc': 0.6664, 'precision': 0.7025328298163274, 'recall': 0.6478235697683756}
12/20/2023 16:54:16 - INFO - __main__ - Epoch:6, Val Accuracy:0.6664, f1:0.6324176525414299

12/20/2023 16:54:16 - INFO - __main__ - lr:0.0001963663688163546
12/20/2023 16:54:16 - INFO - __main__ - ==========Epoch:7==========
Save best weights
12/20/2023 16:54:21 - INFO - utils.common - 计算 f1 score ing...
12/20/2023 16:54:21 - INFO - utils.common - F1score = 0.6681926094374909
12/20/2023 16:54:21 - INFO - utils.common - 计算 accuracy ing...
12/20/2023 16:54:21 - INFO - utils.common - acc = 0.70875
12/20/2023 16:54:21 - INFO - utils.common - 计算 precision ing...
12/20/2023 16:54:21 - INFO - utils.common - precision = 0.7205514446387304
12/20/2023 16:54:21 - INFO - utils.common - 计算 recall ing...
12/20/2023 16:54:21 - INFO - utils.common - result = {'f1score': 0.6681926094374909, 'acc': 0.70875, 'precision': 0.7205514446387304, 'recall': 0.6760758882302028}
12/20/2023 16:54:21 - INFO - __main__ - Epoch:7, Train Accuracy:0.70875, f1:0.6681926094374909

Epoch: [7][0/7]	
12/20/2023 16:54:33 - INFO - utils.common - 计算 f1 score ing...
12/20/2023 16:54:33 - INFO - utils.common - F1score = 0.7154072855352004
12/20/2023 16:54:33 - INFO - utils.common - 计算 accuracy ing...
12/20/2023 16:54:33 - INFO - utils.common - acc = 0.73995
12/20/2023 16:54:33 - INFO - utils.common - 计算 precision ing...
12/20/2023 16:54:33 - INFO - utils.common - precision = 0.769886255588784
12/20/2023 16:54:33 - INFO - utils.common - 计算 recall ing...
12/20/2023 16:54:33 - INFO - utils.common - result = {'f1score': 0.7154072855352004, 'acc': 0.73995, 'precision': 0.769886255588784, 'recall': 0.7258572021331609}
12/20/2023 16:54:33 - INFO - __main__ - Epoch:7, Val Accuracy:0.73995, f1:0.7154072855352004

12/20/2023 16:54:33 - INFO - __main__ - lr:0.0001036736311836454
12/20/2023 16:54:33 - INFO - __main__ - ==========Epoch:8==========
Save best weights
12/20/2023 16:54:39 - INFO - utils.common - 计算 f1 score ing...
12/20/2023 16:54:39 - INFO - utils.common - F1score = 0.7469811708601534
12/20/2023 16:54:39 - INFO - utils.common - 计算 accuracy ing...
12/20/2023 16:54:39 - INFO - utils.common - acc = 0.77625
12/20/2023 16:54:39 - INFO - utils.common - 计算 precision ing...
12/20/2023 16:54:39 - INFO - utils.common - precision = 0.8072881164676018
12/20/2023 16:54:39 - INFO - utils.common - 计算 recall ing...
12/20/2023 16:54:39 - INFO - utils.common - result = {'f1score': 0.7469811708601534, 'acc': 0.77625, 'precision': 0.8072881164676018, 'recall': 0.7475308005406432}
12/20/2023 16:54:39 - INFO - __main__ - Epoch:8, Train Accuracy:0.77625, f1:0.7469811708601534

Epoch: [8][0/7]	
12/20/2023 16:54:50 - INFO - utils.common - 计算 f1 score ing...
12/20/2023 16:54:50 - INFO - utils.common - F1score = 0.7451142734736804
12/20/2023 16:54:50 - INFO - utils.common - 计算 accuracy ing...
12/20/2023 16:54:50 - INFO - utils.common - acc = 0.7669
12/20/2023 16:54:50 - INFO - utils.common - 计算 precision ing...
12/20/2023 16:54:51 - INFO - utils.common - precision = 0.7950425638713546
12/20/2023 16:54:51 - INFO - utils.common - 计算 recall ing...
12/20/2023 16:54:51 - INFO - utils.common - result = {'f1score': 0.7451142734736804, 'acc': 0.7669, 'precision': 0.7950425638713546, 'recall': 0.754489805097118}
12/20/2023 16:54:51 - INFO - __main__ - Epoch:8, Val Accuracy:0.7669, f1:0.7451142734736804

12/20/2023 16:54:51 - INFO - __main__ - lr:2.8683631183645395e-05
12/20/2023 16:54:51 - INFO - __main__ - ==========Epoch:9==========
Save best weights
12/20/2023 16:54:56 - INFO - utils.common - 计算 f1 score ing...
12/20/2023 16:54:56 - INFO - utils.common - F1score = 0.747095103418726
12/20/2023 16:54:56 - INFO - utils.common - 计算 accuracy ing...
12/20/2023 16:54:56 - INFO - utils.common - acc = 0.775
12/20/2023 16:54:56 - INFO - utils.common - 计算 precision ing...
12/20/2023 16:54:56 - INFO - utils.common - precision = 0.7882489417241232
12/20/2023 16:54:56 - INFO - utils.common - 计算 recall ing...
12/20/2023 16:54:56 - INFO - utils.common - result = {'f1score': 0.747095103418726, 'acc': 0.775, 'precision': 0.7882489417241232, 'recall': 0.7480018872734591}
12/20/2023 16:54:56 - INFO - __main__ - Epoch:9, Train Accuracy:0.775, f1:0.747095103418726

Epoch: [9][0/7]	
12/20/2023 16:55:07 - INFO - utils.common - 计算 f1 score ing...
12/20/2023 16:55:07 - INFO - utils.common - F1score = 0.7536261098259318
12/20/2023 16:55:07 - INFO - utils.common - 计算 accuracy ing...
12/20/2023 16:55:07 - INFO - utils.common - acc = 0.77425
12/20/2023 16:55:07 - INFO - utils.common - 计算 precision ing...
12/20/2023 16:55:07 - INFO - utils.common - precision = 0.8010165494847169
12/20/2023 16:55:07 - INFO - utils.common - 计算 recall ing...
12/20/2023 16:55:08 - INFO - utils.common - result = {'f1score': 0.7536261098259318, 'acc': 0.77425, 'precision': 0.8010165494847169, 'recall': 0.7620692947207475}
12/20/2023 16:55:08 - INFO - __main__ - Epoch:9, Val Accuracy:0.77425, f1:0.7536261098259318

12/20/2023 16:55:08 - INFO - __main__ - lr:0.0003
12/20/2023 16:55:08 - INFO - __main__ - ==========Epoch:10==========
Save best weights
12/20/2023 16:55:13 - INFO - utils.common - 计算 f1 score ing...
12/20/2023 16:55:13 - INFO - utils.common - F1score = 0.7932833055350703
12/20/2023 16:55:13 - INFO - utils.common - 计算 accuracy ing...
12/20/2023 16:55:13 - INFO - utils.common - acc = 0.81375
12/20/2023 16:55:13 - INFO - utils.common - 计算 precision ing...
12/20/2023 16:55:13 - INFO - utils.common - precision = 0.8416254373921481
12/20/2023 16:55:13 - INFO - utils.common - 计算 recall ing...
12/20/2023 16:55:13 - INFO - utils.common - result = {'f1score': 0.7932833055350703, 'acc': 0.81375, 'precision': 0.8416254373921481, 'recall': 0.7911396639409145}
12/20/2023 16:55:13 - INFO - __main__ - Epoch:10, Train Accuracy:0.81375, f1:0.7932833055350703

Epoch: [10][0/7]	
12/20/2023 16:55:24 - INFO - utils.common - 计算 f1 score ing...
12/20/2023 16:55:24 - INFO - utils.common - F1score = 0.8163875150328594
12/20/2023 16:55:24 - INFO - utils.common - 计算 accuracy ing...
12/20/2023 16:55:24 - INFO - utils.common - acc = 0.8295
12/20/2023 16:55:24 - INFO - utils.common - 计算 precision ing...
12/20/2023 16:55:24 - INFO - utils.common - precision = 0.8507791131813592
12/20/2023 16:55:24 - INFO - utils.common - 计算 recall ing...
12/20/2023 16:55:24 - INFO - utils.common - result = {'f1score': 0.8163875150328594, 'acc': 0.8295, 'precision': 0.8507791131813592, 'recall': 0.8203429663081461}
12/20/2023 16:55:24 - INFO - __main__ - Epoch:10, Val Accuracy:0.8295, f1:0.8163875150328594

12/20/2023 16:55:24 - INFO - __main__ - lr:0.00027135636881635457
12/20/2023 16:55:24 - INFO - __main__ - ==========Epoch:11==========
Save best weights
12/20/2023 16:55:30 - INFO - utils.common - 计算 f1 score ing...
12/20/2023 16:55:30 - INFO - utils.common - F1score = 0.8431972714400964
12/20/2023 16:55:30 - INFO - utils.common - 计算 accuracy ing...
12/20/2023 16:55:30 - INFO - utils.common - acc = 0.86
12/20/2023 16:55:30 - INFO - utils.common - 计算 precision ing...
12/20/2023 16:55:30 - INFO - utils.common - precision = 0.8770886331365706
12/20/2023 16:55:30 - INFO - utils.common - 计算 recall ing...
12/20/2023 16:55:30 - INFO - utils.common - result = {'f1score': 0.8431972714400964, 'acc': 0.86, 'precision': 0.8770886331365706, 'recall': 0.8411269241928921}
12/20/2023 16:55:30 - INFO - __main__ - Epoch:11, Train Accuracy:0.86, f1:0.8431972714400964

Epoch: [11][0/7]	
12/20/2023 16:55:41 - INFO - utils.common - 计算 f1 score ing...
12/20/2023 16:55:41 - INFO - utils.common - F1score = 0.853967256248479
12/20/2023 16:55:41 - INFO - utils.common - 计算 accuracy ing...
12/20/2023 16:55:41 - INFO - utils.common - acc = 0.8628
12/20/2023 16:55:41 - INFO - utils.common - 计算 precision ing...
12/20/2023 16:55:41 - INFO - utils.common - precision = 0.8813882640582218
12/20/2023 16:55:41 - INFO - utils.common - 计算 recall ing...
12/20/2023 16:55:41 - INFO - utils.common - result = {'f1score': 0.853967256248479, 'acc': 0.8628, 'precision': 0.8813882640582218, 'recall': 0.8548520822747889}
12/20/2023 16:55:41 - INFO - __main__ - Epoch:11, Val Accuracy:0.8628, f1:0.853967256248479

12/20/2023 16:55:41 - INFO - __main__ - lr:0.0001963663688163546
12/20/2023 16:55:42 - INFO - __main__ - ==========Epoch:12==========
Save best weights
12/20/2023 16:55:47 - INFO - utils.common - 计算 f1 score ing...
12/20/2023 16:55:47 - INFO - utils.common - F1score = 0.8688781972061433
12/20/2023 16:55:47 - INFO - utils.common - 计算 accuracy ing...
12/20/2023 16:55:47 - INFO - utils.common - acc = 0.88
12/20/2023 16:55:47 - INFO - utils.common - 计算 precision ing...
12/20/2023 16:55:47 - INFO - utils.common - precision = 0.8938526219914722
12/20/2023 16:55:47 - INFO - utils.common - 计算 recall ing...
12/20/2023 16:55:47 - INFO - utils.common - result = {'f1score': 0.8688781972061433, 'acc': 0.88, 'precision': 0.8938526219914722, 'recall': 0.8657338320088361}
12/20/2023 16:55:47 - INFO - __main__ - Epoch:12, Train Accuracy:0.88, f1:0.8688781972061433

Epoch: [12][0/7]	
12/20/2023 16:55:58 - INFO - utils.common - 计算 f1 score ing...
12/20/2023 16:55:58 - INFO - utils.common - F1score = 0.8758897474902586
12/20/2023 16:55:58 - INFO - utils.common - 计算 accuracy ing...
12/20/2023 16:55:58 - INFO - utils.common - acc = 0.88225
12/20/2023 16:55:58 - INFO - utils.common - 计算 precision ing...
12/20/2023 16:55:58 - INFO - utils.common - precision = 0.8979307905517291
12/20/2023 16:55:58 - INFO - utils.common - 计算 recall ing...
12/20/2023 16:55:58 - INFO - utils.common - result = {'f1score': 0.8758897474902586, 'acc': 0.88225, 'precision': 0.8979307905517291, 'recall': 0.8747688539183482}
12/20/2023 16:55:58 - INFO - __main__ - Epoch:12, Val Accuracy:0.88225, f1:0.8758897474902586

12/20/2023 16:55:58 - INFO - __main__ - lr:0.0001036736311836454
12/20/2023 16:55:58 - INFO - __main__ - ==========Epoch:13==========
Save best weights
12/20/2023 16:56:03 - INFO - utils.common - 计算 f1 score ing...
12/20/2023 16:56:03 - INFO - utils.common - F1score = 0.8746140166257867
12/20/2023 16:56:03 - INFO - utils.common - 计算 accuracy ing...
12/20/2023 16:56:03 - INFO - utils.common - acc = 0.8875
12/20/2023 16:56:03 - INFO - utils.common - 计算 precision ing...
12/20/2023 16:56:03 - INFO - utils.common - precision = 0.8987338958199845
12/20/2023 16:56:03 - INFO - utils.common - 计算 recall ing...
12/20/2023 16:56:03 - INFO - utils.common - result = {'f1score': 0.8746140166257867, 'acc': 0.8875, 'precision': 0.8987338958199845, 'recall': 0.8713818480106065}
12/20/2023 16:56:03 - INFO - __main__ - Epoch:13, Train Accuracy:0.8875, f1:0.8746140166257867

Epoch: [13][0/7]	
12/20/2023 16:56:15 - INFO - utils.common - 计算 f1 score ing...
12/20/2023 16:56:15 - INFO - utils.common - F1score = 0.8879130062072276
12/20/2023 16:56:15 - INFO - utils.common - 计算 accuracy ing...
12/20/2023 16:56:15 - INFO - utils.common - acc = 0.8931
12/20/2023 16:56:15 - INFO - utils.common - 计算 precision ing...
12/20/2023 16:56:15 - INFO - utils.common - precision = 0.9071281022728045
12/20/2023 16:56:15 - INFO - utils.common - 计算 recall ing...
12/20/2023 16:56:15 - INFO - utils.common - result = {'f1score': 0.8879130062072276, 'acc': 0.8931, 'precision': 0.9071281022728045, 'recall': 0.8864148023862726}
12/20/2023 16:56:15 - INFO - __main__ - Epoch:13, Val Accuracy:0.8931, f1:0.8879130062072276

12/20/2023 16:56:15 - INFO - __main__ - lr:2.8683631183645395e-05
12/20/2023 16:56:15 - INFO - __main__ - ==========Epoch:14==========
Save best weights
12/20/2023 16:56:20 - INFO - utils.common - 计算 f1 score ing...
12/20/2023 16:56:20 - INFO - utils.common - F1score = 0.8878986298313047
12/20/2023 16:56:20 - INFO - utils.common - 计算 accuracy ing...
12/20/2023 16:56:20 - INFO - utils.common - acc = 0.8975
12/20/2023 16:56:20 - INFO - utils.common - 计算 precision ing...
12/20/2023 16:56:20 - INFO - utils.common - precision = 0.9138151909251041
12/20/2023 16:56:20 - INFO - utils.common - 计算 recall ing...
12/20/2023 16:56:20 - INFO - utils.common - result = {'f1score': 0.8878986298313047, 'acc': 0.8975, 'precision': 0.9138151909251041, 'recall': 0.8827061316585998}
12/20/2023 16:56:20 - INFO - __main__ - Epoch:14, Train Accuracy:0.8975, f1:0.8878986298313047

Epoch: [14][0/7]	
12/20/2023 16:56:32 - INFO - utils.common - 计算 f1 score ing...
12/20/2023 16:56:32 - INFO - utils.common - F1score = 0.8905072595838924
12/20/2023 16:56:32 - INFO - utils.common - 计算 accuracy ing...
12/20/2023 16:56:32 - INFO - utils.common - acc = 0.8952
12/20/2023 16:56:32 - INFO - utils.common - 计算 precision ing...
12/20/2023 16:56:32 - INFO - utils.common - precision = 0.910192641128214
12/20/2023 16:56:32 - INFO - utils.common - 计算 recall ing...
12/20/2023 16:56:32 - INFO - utils.common - result = {'f1score': 0.8905072595838924, 'acc': 0.8952, 'precision': 0.910192641128214, 'recall': 0.888189146218879}
12/20/2023 16:56:32 - INFO - __main__ - Epoch:14, Val Accuracy:0.8952, f1:0.8905072595838924

12/20/2023 16:56:32 - INFO - __main__ - lr:0.0003
12/20/2023 16:56:32 - INFO - __main__ - ==========Epoch:15==========
Save best weights
12/20/2023 16:56:37 - INFO - utils.common - 计算 f1 score ing...
12/20/2023 16:56:37 - INFO - utils.common - F1score = 0.8990460400324617
12/20/2023 16:56:37 - INFO - utils.common - 计算 accuracy ing...
12/20/2023 16:56:37 - INFO - utils.common - acc = 0.9075
12/20/2023 16:56:37 - INFO - utils.common - 计算 precision ing...
12/20/2023 16:56:37 - INFO - utils.common - precision = 0.9174462411026479
12/20/2023 16:56:37 - INFO - utils.common - 计算 recall ing...
12/20/2023 16:56:37 - INFO - utils.common - result = {'f1score': 0.8990460400324617, 'acc': 0.9075, 'precision': 0.9174462411026479, 'recall': 0.895444401593432}
12/20/2023 16:56:37 - INFO - __main__ - Epoch:15, Train Accuracy:0.9075, f1:0.8990460400324617

Epoch: [15][0/7]	
12/20/2023 16:56:48 - INFO - utils.common - 计算 f1 score ing...
12/20/2023 16:56:49 - INFO - utils.common - F1score = 0.9118138595117173
12/20/2023 16:56:49 - INFO - utils.common - 计算 accuracy ing...
12/20/2023 16:56:49 - INFO - utils.common - acc = 0.915
12/20/2023 16:56:49 - INFO - utils.common - 计算 precision ing...
12/20/2023 16:56:49 - INFO - utils.common - precision = 0.9256231934387986
12/20/2023 16:56:49 - INFO - utils.common - 计算 recall ing...
12/20/2023 16:56:49 - INFO - utils.common - result = {'f1score': 0.9118138595117173, 'acc': 0.915, 'precision': 0.9256231934387986, 'recall': 0.9094384999096216}
12/20/2023 16:56:49 - INFO - __main__ - Epoch:15, Val Accuracy:0.915, f1:0.9118138595117173

12/20/2023 16:56:49 - INFO - __main__ - lr:0.00027135636881635457
12/20/2023 16:56:49 - INFO - __main__ - ==========Epoch:16==========
Save best weights
12/20/2023 16:56:54 - INFO - utils.common - 计算 f1 score ing...
12/20/2023 16:56:54 - INFO - utils.common - F1score = 0.9098554582813279
12/20/2023 16:56:54 - INFO - utils.common - 计算 accuracy ing...
12/20/2023 16:56:54 - INFO - utils.common - acc = 0.91625
12/20/2023 16:56:54 - INFO - utils.common - 计算 precision ing...
12/20/2023 16:56:54 - INFO - utils.common - precision = 0.9214359458373073
12/20/2023 16:56:54 - INFO - utils.common - 计算 recall ing...
12/20/2023 16:56:54 - INFO - utils.common - result = {'f1score': 0.9098554582813279, 'acc': 0.91625, 'precision': 0.9214359458373073, 'recall': 0.9066019155147225}
12/20/2023 16:56:54 - INFO - __main__ - Epoch:16, Train Accuracy:0.91625, f1:0.9098554582813279

Epoch: [16][0/7]	
12/20/2023 16:57:05 - INFO - utils.common - 计算 f1 score ing...
12/20/2023 16:57:05 - INFO - utils.common - F1score = 0.9263866665024635
12/20/2023 16:57:05 - INFO - utils.common - 计算 accuracy ing...
12/20/2023 16:57:05 - INFO - utils.common - acc = 0.9285
12/20/2023 16:57:05 - INFO - utils.common - 计算 precision ing...
12/20/2023 16:57:05 - INFO - utils.common - precision = 0.9361572043121272
12/20/2023 16:57:05 - INFO - utils.common - 计算 recall ing...
12/20/2023 16:57:05 - INFO - utils.common - result = {'f1score': 0.9263866665024635, 'acc': 0.9285, 'precision': 0.9361572043121272, 'recall': 0.9240731112568906}
12/20/2023 16:57:05 - INFO - __main__ - Epoch:16, Val Accuracy:0.9285, f1:0.9263866665024635

12/20/2023 16:57:05 - INFO - __main__ - lr:0.0001963663688163546
12/20/2023 16:57:05 - INFO - __main__ - ==========Epoch:17==========
Save best weights
12/20/2023 16:57:11 - INFO - utils.common - 计算 f1 score ing...
12/20/2023 16:57:11 - INFO - utils.common - F1score = 0.9147264351672325
12/20/2023 16:57:11 - INFO - utils.common - 计算 accuracy ing...
12/20/2023 16:57:11 - INFO - utils.common - acc = 0.92125
12/20/2023 16:57:11 - INFO - utils.common - 计算 precision ing...
12/20/2023 16:57:11 - INFO - utils.common - precision = 0.9257861130004605
12/20/2023 16:57:11 - INFO - utils.common - 计算 recall ing...
12/20/2023 16:57:11 - INFO - utils.common - result = {'f1score': 0.9147264351672325, 'acc': 0.92125, 'precision': 0.9257861130004605, 'recall': 0.9110594249320325}
12/20/2023 16:57:11 - INFO - __main__ - Epoch:17, Train Accuracy:0.92125, f1:0.9147264351672325

Epoch: [17][0/7]	
12/20/2023 16:57:22 - INFO - utils.common - 计算 f1 score ing...
12/20/2023 16:57:23 - INFO - utils.common - F1score = 0.9333699091803221
12/20/2023 16:57:23 - INFO - utils.common - 计算 accuracy ing...
12/20/2023 16:57:23 - INFO - utils.common - acc = 0.935
12/20/2023 16:57:23 - INFO - utils.common - 计算 precision ing...
12/20/2023 16:57:23 - INFO - utils.common - precision = 0.9412990463229713
12/20/2023 16:57:23 - INFO - utils.common - 计算 recall ing...
12/20/2023 16:57:23 - INFO - utils.common - result = {'f1score': 0.9333699091803221, 'acc': 0.935, 'precision': 0.9412990463229713, 'recall': 0.9310663368182658}
12/20/2023 16:57:23 - INFO - __main__ - Epoch:17, Val Accuracy:0.935, f1:0.9333699091803221

12/20/2023 16:57:23 - INFO - __main__ - lr:0.0001036736311836454
12/20/2023 16:57:23 - INFO - __main__ - ==========Epoch:18==========
Save best weights
12/20/2023 16:57:28 - INFO - utils.common - 计算 f1 score ing...
12/20/2023 16:57:28 - INFO - utils.common - F1score = 0.9208177895268077
12/20/2023 16:57:28 - INFO - utils.common - 计算 accuracy ing...
12/20/2023 16:57:28 - INFO - utils.common - acc = 0.92875
12/20/2023 16:57:28 - INFO - utils.common - 计算 precision ing...
12/20/2023 16:57:28 - INFO - utils.common - precision = 0.9311360055288479
12/20/2023 16:57:28 - INFO - utils.common - 计算 recall ing...
12/20/2023 16:57:28 - INFO - utils.common - result = {'f1score': 0.9208177895268077, 'acc': 0.92875, 'precision': 0.9311360055288479, 'recall': 0.9173139086087228}
12/20/2023 16:57:28 - INFO - __main__ - Epoch:18, Train Accuracy:0.92875, f1:0.9208177895268077

Epoch: [18][0/7]	
12/20/2023 16:57:39 - INFO - utils.common - 计算 f1 score ing...
12/20/2023 16:57:39 - INFO - utils.common - F1score = 0.9350713740410834
12/20/2023 16:57:39 - INFO - utils.common - 计算 accuracy ing...
12/20/2023 16:57:39 - INFO - utils.common - acc = 0.93655
12/20/2023 16:57:39 - INFO - utils.common - 计算 precision ing...
12/20/2023 16:57:39 - INFO - utils.common - precision = 0.942600851760463
12/20/2023 16:57:39 - INFO - utils.common - 计算 recall ing...
12/20/2023 16:57:39 - INFO - utils.common - result = {'f1score': 0.9350713740410834, 'acc': 0.93655, 'precision': 0.942600851760463, 'recall': 0.9327273800508896}
12/20/2023 16:57:39 - INFO - __main__ - Epoch:18, Val Accuracy:0.93655, f1:0.9350713740410834

12/20/2023 16:57:39 - INFO - __main__ - lr:2.8683631183645395e-05
12/20/2023 16:57:39 - INFO - __main__ - ==========Epoch:19==========
Save best weights
12/20/2023 16:57:45 - INFO - utils.common - 计算 f1 score ing...
12/20/2023 16:57:45 - INFO - utils.common - F1score = 0.9231537513586507
12/20/2023 16:57:45 - INFO - utils.common - 计算 accuracy ing...
12/20/2023 16:57:45 - INFO - utils.common - acc = 0.92875
12/20/2023 16:57:45 - INFO - utils.common - 计算 precision ing...
12/20/2023 16:57:45 - INFO - utils.common - precision = 0.9352301603526887
12/20/2023 16:57:45 - INFO - utils.common - 计算 recall ing...
12/20/2023 16:57:45 - INFO - utils.common - result = {'f1score': 0.9231537513586507, 'acc': 0.92875, 'precision': 0.9352301603526887, 'recall': 0.9188776391009021}
12/20/2023 16:57:45 - INFO - __main__ - Epoch:19, Train Accuracy:0.92875, f1:0.9231537513586507

Epoch: [19][0/7]	
12/20/2023 16:57:56 - INFO - utils.common - 计算 f1 score ing...
12/20/2023 16:57:56 - INFO - utils.common - F1score = 0.9361382870443555
12/20/2023 16:57:56 - INFO - utils.common - 计算 accuracy ing...
12/20/2023 16:57:56 - INFO - utils.common - acc = 0.93755
12/20/2023 16:57:56 - INFO - utils.common - 计算 precision ing...
12/20/2023 16:57:57 - INFO - utils.common - precision = 0.9434529073169041
12/20/2023 16:57:57 - INFO - utils.common - 计算 recall ing...
12/20/2023 16:57:57 - INFO - utils.common - result = {'f1score': 0.9361382870443555, 'acc': 0.93755, 'precision': 0.9434529073169041, 'recall': 0.9337899200615362}
12/20/2023 16:57:57 - INFO - __main__ - Epoch:19, Val Accuracy:0.93755, f1:0.9361382870443555

12/20/2023 16:57:57 - INFO - __main__ - lr:0.0003
12/20/2023 16:57:57 - INFO - __main__ - ==========Epoch:20==========
Save best weights
12/20/2023 16:58:01 - INFO - utils.common - 计算 f1 score ing...
12/20/2023 16:58:01 - INFO - utils.common - F1score = 0.9348736427658765
12/20/2023 16:58:01 - INFO - utils.common - 计算 accuracy ing...
12/20/2023 16:58:01 - INFO - utils.common - acc = 0.93875
12/20/2023 16:58:01 - INFO - utils.common - 计算 precision ing...
12/20/2023 16:58:01 - INFO - utils.common - precision = 0.9435154042137257
12/20/2023 16:58:01 - INFO - utils.common - 计算 recall ing...
12/20/2023 16:58:01 - INFO - utils.common - result = {'f1score': 0.9348736427658765, 'acc': 0.93875, 'precision': 0.9435154042137257, 'recall': 0.9315606603709248}
12/20/2023 16:58:01 - INFO - __main__ - Epoch:20, Train Accuracy:0.93875, f1:0.9348736427658765

Epoch: [20][0/7]	
12/20/2023 16:58:13 - INFO - utils.common - 计算 f1 score ing...
12/20/2023 16:58:13 - INFO - utils.common - F1score = 0.9408335647283254
12/20/2023 16:58:13 - INFO - utils.common - 计算 accuracy ing...
12/20/2023 16:58:13 - INFO - utils.common - acc = 0.942
12/20/2023 16:58:13 - INFO - utils.common - 计算 precision ing...
12/20/2023 16:58:13 - INFO - utils.common - precision = 0.9470079368879502
12/20/2023 16:58:13 - INFO - utils.common - 计算 recall ing...
12/20/2023 16:58:13 - INFO - utils.common - result = {'f1score': 0.9408335647283254, 'acc': 0.942, 'precision': 0.9470079368879502, 'recall': 0.9385949885250098}
12/20/2023 16:58:13 - INFO - __main__ - Epoch:20, Val Accuracy:0.942, f1:0.9408335647283254

12/20/2023 16:58:13 - INFO - __main__ - lr:0.00027135636881635457
12/20/2023 16:58:13 - INFO - __main__ - ==========Epoch:21==========
Save best weights
12/20/2023 16:58:18 - INFO - utils.common - 计算 f1 score ing...
12/20/2023 16:58:18 - INFO - utils.common - F1score = 0.9403118568444074
12/20/2023 16:58:18 - INFO - utils.common - 计算 accuracy ing...
12/20/2023 16:58:18 - INFO - utils.common - acc = 0.94375
12/20/2023 16:58:18 - INFO - utils.common - 计算 precision ing...
12/20/2023 16:58:18 - INFO - utils.common - precision = 0.9463239708999045
12/20/2023 16:58:18 - INFO - utils.common - 计算 recall ing...
12/20/2023 16:58:18 - INFO - utils.common - result = {'f1score': 0.9403118568444074, 'acc': 0.94375, 'precision': 0.9463239708999045, 'recall': 0.937860698889902}
12/20/2023 16:58:18 - INFO - __main__ - Epoch:21, Train Accuracy:0.94375, f1:0.9403118568444074

Epoch: [21][0/7]	
12/20/2023 16:58:30 - INFO - utils.common - 计算 f1 score ing...
12/20/2023 16:58:30 - INFO - utils.common - F1score = 0.9431351934852263
12/20/2023 16:58:30 - INFO - utils.common - 计算 accuracy ing...
12/20/2023 16:58:30 - INFO - utils.common - acc = 0.9441
12/20/2023 16:58:30 - INFO - utils.common - 计算 precision ing...
12/20/2023 16:58:30 - INFO - utils.common - precision = 0.9493533180959732
12/20/2023 16:58:30 - INFO - utils.common - 计算 recall ing...
12/20/2023 16:58:31 - INFO - utils.common - result = {'f1score': 0.9431351934852263, 'acc': 0.9441, 'precision': 0.9493533180959732, 'recall': 0.9406888672225677}
12/20/2023 16:58:31 - INFO - __main__ - Epoch:21, Val Accuracy:0.9441, f1:0.9431351934852263

12/20/2023 16:58:31 - INFO - __main__ - lr:0.0001963663688163546
12/20/2023 16:58:31 - INFO - __main__ - ==========Epoch:22==========
Save best weights
12/20/2023 16:58:36 - INFO - utils.common - 计算 f1 score ing...
12/20/2023 16:58:36 - INFO - utils.common - F1score = 0.942409784000718
12/20/2023 16:58:36 - INFO - utils.common - 计算 accuracy ing...
12/20/2023 16:58:36 - INFO - utils.common - acc = 0.94625
12/20/2023 16:58:36 - INFO - utils.common - 计算 precision ing...
12/20/2023 16:58:36 - INFO - utils.common - precision = 0.9485112890950548
12/20/2023 16:58:36 - INFO - utils.common - 计算 recall ing...
12/20/2023 16:58:36 - INFO - utils.common - result = {'f1score': 0.942409784000718, 'acc': 0.94625, 'precision': 0.9485112890950548, 'recall': 0.9399545974929322}
12/20/2023 16:58:36 - INFO - __main__ - Epoch:22, Train Accuracy:0.94625, f1:0.942409784000718

Epoch: [22][0/7]	
12/20/2023 16:58:47 - INFO - utils.common - 计算 f1 score ing...
12/20/2023 16:58:48 - INFO - utils.common - F1score = 0.9467400004948949
12/20/2023 16:58:48 - INFO - utils.common - 计算 accuracy ing...
12/20/2023 16:58:48 - INFO - utils.common - acc = 0.9475
12/20/2023 16:58:48 - INFO - utils.common - 计算 precision ing...
12/20/2023 16:58:48 - INFO - utils.common - precision = 0.9520176580187282
12/20/2023 16:58:48 - INFO - utils.common - 计算 recall ing...
12/20/2023 16:58:48 - INFO - utils.common - result = {'f1score': 0.9467400004948949, 'acc': 0.9475, 'precision': 0.9520176580187282, 'recall': 0.9443748665391064}
12/20/2023 16:58:48 - INFO - __main__ - Epoch:22, Val Accuracy:0.9475, f1:0.9467400004948949

12/20/2023 16:58:48 - INFO - __main__ - lr:0.0001036736311836454
12/20/2023 16:58:48 - INFO - __main__ - ==========Epoch:23==========
Save best weights
12/20/2023 16:58:54 - INFO - utils.common - 计算 f1 score ing...
12/20/2023 16:58:54 - INFO - utils.common - F1score = 0.9388630810604273
12/20/2023 16:58:54 - INFO - utils.common - 计算 accuracy ing...
12/20/2023 16:58:54 - INFO - utils.common - acc = 0.9425
12/20/2023 16:58:54 - INFO - utils.common - 计算 precision ing...
12/20/2023 16:58:54 - INFO - utils.common - precision = 0.9441286612917982
12/20/2023 16:58:54 - INFO - utils.common - 计算 recall ing...
12/20/2023 16:58:54 - INFO - utils.common - result = {'f1score': 0.9388630810604273, 'acc': 0.9425, 'precision': 0.9441286612917982, 'recall': 0.9367094363992662}
12/20/2023 16:58:54 - INFO - __main__ - Epoch:23, Train Accuracy:0.9425, f1:0.9388630810604273

Epoch: [23][0/7]	
12/20/2023 16:59:05 - INFO - utils.common - 计算 f1 score ing...
12/20/2023 16:59:05 - INFO - utils.common - F1score = 0.9473913818507379
12/20/2023 16:59:05 - INFO - utils.common - 计算 accuracy ing...
12/20/2023 16:59:05 - INFO - utils.common - acc = 0.9481
12/20/2023 16:59:05 - INFO - utils.common - 计算 precision ing...
12/20/2023 16:59:05 - INFO - utils.common - precision = 0.9531527028034592
12/20/2023 16:59:05 - INFO - utils.common - 计算 recall ing...
12/20/2023 16:59:05 - INFO - utils.common - result = {'f1score': 0.9473913818507379, 'acc': 0.9481, 'precision': 0.9531527028034592, 'recall': 0.9446974996766634}
12/20/2023 16:59:05 - INFO - __main__ - Epoch:23, Val Accuracy:0.9481, f1:0.9473913818507379

12/20/2023 16:59:05 - INFO - __main__ - lr:2.8683631183645395e-05
12/20/2023 16:59:05 - INFO - __main__ - ==========Epoch:24==========
Save best weights
12/20/2023 16:59:10 - INFO - utils.common - 计算 f1 score ing...
12/20/2023 16:59:10 - INFO - utils.common - F1score = 0.9463838949015765
12/20/2023 16:59:10 - INFO - utils.common - 计算 accuracy ing...
12/20/2023 16:59:10 - INFO - utils.common - acc = 0.95
12/20/2023 16:59:10 - INFO - utils.common - 计算 precision ing...
12/20/2023 16:59:10 - INFO - utils.common - precision = 0.9516552001700028
12/20/2023 16:59:10 - INFO - utils.common - 计算 recall ing...
12/20/2023 16:59:10 - INFO - utils.common - result = {'f1score': 0.9463838949015765, 'acc': 0.95, 'precision': 0.9516552001700028, 'recall': 0.9435496732052139}
12/20/2023 16:59:10 - INFO - __main__ - Epoch:24, Train Accuracy:0.95, f1:0.9463838949015765

Epoch: [24][0/7]	
12/20/2023 16:59:22 - INFO - utils.common - 计算 f1 score ing...
12/20/2023 16:59:22 - INFO - utils.common - F1score = 0.9474257789268589
12/20/2023 16:59:22 - INFO - utils.common - 计算 accuracy ing...
12/20/2023 16:59:22 - INFO - utils.common - acc = 0.94815
12/20/2023 16:59:22 - INFO - utils.common - 计算 precision ing...
12/20/2023 16:59:22 - INFO - utils.common - precision = 0.9532283777261203
12/20/2023 16:59:22 - INFO - utils.common - 计算 recall ing...
12/20/2023 16:59:22 - INFO - utils.common - result = {'f1score': 0.9474257789268589, 'acc': 0.94815, 'precision': 0.9532283777261203, 'recall': 0.9447351570570306}
12/20/2023 16:59:22 - INFO - __main__ - Epoch:24, Val Accuracy:0.94815, f1:0.9474257789268589

12/20/2023 16:59:22 - INFO - __main__ - lr:0.0003
12/20/2023 16:59:22 - INFO - __main__ - ==========Epoch:25==========
Save best weights
12/20/2023 16:59:27 - INFO - utils.common - 计算 f1 score ing...
12/20/2023 16:59:27 - INFO - utils.common - F1score = 0.9331115064774244
12/20/2023 16:59:27 - INFO - utils.common - 计算 accuracy ing...
12/20/2023 16:59:27 - INFO - utils.common - acc = 0.93875
12/20/2023 16:59:27 - INFO - utils.common - 计算 precision ing...
12/20/2023 16:59:27 - INFO - utils.common - precision = 0.9373259225471353
12/20/2023 16:59:27 - INFO - utils.common - 计算 recall ing...
12/20/2023 16:59:27 - INFO - utils.common - result = {'f1score': 0.9331115064774244, 'acc': 0.93875, 'precision': 0.9373259225471353, 'recall': 0.9304299743702971}
12/20/2023 16:59:27 - INFO - __main__ - Epoch:25, Train Accuracy:0.93875, f1:0.9331115064774244

Epoch: [25][0/7]	
12/20/2023 16:59:39 - INFO - utils.common - 计算 f1 score ing...
12/20/2023 16:59:40 - INFO - utils.common - F1score = 0.9502431504680062
12/20/2023 16:59:40 - INFO - utils.common - 计算 accuracy ing...
12/20/2023 16:59:40 - INFO - utils.common - acc = 0.95095
12/20/2023 16:59:40 - INFO - utils.common - 计算 precision ing...
12/20/2023 16:59:40 - INFO - utils.common - precision = 0.9551633816982127
12/20/2023 16:59:40 - INFO - utils.common - 计算 recall ing...
12/20/2023 16:59:40 - INFO - utils.common - result = {'f1score': 0.9502431504680062, 'acc': 0.95095, 'precision': 0.9551633816982127, 'recall': 0.9478269127569217}
12/20/2023 16:59:40 - INFO - __main__ - Epoch:25, Val Accuracy:0.95095, f1:0.9502431504680062

12/20/2023 16:59:40 - INFO - __main__ - lr:0.00027135636881635457
12/20/2023 16:59:40 - INFO - __main__ - ==========Epoch:26==========
Save best weights
12/20/2023 16:59:45 - INFO - utils.common - 计算 f1 score ing...
12/20/2023 16:59:45 - INFO - utils.common - F1score = 0.9524645201497093
12/20/2023 16:59:45 - INFO - utils.common - 计算 accuracy ing...
12/20/2023 16:59:45 - INFO - utils.common - acc = 0.95625
12/20/2023 16:59:45 - INFO - utils.common - 计算 precision ing...
12/20/2023 16:59:45 - INFO - utils.common - precision = 0.9564582855402881
12/20/2023 16:59:45 - INFO - utils.common - 计算 recall ing...
12/20/2023 16:59:45 - INFO - utils.common - result = {'f1score': 0.9524645201497093, 'acc': 0.95625, 'precision': 0.9564582855402881, 'recall': 0.9501307061736866}
12/20/2023 16:59:45 - INFO - __main__ - Epoch:26, Train Accuracy:0.95625, f1:0.9524645201497093

Epoch: [26][0/7]	
12/20/2023 16:59:56 - INFO - utils.common - 计算 f1 score ing...
12/20/2023 16:59:56 - INFO - utils.common - F1score = 0.95260821887941
12/20/2023 16:59:56 - INFO - utils.common - 计算 accuracy ing...
12/20/2023 16:59:56 - INFO - utils.common - acc = 0.95315
12/20/2023 16:59:56 - INFO - utils.common - 计算 precision ing...
12/20/2023 16:59:56 - INFO - utils.common - precision = 0.9570099711198709
12/20/2023 16:59:56 - INFO - utils.common - 计算 recall ing...
12/20/2023 16:59:57 - INFO - utils.common - result = {'f1score': 0.95260821887941, 'acc': 0.95315, 'precision': 0.9570099711198709, 'recall': 0.9503710725216469}
12/20/2023 16:59:57 - INFO - __main__ - Epoch:26, Val Accuracy:0.95315, f1:0.95260821887941

12/20/2023 16:59:57 - INFO - __main__ - lr:0.0001963663688163546
12/20/2023 16:59:57 - INFO - __main__ - ==========Epoch:27==========
Save best weights
12/20/2023 17:00:02 - INFO - utils.common - 计算 f1 score ing...
12/20/2023 17:00:02 - INFO - utils.common - F1score = 0.9512367071351585
12/20/2023 17:00:02 - INFO - utils.common - 计算 accuracy ing...
12/20/2023 17:00:02 - INFO - utils.common - acc = 0.95375
12/20/2023 17:00:02 - INFO - utils.common - 计算 precision ing...
12/20/2023 17:00:02 - INFO - utils.common - precision = 0.9549393777373084
12/20/2023 17:00:02 - INFO - utils.common - 计算 recall ing...
12/20/2023 17:00:02 - INFO - utils.common - result = {'f1score': 0.9512367071351585, 'acc': 0.95375, 'precision': 0.9549393777373084, 'recall': 0.9492831020440816}
12/20/2023 17:00:02 - INFO - __main__ - Epoch:27, Train Accuracy:0.95375, f1:0.9512367071351585

Epoch: [27][0/7]	
12/20/2023 17:00:14 - INFO - utils.common - 计算 f1 score ing...
12/20/2023 17:00:14 - INFO - utils.common - F1score = 0.9531101483058502
12/20/2023 17:00:14 - INFO - utils.common - 计算 accuracy ing...
12/20/2023 17:00:14 - INFO - utils.common - acc = 0.95365
12/20/2023 17:00:14 - INFO - utils.common - 计算 precision ing...
12/20/2023 17:00:14 - INFO - utils.common - precision = 0.957519340882533
12/20/2023 17:00:14 - INFO - utils.common - 计算 recall ing...
12/20/2023 17:00:14 - INFO - utils.common - result = {'f1score': 0.9531101483058502, 'acc': 0.95365, 'precision': 0.957519340882533, 'recall': 0.9508861948019801}
12/20/2023 17:00:14 - INFO - __main__ - Epoch:27, Val Accuracy:0.95365, f1:0.9531101483058502

12/20/2023 17:00:14 - INFO - __main__ - lr:0.0001036736311836454
12/20/2023 17:00:14 - INFO - __main__ - ==========Epoch:28==========
Save best weights
12/20/2023 17:00:20 - INFO - utils.common - 计算 f1 score ing...
12/20/2023 17:00:20 - INFO - utils.common - F1score = 0.9539862687763261
12/20/2023 17:00:20 - INFO - utils.common - 计算 accuracy ing...
12/20/2023 17:00:20 - INFO - utils.common - acc = 0.9575
12/20/2023 17:00:20 - INFO - utils.common - 计算 precision ing...
12/20/2023 17:00:20 - INFO - utils.common - precision = 0.9574591095206892
12/20/2023 17:00:20 - INFO - utils.common - 计算 recall ing...
12/20/2023 17:00:20 - INFO - utils.common - result = {'f1score': 0.9539862687763261, 'acc': 0.9575, 'precision': 0.9574591095206892, 'recall': 0.9521202541302863}
12/20/2023 17:00:20 - INFO - __main__ - Epoch:28, Train Accuracy:0.9575, f1:0.9539862687763261

Epoch: [28][0/7]	
12/20/2023 17:00:31 - INFO - utils.common - 计算 f1 score ing...
12/20/2023 17:00:31 - INFO - utils.common - F1score = 0.9535093382145159
12/20/2023 17:00:31 - INFO - utils.common - 计算 accuracy ing...
12/20/2023 17:00:31 - INFO - utils.common - acc = 0.95405
12/20/2023 17:00:31 - INFO - utils.common - 计算 precision ing...
12/20/2023 17:00:32 - INFO - utils.common - precision = 0.9579359134212138
12/20/2023 17:00:32 - INFO - utils.common - 计算 recall ing...
12/20/2023 17:00:32 - INFO - utils.common - result = {'f1score': 0.9535093382145159, 'acc': 0.95405, 'precision': 0.9579359134212138, 'recall': 0.9513502973169994}
12/20/2023 17:00:32 - INFO - __main__ - Epoch:28, Val Accuracy:0.95405, f1:0.9535093382145159

12/20/2023 17:00:32 - INFO - __main__ - lr:2.8683631183645395e-05
12/20/2023 17:00:32 - INFO - __main__ - ==========Epoch:29==========
Save best weights
12/20/2023 17:00:37 - INFO - utils.common - 计算 f1 score ing...
12/20/2023 17:00:37 - INFO - utils.common - F1score = 0.9466926171771731
12/20/2023 17:00:37 - INFO - utils.common - 计算 accuracy ing...
12/20/2023 17:00:37 - INFO - utils.common - acc = 0.95
12/20/2023 17:00:37 - INFO - utils.common - 计算 precision ing...
12/20/2023 17:00:37 - INFO - utils.common - precision = 0.9519220112124596
12/20/2023 17:00:37 - INFO - utils.common - 计算 recall ing...
12/20/2023 17:00:37 - INFO - utils.common - result = {'f1score': 0.9466926171771731, 'acc': 0.95, 'precision': 0.9519220112124596, 'recall': 0.9438645364269596}
12/20/2023 17:00:37 - INFO - __main__ - Epoch:29, Train Accuracy:0.95, f1:0.9466926171771731

Epoch: [29][0/7]	
12/20/2023 17:00:49 - INFO - utils.common - 计算 f1 score ing...
12/20/2023 17:00:49 - INFO - utils.common - F1score = 0.95450112258593
12/20/2023 17:00:49 - INFO - utils.common - 计算 accuracy ing...
12/20/2023 17:00:49 - INFO - utils.common - acc = 0.955
12/20/2023 17:00:49 - INFO - utils.common - 计算 precision ing...
12/20/2023 17:00:49 - INFO - utils.common - precision = 0.9587434069918667
12/20/2023 17:00:49 - INFO - utils.common - 计算 recall ing...
12/20/2023 17:00:49 - INFO - utils.common - result = {'f1score': 0.95450112258593, 'acc': 0.955, 'precision': 0.9587434069918667, 'recall': 0.9523165080150515}
12/20/2023 17:00:49 - INFO - __main__ - Epoch:29, Val Accuracy:0.955, f1:0.95450112258593

12/20/2023 17:00:49 - INFO - __main__ - lr:0.0003
12/20/2023 17:00:49 - INFO - __main__ - ==========Epoch:30==========
Save best weights
12/20/2023 17:00:54 - INFO - utils.common - 计算 f1 score ing...
12/20/2023 17:00:54 - INFO - utils.common - F1score = 0.9590323112695118
12/20/2023 17:00:54 - INFO - utils.common - 计算 accuracy ing...
12/20/2023 17:00:54 - INFO - utils.common - acc = 0.96125
12/20/2023 17:00:54 - INFO - utils.common - 计算 precision ing...
12/20/2023 17:00:54 - INFO - utils.common - precision = 0.9632642402399298
12/20/2023 17:00:54 - INFO - utils.common - 计算 recall ing...
12/20/2023 17:00:54 - INFO - utils.common - result = {'f1score': 0.9590323112695118, 'acc': 0.96125, 'precision': 0.9632642402399298, 'recall': 0.9564364381208887}
12/20/2023 17:00:54 - INFO - __main__ - Epoch:30, Train Accuracy:0.96125, f1:0.9590323112695118

Epoch: [30][0/7]	
12/20/2023 17:01:06 - INFO - utils.common - 计算 f1 score ing...
12/20/2023 17:01:06 - INFO - utils.common - F1score = 0.9560929841912318
12/20/2023 17:01:06 - INFO - utils.common - 计算 accuracy ing...
12/20/2023 17:01:06 - INFO - utils.common - acc = 0.95655
12/20/2023 17:01:06 - INFO - utils.common - 计算 precision ing...
12/20/2023 17:01:06 - INFO - utils.common - precision = 0.9599259989135783
12/20/2023 17:01:06 - INFO - utils.common - 计算 recall ing...
12/20/2023 17:01:06 - INFO - utils.common - result = {'f1score': 0.9560929841912318, 'acc': 0.95655, 'precision': 0.9599259989135783, 'recall': 0.9539609505475846}
12/20/2023 17:01:06 - INFO - __main__ - Epoch:30, Val Accuracy:0.95655, f1:0.9560929841912318

12/20/2023 17:01:06 - INFO - __main__ - lr:0.00027135636881635457
12/20/2023 17:01:06 - INFO - __main__ - ==========Epoch:31==========
Save best weights
12/20/2023 17:01:11 - INFO - utils.common - 计算 f1 score ing...
12/20/2023 17:01:11 - INFO - utils.common - F1score = 0.9571877743765468
12/20/2023 17:01:11 - INFO - utils.common - 计算 accuracy ing...
12/20/2023 17:01:11 - INFO - utils.common - acc = 0.96
12/20/2023 17:01:11 - INFO - utils.common - 计算 precision ing...
12/20/2023 17:01:11 - INFO - utils.common - precision = 0.9593812533019612
12/20/2023 17:01:11 - INFO - utils.common - 计算 recall ing...
12/20/2023 17:01:11 - INFO - utils.common - result = {'f1score': 0.9571877743765468, 'acc': 0.96, 'precision': 0.9593812533019612, 'recall': 0.9560412286250158}
12/20/2023 17:01:11 - INFO - __main__ - Epoch:31, Train Accuracy:0.96, f1:0.9571877743765468

Epoch: [31][0/7]	
12/20/2023 17:01:23 - INFO - utils.common - 计算 f1 score ing...
12/20/2023 17:01:23 - INFO - utils.common - F1score = 0.9570560636173765
12/20/2023 17:01:23 - INFO - utils.common - 计算 accuracy ing...
12/20/2023 17:01:23 - INFO - utils.common - acc = 0.9576
12/20/2023 17:01:23 - INFO - utils.common - 计算 precision ing...
12/20/2023 17:01:23 - INFO - utils.common - precision = 0.9602623311701528
12/20/2023 17:01:23 - INFO - utils.common - 计算 recall ing...
12/20/2023 17:01:23 - INFO - utils.common - result = {'f1score': 0.9570560636173765, 'acc': 0.9576, 'precision': 0.9602623311701528, 'recall': 0.9552906398753073}
12/20/2023 17:01:23 - INFO - __main__ - Epoch:31, Val Accuracy:0.9576, f1:0.9570560636173765

12/20/2023 17:01:23 - INFO - __main__ - lr:0.0001963663688163546
12/20/2023 17:01:23 - INFO - __main__ - ==========Epoch:32==========
Save best weights
12/20/2023 17:01:29 - INFO - utils.common - 计算 f1 score ing...
12/20/2023 17:01:29 - INFO - utils.common - F1score = 0.9560260117124728
12/20/2023 17:01:29 - INFO - utils.common - 计算 accuracy ing...
12/20/2023 17:01:29 - INFO - utils.common - acc = 0.95875
12/20/2023 17:01:29 - INFO - utils.common - 计算 precision ing...
12/20/2023 17:01:29 - INFO - utils.common - precision = 0.9590135085574213
12/20/2023 17:01:29 - INFO - utils.common - 计算 recall ing...
12/20/2023 17:01:29 - INFO - utils.common - result = {'f1score': 0.9560260117124728, 'acc': 0.95875, 'precision': 0.9590135085574213, 'recall': 0.9542211812302812}
12/20/2023 17:01:29 - INFO - __main__ - Epoch:32, Train Accuracy:0.95875, f1:0.9560260117124728

Epoch: [32][0/7]	
12/20/2023 17:01:41 - INFO - utils.common - 计算 f1 score ing...
12/20/2023 17:01:41 - INFO - utils.common - F1score = 0.9570580172920261
12/20/2023 17:01:41 - INFO - utils.common - 计算 accuracy ing...
12/20/2023 17:01:41 - INFO - utils.common - acc = 0.95755
12/20/2023 17:01:41 - INFO - utils.common - 计算 precision ing...
12/20/2023 17:01:41 - INFO - utils.common - precision = 0.9605582268477217
12/20/2023 17:01:41 - INFO - utils.common - 计算 recall ing...
12/20/2023 17:01:41 - INFO - utils.common - result = {'f1score': 0.9570580172920261, 'acc': 0.95755, 'precision': 0.9605582268477217, 'recall': 0.9551015386806561}
12/20/2023 17:01:41 - INFO - __main__ - Epoch:32, Val Accuracy:0.95755, f1:0.9570580172920261

12/20/2023 17:01:41 - INFO - __main__ - lr:0.0001036736311836454
12/20/2023 17:01:41 - INFO - __main__ - ==========Epoch:33==========
early_st 4
12/20/2023 17:01:47 - INFO - utils.common - 计算 f1 score ing...
12/20/2023 17:01:47 - INFO - utils.common - F1score = 0.9531925428833505
12/20/2023 17:01:47 - INFO - utils.common - 计算 accuracy ing...
12/20/2023 17:01:47 - INFO - utils.common - acc = 0.95625
12/20/2023 17:01:47 - INFO - utils.common - 计算 precision ing...
12/20/2023 17:01:47 - INFO - utils.common - precision = 0.9547573132059273
12/20/2023 17:01:47 - INFO - utils.common - 计算 recall ing...
12/20/2023 17:01:47 - INFO - utils.common - result = {'f1score': 0.9531925428833505, 'acc': 0.95625, 'precision': 0.9547573132059273, 'recall': 0.9521653872954067}
12/20/2023 17:01:47 - INFO - __main__ - Epoch:33, Train Accuracy:0.95625, f1:0.9531925428833505

Epoch: [33][0/7]	
12/20/2023 17:01:58 - INFO - utils.common - 计算 f1 score ing...
12/20/2023 17:01:59 - INFO - utils.common - F1score = 0.9576494655709603
12/20/2023 17:01:59 - INFO - utils.common - 计算 accuracy ing...
12/20/2023 17:01:59 - INFO - utils.common - acc = 0.95805
12/20/2023 17:01:59 - INFO - utils.common - 计算 precision ing...
12/20/2023 17:01:59 - INFO - utils.common - precision = 0.9610093225618827
12/20/2023 17:01:59 - INFO - utils.common - 计算 recall ing...
12/20/2023 17:01:59 - INFO - utils.common - result = {'f1score': 0.9576494655709603, 'acc': 0.95805, 'precision': 0.9610093225618827, 'recall': 0.955654064061053}
12/20/2023 17:01:59 - INFO - __main__ - Epoch:33, Val Accuracy:0.95805, f1:0.9576494655709603

12/20/2023 17:01:59 - INFO - __main__ - lr:2.8683631183645395e-05
12/20/2023 17:01:59 - INFO - __main__ - ==========Epoch:34==========
Save best weights
12/20/2023 17:02:04 - INFO - utils.common - 计算 f1 score ing...
12/20/2023 17:02:04 - INFO - utils.common - F1score = 0.9570185707809803
12/20/2023 17:02:04 - INFO - utils.common - 计算 accuracy ing...
12/20/2023 17:02:04 - INFO - utils.common - acc = 0.95875
12/20/2023 17:02:04 - INFO - utils.common - 计算 precision ing...
12/20/2023 17:02:04 - INFO - utils.common - precision = 0.958936734553702
12/20/2023 17:02:04 - INFO - utils.common - 计算 recall ing...
12/20/2023 17:02:04 - INFO - utils.common - result = {'f1score': 0.9570185707809803, 'acc': 0.95875, 'precision': 0.958936734553702, 'recall': 0.9556442898791708}
12/20/2023 17:02:04 - INFO - __main__ - Epoch:34, Train Accuracy:0.95875, f1:0.9570185707809803

Epoch: [34][0/7]	
12/20/2023 17:02:16 - INFO - utils.common - 计算 f1 score ing...
12/20/2023 17:02:16 - INFO - utils.common - F1score = 0.9575847688700398
12/20/2023 17:02:16 - INFO - utils.common - 计算 accuracy ing...
12/20/2023 17:02:16 - INFO - utils.common - acc = 0.95795
12/20/2023 17:02:16 - INFO - utils.common - 计算 precision ing...
12/20/2023 17:02:16 - INFO - utils.common - precision = 0.9613125766712987
12/20/2023 17:02:16 - INFO - utils.common - 计算 recall ing...
12/20/2023 17:02:16 - INFO - utils.common - result = {'f1score': 0.9575847688700398, 'acc': 0.95795, 'precision': 0.9613125766712987, 'recall': 0.9553977236868343}
12/20/2023 17:02:16 - INFO - __main__ - Epoch:34, Val Accuracy:0.95795, f1:0.9575847688700398

12/20/2023 17:02:16 - INFO - __main__ - lr:0.0003
12/20/2023 17:02:16 - INFO - __main__ - ==========Epoch:35==========
early_st 4
12/20/2023 17:02:21 - INFO - utils.common - 计算 f1 score ing...
12/20/2023 17:02:21 - INFO - utils.common - F1score = 0.9503473564648193
12/20/2023 17:02:21 - INFO - utils.common - 计算 accuracy ing...
12/20/2023 17:02:21 - INFO - utils.common - acc = 0.95375
12/20/2023 17:02:21 - INFO - utils.common - 计算 precision ing...
12/20/2023 17:02:21 - INFO - utils.common - precision = 0.9525918870090818
12/20/2023 17:02:21 - INFO - utils.common - 计算 recall ing...
12/20/2023 17:02:21 - INFO - utils.common - result = {'f1score': 0.9503473564648193, 'acc': 0.95375, 'precision': 0.9525918870090818, 'recall': 0.9486754471180964}
12/20/2023 17:02:21 - INFO - __main__ - Epoch:35, Train Accuracy:0.95375, f1:0.9503473564648193

Epoch: [35][0/7]	
12/20/2023 17:02:33 - INFO - utils.common - 计算 f1 score ing...
12/20/2023 17:02:33 - INFO - utils.common - F1score = 0.9591897233469909
12/20/2023 17:02:33 - INFO - utils.common - 计算 accuracy ing...
12/20/2023 17:02:33 - INFO - utils.common - acc = 0.95955
12/20/2023 17:02:33 - INFO - utils.common - 计算 precision ing...
12/20/2023 17:02:33 - INFO - utils.common - precision = 0.9623504119990284
12/20/2023 17:02:33 - INFO - utils.common - 计算 recall ing...
12/20/2023 17:02:33 - INFO - utils.common - result = {'f1score': 0.9591897233469909, 'acc': 0.95955, 'precision': 0.9623504119990284, 'recall': 0.9573432437677556}
12/20/2023 17:02:33 - INFO - __main__ - Epoch:35, Val Accuracy:0.95955, f1:0.9591897233469909

12/20/2023 17:02:33 - INFO - __main__ - lr:0.00027135636881635457
12/20/2023 17:02:33 - INFO - __main__ - ==========Epoch:36==========
Save best weights
12/20/2023 17:02:39 - INFO - utils.common - 计算 f1 score ing...
12/20/2023 17:02:39 - INFO - utils.common - F1score = 0.9663817658523052
12/20/2023 17:02:39 - INFO - utils.common - 计算 accuracy ing...
12/20/2023 17:02:39 - INFO - utils.common - acc = 0.96875
12/20/2023 17:02:39 - INFO - utils.common - 计算 precision ing...
12/20/2023 17:02:39 - INFO - utils.common - precision = 0.9689236122762674
12/20/2023 17:02:39 - INFO - utils.common - 计算 recall ing...
12/20/2023 17:02:39 - INFO - utils.common - result = {'f1score': 0.9663817658523052, 'acc': 0.96875, 'precision': 0.9689236122762674, 'recall': 0.9644282818434008}
12/20/2023 17:02:39 - INFO - __main__ - Epoch:36, Train Accuracy:0.96875, f1:0.9663817658523052

Epoch: [36][0/7]	
12/20/2023 17:02:51 - INFO - utils.common - 计算 f1 score ing...
12/20/2023 17:02:51 - INFO - utils.common - F1score = 0.9603961518404076
12/20/2023 17:02:51 - INFO - utils.common - 计算 accuracy ing...
12/20/2023 17:02:51 - INFO - utils.common - acc = 0.96075
12/20/2023 17:02:51 - INFO - utils.common - 计算 precision ing...
12/20/2023 17:02:51 - INFO - utils.common - precision = 0.9633973047746655
12/20/2023 17:02:51 - INFO - utils.common - 计算 recall ing...
12/20/2023 17:02:51 - INFO - utils.common - result = {'f1score': 0.9603961518404076, 'acc': 0.96075, 'precision': 0.9633973047746655, 'recall': 0.9586650101849039}
12/20/2023 17:02:51 - INFO - __main__ - Epoch:36, Val Accuracy:0.96075, f1:0.9603961518404076

12/20/2023 17:02:51 - INFO - __main__ - lr:0.0001963663688163546
12/20/2023 17:02:51 - INFO - __main__ - ==========Epoch:37==========
Save best weights
12/20/2023 17:02:56 - INFO - utils.common - 计算 f1 score ing...
12/20/2023 17:02:56 - INFO - utils.common - F1score = 0.9520634614937986
12/20/2023 17:02:56 - INFO - utils.common - 计算 accuracy ing...
12/20/2023 17:02:56 - INFO - utils.common - acc = 0.955
12/20/2023 17:02:56 - INFO - utils.common - 计算 precision ing...
12/20/2023 17:02:56 - INFO - utils.common - precision = 0.9551298058889431
12/20/2023 17:02:56 - INFO - utils.common - 计算 recall ing...
12/20/2023 17:02:56 - INFO - utils.common - result = {'f1score': 0.9520634614937986, 'acc': 0.955, 'precision': 0.9551298058889431, 'recall': 0.9500417588938157}
12/20/2023 17:02:56 - INFO - __main__ - Epoch:37, Train Accuracy:0.955, f1:0.9520634614937986

Epoch: [37][0/7]	
12/20/2023 17:03:08 - INFO - utils.common - 计算 f1 score ing...
12/20/2023 17:03:08 - INFO - utils.common - F1score = 0.9612665482887611
12/20/2023 17:03:08 - INFO - utils.common - 计算 accuracy ing...
12/20/2023 17:03:08 - INFO - utils.common - acc = 0.96165
12/20/2023 17:03:08 - INFO - utils.common - 计算 precision ing...
12/20/2023 17:03:09 - INFO - utils.common - precision = 0.9639379156324931
12/20/2023 17:03:09 - INFO - utils.common - 计算 recall ing...
12/20/2023 17:03:09 - INFO - utils.common - result = {'f1score': 0.9612665482887611, 'acc': 0.96165, 'precision': 0.9639379156324931, 'recall': 0.9595490580260536}
12/20/2023 17:03:09 - INFO - __main__ - Epoch:37, Val Accuracy:0.96165, f1:0.9612665482887611

12/20/2023 17:03:09 - INFO - __main__ - lr:0.0001036736311836454
12/20/2023 17:03:09 - INFO - __main__ - ==========Epoch:38==========
Save best weights
12/20/2023 17:03:14 - INFO - utils.common - 计算 f1 score ing...
12/20/2023 17:03:14 - INFO - utils.common - F1score = 0.9588172182989609
12/20/2023 17:03:14 - INFO - utils.common - 计算 accuracy ing...
12/20/2023 17:03:14 - INFO - utils.common - acc = 0.96125
12/20/2023 17:03:14 - INFO - utils.common - 计算 precision ing...
12/20/2023 17:03:14 - INFO - utils.common - precision = 0.961330168426341
12/20/2023 17:03:14 - INFO - utils.common - 计算 recall ing...
12/20/2023 17:03:14 - INFO - utils.common - result = {'f1score': 0.9588172182989609, 'acc': 0.96125, 'precision': 0.961330168426341, 'recall': 0.9570901294924035}
12/20/2023 17:03:14 - INFO - __main__ - Epoch:38, Train Accuracy:0.96125, f1:0.9588172182989609

Epoch: [38][0/7]	
12/20/2023 17:03:26 - INFO - utils.common - 计算 f1 score ing...
12/20/2023 17:03:26 - INFO - utils.common - F1score = 0.9621225804520799
12/20/2023 17:03:26 - INFO - utils.common - 计算 accuracy ing...
12/20/2023 17:03:26 - INFO - utils.common - acc = 0.96245
12/20/2023 17:03:26 - INFO - utils.common - 计算 precision ing...
12/20/2023 17:03:26 - INFO - utils.common - precision = 0.964866877389782
12/20/2023 17:03:26 - INFO - utils.common - 计算 recall ing...
12/20/2023 17:03:26 - INFO - utils.common - result = {'f1score': 0.9621225804520799, 'acc': 0.96245, 'precision': 0.964866877389782, 'recall': 0.9602821280411757}
12/20/2023 17:03:26 - INFO - __main__ - Epoch:38, Val Accuracy:0.96245, f1:0.9621225804520799

12/20/2023 17:03:26 - INFO - __main__ - lr:2.8683631183645395e-05
12/20/2023 17:03:26 - INFO - __main__ - ==========Epoch:39==========
Save best weights
12/20/2023 17:03:31 - INFO - utils.common - 计算 f1 score ing...
12/20/2023 17:03:31 - INFO - utils.common - F1score = 0.955261270216839
12/20/2023 17:03:31 - INFO - utils.common - 计算 accuracy ing...
12/20/2023 17:03:31 - INFO - utils.common - acc = 0.9575
12/20/2023 17:03:31 - INFO - utils.common - 计算 precision ing...
12/20/2023 17:03:31 - INFO - utils.common - precision = 0.9568800897722038
12/20/2023 17:03:31 - INFO - utils.common - 计算 recall ing...
12/20/2023 17:03:31 - INFO - utils.common - result = {'f1score': 0.955261270216839, 'acc': 0.9575, 'precision': 0.9568800897722038, 'recall': 0.9540567514013885}
12/20/2023 17:03:31 - INFO - __main__ - Epoch:39, Train Accuracy:0.9575, f1:0.955261270216839

Epoch: [39][0/7]	
12/20/2023 17:03:43 - INFO - utils.common - 计算 f1 score ing...
12/20/2023 17:03:43 - INFO - utils.common - F1score = 0.9615051097998977
12/20/2023 17:03:43 - INFO - utils.common - 计算 accuracy ing...
12/20/2023 17:03:43 - INFO - utils.common - acc = 0.96175
12/20/2023 17:03:43 - INFO - utils.common - 计算 precision ing...
12/20/2023 17:03:44 - INFO - utils.common - precision = 0.964490071397612
12/20/2023 17:03:44 - INFO - utils.common - 计算 recall ing...
12/20/2023 17:03:44 - INFO - utils.common - result = {'f1score': 0.9615051097998977, 'acc': 0.96175, 'precision': 0.964490071397612, 'recall': 0.9595179295764287}
12/20/2023 17:03:44 - INFO - __main__ - Epoch:39, Val Accuracy:0.96175, f1:0.9615051097998977

12/20/2023 17:03:44 - INFO - __main__ - lr:0.0003
early_st 4
Test
12/20/2023 17:03:49 - INFO - utils.common - 计算 f1 score ing...
12/20/2023 17:03:49 - INFO - utils.common - F1score = 0.9461977924343778
12/20/2023 17:03:49 - INFO - utils.common - 计算 accuracy ing...
12/20/2023 17:03:49 - INFO - utils.common - acc = 0.9612813370473537
12/20/2023 17:03:49 - INFO - utils.common - 计算 precision ing...
12/20/2023 17:03:49 - INFO - utils.common - precision = 0.9562114339287824
12/20/2023 17:03:49 - INFO - utils.common - 计算 recall ing...
12/20/2023 17:03:49 - INFO - utils.common - result = {'f1score': 0.9461977924343778, 'acc': 0.9612813370473537, 'precision': 0.9562114339287824, 'recall': 0.9445544136252289}
12/20/2023 17:03:49 - INFO - __main__ - test_f1:0.9461977924343778, test_acc:0.9612813370473537, test_precision:0.9562114339287824, test_recall:0.9445544136252289
12/20/2023 17:03:49 - INFO - __main__ - Finish fine-turning...
