nohup: ignoring input
12/20/2023 17:05:13 - INFO - __main__ - 设置 seed 为:  1
12/20/2023 17:05:13 - INFO - __main__ - Start fine-turning...
12/20/2023 17:05:16 - INFO - __main__ - ==========Epoch:0==========
=> loading checkpoint '/home/lijunjian/CA2CL/save/NCT/pretrain/resnet18/ResNet18_bs_1792_img_size_224_lr_0.0006_wd_0.0001_temperature_0.2_adv_eps_1_cld_0.1/checkpoint_100.tar'
missing keys:[], unexpected_keys:['module.instance_projector.0.weight', 'module.instance_projector.0.bias', 'module.instance_projector.2.weight', 'module.instance_projector.2.bias', 'module.groupDis.0.weight']
loaded
12/20/2023 17:05:23 - INFO - utils.common - 计算 f1 score ing...
12/20/2023 17:05:23 - INFO - utils.common - F1score = 0.07446774273736533
12/20/2023 17:05:23 - INFO - utils.common - 计算 accuracy ing...
12/20/2023 17:05:23 - INFO - utils.common - acc = 0.09375
12/20/2023 17:05:23 - INFO - utils.common - 计算 precision ing...
12/20/2023 17:05:23 - INFO - utils.common - precision = 0.09041798742839707
12/20/2023 17:05:23 - INFO - utils.common - 计算 recall ing...
12/20/2023 17:05:23 - INFO - utils.common - result = {'f1score': 0.07446774273736533, 'acc': 0.09375, 'precision': 0.09041798742839707, 'recall': 0.09654583631443452}
12/20/2023 17:05:23 - INFO - __main__ - Epoch:0, Train Accuracy:0.09375, f1:0.07446774273736533

Epoch: [0][0/7]	
12/20/2023 17:05:58 - INFO - utils.common - 计算 f1 score ing...
12/20/2023 17:05:58 - INFO - utils.common - F1score = 0.12084423446673684
12/20/2023 17:05:58 - INFO - utils.common - 计算 accuracy ing...
12/20/2023 17:05:58 - INFO - utils.common - acc = 0.14455
12/20/2023 17:05:58 - INFO - utils.common - 计算 precision ing...
12/20/2023 17:05:58 - INFO - utils.common - precision = 0.15139791200543462
12/20/2023 17:05:58 - INFO - utils.common - 计算 recall ing...
12/20/2023 17:05:58 - INFO - utils.common - result = {'f1score': 0.12084423446673684, 'acc': 0.14455, 'precision': 0.15139791200543462, 'recall': 0.14588872398508423}
12/20/2023 17:05:58 - INFO - __main__ - Epoch:0, Val Accuracy:0.14455, f1:0.12084423446673684

12/20/2023 17:05:58 - INFO - __main__ - lr:0.00027135636881635457
12/20/2023 17:05:58 - INFO - __main__ - ==========Epoch:1==========
Save best weights
12/20/2023 17:06:03 - INFO - utils.common - 计算 f1 score ing...
12/20/2023 17:06:03 - INFO - utils.common - F1score = 0.1505665836163271
12/20/2023 17:06:03 - INFO - utils.common - 计算 accuracy ing...
12/20/2023 17:06:03 - INFO - utils.common - acc = 0.16875
12/20/2023 17:06:03 - INFO - utils.common - 计算 precision ing...
12/20/2023 17:06:03 - INFO - utils.common - precision = 0.1862239303611358
12/20/2023 17:06:03 - INFO - utils.common - 计算 recall ing...
12/20/2023 17:06:03 - INFO - utils.common - result = {'f1score': 0.1505665836163271, 'acc': 0.16875, 'precision': 0.1862239303611358, 'recall': 0.17469323883074123}
12/20/2023 17:06:03 - INFO - __main__ - Epoch:1, Train Accuracy:0.16875, f1:0.1505665836163271

Epoch: [1][0/7]	
12/20/2023 17:06:15 - INFO - utils.common - 计算 f1 score ing...
12/20/2023 17:06:16 - INFO - utils.common - F1score = 0.21353358846583403
12/20/2023 17:06:16 - INFO - utils.common - 计算 accuracy ing...
12/20/2023 17:06:16 - INFO - utils.common - acc = 0.23685
12/20/2023 17:06:16 - INFO - utils.common - 计算 precision ing...
12/20/2023 17:06:16 - INFO - utils.common - precision = 0.23192891169845117
12/20/2023 17:06:16 - INFO - utils.common - 计算 recall ing...
12/20/2023 17:06:16 - INFO - utils.common - result = {'f1score': 0.21353358846583403, 'acc': 0.23685, 'precision': 0.23192891169845117, 'recall': 0.23755528857990008}
12/20/2023 17:06:16 - INFO - __main__ - Epoch:1, Val Accuracy:0.23685, f1:0.21353358846583403

12/20/2023 17:06:16 - INFO - __main__ - lr:0.0001963663688163546
12/20/2023 17:06:16 - INFO - __main__ - ==========Epoch:2==========
Save best weights
12/20/2023 17:06:21 - INFO - utils.common - 计算 f1 score ing...
12/20/2023 17:06:21 - INFO - utils.common - F1score = 0.24506228390737256
12/20/2023 17:06:21 - INFO - utils.common - 计算 accuracy ing...
12/20/2023 17:06:21 - INFO - utils.common - acc = 0.26375
12/20/2023 17:06:21 - INFO - utils.common - 计算 precision ing...
12/20/2023 17:06:21 - INFO - utils.common - precision = 0.25942286960474886
12/20/2023 17:06:21 - INFO - utils.common - 计算 recall ing...
12/20/2023 17:06:21 - INFO - utils.common - result = {'f1score': 0.24506228390737256, 'acc': 0.26375, 'precision': 0.25942286960474886, 'recall': 0.2685829036708746}
12/20/2023 17:06:21 - INFO - __main__ - Epoch:2, Train Accuracy:0.26375, f1:0.24506228390737256

Epoch: [2][0/7]	
12/20/2023 17:06:32 - INFO - utils.common - 计算 f1 score ing...
12/20/2023 17:06:32 - INFO - utils.common - F1score = 0.3155497136919472
12/20/2023 17:06:32 - INFO - utils.common - 计算 accuracy ing...
12/20/2023 17:06:32 - INFO - utils.common - acc = 0.33565
12/20/2023 17:06:32 - INFO - utils.common - 计算 precision ing...
12/20/2023 17:06:33 - INFO - utils.common - precision = 0.3247427275027903
12/20/2023 17:06:33 - INFO - utils.common - 计算 recall ing...
12/20/2023 17:06:33 - INFO - utils.common - result = {'f1score': 0.3155497136919472, 'acc': 0.33565, 'precision': 0.3247427275027903, 'recall': 0.33699616077345645}
12/20/2023 17:06:33 - INFO - __main__ - Epoch:2, Val Accuracy:0.33565, f1:0.3155497136919472

12/20/2023 17:06:33 - INFO - __main__ - lr:0.0001036736311836454
12/20/2023 17:06:33 - INFO - __main__ - ==========Epoch:3==========
Save best weights
12/20/2023 17:06:38 - INFO - utils.common - 计算 f1 score ing...
12/20/2023 17:06:38 - INFO - utils.common - F1score = 0.33206116430152555
12/20/2023 17:06:38 - INFO - utils.common - 计算 accuracy ing...
12/20/2023 17:06:38 - INFO - utils.common - acc = 0.34875
12/20/2023 17:06:38 - INFO - utils.common - 计算 precision ing...
12/20/2023 17:06:38 - INFO - utils.common - precision = 0.3434432275121319
12/20/2023 17:06:38 - INFO - utils.common - 计算 recall ing...
12/20/2023 17:06:38 - INFO - utils.common - result = {'f1score': 0.33206116430152555, 'acc': 0.34875, 'precision': 0.3434432275121319, 'recall': 0.3537031564139998}
12/20/2023 17:06:38 - INFO - __main__ - Epoch:3, Train Accuracy:0.34875, f1:0.33206116430152555

Epoch: [3][0/7]	
12/20/2023 17:06:50 - INFO - utils.common - 计算 f1 score ing...
12/20/2023 17:06:50 - INFO - utils.common - F1score = 0.3794649856122161
12/20/2023 17:06:50 - INFO - utils.common - 计算 accuracy ing...
12/20/2023 17:06:50 - INFO - utils.common - acc = 0.3973
12/20/2023 17:06:50 - INFO - utils.common - 计算 precision ing...
12/20/2023 17:06:50 - INFO - utils.common - precision = 0.38908707677842713
12/20/2023 17:06:50 - INFO - utils.common - 计算 recall ing...
12/20/2023 17:06:50 - INFO - utils.common - result = {'f1score': 0.3794649856122161, 'acc': 0.3973, 'precision': 0.38908707677842713, 'recall': 0.3990192468125378}
12/20/2023 17:06:50 - INFO - __main__ - Epoch:3, Val Accuracy:0.3973, f1:0.3794649856122161

12/20/2023 17:06:50 - INFO - __main__ - lr:2.8683631183645395e-05
12/20/2023 17:06:50 - INFO - __main__ - ==========Epoch:4==========
Save best weights
12/20/2023 17:06:55 - INFO - utils.common - 计算 f1 score ing...
12/20/2023 17:06:55 - INFO - utils.common - F1score = 0.39365965561786725
12/20/2023 17:06:55 - INFO - utils.common - 计算 accuracy ing...
12/20/2023 17:06:55 - INFO - utils.common - acc = 0.41125
12/20/2023 17:06:55 - INFO - utils.common - 计算 precision ing...
12/20/2023 17:06:55 - INFO - utils.common - precision = 0.4051312287326417
12/20/2023 17:06:55 - INFO - utils.common - 计算 recall ing...
12/20/2023 17:06:55 - INFO - utils.common - result = {'f1score': 0.39365965561786725, 'acc': 0.41125, 'precision': 0.4051312287326417, 'recall': 0.41460345342540794}
12/20/2023 17:06:55 - INFO - __main__ - Epoch:4, Train Accuracy:0.41125, f1:0.39365965561786725

Epoch: [4][0/7]	
12/20/2023 17:07:07 - INFO - utils.common - 计算 f1 score ing...
12/20/2023 17:07:07 - INFO - utils.common - F1score = 0.3943594161530106
12/20/2023 17:07:07 - INFO - utils.common - 计算 accuracy ing...
12/20/2023 17:07:07 - INFO - utils.common - acc = 0.41305
12/20/2023 17:07:07 - INFO - utils.common - 计算 precision ing...
12/20/2023 17:07:07 - INFO - utils.common - precision = 0.4068452283436782
12/20/2023 17:07:07 - INFO - utils.common - 计算 recall ing...
12/20/2023 17:07:07 - INFO - utils.common - result = {'f1score': 0.3943594161530106, 'acc': 0.41305, 'precision': 0.4068452283436782, 'recall': 0.4141342415532015}
12/20/2023 17:07:07 - INFO - __main__ - Epoch:4, Val Accuracy:0.41305, f1:0.3943594161530106

12/20/2023 17:07:07 - INFO - __main__ - lr:0.0003
12/20/2023 17:07:07 - INFO - __main__ - ==========Epoch:5==========
Save best weights
12/20/2023 17:07:12 - INFO - utils.common - 计算 f1 score ing...
12/20/2023 17:07:12 - INFO - utils.common - F1score = 0.4846042170639818
12/20/2023 17:07:12 - INFO - utils.common - 计算 accuracy ing...
12/20/2023 17:07:12 - INFO - utils.common - acc = 0.50125
12/20/2023 17:07:12 - INFO - utils.common - 计算 precision ing...
12/20/2023 17:07:12 - INFO - utils.common - precision = 0.5034814560547584
12/20/2023 17:07:12 - INFO - utils.common - 计算 recall ing...
12/20/2023 17:07:12 - INFO - utils.common - result = {'f1score': 0.4846042170639818, 'acc': 0.50125, 'precision': 0.5034814560547584, 'recall': 0.5054230524205663}
12/20/2023 17:07:12 - INFO - __main__ - Epoch:5, Train Accuracy:0.50125, f1:0.4846042170639818

Epoch: [5][0/7]	
12/20/2023 17:07:24 - INFO - utils.common - 计算 f1 score ing...
12/20/2023 17:07:24 - INFO - utils.common - F1score = 0.5590527474873379
12/20/2023 17:07:24 - INFO - utils.common - 计算 accuracy ing...
12/20/2023 17:07:24 - INFO - utils.common - acc = 0.57445
12/20/2023 17:07:24 - INFO - utils.common - 计算 precision ing...
12/20/2023 17:07:24 - INFO - utils.common - precision = 0.5819155613162764
12/20/2023 17:07:24 - INFO - utils.common - 计算 recall ing...
12/20/2023 17:07:24 - INFO - utils.common - result = {'f1score': 0.5590527474873379, 'acc': 0.57445, 'precision': 0.5819155613162764, 'recall': 0.5735354936928421}
12/20/2023 17:07:24 - INFO - __main__ - Epoch:5, Val Accuracy:0.57445, f1:0.5590527474873379

12/20/2023 17:07:24 - INFO - __main__ - lr:0.00027135636881635457
12/20/2023 17:07:24 - INFO - __main__ - ==========Epoch:6==========
Save best weights
12/20/2023 17:07:29 - INFO - utils.common - 计算 f1 score ing...
12/20/2023 17:07:29 - INFO - utils.common - F1score = 0.6259880463848675
12/20/2023 17:07:29 - INFO - utils.common - 计算 accuracy ing...
12/20/2023 17:07:29 - INFO - utils.common - acc = 0.6425
12/20/2023 17:07:29 - INFO - utils.common - 计算 precision ing...
12/20/2023 17:07:29 - INFO - utils.common - precision = 0.6502693313917465
12/20/2023 17:07:29 - INFO - utils.common - 计算 recall ing...
12/20/2023 17:07:29 - INFO - utils.common - result = {'f1score': 0.6259880463848675, 'acc': 0.6425, 'precision': 0.6502693313917465, 'recall': 0.6378825636188421}
12/20/2023 17:07:29 - INFO - __main__ - Epoch:6, Train Accuracy:0.6425, f1:0.6259880463848675

Epoch: [6][0/7]	
12/20/2023 17:07:41 - INFO - utils.common - 计算 f1 score ing...
12/20/2023 17:07:41 - INFO - utils.common - F1score = 0.6684197016650021
12/20/2023 17:07:41 - INFO - utils.common - 计算 accuracy ing...
12/20/2023 17:07:41 - INFO - utils.common - acc = 0.6795
12/20/2023 17:07:41 - INFO - utils.common - 计算 precision ing...
12/20/2023 17:07:41 - INFO - utils.common - precision = 0.702153419827948
12/20/2023 17:07:41 - INFO - utils.common - 计算 recall ing...
12/20/2023 17:07:41 - INFO - utils.common - result = {'f1score': 0.6684197016650021, 'acc': 0.6795, 'precision': 0.702153419827948, 'recall': 0.6746954409933553}
12/20/2023 17:07:41 - INFO - __main__ - Epoch:6, Val Accuracy:0.6795, f1:0.6684197016650021

12/20/2023 17:07:41 - INFO - __main__ - lr:0.0001963663688163546
12/20/2023 17:07:41 - INFO - __main__ - ==========Epoch:7==========
Save best weights
12/20/2023 17:07:46 - INFO - utils.common - 计算 f1 score ing...
12/20/2023 17:07:46 - INFO - utils.common - F1score = 0.6916858574665553
12/20/2023 17:07:46 - INFO - utils.common - 计算 accuracy ing...
12/20/2023 17:07:46 - INFO - utils.common - acc = 0.705
12/20/2023 17:07:46 - INFO - utils.common - 计算 precision ing...
12/20/2023 17:07:46 - INFO - utils.common - precision = 0.7194107778956984
12/20/2023 17:07:46 - INFO - utils.common - 计算 recall ing...
12/20/2023 17:07:46 - INFO - utils.common - result = {'f1score': 0.6916858574665553, 'acc': 0.705, 'precision': 0.7194107778956984, 'recall': 0.6929084600819159}
12/20/2023 17:07:46 - INFO - __main__ - Epoch:7, Train Accuracy:0.705, f1:0.6916858574665553

Epoch: [7][0/7]	
12/20/2023 17:07:57 - INFO - utils.common - 计算 f1 score ing...
12/20/2023 17:07:58 - INFO - utils.common - F1score = 0.7298355065082752
12/20/2023 17:07:58 - INFO - utils.common - 计算 accuracy ing...
12/20/2023 17:07:58 - INFO - utils.common - acc = 0.73655
12/20/2023 17:07:58 - INFO - utils.common - 计算 precision ing...
12/20/2023 17:07:58 - INFO - utils.common - precision = 0.7635324800037816
12/20/2023 17:07:58 - INFO - utils.common - 计算 recall ing...
12/20/2023 17:07:58 - INFO - utils.common - result = {'f1score': 0.7298355065082752, 'acc': 0.73655, 'precision': 0.7635324800037816, 'recall': 0.7307185966072939}
12/20/2023 17:07:58 - INFO - __main__ - Epoch:7, Val Accuracy:0.73655, f1:0.7298355065082752

12/20/2023 17:07:58 - INFO - __main__ - lr:0.0001036736311836454
12/20/2023 17:07:58 - INFO - __main__ - ==========Epoch:8==========
Save best weights
12/20/2023 17:08:03 - INFO - utils.common - 计算 f1 score ing...
12/20/2023 17:08:03 - INFO - utils.common - F1score = 0.7625170206874867
12/20/2023 17:08:03 - INFO - utils.common - 计算 accuracy ing...
12/20/2023 17:08:03 - INFO - utils.common - acc = 0.76875
12/20/2023 17:08:03 - INFO - utils.common - 计算 precision ing...
12/20/2023 17:08:03 - INFO - utils.common - precision = 0.7871269053785426
12/20/2023 17:08:03 - INFO - utils.common - 计算 recall ing...
12/20/2023 17:08:03 - INFO - utils.common - result = {'f1score': 0.7625170206874867, 'acc': 0.76875, 'precision': 0.7871269053785426, 'recall': 0.7590402647918425}
12/20/2023 17:08:03 - INFO - __main__ - Epoch:8, Train Accuracy:0.76875, f1:0.7625170206874867

Epoch: [8][0/7]	
12/20/2023 17:08:15 - INFO - utils.common - 计算 f1 score ing...
12/20/2023 17:08:15 - INFO - utils.common - F1score = 0.7573905226678997
12/20/2023 17:08:15 - INFO - utils.common - 计算 accuracy ing...
12/20/2023 17:08:15 - INFO - utils.common - acc = 0.76245
12/20/2023 17:08:15 - INFO - utils.common - 计算 precision ing...
12/20/2023 17:08:15 - INFO - utils.common - precision = 0.7867705093681472
12/20/2023 17:08:15 - INFO - utils.common - 计算 recall ing...
12/20/2023 17:08:16 - INFO - utils.common - result = {'f1score': 0.7573905226678997, 'acc': 0.76245, 'precision': 0.7867705093681472, 'recall': 0.7571212823792526}
12/20/2023 17:08:16 - INFO - __main__ - Epoch:8, Val Accuracy:0.76245, f1:0.7573905226678997

12/20/2023 17:08:16 - INFO - __main__ - lr:2.8683631183645395e-05
12/20/2023 17:08:16 - INFO - __main__ - ==========Epoch:9==========
Save best weights
12/20/2023 17:08:21 - INFO - utils.common - 计算 f1 score ing...
12/20/2023 17:08:21 - INFO - utils.common - F1score = 0.7843181544345382
12/20/2023 17:08:21 - INFO - utils.common - 计算 accuracy ing...
12/20/2023 17:08:21 - INFO - utils.common - acc = 0.79125
12/20/2023 17:08:21 - INFO - utils.common - 计算 precision ing...
12/20/2023 17:08:21 - INFO - utils.common - precision = 0.8073800845665595
12/20/2023 17:08:21 - INFO - utils.common - 计算 recall ing...
12/20/2023 17:08:21 - INFO - utils.common - result = {'f1score': 0.7843181544345382, 'acc': 0.79125, 'precision': 0.8073800845665595, 'recall': 0.7798349018611019}
12/20/2023 17:08:21 - INFO - __main__ - Epoch:9, Train Accuracy:0.79125, f1:0.7843181544345382

Epoch: [9][0/7]	
12/20/2023 17:08:33 - INFO - utils.common - 计算 f1 score ing...
12/20/2023 17:08:33 - INFO - utils.common - F1score = 0.763915962266599
12/20/2023 17:08:33 - INFO - utils.common - 计算 accuracy ing...
12/20/2023 17:08:33 - INFO - utils.common - acc = 0.7686
12/20/2023 17:08:33 - INFO - utils.common - 计算 precision ing...
12/20/2023 17:08:33 - INFO - utils.common - precision = 0.7939062259977457
12/20/2023 17:08:33 - INFO - utils.common - 计算 recall ing...
12/20/2023 17:08:33 - INFO - utils.common - result = {'f1score': 0.763915962266599, 'acc': 0.7686, 'precision': 0.7939062259977457, 'recall': 0.7632717373513618}
12/20/2023 17:08:33 - INFO - __main__ - Epoch:9, Val Accuracy:0.7686, f1:0.763915962266599

12/20/2023 17:08:33 - INFO - __main__ - lr:0.0003
12/20/2023 17:08:33 - INFO - __main__ - ==========Epoch:10==========
Save best weights
12/20/2023 17:08:38 - INFO - utils.common - 计算 f1 score ing...
12/20/2023 17:08:38 - INFO - utils.common - F1score = 0.807824788410572
12/20/2023 17:08:38 - INFO - utils.common - 计算 accuracy ing...
12/20/2023 17:08:38 - INFO - utils.common - acc = 0.81125
12/20/2023 17:08:38 - INFO - utils.common - 计算 precision ing...
12/20/2023 17:08:38 - INFO - utils.common - precision = 0.832221387453337
12/20/2023 17:08:38 - INFO - utils.common - 计算 recall ing...
12/20/2023 17:08:38 - INFO - utils.common - result = {'f1score': 0.807824788410572, 'acc': 0.81125, 'precision': 0.832221387453337, 'recall': 0.8009594421958163}
12/20/2023 17:08:38 - INFO - __main__ - Epoch:10, Train Accuracy:0.81125, f1:0.807824788410572

Epoch: [10][0/7]	
12/20/2023 17:08:50 - INFO - utils.common - 计算 f1 score ing...
12/20/2023 17:08:50 - INFO - utils.common - F1score = 0.8345185366372925
12/20/2023 17:08:50 - INFO - utils.common - 计算 accuracy ing...
12/20/2023 17:08:50 - INFO - utils.common - acc = 0.836
12/20/2023 17:08:50 - INFO - utils.common - 计算 precision ing...
12/20/2023 17:08:50 - INFO - utils.common - precision = 0.8552307396351381
12/20/2023 17:08:50 - INFO - utils.common - 计算 recall ing...
12/20/2023 17:08:50 - INFO - utils.common - result = {'f1score': 0.8345185366372925, 'acc': 0.836, 'precision': 0.8552307396351381, 'recall': 0.8312099910114872}
12/20/2023 17:08:50 - INFO - __main__ - Epoch:10, Val Accuracy:0.836, f1:0.8345185366372925

12/20/2023 17:08:50 - INFO - __main__ - lr:0.00027135636881635457
12/20/2023 17:08:50 - INFO - __main__ - ==========Epoch:11==========
Save best weights
12/20/2023 17:08:55 - INFO - utils.common - 计算 f1 score ing...
12/20/2023 17:08:55 - INFO - utils.common - F1score = 0.8682357817569513
12/20/2023 17:08:55 - INFO - utils.common - 计算 accuracy ing...
12/20/2023 17:08:55 - INFO - utils.common - acc = 0.8675
12/20/2023 17:08:55 - INFO - utils.common - 计算 precision ing...
12/20/2023 17:08:55 - INFO - utils.common - precision = 0.8834831471978569
12/20/2023 17:08:55 - INFO - utils.common - 计算 recall ing...
12/20/2023 17:08:55 - INFO - utils.common - result = {'f1score': 0.8682357817569513, 'acc': 0.8675, 'precision': 0.8834831471978569, 'recall': 0.8621885539890894}
12/20/2023 17:08:55 - INFO - __main__ - Epoch:11, Train Accuracy:0.8675, f1:0.8682357817569513

Epoch: [11][0/7]	
12/20/2023 17:09:07 - INFO - utils.common - 计算 f1 score ing...
12/20/2023 17:09:07 - INFO - utils.common - F1score = 0.8821772043463223
12/20/2023 17:09:07 - INFO - utils.common - 计算 accuracy ing...
12/20/2023 17:09:07 - INFO - utils.common - acc = 0.8827
12/20/2023 17:09:07 - INFO - utils.common - 计算 precision ing...
12/20/2023 17:09:07 - INFO - utils.common - precision = 0.89567643593084
12/20/2023 17:09:07 - INFO - utils.common - 计算 recall ing...
12/20/2023 17:09:07 - INFO - utils.common - result = {'f1score': 0.8821772043463223, 'acc': 0.8827, 'precision': 0.89567643593084, 'recall': 0.8785940618483674}
12/20/2023 17:09:07 - INFO - __main__ - Epoch:11, Val Accuracy:0.8827, f1:0.8821772043463223

12/20/2023 17:09:07 - INFO - __main__ - lr:0.0001963663688163546
12/20/2023 17:09:07 - INFO - __main__ - ==========Epoch:12==========
Save best weights
12/20/2023 17:09:12 - INFO - utils.common - 计算 f1 score ing...
12/20/2023 17:09:12 - INFO - utils.common - F1score = 0.9008698664529418
12/20/2023 17:09:12 - INFO - utils.common - 计算 accuracy ing...
12/20/2023 17:09:12 - INFO - utils.common - acc = 0.9025
12/20/2023 17:09:12 - INFO - utils.common - 计算 precision ing...
12/20/2023 17:09:12 - INFO - utils.common - precision = 0.9113670409101609
12/20/2023 17:09:12 - INFO - utils.common - 计算 recall ing...
12/20/2023 17:09:12 - INFO - utils.common - result = {'f1score': 0.9008698664529418, 'acc': 0.9025, 'precision': 0.9113670409101609, 'recall': 0.8963485223668815}
12/20/2023 17:09:12 - INFO - __main__ - Epoch:12, Train Accuracy:0.9025, f1:0.9008698664529418

Epoch: [12][0/7]	
12/20/2023 17:09:24 - INFO - utils.common - 计算 f1 score ing...
12/20/2023 17:09:24 - INFO - utils.common - F1score = 0.9069510101669884
12/20/2023 17:09:24 - INFO - utils.common - 计算 accuracy ing...
12/20/2023 17:09:24 - INFO - utils.common - acc = 0.90715
12/20/2023 17:09:24 - INFO - utils.common - 计算 precision ing...
12/20/2023 17:09:24 - INFO - utils.common - precision = 0.9159243701455223
12/20/2023 17:09:24 - INFO - utils.common - 计算 recall ing...
12/20/2023 17:09:24 - INFO - utils.common - result = {'f1score': 0.9069510101669884, 'acc': 0.90715, 'precision': 0.9159243701455223, 'recall': 0.903997066673734}
12/20/2023 17:09:24 - INFO - __main__ - Epoch:12, Val Accuracy:0.90715, f1:0.9069510101669884

12/20/2023 17:09:24 - INFO - __main__ - lr:0.0001036736311836454
12/20/2023 17:09:24 - INFO - __main__ - ==========Epoch:13==========
Save best weights
12/20/2023 17:09:29 - INFO - utils.common - 计算 f1 score ing...
12/20/2023 17:09:29 - INFO - utils.common - F1score = 0.9144990364028351
12/20/2023 17:09:29 - INFO - utils.common - 计算 accuracy ing...
12/20/2023 17:09:29 - INFO - utils.common - acc = 0.9175
12/20/2023 17:09:29 - INFO - utils.common - 计算 precision ing...
12/20/2023 17:09:29 - INFO - utils.common - precision = 0.9248492769107899
12/20/2023 17:09:29 - INFO - utils.common - 计算 recall ing...
12/20/2023 17:09:29 - INFO - utils.common - result = {'f1score': 0.9144990364028351, 'acc': 0.9175, 'precision': 0.9248492769107899, 'recall': 0.9096908792022581}
12/20/2023 17:09:29 - INFO - __main__ - Epoch:13, Train Accuracy:0.9175, f1:0.9144990364028351

Epoch: [13][0/7]	
12/20/2023 17:09:41 - INFO - utils.common - 计算 f1 score ing...
12/20/2023 17:09:41 - INFO - utils.common - F1score = 0.9139475851874234
12/20/2023 17:09:41 - INFO - utils.common - 计算 accuracy ing...
12/20/2023 17:09:41 - INFO - utils.common - acc = 0.9142
12/20/2023 17:09:41 - INFO - utils.common - 计算 precision ing...
12/20/2023 17:09:41 - INFO - utils.common - precision = 0.9227780114483934
12/20/2023 17:09:41 - INFO - utils.common - 计算 recall ing...
12/20/2023 17:09:41 - INFO - utils.common - result = {'f1score': 0.9139475851874234, 'acc': 0.9142, 'precision': 0.9227780114483934, 'recall': 0.9108384252847895}
12/20/2023 17:09:41 - INFO - __main__ - Epoch:13, Val Accuracy:0.9142, f1:0.9139475851874234

12/20/2023 17:09:41 - INFO - __main__ - lr:2.8683631183645395e-05
12/20/2023 17:09:41 - INFO - __main__ - ==========Epoch:14==========
Save best weights
12/20/2023 17:09:46 - INFO - utils.common - 计算 f1 score ing...
12/20/2023 17:09:46 - INFO - utils.common - F1score = 0.9100755642686948
12/20/2023 17:09:46 - INFO - utils.common - 计算 accuracy ing...
12/20/2023 17:09:46 - INFO - utils.common - acc = 0.91125
12/20/2023 17:09:46 - INFO - utils.common - 计算 precision ing...
12/20/2023 17:09:46 - INFO - utils.common - precision = 0.9185529003114543
12/20/2023 17:09:46 - INFO - utils.common - 计算 recall ing...
12/20/2023 17:09:46 - INFO - utils.common - result = {'f1score': 0.9100755642686948, 'acc': 0.91125, 'precision': 0.9185529003114543, 'recall': 0.9069106526125075}
12/20/2023 17:09:46 - INFO - __main__ - Epoch:14, Train Accuracy:0.91125, f1:0.9100755642686948

Epoch: [14][0/7]	
12/20/2023 17:09:58 - INFO - utils.common - 计算 f1 score ing...
12/20/2023 17:09:58 - INFO - utils.common - F1score = 0.9138440071699071
12/20/2023 17:09:58 - INFO - utils.common - 计算 accuracy ing...
12/20/2023 17:09:58 - INFO - utils.common - acc = 0.91435
12/20/2023 17:09:58 - INFO - utils.common - 计算 precision ing...
12/20/2023 17:09:58 - INFO - utils.common - precision = 0.9227297041029128
12/20/2023 17:09:58 - INFO - utils.common - 计算 recall ing...
12/20/2023 17:09:58 - INFO - utils.common - result = {'f1score': 0.9138440071699071, 'acc': 0.91435, 'precision': 0.9227297041029128, 'recall': 0.9108878946686223}
12/20/2023 17:09:58 - INFO - __main__ - Epoch:14, Val Accuracy:0.91435, f1:0.9138440071699071

12/20/2023 17:09:58 - INFO - __main__ - lr:0.0003
12/20/2023 17:09:58 - INFO - __main__ - ==========Epoch:15==========
Save best weights
12/20/2023 17:10:03 - INFO - utils.common - 计算 f1 score ing...
12/20/2023 17:10:03 - INFO - utils.common - F1score = 0.917202203546102
12/20/2023 17:10:03 - INFO - utils.common - 计算 accuracy ing...
12/20/2023 17:10:03 - INFO - utils.common - acc = 0.91875
12/20/2023 17:10:03 - INFO - utils.common - 计算 precision ing...
12/20/2023 17:10:03 - INFO - utils.common - precision = 0.9267101201437727
12/20/2023 17:10:03 - INFO - utils.common - 计算 recall ing...
12/20/2023 17:10:03 - INFO - utils.common - result = {'f1score': 0.917202203546102, 'acc': 0.91875, 'precision': 0.9267101201437727, 'recall': 0.9115610944880402}
12/20/2023 17:10:03 - INFO - __main__ - Epoch:15, Train Accuracy:0.91875, f1:0.917202203546102

Epoch: [15][0/7]	
12/20/2023 17:10:14 - INFO - utils.common - 计算 f1 score ing...
12/20/2023 17:10:14 - INFO - utils.common - F1score = 0.9301296207428129
12/20/2023 17:10:14 - INFO - utils.common - 计算 accuracy ing...
12/20/2023 17:10:14 - INFO - utils.common - acc = 0.9306
12/20/2023 17:10:14 - INFO - utils.common - 计算 precision ing...
12/20/2023 17:10:14 - INFO - utils.common - precision = 0.9367698879323224
12/20/2023 17:10:14 - INFO - utils.common - 计算 recall ing...
12/20/2023 17:10:14 - INFO - utils.common - result = {'f1score': 0.9301296207428129, 'acc': 0.9306, 'precision': 0.9367698879323224, 'recall': 0.927867546577714}
12/20/2023 17:10:14 - INFO - __main__ - Epoch:15, Val Accuracy:0.9306, f1:0.9301296207428129

12/20/2023 17:10:14 - INFO - __main__ - lr:0.00027135636881635457
12/20/2023 17:10:14 - INFO - __main__ - ==========Epoch:16==========
Save best weights
12/20/2023 17:10:20 - INFO - utils.common - 计算 f1 score ing...
12/20/2023 17:10:20 - INFO - utils.common - F1score = 0.9293205407221801
12/20/2023 17:10:20 - INFO - utils.common - 计算 accuracy ing...
12/20/2023 17:10:20 - INFO - utils.common - acc = 0.92875
12/20/2023 17:10:20 - INFO - utils.common - 计算 precision ing...
12/20/2023 17:10:20 - INFO - utils.common - precision = 0.9355242934436347
12/20/2023 17:10:20 - INFO - utils.common - 计算 recall ing...
12/20/2023 17:10:20 - INFO - utils.common - result = {'f1score': 0.9293205407221801, 'acc': 0.92875, 'precision': 0.9355242934436347, 'recall': 0.9256350926890227}
12/20/2023 17:10:20 - INFO - __main__ - Epoch:16, Train Accuracy:0.92875, f1:0.9293205407221801

Epoch: [16][0/7]	
12/20/2023 17:10:31 - INFO - utils.common - 计算 f1 score ing...
12/20/2023 17:10:31 - INFO - utils.common - F1score = 0.9385411253146881
12/20/2023 17:10:31 - INFO - utils.common - 计算 accuracy ing...
12/20/2023 17:10:32 - INFO - utils.common - acc = 0.939
12/20/2023 17:10:32 - INFO - utils.common - 计算 precision ing...
12/20/2023 17:10:32 - INFO - utils.common - precision = 0.9440464732050986
12/20/2023 17:10:32 - INFO - utils.common - 计算 recall ing...
12/20/2023 17:10:32 - INFO - utils.common - result = {'f1score': 0.9385411253146881, 'acc': 0.939, 'precision': 0.9440464732050986, 'recall': 0.9366529997832047}
12/20/2023 17:10:32 - INFO - __main__ - Epoch:16, Val Accuracy:0.939, f1:0.9385411253146881

12/20/2023 17:10:32 - INFO - __main__ - lr:0.0001963663688163546
12/20/2023 17:10:32 - INFO - __main__ - ==========Epoch:17==========
Save best weights
12/20/2023 17:10:38 - INFO - utils.common - 计算 f1 score ing...
12/20/2023 17:10:38 - INFO - utils.common - F1score = 0.9442644829585561
12/20/2023 17:10:38 - INFO - utils.common - 计算 accuracy ing...
12/20/2023 17:10:38 - INFO - utils.common - acc = 0.94375
12/20/2023 17:10:38 - INFO - utils.common - 计算 precision ing...
12/20/2023 17:10:38 - INFO - utils.common - precision = 0.9523506168656595
12/20/2023 17:10:38 - INFO - utils.common - 计算 recall ing...
12/20/2023 17:10:38 - INFO - utils.common - result = {'f1score': 0.9442644829585561, 'acc': 0.94375, 'precision': 0.9523506168656595, 'recall': 0.9391881660862345}
12/20/2023 17:10:38 - INFO - __main__ - Epoch:17, Train Accuracy:0.94375, f1:0.9442644829585561

Epoch: [17][0/7]	
12/20/2023 17:10:49 - INFO - utils.common - 计算 f1 score ing...
12/20/2023 17:10:50 - INFO - utils.common - F1score = 0.9419277874716054
12/20/2023 17:10:50 - INFO - utils.common - 计算 accuracy ing...
12/20/2023 17:10:50 - INFO - utils.common - acc = 0.9424
12/20/2023 17:10:50 - INFO - utils.common - 计算 precision ing...
12/20/2023 17:10:50 - INFO - utils.common - precision = 0.9476058549047812
12/20/2023 17:10:50 - INFO - utils.common - 计算 recall ing...
12/20/2023 17:10:50 - INFO - utils.common - result = {'f1score': 0.9419277874716054, 'acc': 0.9424, 'precision': 0.9476058549047812, 'recall': 0.9399300130815479}
12/20/2023 17:10:50 - INFO - __main__ - Epoch:17, Val Accuracy:0.9424, f1:0.9419277874716054

12/20/2023 17:10:50 - INFO - __main__ - lr:0.0001036736311836454
12/20/2023 17:10:50 - INFO - __main__ - ==========Epoch:18==========
Save best weights
12/20/2023 17:10:55 - INFO - utils.common - 计算 f1 score ing...
12/20/2023 17:10:55 - INFO - utils.common - F1score = 0.9471808715727119
12/20/2023 17:10:55 - INFO - utils.common - 计算 accuracy ing...
12/20/2023 17:10:55 - INFO - utils.common - acc = 0.94875
12/20/2023 17:10:55 - INFO - utils.common - 计算 precision ing...
12/20/2023 17:10:55 - INFO - utils.common - precision = 0.9548278892887843
12/20/2023 17:10:55 - INFO - utils.common - 计算 recall ing...
12/20/2023 17:10:55 - INFO - utils.common - result = {'f1score': 0.9471808715727119, 'acc': 0.94875, 'precision': 0.9548278892887843, 'recall': 0.9440279177513831}
12/20/2023 17:10:55 - INFO - __main__ - Epoch:18, Train Accuracy:0.94875, f1:0.9471808715727119

Epoch: [18][0/7]	
12/20/2023 17:11:06 - INFO - utils.common - 计算 f1 score ing...
12/20/2023 17:11:06 - INFO - utils.common - F1score = 0.9448123918967476
12/20/2023 17:11:06 - INFO - utils.common - 计算 accuracy ing...
12/20/2023 17:11:06 - INFO - utils.common - acc = 0.9452
12/20/2023 17:11:06 - INFO - utils.common - 计算 precision ing...
12/20/2023 17:11:06 - INFO - utils.common - precision = 0.949968817982489
12/20/2023 17:11:06 - INFO - utils.common - 计算 recall ing...
12/20/2023 17:11:06 - INFO - utils.common - result = {'f1score': 0.9448123918967476, 'acc': 0.9452, 'precision': 0.949968817982489, 'recall': 0.9429272693074423}
12/20/2023 17:11:06 - INFO - __main__ - Epoch:18, Val Accuracy:0.9452, f1:0.9448123918967476

12/20/2023 17:11:06 - INFO - __main__ - lr:2.8683631183645395e-05
12/20/2023 17:11:06 - INFO - __main__ - ==========Epoch:19==========
Save best weights
12/20/2023 17:11:12 - INFO - utils.common - 计算 f1 score ing...
12/20/2023 17:11:12 - INFO - utils.common - F1score = 0.9427194963307755
12/20/2023 17:11:12 - INFO - utils.common - 计算 accuracy ing...
12/20/2023 17:11:12 - INFO - utils.common - acc = 0.945
12/20/2023 17:11:12 - INFO - utils.common - 计算 precision ing...
12/20/2023 17:11:12 - INFO - utils.common - precision = 0.9481565570337287
12/20/2023 17:11:12 - INFO - utils.common - 计算 recall ing...
12/20/2023 17:11:12 - INFO - utils.common - result = {'f1score': 0.9427194963307755, 'acc': 0.945, 'precision': 0.9481565570337287, 'recall': 0.9404855784947581}
12/20/2023 17:11:12 - INFO - __main__ - Epoch:19, Train Accuracy:0.945, f1:0.9427194963307755

Epoch: [19][0/7]	
12/20/2023 17:11:24 - INFO - utils.common - 计算 f1 score ing...
12/20/2023 17:11:24 - INFO - utils.common - F1score = 0.9445050120423508
12/20/2023 17:11:24 - INFO - utils.common - 计算 accuracy ing...
12/20/2023 17:11:24 - INFO - utils.common - acc = 0.94495
12/20/2023 17:11:24 - INFO - utils.common - 计算 precision ing...
12/20/2023 17:11:24 - INFO - utils.common - precision = 0.9495270332806531
12/20/2023 17:11:24 - INFO - utils.common - 计算 recall ing...
12/20/2023 17:11:24 - INFO - utils.common - result = {'f1score': 0.9445050120423508, 'acc': 0.94495, 'precision': 0.9495270332806531, 'recall': 0.9426503164239419}
12/20/2023 17:11:24 - INFO - __main__ - Epoch:19, Val Accuracy:0.94495, f1:0.9445050120423508

12/20/2023 17:11:24 - INFO - __main__ - lr:0.0003
12/20/2023 17:11:24 - INFO - __main__ - ==========Epoch:20==========
early_st 4
12/20/2023 17:11:30 - INFO - utils.common - 计算 f1 score ing...
12/20/2023 17:11:30 - INFO - utils.common - F1score = 0.9447816119792173
12/20/2023 17:11:30 - INFO - utils.common - 计算 accuracy ing...
12/20/2023 17:11:30 - INFO - utils.common - acc = 0.945
12/20/2023 17:11:30 - INFO - utils.common - 计算 precision ing...
12/20/2023 17:11:30 - INFO - utils.common - precision = 0.9514785232831893
12/20/2023 17:11:30 - INFO - utils.common - 计算 recall ing...
12/20/2023 17:11:30 - INFO - utils.common - result = {'f1score': 0.9447816119792173, 'acc': 0.945, 'precision': 0.9514785232831893, 'recall': 0.9409700146934801}
12/20/2023 17:11:30 - INFO - __main__ - Epoch:20, Train Accuracy:0.945, f1:0.9447816119792173

Epoch: [20][0/7]	
12/20/2023 17:11:42 - INFO - utils.common - 计算 f1 score ing...
12/20/2023 17:11:42 - INFO - utils.common - F1score = 0.9498034782404778
12/20/2023 17:11:42 - INFO - utils.common - 计算 accuracy ing...
12/20/2023 17:11:42 - INFO - utils.common - acc = 0.9503
12/20/2023 17:11:42 - INFO - utils.common - 计算 precision ing...
12/20/2023 17:11:42 - INFO - utils.common - precision = 0.9539921015322269
12/20/2023 17:11:42 - INFO - utils.common - 计算 recall ing...
12/20/2023 17:11:42 - INFO - utils.common - result = {'f1score': 0.9498034782404778, 'acc': 0.9503, 'precision': 0.9539921015322269, 'recall': 0.9481932985830657}
12/20/2023 17:11:42 - INFO - __main__ - Epoch:20, Val Accuracy:0.9503, f1:0.9498034782404778

12/20/2023 17:11:42 - INFO - __main__ - lr:0.00027135636881635457
12/20/2023 17:11:42 - INFO - __main__ - ==========Epoch:21==========
Save best weights
12/20/2023 17:11:47 - INFO - utils.common - 计算 f1 score ing...
12/20/2023 17:11:47 - INFO - utils.common - F1score = 0.9513052970192637
12/20/2023 17:11:47 - INFO - utils.common - 计算 accuracy ing...
12/20/2023 17:11:47 - INFO - utils.common - acc = 0.9525
12/20/2023 17:11:47 - INFO - utils.common - 计算 precision ing...
12/20/2023 17:11:47 - INFO - utils.common - precision = 0.9568634507467804
12/20/2023 17:11:47 - INFO - utils.common - 计算 recall ing...
12/20/2023 17:11:47 - INFO - utils.common - result = {'f1score': 0.9513052970192637, 'acc': 0.9525, 'precision': 0.9568634507467804, 'recall': 0.9479202105325647}
12/20/2023 17:11:47 - INFO - __main__ - Epoch:21, Train Accuracy:0.9525, f1:0.9513052970192637

Epoch: [21][0/7]	
12/20/2023 17:11:59 - INFO - utils.common - 计算 f1 score ing...
12/20/2023 17:11:59 - INFO - utils.common - F1score = 0.9512598856313489
12/20/2023 17:11:59 - INFO - utils.common - 计算 accuracy ing...
12/20/2023 17:11:59 - INFO - utils.common - acc = 0.95175
12/20/2023 17:11:59 - INFO - utils.common - 计算 precision ing...
12/20/2023 17:11:59 - INFO - utils.common - precision = 0.9552674398667522
12/20/2023 17:11:59 - INFO - utils.common - 计算 recall ing...
12/20/2023 17:11:59 - INFO - utils.common - result = {'f1score': 0.9512598856313489, 'acc': 0.95175, 'precision': 0.9552674398667522, 'recall': 0.9496072171738172}
12/20/2023 17:11:59 - INFO - __main__ - Epoch:21, Val Accuracy:0.95175, f1:0.9512598856313489

12/20/2023 17:11:59 - INFO - __main__ - lr:0.0001963663688163546
12/20/2023 17:11:59 - INFO - __main__ - ==========Epoch:22==========
Save best weights
12/20/2023 17:12:05 - INFO - utils.common - 计算 f1 score ing...
12/20/2023 17:12:05 - INFO - utils.common - F1score = 0.9503090762516978
12/20/2023 17:12:05 - INFO - utils.common - 计算 accuracy ing...
12/20/2023 17:12:05 - INFO - utils.common - acc = 0.95125
12/20/2023 17:12:05 - INFO - utils.common - 计算 precision ing...
12/20/2023 17:12:05 - INFO - utils.common - precision = 0.9553991212579768
12/20/2023 17:12:05 - INFO - utils.common - 计算 recall ing...
12/20/2023 17:12:05 - INFO - utils.common - result = {'f1score': 0.9503090762516978, 'acc': 0.95125, 'precision': 0.9553991212579768, 'recall': 0.9469715728369391}
12/20/2023 17:12:05 - INFO - __main__ - Epoch:22, Train Accuracy:0.95125, f1:0.9503090762516978

Epoch: [22][0/7]	
12/20/2023 17:12:16 - INFO - utils.common - 计算 f1 score ing...
12/20/2023 17:12:16 - INFO - utils.common - F1score = 0.9528212198566225
12/20/2023 17:12:16 - INFO - utils.common - 计算 accuracy ing...
12/20/2023 17:12:16 - INFO - utils.common - acc = 0.9533
12/20/2023 17:12:16 - INFO - utils.common - 计算 precision ing...
12/20/2023 17:12:16 - INFO - utils.common - precision = 0.9562747739905796
12/20/2023 17:12:16 - INFO - utils.common - 计算 recall ing...
12/20/2023 17:12:17 - INFO - utils.common - result = {'f1score': 0.9528212198566225, 'acc': 0.9533, 'precision': 0.9562747739905796, 'recall': 0.9512303780680776}
12/20/2023 17:12:17 - INFO - __main__ - Epoch:22, Val Accuracy:0.9533, f1:0.9528212198566225

12/20/2023 17:12:17 - INFO - __main__ - lr:0.0001036736311836454
12/20/2023 17:12:17 - INFO - __main__ - ==========Epoch:23==========
Save best weights
12/20/2023 17:12:22 - INFO - utils.common - 计算 f1 score ing...
12/20/2023 17:12:22 - INFO - utils.common - F1score = 0.9572831416086309
12/20/2023 17:12:22 - INFO - utils.common - 计算 accuracy ing...
12/20/2023 17:12:22 - INFO - utils.common - acc = 0.95875
12/20/2023 17:12:22 - INFO - utils.common - 计算 precision ing...
12/20/2023 17:12:22 - INFO - utils.common - precision = 0.9620371302541844
12/20/2023 17:12:22 - INFO - utils.common - 计算 recall ing...
12/20/2023 17:12:22 - INFO - utils.common - result = {'f1score': 0.9572831416086309, 'acc': 0.95875, 'precision': 0.9620371302541844, 'recall': 0.9547226641604153}
12/20/2023 17:12:22 - INFO - __main__ - Epoch:23, Train Accuracy:0.95875, f1:0.9572831416086309

Epoch: [23][0/7]	
12/20/2023 17:12:33 - INFO - utils.common - 计算 f1 score ing...
12/20/2023 17:12:33 - INFO - utils.common - F1score = 0.9534091455401398
12/20/2023 17:12:33 - INFO - utils.common - 计算 accuracy ing...
12/20/2023 17:12:33 - INFO - utils.common - acc = 0.95395
12/20/2023 17:12:33 - INFO - utils.common - 计算 precision ing...
12/20/2023 17:12:33 - INFO - utils.common - precision = 0.9570562396231365
12/20/2023 17:12:33 - INFO - utils.common - 计算 recall ing...
12/20/2023 17:12:33 - INFO - utils.common - result = {'f1score': 0.9534091455401398, 'acc': 0.95395, 'precision': 0.9570562396231365, 'recall': 0.9517644419413364}
12/20/2023 17:12:33 - INFO - __main__ - Epoch:23, Val Accuracy:0.95395, f1:0.9534091455401398

12/20/2023 17:12:33 - INFO - __main__ - lr:2.8683631183645395e-05
12/20/2023 17:12:33 - INFO - __main__ - ==========Epoch:24==========
Save best weights
12/20/2023 17:12:39 - INFO - utils.common - 计算 f1 score ing...
12/20/2023 17:12:39 - INFO - utils.common - F1score = 0.9468418211351578
12/20/2023 17:12:39 - INFO - utils.common - 计算 accuracy ing...
12/20/2023 17:12:39 - INFO - utils.common - acc = 0.9475
12/20/2023 17:12:39 - INFO - utils.common - 计算 precision ing...
12/20/2023 17:12:39 - INFO - utils.common - precision = 0.9539388000600029
12/20/2023 17:12:39 - INFO - utils.common - 计算 recall ing...
12/20/2023 17:12:39 - INFO - utils.common - result = {'f1score': 0.9468418211351578, 'acc': 0.9475, 'precision': 0.9539388000600029, 'recall': 0.9431296801061575}
12/20/2023 17:12:39 - INFO - __main__ - Epoch:24, Train Accuracy:0.9475, f1:0.9468418211351578

Epoch: [24][0/7]	
12/20/2023 17:12:51 - INFO - utils.common - 计算 f1 score ing...
12/20/2023 17:12:51 - INFO - utils.common - F1score = 0.9536800415083064
12/20/2023 17:12:51 - INFO - utils.common - 计算 accuracy ing...
12/20/2023 17:12:51 - INFO - utils.common - acc = 0.95425
12/20/2023 17:12:51 - INFO - utils.common - 计算 precision ing...
12/20/2023 17:12:51 - INFO - utils.common - precision = 0.9571261838321026
12/20/2023 17:12:51 - INFO - utils.common - 计算 recall ing...
12/20/2023 17:12:51 - INFO - utils.common - result = {'f1score': 0.9536800415083064, 'acc': 0.95425, 'precision': 0.9571261838321026, 'recall': 0.9521919434673907}
12/20/2023 17:12:51 - INFO - __main__ - Epoch:24, Val Accuracy:0.95425, f1:0.9536800415083064

12/20/2023 17:12:51 - INFO - __main__ - lr:0.0003
12/20/2023 17:12:51 - INFO - __main__ - ==========Epoch:25==========
Save best weights
12/20/2023 17:12:56 - INFO - utils.common - 计算 f1 score ing...
12/20/2023 17:12:56 - INFO - utils.common - F1score = 0.9450911341994037
12/20/2023 17:12:56 - INFO - utils.common - 计算 accuracy ing...
12/20/2023 17:12:56 - INFO - utils.common - acc = 0.9475
12/20/2023 17:12:56 - INFO - utils.common - 计算 precision ing...
12/20/2023 17:12:56 - INFO - utils.common - precision = 0.9497442087580057
12/20/2023 17:12:56 - INFO - utils.common - 计算 recall ing...
12/20/2023 17:12:56 - INFO - utils.common - result = {'f1score': 0.9450911341994037, 'acc': 0.9475, 'precision': 0.9497442087580057, 'recall': 0.9428535661802062}
12/20/2023 17:12:56 - INFO - __main__ - Epoch:25, Train Accuracy:0.9475, f1:0.9450911341994037

Epoch: [25][0/7]	
12/20/2023 17:13:08 - INFO - utils.common - 计算 f1 score ing...
12/20/2023 17:13:08 - INFO - utils.common - F1score = 0.9566400170227745
12/20/2023 17:13:08 - INFO - utils.common - 计算 accuracy ing...
12/20/2023 17:13:08 - INFO - utils.common - acc = 0.95725
12/20/2023 17:13:08 - INFO - utils.common - 计算 precision ing...
12/20/2023 17:13:08 - INFO - utils.common - precision = 0.9591872469831676
12/20/2023 17:13:08 - INFO - utils.common - 计算 recall ing...
12/20/2023 17:13:08 - INFO - utils.common - result = {'f1score': 0.9566400170227745, 'acc': 0.95725, 'precision': 0.9591872469831676, 'recall': 0.9554365597125175}
12/20/2023 17:13:08 - INFO - __main__ - Epoch:25, Val Accuracy:0.95725, f1:0.9566400170227745

12/20/2023 17:13:08 - INFO - __main__ - lr:0.00027135636881635457
12/20/2023 17:13:08 - INFO - __main__ - ==========Epoch:26==========
Save best weights
12/20/2023 17:13:14 - INFO - utils.common - 计算 f1 score ing...
12/20/2023 17:13:14 - INFO - utils.common - F1score = 0.9477180935211611
12/20/2023 17:13:14 - INFO - utils.common - 计算 accuracy ing...
12/20/2023 17:13:14 - INFO - utils.common - acc = 0.94875
12/20/2023 17:13:14 - INFO - utils.common - 计算 precision ing...
12/20/2023 17:13:14 - INFO - utils.common - precision = 0.9558809603774124
12/20/2023 17:13:14 - INFO - utils.common - 计算 recall ing...
12/20/2023 17:13:14 - INFO - utils.common - result = {'f1score': 0.9477180935211611, 'acc': 0.94875, 'precision': 0.9558809603774124, 'recall': 0.942353393457811}
12/20/2023 17:13:14 - INFO - __main__ - Epoch:26, Train Accuracy:0.94875, f1:0.9477180935211611

Epoch: [26][0/7]	
12/20/2023 17:13:26 - INFO - utils.common - 计算 f1 score ing...
12/20/2023 17:13:26 - INFO - utils.common - F1score = 0.9584957137318995
12/20/2023 17:13:26 - INFO - utils.common - 计算 accuracy ing...
12/20/2023 17:13:26 - INFO - utils.common - acc = 0.9591
12/20/2023 17:13:26 - INFO - utils.common - 计算 precision ing...
12/20/2023 17:13:26 - INFO - utils.common - precision = 0.9608038858289627
12/20/2023 17:13:26 - INFO - utils.common - 计算 recall ing...
12/20/2023 17:13:26 - INFO - utils.common - result = {'f1score': 0.9584957137318995, 'acc': 0.9591, 'precision': 0.9608038858289627, 'recall': 0.9573989602124079}
12/20/2023 17:13:26 - INFO - __main__ - Epoch:26, Val Accuracy:0.9591, f1:0.9584957137318995

12/20/2023 17:13:26 - INFO - __main__ - lr:0.0001963663688163546
12/20/2023 17:13:26 - INFO - __main__ - ==========Epoch:27==========
Save best weights
12/20/2023 17:13:31 - INFO - utils.common - 计算 f1 score ing...
12/20/2023 17:13:31 - INFO - utils.common - F1score = 0.955162539284829
12/20/2023 17:13:31 - INFO - utils.common - 计算 accuracy ing...
12/20/2023 17:13:31 - INFO - utils.common - acc = 0.95625
12/20/2023 17:13:31 - INFO - utils.common - 计算 precision ing...
12/20/2023 17:13:31 - INFO - utils.common - precision = 0.9599858812807816
12/20/2023 17:13:31 - INFO - utils.common - 计算 recall ing...
12/20/2023 17:13:31 - INFO - utils.common - result = {'f1score': 0.955162539284829, 'acc': 0.95625, 'precision': 0.9599858812807816, 'recall': 0.9521152121888401}
12/20/2023 17:13:31 - INFO - __main__ - Epoch:27, Train Accuracy:0.95625, f1:0.955162539284829

Epoch: [27][0/7]	
12/20/2023 17:13:42 - INFO - utils.common - 计算 f1 score ing...
12/20/2023 17:13:42 - INFO - utils.common - F1score = 0.9597496163241268
12/20/2023 17:13:42 - INFO - utils.common - 计算 accuracy ing...
12/20/2023 17:13:42 - INFO - utils.common - acc = 0.96045
12/20/2023 17:13:42 - INFO - utils.common - 计算 precision ing...
12/20/2023 17:13:42 - INFO - utils.common - precision = 0.9617473409004824
12/20/2023 17:13:42 - INFO - utils.common - 计算 recall ing...
12/20/2023 17:13:42 - INFO - utils.common - result = {'f1score': 0.9597496163241268, 'acc': 0.96045, 'precision': 0.9617473409004824, 'recall': 0.9588553242769547}
12/20/2023 17:13:42 - INFO - __main__ - Epoch:27, Val Accuracy:0.96045, f1:0.9597496163241268

12/20/2023 17:13:42 - INFO - __main__ - lr:0.0001036736311836454
12/20/2023 17:13:42 - INFO - __main__ - ==========Epoch:28==========
Save best weights
12/20/2023 17:13:48 - INFO - utils.common - 计算 f1 score ing...
12/20/2023 17:13:48 - INFO - utils.common - F1score = 0.9555567372608011
12/20/2023 17:13:48 - INFO - utils.common - 计算 accuracy ing...
12/20/2023 17:13:48 - INFO - utils.common - acc = 0.9575
12/20/2023 17:13:48 - INFO - utils.common - 计算 precision ing...
12/20/2023 17:13:48 - INFO - utils.common - precision = 0.9578369053427688
12/20/2023 17:13:48 - INFO - utils.common - 计算 recall ing...
12/20/2023 17:13:48 - INFO - utils.common - result = {'f1score': 0.9555567372608011, 'acc': 0.9575, 'precision': 0.9578369053427688, 'recall': 0.954440292449472}
12/20/2023 17:13:48 - INFO - __main__ - Epoch:28, Train Accuracy:0.9575, f1:0.9555567372608011

Epoch: [28][0/7]	
12/20/2023 17:14:01 - INFO - utils.common - 计算 f1 score ing...
12/20/2023 17:14:01 - INFO - utils.common - F1score = 0.9603913434851895
12/20/2023 17:14:01 - INFO - utils.common - 计算 accuracy ing...
12/20/2023 17:14:01 - INFO - utils.common - acc = 0.9611
12/20/2023 17:14:01 - INFO - utils.common - 计算 precision ing...
12/20/2023 17:14:01 - INFO - utils.common - precision = 0.9624213768561213
12/20/2023 17:14:01 - INFO - utils.common - 计算 recall ing...
12/20/2023 17:14:01 - INFO - utils.common - result = {'f1score': 0.9603913434851895, 'acc': 0.9611, 'precision': 0.9624213768561213, 'recall': 0.9595717661581867}
12/20/2023 17:14:01 - INFO - __main__ - Epoch:28, Val Accuracy:0.9611, f1:0.9603913434851895

12/20/2023 17:14:01 - INFO - __main__ - lr:2.8683631183645395e-05
12/20/2023 17:14:01 - INFO - __main__ - ==========Epoch:29==========
Save best weights
12/20/2023 17:14:07 - INFO - utils.common - 计算 f1 score ing...
12/20/2023 17:14:07 - INFO - utils.common - F1score = 0.9567293201580741
12/20/2023 17:14:07 - INFO - utils.common - 计算 accuracy ing...
12/20/2023 17:14:07 - INFO - utils.common - acc = 0.9575
12/20/2023 17:14:07 - INFO - utils.common - 计算 precision ing...
12/20/2023 17:14:07 - INFO - utils.common - precision = 0.959997967899906
12/20/2023 17:14:07 - INFO - utils.common - 计算 recall ing...
12/20/2023 17:14:07 - INFO - utils.common - result = {'f1score': 0.9567293201580741, 'acc': 0.9575, 'precision': 0.959997967899906, 'recall': 0.9543236393972673}
12/20/2023 17:14:07 - INFO - __main__ - Epoch:29, Train Accuracy:0.9575, f1:0.9567293201580741

Epoch: [29][0/7]	
12/20/2023 17:14:19 - INFO - utils.common - 计算 f1 score ing...
12/20/2023 17:14:19 - INFO - utils.common - F1score = 0.9597040747962969
12/20/2023 17:14:19 - INFO - utils.common - 计算 accuracy ing...
12/20/2023 17:14:19 - INFO - utils.common - acc = 0.9604
12/20/2023 17:14:19 - INFO - utils.common - 计算 precision ing...
12/20/2023 17:14:19 - INFO - utils.common - precision = 0.961782522870052
12/20/2023 17:14:19 - INFO - utils.common - 计算 recall ing...
12/20/2023 17:14:19 - INFO - utils.common - result = {'f1score': 0.9597040747962969, 'acc': 0.9604, 'precision': 0.961782522870052, 'recall': 0.9587769486300542}
12/20/2023 17:14:19 - INFO - __main__ - Epoch:29, Val Accuracy:0.9604, f1:0.9597040747962969

12/20/2023 17:14:19 - INFO - __main__ - lr:0.0003
12/20/2023 17:14:19 - INFO - __main__ - ==========Epoch:30==========
early_st 4
12/20/2023 17:14:24 - INFO - utils.common - 计算 f1 score ing...
12/20/2023 17:14:24 - INFO - utils.common - F1score = 0.9543220485862872
12/20/2023 17:14:24 - INFO - utils.common - 计算 accuracy ing...
12/20/2023 17:14:24 - INFO - utils.common - acc = 0.955
12/20/2023 17:14:24 - INFO - utils.common - 计算 precision ing...
12/20/2023 17:14:24 - INFO - utils.common - precision = 0.9579538979865797
12/20/2023 17:14:24 - INFO - utils.common - 计算 recall ing...
12/20/2023 17:14:24 - INFO - utils.common - result = {'f1score': 0.9543220485862872, 'acc': 0.955, 'precision': 0.9579538979865797, 'recall': 0.9514249539588994}
12/20/2023 17:14:24 - INFO - __main__ - Epoch:30, Train Accuracy:0.955, f1:0.9543220485862872

Epoch: [30][0/7]	
12/20/2023 17:14:38 - INFO - utils.common - 计算 f1 score ing...
12/20/2023 17:14:38 - INFO - utils.common - F1score = 0.9630020792481804
12/20/2023 17:14:38 - INFO - utils.common - 计算 accuracy ing...
12/20/2023 17:14:38 - INFO - utils.common - acc = 0.9636
12/20/2023 17:14:38 - INFO - utils.common - 计算 precision ing...
12/20/2023 17:14:38 - INFO - utils.common - precision = 0.9643245350734984
12/20/2023 17:14:38 - INFO - utils.common - 计算 recall ing...
12/20/2023 17:14:38 - INFO - utils.common - result = {'f1score': 0.9630020792481804, 'acc': 0.9636, 'precision': 0.9643245350734984, 'recall': 0.9624056957901092}
12/20/2023 17:14:38 - INFO - __main__ - Epoch:30, Val Accuracy:0.9636, f1:0.9630020792481804

12/20/2023 17:14:38 - INFO - __main__ - lr:0.00027135636881635457
12/20/2023 17:14:38 - INFO - __main__ - ==========Epoch:31==========
Save best weights
12/20/2023 17:14:44 - INFO - utils.common - 计算 f1 score ing...
12/20/2023 17:14:44 - INFO - utils.common - F1score = 0.9564041109497542
12/20/2023 17:14:44 - INFO - utils.common - 计算 accuracy ing...
12/20/2023 17:14:44 - INFO - utils.common - acc = 0.9575
12/20/2023 17:14:44 - INFO - utils.common - 计算 precision ing...
12/20/2023 17:14:44 - INFO - utils.common - precision = 0.9573673500467454
12/20/2023 17:14:44 - INFO - utils.common - 计算 recall ing...
12/20/2023 17:14:44 - INFO - utils.common - result = {'f1score': 0.9564041109497542, 'acc': 0.9575, 'precision': 0.9573673500467454, 'recall': 0.9560400383358884}
12/20/2023 17:14:44 - INFO - __main__ - Epoch:31, Train Accuracy:0.9575, f1:0.9564041109497542

Epoch: [31][0/7]	
12/20/2023 17:14:59 - INFO - utils.common - 计算 f1 score ing...
12/20/2023 17:14:59 - INFO - utils.common - F1score = 0.9635453361653692
12/20/2023 17:14:59 - INFO - utils.common - 计算 accuracy ing...
12/20/2023 17:14:59 - INFO - utils.common - acc = 0.9642
12/20/2023 17:14:59 - INFO - utils.common - 计算 precision ing...
12/20/2023 17:14:59 - INFO - utils.common - precision = 0.9649391308715946
12/20/2023 17:14:59 - INFO - utils.common - 计算 recall ing...
12/20/2023 17:14:59 - INFO - utils.common - result = {'f1score': 0.9635453361653692, 'acc': 0.9642, 'precision': 0.9649391308715946, 'recall': 0.9629111734309477}
12/20/2023 17:14:59 - INFO - __main__ - Epoch:31, Val Accuracy:0.9642, f1:0.9635453361653692

12/20/2023 17:14:59 - INFO - __main__ - lr:0.0001963663688163546
12/20/2023 17:14:59 - INFO - __main__ - ==========Epoch:32==========
Save best weights
12/20/2023 17:15:05 - INFO - utils.common - 计算 f1 score ing...
12/20/2023 17:15:05 - INFO - utils.common - F1score = 0.9597536692093667
12/20/2023 17:15:05 - INFO - utils.common - 计算 accuracy ing...
12/20/2023 17:15:05 - INFO - utils.common - acc = 0.96125
12/20/2023 17:15:05 - INFO - utils.common - 计算 precision ing...
12/20/2023 17:15:05 - INFO - utils.common - precision = 0.9622554051716192
12/20/2023 17:15:05 - INFO - utils.common - 计算 recall ing...
12/20/2023 17:15:05 - INFO - utils.common - result = {'f1score': 0.9597536692093667, 'acc': 0.96125, 'precision': 0.9622554051716192, 'recall': 0.9583687356636295}
12/20/2023 17:15:05 - INFO - __main__ - Epoch:32, Train Accuracy:0.96125, f1:0.9597536692093667

Epoch: [32][0/7]	
12/20/2023 17:15:22 - INFO - utils.common - 计算 f1 score ing...
12/20/2023 17:15:22 - INFO - utils.common - F1score = 0.9637346877456099
12/20/2023 17:15:22 - INFO - utils.common - 计算 accuracy ing...
12/20/2023 17:15:22 - INFO - utils.common - acc = 0.9644
12/20/2023 17:15:22 - INFO - utils.common - 计算 precision ing...
12/20/2023 17:15:22 - INFO - utils.common - precision = 0.9652182003679884
12/20/2023 17:15:22 - INFO - utils.common - 计算 recall ing...
12/20/2023 17:15:22 - INFO - utils.common - result = {'f1score': 0.9637346877456099, 'acc': 0.9644, 'precision': 0.9652182003679884, 'recall': 0.9629600873915327}
12/20/2023 17:15:22 - INFO - __main__ - Epoch:32, Val Accuracy:0.9644, f1:0.9637346877456099

12/20/2023 17:15:22 - INFO - __main__ - lr:0.0001036736311836454
12/20/2023 17:15:22 - INFO - __main__ - ==========Epoch:33==========
Save best weights
12/20/2023 17:15:28 - INFO - utils.common - 计算 f1 score ing...
12/20/2023 17:15:28 - INFO - utils.common - F1score = 0.9614470606378942
12/20/2023 17:15:28 - INFO - utils.common - 计算 accuracy ing...
12/20/2023 17:15:28 - INFO - utils.common - acc = 0.96125
12/20/2023 17:15:28 - INFO - utils.common - 计算 precision ing...
12/20/2023 17:15:28 - INFO - utils.common - precision = 0.963473870999629
12/20/2023 17:15:28 - INFO - utils.common - 计算 recall ing...
12/20/2023 17:15:28 - INFO - utils.common - result = {'f1score': 0.9614470606378942, 'acc': 0.96125, 'precision': 0.963473870999629, 'recall': 0.9603045547442183}
12/20/2023 17:15:28 - INFO - __main__ - Epoch:33, Train Accuracy:0.96125, f1:0.9614470606378942

Epoch: [33][0/7]	
12/20/2023 17:15:45 - INFO - utils.common - 计算 f1 score ing...
12/20/2023 17:15:45 - INFO - utils.common - F1score = 0.9633265900527834
12/20/2023 17:15:45 - INFO - utils.common - 计算 accuracy ing...
12/20/2023 17:15:45 - INFO - utils.common - acc = 0.964
12/20/2023 17:15:45 - INFO - utils.common - 计算 precision ing...
12/20/2023 17:15:45 - INFO - utils.common - precision = 0.9649673300974355
12/20/2023 17:15:45 - INFO - utils.common - 计算 recall ing...
12/20/2023 17:15:45 - INFO - utils.common - result = {'f1score': 0.9633265900527834, 'acc': 0.964, 'precision': 0.9649673300974355, 'recall': 0.9624302762978361}
12/20/2023 17:15:45 - INFO - __main__ - Epoch:33, Val Accuracy:0.964, f1:0.9633265900527834

12/20/2023 17:15:45 - INFO - __main__ - lr:2.8683631183645395e-05
12/20/2023 17:15:45 - INFO - __main__ - ==========Epoch:34==========
early_st 4
12/20/2023 17:15:51 - INFO - utils.common - 计算 f1 score ing...
12/20/2023 17:15:51 - INFO - utils.common - F1score = 0.9449294527460493
12/20/2023 17:15:51 - INFO - utils.common - 计算 accuracy ing...
12/20/2023 17:15:51 - INFO - utils.common - acc = 0.94625
12/20/2023 17:15:51 - INFO - utils.common - 计算 precision ing...
12/20/2023 17:15:51 - INFO - utils.common - precision = 0.9484683173082737
12/20/2023 17:15:51 - INFO - utils.common - 计算 recall ing...
12/20/2023 17:15:51 - INFO - utils.common - result = {'f1score': 0.9449294527460493, 'acc': 0.94625, 'precision': 0.9484683173082737, 'recall': 0.9422281804764115}
12/20/2023 17:15:51 - INFO - __main__ - Epoch:34, Train Accuracy:0.94625, f1:0.9449294527460493

Epoch: [34][0/7]	
12/20/2023 17:16:09 - INFO - utils.common - 计算 f1 score ing...
12/20/2023 17:16:09 - INFO - utils.common - F1score = 0.9640267075298046
12/20/2023 17:16:09 - INFO - utils.common - 计算 accuracy ing...
12/20/2023 17:16:09 - INFO - utils.common - acc = 0.9647
12/20/2023 17:16:09 - INFO - utils.common - 计算 precision ing...
12/20/2023 17:16:09 - INFO - utils.common - precision = 0.965356171365031
12/20/2023 17:16:09 - INFO - utils.common - 计算 recall ing...
12/20/2023 17:16:09 - INFO - utils.common - result = {'f1score': 0.9640267075298046, 'acc': 0.9647, 'precision': 0.965356171365031, 'recall': 0.9634085512809345}
12/20/2023 17:16:09 - INFO - __main__ - Epoch:34, Val Accuracy:0.9647, f1:0.9640267075298046

12/20/2023 17:16:09 - INFO - __main__ - lr:0.0003
12/20/2023 17:16:09 - INFO - __main__ - ==========Epoch:35==========
Save best weights
12/20/2023 17:16:14 - INFO - utils.common - 计算 f1 score ing...
12/20/2023 17:16:14 - INFO - utils.common - F1score = 0.9642077815445427
12/20/2023 17:16:14 - INFO - utils.common - 计算 accuracy ing...
12/20/2023 17:16:14 - INFO - utils.common - acc = 0.965
12/20/2023 17:16:14 - INFO - utils.common - 计算 precision ing...
12/20/2023 17:16:14 - INFO - utils.common - precision = 0.9677597741176167
12/20/2023 17:16:14 - INFO - utils.common - 计算 recall ing...
12/20/2023 17:16:14 - INFO - utils.common - result = {'f1score': 0.9642077815445427, 'acc': 0.965, 'precision': 0.9677597741176167, 'recall': 0.9613960567106484}
12/20/2023 17:16:14 - INFO - __main__ - Epoch:35, Train Accuracy:0.965, f1:0.9642077815445427

Epoch: [35][0/7]	
12/20/2023 17:16:32 - INFO - utils.common - 计算 f1 score ing...
12/20/2023 17:16:32 - INFO - utils.common - F1score = 0.9655965827347818
12/20/2023 17:16:32 - INFO - utils.common - 计算 accuracy ing...
12/20/2023 17:16:32 - INFO - utils.common - acc = 0.96625
12/20/2023 17:16:32 - INFO - utils.common - 计算 precision ing...
12/20/2023 17:16:32 - INFO - utils.common - precision = 0.9667534286233637
12/20/2023 17:16:32 - INFO - utils.common - 计算 recall ing...
12/20/2023 17:16:32 - INFO - utils.common - result = {'f1score': 0.9655965827347818, 'acc': 0.96625, 'precision': 0.9667534286233637, 'recall': 0.9649668769171789}
12/20/2023 17:16:32 - INFO - __main__ - Epoch:35, Val Accuracy:0.96625, f1:0.9655965827347818

12/20/2023 17:16:32 - INFO - __main__ - lr:0.00027135636881635457
12/20/2023 17:16:32 - INFO - __main__ - ==========Epoch:36==========
Save best weights
12/20/2023 17:16:38 - INFO - utils.common - 计算 f1 score ing...
12/20/2023 17:16:38 - INFO - utils.common - F1score = 0.9565137209340118
12/20/2023 17:16:38 - INFO - utils.common - 计算 accuracy ing...
12/20/2023 17:16:38 - INFO - utils.common - acc = 0.9575
12/20/2023 17:16:38 - INFO - utils.common - 计算 precision ing...
12/20/2023 17:16:38 - INFO - utils.common - precision = 0.9587264650504945
12/20/2023 17:16:38 - INFO - utils.common - 计算 recall ing...
12/20/2023 17:16:38 - INFO - utils.common - result = {'f1score': 0.9565137209340118, 'acc': 0.9575, 'precision': 0.9587264650504945, 'recall': 0.9557908176907985}
12/20/2023 17:16:38 - INFO - __main__ - Epoch:36, Train Accuracy:0.9575, f1:0.9565137209340118

Epoch: [36][0/7]	
12/20/2023 17:16:55 - INFO - utils.common - 计算 f1 score ing...
12/20/2023 17:16:55 - INFO - utils.common - F1score = 0.9662658837926053
12/20/2023 17:16:55 - INFO - utils.common - 计算 accuracy ing...
12/20/2023 17:16:55 - INFO - utils.common - acc = 0.96685
12/20/2023 17:16:55 - INFO - utils.common - 计算 precision ing...
12/20/2023 17:16:55 - INFO - utils.common - precision = 0.9674556831221715
12/20/2023 17:16:55 - INFO - utils.common - 计算 recall ing...
12/20/2023 17:16:55 - INFO - utils.common - result = {'f1score': 0.9662658837926053, 'acc': 0.96685, 'precision': 0.9674556831221715, 'recall': 0.9655552647198292}
12/20/2023 17:16:55 - INFO - __main__ - Epoch:36, Val Accuracy:0.96685, f1:0.9662658837926053

12/20/2023 17:16:55 - INFO - __main__ - lr:0.0001963663688163546
12/20/2023 17:16:55 - INFO - __main__ - ==========Epoch:37==========
Save best weights
12/20/2023 17:17:02 - INFO - utils.common - 计算 f1 score ing...
12/20/2023 17:17:02 - INFO - utils.common - F1score = 0.9676560102428113
12/20/2023 17:17:02 - INFO - utils.common - 计算 accuracy ing...
12/20/2023 17:17:02 - INFO - utils.common - acc = 0.96875
12/20/2023 17:17:02 - INFO - utils.common - 计算 precision ing...
12/20/2023 17:17:02 - INFO - utils.common - precision = 0.9689656805275949
12/20/2023 17:17:02 - INFO - utils.common - 计算 recall ing...
12/20/2023 17:17:02 - INFO - utils.common - result = {'f1score': 0.9676560102428113, 'acc': 0.96875, 'precision': 0.9689656805275949, 'recall': 0.966737325701755}
12/20/2023 17:17:02 - INFO - __main__ - Epoch:37, Train Accuracy:0.96875, f1:0.9676560102428113

Epoch: [37][0/7]	
12/20/2023 17:17:19 - INFO - utils.common - 计算 f1 score ing...
12/20/2023 17:17:19 - INFO - utils.common - F1score = 0.9667745616007131
12/20/2023 17:17:19 - INFO - utils.common - 计算 accuracy ing...
12/20/2023 17:17:19 - INFO - utils.common - acc = 0.9674
12/20/2023 17:17:19 - INFO - utils.common - 计算 precision ing...
12/20/2023 17:17:19 - INFO - utils.common - precision = 0.9676911485061592
12/20/2023 17:17:19 - INFO - utils.common - 计算 recall ing...
12/20/2023 17:17:19 - INFO - utils.common - result = {'f1score': 0.9667745616007131, 'acc': 0.9674, 'precision': 0.9676911485061592, 'recall': 0.9663390010205993}
12/20/2023 17:17:19 - INFO - __main__ - Epoch:37, Val Accuracy:0.9674, f1:0.9667745616007131

12/20/2023 17:17:19 - INFO - __main__ - lr:0.0001036736311836454
12/20/2023 17:17:19 - INFO - __main__ - ==========Epoch:38==========
Save best weights
12/20/2023 17:17:25 - INFO - utils.common - 计算 f1 score ing...
12/20/2023 17:17:25 - INFO - utils.common - F1score = 0.9600800245299896
12/20/2023 17:17:25 - INFO - utils.common - 计算 accuracy ing...
12/20/2023 17:17:25 - INFO - utils.common - acc = 0.96
12/20/2023 17:17:25 - INFO - utils.common - 计算 precision ing...
12/20/2023 17:17:25 - INFO - utils.common - precision = 0.9624534609959627
12/20/2023 17:17:25 - INFO - utils.common - 计算 recall ing...
12/20/2023 17:17:26 - INFO - utils.common - result = {'f1score': 0.9600800245299896, 'acc': 0.96, 'precision': 0.9624534609959627, 'recall': 0.9582611279398429}
12/20/2023 17:17:26 - INFO - __main__ - Epoch:38, Train Accuracy:0.96, f1:0.9600800245299896

Epoch: [38][0/7]	
12/20/2023 17:17:42 - INFO - utils.common - 计算 f1 score ing...
12/20/2023 17:17:42 - INFO - utils.common - F1score = 0.9671908669123724
12/20/2023 17:17:42 - INFO - utils.common - 计算 accuracy ing...
12/20/2023 17:17:42 - INFO - utils.common - acc = 0.96775
12/20/2023 17:17:42 - INFO - utils.common - 计算 precision ing...
12/20/2023 17:17:42 - INFO - utils.common - precision = 0.9681694072052875
12/20/2023 17:17:42 - INFO - utils.common - 计算 recall ing...
12/20/2023 17:17:42 - INFO - utils.common - result = {'f1score': 0.9671908669123724, 'acc': 0.96775, 'precision': 0.9681694072052875, 'recall': 0.9667147428613241}
12/20/2023 17:17:42 - INFO - __main__ - Epoch:38, Val Accuracy:0.96775, f1:0.9671908669123724

12/20/2023 17:17:42 - INFO - __main__ - lr:2.8683631183645395e-05
12/20/2023 17:17:42 - INFO - __main__ - ==========Epoch:39==========
Save best weights
12/20/2023 17:17:48 - INFO - utils.common - 计算 f1 score ing...
12/20/2023 17:17:48 - INFO - utils.common - F1score = 0.962563698832914
12/20/2023 17:17:48 - INFO - utils.common - 计算 accuracy ing...
12/20/2023 17:17:48 - INFO - utils.common - acc = 0.9625
12/20/2023 17:17:48 - INFO - utils.common - 计算 precision ing...
12/20/2023 17:17:48 - INFO - utils.common - precision = 0.9652613570078229
12/20/2023 17:17:48 - INFO - utils.common - 计算 recall ing...
12/20/2023 17:17:48 - INFO - utils.common - result = {'f1score': 0.962563698832914, 'acc': 0.9625, 'precision': 0.9652613570078229, 'recall': 0.9608159681118182}
12/20/2023 17:17:48 - INFO - __main__ - Epoch:39, Train Accuracy:0.9625, f1:0.962563698832914

Epoch: [39][0/7]	
12/20/2023 17:18:04 - INFO - utils.common - 计算 f1 score ing...
12/20/2023 17:18:04 - INFO - utils.common - F1score = 0.9672801911865412
12/20/2023 17:18:04 - INFO - utils.common - 计算 accuracy ing...
12/20/2023 17:18:04 - INFO - utils.common - acc = 0.96785
12/20/2023 17:18:04 - INFO - utils.common - 计算 precision ing...
12/20/2023 17:18:04 - INFO - utils.common - precision = 0.9683713627404913
12/20/2023 17:18:04 - INFO - utils.common - 计算 recall ing...
12/20/2023 17:18:04 - INFO - utils.common - result = {'f1score': 0.9672801911865412, 'acc': 0.96785, 'precision': 0.9683713627404913, 'recall': 0.9666793959141905}
12/20/2023 17:18:04 - INFO - __main__ - Epoch:39, Val Accuracy:0.96785, f1:0.9672801911865412

12/20/2023 17:18:04 - INFO - __main__ - lr:0.0003
Save best weights
Test
12/20/2023 17:18:13 - INFO - utils.common - 计算 f1 score ing...
12/20/2023 17:18:13 - INFO - utils.common - F1score = 0.9409285881436341
12/20/2023 17:18:13 - INFO - utils.common - 计算 accuracy ing...
12/20/2023 17:18:13 - INFO - utils.common - acc = 0.9576601671309192
12/20/2023 17:18:13 - INFO - utils.common - 计算 precision ing...
12/20/2023 17:18:13 - INFO - utils.common - precision = 0.9487085463753056
12/20/2023 17:18:13 - INFO - utils.common - 计算 recall ing...
12/20/2023 17:18:13 - INFO - utils.common - result = {'f1score': 0.9409285881436341, 'acc': 0.9576601671309192, 'precision': 0.9487085463753056, 'recall': 0.9397244701542018}
12/20/2023 17:18:13 - INFO - __main__ - test_f1:0.9409285881436341, test_acc:0.9576601671309192, test_precision:0.9487085463753056, test_recall:0.9397244701542018
12/20/2023 17:18:13 - INFO - __main__ - Finish fine-turning...