nohup: ignoring input
12/20/2023 17:22:48 - INFO - __main__ - 设置 seed 为:  3
12/20/2023 17:22:48 - INFO - __main__ - Start fine-turning...
12/20/2023 17:22:52 - INFO - __main__ - ==========Epoch:0==========
=> loading checkpoint '/home/lijunjian/CA2CL/save/NCT/pretrain/resnet18/ResNet18_bs_1792_img_size_224_lr_0.0006_wd_0.0001_temperature_0.2_adv_eps_1_cld_0.1/checkpoint_100.tar'
missing keys:[], unexpected_keys:['module.instance_projector.0.weight', 'module.instance_projector.0.bias', 'module.instance_projector.2.weight', 'module.instance_projector.2.bias', 'module.groupDis.0.weight']
loaded
12/20/2023 17:22:58 - INFO - utils.common - 计算 f1 score ing...
12/20/2023 17:22:58 - INFO - utils.common - F1score = 0.1569192713565535
12/20/2023 17:22:58 - INFO - utils.common - 计算 accuracy ing...
12/20/2023 17:22:58 - INFO - utils.common - acc = 0.17375
12/20/2023 17:22:58 - INFO - utils.common - 计算 precision ing...
12/20/2023 17:22:58 - INFO - utils.common - precision = 0.28747656493505697
12/20/2023 17:22:58 - INFO - utils.common - 计算 recall ing...
12/20/2023 17:22:58 - INFO - utils.common - result = {'f1score': 0.1569192713565535, 'acc': 0.17375, 'precision': 0.28747656493505697, 'recall': 0.1767655588229751}
12/20/2023 17:22:58 - INFO - __main__ - Epoch:0, Train Accuracy:0.17375, f1:0.1569192713565535

Epoch: [0][0/7]	
12/20/2023 17:23:16 - INFO - utils.common - 计算 f1 score ing...
12/20/2023 17:23:16 - INFO - utils.common - F1score = 0.1905109203508491
12/20/2023 17:23:16 - INFO - utils.common - 计算 accuracy ing...
12/20/2023 17:23:16 - INFO - utils.common - acc = 0.2088
12/20/2023 17:23:16 - INFO - utils.common - 计算 precision ing...
12/20/2023 17:23:16 - INFO - utils.common - precision = 0.29019896453179206
12/20/2023 17:23:16 - INFO - utils.common - 计算 recall ing...
12/20/2023 17:23:16 - INFO - utils.common - result = {'f1score': 0.1905109203508491, 'acc': 0.2088, 'precision': 0.29019896453179206, 'recall': 0.20660630398791474}
12/20/2023 17:23:16 - INFO - __main__ - Epoch:0, Val Accuracy:0.2088, f1:0.1905109203508491

12/20/2023 17:23:16 - INFO - __main__ - lr:0.00027135636881635457
12/20/2023 17:23:16 - INFO - __main__ - ==========Epoch:1==========
Save best weights
12/20/2023 17:23:23 - INFO - utils.common - 计算 f1 score ing...
12/20/2023 17:23:23 - INFO - utils.common - F1score = 0.23922124025560898
12/20/2023 17:23:23 - INFO - utils.common - 计算 accuracy ing...
12/20/2023 17:23:23 - INFO - utils.common - acc = 0.2475
12/20/2023 17:23:23 - INFO - utils.common - 计算 precision ing...
12/20/2023 17:23:23 - INFO - utils.common - precision = 0.3408924865608034
12/20/2023 17:23:23 - INFO - utils.common - 计算 recall ing...
12/20/2023 17:23:23 - INFO - utils.common - result = {'f1score': 0.23922124025560898, 'acc': 0.2475, 'precision': 0.3408924865608034, 'recall': 0.24822543580999282}
12/20/2023 17:23:23 - INFO - __main__ - Epoch:1, Train Accuracy:0.2475, f1:0.23922124025560898

Epoch: [1][0/7]	
12/20/2023 17:23:39 - INFO - utils.common - 计算 f1 score ing...
12/20/2023 17:23:39 - INFO - utils.common - F1score = 0.2961856768768863
12/20/2023 17:23:39 - INFO - utils.common - 计算 accuracy ing...
12/20/2023 17:23:39 - INFO - utils.common - acc = 0.30955
12/20/2023 17:23:39 - INFO - utils.common - 计算 precision ing...
12/20/2023 17:23:39 - INFO - utils.common - precision = 0.35782655181109874
12/20/2023 17:23:39 - INFO - utils.common - 计算 recall ing...
12/20/2023 17:23:39 - INFO - utils.common - result = {'f1score': 0.2961856768768863, 'acc': 0.30955, 'precision': 0.35782655181109874, 'recall': 0.3059773339910682}
12/20/2023 17:23:39 - INFO - __main__ - Epoch:1, Val Accuracy:0.30955, f1:0.2961856768768863

12/20/2023 17:23:39 - INFO - __main__ - lr:0.0001963663688163546
12/20/2023 17:23:39 - INFO - __main__ - ==========Epoch:2==========
Save best weights
12/20/2023 17:23:45 - INFO - utils.common - 计算 f1 score ing...
12/20/2023 17:23:45 - INFO - utils.common - F1score = 0.32361957040826383
12/20/2023 17:23:45 - INFO - utils.common - 计算 accuracy ing...
12/20/2023 17:23:45 - INFO - utils.common - acc = 0.33
12/20/2023 17:23:45 - INFO - utils.common - 计算 precision ing...
12/20/2023 17:23:45 - INFO - utils.common - precision = 0.3728873927399412
12/20/2023 17:23:45 - INFO - utils.common - 计算 recall ing...
12/20/2023 17:23:45 - INFO - utils.common - result = {'f1score': 0.32361957040826383, 'acc': 0.33, 'precision': 0.3728873927399412, 'recall': 0.32550256938146727}
12/20/2023 17:23:45 - INFO - __main__ - Epoch:2, Train Accuracy:0.33, f1:0.32361957040826383

Epoch: [2][0/7]	
12/20/2023 17:24:01 - INFO - utils.common - 计算 f1 score ing...
12/20/2023 17:24:01 - INFO - utils.common - F1score = 0.3929203169867667
12/20/2023 17:24:01 - INFO - utils.common - 计算 accuracy ing...
12/20/2023 17:24:01 - INFO - utils.common - acc = 0.39975
12/20/2023 17:24:01 - INFO - utils.common - 计算 precision ing...
12/20/2023 17:24:01 - INFO - utils.common - precision = 0.4229326994689943
12/20/2023 17:24:01 - INFO - utils.common - 计算 recall ing...
12/20/2023 17:24:02 - INFO - utils.common - result = {'f1score': 0.3929203169867667, 'acc': 0.39975, 'precision': 0.4229326994689943, 'recall': 0.39818276132254954}
12/20/2023 17:24:02 - INFO - __main__ - Epoch:2, Val Accuracy:0.39975, f1:0.3929203169867667

12/20/2023 17:24:02 - INFO - __main__ - lr:0.0001036736311836454
12/20/2023 17:24:02 - INFO - __main__ - ==========Epoch:3==========
Save best weights
12/20/2023 17:24:08 - INFO - utils.common - 计算 f1 score ing...
12/20/2023 17:24:08 - INFO - utils.common - F1score = 0.40740860888200775
12/20/2023 17:24:08 - INFO - utils.common - 计算 accuracy ing...
12/20/2023 17:24:08 - INFO - utils.common - acc = 0.41125
12/20/2023 17:24:08 - INFO - utils.common - 计算 precision ing...
12/20/2023 17:24:08 - INFO - utils.common - precision = 0.4409655789363113
12/20/2023 17:24:08 - INFO - utils.common - 计算 recall ing...
12/20/2023 17:24:08 - INFO - utils.common - result = {'f1score': 0.40740860888200775, 'acc': 0.41125, 'precision': 0.4409655789363113, 'recall': 0.41017872668177896}
12/20/2023 17:24:08 - INFO - __main__ - Epoch:3, Train Accuracy:0.41125, f1:0.40740860888200775

Epoch: [3][0/7]	
12/20/2023 17:24:24 - INFO - utils.common - 计算 f1 score ing...
12/20/2023 17:24:24 - INFO - utils.common - F1score = 0.45709828118545814
12/20/2023 17:24:24 - INFO - utils.common - 计算 accuracy ing...
12/20/2023 17:24:24 - INFO - utils.common - acc = 0.4619
12/20/2023 17:24:24 - INFO - utils.common - 计算 precision ing...
12/20/2023 17:24:24 - INFO - utils.common - precision = 0.4799646268112813
12/20/2023 17:24:24 - INFO - utils.common - 计算 recall ing...
12/20/2023 17:24:24 - INFO - utils.common - result = {'f1score': 0.45709828118545814, 'acc': 0.4619, 'precision': 0.4799646268112813, 'recall': 0.460847864959004}
12/20/2023 17:24:24 - INFO - __main__ - Epoch:3, Val Accuracy:0.4619, f1:0.45709828118545814

12/20/2023 17:24:24 - INFO - __main__ - lr:2.8683631183645395e-05
12/20/2023 17:24:24 - INFO - __main__ - ==========Epoch:4==========
Save best weights
12/20/2023 17:24:30 - INFO - utils.common - 计算 f1 score ing...
12/20/2023 17:24:30 - INFO - utils.common - F1score = 0.45463329849178563
12/20/2023 17:24:30 - INFO - utils.common - 计算 accuracy ing...
12/20/2023 17:24:30 - INFO - utils.common - acc = 0.46
12/20/2023 17:24:30 - INFO - utils.common - 计算 precision ing...
12/20/2023 17:24:30 - INFO - utils.common - precision = 0.48419082374462274
12/20/2023 17:24:30 - INFO - utils.common - 计算 recall ing...
12/20/2023 17:24:30 - INFO - utils.common - result = {'f1score': 0.45463329849178563, 'acc': 0.46, 'precision': 0.48419082374462274, 'recall': 0.4575021333394539}
12/20/2023 17:24:30 - INFO - __main__ - Epoch:4, Train Accuracy:0.46, f1:0.45463329849178563

Epoch: [4][0/7]	
12/20/2023 17:24:46 - INFO - utils.common - 计算 f1 score ing...
12/20/2023 17:24:46 - INFO - utils.common - F1score = 0.4764765187705081
12/20/2023 17:24:46 - INFO - utils.common - 计算 accuracy ing...
12/20/2023 17:24:46 - INFO - utils.common - acc = 0.47945
12/20/2023 17:24:46 - INFO - utils.common - 计算 precision ing...
12/20/2023 17:24:47 - INFO - utils.common - precision = 0.49944624861943115
12/20/2023 17:24:47 - INFO - utils.common - 计算 recall ing...
12/20/2023 17:24:47 - INFO - utils.common - result = {'f1score': 0.4764765187705081, 'acc': 0.47945, 'precision': 0.49944624861943115, 'recall': 0.47881289448574776}
12/20/2023 17:24:47 - INFO - __main__ - Epoch:4, Val Accuracy:0.47945, f1:0.4764765187705081

12/20/2023 17:24:47 - INFO - __main__ - lr:0.0003
12/20/2023 17:24:47 - INFO - __main__ - ==========Epoch:5==========
Save best weights
12/20/2023 17:24:53 - INFO - utils.common - 计算 f1 score ing...
12/20/2023 17:24:53 - INFO - utils.common - F1score = 0.5571801210844942
12/20/2023 17:24:53 - INFO - utils.common - 计算 accuracy ing...
12/20/2023 17:24:53 - INFO - utils.common - acc = 0.56
12/20/2023 17:24:53 - INFO - utils.common - 计算 precision ing...
12/20/2023 17:24:53 - INFO - utils.common - precision = 0.5763371420446394
12/20/2023 17:24:53 - INFO - utils.common - 计算 recall ing...
12/20/2023 17:24:53 - INFO - utils.common - result = {'f1score': 0.5571801210844942, 'acc': 0.56, 'precision': 0.5763371420446394, 'recall': 0.5587540236525553}
12/20/2023 17:24:53 - INFO - __main__ - Epoch:5, Train Accuracy:0.56, f1:0.5571801210844942

Epoch: [5][0/7]	
12/20/2023 17:25:10 - INFO - utils.common - 计算 f1 score ing...
12/20/2023 17:25:10 - INFO - utils.common - F1score = 0.6852435654447855
12/20/2023 17:25:10 - INFO - utils.common - 计算 accuracy ing...
12/20/2023 17:25:10 - INFO - utils.common - acc = 0.6808
12/20/2023 17:25:10 - INFO - utils.common - 计算 precision ing...
12/20/2023 17:25:10 - INFO - utils.common - precision = 0.7016694851121622
12/20/2023 17:25:10 - INFO - utils.common - 计算 recall ing...
12/20/2023 17:25:10 - INFO - utils.common - result = {'f1score': 0.6852435654447855, 'acc': 0.6808, 'precision': 0.7016694851121622, 'recall': 0.6822858716084547}
12/20/2023 17:25:10 - INFO - __main__ - Epoch:5, Val Accuracy:0.6808, f1:0.6852435654447855

12/20/2023 17:25:10 - INFO - __main__ - lr:0.00027135636881635457
12/20/2023 17:25:10 - INFO - __main__ - ==========Epoch:6==========
Save best weights
12/20/2023 17:25:16 - INFO - utils.common - 计算 f1 score ing...
12/20/2023 17:25:16 - INFO - utils.common - F1score = 0.7156439528366495
12/20/2023 17:25:16 - INFO - utils.common - 计算 accuracy ing...
12/20/2023 17:25:16 - INFO - utils.common - acc = 0.715
12/20/2023 17:25:16 - INFO - utils.common - 计算 precision ing...
12/20/2023 17:25:16 - INFO - utils.common - precision = 0.7311569667964969
12/20/2023 17:25:16 - INFO - utils.common - 计算 recall ing...
12/20/2023 17:25:16 - INFO - utils.common - result = {'f1score': 0.7156439528366495, 'acc': 0.715, 'precision': 0.7311569667964969, 'recall': 0.7150383424348116}
12/20/2023 17:25:16 - INFO - __main__ - Epoch:6, Train Accuracy:0.715, f1:0.7156439528366495

Epoch: [6][0/7]	
12/20/2023 17:25:33 - INFO - utils.common - 计算 f1 score ing...
12/20/2023 17:25:33 - INFO - utils.common - F1score = 0.7901646663680801
12/20/2023 17:25:33 - INFO - utils.common - 计算 accuracy ing...
12/20/2023 17:25:33 - INFO - utils.common - acc = 0.7872
12/20/2023 17:25:33 - INFO - utils.common - 计算 precision ing...
12/20/2023 17:25:33 - INFO - utils.common - precision = 0.8052200305165507
12/20/2023 17:25:33 - INFO - utils.common - 计算 recall ing...
12/20/2023 17:25:33 - INFO - utils.common - result = {'f1score': 0.7901646663680801, 'acc': 0.7872, 'precision': 0.8052200305165507, 'recall': 0.7872845590008004}
12/20/2023 17:25:33 - INFO - __main__ - Epoch:6, Val Accuracy:0.7872, f1:0.7901646663680801

12/20/2023 17:25:33 - INFO - __main__ - lr:0.0001963663688163546
12/20/2023 17:25:33 - INFO - __main__ - ==========Epoch:7==========
Save best weights
12/20/2023 17:25:40 - INFO - utils.common - 计算 f1 score ing...
12/20/2023 17:25:40 - INFO - utils.common - F1score = 0.8154429516947653
12/20/2023 17:25:40 - INFO - utils.common - 计算 accuracy ing...
12/20/2023 17:25:40 - INFO - utils.common - acc = 0.81375
12/20/2023 17:25:40 - INFO - utils.common - 计算 precision ing...
12/20/2023 17:25:40 - INFO - utils.common - precision = 0.831199486167405
12/20/2023 17:25:40 - INFO - utils.common - 计算 recall ing...
12/20/2023 17:25:40 - INFO - utils.common - result = {'f1score': 0.8154429516947653, 'acc': 0.81375, 'precision': 0.831199486167405, 'recall': 0.8122272844843378}
12/20/2023 17:25:40 - INFO - __main__ - Epoch:7, Train Accuracy:0.81375, f1:0.8154429516947653

Epoch: [7][0/7]	
12/20/2023 17:25:56 - INFO - utils.common - 计算 f1 score ing...
12/20/2023 17:25:56 - INFO - utils.common - F1score = 0.8384106519837734
12/20/2023 17:25:56 - INFO - utils.common - 计算 accuracy ing...
12/20/2023 17:25:56 - INFO - utils.common - acc = 0.83665
12/20/2023 17:25:56 - INFO - utils.common - 计算 precision ing...
12/20/2023 17:25:56 - INFO - utils.common - precision = 0.849450931604268
12/20/2023 17:25:56 - INFO - utils.common - 计算 recall ing...
12/20/2023 17:25:56 - INFO - utils.common - result = {'f1score': 0.8384106519837734, 'acc': 0.83665, 'precision': 0.849450931604268, 'recall': 0.8360396041499276}
12/20/2023 17:25:56 - INFO - __main__ - Epoch:7, Val Accuracy:0.83665, f1:0.8384106519837734

12/20/2023 17:25:56 - INFO - __main__ - lr:0.0001036736311836454
12/20/2023 17:25:56 - INFO - __main__ - ==========Epoch:8==========
Save best weights
12/20/2023 17:26:03 - INFO - utils.common - 计算 f1 score ing...
12/20/2023 17:26:03 - INFO - utils.common - F1score = 0.8312599167774116
12/20/2023 17:26:03 - INFO - utils.common - 计算 accuracy ing...
12/20/2023 17:26:03 - INFO - utils.common - acc = 0.83
12/20/2023 17:26:03 - INFO - utils.common - 计算 precision ing...
12/20/2023 17:26:03 - INFO - utils.common - precision = 0.8455896108298855
12/20/2023 17:26:03 - INFO - utils.common - 计算 recall ing...
12/20/2023 17:26:03 - INFO - utils.common - result = {'f1score': 0.8312599167774116, 'acc': 0.83, 'precision': 0.8455896108298855, 'recall': 0.8285297469714233}
12/20/2023 17:26:03 - INFO - __main__ - Epoch:8, Train Accuracy:0.83, f1:0.8312599167774116

Epoch: [8][0/7]	
12/20/2023 17:26:19 - INFO - utils.common - 计算 f1 score ing...
12/20/2023 17:26:19 - INFO - utils.common - F1score = 0.8546526731577622
12/20/2023 17:26:19 - INFO - utils.common - 计算 accuracy ing...
12/20/2023 17:26:19 - INFO - utils.common - acc = 0.8534
12/20/2023 17:26:19 - INFO - utils.common - 计算 precision ing...
12/20/2023 17:26:19 - INFO - utils.common - precision = 0.8644746127303033
12/20/2023 17:26:19 - INFO - utils.common - 计算 recall ing...
12/20/2023 17:26:19 - INFO - utils.common - result = {'f1score': 0.8546526731577622, 'acc': 0.8534, 'precision': 0.8644746127303033, 'recall': 0.8524643970497541}
12/20/2023 17:26:19 - INFO - __main__ - Epoch:8, Val Accuracy:0.8534, f1:0.8546526731577622

12/20/2023 17:26:19 - INFO - __main__ - lr:2.8683631183645395e-05
12/20/2023 17:26:19 - INFO - __main__ - ==========Epoch:9==========
Save best weights
12/20/2023 17:26:25 - INFO - utils.common - 计算 f1 score ing...
12/20/2023 17:26:25 - INFO - utils.common - F1score = 0.8509968571847816
12/20/2023 17:26:25 - INFO - utils.common - 计算 accuracy ing...
12/20/2023 17:26:25 - INFO - utils.common - acc = 0.84875
12/20/2023 17:26:25 - INFO - utils.common - 计算 precision ing...
12/20/2023 17:26:25 - INFO - utils.common - precision = 0.8650683013879444
12/20/2023 17:26:25 - INFO - utils.common - 计算 recall ing...
12/20/2023 17:26:25 - INFO - utils.common - result = {'f1score': 0.8509968571847816, 'acc': 0.84875, 'precision': 0.8650683013879444, 'recall': 0.847417345800451}
12/20/2023 17:26:25 - INFO - __main__ - Epoch:9, Train Accuracy:0.84875, f1:0.8509968571847816

Epoch: [9][0/7]	
12/20/2023 17:26:42 - INFO - utils.common - 计算 f1 score ing...
12/20/2023 17:26:42 - INFO - utils.common - F1score = 0.8576322277716844
12/20/2023 17:26:42 - INFO - utils.common - 计算 accuracy ing...
12/20/2023 17:26:42 - INFO - utils.common - acc = 0.85655
12/20/2023 17:26:42 - INFO - utils.common - 计算 precision ing...
12/20/2023 17:26:42 - INFO - utils.common - precision = 0.8671076514819377
12/20/2023 17:26:42 - INFO - utils.common - 计算 recall ing...
12/20/2023 17:26:42 - INFO - utils.common - result = {'f1score': 0.8576322277716844, 'acc': 0.85655, 'precision': 0.8671076514819377, 'recall': 0.8556518708211514}
12/20/2023 17:26:42 - INFO - __main__ - Epoch:9, Val Accuracy:0.85655, f1:0.8576322277716844

12/20/2023 17:26:42 - INFO - __main__ - lr:0.0003
12/20/2023 17:26:42 - INFO - __main__ - ==========Epoch:10==========
Save best weights
12/20/2023 17:26:49 - INFO - utils.common - 计算 f1 score ing...
12/20/2023 17:26:49 - INFO - utils.common - F1score = 0.861856699465317
12/20/2023 17:26:49 - INFO - utils.common - 计算 accuracy ing...
12/20/2023 17:26:49 - INFO - utils.common - acc = 0.86
12/20/2023 17:26:49 - INFO - utils.common - 计算 precision ing...
12/20/2023 17:26:49 - INFO - utils.common - precision = 0.8760495696392225
12/20/2023 17:26:49 - INFO - utils.common - 计算 recall ing...
12/20/2023 17:26:49 - INFO - utils.common - result = {'f1score': 0.861856699465317, 'acc': 0.86, 'precision': 0.8760495696392225, 'recall': 0.8569708253176328}
12/20/2023 17:26:49 - INFO - __main__ - Epoch:10, Train Accuracy:0.86, f1:0.861856699465317

Epoch: [10][0/7]	
12/20/2023 17:27:04 - INFO - utils.common - 计算 f1 score ing...
12/20/2023 17:27:04 - INFO - utils.common - F1score = 0.8943944888012711
12/20/2023 17:27:04 - INFO - utils.common - 计算 accuracy ing...
12/20/2023 17:27:04 - INFO - utils.common - acc = 0.8937
12/20/2023 17:27:04 - INFO - utils.common - 计算 precision ing...
12/20/2023 17:27:04 - INFO - utils.common - precision = 0.9009635709927186
12/20/2023 17:27:04 - INFO - utils.common - 计算 recall ing...
12/20/2023 17:27:04 - INFO - utils.common - result = {'f1score': 0.8943944888012711, 'acc': 0.8937, 'precision': 0.9009635709927186, 'recall': 0.8926792481911404}
12/20/2023 17:27:04 - INFO - __main__ - Epoch:10, Val Accuracy:0.8937, f1:0.8943944888012711

12/20/2023 17:27:04 - INFO - __main__ - lr:0.00027135636881635457
12/20/2023 17:27:04 - INFO - __main__ - ==========Epoch:11==========
Save best weights
12/20/2023 17:27:10 - INFO - utils.common - 计算 f1 score ing...
12/20/2023 17:27:10 - INFO - utils.common - F1score = 0.8996511717857882
12/20/2023 17:27:10 - INFO - utils.common - 计算 accuracy ing...
12/20/2023 17:27:10 - INFO - utils.common - acc = 0.89875
12/20/2023 17:27:10 - INFO - utils.common - 计算 precision ing...
12/20/2023 17:27:10 - INFO - utils.common - precision = 0.9096249665243293
12/20/2023 17:27:10 - INFO - utils.common - 计算 recall ing...
12/20/2023 17:27:10 - INFO - utils.common - result = {'f1score': 0.8996511717857882, 'acc': 0.89875, 'precision': 0.9096249665243293, 'recall': 0.8961067698982235}
12/20/2023 17:27:10 - INFO - __main__ - Epoch:11, Train Accuracy:0.89875, f1:0.8996511717857882

Epoch: [11][0/7]	
12/20/2023 17:27:27 - INFO - utils.common - 计算 f1 score ing...
12/20/2023 17:27:27 - INFO - utils.common - F1score = 0.9120990684941535
12/20/2023 17:27:27 - INFO - utils.common - 计算 accuracy ing...
12/20/2023 17:27:27 - INFO - utils.common - acc = 0.912
12/20/2023 17:27:27 - INFO - utils.common - 计算 precision ing...
12/20/2023 17:27:27 - INFO - utils.common - precision = 0.9170581990699197
12/20/2023 17:27:27 - INFO - utils.common - 计算 recall ing...
12/20/2023 17:27:27 - INFO - utils.common - result = {'f1score': 0.9120990684941535, 'acc': 0.912, 'precision': 0.9170581990699197, 'recall': 0.9107074783656179}
12/20/2023 17:27:27 - INFO - __main__ - Epoch:11, Val Accuracy:0.912, f1:0.9120990684941535

12/20/2023 17:27:27 - INFO - __main__ - lr:0.0001963663688163546
12/20/2023 17:27:27 - INFO - __main__ - ==========Epoch:12==========
Save best weights
12/20/2023 17:27:34 - INFO - utils.common - 计算 f1 score ing...
12/20/2023 17:27:34 - INFO - utils.common - F1score = 0.906303209000714
12/20/2023 17:27:34 - INFO - utils.common - 计算 accuracy ing...
12/20/2023 17:27:34 - INFO - utils.common - acc = 0.90625
12/20/2023 17:27:34 - INFO - utils.common - 计算 precision ing...
12/20/2023 17:27:34 - INFO - utils.common - precision = 0.913616174350089
12/20/2023 17:27:34 - INFO - utils.common - 计算 recall ing...
12/20/2023 17:27:34 - INFO - utils.common - result = {'f1score': 0.906303209000714, 'acc': 0.90625, 'precision': 0.913616174350089, 'recall': 0.9032484872074049}
12/20/2023 17:27:34 - INFO - __main__ - Epoch:12, Train Accuracy:0.90625, f1:0.906303209000714

Epoch: [12][0/7]	
12/20/2023 17:27:50 - INFO - utils.common - 计算 f1 score ing...
12/20/2023 17:27:50 - INFO - utils.common - F1score = 0.9236623443263705
12/20/2023 17:27:50 - INFO - utils.common - 计算 accuracy ing...
12/20/2023 17:27:50 - INFO - utils.common - acc = 0.92375
12/20/2023 17:27:50 - INFO - utils.common - 计算 precision ing...
12/20/2023 17:27:50 - INFO - utils.common - precision = 0.9276475834796197
12/20/2023 17:27:50 - INFO - utils.common - 计算 recall ing...
12/20/2023 17:27:50 - INFO - utils.common - result = {'f1score': 0.9236623443263705, 'acc': 0.92375, 'precision': 0.9276475834796197, 'recall': 0.9222931975917206}
12/20/2023 17:27:50 - INFO - __main__ - Epoch:12, Val Accuracy:0.92375, f1:0.9236623443263705

12/20/2023 17:27:50 - INFO - __main__ - lr:0.0001036736311836454
12/20/2023 17:27:50 - INFO - __main__ - ==========Epoch:13==========
Save best weights
12/20/2023 17:27:56 - INFO - utils.common - 计算 f1 score ing...
12/20/2023 17:27:56 - INFO - utils.common - F1score = 0.9171779914165487
12/20/2023 17:27:56 - INFO - utils.common - 计算 accuracy ing...
12/20/2023 17:27:56 - INFO - utils.common - acc = 0.91625
12/20/2023 17:27:56 - INFO - utils.common - 计算 precision ing...
12/20/2023 17:27:56 - INFO - utils.common - precision = 0.9225433926241003
12/20/2023 17:27:56 - INFO - utils.common - 计算 recall ing...
12/20/2023 17:27:56 - INFO - utils.common - result = {'f1score': 0.9171779914165487, 'acc': 0.91625, 'precision': 0.9225433926241003, 'recall': 0.9149592035955673}
12/20/2023 17:27:56 - INFO - __main__ - Epoch:13, Train Accuracy:0.91625, f1:0.9171779914165487

Epoch: [13][0/7]	
12/20/2023 17:28:13 - INFO - utils.common - 计算 f1 score ing...
12/20/2023 17:28:13 - INFO - utils.common - F1score = 0.9295848207725146
12/20/2023 17:28:13 - INFO - utils.common - 计算 accuracy ing...
12/20/2023 17:28:13 - INFO - utils.common - acc = 0.92975
12/20/2023 17:28:13 - INFO - utils.common - 计算 precision ing...
12/20/2023 17:28:13 - INFO - utils.common - precision = 0.9331595353313461
12/20/2023 17:28:13 - INFO - utils.common - 计算 recall ing...
12/20/2023 17:28:13 - INFO - utils.common - result = {'f1score': 0.9295848207725146, 'acc': 0.92975, 'precision': 0.9331595353313461, 'recall': 0.9282250812243493}
12/20/2023 17:28:13 - INFO - __main__ - Epoch:13, Val Accuracy:0.92975, f1:0.9295848207725146

12/20/2023 17:28:13 - INFO - __main__ - lr:2.8683631183645395e-05
12/20/2023 17:28:13 - INFO - __main__ - ==========Epoch:14==========
Save best weights
12/20/2023 17:28:19 - INFO - utils.common - 计算 f1 score ing...
12/20/2023 17:28:19 - INFO - utils.common - F1score = 0.928470251026941
12/20/2023 17:28:19 - INFO - utils.common - 计算 accuracy ing...
12/20/2023 17:28:19 - INFO - utils.common - acc = 0.9275
12/20/2023 17:28:19 - INFO - utils.common - 计算 precision ing...
12/20/2023 17:28:19 - INFO - utils.common - precision = 0.9321200938194296
12/20/2023 17:28:19 - INFO - utils.common - 计算 recall ing...
12/20/2023 17:28:19 - INFO - utils.common - result = {'f1score': 0.928470251026941, 'acc': 0.9275, 'precision': 0.9321200938194296, 'recall': 0.9264500784711971}
12/20/2023 17:28:19 - INFO - __main__ - Epoch:14, Train Accuracy:0.9275, f1:0.928470251026941

Epoch: [14][0/7]	
12/20/2023 17:28:35 - INFO - utils.common - 计算 f1 score ing...
12/20/2023 17:28:35 - INFO - utils.common - F1score = 0.9291134505627786
12/20/2023 17:28:35 - INFO - utils.common - 计算 accuracy ing...
12/20/2023 17:28:35 - INFO - utils.common - acc = 0.92935
12/20/2023 17:28:35 - INFO - utils.common - 计算 precision ing...
12/20/2023 17:28:35 - INFO - utils.common - precision = 0.9329143490644822
12/20/2023 17:28:35 - INFO - utils.common - 计算 recall ing...
12/20/2023 17:28:35 - INFO - utils.common - result = {'f1score': 0.9291134505627786, 'acc': 0.92935, 'precision': 0.9329143490644822, 'recall': 0.9277616002113898}
12/20/2023 17:28:35 - INFO - __main__ - Epoch:14, Val Accuracy:0.92935, f1:0.9291134505627786

12/20/2023 17:28:35 - INFO - __main__ - lr:0.0003
12/20/2023 17:28:35 - INFO - __main__ - ==========Epoch:15==========
early_st 4
12/20/2023 17:28:42 - INFO - utils.common - 计算 f1 score ing...
12/20/2023 17:28:42 - INFO - utils.common - F1score = 0.9242930457175179
12/20/2023 17:28:42 - INFO - utils.common - 计算 accuracy ing...
12/20/2023 17:28:42 - INFO - utils.common - acc = 0.925
12/20/2023 17:28:42 - INFO - utils.common - 计算 precision ing...
12/20/2023 17:28:42 - INFO - utils.common - precision = 0.9283201935379203
12/20/2023 17:28:42 - INFO - utils.common - 计算 recall ing...
12/20/2023 17:28:42 - INFO - utils.common - result = {'f1score': 0.9242930457175179, 'acc': 0.925, 'precision': 0.9283201935379203, 'recall': 0.9227036286721157}
12/20/2023 17:28:42 - INFO - __main__ - Epoch:15, Train Accuracy:0.925, f1:0.9242930457175179

Epoch: [15][0/7]	
12/20/2023 17:28:58 - INFO - utils.common - 计算 f1 score ing...
12/20/2023 17:28:58 - INFO - utils.common - F1score = 0.9414692352836104
12/20/2023 17:28:58 - INFO - utils.common - 计算 accuracy ing...
12/20/2023 17:28:58 - INFO - utils.common - acc = 0.9418
12/20/2023 17:28:58 - INFO - utils.common - 计算 precision ing...
12/20/2023 17:28:58 - INFO - utils.common - precision = 0.9437256133685259
12/20/2023 17:28:58 - INFO - utils.common - 计算 recall ing...
12/20/2023 17:28:58 - INFO - utils.common - result = {'f1score': 0.9414692352836104, 'acc': 0.9418, 'precision': 0.9437256133685259, 'recall': 0.9404127908999532}
12/20/2023 17:28:58 - INFO - __main__ - Epoch:15, Val Accuracy:0.9418, f1:0.9414692352836104

12/20/2023 17:28:58 - INFO - __main__ - lr:0.00027135636881635457
12/20/2023 17:28:58 - INFO - __main__ - ==========Epoch:16==========
Save best weights
12/20/2023 17:29:04 - INFO - utils.common - 计算 f1 score ing...
12/20/2023 17:29:04 - INFO - utils.common - F1score = 0.9360054065214372
12/20/2023 17:29:04 - INFO - utils.common - 计算 accuracy ing...
12/20/2023 17:29:04 - INFO - utils.common - acc = 0.9375
12/20/2023 17:29:04 - INFO - utils.common - 计算 precision ing...
12/20/2023 17:29:04 - INFO - utils.common - precision = 0.9384360945134566
12/20/2023 17:29:04 - INFO - utils.common - 计算 recall ing...
12/20/2023 17:29:04 - INFO - utils.common - result = {'f1score': 0.9360054065214372, 'acc': 0.9375, 'precision': 0.9384360945134566, 'recall': 0.9348394221599963}
12/20/2023 17:29:04 - INFO - __main__ - Epoch:16, Train Accuracy:0.9375, f1:0.9360054065214372

Epoch: [16][0/7]	
12/20/2023 17:29:21 - INFO - utils.common - 计算 f1 score ing...
12/20/2023 17:29:21 - INFO - utils.common - F1score = 0.948338260098024
12/20/2023 17:29:21 - INFO - utils.common - 计算 accuracy ing...
12/20/2023 17:29:21 - INFO - utils.common - acc = 0.9486
12/20/2023 17:29:21 - INFO - utils.common - 计算 precision ing...
12/20/2023 17:29:21 - INFO - utils.common - precision = 0.9500594182003498
12/20/2023 17:29:21 - INFO - utils.common - 计算 recall ing...
12/20/2023 17:29:21 - INFO - utils.common - result = {'f1score': 0.948338260098024, 'acc': 0.9486, 'precision': 0.9500594182003498, 'recall': 0.9473976261182995}
12/20/2023 17:29:21 - INFO - __main__ - Epoch:16, Val Accuracy:0.9486, f1:0.948338260098024

12/20/2023 17:29:21 - INFO - __main__ - lr:0.0001963663688163546
12/20/2023 17:29:21 - INFO - __main__ - ==========Epoch:17==========
Save best weights
12/20/2023 17:29:28 - INFO - utils.common - 计算 f1 score ing...
12/20/2023 17:29:28 - INFO - utils.common - F1score = 0.9428884604906178
12/20/2023 17:29:28 - INFO - utils.common - 计算 accuracy ing...
12/20/2023 17:29:28 - INFO - utils.common - acc = 0.94375
12/20/2023 17:29:28 - INFO - utils.common - 计算 precision ing...
12/20/2023 17:29:28 - INFO - utils.common - precision = 0.9450598696319885
12/20/2023 17:29:28 - INFO - utils.common - 计算 recall ing...
12/20/2023 17:29:28 - INFO - utils.common - result = {'f1score': 0.9428884604906178, 'acc': 0.94375, 'precision': 0.9450598696319885, 'recall': 0.9419652754209759}
12/20/2023 17:29:28 - INFO - __main__ - Epoch:17, Train Accuracy:0.94375, f1:0.9428884604906178

Epoch: [17][0/7]	
12/20/2023 17:29:44 - INFO - utils.common - 计算 f1 score ing...
12/20/2023 17:29:44 - INFO - utils.common - F1score = 0.9515219454474112
12/20/2023 17:29:44 - INFO - utils.common - 计算 accuracy ing...
12/20/2023 17:29:44 - INFO - utils.common - acc = 0.95185
12/20/2023 17:29:44 - INFO - utils.common - 计算 precision ing...
12/20/2023 17:29:44 - INFO - utils.common - precision = 0.952977836805405
12/20/2023 17:29:44 - INFO - utils.common - 计算 recall ing...
12/20/2023 17:29:44 - INFO - utils.common - result = {'f1score': 0.9515219454474112, 'acc': 0.95185, 'precision': 0.952977836805405, 'recall': 0.9507244584691974}
12/20/2023 17:29:44 - INFO - __main__ - Epoch:17, Val Accuracy:0.95185, f1:0.9515219454474112

12/20/2023 17:29:44 - INFO - __main__ - lr:0.0001036736311836454
12/20/2023 17:29:44 - INFO - __main__ - ==========Epoch:18==========
Save best weights
12/20/2023 17:29:51 - INFO - utils.common - 计算 f1 score ing...
12/20/2023 17:29:51 - INFO - utils.common - F1score = 0.9499355636472134
12/20/2023 17:29:51 - INFO - utils.common - 计算 accuracy ing...
12/20/2023 17:29:51 - INFO - utils.common - acc = 0.95
12/20/2023 17:29:51 - INFO - utils.common - 计算 precision ing...
12/20/2023 17:29:51 - INFO - utils.common - precision = 0.951521205675747
12/20/2023 17:29:51 - INFO - utils.common - 计算 recall ing...
12/20/2023 17:29:51 - INFO - utils.common - result = {'f1score': 0.9499355636472134, 'acc': 0.95, 'precision': 0.951521205675747, 'recall': 0.9490141606046573}
12/20/2023 17:29:51 - INFO - __main__ - Epoch:18, Train Accuracy:0.95, f1:0.9499355636472134

Epoch: [18][0/7]	
12/20/2023 17:30:07 - INFO - utils.common - 计算 f1 score ing...
12/20/2023 17:30:07 - INFO - utils.common - F1score = 0.9526259372939929
12/20/2023 17:30:07 - INFO - utils.common - 计算 accuracy ing...
12/20/2023 17:30:07 - INFO - utils.common - acc = 0.95295
12/20/2023 17:30:07 - INFO - utils.common - 计算 precision ing...
12/20/2023 17:30:07 - INFO - utils.common - precision = 0.9540393651355639
12/20/2023 17:30:07 - INFO - utils.common - 计算 recall ing...
12/20/2023 17:30:07 - INFO - utils.common - result = {'f1score': 0.9526259372939929, 'acc': 0.95295, 'precision': 0.9540393651355639, 'recall': 0.9517937276693866}
12/20/2023 17:30:07 - INFO - __main__ - Epoch:18, Val Accuracy:0.95295, f1:0.9526259372939929

12/20/2023 17:30:07 - INFO - __main__ - lr:2.8683631183645395e-05
12/20/2023 17:30:07 - INFO - __main__ - ==========Epoch:19==========
Save best weights
12/20/2023 17:30:13 - INFO - utils.common - 计算 f1 score ing...
12/20/2023 17:30:13 - INFO - utils.common - F1score = 0.9454722124891192
12/20/2023 17:30:13 - INFO - utils.common - 计算 accuracy ing...
12/20/2023 17:30:13 - INFO - utils.common - acc = 0.945
12/20/2023 17:30:13 - INFO - utils.common - 计算 precision ing...
12/20/2023 17:30:13 - INFO - utils.common - precision = 0.9477310037973123
12/20/2023 17:30:13 - INFO - utils.common - 计算 recall ing...
12/20/2023 17:30:14 - INFO - utils.common - result = {'f1score': 0.9454722124891192, 'acc': 0.945, 'precision': 0.9477310037973123, 'recall': 0.9441346912515036}
12/20/2023 17:30:14 - INFO - __main__ - Epoch:19, Train Accuracy:0.945, f1:0.9454722124891192

Epoch: [19][0/7]	
12/20/2023 17:30:30 - INFO - utils.common - 计算 f1 score ing...
12/20/2023 17:30:30 - INFO - utils.common - F1score = 0.9532048417390554
12/20/2023 17:30:30 - INFO - utils.common - 计算 accuracy ing...
12/20/2023 17:30:30 - INFO - utils.common - acc = 0.95355
12/20/2023 17:30:30 - INFO - utils.common - 计算 precision ing...
12/20/2023 17:30:30 - INFO - utils.common - precision = 0.9545957781255086
12/20/2023 17:30:30 - INFO - utils.common - 计算 recall ing...
12/20/2023 17:30:30 - INFO - utils.common - result = {'f1score': 0.9532048417390554, 'acc': 0.95355, 'precision': 0.9545957781255086, 'recall': 0.9523642799658225}
12/20/2023 17:30:30 - INFO - __main__ - Epoch:19, Val Accuracy:0.95355, f1:0.9532048417390554

12/20/2023 17:30:30 - INFO - __main__ - lr:0.0003
12/20/2023 17:30:30 - INFO - __main__ - ==========Epoch:20==========
Save best weights
12/20/2023 17:30:36 - INFO - utils.common - 计算 f1 score ing...
12/20/2023 17:30:36 - INFO - utils.common - F1score = 0.9468342154525337
12/20/2023 17:30:36 - INFO - utils.common - 计算 accuracy ing...
12/20/2023 17:30:36 - INFO - utils.common - acc = 0.94625
12/20/2023 17:30:36 - INFO - utils.common - 计算 precision ing...
12/20/2023 17:30:36 - INFO - utils.common - precision = 0.9478292274916984
12/20/2023 17:30:36 - INFO - utils.common - 计算 recall ing...
12/20/2023 17:30:36 - INFO - utils.common - result = {'f1score': 0.9468342154525337, 'acc': 0.94625, 'precision': 0.9478292274916984, 'recall': 0.946169344016234}
12/20/2023 17:30:36 - INFO - __main__ - Epoch:20, Train Accuracy:0.94625, f1:0.9468342154525337

Epoch: [20][0/7]	
12/20/2023 17:30:53 - INFO - utils.common - 计算 f1 score ing...
12/20/2023 17:30:53 - INFO - utils.common - F1score = 0.9556862609484453
12/20/2023 17:30:53 - INFO - utils.common - 计算 accuracy ing...
12/20/2023 17:30:53 - INFO - utils.common - acc = 0.9561
12/20/2023 17:30:53 - INFO - utils.common - 计算 precision ing...
12/20/2023 17:30:53 - INFO - utils.common - precision = 0.9567630439852104
12/20/2023 17:30:53 - INFO - utils.common - 计算 recall ing...
12/20/2023 17:30:53 - INFO - utils.common - result = {'f1score': 0.9556862609484453, 'acc': 0.9561, 'precision': 0.9567630439852104, 'recall': 0.9550887794476627}
12/20/2023 17:30:53 - INFO - __main__ - Epoch:20, Val Accuracy:0.9561, f1:0.9556862609484453

12/20/2023 17:30:53 - INFO - __main__ - lr:0.00027135636881635457
12/20/2023 17:30:53 - INFO - __main__ - ==========Epoch:21==========
Save best weights
12/20/2023 17:30:59 - INFO - utils.common - 计算 f1 score ing...
12/20/2023 17:30:59 - INFO - utils.common - F1score = 0.9567028984625683
12/20/2023 17:30:59 - INFO - utils.common - 计算 accuracy ing...
12/20/2023 17:30:59 - INFO - utils.common - acc = 0.9575
12/20/2023 17:30:59 - INFO - utils.common - 计算 precision ing...
12/20/2023 17:30:59 - INFO - utils.common - precision = 0.9583952327838343
12/20/2023 17:30:59 - INFO - utils.common - 计算 recall ing...
12/20/2023 17:30:59 - INFO - utils.common - result = {'f1score': 0.9567028984625683, 'acc': 0.9575, 'precision': 0.9583952327838343, 'recall': 0.9552269849992998}
12/20/2023 17:30:59 - INFO - __main__ - Epoch:21, Train Accuracy:0.9575, f1:0.9567028984625683

Epoch: [21][0/7]	
12/20/2023 17:31:15 - INFO - utils.common - 计算 f1 score ing...
12/20/2023 17:31:16 - INFO - utils.common - F1score = 0.958783392275374
12/20/2023 17:31:16 - INFO - utils.common - 计算 accuracy ing...
12/20/2023 17:31:16 - INFO - utils.common - acc = 0.9592
12/20/2023 17:31:16 - INFO - utils.common - 计算 precision ing...
12/20/2023 17:31:16 - INFO - utils.common - precision = 0.959764722830507
12/20/2023 17:31:16 - INFO - utils.common - 计算 recall ing...
12/20/2023 17:31:16 - INFO - utils.common - result = {'f1score': 0.958783392275374, 'acc': 0.9592, 'precision': 0.959764722830507, 'recall': 0.9581737846400288}
12/20/2023 17:31:16 - INFO - __main__ - Epoch:21, Val Accuracy:0.9592, f1:0.958783392275374

12/20/2023 17:31:16 - INFO - __main__ - lr:0.0001963663688163546
12/20/2023 17:31:16 - INFO - __main__ - ==========Epoch:22==========
Save best weights
12/20/2023 17:31:22 - INFO - utils.common - 计算 f1 score ing...
12/20/2023 17:31:22 - INFO - utils.common - F1score = 0.9547927264196588
12/20/2023 17:31:22 - INFO - utils.common - 计算 accuracy ing...
12/20/2023 17:31:22 - INFO - utils.common - acc = 0.955
12/20/2023 17:31:22 - INFO - utils.common - 计算 precision ing...
12/20/2023 17:31:22 - INFO - utils.common - precision = 0.9549456709521673
12/20/2023 17:31:22 - INFO - utils.common - 计算 recall ing...
12/20/2023 17:31:22 - INFO - utils.common - result = {'f1score': 0.9547927264196588, 'acc': 0.955, 'precision': 0.9549456709521673, 'recall': 0.9551336569279153}
12/20/2023 17:31:22 - INFO - __main__ - Epoch:22, Train Accuracy:0.955, f1:0.9547927264196588

Epoch: [22][0/7]	
12/20/2023 17:31:38 - INFO - utils.common - 计算 f1 score ing...
12/20/2023 17:31:38 - INFO - utils.common - F1score = 0.961331837452976
12/20/2023 17:31:38 - INFO - utils.common - 计算 accuracy ing...
12/20/2023 17:31:38 - INFO - utils.common - acc = 0.96175
12/20/2023 17:31:38 - INFO - utils.common - 计算 precision ing...
12/20/2023 17:31:38 - INFO - utils.common - precision = 0.9621249947148554
12/20/2023 17:31:38 - INFO - utils.common - 计算 recall ing...
12/20/2023 17:31:38 - INFO - utils.common - result = {'f1score': 0.961331837452976, 'acc': 0.96175, 'precision': 0.9621249947148554, 'recall': 0.9607766976599387}
12/20/2023 17:31:38 - INFO - __main__ - Epoch:22, Val Accuracy:0.96175, f1:0.961331837452976

12/20/2023 17:31:38 - INFO - __main__ - lr:0.0001036736311836454
12/20/2023 17:31:38 - INFO - __main__ - ==========Epoch:23==========
Save best weights
12/20/2023 17:31:46 - INFO - utils.common - 计算 f1 score ing...
12/20/2023 17:31:46 - INFO - utils.common - F1score = 0.9558863665582984
12/20/2023 17:31:46 - INFO - utils.common - 计算 accuracy ing...
12/20/2023 17:31:46 - INFO - utils.common - acc = 0.955
12/20/2023 17:31:46 - INFO - utils.common - 计算 precision ing...
12/20/2023 17:31:46 - INFO - utils.common - precision = 0.9563933132498761
12/20/2023 17:31:46 - INFO - utils.common - 计算 recall ing...
12/20/2023 17:31:46 - INFO - utils.common - result = {'f1score': 0.9558863665582984, 'acc': 0.955, 'precision': 0.9563933132498761, 'recall': 0.9555869967229478}
12/20/2023 17:31:46 - INFO - __main__ - Epoch:23, Train Accuracy:0.955, f1:0.9558863665582984

Epoch: [23][0/7]	
12/20/2023 17:32:02 - INFO - utils.common - 计算 f1 score ing...
12/20/2023 17:32:02 - INFO - utils.common - F1score = 0.962239300323326
12/20/2023 17:32:02 - INFO - utils.common - 计算 accuracy ing...
12/20/2023 17:32:02 - INFO - utils.common - acc = 0.9626
12/20/2023 17:32:02 - INFO - utils.common - 计算 precision ing...
12/20/2023 17:32:02 - INFO - utils.common - precision = 0.9627791220091257
12/20/2023 17:32:02 - INFO - utils.common - 计算 recall ing...
12/20/2023 17:32:02 - INFO - utils.common - result = {'f1score': 0.962239300323326, 'acc': 0.9626, 'precision': 0.9627791220091257, 'recall': 0.9618989975506346}
12/20/2023 17:32:02 - INFO - __main__ - Epoch:23, Val Accuracy:0.9626, f1:0.962239300323326

12/20/2023 17:32:02 - INFO - __main__ - lr:2.8683631183645395e-05
12/20/2023 17:32:02 - INFO - __main__ - ==========Epoch:24==========
Save best weights
12/20/2023 17:32:08 - INFO - utils.common - 计算 f1 score ing...
12/20/2023 17:32:08 - INFO - utils.common - F1score = 0.9584079822394345
12/20/2023 17:32:08 - INFO - utils.common - 计算 accuracy ing...
12/20/2023 17:32:08 - INFO - utils.common - acc = 0.95875
12/20/2023 17:32:08 - INFO - utils.common - 计算 precision ing...
12/20/2023 17:32:08 - INFO - utils.common - precision = 0.9593689442974936
12/20/2023 17:32:08 - INFO - utils.common - 计算 recall ing...
12/20/2023 17:32:08 - INFO - utils.common - result = {'f1score': 0.9584079822394345, 'acc': 0.95875, 'precision': 0.9593689442974936, 'recall': 0.9578682718634871}
12/20/2023 17:32:08 - INFO - __main__ - Epoch:24, Train Accuracy:0.95875, f1:0.9584079822394345

Epoch: [24][0/7]	
12/20/2023 17:32:24 - INFO - utils.common - 计算 f1 score ing...
12/20/2023 17:32:24 - INFO - utils.common - F1score = 0.9624835141681483
12/20/2023 17:32:24 - INFO - utils.common - 计算 accuracy ing...
12/20/2023 17:32:24 - INFO - utils.common - acc = 0.9628
12/20/2023 17:32:24 - INFO - utils.common - 计算 precision ing...
12/20/2023 17:32:24 - INFO - utils.common - precision = 0.9630907000218643
12/20/2023 17:32:24 - INFO - utils.common - 计算 recall ing...
12/20/2023 17:32:24 - INFO - utils.common - result = {'f1score': 0.9624835141681483, 'acc': 0.9628, 'precision': 0.9630907000218643, 'recall': 0.9620711078314282}
12/20/2023 17:32:24 - INFO - __main__ - Epoch:24, Val Accuracy:0.9628, f1:0.9624835141681483

12/20/2023 17:32:24 - INFO - __main__ - lr:0.0003
12/20/2023 17:32:24 - INFO - __main__ - ==========Epoch:25==========
Save best weights
12/20/2023 17:32:31 - INFO - utils.common - 计算 f1 score ing...
12/20/2023 17:32:31 - INFO - utils.common - F1score = 0.9490493215481496
12/20/2023 17:32:31 - INFO - utils.common - 计算 accuracy ing...
12/20/2023 17:32:31 - INFO - utils.common - acc = 0.94875
12/20/2023 17:32:31 - INFO - utils.common - 计算 precision ing...
12/20/2023 17:32:31 - INFO - utils.common - precision = 0.9496033883904222
12/20/2023 17:32:31 - INFO - utils.common - 计算 recall ing...
12/20/2023 17:32:31 - INFO - utils.common - result = {'f1score': 0.9490493215481496, 'acc': 0.94875, 'precision': 0.9496033883904222, 'recall': 0.9487431958600082}
12/20/2023 17:32:31 - INFO - __main__ - Epoch:25, Train Accuracy:0.94875, f1:0.9490493215481496

Epoch: [25][0/7]	
12/20/2023 17:32:46 - INFO - utils.common - 计算 f1 score ing...
12/20/2023 17:32:46 - INFO - utils.common - F1score = 0.9643961015652397
12/20/2023 17:32:46 - INFO - utils.common - 计算 accuracy ing...
12/20/2023 17:32:46 - INFO - utils.common - acc = 0.9648
12/20/2023 17:32:46 - INFO - utils.common - 计算 precision ing...
12/20/2023 17:32:47 - INFO - utils.common - precision = 0.9650931246332646
12/20/2023 17:32:47 - INFO - utils.common - 计算 recall ing...
12/20/2023 17:32:47 - INFO - utils.common - result = {'f1score': 0.9643961015652397, 'acc': 0.9648, 'precision': 0.9650931246332646, 'recall': 0.9638567899738018}
12/20/2023 17:32:47 - INFO - __main__ - Epoch:25, Val Accuracy:0.9648, f1:0.9643961015652397

12/20/2023 17:32:47 - INFO - __main__ - lr:0.00027135636881635457
12/20/2023 17:32:47 - INFO - __main__ - ==========Epoch:26==========
Save best weights
12/20/2023 17:32:53 - INFO - utils.common - 计算 f1 score ing...
12/20/2023 17:32:53 - INFO - utils.common - F1score = 0.9592959146737107
12/20/2023 17:32:53 - INFO - utils.common - 计算 accuracy ing...
12/20/2023 17:32:53 - INFO - utils.common - acc = 0.95875
12/20/2023 17:32:53 - INFO - utils.common - 计算 precision ing...
12/20/2023 17:32:53 - INFO - utils.common - precision = 0.9595167968601559
12/20/2023 17:32:53 - INFO - utils.common - 计算 recall ing...
12/20/2023 17:32:53 - INFO - utils.common - result = {'f1score': 0.9592959146737107, 'acc': 0.95875, 'precision': 0.9595167968601559, 'recall': 0.9591742290183141}
12/20/2023 17:32:53 - INFO - __main__ - Epoch:26, Train Accuracy:0.95875, f1:0.9592959146737107

Epoch: [26][0/7]	
12/20/2023 17:33:09 - INFO - utils.common - 计算 f1 score ing...
12/20/2023 17:33:09 - INFO - utils.common - F1score = 0.9659934912771695
12/20/2023 17:33:09 - INFO - utils.common - 计算 accuracy ing...
12/20/2023 17:33:09 - INFO - utils.common - acc = 0.9664
12/20/2023 17:33:09 - INFO - utils.common - 计算 precision ing...
12/20/2023 17:33:09 - INFO - utils.common - precision = 0.9664766477368509
12/20/2023 17:33:09 - INFO - utils.common - 计算 recall ing...
12/20/2023 17:33:09 - INFO - utils.common - result = {'f1score': 0.9659934912771695, 'acc': 0.9664, 'precision': 0.9664766477368509, 'recall': 0.9656025764664027}
12/20/2023 17:33:09 - INFO - __main__ - Epoch:26, Val Accuracy:0.9664, f1:0.9659934912771695

12/20/2023 17:33:09 - INFO - __main__ - lr:0.0001963663688163546
12/20/2023 17:33:09 - INFO - __main__ - ==========Epoch:27==========
Save best weights
12/20/2023 17:33:15 - INFO - utils.common - 计算 f1 score ing...
12/20/2023 17:33:15 - INFO - utils.common - F1score = 0.968958143526526
12/20/2023 17:33:15 - INFO - utils.common - 计算 accuracy ing...
12/20/2023 17:33:15 - INFO - utils.common - acc = 0.96875
12/20/2023 17:33:15 - INFO - utils.common - 计算 precision ing...
12/20/2023 17:33:15 - INFO - utils.common - precision = 0.9711520156824697
12/20/2023 17:33:15 - INFO - utils.common - 计算 recall ing...
12/20/2023 17:33:15 - INFO - utils.common - result = {'f1score': 0.968958143526526, 'acc': 0.96875, 'precision': 0.9711520156824697, 'recall': 0.9671173052752001}
12/20/2023 17:33:15 - INFO - __main__ - Epoch:27, Train Accuracy:0.96875, f1:0.968958143526526

Epoch: [27][0/7]	
12/20/2023 17:33:31 - INFO - utils.common - 计算 f1 score ing...
12/20/2023 17:33:31 - INFO - utils.common - F1score = 0.9669359046069795
12/20/2023 17:33:31 - INFO - utils.common - 计算 accuracy ing...
12/20/2023 17:33:31 - INFO - utils.common - acc = 0.96735
12/20/2023 17:33:31 - INFO - utils.common - 计算 precision ing...
12/20/2023 17:33:31 - INFO - utils.common - precision = 0.9673567716266371
12/20/2023 17:33:31 - INFO - utils.common - 计算 recall ing...
12/20/2023 17:33:31 - INFO - utils.common - result = {'f1score': 0.9669359046069795, 'acc': 0.96735, 'precision': 0.9673567716266371, 'recall': 0.9665991157466493}
12/20/2023 17:33:31 - INFO - __main__ - Epoch:27, Val Accuracy:0.96735, f1:0.9669359046069795

12/20/2023 17:33:31 - INFO - __main__ - lr:0.0001036736311836454
12/20/2023 17:33:31 - INFO - __main__ - ==========Epoch:28==========
Save best weights
12/20/2023 17:33:38 - INFO - utils.common - 计算 f1 score ing...
12/20/2023 17:33:38 - INFO - utils.common - F1score = 0.9643419145323703
12/20/2023 17:33:38 - INFO - utils.common - 计算 accuracy ing...
12/20/2023 17:33:38 - INFO - utils.common - acc = 0.96375
12/20/2023 17:33:38 - INFO - utils.common - 计算 precision ing...
12/20/2023 17:33:38 - INFO - utils.common - precision = 0.9651631982954222
12/20/2023 17:33:38 - INFO - utils.common - 计算 recall ing...
12/20/2023 17:33:38 - INFO - utils.common - result = {'f1score': 0.9643419145323703, 'acc': 0.96375, 'precision': 0.9651631982954222, 'recall': 0.9636685729863422}
12/20/2023 17:33:38 - INFO - __main__ - Epoch:28, Train Accuracy:0.96375, f1:0.9643419145323703

Epoch: [28][0/7]	
12/20/2023 17:33:53 - INFO - utils.common - 计算 f1 score ing...
12/20/2023 17:33:53 - INFO - utils.common - F1score = 0.9671031335923526
12/20/2023 17:33:53 - INFO - utils.common - 计算 accuracy ing...
12/20/2023 17:33:53 - INFO - utils.common - acc = 0.9675
12/20/2023 17:33:53 - INFO - utils.common - 计算 precision ing...
12/20/2023 17:33:53 - INFO - utils.common - precision = 0.9675454433989352
12/20/2023 17:33:53 - INFO - utils.common - 计算 recall ing...
12/20/2023 17:33:53 - INFO - utils.common - result = {'f1score': 0.9671031335923526, 'acc': 0.9675, 'precision': 0.9675454433989352, 'recall': 0.9667485648537482}
12/20/2023 17:33:53 - INFO - __main__ - Epoch:28, Val Accuracy:0.9675, f1:0.9671031335923526

12/20/2023 17:33:53 - INFO - __main__ - lr:2.8683631183645395e-05
12/20/2023 17:33:53 - INFO - __main__ - ==========Epoch:29==========
Save best weights
12/20/2023 17:34:00 - INFO - utils.common - 计算 f1 score ing...
12/20/2023 17:34:00 - INFO - utils.common - F1score = 0.968152766664926
12/20/2023 17:34:00 - INFO - utils.common - 计算 accuracy ing...
12/20/2023 17:34:00 - INFO - utils.common - acc = 0.9675
12/20/2023 17:34:00 - INFO - utils.common - 计算 precision ing...
12/20/2023 17:34:00 - INFO - utils.common - precision = 0.9674510881874967
12/20/2023 17:34:00 - INFO - utils.common - 计算 recall ing...
12/20/2023 17:34:00 - INFO - utils.common - result = {'f1score': 0.968152766664926, 'acc': 0.9675, 'precision': 0.9674510881874967, 'recall': 0.9690557161725286}
12/20/2023 17:34:00 - INFO - __main__ - Epoch:29, Train Accuracy:0.9675, f1:0.968152766664926

Epoch: [29][0/7]	
12/20/2023 17:34:16 - INFO - utils.common - 计算 f1 score ing...
12/20/2023 17:34:16 - INFO - utils.common - F1score = 0.9676423892751536
12/20/2023 17:34:16 - INFO - utils.common - 计算 accuracy ing...
12/20/2023 17:34:16 - INFO - utils.common - acc = 0.96805
12/20/2023 17:34:16 - INFO - utils.common - 计算 precision ing...
12/20/2023 17:34:16 - INFO - utils.common - precision = 0.9680303246229331
12/20/2023 17:34:16 - INFO - utils.common - 计算 recall ing...
12/20/2023 17:34:16 - INFO - utils.common - result = {'f1score': 0.9676423892751536, 'acc': 0.96805, 'precision': 0.9680303246229331, 'recall': 0.9673525395432198}
12/20/2023 17:34:16 - INFO - __main__ - Epoch:29, Val Accuracy:0.96805, f1:0.9676423892751536

12/20/2023 17:34:16 - INFO - __main__ - lr:0.0003
12/20/2023 17:34:16 - INFO - __main__ - ==========Epoch:30==========
Save best weights
12/20/2023 17:34:22 - INFO - utils.common - 计算 f1 score ing...
12/20/2023 17:34:22 - INFO - utils.common - F1score = 0.9548954418553461
12/20/2023 17:34:22 - INFO - utils.common - 计算 accuracy ing...
12/20/2023 17:34:22 - INFO - utils.common - acc = 0.955
12/20/2023 17:34:22 - INFO - utils.common - 计算 precision ing...
12/20/2023 17:34:22 - INFO - utils.common - precision = 0.9554986525653253
12/20/2023 17:34:22 - INFO - utils.common - 计算 recall ing...
12/20/2023 17:34:22 - INFO - utils.common - result = {'f1score': 0.9548954418553461, 'acc': 0.955, 'precision': 0.9554986525653253, 'recall': 0.9547262654546932}
12/20/2023 17:34:22 - INFO - __main__ - Epoch:30, Train Accuracy:0.955, f1:0.9548954418553461

Epoch: [30][0/7]	
12/20/2023 17:34:38 - INFO - utils.common - 计算 f1 score ing...
12/20/2023 17:34:38 - INFO - utils.common - F1score = 0.9682940650272338
12/20/2023 17:34:38 - INFO - utils.common - 计算 accuracy ing...
12/20/2023 17:34:38 - INFO - utils.common - acc = 0.9687
12/20/2023 17:34:38 - INFO - utils.common - 计算 precision ing...
12/20/2023 17:34:38 - INFO - utils.common - precision = 0.9689824111585812
12/20/2023 17:34:38 - INFO - utils.common - 计算 recall ing...
12/20/2023 17:34:38 - INFO - utils.common - result = {'f1score': 0.9682940650272338, 'acc': 0.9687, 'precision': 0.9689824111585812, 'recall': 0.9677152740680091}
12/20/2023 17:34:38 - INFO - __main__ - Epoch:30, Val Accuracy:0.9687, f1:0.9682940650272338

12/20/2023 17:34:38 - INFO - __main__ - lr:0.00027135636881635457
12/20/2023 17:34:38 - INFO - __main__ - ==========Epoch:31==========
Save best weights
12/20/2023 17:34:44 - INFO - utils.common - 计算 f1 score ing...
12/20/2023 17:34:44 - INFO - utils.common - F1score = 0.9642251725081044
12/20/2023 17:34:44 - INFO - utils.common - 计算 accuracy ing...
12/20/2023 17:34:44 - INFO - utils.common - acc = 0.96375
12/20/2023 17:34:44 - INFO - utils.common - 计算 precision ing...
12/20/2023 17:34:44 - INFO - utils.common - precision = 0.9635431295923504
12/20/2023 17:34:44 - INFO - utils.common - 计算 recall ing...
12/20/2023 17:34:44 - INFO - utils.common - result = {'f1score': 0.9642251725081044, 'acc': 0.96375, 'precision': 0.9635431295923504, 'recall': 0.9649925417868003}
12/20/2023 17:34:44 - INFO - __main__ - Epoch:31, Train Accuracy:0.96375, f1:0.9642251725081044

Epoch: [31][0/7]	
12/20/2023 17:35:00 - INFO - utils.common - 计算 f1 score ing...
12/20/2023 17:35:01 - INFO - utils.common - F1score = 0.9700475240222239
12/20/2023 17:35:01 - INFO - utils.common - 计算 accuracy ing...
12/20/2023 17:35:01 - INFO - utils.common - acc = 0.97045
12/20/2023 17:35:01 - INFO - utils.common - 计算 precision ing...
12/20/2023 17:35:01 - INFO - utils.common - precision = 0.9704236700227837
12/20/2023 17:35:01 - INFO - utils.common - 计算 recall ing...
12/20/2023 17:35:01 - INFO - utils.common - result = {'f1score': 0.9700475240222239, 'acc': 0.97045, 'precision': 0.9704236700227837, 'recall': 0.9697154687970387}
12/20/2023 17:35:01 - INFO - __main__ - Epoch:31, Val Accuracy:0.97045, f1:0.9700475240222239

12/20/2023 17:35:01 - INFO - __main__ - lr:0.0001963663688163546
12/20/2023 17:35:01 - INFO - __main__ - ==========Epoch:32==========
Save best weights
12/20/2023 17:35:07 - INFO - utils.common - 计算 f1 score ing...
12/20/2023 17:35:07 - INFO - utils.common - F1score = 0.9703171525907892
12/20/2023 17:35:07 - INFO - utils.common - 计算 accuracy ing...
12/20/2023 17:35:07 - INFO - utils.common - acc = 0.97
12/20/2023 17:35:07 - INFO - utils.common - 计算 precision ing...
12/20/2023 17:35:07 - INFO - utils.common - precision = 0.9697065296060108
12/20/2023 17:35:07 - INFO - utils.common - 计算 recall ing...
12/20/2023 17:35:07 - INFO - utils.common - result = {'f1score': 0.9703171525907892, 'acc': 0.97, 'precision': 0.9697065296060108, 'recall': 0.9710542410303176}
12/20/2023 17:35:07 - INFO - __main__ - Epoch:32, Train Accuracy:0.97, f1:0.9703171525907892

Epoch: [32][0/7]	
12/20/2023 17:35:24 - INFO - utils.common - 计算 f1 score ing...
12/20/2023 17:35:24 - INFO - utils.common - F1score = 0.971139520937937
12/20/2023 17:35:24 - INFO - utils.common - 计算 accuracy ing...
12/20/2023 17:35:24 - INFO - utils.common - acc = 0.97155
12/20/2023 17:35:24 - INFO - utils.common - 计算 precision ing...
12/20/2023 17:35:24 - INFO - utils.common - precision = 0.9712890441095792
12/20/2023 17:35:24 - INFO - utils.common - 计算 recall ing...
12/20/2023 17:35:24 - INFO - utils.common - result = {'f1score': 0.971139520937937, 'acc': 0.97155, 'precision': 0.9712890441095792, 'recall': 0.9710215156777223}
12/20/2023 17:35:24 - INFO - __main__ - Epoch:32, Val Accuracy:0.97155, f1:0.971139520937937

12/20/2023 17:35:24 - INFO - __main__ - lr:0.0001036736311836454
12/20/2023 17:35:24 - INFO - __main__ - ==========Epoch:33==========
Save best weights
12/20/2023 17:35:30 - INFO - utils.common - 计算 f1 score ing...
12/20/2023 17:35:30 - INFO - utils.common - F1score = 0.9579321875874521
12/20/2023 17:35:30 - INFO - utils.common - 计算 accuracy ing...
12/20/2023 17:35:30 - INFO - utils.common - acc = 0.9575
12/20/2023 17:35:30 - INFO - utils.common - 计算 precision ing...
12/20/2023 17:35:30 - INFO - utils.common - precision = 0.9587621904713372
12/20/2023 17:35:30 - INFO - utils.common - 计算 recall ing...
12/20/2023 17:35:30 - INFO - utils.common - result = {'f1score': 0.9579321875874521, 'acc': 0.9575, 'precision': 0.9587621904713372, 'recall': 0.9572491105860187}
12/20/2023 17:35:30 - INFO - __main__ - Epoch:33, Train Accuracy:0.9575, f1:0.9579321875874521

Epoch: [33][0/7]	
12/20/2023 17:35:47 - INFO - utils.common - 计算 f1 score ing...
12/20/2023 17:35:47 - INFO - utils.common - F1score = 0.9709590076027629
12/20/2023 17:35:47 - INFO - utils.common - 计算 accuracy ing...
12/20/2023 17:35:47 - INFO - utils.common - acc = 0.9714
12/20/2023 17:35:47 - INFO - utils.common - 计算 precision ing...
12/20/2023 17:35:47 - INFO - utils.common - precision = 0.9712569877113546
12/20/2023 17:35:47 - INFO - utils.common - 计算 recall ing...
12/20/2023 17:35:47 - INFO - utils.common - result = {'f1score': 0.9709590076027629, 'acc': 0.9714, 'precision': 0.9712569877113546, 'recall': 0.9706975320394068}
12/20/2023 17:35:47 - INFO - __main__ - Epoch:33, Val Accuracy:0.9714, f1:0.9709590076027629

12/20/2023 17:35:47 - INFO - __main__ - lr:2.8683631183645395e-05
12/20/2023 17:35:47 - INFO - __main__ - ==========Epoch:34==========
early_st 4
12/20/2023 17:35:52 - INFO - utils.common - 计算 f1 score ing...
12/20/2023 17:35:52 - INFO - utils.common - F1score = 0.9639856592915519
12/20/2023 17:35:52 - INFO - utils.common - 计算 accuracy ing...
12/20/2023 17:35:52 - INFO - utils.common - acc = 0.96375
12/20/2023 17:35:52 - INFO - utils.common - 计算 precision ing...
12/20/2023 17:35:52 - INFO - utils.common - precision = 0.964274671092224
12/20/2023 17:35:52 - INFO - utils.common - 计算 recall ing...
12/20/2023 17:35:52 - INFO - utils.common - result = {'f1score': 0.9639856592915519, 'acc': 0.96375, 'precision': 0.964274671092224, 'recall': 0.9637659610147646}
12/20/2023 17:35:52 - INFO - __main__ - Epoch:34, Train Accuracy:0.96375, f1:0.9639856592915519

Epoch: [34][0/7]	
12/20/2023 17:36:10 - INFO - utils.common - 计算 f1 score ing...
12/20/2023 17:36:10 - INFO - utils.common - F1score = 0.9709818496343734
12/20/2023 17:36:10 - INFO - utils.common - 计算 accuracy ing...
12/20/2023 17:36:10 - INFO - utils.common - acc = 0.97145
12/20/2023 17:36:10 - INFO - utils.common - 计算 precision ing...
12/20/2023 17:36:10 - INFO - utils.common - precision = 0.9711387028204128
12/20/2023 17:36:10 - INFO - utils.common - 计算 recall ing...
12/20/2023 17:36:10 - INFO - utils.common - result = {'f1score': 0.9709818496343734, 'acc': 0.97145, 'precision': 0.9711387028204128, 'recall': 0.9708555350912617}
12/20/2023 17:36:10 - INFO - __main__ - Epoch:34, Val Accuracy:0.97145, f1:0.9709818496343734

12/20/2023 17:36:10 - INFO - __main__ - lr:0.0003
12/20/2023 17:36:10 - INFO - __main__ - ==========Epoch:35==========
early_st 3
12/20/2023 17:36:16 - INFO - utils.common - 计算 f1 score ing...
12/20/2023 17:36:16 - INFO - utils.common - F1score = 0.9744692676792371
12/20/2023 17:36:16 - INFO - utils.common - 计算 accuracy ing...
12/20/2023 17:36:16 - INFO - utils.common - acc = 0.97375
12/20/2023 17:36:16 - INFO - utils.common - 计算 precision ing...
12/20/2023 17:36:16 - INFO - utils.common - precision = 0.9744885437876987
12/20/2023 17:36:16 - INFO - utils.common - 计算 recall ing...
12/20/2023 17:36:16 - INFO - utils.common - result = {'f1score': 0.9744692676792371, 'acc': 0.97375, 'precision': 0.9744885437876987, 'recall': 0.9745624718112756}
12/20/2023 17:36:16 - INFO - __main__ - Epoch:35, Train Accuracy:0.97375, f1:0.9744692676792371

Epoch: [35][0/7]	
12/20/2023 17:36:33 - INFO - utils.common - 计算 f1 score ing...
12/20/2023 17:36:33 - INFO - utils.common - F1score = 0.9719852993959148
12/20/2023 17:36:33 - INFO - utils.common - 计算 accuracy ing...
12/20/2023 17:36:33 - INFO - utils.common - acc = 0.97245
12/20/2023 17:36:33 - INFO - utils.common - 计算 precision ing...
12/20/2023 17:36:33 - INFO - utils.common - precision = 0.9721951276367533
12/20/2023 17:36:33 - INFO - utils.common - 计算 recall ing...
12/20/2023 17:36:33 - INFO - utils.common - result = {'f1score': 0.9719852993959148, 'acc': 0.97245, 'precision': 0.9721951276367533, 'recall': 0.9718064877592264}
12/20/2023 17:36:33 - INFO - __main__ - Epoch:35, Val Accuracy:0.97245, f1:0.9719852993959148

12/20/2023 17:36:33 - INFO - __main__ - lr:0.00027135636881635457
12/20/2023 17:36:33 - INFO - __main__ - ==========Epoch:36==========
Save best weights
12/20/2023 17:36:39 - INFO - utils.common - 计算 f1 score ing...
12/20/2023 17:36:39 - INFO - utils.common - F1score = 0.9725045518224736
12/20/2023 17:36:39 - INFO - utils.common - 计算 accuracy ing...
12/20/2023 17:36:39 - INFO - utils.common - acc = 0.9725
12/20/2023 17:36:39 - INFO - utils.common - 计算 precision ing...
12/20/2023 17:36:39 - INFO - utils.common - precision = 0.9729324106714975
12/20/2023 17:36:39 - INFO - utils.common - 计算 recall ing...
12/20/2023 17:36:39 - INFO - utils.common - result = {'f1score': 0.9725045518224736, 'acc': 0.9725, 'precision': 0.9729324106714975, 'recall': 0.9722151484113206}
12/20/2023 17:36:39 - INFO - __main__ - Epoch:36, Train Accuracy:0.9725, f1:0.9725045518224736

Epoch: [36][0/7]	
12/20/2023 17:36:56 - INFO - utils.common - 计算 f1 score ing...
12/20/2023 17:36:56 - INFO - utils.common - F1score = 0.9725969027202352
12/20/2023 17:36:56 - INFO - utils.common - 计算 accuracy ing...
12/20/2023 17:36:56 - INFO - utils.common - acc = 0.973
12/20/2023 17:36:56 - INFO - utils.common - 计算 precision ing...
12/20/2023 17:36:56 - INFO - utils.common - precision = 0.9728999704252576
12/20/2023 17:36:56 - INFO - utils.common - 计算 recall ing...
12/20/2023 17:36:56 - INFO - utils.common - result = {'f1score': 0.9725969027202352, 'acc': 0.973, 'precision': 0.9728999704252576, 'recall': 0.9723191596093312}
12/20/2023 17:36:56 - INFO - __main__ - Epoch:36, Val Accuracy:0.973, f1:0.9725969027202352

12/20/2023 17:36:56 - INFO - __main__ - lr:0.0001963663688163546
12/20/2023 17:36:56 - INFO - __main__ - ==========Epoch:37==========
Save best weights
12/20/2023 17:37:02 - INFO - utils.common - 计算 f1 score ing...
12/20/2023 17:37:02 - INFO - utils.common - F1score = 0.9652662425864427
12/20/2023 17:37:02 - INFO - utils.common - 计算 accuracy ing...
12/20/2023 17:37:02 - INFO - utils.common - acc = 0.965
12/20/2023 17:37:02 - INFO - utils.common - 计算 precision ing...
12/20/2023 17:37:02 - INFO - utils.common - precision = 0.9655455102653744
12/20/2023 17:37:02 - INFO - utils.common - 计算 recall ing...
12/20/2023 17:37:02 - INFO - utils.common - result = {'f1score': 0.9652662425864427, 'acc': 0.965, 'precision': 0.9655455102653744, 'recall': 0.9650751540703693}
12/20/2023 17:37:02 - INFO - __main__ - Epoch:37, Train Accuracy:0.965, f1:0.9652662425864427

Epoch: [37][0/7]	
12/20/2023 17:37:19 - INFO - utils.common - 计算 f1 score ing...
12/20/2023 17:37:19 - INFO - utils.common - F1score = 0.9729274128104505
12/20/2023 17:37:19 - INFO - utils.common - 计算 accuracy ing...
12/20/2023 17:37:19 - INFO - utils.common - acc = 0.97335
12/20/2023 17:37:19 - INFO - utils.common - 计算 precision ing...
12/20/2023 17:37:19 - INFO - utils.common - precision = 0.9731303844181688
12/20/2023 17:37:19 - INFO - utils.common - 计算 recall ing...
12/20/2023 17:37:19 - INFO - utils.common - result = {'f1score': 0.9729274128104505, 'acc': 0.97335, 'precision': 0.9731303844181688, 'recall': 0.9727378274723895}
12/20/2023 17:37:19 - INFO - __main__ - Epoch:37, Val Accuracy:0.97335, f1:0.9729274128104505

12/20/2023 17:37:19 - INFO - __main__ - lr:0.0001036736311836454
12/20/2023 17:37:19 - INFO - __main__ - ==========Epoch:38==========
Save best weights
12/20/2023 17:37:25 - INFO - utils.common - 计算 f1 score ing...
12/20/2023 17:37:25 - INFO - utils.common - F1score = 0.9653850112433585
12/20/2023 17:37:25 - INFO - utils.common - 计算 accuracy ing...
12/20/2023 17:37:25 - INFO - utils.common - acc = 0.965
12/20/2023 17:37:25 - INFO - utils.common - 计算 precision ing...
12/20/2023 17:37:25 - INFO - utils.common - precision = 0.9670946399413027
12/20/2023 17:37:25 - INFO - utils.common - 计算 recall ing...
12/20/2023 17:37:25 - INFO - utils.common - result = {'f1score': 0.9653850112433585, 'acc': 0.965, 'precision': 0.9670946399413027, 'recall': 0.9639379127293662}
12/20/2023 17:37:25 - INFO - __main__ - Epoch:38, Train Accuracy:0.965, f1:0.9653850112433585

Epoch: [38][0/7]	
12/20/2023 17:37:42 - INFO - utils.common - 计算 f1 score ing...
12/20/2023 17:37:42 - INFO - utils.common - F1score = 0.973335473346816
12/20/2023 17:37:42 - INFO - utils.common - 计算 accuracy ing...
12/20/2023 17:37:42 - INFO - utils.common - acc = 0.97375
12/20/2023 17:37:42 - INFO - utils.common - 计算 precision ing...
12/20/2023 17:37:42 - INFO - utils.common - precision = 0.9735824815052173
12/20/2023 17:37:42 - INFO - utils.common - 计算 recall ing...
12/20/2023 17:37:43 - INFO - utils.common - result = {'f1score': 0.973335473346816, 'acc': 0.97375, 'precision': 0.9735824815052173, 'recall': 0.9731053188037512}
12/20/2023 17:37:43 - INFO - __main__ - Epoch:38, Val Accuracy:0.97375, f1:0.973335473346816

12/20/2023 17:37:43 - INFO - __main__ - lr:2.8683631183645395e-05
12/20/2023 17:37:43 - INFO - __main__ - ==========Epoch:39==========
Save best weights
12/20/2023 17:37:48 - INFO - utils.common - 计算 f1 score ing...
12/20/2023 17:37:48 - INFO - utils.common - F1score = 0.9701547266786178
12/20/2023 17:37:48 - INFO - utils.common - 计算 accuracy ing...
12/20/2023 17:37:48 - INFO - utils.common - acc = 0.97
12/20/2023 17:37:48 - INFO - utils.common - 计算 precision ing...
12/20/2023 17:37:48 - INFO - utils.common - precision = 0.9713513392980785
12/20/2023 17:37:48 - INFO - utils.common - 计算 recall ing...
12/20/2023 17:37:48 - INFO - utils.common - result = {'f1score': 0.9701547266786178, 'acc': 0.97, 'precision': 0.9713513392980785, 'recall': 0.9692523740246889}
12/20/2023 17:37:48 - INFO - __main__ - Epoch:39, Train Accuracy:0.97, f1:0.9701547266786178

Epoch: [39][0/7]	
12/20/2023 17:38:00 - INFO - utils.common - 计算 f1 score ing...
12/20/2023 17:38:00 - INFO - utils.common - F1score = 0.973125789495417
12/20/2023 17:38:00 - INFO - utils.common - 计算 accuracy ing...
12/20/2023 17:38:00 - INFO - utils.common - acc = 0.9735
12/20/2023 17:38:00 - INFO - utils.common - 计算 precision ing...
12/20/2023 17:38:00 - INFO - utils.common - precision = 0.9733010793743561
12/20/2023 17:38:00 - INFO - utils.common - 计算 recall ing...
12/20/2023 17:38:00 - INFO - utils.common - result = {'f1score': 0.973125789495417, 'acc': 0.9735, 'precision': 0.9733010793743561, 'recall': 0.9729726793722517}
12/20/2023 17:38:00 - INFO - __main__ - Epoch:39, Val Accuracy:0.9735, f1:0.973125789495417

12/20/2023 17:38:00 - INFO - __main__ - lr:0.0003
early_st 4
Test
12/20/2023 17:38:06 - INFO - utils.common - 计算 f1 score ing...
12/20/2023 17:38:06 - INFO - utils.common - F1score = 0.939317821143164
12/20/2023 17:38:06 - INFO - utils.common - 计算 accuracy ing...
12/20/2023 17:38:06 - INFO - utils.common - acc = 0.9608635097493036
12/20/2023 17:38:06 - INFO - utils.common - 计算 precision ing...
12/20/2023 17:38:06 - INFO - utils.common - precision = 0.9522731967356172
12/20/2023 17:38:06 - INFO - utils.common - 计算 recall ing...
12/20/2023 17:38:06 - INFO - utils.common - result = {'f1score': 0.939317821143164, 'acc': 0.9608635097493036, 'precision': 0.9522731967356172, 'recall': 0.9402649653874524}
12/20/2023 17:38:06 - INFO - __main__ - test_f1:0.939317821143164, test_acc:0.9608635097493036, test_precision:0.9522731967356172, test_recall:0.9402649653874524
12/20/2023 17:38:06 - INFO - __main__ - Finish fine-turning...
