nohup: ignoring input
12/20/2023 17:38:53 - INFO - __main__ - 设置 seed 为:  4
12/20/2023 17:38:53 - INFO - __main__ - Start fine-turning...
12/20/2023 17:38:57 - INFO - __main__ - ==========Epoch:0==========
=> loading checkpoint '/home/lijunjian/CA2CL/save/NCT/pretrain/resnet18/ResNet18_bs_1792_img_size_224_lr_0.0006_wd_0.0001_temperature_0.2_adv_eps_1_cld_0.1/checkpoint_100.tar'
missing keys:[], unexpected_keys:['module.instance_projector.0.weight', 'module.instance_projector.0.bias', 'module.instance_projector.2.weight', 'module.instance_projector.2.bias', 'module.groupDis.0.weight']
loaded
12/20/2023 17:39:04 - INFO - utils.common - 计算 f1 score ing...
12/20/2023 17:39:04 - INFO - utils.common - F1score = 0.08129157840332374
12/20/2023 17:39:04 - INFO - utils.common - 计算 accuracy ing...
12/20/2023 17:39:04 - INFO - utils.common - acc = 0.11875
12/20/2023 17:39:04 - INFO - utils.common - 计算 precision ing...
12/20/2023 17:39:04 - INFO - utils.common - precision = 0.1326634242149543
12/20/2023 17:39:04 - INFO - utils.common - 计算 recall ing...
12/20/2023 17:39:04 - INFO - utils.common - result = {'f1score': 0.08129157840332374, 'acc': 0.11875, 'precision': 0.1326634242149543, 'recall': 0.11570451757986465}
12/20/2023 17:39:04 - INFO - __main__ - Epoch:0, Train Accuracy:0.11875, f1:0.08129157840332374

Epoch: [0][0/7]	
12/20/2023 17:39:22 - INFO - utils.common - 计算 f1 score ing...
12/20/2023 17:39:23 - INFO - utils.common - F1score = 0.10642133696209125
12/20/2023 17:39:23 - INFO - utils.common - 计算 accuracy ing...
12/20/2023 17:39:23 - INFO - utils.common - acc = 0.1507
12/20/2023 17:39:23 - INFO - utils.common - 计算 precision ing...
12/20/2023 17:39:23 - INFO - utils.common - precision = 0.13960810531569282
12/20/2023 17:39:23 - INFO - utils.common - 计算 recall ing...
12/20/2023 17:39:23 - INFO - utils.common - result = {'f1score': 0.10642133696209125, 'acc': 0.1507, 'precision': 0.13960810531569282, 'recall': 0.15045228475461006}
12/20/2023 17:39:23 - INFO - __main__ - Epoch:0, Val Accuracy:0.1507, f1:0.10642133696209125

12/20/2023 17:39:23 - INFO - __main__ - lr:0.00027135636881635457
12/20/2023 17:39:23 - INFO - __main__ - ==========Epoch:1==========
Save best weights
12/20/2023 17:39:28 - INFO - utils.common - 计算 f1 score ing...
12/20/2023 17:39:28 - INFO - utils.common - F1score = 0.13610949803630973
12/20/2023 17:39:28 - INFO - utils.common - 计算 accuracy ing...
12/20/2023 17:39:28 - INFO - utils.common - acc = 0.1825
12/20/2023 17:39:28 - INFO - utils.common - 计算 precision ing...
12/20/2023 17:39:28 - INFO - utils.common - precision = 0.15939895915741328
12/20/2023 17:39:28 - INFO - utils.common - 计算 recall ing...
12/20/2023 17:39:28 - INFO - utils.common - result = {'f1score': 0.13610949803630973, 'acc': 0.1825, 'precision': 0.15939895915741328, 'recall': 0.17357454719431803}
12/20/2023 17:39:28 - INFO - __main__ - Epoch:1, Train Accuracy:0.1825, f1:0.13610949803630973

Epoch: [1][0/7]	
12/20/2023 17:39:40 - INFO - utils.common - 计算 f1 score ing...
12/20/2023 17:39:40 - INFO - utils.common - F1score = 0.1891626373863798
12/20/2023 17:39:40 - INFO - utils.common - 计算 accuracy ing...
12/20/2023 17:39:40 - INFO - utils.common - acc = 0.244
12/20/2023 17:39:40 - INFO - utils.common - 计算 precision ing...
12/20/2023 17:39:40 - INFO - utils.common - precision = 0.19332487637044174
12/20/2023 17:39:40 - INFO - utils.common - 计算 recall ing...
12/20/2023 17:39:40 - INFO - utils.common - result = {'f1score': 0.1891626373863798, 'acc': 0.244, 'precision': 0.19332487637044174, 'recall': 0.23502365944781106}
12/20/2023 17:39:40 - INFO - __main__ - Epoch:1, Val Accuracy:0.244, f1:0.1891626373863798

12/20/2023 17:39:40 - INFO - __main__ - lr:0.0001963663688163546
12/20/2023 17:39:40 - INFO - __main__ - ==========Epoch:2==========
Save best weights
12/20/2023 17:39:45 - INFO - utils.common - 计算 f1 score ing...
12/20/2023 17:39:45 - INFO - utils.common - F1score = 0.2212024637159457
12/20/2023 17:39:45 - INFO - utils.common - 计算 accuracy ing...
12/20/2023 17:39:45 - INFO - utils.common - acc = 0.28
12/20/2023 17:39:45 - INFO - utils.common - 计算 precision ing...
12/20/2023 17:39:45 - INFO - utils.common - precision = 0.2241790487832002
12/20/2023 17:39:45 - INFO - utils.common - 计算 recall ing...
12/20/2023 17:39:45 - INFO - utils.common - result = {'f1score': 0.2212024637159457, 'acc': 0.28, 'precision': 0.2241790487832002, 'recall': 0.264213596284865}
12/20/2023 17:39:45 - INFO - __main__ - Epoch:2, Train Accuracy:0.28, f1:0.2212024637159457

Epoch: [2][0/7]	
12/20/2023 17:39:57 - INFO - utils.common - 计算 f1 score ing...
12/20/2023 17:39:57 - INFO - utils.common - F1score = 0.27138608553139526
12/20/2023 17:39:57 - INFO - utils.common - 计算 accuracy ing...
12/20/2023 17:39:57 - INFO - utils.common - acc = 0.33335
12/20/2023 17:39:57 - INFO - utils.common - 计算 precision ing...
12/20/2023 17:39:57 - INFO - utils.common - precision = 0.258126978121087
12/20/2023 17:39:57 - INFO - utils.common - 计算 recall ing...
12/20/2023 17:39:57 - INFO - utils.common - result = {'f1score': 0.27138608553139526, 'acc': 0.33335, 'precision': 0.258126978121087, 'recall': 0.3206365985241794}
12/20/2023 17:39:57 - INFO - __main__ - Epoch:2, Val Accuracy:0.33335, f1:0.27138608553139526

12/20/2023 17:39:57 - INFO - __main__ - lr:0.0001036736311836454
12/20/2023 17:39:57 - INFO - __main__ - ==========Epoch:3==========
Save best weights
12/20/2023 17:40:03 - INFO - utils.common - 计算 f1 score ing...
12/20/2023 17:40:03 - INFO - utils.common - F1score = 0.3069757889976808
12/20/2023 17:40:03 - INFO - utils.common - 计算 accuracy ing...
12/20/2023 17:40:03 - INFO - utils.common - acc = 0.37625
12/20/2023 17:40:03 - INFO - utils.common - 计算 precision ing...
12/20/2023 17:40:03 - INFO - utils.common - precision = 0.29368278914502044
12/20/2023 17:40:03 - INFO - utils.common - 计算 recall ing...
12/20/2023 17:40:03 - INFO - utils.common - result = {'f1score': 0.3069757889976808, 'acc': 0.37625, 'precision': 0.29368278914502044, 'recall': 0.3532681620119585}
12/20/2023 17:40:03 - INFO - __main__ - Epoch:3, Train Accuracy:0.37625, f1:0.3069757889976808

Epoch: [3][0/7]	
12/20/2023 17:40:15 - INFO - utils.common - 计算 f1 score ing...
12/20/2023 17:40:15 - INFO - utils.common - F1score = 0.32222108441565606
12/20/2023 17:40:15 - INFO - utils.common - 计算 accuracy ing...
12/20/2023 17:40:15 - INFO - utils.common - acc = 0.38715
12/20/2023 17:40:15 - INFO - utils.common - 计算 precision ing...
12/20/2023 17:40:15 - INFO - utils.common - precision = 0.3009475647750702
12/20/2023 17:40:15 - INFO - utils.common - 计算 recall ing...
12/20/2023 17:40:15 - INFO - utils.common - result = {'f1score': 0.32222108441565606, 'acc': 0.38715, 'precision': 0.3009475647750702, 'recall': 0.3736956066638121}
12/20/2023 17:40:15 - INFO - __main__ - Epoch:3, Val Accuracy:0.38715, f1:0.32222108441565606

12/20/2023 17:40:15 - INFO - __main__ - lr:2.8683631183645395e-05
12/20/2023 17:40:15 - INFO - __main__ - ==========Epoch:4==========
Save best weights
12/20/2023 17:40:20 - INFO - utils.common - 计算 f1 score ing...
12/20/2023 17:40:20 - INFO - utils.common - F1score = 0.33509264146525053
12/20/2023 17:40:20 - INFO - utils.common - 计算 accuracy ing...
12/20/2023 17:40:20 - INFO - utils.common - acc = 0.405
12/20/2023 17:40:20 - INFO - utils.common - 计算 precision ing...
12/20/2023 17:40:20 - INFO - utils.common - precision = 0.32599351058672993
12/20/2023 17:40:20 - INFO - utils.common - 计算 recall ing...
12/20/2023 17:40:20 - INFO - utils.common - result = {'f1score': 0.33509264146525053, 'acc': 0.405, 'precision': 0.32599351058672993, 'recall': 0.37972406983086215}
12/20/2023 17:40:20 - INFO - __main__ - Epoch:4, Train Accuracy:0.405, f1:0.33509264146525053

Epoch: [4][0/7]	
12/20/2023 17:40:32 - INFO - utils.common - 计算 f1 score ing...
12/20/2023 17:40:32 - INFO - utils.common - F1score = 0.33753364384507034
12/20/2023 17:40:32 - INFO - utils.common - 计算 accuracy ing...
12/20/2023 17:40:32 - INFO - utils.common - acc = 0.40355
12/20/2023 17:40:32 - INFO - utils.common - 计算 precision ing...
12/20/2023 17:40:32 - INFO - utils.common - precision = 0.31472108315791153
12/20/2023 17:40:32 - INFO - utils.common - 计算 recall ing...
12/20/2023 17:40:32 - INFO - utils.common - result = {'f1score': 0.33753364384507034, 'acc': 0.40355, 'precision': 0.31472108315791153, 'recall': 0.3894893873464928}
12/20/2023 17:40:32 - INFO - __main__ - Epoch:4, Val Accuracy:0.40355, f1:0.33753364384507034

12/20/2023 17:40:32 - INFO - __main__ - lr:0.0003
12/20/2023 17:40:32 - INFO - __main__ - ==========Epoch:5==========
Save best weights
12/20/2023 17:40:38 - INFO - utils.common - 计算 f1 score ing...
12/20/2023 17:40:38 - INFO - utils.common - F1score = 0.38754110706822253
12/20/2023 17:40:38 - INFO - utils.common - 计算 accuracy ing...
12/20/2023 17:40:38 - INFO - utils.common - acc = 0.4625
12/20/2023 17:40:38 - INFO - utils.common - 计算 precision ing...
12/20/2023 17:40:38 - INFO - utils.common - precision = 0.3732230138054767
12/20/2023 17:40:38 - INFO - utils.common - 计算 recall ing...
12/20/2023 17:40:38 - INFO - utils.common - result = {'f1score': 0.38754110706822253, 'acc': 0.4625, 'precision': 0.3732230138054767, 'recall': 0.43436173674096695}
12/20/2023 17:40:38 - INFO - __main__ - Epoch:5, Train Accuracy:0.4625, f1:0.38754110706822253

Epoch: [5][0/7]	
12/20/2023 17:40:57 - INFO - utils.common - 计算 f1 score ing...
12/20/2023 17:40:57 - INFO - utils.common - F1score = 0.49763979422508864
12/20/2023 17:40:57 - INFO - utils.common - 计算 accuracy ing...
12/20/2023 17:40:57 - INFO - utils.common - acc = 0.56075
12/20/2023 17:40:57 - INFO - utils.common - 计算 precision ing...
12/20/2023 17:40:57 - INFO - utils.common - precision = 0.4832474355231989
12/20/2023 17:40:57 - INFO - utils.common - 计算 recall ing...
12/20/2023 17:40:57 - INFO - utils.common - result = {'f1score': 0.49763979422508864, 'acc': 0.56075, 'precision': 0.4832474355231989, 'recall': 0.5531207313501486}
12/20/2023 17:40:57 - INFO - __main__ - Epoch:5, Val Accuracy:0.56075, f1:0.49763979422508864

12/20/2023 17:40:57 - INFO - __main__ - lr:0.00027135636881635457
12/20/2023 17:40:57 - INFO - __main__ - ==========Epoch:6==========
Save best weights
12/20/2023 17:41:02 - INFO - utils.common - 计算 f1 score ing...
12/20/2023 17:41:02 - INFO - utils.common - F1score = 0.5422939395752961
12/20/2023 17:41:02 - INFO - utils.common - 计算 accuracy ing...
12/20/2023 17:41:02 - INFO - utils.common - acc = 0.61125
12/20/2023 17:41:02 - INFO - utils.common - 计算 precision ing...
12/20/2023 17:41:02 - INFO - utils.common - precision = 0.5430633221429649
12/20/2023 17:41:02 - INFO - utils.common - 计算 recall ing...
12/20/2023 17:41:02 - INFO - utils.common - result = {'f1score': 0.5422939395752961, 'acc': 0.61125, 'precision': 0.5430633221429649, 'recall': 0.5812847205954077}
12/20/2023 17:41:02 - INFO - __main__ - Epoch:6, Train Accuracy:0.61125, f1:0.5422939395752961

Epoch: [6][0/7]	
12/20/2023 17:41:21 - INFO - utils.common - 计算 f1 score ing...
12/20/2023 17:41:21 - INFO - utils.common - F1score = 0.6091570165805966
12/20/2023 17:41:21 - INFO - utils.common - 计算 accuracy ing...
12/20/2023 17:41:21 - INFO - utils.common - acc = 0.66155
12/20/2023 17:41:21 - INFO - utils.common - 计算 precision ing...
12/20/2023 17:41:21 - INFO - utils.common - precision = 0.6013827421940744
12/20/2023 17:41:21 - INFO - utils.common - 计算 recall ing...
12/20/2023 17:41:21 - INFO - utils.common - result = {'f1score': 0.6091570165805966, 'acc': 0.66155, 'precision': 0.6013827421940744, 'recall': 0.6585388540135808}
12/20/2023 17:41:21 - INFO - __main__ - Epoch:6, Val Accuracy:0.66155, f1:0.6091570165805966

12/20/2023 17:41:21 - INFO - __main__ - lr:0.0001963663688163546
12/20/2023 17:41:21 - INFO - __main__ - ==========Epoch:7==========
Save best weights
12/20/2023 17:41:26 - INFO - utils.common - 计算 f1 score ing...
12/20/2023 17:41:26 - INFO - utils.common - F1score = 0.6430939094208727
12/20/2023 17:41:26 - INFO - utils.common - 计算 accuracy ing...
12/20/2023 17:41:26 - INFO - utils.common - acc = 0.70375
12/20/2023 17:41:26 - INFO - utils.common - 计算 precision ing...
12/20/2023 17:41:26 - INFO - utils.common - precision = 0.639639065659784
12/20/2023 17:41:26 - INFO - utils.common - 计算 recall ing...
12/20/2023 17:41:26 - INFO - utils.common - result = {'f1score': 0.6430939094208727, 'acc': 0.70375, 'precision': 0.639639065659784, 'recall': 0.6756835324561364}
12/20/2023 17:41:26 - INFO - __main__ - Epoch:7, Train Accuracy:0.70375, f1:0.6430939094208727

Epoch: [7][0/7]	
12/20/2023 17:41:45 - INFO - utils.common - 计算 f1 score ing...
12/20/2023 17:41:45 - INFO - utils.common - F1score = 0.6656625206146767
12/20/2023 17:41:45 - INFO - utils.common - 计算 accuracy ing...
12/20/2023 17:41:45 - INFO - utils.common - acc = 0.7121
12/20/2023 17:41:45 - INFO - utils.common - 计算 precision ing...
12/20/2023 17:41:45 - INFO - utils.common - precision = 0.6554759375926448
12/20/2023 17:41:45 - INFO - utils.common - 计算 recall ing...
12/20/2023 17:41:45 - INFO - utils.common - result = {'f1score': 0.6656625206146767, 'acc': 0.7121, 'precision': 0.6554759375926448, 'recall': 0.7097893959854373}
12/20/2023 17:41:45 - INFO - __main__ - Epoch:7, Val Accuracy:0.7121, f1:0.6656625206146767

12/20/2023 17:41:45 - INFO - __main__ - lr:0.0001036736311836454
12/20/2023 17:41:45 - INFO - __main__ - ==========Epoch:8==========
Save best weights
12/20/2023 17:41:51 - INFO - utils.common - 计算 f1 score ing...
12/20/2023 17:41:51 - INFO - utils.common - F1score = 0.7021798885558179
12/20/2023 17:41:51 - INFO - utils.common - 计算 accuracy ing...
12/20/2023 17:41:51 - INFO - utils.common - acc = 0.76125
12/20/2023 17:41:51 - INFO - utils.common - 计算 precision ing...
12/20/2023 17:41:51 - INFO - utils.common - precision = 0.694121125509251
12/20/2023 17:41:51 - INFO - utils.common - 计算 recall ing...
12/20/2023 17:41:51 - INFO - utils.common - result = {'f1score': 0.7021798885558179, 'acc': 0.76125, 'precision': 0.694121125509251, 'recall': 0.7308940514784235}
12/20/2023 17:41:51 - INFO - __main__ - Epoch:8, Train Accuracy:0.76125, f1:0.7021798885558179

Epoch: [8][0/7]	
12/20/2023 17:42:10 - INFO - utils.common - 计算 f1 score ing...
12/20/2023 17:42:10 - INFO - utils.common - F1score = 0.6877566871712588
12/20/2023 17:42:10 - INFO - utils.common - 计算 accuracy ing...
12/20/2023 17:42:10 - INFO - utils.common - acc = 0.73385
12/20/2023 17:42:10 - INFO - utils.common - 计算 precision ing...
12/20/2023 17:42:10 - INFO - utils.common - precision = 0.6777368548658038
12/20/2023 17:42:10 - INFO - utils.common - 计算 recall ing...
12/20/2023 17:42:10 - INFO - utils.common - result = {'f1score': 0.6877566871712588, 'acc': 0.73385, 'precision': 0.6777368548658038, 'recall': 0.7310089190741771}
12/20/2023 17:42:10 - INFO - __main__ - Epoch:8, Val Accuracy:0.73385, f1:0.6877566871712588

12/20/2023 17:42:10 - INFO - __main__ - lr:2.8683631183645395e-05
12/20/2023 17:42:10 - INFO - __main__ - ==========Epoch:9==========
Save best weights
12/20/2023 17:42:17 - INFO - utils.common - 计算 f1 score ing...
12/20/2023 17:42:17 - INFO - utils.common - F1score = 0.7107521523222919
12/20/2023 17:42:17 - INFO - utils.common - 计算 accuracy ing...
12/20/2023 17:42:17 - INFO - utils.common - acc = 0.7675
12/20/2023 17:42:17 - INFO - utils.common - 计算 precision ing...
12/20/2023 17:42:17 - INFO - utils.common - precision = 0.7307155901377217
12/20/2023 17:42:17 - INFO - utils.common - 计算 recall ing...
12/20/2023 17:42:17 - INFO - utils.common - result = {'f1score': 0.7107521523222919, 'acc': 0.7675, 'precision': 0.7307155901377217, 'recall': 0.7370173729752942}
12/20/2023 17:42:17 - INFO - __main__ - Epoch:9, Train Accuracy:0.7675, f1:0.7107521523222919

Epoch: [9][0/7]	
12/20/2023 17:42:36 - INFO - utils.common - 计算 f1 score ing...
12/20/2023 17:42:36 - INFO - utils.common - F1score = 0.6940241083994052
12/20/2023 17:42:36 - INFO - utils.common - 计算 accuracy ing...
12/20/2023 17:42:36 - INFO - utils.common - acc = 0.73935
12/20/2023 17:42:36 - INFO - utils.common - 计算 precision ing...
12/20/2023 17:42:36 - INFO - utils.common - precision = 0.6873001742202008
12/20/2023 17:42:36 - INFO - utils.common - 计算 recall ing...
12/20/2023 17:42:37 - INFO - utils.common - result = {'f1score': 0.6940241083994052, 'acc': 0.73935, 'precision': 0.6873001742202008, 'recall': 0.7361192745386945}
12/20/2023 17:42:37 - INFO - __main__ - Epoch:9, Val Accuracy:0.73935, f1:0.6940241083994052

12/20/2023 17:42:37 - INFO - __main__ - lr:0.0003
12/20/2023 17:42:37 - INFO - __main__ - ==========Epoch:10==========
Save best weights
12/20/2023 17:42:43 - INFO - utils.common - 计算 f1 score ing...
12/20/2023 17:42:43 - INFO - utils.common - F1score = 0.7269632994932373
12/20/2023 17:42:43 - INFO - utils.common - 计算 accuracy ing...
12/20/2023 17:42:43 - INFO - utils.common - acc = 0.785
12/20/2023 17:42:43 - INFO - utils.common - 计算 precision ing...
12/20/2023 17:42:43 - INFO - utils.common - precision = 0.7772456990788115
12/20/2023 17:42:43 - INFO - utils.common - 计算 recall ing...
12/20/2023 17:42:43 - INFO - utils.common - result = {'f1score': 0.7269632994932373, 'acc': 0.785, 'precision': 0.7772456990788115, 'recall': 0.7517950744830935}
12/20/2023 17:42:43 - INFO - __main__ - Epoch:10, Train Accuracy:0.785, f1:0.7269632994932373

Epoch: [10][0/7]	
12/20/2023 17:43:02 - INFO - utils.common - 计算 f1 score ing...
12/20/2023 17:43:02 - INFO - utils.common - F1score = 0.7457224272033525
12/20/2023 17:43:02 - INFO - utils.common - 计算 accuracy ing...
12/20/2023 17:43:02 - INFO - utils.common - acc = 0.78755
12/20/2023 17:43:02 - INFO - utils.common - 计算 precision ing...
12/20/2023 17:43:02 - INFO - utils.common - precision = 0.7647939426043533
12/20/2023 17:43:02 - INFO - utils.common - 计算 recall ing...
12/20/2023 17:43:02 - INFO - utils.common - result = {'f1score': 0.7457224272033525, 'acc': 0.78755, 'precision': 0.7647939426043533, 'recall': 0.7844482546368821}
12/20/2023 17:43:02 - INFO - __main__ - Epoch:10, Val Accuracy:0.78755, f1:0.7457224272033525

12/20/2023 17:43:02 - INFO - __main__ - lr:0.00027135636881635457
12/20/2023 17:43:02 - INFO - __main__ - ==========Epoch:11==========
Save best weights
12/20/2023 17:43:09 - INFO - utils.common - 计算 f1 score ing...
12/20/2023 17:43:09 - INFO - utils.common - F1score = 0.7909740900903771
12/20/2023 17:43:09 - INFO - utils.common - 计算 accuracy ing...
12/20/2023 17:43:09 - INFO - utils.common - acc = 0.8425
12/20/2023 17:43:09 - INFO - utils.common - 计算 precision ing...
12/20/2023 17:43:09 - INFO - utils.common - precision = 0.8461779324267004
12/20/2023 17:43:09 - INFO - utils.common - 计算 recall ing...
12/20/2023 17:43:09 - INFO - utils.common - result = {'f1score': 0.7909740900903771, 'acc': 0.8425, 'precision': 0.8461779324267004, 'recall': 0.8096532271294525}
12/20/2023 17:43:09 - INFO - __main__ - Epoch:11, Train Accuracy:0.8425, f1:0.7909740900903771

Epoch: [11][0/7]	
12/20/2023 17:43:28 - INFO - utils.common - 计算 f1 score ing...
12/20/2023 17:43:28 - INFO - utils.common - F1score = 0.7831597634473852
12/20/2023 17:43:28 - INFO - utils.common - 计算 accuracy ing...
12/20/2023 17:43:28 - INFO - utils.common - acc = 0.82055
12/20/2023 17:43:28 - INFO - utils.common - 计算 precision ing...
12/20/2023 17:43:28 - INFO - utils.common - precision = 0.8223405267040279
12/20/2023 17:43:28 - INFO - utils.common - 计算 recall ing...
12/20/2023 17:43:28 - INFO - utils.common - result = {'f1score': 0.7831597634473852, 'acc': 0.82055, 'precision': 0.8223405267040279, 'recall': 0.8175074976974823}
12/20/2023 17:43:28 - INFO - __main__ - Epoch:11, Val Accuracy:0.82055, f1:0.7831597634473852

12/20/2023 17:43:28 - INFO - __main__ - lr:0.0001963663688163546
12/20/2023 17:43:28 - INFO - __main__ - ==========Epoch:12==========
Save best weights
12/20/2023 17:43:35 - INFO - utils.common - 计算 f1 score ing...
12/20/2023 17:43:35 - INFO - utils.common - F1score = 0.8102037509859754
12/20/2023 17:43:35 - INFO - utils.common - 计算 accuracy ing...
12/20/2023 17:43:35 - INFO - utils.common - acc = 0.85375
12/20/2023 17:43:35 - INFO - utils.common - 计算 precision ing...
12/20/2023 17:43:35 - INFO - utils.common - precision = 0.8736919302741248
12/20/2023 17:43:35 - INFO - utils.common - 计算 recall ing...
12/20/2023 17:43:35 - INFO - utils.common - result = {'f1score': 0.8102037509859754, 'acc': 0.85375, 'precision': 0.8736919302741248, 'recall': 0.8243086249690614}
12/20/2023 17:43:35 - INFO - __main__ - Epoch:12, Train Accuracy:0.85375, f1:0.8102037509859754

Epoch: [12][0/7]	
12/20/2023 17:43:54 - INFO - utils.common - 计算 f1 score ing...
12/20/2023 17:43:54 - INFO - utils.common - F1score = 0.803892750947459
12/20/2023 17:43:54 - INFO - utils.common - 计算 accuracy ing...
12/20/2023 17:43:54 - INFO - utils.common - acc = 0.83745
12/20/2023 17:43:54 - INFO - utils.common - 计算 precision ing...
12/20/2023 17:43:54 - INFO - utils.common - precision = 0.848313481196582
12/20/2023 17:43:54 - INFO - utils.common - 计算 recall ing...
12/20/2023 17:43:54 - INFO - utils.common - result = {'f1score': 0.803892750947459, 'acc': 0.83745, 'precision': 0.848313481196582, 'recall': 0.8345407780881788}
12/20/2023 17:43:54 - INFO - __main__ - Epoch:12, Val Accuracy:0.83745, f1:0.803892750947459

12/20/2023 17:43:54 - INFO - __main__ - lr:0.0001036736311836454
12/20/2023 17:43:54 - INFO - __main__ - ==========Epoch:13==========
Save best weights
12/20/2023 17:44:00 - INFO - utils.common - 计算 f1 score ing...
12/20/2023 17:44:00 - INFO - utils.common - F1score = 0.831644958524253
12/20/2023 17:44:00 - INFO - utils.common - 计算 accuracy ing...
12/20/2023 17:44:00 - INFO - utils.common - acc = 0.865
12/20/2023 17:44:00 - INFO - utils.common - 计算 precision ing...
12/20/2023 17:44:00 - INFO - utils.common - precision = 0.8830037576745696
12/20/2023 17:44:00 - INFO - utils.common - 计算 recall ing...
12/20/2023 17:44:00 - INFO - utils.common - result = {'f1score': 0.831644958524253, 'acc': 0.865, 'precision': 0.8830037576745696, 'recall': 0.8370651897074386}
12/20/2023 17:44:00 - INFO - __main__ - Epoch:13, Train Accuracy:0.865, f1:0.831644958524253

Epoch: [13][0/7]	
12/20/2023 17:44:20 - INFO - utils.common - 计算 f1 score ing...
12/20/2023 17:44:20 - INFO - utils.common - F1score = 0.8164428504825654
12/20/2023 17:44:20 - INFO - utils.common - 计算 accuracy ing...
12/20/2023 17:44:20 - INFO - utils.common - acc = 0.84675
12/20/2023 17:44:20 - INFO - utils.common - 计算 precision ing...
12/20/2023 17:44:20 - INFO - utils.common - precision = 0.8593204940237731
12/20/2023 17:44:20 - INFO - utils.common - 计算 recall ing...
12/20/2023 17:44:20 - INFO - utils.common - result = {'f1score': 0.8164428504825654, 'acc': 0.84675, 'precision': 0.8593204940237731, 'recall': 0.8438822637933969}
12/20/2023 17:44:20 - INFO - __main__ - Epoch:13, Val Accuracy:0.84675, f1:0.8164428504825654

12/20/2023 17:44:20 - INFO - __main__ - lr:2.8683631183645395e-05
12/20/2023 17:44:20 - INFO - __main__ - ==========Epoch:14==========
Save best weights
12/20/2023 17:44:26 - INFO - utils.common - 计算 f1 score ing...
12/20/2023 17:44:26 - INFO - utils.common - F1score = 0.8513198812810341
12/20/2023 17:44:26 - INFO - utils.common - 计算 accuracy ing...
12/20/2023 17:44:26 - INFO - utils.common - acc = 0.8825
12/20/2023 17:44:26 - INFO - utils.common - 计算 precision ing...
12/20/2023 17:44:26 - INFO - utils.common - precision = 0.8982314344385858
12/20/2023 17:44:26 - INFO - utils.common - 计算 recall ing...
12/20/2023 17:44:26 - INFO - utils.common - result = {'f1score': 0.8513198812810341, 'acc': 0.8825, 'precision': 0.8982314344385858, 'recall': 0.8566438442345699}
12/20/2023 17:44:26 - INFO - __main__ - Epoch:14, Train Accuracy:0.8825, f1:0.8513198812810341

Epoch: [14][0/7]	
12/20/2023 17:44:46 - INFO - utils.common - 计算 f1 score ing...
12/20/2023 17:44:46 - INFO - utils.common - F1score = 0.819368384140937
12/20/2023 17:44:46 - INFO - utils.common - 计算 accuracy ing...
12/20/2023 17:44:46 - INFO - utils.common - acc = 0.84845
12/20/2023 17:44:46 - INFO - utils.common - 计算 precision ing...
12/20/2023 17:44:46 - INFO - utils.common - precision = 0.8607476731802868
12/20/2023 17:44:46 - INFO - utils.common - 计算 recall ing...
12/20/2023 17:44:46 - INFO - utils.common - result = {'f1score': 0.819368384140937, 'acc': 0.84845, 'precision': 0.8607476731802868, 'recall': 0.8458582258736455}
12/20/2023 17:44:46 - INFO - __main__ - Epoch:14, Val Accuracy:0.84845, f1:0.819368384140937

12/20/2023 17:44:46 - INFO - __main__ - lr:0.0003
12/20/2023 17:44:46 - INFO - __main__ - ==========Epoch:15==========
Save best weights
12/20/2023 17:44:53 - INFO - utils.common - 计算 f1 score ing...
12/20/2023 17:44:53 - INFO - utils.common - F1score = 0.8750572232171224
12/20/2023 17:44:53 - INFO - utils.common - 计算 accuracy ing...
12/20/2023 17:44:53 - INFO - utils.common - acc = 0.8975
12/20/2023 17:44:53 - INFO - utils.common - 计算 precision ing...
12/20/2023 17:44:53 - INFO - utils.common - precision = 0.9118056568732587
12/20/2023 17:44:53 - INFO - utils.common - 计算 recall ing...
12/20/2023 17:44:53 - INFO - utils.common - result = {'f1score': 0.8750572232171224, 'acc': 0.8975, 'precision': 0.9118056568732587, 'recall': 0.874842874557937}
12/20/2023 17:44:53 - INFO - __main__ - Epoch:15, Train Accuracy:0.8975, f1:0.8750572232171224

Epoch: [15][0/7]	
12/20/2023 17:45:12 - INFO - utils.common - 计算 f1 score ing...
12/20/2023 17:45:12 - INFO - utils.common - F1score = 0.85460684991666
12/20/2023 17:45:12 - INFO - utils.common - 计算 accuracy ing...
12/20/2023 17:45:12 - INFO - utils.common - acc = 0.87265
12/20/2023 17:45:12 - INFO - utils.common - 计算 precision ing...
12/20/2023 17:45:12 - INFO - utils.common - precision = 0.8849052138850224
12/20/2023 17:45:12 - INFO - utils.common - 计算 recall ing...
12/20/2023 17:45:12 - INFO - utils.common - result = {'f1score': 0.85460684991666, 'acc': 0.87265, 'precision': 0.8849052138850224, 'recall': 0.8699420871650627}
12/20/2023 17:45:12 - INFO - __main__ - Epoch:15, Val Accuracy:0.87265, f1:0.85460684991666

12/20/2023 17:45:12 - INFO - __main__ - lr:0.00027135636881635457
12/20/2023 17:45:12 - INFO - __main__ - ==========Epoch:16==========
Save best weights
12/20/2023 17:45:18 - INFO - utils.common - 计算 f1 score ing...
12/20/2023 17:45:18 - INFO - utils.common - F1score = 0.8956231873502585
12/20/2023 17:45:18 - INFO - utils.common - 计算 accuracy ing...
12/20/2023 17:45:18 - INFO - utils.common - acc = 0.91125
12/20/2023 17:45:18 - INFO - utils.common - 计算 precision ing...
12/20/2023 17:45:18 - INFO - utils.common - precision = 0.920931354443321
12/20/2023 17:45:18 - INFO - utils.common - 计算 recall ing...
12/20/2023 17:45:18 - INFO - utils.common - result = {'f1score': 0.8956231873502585, 'acc': 0.91125, 'precision': 0.920931354443321, 'recall': 0.8933606203618838}
12/20/2023 17:45:18 - INFO - __main__ - Epoch:16, Train Accuracy:0.91125, f1:0.8956231873502585

Epoch: [16][0/7]	
12/20/2023 17:45:37 - INFO - utils.common - 计算 f1 score ing...
12/20/2023 17:45:37 - INFO - utils.common - F1score = 0.8802465538024912
12/20/2023 17:45:37 - INFO - utils.common - 计算 accuracy ing...
12/20/2023 17:45:37 - INFO - utils.common - acc = 0.89225
12/20/2023 17:45:37 - INFO - utils.common - 计算 precision ing...
12/20/2023 17:45:37 - INFO - utils.common - precision = 0.9015865437112396
12/20/2023 17:45:37 - INFO - utils.common - 计算 recall ing...
12/20/2023 17:45:37 - INFO - utils.common - result = {'f1score': 0.8802465538024912, 'acc': 0.89225, 'precision': 0.9015865437112396, 'recall': 0.8899631819533279}
12/20/2023 17:45:37 - INFO - __main__ - Epoch:16, Val Accuracy:0.89225, f1:0.8802465538024912

12/20/2023 17:45:37 - INFO - __main__ - lr:0.0001963663688163546
12/20/2023 17:45:37 - INFO - __main__ - ==========Epoch:17==========
Save best weights
12/20/2023 17:45:44 - INFO - utils.common - 计算 f1 score ing...
12/20/2023 17:45:44 - INFO - utils.common - F1score = 0.896572369938784
12/20/2023 17:45:44 - INFO - utils.common - 计算 accuracy ing...
12/20/2023 17:45:44 - INFO - utils.common - acc = 0.90625
12/20/2023 17:45:44 - INFO - utils.common - 计算 precision ing...
12/20/2023 17:45:44 - INFO - utils.common - precision = 0.9140469646850305
12/20/2023 17:45:44 - INFO - utils.common - 计算 recall ing...
12/20/2023 17:45:44 - INFO - utils.common - result = {'f1score': 0.896572369938784, 'acc': 0.90625, 'precision': 0.9140469646850305, 'recall': 0.8916588546812938}
12/20/2023 17:45:44 - INFO - __main__ - Epoch:17, Train Accuracy:0.90625, f1:0.896572369938784

Epoch: [17][0/7]	
12/20/2023 17:46:03 - INFO - utils.common - 计算 f1 score ing...
12/20/2023 17:46:03 - INFO - utils.common - F1score = 0.892408873900548
12/20/2023 17:46:03 - INFO - utils.common - 计算 accuracy ing...
12/20/2023 17:46:03 - INFO - utils.common - acc = 0.90155
12/20/2023 17:46:03 - INFO - utils.common - 计算 precision ing...
12/20/2023 17:46:03 - INFO - utils.common - precision = 0.9091976940128641
12/20/2023 17:46:03 - INFO - utils.common - 计算 recall ing...
12/20/2023 17:46:03 - INFO - utils.common - result = {'f1score': 0.892408873900548, 'acc': 0.90155, 'precision': 0.9091976940128641, 'recall': 0.9000489462964583}
12/20/2023 17:46:03 - INFO - __main__ - Epoch:17, Val Accuracy:0.90155, f1:0.892408873900548

12/20/2023 17:46:03 - INFO - __main__ - lr:0.0001036736311836454
12/20/2023 17:46:03 - INFO - __main__ - ==========Epoch:18==========
Save best weights
12/20/2023 17:46:09 - INFO - utils.common - 计算 f1 score ing...
12/20/2023 17:46:09 - INFO - utils.common - F1score = 0.9071107732201015
12/20/2023 17:46:09 - INFO - utils.common - 计算 accuracy ing...
12/20/2023 17:46:09 - INFO - utils.common - acc = 0.9175
12/20/2023 17:46:09 - INFO - utils.common - 计算 precision ing...
12/20/2023 17:46:09 - INFO - utils.common - precision = 0.927255627671106
12/20/2023 17:46:09 - INFO - utils.common - 计算 recall ing...
12/20/2023 17:46:09 - INFO - utils.common - result = {'f1score': 0.9071107732201015, 'acc': 0.9175, 'precision': 0.927255627671106, 'recall': 0.9020745155893852}
12/20/2023 17:46:09 - INFO - __main__ - Epoch:18, Train Accuracy:0.9175, f1:0.9071107732201015

Epoch: [18][0/7]	
12/20/2023 17:46:28 - INFO - utils.common - 计算 f1 score ing...
12/20/2023 17:46:28 - INFO - utils.common - F1score = 0.8986858297579194
12/20/2023 17:46:28 - INFO - utils.common - 计算 accuracy ing...
12/20/2023 17:46:28 - INFO - utils.common - acc = 0.9064
12/20/2023 17:46:28 - INFO - utils.common - 计算 precision ing...
12/20/2023 17:46:28 - INFO - utils.common - precision = 0.9135055040741599
12/20/2023 17:46:28 - INFO - utils.common - 计算 recall ing...
12/20/2023 17:46:28 - INFO - utils.common - result = {'f1score': 0.8986858297579194, 'acc': 0.9064, 'precision': 0.9135055040741599, 'recall': 0.9048726520200032}
12/20/2023 17:46:28 - INFO - __main__ - Epoch:18, Val Accuracy:0.9064, f1:0.8986858297579194

12/20/2023 17:46:28 - INFO - __main__ - lr:2.8683631183645395e-05
12/20/2023 17:46:28 - INFO - __main__ - ==========Epoch:19==========
Save best weights
12/20/2023 17:46:34 - INFO - utils.common - 计算 f1 score ing...
12/20/2023 17:46:34 - INFO - utils.common - F1score = 0.920697028274247
12/20/2023 17:46:34 - INFO - utils.common - 计算 accuracy ing...
12/20/2023 17:46:34 - INFO - utils.common - acc = 0.92625
12/20/2023 17:46:34 - INFO - utils.common - 计算 precision ing...
12/20/2023 17:46:34 - INFO - utils.common - precision = 0.9327824121572486
12/20/2023 17:46:34 - INFO - utils.common - 计算 recall ing...
12/20/2023 17:46:34 - INFO - utils.common - result = {'f1score': 0.920697028274247, 'acc': 0.92625, 'precision': 0.9327824121572486, 'recall': 0.9166254511105032}
12/20/2023 17:46:34 - INFO - __main__ - Epoch:19, Train Accuracy:0.92625, f1:0.920697028274247

Epoch: [19][0/7]	
12/20/2023 17:46:53 - INFO - utils.common - 计算 f1 score ing...
12/20/2023 17:46:54 - INFO - utils.common - F1score = 0.9008234214745369
12/20/2023 17:46:54 - INFO - utils.common - 计算 accuracy ing...
12/20/2023 17:46:54 - INFO - utils.common - acc = 0.90805
12/20/2023 17:46:54 - INFO - utils.common - 计算 precision ing...
12/20/2023 17:46:54 - INFO - utils.common - precision = 0.9146786066577762
12/20/2023 17:46:54 - INFO - utils.common - 计算 recall ing...
12/20/2023 17:46:54 - INFO - utils.common - result = {'f1score': 0.9008234214745369, 'acc': 0.90805, 'precision': 0.9146786066577762, 'recall': 0.9066609652614113}
12/20/2023 17:46:54 - INFO - __main__ - Epoch:19, Val Accuracy:0.90805, f1:0.9008234214745369

12/20/2023 17:46:54 - INFO - __main__ - lr:0.0003
12/20/2023 17:46:54 - INFO - __main__ - ==========Epoch:20==========
Save best weights
12/20/2023 17:47:00 - INFO - utils.common - 计算 f1 score ing...
12/20/2023 17:47:00 - INFO - utils.common - F1score = 0.9279151070274982
12/20/2023 17:47:00 - INFO - utils.common - 计算 accuracy ing...
12/20/2023 17:47:00 - INFO - utils.common - acc = 0.93375
12/20/2023 17:47:00 - INFO - utils.common - 计算 precision ing...
12/20/2023 17:47:00 - INFO - utils.common - precision = 0.9398868092924576
12/20/2023 17:47:00 - INFO - utils.common - 计算 recall ing...
12/20/2023 17:47:00 - INFO - utils.common - result = {'f1score': 0.9279151070274982, 'acc': 0.93375, 'precision': 0.9398868092924576, 'recall': 0.9237495727849561}
12/20/2023 17:47:00 - INFO - __main__ - Epoch:20, Train Accuracy:0.93375, f1:0.9279151070274982

Epoch: [20][0/7]	
12/20/2023 17:47:20 - INFO - utils.common - 计算 f1 score ing...
12/20/2023 17:47:20 - INFO - utils.common - F1score = 0.9197832723872453
12/20/2023 17:47:20 - INFO - utils.common - 计算 accuracy ing...
12/20/2023 17:47:20 - INFO - utils.common - acc = 0.92345
12/20/2023 17:47:20 - INFO - utils.common - 计算 precision ing...
12/20/2023 17:47:20 - INFO - utils.common - precision = 0.9274581881352673
12/20/2023 17:47:20 - INFO - utils.common - 计算 recall ing...
12/20/2023 17:47:20 - INFO - utils.common - result = {'f1score': 0.9197832723872453, 'acc': 0.92345, 'precision': 0.9274581881352673, 'recall': 0.9227298101322607}
12/20/2023 17:47:20 - INFO - __main__ - Epoch:20, Val Accuracy:0.92345, f1:0.9197832723872453

12/20/2023 17:47:20 - INFO - __main__ - lr:0.00027135636881635457
12/20/2023 17:47:20 - INFO - __main__ - ==========Epoch:21==========
Save best weights
12/20/2023 17:47:26 - INFO - utils.common - 计算 f1 score ing...
12/20/2023 17:47:26 - INFO - utils.common - F1score = 0.9227825259381629
12/20/2023 17:47:26 - INFO - utils.common - 计算 accuracy ing...
12/20/2023 17:47:26 - INFO - utils.common - acc = 0.92875
12/20/2023 17:47:26 - INFO - utils.common - 计算 precision ing...
12/20/2023 17:47:26 - INFO - utils.common - precision = 0.934132117065741
12/20/2023 17:47:26 - INFO - utils.common - 计算 recall ing...
12/20/2023 17:47:26 - INFO - utils.common - result = {'f1score': 0.9227825259381629, 'acc': 0.92875, 'precision': 0.934132117065741, 'recall': 0.9181916403230738}
12/20/2023 17:47:26 - INFO - __main__ - Epoch:21, Train Accuracy:0.92875, f1:0.9227825259381629

Epoch: [21][0/7]	
12/20/2023 17:47:46 - INFO - utils.common - 计算 f1 score ing...
12/20/2023 17:47:46 - INFO - utils.common - F1score = 0.9297081214147713
12/20/2023 17:47:46 - INFO - utils.common - 计算 accuracy ing...
12/20/2023 17:47:46 - INFO - utils.common - acc = 0.93225
12/20/2023 17:47:46 - INFO - utils.common - 计算 precision ing...
12/20/2023 17:47:46 - INFO - utils.common - precision = 0.9351019309262646
12/20/2023 17:47:46 - INFO - utils.common - 计算 recall ing...
12/20/2023 17:47:46 - INFO - utils.common - result = {'f1score': 0.9297081214147713, 'acc': 0.93225, 'precision': 0.9351019309262646, 'recall': 0.9315922699232616}
12/20/2023 17:47:46 - INFO - __main__ - Epoch:21, Val Accuracy:0.93225, f1:0.9297081214147713

12/20/2023 17:47:46 - INFO - __main__ - lr:0.0001963663688163546
12/20/2023 17:47:46 - INFO - __main__ - ==========Epoch:22==========
Save best weights
12/20/2023 17:47:52 - INFO - utils.common - 计算 f1 score ing...
12/20/2023 17:47:52 - INFO - utils.common - F1score = 0.9387010778682975
12/20/2023 17:47:52 - INFO - utils.common - 计算 accuracy ing...
12/20/2023 17:47:52 - INFO - utils.common - acc = 0.9425
12/20/2023 17:47:52 - INFO - utils.common - 计算 precision ing...
12/20/2023 17:47:52 - INFO - utils.common - precision = 0.9457717642175447
12/20/2023 17:47:52 - INFO - utils.common - 计算 recall ing...
12/20/2023 17:47:52 - INFO - utils.common - result = {'f1score': 0.9387010778682975, 'acc': 0.9425, 'precision': 0.9457717642175447, 'recall': 0.9352851342629944}
12/20/2023 17:47:52 - INFO - __main__ - Epoch:22, Train Accuracy:0.9425, f1:0.9387010778682975

Epoch: [22][0/7]	
12/20/2023 17:48:11 - INFO - utils.common - 计算 f1 score ing...
12/20/2023 17:48:11 - INFO - utils.common - F1score = 0.9351414352054511
12/20/2023 17:48:11 - INFO - utils.common - 计算 accuracy ing...
12/20/2023 17:48:11 - INFO - utils.common - acc = 0.9372
12/20/2023 17:48:11 - INFO - utils.common - 计算 precision ing...
12/20/2023 17:48:11 - INFO - utils.common - precision = 0.9389884571147243
12/20/2023 17:48:11 - INFO - utils.common - 计算 recall ing...
12/20/2023 17:48:11 - INFO - utils.common - result = {'f1score': 0.9351414352054511, 'acc': 0.9372, 'precision': 0.9389884571147243, 'recall': 0.9367867322126452}
12/20/2023 17:48:11 - INFO - __main__ - Epoch:22, Val Accuracy:0.9372, f1:0.9351414352054511

12/20/2023 17:48:11 - INFO - __main__ - lr:0.0001036736311836454
12/20/2023 17:48:11 - INFO - __main__ - ==========Epoch:23==========
Save best weights
12/20/2023 17:48:17 - INFO - utils.common - 计算 f1 score ing...
12/20/2023 17:48:17 - INFO - utils.common - F1score = 0.9327056192131322
12/20/2023 17:48:17 - INFO - utils.common - 计算 accuracy ing...
12/20/2023 17:48:17 - INFO - utils.common - acc = 0.9375
12/20/2023 17:48:17 - INFO - utils.common - 计算 precision ing...
12/20/2023 17:48:17 - INFO - utils.common - precision = 0.9405354212405967
12/20/2023 17:48:17 - INFO - utils.common - 计算 recall ing...
12/20/2023 17:48:17 - INFO - utils.common - result = {'f1score': 0.9327056192131322, 'acc': 0.9375, 'precision': 0.9405354212405967, 'recall': 0.929247502343419}
12/20/2023 17:48:17 - INFO - __main__ - Epoch:23, Train Accuracy:0.9375, f1:0.9327056192131322

Epoch: [23][0/7]	
12/20/2023 17:48:35 - INFO - utils.common - 计算 f1 score ing...
12/20/2023 17:48:35 - INFO - utils.common - F1score = 0.9371312551799773
12/20/2023 17:48:35 - INFO - utils.common - 计算 accuracy ing...
12/20/2023 17:48:35 - INFO - utils.common - acc = 0.93905
12/20/2023 17:48:35 - INFO - utils.common - 计算 precision ing...
12/20/2023 17:48:35 - INFO - utils.common - precision = 0.9404211856723577
12/20/2023 17:48:35 - INFO - utils.common - 计算 recall ing...
12/20/2023 17:48:35 - INFO - utils.common - result = {'f1score': 0.9371312551799773, 'acc': 0.93905, 'precision': 0.9404211856723577, 'recall': 0.9387574810135201}
12/20/2023 17:48:35 - INFO - __main__ - Epoch:23, Val Accuracy:0.93905, f1:0.9371312551799773

12/20/2023 17:48:35 - INFO - __main__ - lr:2.8683631183645395e-05
12/20/2023 17:48:35 - INFO - __main__ - ==========Epoch:24==========
Save best weights
12/20/2023 17:48:40 - INFO - utils.common - 计算 f1 score ing...
12/20/2023 17:48:40 - INFO - utils.common - F1score = 0.9232874909001837
12/20/2023 17:48:40 - INFO - utils.common - 计算 accuracy ing...
12/20/2023 17:48:40 - INFO - utils.common - acc = 0.9275
12/20/2023 17:48:40 - INFO - utils.common - 计算 precision ing...
12/20/2023 17:48:40 - INFO - utils.common - precision = 0.9295184760437417
12/20/2023 17:48:40 - INFO - utils.common - 计算 recall ing...
12/20/2023 17:48:40 - INFO - utils.common - result = {'f1score': 0.9232874909001837, 'acc': 0.9275, 'precision': 0.9295184760437417, 'recall': 0.9204869668547376}
12/20/2023 17:48:40 - INFO - __main__ - Epoch:24, Train Accuracy:0.9275, f1:0.9232874909001837

Epoch: [24][0/7]	
12/20/2023 17:48:58 - INFO - utils.common - 计算 f1 score ing...
12/20/2023 17:48:58 - INFO - utils.common - F1score = 0.9366265321992261
12/20/2023 17:48:58 - INFO - utils.common - 计算 accuracy ing...
12/20/2023 17:48:58 - INFO - utils.common - acc = 0.93865
12/20/2023 17:48:58 - INFO - utils.common - 计算 precision ing...
12/20/2023 17:48:58 - INFO - utils.common - precision = 0.9399885761196836
12/20/2023 17:48:58 - INFO - utils.common - 计算 recall ing...
12/20/2023 17:48:58 - INFO - utils.common - result = {'f1score': 0.9366265321992261, 'acc': 0.93865, 'precision': 0.9399885761196836, 'recall': 0.9383927984777587}
12/20/2023 17:48:58 - INFO - __main__ - Epoch:24, Val Accuracy:0.93865, f1:0.9366265321992261

12/20/2023 17:48:58 - INFO - __main__ - lr:0.0003
12/20/2023 17:48:58 - INFO - __main__ - ==========Epoch:25==========
early_st 4
12/20/2023 17:49:05 - INFO - utils.common - 计算 f1 score ing...
12/20/2023 17:49:05 - INFO - utils.common - F1score = 0.9318590442909943
12/20/2023 17:49:05 - INFO - utils.common - 计算 accuracy ing...
12/20/2023 17:49:05 - INFO - utils.common - acc = 0.935
12/20/2023 17:49:05 - INFO - utils.common - 计算 precision ing...
12/20/2023 17:49:05 - INFO - utils.common - precision = 0.9389976854234648
12/20/2023 17:49:05 - INFO - utils.common - 计算 recall ing...
12/20/2023 17:49:05 - INFO - utils.common - result = {'f1score': 0.9318590442909943, 'acc': 0.935, 'precision': 0.9389976854234648, 'recall': 0.9283539349376926}
12/20/2023 17:49:05 - INFO - __main__ - Epoch:25, Train Accuracy:0.935, f1:0.9318590442909943

Epoch: [25][0/7]	
12/20/2023 17:49:22 - INFO - utils.common - 计算 f1 score ing...
12/20/2023 17:49:22 - INFO - utils.common - F1score = 0.9397816591230155
12/20/2023 17:49:22 - INFO - utils.common - 计算 accuracy ing...
12/20/2023 17:49:22 - INFO - utils.common - acc = 0.94155
12/20/2023 17:49:22 - INFO - utils.common - 计算 precision ing...
12/20/2023 17:49:22 - INFO - utils.common - precision = 0.9427294598961817
12/20/2023 17:49:22 - INFO - utils.common - 计算 recall ing...
12/20/2023 17:49:22 - INFO - utils.common - result = {'f1score': 0.9397816591230155, 'acc': 0.94155, 'precision': 0.9427294598961817, 'recall': 0.9412558600885045}
12/20/2023 17:49:22 - INFO - __main__ - Epoch:25, Val Accuracy:0.94155, f1:0.9397816591230155

12/20/2023 17:49:22 - INFO - __main__ - lr:0.00027135636881635457
12/20/2023 17:49:22 - INFO - __main__ - ==========Epoch:26==========
Save best weights
12/20/2023 17:49:29 - INFO - utils.common - 计算 f1 score ing...
12/20/2023 17:49:29 - INFO - utils.common - F1score = 0.9401909752883548
12/20/2023 17:49:29 - INFO - utils.common - 计算 accuracy ing...
12/20/2023 17:49:29 - INFO - utils.common - acc = 0.94375
12/20/2023 17:49:29 - INFO - utils.common - 计算 precision ing...
12/20/2023 17:49:29 - INFO - utils.common - precision = 0.9462102350148525
12/20/2023 17:49:29 - INFO - utils.common - 计算 recall ing...
12/20/2023 17:49:29 - INFO - utils.common - result = {'f1score': 0.9401909752883548, 'acc': 0.94375, 'precision': 0.9462102350148525, 'recall': 0.9374393010781357}
12/20/2023 17:49:29 - INFO - __main__ - Epoch:26, Train Accuracy:0.94375, f1:0.9401909752883548

Epoch: [26][0/7]	
12/20/2023 17:49:46 - INFO - utils.common - 计算 f1 score ing...
12/20/2023 17:49:46 - INFO - utils.common - F1score = 0.9429226611751685
12/20/2023 17:49:46 - INFO - utils.common - 计算 accuracy ing...
12/20/2023 17:49:46 - INFO - utils.common - acc = 0.9444
12/20/2023 17:49:46 - INFO - utils.common - 计算 precision ing...
12/20/2023 17:49:46 - INFO - utils.common - precision = 0.9453207670875854
12/20/2023 17:49:46 - INFO - utils.common - 计算 recall ing...
12/20/2023 17:49:46 - INFO - utils.common - result = {'f1score': 0.9429226611751685, 'acc': 0.9444, 'precision': 0.9453207670875854, 'recall': 0.9441087887550516}
12/20/2023 17:49:46 - INFO - __main__ - Epoch:26, Val Accuracy:0.9444, f1:0.9429226611751685

12/20/2023 17:49:46 - INFO - __main__ - lr:0.0001963663688163546
12/20/2023 17:49:46 - INFO - __main__ - ==========Epoch:27==========
Save best weights
12/20/2023 17:49:52 - INFO - utils.common - 计算 f1 score ing...
12/20/2023 17:49:52 - INFO - utils.common - F1score = 0.9327749519336899
12/20/2023 17:49:52 - INFO - utils.common - 计算 accuracy ing...
12/20/2023 17:49:52 - INFO - utils.common - acc = 0.93625
12/20/2023 17:49:52 - INFO - utils.common - 计算 precision ing...
12/20/2023 17:49:52 - INFO - utils.common - precision = 0.9387752786257886
12/20/2023 17:49:52 - INFO - utils.common - 计算 recall ing...
12/20/2023 17:49:52 - INFO - utils.common - result = {'f1score': 0.9327749519336899, 'acc': 0.93625, 'precision': 0.9387752786257886, 'recall': 0.9293117839717951}
12/20/2023 17:49:52 - INFO - __main__ - Epoch:27, Train Accuracy:0.93625, f1:0.9327749519336899

Epoch: [27][0/7]	
12/20/2023 17:50:09 - INFO - utils.common - 计算 f1 score ing...
12/20/2023 17:50:09 - INFO - utils.common - F1score = 0.9450050132588061
12/20/2023 17:50:09 - INFO - utils.common - 计算 accuracy ing...
12/20/2023 17:50:09 - INFO - utils.common - acc = 0.94635
12/20/2023 17:50:09 - INFO - utils.common - 计算 precision ing...
12/20/2023 17:50:09 - INFO - utils.common - precision = 0.9467013396681073
12/20/2023 17:50:09 - INFO - utils.common - 计算 recall ing...
12/20/2023 17:50:09 - INFO - utils.common - result = {'f1score': 0.9450050132588061, 'acc': 0.94635, 'precision': 0.9467013396681073, 'recall': 0.9463777424545694}
12/20/2023 17:50:09 - INFO - __main__ - Epoch:27, Val Accuracy:0.94635, f1:0.9450050132588061

12/20/2023 17:50:09 - INFO - __main__ - lr:0.0001036736311836454
12/20/2023 17:50:09 - INFO - __main__ - ==========Epoch:28==========
Save best weights
12/20/2023 17:50:16 - INFO - utils.common - 计算 f1 score ing...
12/20/2023 17:50:16 - INFO - utils.common - F1score = 0.9439366257724093
12/20/2023 17:50:16 - INFO - utils.common - 计算 accuracy ing...
12/20/2023 17:50:16 - INFO - utils.common - acc = 0.94625
12/20/2023 17:50:16 - INFO - utils.common - 计算 precision ing...
12/20/2023 17:50:16 - INFO - utils.common - precision = 0.9475832062893274
12/20/2023 17:50:16 - INFO - utils.common - 计算 recall ing...
12/20/2023 17:50:16 - INFO - utils.common - result = {'f1score': 0.9439366257724093, 'acc': 0.94625, 'precision': 0.9475832062893274, 'recall': 0.9418881094028959}
12/20/2023 17:50:16 - INFO - __main__ - Epoch:28, Train Accuracy:0.94625, f1:0.9439366257724093

Epoch: [28][0/7]	
12/20/2023 17:50:32 - INFO - utils.common - 计算 f1 score ing...
12/20/2023 17:50:32 - INFO - utils.common - F1score = 0.9467929362671232
12/20/2023 17:50:32 - INFO - utils.common - 计算 accuracy ing...
12/20/2023 17:50:32 - INFO - utils.common - acc = 0.9481
12/20/2023 17:50:32 - INFO - utils.common - 计算 precision ing...
12/20/2023 17:50:32 - INFO - utils.common - precision = 0.9484674125858663
12/20/2023 17:50:32 - INFO - utils.common - 计算 recall ing...
12/20/2023 17:50:33 - INFO - utils.common - result = {'f1score': 0.9467929362671232, 'acc': 0.9481, 'precision': 0.9484674125858663, 'recall': 0.9479614664535094}
12/20/2023 17:50:33 - INFO - __main__ - Epoch:28, Val Accuracy:0.9481, f1:0.9467929362671232

12/20/2023 17:50:33 - INFO - __main__ - lr:2.8683631183645395e-05
12/20/2023 17:50:33 - INFO - __main__ - ==========Epoch:29==========
Save best weights
12/20/2023 17:50:39 - INFO - utils.common - 计算 f1 score ing...
12/20/2023 17:50:39 - INFO - utils.common - F1score = 0.9473412109610135
12/20/2023 17:50:39 - INFO - utils.common - 计算 accuracy ing...
12/20/2023 17:50:39 - INFO - utils.common - acc = 0.95
12/20/2023 17:50:39 - INFO - utils.common - 计算 precision ing...
12/20/2023 17:50:39 - INFO - utils.common - precision = 0.952768908854435
12/20/2023 17:50:39 - INFO - utils.common - 计算 recall ing...
12/20/2023 17:50:39 - INFO - utils.common - result = {'f1score': 0.9473412109610135, 'acc': 0.95, 'precision': 0.952768908854435, 'recall': 0.9438557818344029}
12/20/2023 17:50:39 - INFO - __main__ - Epoch:29, Train Accuracy:0.95, f1:0.9473412109610135

Epoch: [29][0/7]	
12/20/2023 17:50:56 - INFO - utils.common - 计算 f1 score ing...
12/20/2023 17:50:56 - INFO - utils.common - F1score = 0.9476963547866545
12/20/2023 17:50:56 - INFO - utils.common - 计算 accuracy ing...
12/20/2023 17:50:56 - INFO - utils.common - acc = 0.94895
12/20/2023 17:50:56 - INFO - utils.common - 计算 precision ing...
12/20/2023 17:50:56 - INFO - utils.common - precision = 0.9492740371472116
12/20/2023 17:50:56 - INFO - utils.common - 计算 recall ing...
12/20/2023 17:50:56 - INFO - utils.common - result = {'f1score': 0.9476963547866545, 'acc': 0.94895, 'precision': 0.9492740371472116, 'recall': 0.9487959468833059}
12/20/2023 17:50:56 - INFO - __main__ - Epoch:29, Val Accuracy:0.94895, f1:0.9476963547866545

12/20/2023 17:50:56 - INFO - __main__ - lr:0.0003
12/20/2023 17:50:56 - INFO - __main__ - ==========Epoch:30==========
Save best weights
12/20/2023 17:51:02 - INFO - utils.common - 计算 f1 score ing...
12/20/2023 17:51:02 - INFO - utils.common - F1score = 0.95442524529651
12/20/2023 17:51:02 - INFO - utils.common - 计算 accuracy ing...
12/20/2023 17:51:02 - INFO - utils.common - acc = 0.95625
12/20/2023 17:51:02 - INFO - utils.common - 计算 precision ing...
12/20/2023 17:51:02 - INFO - utils.common - precision = 0.9575720198647164
12/20/2023 17:51:02 - INFO - utils.common - 计算 recall ing...
12/20/2023 17:51:02 - INFO - utils.common - result = {'f1score': 0.95442524529651, 'acc': 0.95625, 'precision': 0.9575720198647164, 'recall': 0.9524211369305264}
12/20/2023 17:51:02 - INFO - __main__ - Epoch:30, Train Accuracy:0.95625, f1:0.95442524529651

Epoch: [30][0/7]	
12/20/2023 17:51:18 - INFO - utils.common - 计算 f1 score ing...
12/20/2023 17:51:18 - INFO - utils.common - F1score = 0.9502171511118799
12/20/2023 17:51:18 - INFO - utils.common - 计算 accuracy ing...
12/20/2023 17:51:18 - INFO - utils.common - acc = 0.9513
12/20/2023 17:51:18 - INFO - utils.common - 计算 precision ing...
12/20/2023 17:51:18 - INFO - utils.common - precision = 0.9514507347747426
12/20/2023 17:51:18 - INFO - utils.common - 计算 recall ing...
12/20/2023 17:51:18 - INFO - utils.common - result = {'f1score': 0.9502171511118799, 'acc': 0.9513, 'precision': 0.9514507347747426, 'recall': 0.951256092773612}
12/20/2023 17:51:18 - INFO - __main__ - Epoch:30, Val Accuracy:0.9513, f1:0.9502171511118799

12/20/2023 17:51:18 - INFO - __main__ - lr:0.00027135636881635457
12/20/2023 17:51:18 - INFO - __main__ - ==========Epoch:31==========
Save best weights
12/20/2023 17:51:24 - INFO - utils.common - 计算 f1 score ing...
12/20/2023 17:51:24 - INFO - utils.common - F1score = 0.959490256933779
12/20/2023 17:51:24 - INFO - utils.common - 计算 accuracy ing...
12/20/2023 17:51:25 - INFO - utils.common - acc = 0.96
12/20/2023 17:51:25 - INFO - utils.common - 计算 precision ing...
12/20/2023 17:51:25 - INFO - utils.common - precision = 0.9609757155984602
12/20/2023 17:51:25 - INFO - utils.common - 计算 recall ing...
12/20/2023 17:51:25 - INFO - utils.common - result = {'f1score': 0.959490256933779, 'acc': 0.96, 'precision': 0.9609757155984602, 'recall': 0.9583088001015923}
12/20/2023 17:51:25 - INFO - __main__ - Epoch:31, Train Accuracy:0.96, f1:0.959490256933779

Epoch: [31][0/7]	
12/20/2023 17:51:41 - INFO - utils.common - 计算 f1 score ing...
12/20/2023 17:51:41 - INFO - utils.common - F1score = 0.9559607134947377
12/20/2023 17:51:41 - INFO - utils.common - 计算 accuracy ing...
12/20/2023 17:51:41 - INFO - utils.common - acc = 0.9567
12/20/2023 17:51:41 - INFO - utils.common - 计算 precision ing...
12/20/2023 17:51:41 - INFO - utils.common - precision = 0.9565779095391461
12/20/2023 17:51:41 - INFO - utils.common - 计算 recall ing...
12/20/2023 17:51:41 - INFO - utils.common - result = {'f1score': 0.9559607134947377, 'acc': 0.9567, 'precision': 0.9565779095391461, 'recall': 0.9567161009909361}
12/20/2023 17:51:41 - INFO - __main__ - Epoch:31, Val Accuracy:0.9567, f1:0.9559607134947377

12/20/2023 17:51:41 - INFO - __main__ - lr:0.0001963663688163546
12/20/2023 17:51:41 - INFO - __main__ - ==========Epoch:32==========
Save best weights
12/20/2023 17:51:48 - INFO - utils.common - 计算 f1 score ing...
12/20/2023 17:51:48 - INFO - utils.common - F1score = 0.9550287713386625
12/20/2023 17:51:48 - INFO - utils.common - 计算 accuracy ing...
12/20/2023 17:51:48 - INFO - utils.common - acc = 0.955
12/20/2023 17:51:48 - INFO - utils.common - 计算 precision ing...
12/20/2023 17:51:48 - INFO - utils.common - precision = 0.9569929531960967
12/20/2023 17:51:48 - INFO - utils.common - 计算 recall ing...
12/20/2023 17:51:48 - INFO - utils.common - result = {'f1score': 0.9550287713386625, 'acc': 0.955, 'precision': 0.9569929531960967, 'recall': 0.9536506648131271}
12/20/2023 17:51:48 - INFO - __main__ - Epoch:32, Train Accuracy:0.955, f1:0.9550287713386625

Epoch: [32][0/7]	
12/20/2023 17:52:04 - INFO - utils.common - 计算 f1 score ing...
12/20/2023 17:52:04 - INFO - utils.common - F1score = 0.9595978307254074
12/20/2023 17:52:04 - INFO - utils.common - 计算 accuracy ing...
12/20/2023 17:52:04 - INFO - utils.common - acc = 0.9601
12/20/2023 17:52:04 - INFO - utils.common - 计算 precision ing...
12/20/2023 17:52:04 - INFO - utils.common - precision = 0.9598413678376451
12/20/2023 17:52:04 - INFO - utils.common - 计算 recall ing...
12/20/2023 17:52:04 - INFO - utils.common - result = {'f1score': 0.9595978307254074, 'acc': 0.9601, 'precision': 0.9598413678376451, 'recall': 0.960222146768165}
12/20/2023 17:52:04 - INFO - __main__ - Epoch:32, Val Accuracy:0.9601, f1:0.9595978307254074

12/20/2023 17:52:04 - INFO - __main__ - lr:0.0001036736311836454
12/20/2023 17:52:04 - INFO - __main__ - ==========Epoch:33==========
Save best weights
12/20/2023 17:52:11 - INFO - utils.common - 计算 f1 score ing...
12/20/2023 17:52:11 - INFO - utils.common - F1score = 0.9604597000792039
12/20/2023 17:52:11 - INFO - utils.common - 计算 accuracy ing...
12/20/2023 17:52:11 - INFO - utils.common - acc = 0.96
12/20/2023 17:52:11 - INFO - utils.common - 计算 precision ing...
12/20/2023 17:52:11 - INFO - utils.common - precision = 0.9611146810514977
12/20/2023 17:52:11 - INFO - utils.common - 计算 recall ing...
12/20/2023 17:52:11 - INFO - utils.common - result = {'f1score': 0.9604597000792039, 'acc': 0.96, 'precision': 0.9611146810514977, 'recall': 0.9600460119222889}
12/20/2023 17:52:11 - INFO - __main__ - Epoch:33, Train Accuracy:0.96, f1:0.9604597000792039

Epoch: [33][0/7]	
12/20/2023 17:52:28 - INFO - utils.common - 计算 f1 score ing...
12/20/2023 17:52:28 - INFO - utils.common - F1score = 0.9613168523530514
12/20/2023 17:52:28 - INFO - utils.common - 计算 accuracy ing...
12/20/2023 17:52:28 - INFO - utils.common - acc = 0.96175
12/20/2023 17:52:28 - INFO - utils.common - 计算 precision ing...
12/20/2023 17:52:28 - INFO - utils.common - precision = 0.9614091776128019
12/20/2023 17:52:28 - INFO - utils.common - 计算 recall ing...
12/20/2023 17:52:28 - INFO - utils.common - result = {'f1score': 0.9613168523530514, 'acc': 0.96175, 'precision': 0.9614091776128019, 'recall': 0.9618800288129155}
12/20/2023 17:52:28 - INFO - __main__ - Epoch:33, Val Accuracy:0.96175, f1:0.9613168523530514

12/20/2023 17:52:28 - INFO - __main__ - lr:2.8683631183645395e-05
12/20/2023 17:52:28 - INFO - __main__ - ==========Epoch:34==========
Save best weights
12/20/2023 17:52:34 - INFO - utils.common - 计算 f1 score ing...
12/20/2023 17:52:34 - INFO - utils.common - F1score = 0.9489437962957419
12/20/2023 17:52:34 - INFO - utils.common - 计算 accuracy ing...
12/20/2023 17:52:34 - INFO - utils.common - acc = 0.94875
12/20/2023 17:52:34 - INFO - utils.common - 计算 precision ing...
12/20/2023 17:52:34 - INFO - utils.common - precision = 0.950870434421391
12/20/2023 17:52:34 - INFO - utils.common - 计算 recall ing...
12/20/2023 17:52:34 - INFO - utils.common - result = {'f1score': 0.9489437962957419, 'acc': 0.94875, 'precision': 0.950870434421391, 'recall': 0.9476091259974334}
12/20/2023 17:52:34 - INFO - __main__ - Epoch:34, Train Accuracy:0.94875, f1:0.9489437962957419

Epoch: [34][0/7]	
12/20/2023 17:52:50 - INFO - utils.common - 计算 f1 score ing...
12/20/2023 17:52:50 - INFO - utils.common - F1score = 0.9616537877639841
12/20/2023 17:52:50 - INFO - utils.common - 计算 accuracy ing...
12/20/2023 17:52:50 - INFO - utils.common - acc = 0.9621
12/20/2023 17:52:50 - INFO - utils.common - 计算 precision ing...
12/20/2023 17:52:51 - INFO - utils.common - precision = 0.9617082517362738
12/20/2023 17:52:51 - INFO - utils.common - 计算 recall ing...
12/20/2023 17:52:51 - INFO - utils.common - result = {'f1score': 0.9616537877639841, 'acc': 0.9621, 'precision': 0.9617082517362738, 'recall': 0.9622960163982265}
12/20/2023 17:52:51 - INFO - __main__ - Epoch:34, Val Accuracy:0.9621, f1:0.9616537877639841

12/20/2023 17:52:51 - INFO - __main__ - lr:0.0003
12/20/2023 17:52:51 - INFO - __main__ - ==========Epoch:35==========
Save best weights
12/20/2023 17:52:57 - INFO - utils.common - 计算 f1 score ing...
12/20/2023 17:52:57 - INFO - utils.common - F1score = 0.9612727577548578
12/20/2023 17:52:57 - INFO - utils.common - 计算 accuracy ing...
12/20/2023 17:52:57 - INFO - utils.common - acc = 0.9625
12/20/2023 17:52:57 - INFO - utils.common - 计算 precision ing...
12/20/2023 17:52:57 - INFO - utils.common - precision = 0.9624214389087729
12/20/2023 17:52:57 - INFO - utils.common - 计算 recall ing...
12/20/2023 17:52:57 - INFO - utils.common - result = {'f1score': 0.9612727577548578, 'acc': 0.9625, 'precision': 0.9624214389087729, 'recall': 0.9605277172380937}
12/20/2023 17:52:57 - INFO - __main__ - Epoch:35, Train Accuracy:0.9625, f1:0.9612727577548578

Epoch: [35][0/7]	
12/20/2023 17:53:13 - INFO - utils.common - 计算 f1 score ing...
12/20/2023 17:53:13 - INFO - utils.common - F1score = 0.9652544151955927
12/20/2023 17:53:13 - INFO - utils.common - 计算 accuracy ing...
12/20/2023 17:53:13 - INFO - utils.common - acc = 0.96565
12/20/2023 17:53:13 - INFO - utils.common - 计算 precision ing...
12/20/2023 17:53:13 - INFO - utils.common - precision = 0.9653424634685126
12/20/2023 17:53:13 - INFO - utils.common - 计算 recall ing...
12/20/2023 17:53:13 - INFO - utils.common - result = {'f1score': 0.9652544151955927, 'acc': 0.96565, 'precision': 0.9653424634685126, 'recall': 0.965568140725186}
12/20/2023 17:53:13 - INFO - __main__ - Epoch:35, Val Accuracy:0.96565, f1:0.9652544151955927

12/20/2023 17:53:13 - INFO - __main__ - lr:0.00027135636881635457
12/20/2023 17:53:13 - INFO - __main__ - ==========Epoch:36==========
Save best weights
12/20/2023 17:53:19 - INFO - utils.common - 计算 f1 score ing...
12/20/2023 17:53:19 - INFO - utils.common - F1score = 0.9533655288241865
12/20/2023 17:53:19 - INFO - utils.common - 计算 accuracy ing...
12/20/2023 17:53:19 - INFO - utils.common - acc = 0.9525
12/20/2023 17:53:19 - INFO - utils.common - 计算 precision ing...
12/20/2023 17:53:19 - INFO - utils.common - precision = 0.9539385889811443
12/20/2023 17:53:19 - INFO - utils.common - 计算 recall ing...
12/20/2023 17:53:19 - INFO - utils.common - result = {'f1score': 0.9533655288241865, 'acc': 0.9525, 'precision': 0.9539385889811443, 'recall': 0.9532444401401544}
12/20/2023 17:53:19 - INFO - __main__ - Epoch:36, Train Accuracy:0.9525, f1:0.9533655288241865

Epoch: [36][0/7]	
12/20/2023 17:53:35 - INFO - utils.common - 计算 f1 score ing...
12/20/2023 17:53:35 - INFO - utils.common - F1score = 0.9665370157095562
12/20/2023 17:53:35 - INFO - utils.common - 计算 accuracy ing...
12/20/2023 17:53:35 - INFO - utils.common - acc = 0.96685
12/20/2023 17:53:35 - INFO - utils.common - 计算 precision ing...
12/20/2023 17:53:35 - INFO - utils.common - precision = 0.9662958158192618
12/20/2023 17:53:35 - INFO - utils.common - 计算 recall ing...
12/20/2023 17:53:35 - INFO - utils.common - result = {'f1score': 0.9665370157095562, 'acc': 0.96685, 'precision': 0.9662958158192618, 'recall': 0.9671673471204651}
12/20/2023 17:53:35 - INFO - __main__ - Epoch:36, Val Accuracy:0.96685, f1:0.9665370157095562

12/20/2023 17:53:35 - INFO - __main__ - lr:0.0001963663688163546
12/20/2023 17:53:35 - INFO - __main__ - ==========Epoch:37==========
Save best weights
12/20/2023 17:53:41 - INFO - utils.common - 计算 f1 score ing...
12/20/2023 17:53:41 - INFO - utils.common - F1score = 0.9582291634778941
12/20/2023 17:53:41 - INFO - utils.common - 计算 accuracy ing...
12/20/2023 17:53:41 - INFO - utils.common - acc = 0.95875
12/20/2023 17:53:41 - INFO - utils.common - 计算 precision ing...
12/20/2023 17:53:41 - INFO - utils.common - precision = 0.95858921024141
12/20/2023 17:53:41 - INFO - utils.common - 计算 recall ing...
12/20/2023 17:53:41 - INFO - utils.common - result = {'f1score': 0.9582291634778941, 'acc': 0.95875, 'precision': 0.95858921024141, 'recall': 0.9585614879121336}
12/20/2023 17:53:41 - INFO - __main__ - Epoch:37, Train Accuracy:0.95875, f1:0.9582291634778941

Epoch: [37][0/7]	
12/20/2023 17:53:58 - INFO - utils.common - 计算 f1 score ing...
12/20/2023 17:53:58 - INFO - utils.common - F1score = 0.9671071076521509
12/20/2023 17:53:58 - INFO - utils.common - 计算 accuracy ing...
12/20/2023 17:53:58 - INFO - utils.common - acc = 0.96735
12/20/2023 17:53:58 - INFO - utils.common - 计算 precision ing...
12/20/2023 17:53:58 - INFO - utils.common - precision = 0.9669533318405481
12/20/2023 17:53:58 - INFO - utils.common - 计算 recall ing...
12/20/2023 17:53:58 - INFO - utils.common - result = {'f1score': 0.9671071076521509, 'acc': 0.96735, 'precision': 0.9669533318405481, 'recall': 0.9676407235489722}
12/20/2023 17:53:58 - INFO - __main__ - Epoch:37, Val Accuracy:0.96735, f1:0.9671071076521509

12/20/2023 17:53:58 - INFO - __main__ - lr:0.0001036736311836454
12/20/2023 17:53:58 - INFO - __main__ - ==========Epoch:38==========
Save best weights
12/20/2023 17:54:04 - INFO - utils.common - 计算 f1 score ing...
12/20/2023 17:54:04 - INFO - utils.common - F1score = 0.9631540121798383
12/20/2023 17:54:04 - INFO - utils.common - 计算 accuracy ing...
12/20/2023 17:54:04 - INFO - utils.common - acc = 0.9625
12/20/2023 17:54:04 - INFO - utils.common - 计算 precision ing...
12/20/2023 17:54:04 - INFO - utils.common - precision = 0.9633282633181612
12/20/2023 17:54:04 - INFO - utils.common - 计算 recall ing...
12/20/2023 17:54:04 - INFO - utils.common - result = {'f1score': 0.9631540121798383, 'acc': 0.9625, 'precision': 0.9633282633181612, 'recall': 0.9633564690311213}
12/20/2023 17:54:04 - INFO - __main__ - Epoch:38, Train Accuracy:0.9625, f1:0.9631540121798383

Epoch: [38][0/7]	
12/20/2023 17:54:21 - INFO - utils.common - 计算 f1 score ing...
12/20/2023 17:54:21 - INFO - utils.common - F1score = 0.9686303918894978
12/20/2023 17:54:21 - INFO - utils.common - 计算 accuracy ing...
12/20/2023 17:54:21 - INFO - utils.common - acc = 0.9688
12/20/2023 17:54:21 - INFO - utils.common - 计算 precision ing...
12/20/2023 17:54:21 - INFO - utils.common - precision = 0.9687004816609268
12/20/2023 17:54:21 - INFO - utils.common - 计算 recall ing...
12/20/2023 17:54:21 - INFO - utils.common - result = {'f1score': 0.9686303918894978, 'acc': 0.9688, 'precision': 0.9687004816609268, 'recall': 0.968824850629537}
12/20/2023 17:54:21 - INFO - __main__ - Epoch:38, Val Accuracy:0.9688, f1:0.9686303918894978

12/20/2023 17:54:21 - INFO - __main__ - lr:2.8683631183645395e-05
12/20/2023 17:54:21 - INFO - __main__ - ==========Epoch:39==========
Save best weights
12/20/2023 17:54:27 - INFO - utils.common - 计算 f1 score ing...
12/20/2023 17:54:27 - INFO - utils.common - F1score = 0.9564294027156317
12/20/2023 17:54:27 - INFO - utils.common - 计算 accuracy ing...
12/20/2023 17:54:27 - INFO - utils.common - acc = 0.95625
12/20/2023 17:54:27 - INFO - utils.common - 计算 precision ing...
12/20/2023 17:54:27 - INFO - utils.common - precision = 0.9575932894428139
12/20/2023 17:54:27 - INFO - utils.common - 计算 recall ing...
12/20/2023 17:54:27 - INFO - utils.common - result = {'f1score': 0.9564294027156317, 'acc': 0.95625, 'precision': 0.9575932894428139, 'recall': 0.9557586550195665}
12/20/2023 17:54:27 - INFO - __main__ - Epoch:39, Train Accuracy:0.95625, f1:0.9564294027156317

Epoch: [39][0/7]	
12/20/2023 17:54:43 - INFO - utils.common - 计算 f1 score ing...
12/20/2023 17:54:43 - INFO - utils.common - F1score = 0.9682789297950563
12/20/2023 17:54:43 - INFO - utils.common - 计算 accuracy ing...
12/20/2023 17:54:43 - INFO - utils.common - acc = 0.9685
12/20/2023 17:54:43 - INFO - utils.common - 计算 precision ing...
12/20/2023 17:54:43 - INFO - utils.common - precision = 0.9681345507165067
12/20/2023 17:54:43 - INFO - utils.common - 计算 recall ing...
12/20/2023 17:54:43 - INFO - utils.common - result = {'f1score': 0.9682789297950563, 'acc': 0.9685, 'precision': 0.9681345507165067, 'recall': 0.9687120304347593}
12/20/2023 17:54:43 - INFO - __main__ - Epoch:39, Val Accuracy:0.9685, f1:0.9682789297950563

12/20/2023 17:54:43 - INFO - __main__ - lr:0.0003
early_st 4
Test
12/20/2023 17:54:51 - INFO - utils.common - 计算 f1 score ing...
12/20/2023 17:54:51 - INFO - utils.common - F1score = 0.9425261426201956
12/20/2023 17:54:51 - INFO - utils.common - 计算 accuracy ing...
12/20/2023 17:54:51 - INFO - utils.common - acc = 0.9603064066852368
12/20/2023 17:54:51 - INFO - utils.common - 计算 precision ing...
12/20/2023 17:54:51 - INFO - utils.common - precision = 0.9496210507971767
12/20/2023 17:54:51 - INFO - utils.common - 计算 recall ing...
12/20/2023 17:54:51 - INFO - utils.common - result = {'f1score': 0.9425261426201956, 'acc': 0.9603064066852368, 'precision': 0.9496210507971767, 'recall': 0.9436249426404282}
12/20/2023 17:54:51 - INFO - __main__ - test_f1:0.9425261426201956, test_acc:0.9603064066852368, test_precision:0.9496210507971767, test_recall:0.9436249426404282
12/20/2023 17:54:51 - INFO - __main__ - Finish fine-turning...
