12/20/2023 20:38:02 - INFO - __main__ - 设置 seed 为:  4
12/20/2023 20:38:02 - INFO - __main__ - Start fine-turning...
12/20/2023 20:38:06 - INFO - __main__ - ==========Epoch:0==========
=> loading checkpoint '/home/lijunjian/CA2CL/save/NCT/pretrain/resnet18/ResNet18_bs_1792_img_size_224_lr_0.0006_wd_0.0001_temperature_0.2_adv_eps_1_cld_0.1/checkpoint_100.tar'
missing keys:[], unexpected_keys:['module.instance_projector.0.weight', 'module.instance_projector.0.bias', 'module.instance_projector.2.weight', 'module.instance_projector.2.bias', 'module.groupDis.0.weight']
loaded
12/20/2023 20:38:24 - INFO - utils.common - 计算 f1 score ing...
12/20/2023 20:38:24 - INFO - utils.common - F1score = 0.507921443514912
12/20/2023 20:38:24 - INFO - utils.common - 计算 accuracy ing...
12/20/2023 20:38:24 - INFO - utils.common - acc = 0.535125
12/20/2023 20:38:24 - INFO - utils.common - 计算 precision ing...
12/20/2023 20:38:24 - INFO - utils.common - precision = 0.5453647953674494
12/20/2023 20:38:24 - INFO - utils.common - 计算 recall ing...
12/20/2023 20:38:24 - INFO - utils.common - result = {'f1score': 0.507921443514912, 'acc': 0.535125, 'precision': 0.5453647953674494, 'recall': 0.5252439484605707}
12/20/2023 20:38:24 - INFO - __main__ - Epoch:0, Train Accuracy:0.535125, f1:0.507921443514912

Epoch: [0][0/63]	
12/20/2023 20:38:36 - INFO - utils.common - 计算 f1 score ing...
12/20/2023 20:38:36 - INFO - utils.common - F1score = 0.8962471681819915
12/20/2023 20:38:36 - INFO - utils.common - 计算 accuracy ing...
12/20/2023 20:38:36 - INFO - utils.common - acc = 0.90015
12/20/2023 20:38:36 - INFO - utils.common - 计算 precision ing...
12/20/2023 20:38:36 - INFO - utils.common - precision = 0.9066050437989934
12/20/2023 20:38:36 - INFO - utils.common - 计算 recall ing...
12/20/2023 20:38:36 - INFO - utils.common - result = {'f1score': 0.8962471681819915, 'acc': 0.90015, 'precision': 0.9066050437989934, 'recall': 0.8969107144847231}
12/20/2023 20:38:36 - INFO - __main__ - Epoch:0, Val Accuracy:0.90015, f1:0.8962471681819915

12/20/2023 20:38:36 - INFO - __main__ - lr:0.00027135636881635457
12/20/2023 20:38:36 - INFO - __main__ - ==========Epoch:1==========
Save best weights
12/20/2023 20:39:06 - INFO - utils.common - 计算 f1 score ing...
12/20/2023 20:39:06 - INFO - utils.common - F1score = 0.9284284647703954
12/20/2023 20:39:06 - INFO - utils.common - 计算 accuracy ing...
12/20/2023 20:39:06 - INFO - utils.common - acc = 0.929375
12/20/2023 20:39:06 - INFO - utils.common - 计算 precision ing...
12/20/2023 20:39:06 - INFO - utils.common - precision = 0.9316894238975117
12/20/2023 20:39:06 - INFO - utils.common - 计算 recall ing...
12/20/2023 20:39:06 - INFO - utils.common - result = {'f1score': 0.9284284647703954, 'acc': 0.929375, 'precision': 0.9316894238975117, 'recall': 0.9270324560237511}
12/20/2023 20:39:06 - INFO - __main__ - Epoch:1, Train Accuracy:0.929375, f1:0.9284284647703954

Epoch: [1][0/63]	
12/20/2023 20:39:27 - INFO - utils.common - 计算 f1 score ing...
12/20/2023 20:39:27 - INFO - utils.common - F1score = 0.9650161251579639
12/20/2023 20:39:27 - INFO - utils.common - 计算 accuracy ing...
12/20/2023 20:39:27 - INFO - utils.common - acc = 0.96485
12/20/2023 20:39:27 - INFO - utils.common - 计算 precision ing...
12/20/2023 20:39:27 - INFO - utils.common - precision = 0.9664521086609619
12/20/2023 20:39:27 - INFO - utils.common - 计算 recall ing...
12/20/2023 20:39:27 - INFO - utils.common - result = {'f1score': 0.9650161251579639, 'acc': 0.96485, 'precision': 0.9664521086609619, 'recall': 0.9638381985521887}
12/20/2023 20:39:27 - INFO - __main__ - Epoch:1, Val Accuracy:0.96485, f1:0.9650161251579639

12/20/2023 20:39:27 - INFO - __main__ - lr:0.0001963663688163546
12/20/2023 20:39:27 - INFO - __main__ - ==========Epoch:2==========
Save best weights
12/20/2023 20:39:56 - INFO - utils.common - 计算 f1 score ing...
12/20/2023 20:39:57 - INFO - utils.common - F1score = 0.9564155508536919
12/20/2023 20:39:57 - INFO - utils.common - 计算 accuracy ing...
12/20/2023 20:39:57 - INFO - utils.common - acc = 0.956375
12/20/2023 20:39:57 - INFO - utils.common - 计算 precision ing...
12/20/2023 20:39:57 - INFO - utils.common - precision = 0.9574819785821614
12/20/2023 20:39:57 - INFO - utils.common - 计算 recall ing...
12/20/2023 20:39:57 - INFO - utils.common - result = {'f1score': 0.9564155508536919, 'acc': 0.956375, 'precision': 0.9574819785821614, 'recall': 0.9555649857432154}
12/20/2023 20:39:57 - INFO - __main__ - Epoch:2, Train Accuracy:0.956375, f1:0.9564155508536919

Epoch: [2][0/63]	
12/20/2023 20:40:17 - INFO - utils.common - 计算 f1 score ing...
12/20/2023 20:40:17 - INFO - utils.common - F1score = 0.9706260323031963
12/20/2023 20:40:17 - INFO - utils.common - 计算 accuracy ing...
12/20/2023 20:40:17 - INFO - utils.common - acc = 0.9704
12/20/2023 20:40:17 - INFO - utils.common - 计算 precision ing...
12/20/2023 20:40:17 - INFO - utils.common - precision = 0.9714646062721781
12/20/2023 20:40:17 - INFO - utils.common - 计算 recall ing...
12/20/2023 20:40:17 - INFO - utils.common - result = {'f1score': 0.9706260323031963, 'acc': 0.9704, 'precision': 0.9714646062721781, 'recall': 0.9699316005091969}
12/20/2023 20:40:17 - INFO - __main__ - Epoch:2, Val Accuracy:0.9704, f1:0.9706260323031963

12/20/2023 20:40:17 - INFO - __main__ - lr:0.0001036736311836454
12/20/2023 20:40:18 - INFO - __main__ - ==========Epoch:3==========
Save best weights
12/20/2023 20:40:42 - INFO - utils.common - 计算 f1 score ing...
12/20/2023 20:40:42 - INFO - utils.common - F1score = 0.9608083554255639
12/20/2023 20:40:42 - INFO - utils.common - 计算 accuracy ing...
12/20/2023 20:40:42 - INFO - utils.common - acc = 0.960875
12/20/2023 20:40:42 - INFO - utils.common - 计算 precision ing...
12/20/2023 20:40:42 - INFO - utils.common - precision = 0.9614109623586649
12/20/2023 20:40:42 - INFO - utils.common - 计算 recall ing...
12/20/2023 20:40:42 - INFO - utils.common - result = {'f1score': 0.9608083554255639, 'acc': 0.960875, 'precision': 0.9614109623586649, 'recall': 0.9603185556099061}
12/20/2023 20:40:42 - INFO - __main__ - Epoch:3, Train Accuracy:0.960875, f1:0.9608083554255639

Epoch: [3][0/63]	
12/20/2023 20:41:00 - INFO - utils.common - 计算 f1 score ing...
12/20/2023 20:41:00 - INFO - utils.common - F1score = 0.9728792628812687
12/20/2023 20:41:00 - INFO - utils.common - 计算 accuracy ing...
12/20/2023 20:41:00 - INFO - utils.common - acc = 0.97265
12/20/2023 20:41:00 - INFO - utils.common - 计算 precision ing...
12/20/2023 20:41:00 - INFO - utils.common - precision = 0.9737140173080804
12/20/2023 20:41:00 - INFO - utils.common - 计算 recall ing...
12/20/2023 20:41:00 - INFO - utils.common - result = {'f1score': 0.9728792628812687, 'acc': 0.97265, 'precision': 0.9737140173080804, 'recall': 0.9721281978267169}
12/20/2023 20:41:00 - INFO - __main__ - Epoch:3, Val Accuracy:0.97265, f1:0.9728792628812687

12/20/2023 20:41:00 - INFO - __main__ - lr:2.8683631183645395e-05
12/20/2023 20:41:00 - INFO - __main__ - ==========Epoch:4==========
Save best weights
12/20/2023 20:41:29 - INFO - utils.common - 计算 f1 score ing...
12/20/2023 20:41:29 - INFO - utils.common - F1score = 0.9619216769417309
12/20/2023 20:41:29 - INFO - utils.common - 计算 accuracy ing...
12/20/2023 20:41:29 - INFO - utils.common - acc = 0.961875
12/20/2023 20:41:29 - INFO - utils.common - 计算 precision ing...
12/20/2023 20:41:29 - INFO - utils.common - precision = 0.9622843020765226
12/20/2023 20:41:29 - INFO - utils.common - 计算 recall ing...
12/20/2023 20:41:29 - INFO - utils.common - result = {'f1score': 0.9619216769417309, 'acc': 0.961875, 'precision': 0.9622843020765226, 'recall': 0.9616193371731097}
12/20/2023 20:41:29 - INFO - __main__ - Epoch:4, Train Accuracy:0.961875, f1:0.9619216769417309

Epoch: [4][0/63]	
12/20/2023 20:41:50 - INFO - utils.common - 计算 f1 score ing...
12/20/2023 20:41:50 - INFO - utils.common - F1score = 0.9723629834946327
12/20/2023 20:41:50 - INFO - utils.common - 计算 accuracy ing...
12/20/2023 20:41:50 - INFO - utils.common - acc = 0.97215
12/20/2023 20:41:50 - INFO - utils.common - 计算 precision ing...
12/20/2023 20:41:50 - INFO - utils.common - precision = 0.9732125611672083
12/20/2023 20:41:50 - INFO - utils.common - 计算 recall ing...
12/20/2023 20:41:50 - INFO - utils.common - result = {'f1score': 0.9723629834946327, 'acc': 0.97215, 'precision': 0.9732125611672083, 'recall': 0.971611068015464}
12/20/2023 20:41:50 - INFO - __main__ - Epoch:4, Val Accuracy:0.97215, f1:0.9723629834946327

12/20/2023 20:41:50 - INFO - __main__ - lr:0.0003
12/20/2023 20:41:50 - INFO - __main__ - ==========Epoch:5==========
early_st 4
12/20/2023 20:42:20 - INFO - utils.common - 计算 f1 score ing...
12/20/2023 20:42:20 - INFO - utils.common - F1score = 0.9638010706363982
12/20/2023 20:42:20 - INFO - utils.common - 计算 accuracy ing...
12/20/2023 20:42:20 - INFO - utils.common - acc = 0.964
12/20/2023 20:42:20 - INFO - utils.common - 计算 precision ing...
12/20/2023 20:42:20 - INFO - utils.common - precision = 0.9642308662405625
12/20/2023 20:42:20 - INFO - utils.common - 计算 recall ing...
12/20/2023 20:42:20 - INFO - utils.common - result = {'f1score': 0.9638010706363982, 'acc': 0.964, 'precision': 0.9642308662405625, 'recall': 0.9634908582674326}
12/20/2023 20:42:20 - INFO - __main__ - Epoch:5, Train Accuracy:0.964, f1:0.9638010706363982

Epoch: [5][0/63]	
12/20/2023 20:42:38 - INFO - utils.common - 计算 f1 score ing...
12/20/2023 20:42:38 - INFO - utils.common - F1score = 0.9746971158225785
12/20/2023 20:42:38 - INFO - utils.common - 计算 accuracy ing...
12/20/2023 20:42:38 - INFO - utils.common - acc = 0.97455
12/20/2023 20:42:38 - INFO - utils.common - 计算 precision ing...
12/20/2023 20:42:38 - INFO - utils.common - precision = 0.9753248682814029
12/20/2023 20:42:38 - INFO - utils.common - 计算 recall ing...
12/20/2023 20:42:38 - INFO - utils.common - result = {'f1score': 0.9746971158225785, 'acc': 0.97455, 'precision': 0.9753248682814029, 'recall': 0.9741274445116458}
12/20/2023 20:42:38 - INFO - __main__ - Epoch:5, Val Accuracy:0.97455, f1:0.9746971158225785

12/20/2023 20:42:38 - INFO - __main__ - lr:0.00027135636881635457
12/20/2023 20:42:38 - INFO - __main__ - ==========Epoch:6==========
Save best weights
12/20/2023 20:43:02 - INFO - utils.common - 计算 f1 score ing...
12/20/2023 20:43:02 - INFO - utils.common - F1score = 0.9639608952158708
12/20/2023 20:43:02 - INFO - utils.common - 计算 accuracy ing...
12/20/2023 20:43:02 - INFO - utils.common - acc = 0.964
12/20/2023 20:43:02 - INFO - utils.common - 计算 precision ing...
12/20/2023 20:43:02 - INFO - utils.common - precision = 0.9645824276551794
12/20/2023 20:43:02 - INFO - utils.common - 计算 recall ing...
12/20/2023 20:43:02 - INFO - utils.common - result = {'f1score': 0.9639608952158708, 'acc': 0.964, 'precision': 0.9645824276551794, 'recall': 0.9634454954779953}
12/20/2023 20:43:02 - INFO - __main__ - Epoch:6, Train Accuracy:0.964, f1:0.9639608952158708

Epoch: [6][0/63]	
12/20/2023 20:43:23 - INFO - utils.common - 计算 f1 score ing...
12/20/2023 20:43:23 - INFO - utils.common - F1score = 0.9767066044832757
12/20/2023 20:43:23 - INFO - utils.common - 计算 accuracy ing...
12/20/2023 20:43:23 - INFO - utils.common - acc = 0.9766
12/20/2023 20:43:23 - INFO - utils.common - 计算 precision ing...
12/20/2023 20:43:23 - INFO - utils.common - precision = 0.977547571983665
12/20/2023 20:43:23 - INFO - utils.common - 计算 recall ing...
12/20/2023 20:43:23 - INFO - utils.common - result = {'f1score': 0.9767066044832757, 'acc': 0.9766, 'precision': 0.977547571983665, 'recall': 0.9759536592989527}
12/20/2023 20:43:23 - INFO - __main__ - Epoch:6, Val Accuracy:0.9766, f1:0.9767066044832757

12/20/2023 20:43:23 - INFO - __main__ - lr:0.0001963663688163546
12/20/2023 20:43:23 - INFO - __main__ - ==========Epoch:7==========
Save best weights
12/20/2023 20:43:52 - INFO - utils.common - 计算 f1 score ing...
12/20/2023 20:43:53 - INFO - utils.common - F1score = 0.9662982294948291
12/20/2023 20:43:53 - INFO - utils.common - 计算 accuracy ing...
12/20/2023 20:43:53 - INFO - utils.common - acc = 0.9665
12/20/2023 20:43:53 - INFO - utils.common - 计算 precision ing...
12/20/2023 20:43:53 - INFO - utils.common - precision = 0.966957456816245
12/20/2023 20:43:53 - INFO - utils.common - 计算 recall ing...
12/20/2023 20:43:53 - INFO - utils.common - result = {'f1score': 0.9662982294948291, 'acc': 0.9665, 'precision': 0.966957456816245, 'recall': 0.9657967279256694}
12/20/2023 20:43:53 - INFO - __main__ - Epoch:7, Train Accuracy:0.9665, f1:0.9662982294948291

Epoch: [7][0/63]	
12/20/2023 20:44:14 - INFO - utils.common - 计算 f1 score ing...
12/20/2023 20:44:14 - INFO - utils.common - F1score = 0.9774898502095003
12/20/2023 20:44:14 - INFO - utils.common - 计算 accuracy ing...
12/20/2023 20:44:14 - INFO - utils.common - acc = 0.9774
12/20/2023 20:44:14 - INFO - utils.common - 计算 precision ing...
12/20/2023 20:44:14 - INFO - utils.common - precision = 0.9780353906228405
12/20/2023 20:44:14 - INFO - utils.common - 计算 recall ing...
12/20/2023 20:44:14 - INFO - utils.common - result = {'f1score': 0.9774898502095003, 'acc': 0.9774, 'precision': 0.9780353906228405, 'recall': 0.9769843721923408}
12/20/2023 20:44:14 - INFO - __main__ - Epoch:7, Val Accuracy:0.9774, f1:0.9774898502095003

12/20/2023 20:44:14 - INFO - __main__ - lr:0.0001036736311836454
12/20/2023 20:44:14 - INFO - __main__ - ==========Epoch:8==========
Save best weights
12/20/2023 20:44:43 - INFO - utils.common - 计算 f1 score ing...
12/20/2023 20:44:43 - INFO - utils.common - F1score = 0.967695952180597
12/20/2023 20:44:43 - INFO - utils.common - 计算 accuracy ing...
12/20/2023 20:44:43 - INFO - utils.common - acc = 0.96775
12/20/2023 20:44:43 - INFO - utils.common - 计算 precision ing...
12/20/2023 20:44:43 - INFO - utils.common - precision = 0.9679302883599544
12/20/2023 20:44:43 - INFO - utils.common - 计算 recall ing...
12/20/2023 20:44:43 - INFO - utils.common - result = {'f1score': 0.967695952180597, 'acc': 0.96775, 'precision': 0.9679302883599544, 'recall': 0.9675079752979173}
12/20/2023 20:44:43 - INFO - __main__ - Epoch:8, Train Accuracy:0.96775, f1:0.967695952180597

Epoch: [8][0/63]	
12/20/2023 20:45:02 - INFO - utils.common - 计算 f1 score ing...
12/20/2023 20:45:02 - INFO - utils.common - F1score = 0.9778136222386009
12/20/2023 20:45:02 - INFO - utils.common - 计算 accuracy ing...
12/20/2023 20:45:02 - INFO - utils.common - acc = 0.97775
12/20/2023 20:45:02 - INFO - utils.common - 计算 precision ing...
12/20/2023 20:45:02 - INFO - utils.common - precision = 0.9785133968592817
12/20/2023 20:45:02 - INFO - utils.common - 计算 recall ing...
12/20/2023 20:45:02 - INFO - utils.common - result = {'f1score': 0.9778136222386009, 'acc': 0.97775, 'precision': 0.9785133968592817, 'recall': 0.9771622089881156}
12/20/2023 20:45:02 - INFO - __main__ - Epoch:8, Val Accuracy:0.97775, f1:0.9778136222386009

12/20/2023 20:45:02 - INFO - __main__ - lr:2.8683631183645395e-05
12/20/2023 20:45:02 - INFO - __main__ - ==========Epoch:9==========
Save best weights
12/20/2023 20:45:30 - INFO - utils.common - 计算 f1 score ing...
12/20/2023 20:45:30 - INFO - utils.common - F1score = 0.9677347502001129
12/20/2023 20:45:30 - INFO - utils.common - 计算 accuracy ing...
12/20/2023 20:45:30 - INFO - utils.common - acc = 0.967875
12/20/2023 20:45:30 - INFO - utils.common - 计算 precision ing...
12/20/2023 20:45:30 - INFO - utils.common - precision = 0.9683272406661383
12/20/2023 20:45:30 - INFO - utils.common - 计算 recall ing...
12/20/2023 20:45:30 - INFO - utils.common - result = {'f1score': 0.9677347502001129, 'acc': 0.967875, 'precision': 0.9683272406661383, 'recall': 0.9672461842023173}
12/20/2023 20:45:30 - INFO - __main__ - Epoch:9, Train Accuracy:0.967875, f1:0.9677347502001129

Epoch: [9][0/63]	
12/20/2023 20:45:51 - INFO - utils.common - 计算 f1 score ing...
12/20/2023 20:45:51 - INFO - utils.common - F1score = 0.9779207605397278
12/20/2023 20:45:51 - INFO - utils.common - 计算 accuracy ing...
12/20/2023 20:45:51 - INFO - utils.common - acc = 0.97785
12/20/2023 20:45:51 - INFO - utils.common - 计算 precision ing...
12/20/2023 20:45:51 - INFO - utils.common - precision = 0.9784231504026921
12/20/2023 20:45:51 - INFO - utils.common - 计算 recall ing...
12/20/2023 20:45:51 - INFO - utils.common - result = {'f1score': 0.9779207605397278, 'acc': 0.97785, 'precision': 0.9784231504026921, 'recall': 0.9774527561253665}
12/20/2023 20:45:51 - INFO - __main__ - Epoch:9, Val Accuracy:0.97785, f1:0.9779207605397278

12/20/2023 20:45:51 - INFO - __main__ - lr:0.0003
12/20/2023 20:45:51 - INFO - __main__ - ==========Epoch:10==========
Save best weights
12/20/2023 20:46:20 - INFO - utils.common - 计算 f1 score ing...
12/20/2023 20:46:20 - INFO - utils.common - F1score = 0.9661308501052646
12/20/2023 20:46:20 - INFO - utils.common - 计算 accuracy ing...
12/20/2023 20:46:20 - INFO - utils.common - acc = 0.9665
12/20/2023 20:46:20 - INFO - utils.common - 计算 precision ing...
12/20/2023 20:46:20 - INFO - utils.common - precision = 0.966520902086327
12/20/2023 20:46:20 - INFO - utils.common - 计算 recall ing...
12/20/2023 20:46:20 - INFO - utils.common - result = {'f1score': 0.9661308501052646, 'acc': 0.9665, 'precision': 0.966520902086327, 'recall': 0.9658184325409069}
12/20/2023 20:46:20 - INFO - __main__ - Epoch:10, Train Accuracy:0.9665, f1:0.9661308501052646

Epoch: [10][0/63]	
12/20/2023 20:46:41 - INFO - utils.common - 计算 f1 score ing...
12/20/2023 20:46:41 - INFO - utils.common - F1score = 0.9789257249022
12/20/2023 20:46:41 - INFO - utils.common - 计算 accuracy ing...
12/20/2023 20:46:41 - INFO - utils.common - acc = 0.97895
12/20/2023 20:46:41 - INFO - utils.common - 计算 precision ing...
12/20/2023 20:46:41 - INFO - utils.common - precision = 0.9794934369977946
12/20/2023 20:46:41 - INFO - utils.common - 计算 recall ing...
12/20/2023 20:46:41 - INFO - utils.common - result = {'f1score': 0.9789257249022, 'acc': 0.97895, 'precision': 0.9794934369977946, 'recall': 0.9784024121989285}
12/20/2023 20:46:41 - INFO - __main__ - Epoch:10, Val Accuracy:0.97895, f1:0.9789257249022

12/20/2023 20:46:41 - INFO - __main__ - lr:0.00027135636881635457
12/20/2023 20:46:41 - INFO - __main__ - ==========Epoch:11==========
Save best weights
12/20/2023 20:47:07 - INFO - utils.common - 计算 f1 score ing...
12/20/2023 20:47:07 - INFO - utils.common - F1score = 0.9700471520631295
12/20/2023 20:47:07 - INFO - utils.common - 计算 accuracy ing...
12/20/2023 20:47:07 - INFO - utils.common - acc = 0.97025
12/20/2023 20:47:07 - INFO - utils.common - 计算 precision ing...
12/20/2023 20:47:07 - INFO - utils.common - precision = 0.9704462839099673
12/20/2023 20:47:07 - INFO - utils.common - 计算 recall ing...
12/20/2023 20:47:07 - INFO - utils.common - result = {'f1score': 0.9700471520631295, 'acc': 0.97025, 'precision': 0.9704462839099673, 'recall': 0.9697363241716062}
12/20/2023 20:47:07 - INFO - __main__ - Epoch:11, Train Accuracy:0.97025, f1:0.9700471520631295

Epoch: [11][0/63]	
12/20/2023 20:47:22 - INFO - utils.common - 计算 f1 score ing...
12/20/2023 20:47:22 - INFO - utils.common - F1score = 0.97938002972086
12/20/2023 20:47:22 - INFO - utils.common - 计算 accuracy ing...
12/20/2023 20:47:22 - INFO - utils.common - acc = 0.9794
12/20/2023 20:47:22 - INFO - utils.common - 计算 precision ing...
12/20/2023 20:47:22 - INFO - utils.common - precision = 0.9801750182616407
12/20/2023 20:47:22 - INFO - utils.common - 计算 recall ing...
12/20/2023 20:47:22 - INFO - utils.common - result = {'f1score': 0.97938002972086, 'acc': 0.9794, 'precision': 0.9801750182616407, 'recall': 0.9786502688666309}
12/20/2023 20:47:22 - INFO - __main__ - Epoch:11, Val Accuracy:0.9794, f1:0.97938002972086

12/20/2023 20:47:22 - INFO - __main__ - lr:0.0001963663688163546
12/20/2023 20:47:22 - INFO - __main__ - ==========Epoch:12==========
Save best weights
12/20/2023 20:47:52 - INFO - utils.common - 计算 f1 score ing...
12/20/2023 20:47:52 - INFO - utils.common - F1score = 0.9700171729652394
12/20/2023 20:47:52 - INFO - utils.common - 计算 accuracy ing...
12/20/2023 20:47:52 - INFO - utils.common - acc = 0.970125
12/20/2023 20:47:52 - INFO - utils.common - 计算 precision ing...
12/20/2023 20:47:52 - INFO - utils.common - precision = 0.9703940167214257
12/20/2023 20:47:52 - INFO - utils.common - 计算 recall ing...
12/20/2023 20:47:52 - INFO - utils.common - result = {'f1score': 0.9700171729652394, 'acc': 0.970125, 'precision': 0.9703940167214257, 'recall': 0.9697279470838305}
12/20/2023 20:47:52 - INFO - __main__ - Epoch:12, Train Accuracy:0.970125, f1:0.9700171729652394

Epoch: [12][0/63]	
12/20/2023 20:48:12 - INFO - utils.common - 计算 f1 score ing...
12/20/2023 20:48:12 - INFO - utils.common - F1score = 0.9801779690410746
12/20/2023 20:48:12 - INFO - utils.common - 计算 accuracy ing...
12/20/2023 20:48:12 - INFO - utils.common - acc = 0.9802
12/20/2023 20:48:12 - INFO - utils.common - 计算 precision ing...
12/20/2023 20:48:12 - INFO - utils.common - precision = 0.9806416624589317
12/20/2023 20:48:12 - INFO - utils.common - 计算 recall ing...
12/20/2023 20:48:12 - INFO - utils.common - result = {'f1score': 0.9801779690410746, 'acc': 0.9802, 'precision': 0.9806416624589317, 'recall': 0.9797405694859356}
12/20/2023 20:48:12 - INFO - __main__ - Epoch:12, Val Accuracy:0.9802, f1:0.9801779690410746

12/20/2023 20:48:12 - INFO - __main__ - lr:0.0001036736311836454
12/20/2023 20:48:12 - INFO - __main__ - ==========Epoch:13==========
Save best weights
12/20/2023 20:48:42 - INFO - utils.common - 计算 f1 score ing...
12/20/2023 20:48:42 - INFO - utils.common - F1score = 0.9695507907020714
12/20/2023 20:48:42 - INFO - utils.common - 计算 accuracy ing...
12/20/2023 20:48:42 - INFO - utils.common - acc = 0.969625
12/20/2023 20:48:42 - INFO - utils.common - 计算 precision ing...
12/20/2023 20:48:42 - INFO - utils.common - precision = 0.9699390940822197
12/20/2023 20:48:42 - INFO - utils.common - 计算 recall ing...
12/20/2023 20:48:42 - INFO - utils.common - result = {'f1score': 0.9695507907020714, 'acc': 0.969625, 'precision': 0.9699390940822197, 'recall': 0.9692205842396356}
12/20/2023 20:48:42 - INFO - __main__ - Epoch:13, Train Accuracy:0.969625, f1:0.9695507907020714

Epoch: [13][0/63]	
12/20/2023 20:49:03 - INFO - utils.common - 计算 f1 score ing...
12/20/2023 20:49:03 - INFO - utils.common - F1score = 0.980366780670852
12/20/2023 20:49:03 - INFO - utils.common - 计算 accuracy ing...
12/20/2023 20:49:03 - INFO - utils.common - acc = 0.9804
12/20/2023 20:49:03 - INFO - utils.common - 计算 precision ing...
12/20/2023 20:49:03 - INFO - utils.common - precision = 0.9806306886715832
12/20/2023 20:49:03 - INFO - utils.common - 计算 recall ing...
12/20/2023 20:49:03 - INFO - utils.common - result = {'f1score': 0.980366780670852, 'acc': 0.9804, 'precision': 0.9806306886715832, 'recall': 0.9801199201958618}
12/20/2023 20:49:03 - INFO - __main__ - Epoch:13, Val Accuracy:0.9804, f1:0.980366780670852

12/20/2023 20:49:03 - INFO - __main__ - lr:2.8683631183645395e-05
12/20/2023 20:49:03 - INFO - __main__ - ==========Epoch:14==========
Save best weights
12/20/2023 20:49:28 - INFO - utils.common - 计算 f1 score ing...
12/20/2023 20:49:28 - INFO - utils.common - F1score = 0.9716401267186995
12/20/2023 20:49:28 - INFO - utils.common - 计算 accuracy ing...
12/20/2023 20:49:28 - INFO - utils.common - acc = 0.971875
12/20/2023 20:49:28 - INFO - utils.common - 计算 precision ing...
12/20/2023 20:49:28 - INFO - utils.common - precision = 0.9717505002706527
12/20/2023 20:49:28 - INFO - utils.common - 计算 recall ing...
12/20/2023 20:49:28 - INFO - utils.common - result = {'f1score': 0.9716401267186995, 'acc': 0.971875, 'precision': 0.9717505002706527, 'recall': 0.9715681907387351}
12/20/2023 20:49:28 - INFO - __main__ - Epoch:14, Train Accuracy:0.971875, f1:0.9716401267186995

Epoch: [14][0/63]	
12/20/2023 20:49:49 - INFO - utils.common - 计算 f1 score ing...
12/20/2023 20:49:49 - INFO - utils.common - F1score = 0.9808595834340316
12/20/2023 20:49:49 - INFO - utils.common - 计算 accuracy ing...
12/20/2023 20:49:49 - INFO - utils.common - acc = 0.98085
12/20/2023 20:49:49 - INFO - utils.common - 计算 precision ing...
12/20/2023 20:49:49 - INFO - utils.common - precision = 0.9812110227294153
12/20/2023 20:49:49 - INFO - utils.common - 计算 recall ing...
12/20/2023 20:49:49 - INFO - utils.common - result = {'f1score': 0.9808595834340316, 'acc': 0.98085, 'precision': 0.9812110227294153, 'recall': 0.9805396723832069}
12/20/2023 20:49:49 - INFO - __main__ - Epoch:14, Val Accuracy:0.98085, f1:0.9808595834340316

12/20/2023 20:49:49 - INFO - __main__ - lr:0.0003
12/20/2023 20:49:50 - INFO - __main__ - ==========Epoch:15==========
Save best weights
12/20/2023 20:50:19 - INFO - utils.common - 计算 f1 score ing...
12/20/2023 20:50:19 - INFO - utils.common - F1score = 0.9702283735110799
12/20/2023 20:50:19 - INFO - utils.common - 计算 accuracy ing...
12/20/2023 20:50:19 - INFO - utils.common - acc = 0.9705
12/20/2023 20:50:19 - INFO - utils.common - 计算 precision ing...
12/20/2023 20:50:19 - INFO - utils.common - precision = 0.970722390983023
12/20/2023 20:50:19 - INFO - utils.common - 计算 recall ing...
12/20/2023 20:50:19 - INFO - utils.common - result = {'f1score': 0.9702283735110799, 'acc': 0.9705, 'precision': 0.970722390983023, 'recall': 0.9697983997982481}
12/20/2023 20:50:19 - INFO - __main__ - Epoch:15, Train Accuracy:0.9705, f1:0.9702283735110799

Epoch: [15][0/63]	
12/20/2023 20:50:41 - INFO - utils.common - 计算 f1 score ing...
12/20/2023 20:50:41 - INFO - utils.common - F1score = 0.9809650211027283
12/20/2023 20:50:41 - INFO - utils.common - 计算 accuracy ing...
12/20/2023 20:50:41 - INFO - utils.common - acc = 0.981
12/20/2023 20:50:41 - INFO - utils.common - 计算 precision ing...
12/20/2023 20:50:41 - INFO - utils.common - precision = 0.9812926697623833
12/20/2023 20:50:41 - INFO - utils.common - 计算 recall ing...
12/20/2023 20:50:41 - INFO - utils.common - result = {'f1score': 0.9809650211027283, 'acc': 0.981, 'precision': 0.9812926697623833, 'recall': 0.9806549656107492}
12/20/2023 20:50:41 - INFO - __main__ - Epoch:15, Val Accuracy:0.981, f1:0.9809650211027283

12/20/2023 20:50:41 - INFO - __main__ - lr:0.00027135636881635457
12/20/2023 20:50:41 - INFO - __main__ - ==========Epoch:16==========
Save best weights
12/20/2023 20:51:11 - INFO - utils.common - 计算 f1 score ing...
12/20/2023 20:51:11 - INFO - utils.common - F1score = 0.9726008980074727
12/20/2023 20:51:11 - INFO - utils.common - 计算 accuracy ing...
12/20/2023 20:51:11 - INFO - utils.common - acc = 0.972625
12/20/2023 20:51:11 - INFO - utils.common - 计算 precision ing...
12/20/2023 20:51:11 - INFO - utils.common - precision = 0.9727687577337174
12/20/2023 20:51:11 - INFO - utils.common - 计算 recall ing...
12/20/2023 20:51:11 - INFO - utils.common - result = {'f1score': 0.9726008980074727, 'acc': 0.972625, 'precision': 0.9727687577337174, 'recall': 0.9724885138215184}
12/20/2023 20:51:11 - INFO - __main__ - Epoch:16, Train Accuracy:0.972625, f1:0.9726008980074727

Epoch: [16][0/63]	
12/20/2023 20:51:28 - INFO - utils.common - 计算 f1 score ing...
12/20/2023 20:51:28 - INFO - utils.common - F1score = 0.981792093013913
12/20/2023 20:51:28 - INFO - utils.common - 计算 accuracy ing...
12/20/2023 20:51:28 - INFO - utils.common - acc = 0.98185
12/20/2023 20:51:28 - INFO - utils.common - 计算 precision ing...
12/20/2023 20:51:28 - INFO - utils.common - precision = 0.9821061083902904
12/20/2023 20:51:28 - INFO - utils.common - 计算 recall ing...
12/20/2023 20:51:28 - INFO - utils.common - result = {'f1score': 0.981792093013913, 'acc': 0.98185, 'precision': 0.9821061083902904, 'recall': 0.981493526995577}
12/20/2023 20:51:28 - INFO - __main__ - Epoch:16, Val Accuracy:0.98185, f1:0.981792093013913

12/20/2023 20:51:28 - INFO - __main__ - lr:0.0001963663688163546
12/20/2023 20:51:28 - INFO - __main__ - ==========Epoch:17==========
Save best weights
12/20/2023 20:51:53 - INFO - utils.common - 计算 f1 score ing...
12/20/2023 20:51:53 - INFO - utils.common - F1score = 0.9700663292394027
12/20/2023 20:51:53 - INFO - utils.common - 计算 accuracy ing...
12/20/2023 20:51:54 - INFO - utils.common - acc = 0.970375
12/20/2023 20:51:54 - INFO - utils.common - 计算 precision ing...
12/20/2023 20:51:54 - INFO - utils.common - precision = 0.9703786788485238
12/20/2023 20:51:54 - INFO - utils.common - 计算 recall ing...
12/20/2023 20:51:54 - INFO - utils.common - result = {'f1score': 0.9700663292394027, 'acc': 0.970375, 'precision': 0.9703786788485238, 'recall': 0.9697842522014517}
12/20/2023 20:51:54 - INFO - __main__ - Epoch:17, Train Accuracy:0.970375, f1:0.9700663292394027

Epoch: [17][0/63]	
12/20/2023 20:52:15 - INFO - utils.common - 计算 f1 score ing...
12/20/2023 20:52:15 - INFO - utils.common - F1score = 0.9813497091381864
12/20/2023 20:52:15 - INFO - utils.common - 计算 accuracy ing...
12/20/2023 20:52:15 - INFO - utils.common - acc = 0.98145
12/20/2023 20:52:15 - INFO - utils.common - 计算 precision ing...
12/20/2023 20:52:15 - INFO - utils.common - precision = 0.9816074693819533
12/20/2023 20:52:15 - INFO - utils.common - 计算 recall ing...
12/20/2023 20:52:15 - INFO - utils.common - result = {'f1score': 0.9813497091381864, 'acc': 0.98145, 'precision': 0.9816074693819533, 'recall': 0.9811082896437515}
12/20/2023 20:52:15 - INFO - __main__ - Epoch:17, Val Accuracy:0.98145, f1:0.9813497091381864

12/20/2023 20:52:15 - INFO - __main__ - lr:0.0001036736311836454
12/20/2023 20:52:15 - INFO - __main__ - ==========Epoch:18==========
early_st 4
12/20/2023 20:52:44 - INFO - utils.common - 计算 f1 score ing...
12/20/2023 20:52:44 - INFO - utils.common - F1score = 0.9742375161931418
12/20/2023 20:52:44 - INFO - utils.common - 计算 accuracy ing...
12/20/2023 20:52:44 - INFO - utils.common - acc = 0.974375
12/20/2023 20:52:44 - INFO - utils.common - 计算 precision ing...
12/20/2023 20:52:44 - INFO - utils.common - precision = 0.9744735863187045
12/20/2023 20:52:44 - INFO - utils.common - 计算 recall ing...
12/20/2023 20:52:44 - INFO - utils.common - result = {'f1score': 0.9742375161931418, 'acc': 0.974375, 'precision': 0.9744735863187045, 'recall': 0.9740392040836342}
12/20/2023 20:52:44 - INFO - __main__ - Epoch:18, Train Accuracy:0.974375, f1:0.9742375161931418

Epoch: [18][0/63]	
12/20/2023 20:53:05 - INFO - utils.common - 计算 f1 score ing...
12/20/2023 20:53:05 - INFO - utils.common - F1score = 0.9812888569267694
12/20/2023 20:53:05 - INFO - utils.common - 计算 accuracy ing...
12/20/2023 20:53:05 - INFO - utils.common - acc = 0.9813
12/20/2023 20:53:05 - INFO - utils.common - 计算 precision ing...
12/20/2023 20:53:05 - INFO - utils.common - precision = 0.9816747980752668
12/20/2023 20:53:05 - INFO - utils.common - 计算 recall ing...
12/20/2023 20:53:05 - INFO - utils.common - result = {'f1score': 0.9812888569267694, 'acc': 0.9813, 'precision': 0.9816747980752668, 'recall': 0.9809241036245493}
12/20/2023 20:53:05 - INFO - __main__ - Epoch:18, Val Accuracy:0.9813, f1:0.9812888569267694

12/20/2023 20:53:05 - INFO - __main__ - lr:2.8683631183645395e-05
12/20/2023 20:53:05 - INFO - __main__ - ==========Epoch:19==========
early_st 3
12/20/2023 20:53:30 - INFO - utils.common - 计算 f1 score ing...
12/20/2023 20:53:30 - INFO - utils.common - F1score = 0.9721945835303352
12/20/2023 20:53:30 - INFO - utils.common - 计算 accuracy ing...
12/20/2023 20:53:30 - INFO - utils.common - acc = 0.972375
12/20/2023 20:53:30 - INFO - utils.common - 计算 precision ing...
12/20/2023 20:53:30 - INFO - utils.common - precision = 0.972428261303027
12/20/2023 20:53:30 - INFO - utils.common - 计算 recall ing...
12/20/2023 20:53:30 - INFO - utils.common - result = {'f1score': 0.9721945835303352, 'acc': 0.972375, 'precision': 0.972428261303027, 'recall': 0.9720418904280321}
12/20/2023 20:53:30 - INFO - __main__ - Epoch:19, Train Accuracy:0.972375, f1:0.9721945835303352

Epoch: [19][0/63]	
12/20/2023 20:53:46 - INFO - utils.common - 计算 f1 score ing...
12/20/2023 20:53:46 - INFO - utils.common - F1score = 0.982698335142497
12/20/2023 20:53:46 - INFO - utils.common - 计算 accuracy ing...
12/20/2023 20:53:46 - INFO - utils.common - acc = 0.98275
12/20/2023 20:53:46 - INFO - utils.common - 计算 precision ing...
12/20/2023 20:53:46 - INFO - utils.common - precision = 0.9827711687399897
12/20/2023 20:53:46 - INFO - utils.common - 计算 recall ing...
12/20/2023 20:53:47 - INFO - utils.common - result = {'f1score': 0.982698335142497, 'acc': 0.98275, 'precision': 0.9827711687399897, 'recall': 0.9826320604921978}
12/20/2023 20:53:47 - INFO - __main__ - Epoch:19, Val Accuracy:0.98275, f1:0.982698335142497

12/20/2023 20:53:47 - INFO - __main__ - lr:0.0003
12/20/2023 20:53:47 - INFO - __main__ - ==========Epoch:20==========
Save best weights
12/20/2023 20:54:16 - INFO - utils.common - 计算 f1 score ing...
12/20/2023 20:54:16 - INFO - utils.common - F1score = 0.9747934382574484
12/20/2023 20:54:16 - INFO - utils.common - 计算 accuracy ing...
12/20/2023 20:54:16 - INFO - utils.common - acc = 0.975
12/20/2023 20:54:16 - INFO - utils.common - 计算 precision ing...
12/20/2023 20:54:16 - INFO - utils.common - precision = 0.9747946797408118
12/20/2023 20:54:16 - INFO - utils.common - 计算 recall ing...
12/20/2023 20:54:16 - INFO - utils.common - result = {'f1score': 0.9747934382574484, 'acc': 0.975, 'precision': 0.9747946797408118, 'recall': 0.9748255124846197}
12/20/2023 20:54:16 - INFO - __main__ - Epoch:20, Train Accuracy:0.975, f1:0.9747934382574484

Epoch: [20][0/63]	
12/20/2023 20:54:37 - INFO - utils.common - 计算 f1 score ing...
12/20/2023 20:54:37 - INFO - utils.common - F1score = 0.982136075575844
12/20/2023 20:54:37 - INFO - utils.common - 计算 accuracy ing...
12/20/2023 20:54:37 - INFO - utils.common - acc = 0.9822
12/20/2023 20:54:37 - INFO - utils.common - 计算 precision ing...
12/20/2023 20:54:37 - INFO - utils.common - precision = 0.9823145174708032
12/20/2023 20:54:37 - INFO - utils.common - 计算 recall ing...
12/20/2023 20:54:37 - INFO - utils.common - result = {'f1score': 0.982136075575844, 'acc': 0.9822, 'precision': 0.9823145174708032, 'recall': 0.9819667842107668}
12/20/2023 20:54:37 - INFO - __main__ - Epoch:20, Val Accuracy:0.9822, f1:0.982136075575844

12/20/2023 20:54:37 - INFO - __main__ - lr:0.00027135636881635457
12/20/2023 20:54:37 - INFO - __main__ - ==========Epoch:21==========
early_st 4
12/20/2023 20:55:06 - INFO - utils.common - 计算 f1 score ing...
12/20/2023 20:55:06 - INFO - utils.common - F1score = 0.9734089150519295
12/20/2023 20:55:06 - INFO - utils.common - 计算 accuracy ing...
12/20/2023 20:55:06 - INFO - utils.common - acc = 0.973375
12/20/2023 20:55:06 - INFO - utils.common - 计算 precision ing...
12/20/2023 20:55:06 - INFO - utils.common - precision = 0.9738778067442571
12/20/2023 20:55:06 - INFO - utils.common - 计算 recall ing...
12/20/2023 20:55:06 - INFO - utils.common - result = {'f1score': 0.9734089150519295, 'acc': 0.973375, 'precision': 0.9738778067442571, 'recall': 0.9730114317282299}
12/20/2023 20:55:06 - INFO - __main__ - Epoch:21, Train Accuracy:0.973375, f1:0.9734089150519295

Epoch: [21][0/63]	
12/20/2023 20:55:27 - INFO - utils.common - 计算 f1 score ing...
12/20/2023 20:55:27 - INFO - utils.common - F1score = 0.9826407107248082
12/20/2023 20:55:27 - INFO - utils.common - 计算 accuracy ing...
12/20/2023 20:55:28 - INFO - utils.common - acc = 0.9827
12/20/2023 20:55:28 - INFO - utils.common - 计算 precision ing...
12/20/2023 20:55:28 - INFO - utils.common - precision = 0.9830720388162892
12/20/2023 20:55:28 - INFO - utils.common - 计算 recall ing...
12/20/2023 20:55:28 - INFO - utils.common - result = {'f1score': 0.9826407107248082, 'acc': 0.9827, 'precision': 0.9830720388162892, 'recall': 0.9822366541852738}
12/20/2023 20:55:28 - INFO - __main__ - Epoch:21, Val Accuracy:0.9827, f1:0.9826407107248082

12/20/2023 20:55:28 - INFO - __main__ - lr:0.0001963663688163546
12/20/2023 20:55:28 - INFO - __main__ - ==========Epoch:22==========
early_st 3
12/20/2023 20:55:53 - INFO - utils.common - 计算 f1 score ing...
12/20/2023 20:55:53 - INFO - utils.common - F1score = 0.9729826374819753
12/20/2023 20:55:53 - INFO - utils.common - 计算 accuracy ing...
12/20/2023 20:55:53 - INFO - utils.common - acc = 0.973125
12/20/2023 20:55:53 - INFO - utils.common - 计算 precision ing...
12/20/2023 20:55:53 - INFO - utils.common - precision = 0.9732083628281976
12/20/2023 20:55:53 - INFO - utils.common - 计算 recall ing...
12/20/2023 20:55:53 - INFO - utils.common - result = {'f1score': 0.9729826374819753, 'acc': 0.973125, 'precision': 0.9732083628281976, 'recall': 0.9728266852340968}
12/20/2023 20:55:53 - INFO - __main__ - Epoch:22, Train Accuracy:0.973125, f1:0.9729826374819753

Epoch: [22][0/63]	
12/20/2023 20:56:14 - INFO - utils.common - 计算 f1 score ing...
12/20/2023 20:56:14 - INFO - utils.common - F1score = 0.9828643200965469
12/20/2023 20:56:14 - INFO - utils.common - 计算 accuracy ing...
12/20/2023 20:56:14 - INFO - utils.common - acc = 0.98295
12/20/2023 20:56:14 - INFO - utils.common - 计算 precision ing...
12/20/2023 20:56:14 - INFO - utils.common - precision = 0.9829965696974968
12/20/2023 20:56:14 - INFO - utils.common - 计算 recall ing...
12/20/2023 20:56:14 - INFO - utils.common - result = {'f1score': 0.9828643200965469, 'acc': 0.98295, 'precision': 0.9829965696974968, 'recall': 0.9827420297612615}
12/20/2023 20:56:14 - INFO - __main__ - Epoch:22, Val Accuracy:0.98295, f1:0.9828643200965469

12/20/2023 20:56:14 - INFO - __main__ - lr:0.0001036736311836454
12/20/2023 20:56:14 - INFO - __main__ - ==========Epoch:23==========
Save best weights
12/20/2023 20:56:43 - INFO - utils.common - 计算 f1 score ing...
12/20/2023 20:56:43 - INFO - utils.common - F1score = 0.9747113890427812
12/20/2023 20:56:43 - INFO - utils.common - 计算 accuracy ing...
12/20/2023 20:56:43 - INFO - utils.common - acc = 0.975
12/20/2023 20:56:43 - INFO - utils.common - 计算 precision ing...
12/20/2023 20:56:43 - INFO - utils.common - precision = 0.974751637348072
12/20/2023 20:56:43 - INFO - utils.common - 计算 recall ing...
12/20/2023 20:56:43 - INFO - utils.common - result = {'f1score': 0.9747113890427812, 'acc': 0.975, 'precision': 0.974751637348072, 'recall': 0.9747014102439392}
12/20/2023 20:56:43 - INFO - __main__ - Epoch:23, Train Accuracy:0.975, f1:0.9747113890427812

Epoch: [23][0/63]	
12/20/2023 20:57:04 - INFO - utils.common - 计算 f1 score ing...
12/20/2023 20:57:04 - INFO - utils.common - F1score = 0.9835815295075313
12/20/2023 20:57:04 - INFO - utils.common - 计算 accuracy ing...
12/20/2023 20:57:04 - INFO - utils.common - acc = 0.98365
12/20/2023 20:57:04 - INFO - utils.common - 计算 precision ing...
12/20/2023 20:57:04 - INFO - utils.common - precision = 0.9837663063686966
12/20/2023 20:57:04 - INFO - utils.common - 计算 recall ing...
12/20/2023 20:57:04 - INFO - utils.common - result = {'f1score': 0.9835815295075313, 'acc': 0.98365, 'precision': 0.9837663063686966, 'recall': 0.9834088621345036}
12/20/2023 20:57:04 - INFO - __main__ - Epoch:23, Val Accuracy:0.98365, f1:0.9835815295075313

12/20/2023 20:57:04 - INFO - __main__ - lr:2.8683631183645395e-05
12/20/2023 20:57:04 - INFO - __main__ - ==========Epoch:24==========
Save best weights
12/20/2023 20:57:34 - INFO - utils.common - 计算 f1 score ing...
12/20/2023 20:57:34 - INFO - utils.common - F1score = 0.9758973238831287
12/20/2023 20:57:34 - INFO - utils.common - 计算 accuracy ing...
12/20/2023 20:57:34 - INFO - utils.common - acc = 0.975875
12/20/2023 20:57:34 - INFO - utils.common - 计算 precision ing...
12/20/2023 20:57:34 - INFO - utils.common - precision = 0.976175033188276
12/20/2023 20:57:34 - INFO - utils.common - 计算 recall ing...
12/20/2023 20:57:34 - INFO - utils.common - result = {'f1score': 0.9758973238831287, 'acc': 0.975875, 'precision': 0.976175033188276, 'recall': 0.9756533694336841}
12/20/2023 20:57:34 - INFO - __main__ - Epoch:24, Train Accuracy:0.975875, f1:0.9758973238831287

Epoch: [24][0/63]	
12/20/2023 20:57:52 - INFO - utils.common - 计算 f1 score ing...
12/20/2023 20:57:52 - INFO - utils.common - F1score = 0.983443557904421
12/20/2023 20:57:52 - INFO - utils.common - 计算 accuracy ing...
12/20/2023 20:57:52 - INFO - utils.common - acc = 0.9835
12/20/2023 20:57:52 - INFO - utils.common - 计算 precision ing...
12/20/2023 20:57:52 - INFO - utils.common - precision = 0.9835143610893127
12/20/2023 20:57:52 - INFO - utils.common - 计算 recall ing...
12/20/2023 20:57:52 - INFO - utils.common - result = {'f1score': 0.983443557904421, 'acc': 0.9835, 'precision': 0.9835143610893127, 'recall': 0.9833784574518805}
12/20/2023 20:57:52 - INFO - __main__ - Epoch:24, Val Accuracy:0.9835, f1:0.983443557904421

12/20/2023 20:57:52 - INFO - __main__ - lr:0.0003
12/20/2023 20:57:52 - INFO - __main__ - ==========Epoch:25==========
early_st 4
12/20/2023 20:58:17 - INFO - utils.common - 计算 f1 score ing...
12/20/2023 20:58:17 - INFO - utils.common - F1score = 0.9721920644407773
12/20/2023 20:58:17 - INFO - utils.common - 计算 accuracy ing...
12/20/2023 20:58:17 - INFO - utils.common - acc = 0.97225
12/20/2023 20:58:17 - INFO - utils.common - 计算 precision ing...
12/20/2023 20:58:17 - INFO - utils.common - precision = 0.9724923257242077
12/20/2023 20:58:17 - INFO - utils.common - 计算 recall ing...
12/20/2023 20:58:17 - INFO - utils.common - result = {'f1score': 0.9721920644407773, 'acc': 0.97225, 'precision': 0.9724923257242077, 'recall': 0.9719237526566086}
12/20/2023 20:58:17 - INFO - __main__ - Epoch:25, Train Accuracy:0.97225, f1:0.9721920644407773

Epoch: [25][0/63]	
12/20/2023 20:58:37 - INFO - utils.common - 计算 f1 score ing...
12/20/2023 20:58:37 - INFO - utils.common - F1score = 0.9832274457328012
12/20/2023 20:58:37 - INFO - utils.common - 计算 accuracy ing...
12/20/2023 20:58:37 - INFO - utils.common - acc = 0.9833
12/20/2023 20:58:37 - INFO - utils.common - 计算 precision ing...
12/20/2023 20:58:38 - INFO - utils.common - precision = 0.9833807684220032
12/20/2023 20:58:38 - INFO - utils.common - 计算 recall ing...
12/20/2023 20:58:38 - INFO - utils.common - result = {'f1score': 0.9832274457328012, 'acc': 0.9833, 'precision': 0.9833807684220032, 'recall': 0.9830835021740677}
12/20/2023 20:58:38 - INFO - __main__ - Epoch:25, Val Accuracy:0.9833, f1:0.9832274457328012

12/20/2023 20:58:38 - INFO - __main__ - lr:0.00027135636881635457
12/20/2023 20:58:38 - INFO - __main__ - ==========Epoch:26==========
early_st 3
12/20/2023 20:59:07 - INFO - utils.common - 计算 f1 score ing...
12/20/2023 20:59:07 - INFO - utils.common - F1score = 0.9756147179055845
12/20/2023 20:59:07 - INFO - utils.common - 计算 accuracy ing...
12/20/2023 20:59:07 - INFO - utils.common - acc = 0.975625
12/20/2023 20:59:07 - INFO - utils.common - 计算 precision ing...
12/20/2023 20:59:07 - INFO - utils.common - precision = 0.975721402651073
12/20/2023 20:59:07 - INFO - utils.common - 计算 recall ing...
12/20/2023 20:59:07 - INFO - utils.common - result = {'f1score': 0.9756147179055845, 'acc': 0.975625, 'precision': 0.975721402651073, 'recall': 0.975528392017853}
12/20/2023 20:59:07 - INFO - __main__ - Epoch:26, Train Accuracy:0.975625, f1:0.9756147179055845

Epoch: [26][0/63]	
12/20/2023 20:59:28 - INFO - utils.common - 计算 f1 score ing...
12/20/2023 20:59:28 - INFO - utils.common - F1score = 0.9833910891812171
12/20/2023 20:59:28 - INFO - utils.common - 计算 accuracy ing...
12/20/2023 20:59:28 - INFO - utils.common - acc = 0.98345
12/20/2023 20:59:28 - INFO - utils.common - 计算 precision ing...
12/20/2023 20:59:28 - INFO - utils.common - precision = 0.9836534876074468
12/20/2023 20:59:28 - INFO - utils.common - 计算 recall ing...
12/20/2023 20:59:28 - INFO - utils.common - result = {'f1score': 0.9833910891812171, 'acc': 0.98345, 'precision': 0.9836534876074468, 'recall': 0.9831450634521774}
12/20/2023 20:59:28 - INFO - __main__ - Epoch:26, Val Accuracy:0.98345, f1:0.9833910891812171

12/20/2023 20:59:28 - INFO - __main__ - lr:0.0001963663688163546
12/20/2023 20:59:28 - INFO - __main__ - ==========Epoch:27==========
early_st 2
12/20/2023 20:59:54 - INFO - utils.common - 计算 f1 score ing...
12/20/2023 20:59:54 - INFO - utils.common - F1score = 0.9742072806171213
12/20/2023 20:59:54 - INFO - utils.common - 计算 accuracy ing...
12/20/2023 20:59:54 - INFO - utils.common - acc = 0.97425
12/20/2023 20:59:54 - INFO - utils.common - 计算 precision ing...
12/20/2023 20:59:54 - INFO - utils.common - precision = 0.9746756956898257
12/20/2023 20:59:54 - INFO - utils.common - 计算 recall ing...
12/20/2023 20:59:54 - INFO - utils.common - result = {'f1score': 0.9742072806171213, 'acc': 0.97425, 'precision': 0.9746756956898257, 'recall': 0.9738088856427274}
12/20/2023 20:59:54 - INFO - __main__ - Epoch:27, Train Accuracy:0.97425, f1:0.9742072806171213

Epoch: [27][0/63]	
12/20/2023 21:00:13 - INFO - utils.common - 计算 f1 score ing...
12/20/2023 21:00:13 - INFO - utils.common - F1score = 0.9840135803588681
12/20/2023 21:00:13 - INFO - utils.common - 计算 accuracy ing...
12/20/2023 21:00:13 - INFO - utils.common - acc = 0.9841
12/20/2023 21:00:13 - INFO - utils.common - 计算 precision ing...
12/20/2023 21:00:13 - INFO - utils.common - precision = 0.984299193287361
12/20/2023 21:00:13 - INFO - utils.common - 计算 recall ing...
12/20/2023 21:00:13 - INFO - utils.common - result = {'f1score': 0.9840135803588681, 'acc': 0.9841, 'precision': 0.984299193287361, 'recall': 0.9837452297998959}
12/20/2023 21:00:13 - INFO - __main__ - Epoch:27, Val Accuracy:0.9841, f1:0.9840135803588681

12/20/2023 21:00:13 - INFO - __main__ - lr:0.0001036736311836454
12/20/2023 21:00:13 - INFO - __main__ - ==========Epoch:28==========
Save best weights
12/20/2023 21:00:29 - INFO - utils.common - 计算 f1 score ing...
12/20/2023 21:00:29 - INFO - utils.common - F1score = 0.976451880083312
12/20/2023 21:00:29 - INFO - utils.common - 计算 accuracy ing...
12/20/2023 21:00:29 - INFO - utils.common - acc = 0.9765
12/20/2023 21:00:29 - INFO - utils.common - 计算 precision ing...
12/20/2023 21:00:29 - INFO - utils.common - precision = 0.9766565667390287
12/20/2023 21:00:29 - INFO - utils.common - 计算 recall ing...
12/20/2023 21:00:29 - INFO - utils.common - result = {'f1score': 0.976451880083312, 'acc': 0.9765, 'precision': 0.9766565667390287, 'recall': 0.976270490927059}
12/20/2023 21:00:29 - INFO - __main__ - Epoch:28, Train Accuracy:0.9765, f1:0.976451880083312

Epoch: [28][0/63]	
12/20/2023 21:00:41 - INFO - utils.common - 计算 f1 score ing...
12/20/2023 21:00:41 - INFO - utils.common - F1score = 0.9842072298865805
12/20/2023 21:00:41 - INFO - utils.common - 计算 accuracy ing...
12/20/2023 21:00:41 - INFO - utils.common - acc = 0.9843
12/20/2023 21:00:41 - INFO - utils.common - 计算 precision ing...
12/20/2023 21:00:41 - INFO - utils.common - precision = 0.9844103358262338
12/20/2023 21:00:41 - INFO - utils.common - 计算 recall ing...
12/20/2023 21:00:41 - INFO - utils.common - result = {'f1score': 0.9842072298865805, 'acc': 0.9843, 'precision': 0.9844103358262338, 'recall': 0.9840104286701128}
12/20/2023 21:00:41 - INFO - __main__ - Epoch:28, Val Accuracy:0.9843, f1:0.9842072298865805

12/20/2023 21:00:41 - INFO - __main__ - lr:2.8683631183645395e-05
12/20/2023 21:00:41 - INFO - __main__ - ==========Epoch:29==========
Save best weights
12/20/2023 21:00:58 - INFO - utils.common - 计算 f1 score ing...
12/20/2023 21:00:58 - INFO - utils.common - F1score = 0.9752313968183368
12/20/2023 21:00:58 - INFO - utils.common - 计算 accuracy ing...
12/20/2023 21:00:58 - INFO - utils.common - acc = 0.975375
12/20/2023 21:00:58 - INFO - utils.common - 计算 precision ing...
12/20/2023 21:00:58 - INFO - utils.common - precision = 0.9754052993473229
12/20/2023 21:00:58 - INFO - utils.common - 计算 recall ing...
12/20/2023 21:00:58 - INFO - utils.common - result = {'f1score': 0.9752313968183368, 'acc': 0.975375, 'precision': 0.9754052993473229, 'recall': 0.975091822472191}
12/20/2023 21:00:58 - INFO - __main__ - Epoch:29, Train Accuracy:0.975375, f1:0.9752313968183368

Epoch: [29][0/63]	
12/20/2023 21:01:10 - INFO - utils.common - 计算 f1 score ing...
12/20/2023 21:01:10 - INFO - utils.common - F1score = 0.9843401345119016
12/20/2023 21:01:10 - INFO - utils.common - 计算 accuracy ing...
12/20/2023 21:01:10 - INFO - utils.common - acc = 0.98445
12/20/2023 21:01:10 - INFO - utils.common - 计算 precision ing...
12/20/2023 21:01:10 - INFO - utils.common - precision = 0.9846179453791559
12/20/2023 21:01:10 - INFO - utils.common - 计算 recall ing...
12/20/2023 21:01:10 - INFO - utils.common - result = {'f1score': 0.9843401345119016, 'acc': 0.98445, 'precision': 0.9846179453791559, 'recall': 0.9840849164687844}
12/20/2023 21:01:10 - INFO - __main__ - Epoch:29, Val Accuracy:0.98445, f1:0.9843401345119016

12/20/2023 21:01:10 - INFO - __main__ - lr:0.0003
12/20/2023 21:01:10 - INFO - __main__ - ==========Epoch:30==========
Save best weights
12/20/2023 21:01:27 - INFO - utils.common - 计算 f1 score ing...
12/20/2023 21:01:27 - INFO - utils.common - F1score = 0.9761042590288677
12/20/2023 21:01:27 - INFO - utils.common - 计算 accuracy ing...
12/20/2023 21:01:27 - INFO - utils.common - acc = 0.97625
12/20/2023 21:01:27 - INFO - utils.common - 计算 precision ing...
12/20/2023 21:01:27 - INFO - utils.common - precision = 0.9764041906241057
12/20/2023 21:01:27 - INFO - utils.common - 计算 recall ing...
12/20/2023 21:01:27 - INFO - utils.common - result = {'f1score': 0.9761042590288677, 'acc': 0.97625, 'precision': 0.9764041906241057, 'recall': 0.9758330500396725}
12/20/2023 21:01:27 - INFO - __main__ - Epoch:30, Train Accuracy:0.97625, f1:0.9761042590288677

Epoch: [30][0/63]	
12/20/2023 21:01:39 - INFO - utils.common - 计算 f1 score ing...
12/20/2023 21:01:39 - INFO - utils.common - F1score = 0.9846112529819734
12/20/2023 21:01:39 - INFO - utils.common - 计算 accuracy ing...
12/20/2023 21:01:39 - INFO - utils.common - acc = 0.98465
12/20/2023 21:01:39 - INFO - utils.common - 计算 precision ing...
12/20/2023 21:01:39 - INFO - utils.common - precision = 0.9845285399056181
12/20/2023 21:01:39 - INFO - utils.common - 计算 recall ing...
12/20/2023 21:01:39 - INFO - utils.common - result = {'f1score': 0.9846112529819734, 'acc': 0.98465, 'precision': 0.9845285399056181, 'recall': 0.9846989579473839}
12/20/2023 21:01:39 - INFO - __main__ - Epoch:30, Val Accuracy:0.98465, f1:0.9846112529819734

12/20/2023 21:01:39 - INFO - __main__ - lr:0.00027135636881635457
12/20/2023 21:01:39 - INFO - __main__ - ==========Epoch:31==========
Save best weights
12/20/2023 21:01:56 - INFO - utils.common - 计算 f1 score ing...
12/20/2023 21:01:56 - INFO - utils.common - F1score = 0.9773908888088564
12/20/2023 21:01:56 - INFO - utils.common - 计算 accuracy ing...
12/20/2023 21:01:56 - INFO - utils.common - acc = 0.977625
12/20/2023 21:01:56 - INFO - utils.common - 计算 precision ing...
12/20/2023 21:01:56 - INFO - utils.common - precision = 0.9774857209190735
12/20/2023 21:01:56 - INFO - utils.common - 计算 recall ing...
12/20/2023 21:01:56 - INFO - utils.common - result = {'f1score': 0.9773908888088564, 'acc': 0.977625, 'precision': 0.9774857209190735, 'recall': 0.9773344689672963}
12/20/2023 21:01:56 - INFO - __main__ - Epoch:31, Train Accuracy:0.977625, f1:0.9773908888088564

Epoch: [31][0/63]	
12/20/2023 21:02:07 - INFO - utils.common - 计算 f1 score ing...
12/20/2023 21:02:07 - INFO - utils.common - F1score = 0.9842180709460666
12/20/2023 21:02:07 - INFO - utils.common - 计算 accuracy ing...
12/20/2023 21:02:07 - INFO - utils.common - acc = 0.9843
12/20/2023 21:02:07 - INFO - utils.common - 计算 precision ing...
12/20/2023 21:02:07 - INFO - utils.common - precision = 0.9845485175183472
12/20/2023 21:02:07 - INFO - utils.common - 计算 recall ing...
12/20/2023 21:02:07 - INFO - utils.common - result = {'f1score': 0.9842180709460666, 'acc': 0.9843, 'precision': 0.9845485175183472, 'recall': 0.98391237717573}
12/20/2023 21:02:07 - INFO - __main__ - Epoch:31, Val Accuracy:0.9843, f1:0.9842180709460666

12/20/2023 21:02:07 - INFO - __main__ - lr:0.0001963663688163546
12/20/2023 21:02:07 - INFO - __main__ - ==========Epoch:32==========
early_st 4
12/20/2023 21:02:24 - INFO - utils.common - 计算 f1 score ing...
12/20/2023 21:02:24 - INFO - utils.common - F1score = 0.9786086961033883
12/20/2023 21:02:24 - INFO - utils.common - 计算 accuracy ing...
12/20/2023 21:02:24 - INFO - utils.common - acc = 0.978625
12/20/2023 21:02:24 - INFO - utils.common - 计算 precision ing...
12/20/2023 21:02:24 - INFO - utils.common - precision = 0.9789314380466334
12/20/2023 21:02:24 - INFO - utils.common - 计算 recall ing...
12/20/2023 21:02:24 - INFO - utils.common - result = {'f1score': 0.9786086961033883, 'acc': 0.978625, 'precision': 0.9789314380466334, 'recall': 0.9783265928856802}
12/20/2023 21:02:24 - INFO - __main__ - Epoch:32, Train Accuracy:0.978625, f1:0.9786086961033883

Epoch: [32][0/63]	
12/20/2023 21:02:35 - INFO - utils.common - 计算 f1 score ing...
12/20/2023 21:02:35 - INFO - utils.common - F1score = 0.9846491603412074
12/20/2023 21:02:35 - INFO - utils.common - 计算 accuracy ing...
12/20/2023 21:02:35 - INFO - utils.common - acc = 0.9847
12/20/2023 21:02:35 - INFO - utils.common - 计算 precision ing...
12/20/2023 21:02:35 - INFO - utils.common - precision = 0.9848899499026389
12/20/2023 21:02:35 - INFO - utils.common - 计算 recall ing...
12/20/2023 21:02:35 - INFO - utils.common - result = {'f1score': 0.9846491603412074, 'acc': 0.9847, 'precision': 0.9848899499026389, 'recall': 0.9844189253229209}
12/20/2023 21:02:35 - INFO - __main__ - Epoch:32, Val Accuracy:0.9847, f1:0.9846491603412074

12/20/2023 21:02:35 - INFO - __main__ - lr:0.0001036736311836454
12/20/2023 21:02:35 - INFO - __main__ - ==========Epoch:33==========
Save best weights
12/20/2023 21:02:52 - INFO - utils.common - 计算 f1 score ing...
12/20/2023 21:02:52 - INFO - utils.common - F1score = 0.9768481774798664
12/20/2023 21:02:52 - INFO - utils.common - 计算 accuracy ing...
12/20/2023 21:02:52 - INFO - utils.common - acc = 0.976875
12/20/2023 21:02:52 - INFO - utils.common - 计算 precision ing...
12/20/2023 21:02:52 - INFO - utils.common - precision = 0.9768916442191363
12/20/2023 21:02:52 - INFO - utils.common - 计算 recall ing...
12/20/2023 21:02:52 - INFO - utils.common - result = {'f1score': 0.9768481774798664, 'acc': 0.976875, 'precision': 0.9768916442191363, 'recall': 0.9768414446825463}
12/20/2023 21:02:52 - INFO - __main__ - Epoch:33, Train Accuracy:0.976875, f1:0.9768481774798664

Epoch: [33][0/63]	
12/20/2023 21:03:03 - INFO - utils.common - 计算 f1 score ing...
12/20/2023 21:03:03 - INFO - utils.common - F1score = 0.9848041697975495
12/20/2023 21:03:03 - INFO - utils.common - 计算 accuracy ing...
12/20/2023 21:03:04 - INFO - utils.common - acc = 0.9848
12/20/2023 21:03:04 - INFO - utils.common - 计算 precision ing...
12/20/2023 21:03:04 - INFO - utils.common - precision = 0.9848327923569767
12/20/2023 21:03:04 - INFO - utils.common - 计算 recall ing...
12/20/2023 21:03:04 - INFO - utils.common - result = {'f1score': 0.9848041697975495, 'acc': 0.9848, 'precision': 0.9848327923569767, 'recall': 0.9847795157777419}
12/20/2023 21:03:04 - INFO - __main__ - Epoch:33, Val Accuracy:0.9848, f1:0.9848041697975495

12/20/2023 21:03:04 - INFO - __main__ - lr:2.8683631183645395e-05
12/20/2023 21:03:04 - INFO - __main__ - ==========Epoch:34==========
Save best weights
12/20/2023 21:03:20 - INFO - utils.common - 计算 f1 score ing...
12/20/2023 21:03:20 - INFO - utils.common - F1score = 0.975545858697213
12/20/2023 21:03:20 - INFO - utils.common - 计算 accuracy ing...
12/20/2023 21:03:20 - INFO - utils.common - acc = 0.975625
12/20/2023 21:03:20 - INFO - utils.common - 计算 precision ing...
12/20/2023 21:03:20 - INFO - utils.common - precision = 0.9755788456206866
12/20/2023 21:03:20 - INFO - utils.common - 计算 recall ing...
12/20/2023 21:03:20 - INFO - utils.common - result = {'f1score': 0.975545858697213, 'acc': 0.975625, 'precision': 0.9755788456206866, 'recall': 0.9755297870875164}
12/20/2023 21:03:20 - INFO - __main__ - Epoch:34, Train Accuracy:0.975625, f1:0.975545858697213

Epoch: [34][0/63]	
12/20/2023 21:03:32 - INFO - utils.common - 计算 f1 score ing...
12/20/2023 21:03:32 - INFO - utils.common - F1score = 0.9850768062104586
12/20/2023 21:03:32 - INFO - utils.common - 计算 accuracy ing...
12/20/2023 21:03:32 - INFO - utils.common - acc = 0.98515
12/20/2023 21:03:32 - INFO - utils.common - 计算 precision ing...
12/20/2023 21:03:32 - INFO - utils.common - precision = 0.9851091133513982
12/20/2023 21:03:32 - INFO - utils.common - 计算 recall ing...
12/20/2023 21:03:32 - INFO - utils.common - result = {'f1score': 0.9850768062104586, 'acc': 0.98515, 'precision': 0.9851091133513982, 'recall': 0.9850490127352987}
12/20/2023 21:03:32 - INFO - __main__ - Epoch:34, Val Accuracy:0.98515, f1:0.9850768062104586

12/20/2023 21:03:32 - INFO - __main__ - lr:0.0003
12/20/2023 21:03:32 - INFO - __main__ - ==========Epoch:35==========
Save best weights
12/20/2023 21:03:49 - INFO - utils.common - 计算 f1 score ing...
12/20/2023 21:03:49 - INFO - utils.common - F1score = 0.9745176132650296
12/20/2023 21:03:49 - INFO - utils.common - 计算 accuracy ing...
12/20/2023 21:03:49 - INFO - utils.common - acc = 0.97475
12/20/2023 21:03:49 - INFO - utils.common - 计算 precision ing...
12/20/2023 21:03:49 - INFO - utils.common - precision = 0.9745239647350675
12/20/2023 21:03:49 - INFO - utils.common - 计算 recall ing...
12/20/2023 21:03:49 - INFO - utils.common - result = {'f1score': 0.9745176132650296, 'acc': 0.97475, 'precision': 0.9745239647350675, 'recall': 0.9745342017927519}
12/20/2023 21:03:49 - INFO - __main__ - Epoch:35, Train Accuracy:0.97475, f1:0.9745176132650296

Epoch: [35][0/63]	
12/20/2023 21:04:01 - INFO - utils.common - 计算 f1 score ing...
12/20/2023 21:04:01 - INFO - utils.common - F1score = 0.9850762549373151
12/20/2023 21:04:01 - INFO - utils.common - 计算 accuracy ing...
12/20/2023 21:04:01 - INFO - utils.common - acc = 0.9852
12/20/2023 21:04:01 - INFO - utils.common - 计算 precision ing...
12/20/2023 21:04:01 - INFO - utils.common - precision = 0.9852928539446187
12/20/2023 21:04:01 - INFO - utils.common - 计算 recall ing...
12/20/2023 21:04:01 - INFO - utils.common - result = {'f1score': 0.9850762549373151, 'acc': 0.9852, 'precision': 0.9852928539446187, 'recall': 0.9848779330219948}
12/20/2023 21:04:01 - INFO - __main__ - Epoch:35, Val Accuracy:0.9852, f1:0.9850762549373151

12/20/2023 21:04:01 - INFO - __main__ - lr:0.00027135636881635457
12/20/2023 21:04:01 - INFO - __main__ - ==========Epoch:36==========
Save best weights
12/20/2023 21:04:17 - INFO - utils.common - 计算 f1 score ing...
12/20/2023 21:04:17 - INFO - utils.common - F1score = 0.9770888459026084
12/20/2023 21:04:17 - INFO - utils.common - 计算 accuracy ing...
12/20/2023 21:04:17 - INFO - utils.common - acc = 0.97725
12/20/2023 21:04:17 - INFO - utils.common - 计算 precision ing...
12/20/2023 21:04:17 - INFO - utils.common - precision = 0.977574438600883
12/20/2023 21:04:17 - INFO - utils.common - 计算 recall ing...
12/20/2023 21:04:17 - INFO - utils.common - result = {'f1score': 0.9770888459026084, 'acc': 0.97725, 'precision': 0.977574438600883, 'recall': 0.9766778528938647}
12/20/2023 21:04:17 - INFO - __main__ - Epoch:36, Train Accuracy:0.97725, f1:0.9770888459026084

Epoch: [36][0/63]	
12/20/2023 21:04:29 - INFO - utils.common - 计算 f1 score ing...
12/20/2023 21:04:29 - INFO - utils.common - F1score = 0.9859919305416598
12/20/2023 21:04:29 - INFO - utils.common - 计算 accuracy ing...
12/20/2023 21:04:29 - INFO - utils.common - acc = 0.98605
12/20/2023 21:04:29 - INFO - utils.common - 计算 precision ing...
12/20/2023 21:04:29 - INFO - utils.common - precision = 0.9861152882369192
12/20/2023 21:04:29 - INFO - utils.common - 计算 recall ing...
12/20/2023 21:04:29 - INFO - utils.common - result = {'f1score': 0.9859919305416598, 'acc': 0.98605, 'precision': 0.9861152882369192, 'recall': 0.98588046930104}
12/20/2023 21:04:29 - INFO - __main__ - Epoch:36, Val Accuracy:0.98605, f1:0.9859919305416598

12/20/2023 21:04:29 - INFO - __main__ - lr:0.0001963663688163546
12/20/2023 21:04:29 - INFO - __main__ - ==========Epoch:37==========
Save best weights
12/20/2023 21:04:46 - INFO - utils.common - 计算 f1 score ing...
12/20/2023 21:04:46 - INFO - utils.common - F1score = 0.9774405482039393
12/20/2023 21:04:46 - INFO - utils.common - 计算 accuracy ing...
12/20/2023 21:04:46 - INFO - utils.common - acc = 0.977375
12/20/2023 21:04:46 - INFO - utils.common - 计算 precision ing...
12/20/2023 21:04:46 - INFO - utils.common - precision = 0.9772979556312362
12/20/2023 21:04:46 - INFO - utils.common - 计算 recall ing...
12/20/2023 21:04:46 - INFO - utils.common - result = {'f1score': 0.9774405482039393, 'acc': 0.977375, 'precision': 0.9772979556312362, 'recall': 0.977603298669183}
12/20/2023 21:04:46 - INFO - __main__ - Epoch:37, Train Accuracy:0.977375, f1:0.9774405482039393

Epoch: [37][0/63]	
12/20/2023 21:04:57 - INFO - utils.common - 计算 f1 score ing...
12/20/2023 21:04:57 - INFO - utils.common - F1score = 0.9859115046779006
12/20/2023 21:04:57 - INFO - utils.common - 计算 accuracy ing...
12/20/2023 21:04:57 - INFO - utils.common - acc = 0.98595
12/20/2023 21:04:57 - INFO - utils.common - 计算 precision ing...
12/20/2023 21:04:57 - INFO - utils.common - precision = 0.9859008200726735
12/20/2023 21:04:57 - INFO - utils.common - 计算 recall ing...
12/20/2023 21:04:57 - INFO - utils.common - result = {'f1score': 0.9859115046779006, 'acc': 0.98595, 'precision': 0.9859008200726735, 'recall': 0.9859258909646351}
12/20/2023 21:04:57 - INFO - __main__ - Epoch:37, Val Accuracy:0.98595, f1:0.9859115046779006

12/20/2023 21:04:57 - INFO - __main__ - lr:0.0001036736311836454
12/20/2023 21:04:57 - INFO - __main__ - ==========Epoch:38==========
early_st 4
12/20/2023 21:05:14 - INFO - utils.common - 计算 f1 score ing...
12/20/2023 21:05:14 - INFO - utils.common - F1score = 0.9758563724011464
12/20/2023 21:05:14 - INFO - utils.common - 计算 accuracy ing...
12/20/2023 21:05:14 - INFO - utils.common - acc = 0.976125
12/20/2023 21:05:14 - INFO - utils.common - 计算 precision ing...
12/20/2023 21:05:14 - INFO - utils.common - precision = 0.9763427517871768
12/20/2023 21:05:14 - INFO - utils.common - 计算 recall ing...
12/20/2023 21:05:14 - INFO - utils.common - result = {'f1score': 0.9758563724011464, 'acc': 0.976125, 'precision': 0.9763427517871768, 'recall': 0.9754162508382608}
12/20/2023 21:05:14 - INFO - __main__ - Epoch:38, Train Accuracy:0.976125, f1:0.9758563724011464

Epoch: [38][0/63]	
12/20/2023 21:05:26 - INFO - utils.common - 计算 f1 score ing...
12/20/2023 21:05:26 - INFO - utils.common - F1score = 0.9857284736635188
12/20/2023 21:05:26 - INFO - utils.common - 计算 accuracy ing...
12/20/2023 21:05:26 - INFO - utils.common - acc = 0.9858
12/20/2023 21:05:26 - INFO - utils.common - 计算 precision ing...
12/20/2023 21:05:26 - INFO - utils.common - precision = 0.9858422829296178
12/20/2023 21:05:26 - INFO - utils.common - 计算 recall ing...
12/20/2023 21:05:26 - INFO - utils.common - result = {'f1score': 0.9857284736635188, 'acc': 0.9858, 'precision': 0.9858422829296178, 'recall': 0.9856199186986816}
12/20/2023 21:05:26 - INFO - __main__ - Epoch:38, Val Accuracy:0.9858, f1:0.9857284736635188

12/20/2023 21:05:26 - INFO - __main__ - lr:2.8683631183645395e-05
12/20/2023 21:05:26 - INFO - __main__ - ==========Epoch:39==========
early_st 3
12/20/2023 21:05:42 - INFO - utils.common - 计算 f1 score ing...
12/20/2023 21:05:42 - INFO - utils.common - F1score = 0.978522540989667
12/20/2023 21:05:42 - INFO - utils.common - 计算 accuracy ing...
12/20/2023 21:05:42 - INFO - utils.common - acc = 0.9785
12/20/2023 21:05:42 - INFO - utils.common - 计算 precision ing...
12/20/2023 21:05:42 - INFO - utils.common - precision = 0.9786932577498076
12/20/2023 21:05:42 - INFO - utils.common - 计算 recall ing...
12/20/2023 21:05:42 - INFO - utils.common - result = {'f1score': 0.978522540989667, 'acc': 0.9785, 'precision': 0.9786932577498076, 'recall': 0.978382344090012}
12/20/2023 21:05:42 - INFO - __main__ - Epoch:39, Train Accuracy:0.9785, f1:0.978522540989667

Epoch: [39][0/63]	
12/20/2023 21:05:54 - INFO - utils.common - 计算 f1 score ing...
12/20/2023 21:05:54 - INFO - utils.common - F1score = 0.9856245437978988
12/20/2023 21:05:54 - INFO - utils.common - 计算 accuracy ing...
12/20/2023 21:05:54 - INFO - utils.common - acc = 0.98565
12/20/2023 21:05:54 - INFO - utils.common - 计算 precision ing...
12/20/2023 21:05:54 - INFO - utils.common - precision = 0.9856469776457399
12/20/2023 21:05:54 - INFO - utils.common - 计算 recall ing...
12/20/2023 21:05:54 - INFO - utils.common - result = {'f1score': 0.9856245437978988, 'acc': 0.98565, 'precision': 0.9856469776457399, 'recall': 0.9856068703420868}
12/20/2023 21:05:54 - INFO - __main__ - Epoch:39, Val Accuracy:0.98565, f1:0.9856245437978988

12/20/2023 21:05:54 - INFO - __main__ - lr:0.0003
early_st 2
Test
12/20/2023 21:05:59 - INFO - utils.common - 计算 f1 score ing...
12/20/2023 21:05:59 - INFO - utils.common - F1score = 0.9472321210528083
12/20/2023 21:05:59 - INFO - utils.common - 计算 accuracy ing...
12/20/2023 21:05:59 - INFO - utils.common - acc = 0.9639275766016713
12/20/2023 21:05:59 - INFO - utils.common - 计算 precision ing...
12/20/2023 21:05:59 - INFO - utils.common - precision = 0.9584087101650491
12/20/2023 21:05:59 - INFO - utils.common - 计算 recall ing...
12/20/2023 21:05:59 - INFO - utils.common - result = {'f1score': 0.9472321210528083, 'acc': 0.9639275766016713, 'precision': 0.9584087101650491, 'recall': 0.9451456441676744}
12/20/2023 21:05:59 - INFO - __main__ - test_f1:0.9472321210528083, test_acc:0.9639275766016713, test_precision:0.9584087101650491, test_recall:0.9451456441676744
12/20/2023 21:05:59 - INFO - __main__ - Finish fine-turning...
