12/20/2023 20:01:47 - INFO - __main__ - 设置 seed 为:  3
12/20/2023 20:01:47 - INFO - __main__ - Start fine-turning...
12/20/2023 20:01:52 - INFO - __main__ - ==========Epoch:0==========
=> loading checkpoint '/home/lijunjian/CA2CL/save/NCT/pretrain/resnet18/ResNet18_bs_1792_img_size_224_lr_0.0006_wd_0.0001_temperature_0.2_adv_eps_1_cld_0.1/checkpoint_100.tar'
missing keys:[], unexpected_keys:['module.instance_projector.0.weight', 'module.instance_projector.0.bias', 'module.instance_projector.2.weight', 'module.instance_projector.2.bias', 'module.groupDis.0.weight']
loaded
12/20/2023 20:02:19 - INFO - utils.common - 计算 f1 score ing...
12/20/2023 20:02:19 - INFO - utils.common - F1score = 0.6170897772232323
12/20/2023 20:02:19 - INFO - utils.common - 计算 accuracy ing...
12/20/2023 20:02:19 - INFO - utils.common - acc = 0.613
12/20/2023 20:02:19 - INFO - utils.common - 计算 precision ing...
12/20/2023 20:02:19 - INFO - utils.common - precision = 0.6382395522799656
12/20/2023 20:02:19 - INFO - utils.common - 计算 recall ing...
12/20/2023 20:02:20 - INFO - utils.common - result = {'f1score': 0.6170897772232323, 'acc': 0.613, 'precision': 0.6382395522799656, 'recall': 0.6089406317722617}
12/20/2023 20:02:20 - INFO - __main__ - Epoch:0, Train Accuracy:0.613, f1:0.6170897772232323

Epoch: [0][0/63]	
12/20/2023 20:02:40 - INFO - utils.common - 计算 f1 score ing...
12/20/2023 20:02:40 - INFO - utils.common - F1score = 0.926717731366614
12/20/2023 20:02:40 - INFO - utils.common - 计算 accuracy ing...
12/20/2023 20:02:40 - INFO - utils.common - acc = 0.92645
12/20/2023 20:02:40 - INFO - utils.common - 计算 precision ing...
12/20/2023 20:02:40 - INFO - utils.common - precision = 0.9311723627008143
12/20/2023 20:02:40 - INFO - utils.common - 计算 recall ing...
12/20/2023 20:02:40 - INFO - utils.common - result = {'f1score': 0.926717731366614, 'acc': 0.92645, 'precision': 0.9311723627008143, 'recall': 0.9254053906099016}
12/20/2023 20:02:40 - INFO - __main__ - Epoch:0, Val Accuracy:0.92645, f1:0.926717731366614

12/20/2023 20:02:40 - INFO - __main__ - lr:0.00027135636881635457
12/20/2023 20:02:40 - INFO - __main__ - ==========Epoch:1==========
Save best weights
12/20/2023 20:03:05 - INFO - utils.common - 计算 f1 score ing...
12/20/2023 20:03:05 - INFO - utils.common - F1score = 0.9443731423906758
12/20/2023 20:03:05 - INFO - utils.common - 计算 accuracy ing...
12/20/2023 20:03:05 - INFO - utils.common - acc = 0.945125
12/20/2023 20:03:05 - INFO - utils.common - 计算 precision ing...
12/20/2023 20:03:05 - INFO - utils.common - precision = 0.9465255097590737
12/20/2023 20:03:05 - INFO - utils.common - 计算 recall ing...
12/20/2023 20:03:05 - INFO - utils.common - result = {'f1score': 0.9443731423906758, 'acc': 0.945125, 'precision': 0.9465255097590737, 'recall': 0.9429769805856323}
12/20/2023 20:03:05 - INFO - __main__ - Epoch:1, Train Accuracy:0.945125, f1:0.9443731423906758

Epoch: [1][0/63]	
12/20/2023 20:03:26 - INFO - utils.common - 计算 f1 score ing...
12/20/2023 20:03:26 - INFO - utils.common - F1score = 0.9675284229657828
12/20/2023 20:03:26 - INFO - utils.common - 计算 accuracy ing...
12/20/2023 20:03:26 - INFO - utils.common - acc = 0.96765
12/20/2023 20:03:26 - INFO - utils.common - 计算 precision ing...
12/20/2023 20:03:26 - INFO - utils.common - precision = 0.9680066539921746
12/20/2023 20:03:26 - INFO - utils.common - 计算 recall ing...
12/20/2023 20:03:26 - INFO - utils.common - result = {'f1score': 0.9675284229657828, 'acc': 0.96765, 'precision': 0.9680066539921746, 'recall': 0.9671227721427805}
12/20/2023 20:03:26 - INFO - __main__ - Epoch:1, Val Accuracy:0.96765, f1:0.9675284229657828

12/20/2023 20:03:26 - INFO - __main__ - lr:0.0001963663688163546
12/20/2023 20:03:26 - INFO - __main__ - ==========Epoch:2==========
Save best weights
12/20/2023 20:03:51 - INFO - utils.common - 计算 f1 score ing...
12/20/2023 20:03:51 - INFO - utils.common - F1score = 0.9619240907297656
12/20/2023 20:03:51 - INFO - utils.common - 计算 accuracy ing...
12/20/2023 20:03:51 - INFO - utils.common - acc = 0.962625
12/20/2023 20:03:51 - INFO - utils.common - 计算 precision ing...
12/20/2023 20:03:51 - INFO - utils.common - precision = 0.9626225916230344
12/20/2023 20:03:51 - INFO - utils.common - 计算 recall ing...
12/20/2023 20:03:51 - INFO - utils.common - result = {'f1score': 0.9619240907297656, 'acc': 0.962625, 'precision': 0.9626225916230344, 'recall': 0.9613116511843186}
12/20/2023 20:03:51 - INFO - __main__ - Epoch:2, Train Accuracy:0.962625, f1:0.9619240907297656

Epoch: [2][0/63]	
12/20/2023 20:04:11 - INFO - utils.common - 计算 f1 score ing...
12/20/2023 20:04:11 - INFO - utils.common - F1score = 0.9728001775520106
12/20/2023 20:04:11 - INFO - utils.common - 计算 accuracy ing...
12/20/2023 20:04:11 - INFO - utils.common - acc = 0.973
12/20/2023 20:04:11 - INFO - utils.common - 计算 precision ing...
12/20/2023 20:04:11 - INFO - utils.common - precision = 0.9730768557246992
12/20/2023 20:04:11 - INFO - utils.common - 计算 recall ing...
12/20/2023 20:04:11 - INFO - utils.common - result = {'f1score': 0.9728001775520106, 'acc': 0.973, 'precision': 0.9730768557246992, 'recall': 0.9725526876298807}
12/20/2023 20:04:11 - INFO - __main__ - Epoch:2, Val Accuracy:0.973, f1:0.9728001775520106

12/20/2023 20:04:11 - INFO - __main__ - lr:0.0001036736311836454
12/20/2023 20:04:11 - INFO - __main__ - ==========Epoch:3==========
Save best weights
12/20/2023 20:04:37 - INFO - utils.common - 计算 f1 score ing...
12/20/2023 20:04:37 - INFO - utils.common - F1score = 0.9661728679589695
12/20/2023 20:04:37 - INFO - utils.common - 计算 accuracy ing...
12/20/2023 20:04:37 - INFO - utils.common - acc = 0.96675
12/20/2023 20:04:37 - INFO - utils.common - 计算 precision ing...
12/20/2023 20:04:37 - INFO - utils.common - precision = 0.9665679332226187
12/20/2023 20:04:37 - INFO - utils.common - 计算 recall ing...
12/20/2023 20:04:37 - INFO - utils.common - result = {'f1score': 0.9661728679589695, 'acc': 0.96675, 'precision': 0.9665679332226187, 'recall': 0.9658379711038876}
12/20/2023 20:04:37 - INFO - __main__ - Epoch:3, Train Accuracy:0.96675, f1:0.9661728679589695

Epoch: [3][0/63]	
12/20/2023 20:04:56 - INFO - utils.common - 计算 f1 score ing...
12/20/2023 20:04:56 - INFO - utils.common - F1score = 0.9735971688286263
12/20/2023 20:04:56 - INFO - utils.common - 计算 accuracy ing...
12/20/2023 20:04:56 - INFO - utils.common - acc = 0.9738
12/20/2023 20:04:56 - INFO - utils.common - 计算 precision ing...
12/20/2023 20:04:56 - INFO - utils.common - precision = 0.9739334152912971
12/20/2023 20:04:56 - INFO - utils.common - 计算 recall ing...
12/20/2023 20:04:56 - INFO - utils.common - result = {'f1score': 0.9735971688286263, 'acc': 0.9738, 'precision': 0.9739334152912971, 'recall': 0.9732816293891943}
12/20/2023 20:04:56 - INFO - __main__ - Epoch:3, Val Accuracy:0.9738, f1:0.9735971688286263

12/20/2023 20:04:56 - INFO - __main__ - lr:2.8683631183645395e-05
12/20/2023 20:04:56 - INFO - __main__ - ==========Epoch:4==========
Save best weights
12/20/2023 20:05:22 - INFO - utils.common - 计算 f1 score ing...
12/20/2023 20:05:22 - INFO - utils.common - F1score = 0.9673290502348482
12/20/2023 20:05:22 - INFO - utils.common - 计算 accuracy ing...
12/20/2023 20:05:22 - INFO - utils.common - acc = 0.96775
12/20/2023 20:05:22 - INFO - utils.common - 计算 precision ing...
12/20/2023 20:05:22 - INFO - utils.common - precision = 0.9677754418312047
12/20/2023 20:05:22 - INFO - utils.common - 计算 recall ing...
12/20/2023 20:05:22 - INFO - utils.common - result = {'f1score': 0.9673290502348482, 'acc': 0.96775, 'precision': 0.9677754418312047, 'recall': 0.9669199745615994}
12/20/2023 20:05:22 - INFO - __main__ - Epoch:4, Train Accuracy:0.96775, f1:0.9673290502348482

Epoch: [4][0/63]	
12/20/2023 20:05:41 - INFO - utils.common - 计算 f1 score ing...
12/20/2023 20:05:41 - INFO - utils.common - F1score = 0.9739269587145771
12/20/2023 20:05:41 - INFO - utils.common - 计算 accuracy ing...
12/20/2023 20:05:41 - INFO - utils.common - acc = 0.9741
12/20/2023 20:05:41 - INFO - utils.common - 计算 precision ing...
12/20/2023 20:05:41 - INFO - utils.common - precision = 0.973976440202543
12/20/2023 20:05:41 - INFO - utils.common - 计算 recall ing...
12/20/2023 20:05:41 - INFO - utils.common - result = {'f1score': 0.9739269587145771, 'acc': 0.9741, 'precision': 0.973976440202543, 'recall': 0.9738951302080654}
12/20/2023 20:05:41 - INFO - __main__ - Epoch:4, Val Accuracy:0.9741, f1:0.9739269587145771

12/20/2023 20:05:41 - INFO - __main__ - lr:0.0003
12/20/2023 20:05:41 - INFO - __main__ - ==========Epoch:5==========
Save best weights
12/20/2023 20:06:06 - INFO - utils.common - 计算 f1 score ing...
12/20/2023 20:06:06 - INFO - utils.common - F1score = 0.966659170157605
12/20/2023 20:06:06 - INFO - utils.common - 计算 accuracy ing...
12/20/2023 20:06:07 - INFO - utils.common - acc = 0.967125
12/20/2023 20:06:07 - INFO - utils.common - 计算 precision ing...
12/20/2023 20:06:07 - INFO - utils.common - precision = 0.9671932047107786
12/20/2023 20:06:07 - INFO - utils.common - 计算 recall ing...
12/20/2023 20:06:07 - INFO - utils.common - result = {'f1score': 0.966659170157605, 'acc': 0.967125, 'precision': 0.9671932047107786, 'recall': 0.9661974063637442}
12/20/2023 20:06:07 - INFO - __main__ - Epoch:5, Train Accuracy:0.967125, f1:0.966659170157605

Epoch: [5][0/63]	
12/20/2023 20:06:26 - INFO - utils.common - 计算 f1 score ing...
12/20/2023 20:06:26 - INFO - utils.common - F1score = 0.9757368874320296
12/20/2023 20:06:26 - INFO - utils.common - 计算 accuracy ing...
12/20/2023 20:06:26 - INFO - utils.common - acc = 0.9759
12/20/2023 20:06:26 - INFO - utils.common - 计算 precision ing...
12/20/2023 20:06:26 - INFO - utils.common - precision = 0.9760710311727152
12/20/2023 20:06:26 - INFO - utils.common - 计算 recall ing...
12/20/2023 20:06:26 - INFO - utils.common - result = {'f1score': 0.9757368874320296, 'acc': 0.9759, 'precision': 0.9760710311727152, 'recall': 0.9754372103992218}
12/20/2023 20:06:26 - INFO - __main__ - Epoch:5, Val Accuracy:0.9759, f1:0.9757368874320296

12/20/2023 20:06:26 - INFO - __main__ - lr:0.00027135636881635457
12/20/2023 20:06:26 - INFO - __main__ - ==========Epoch:6==========
Save best weights
12/20/2023 20:06:51 - INFO - utils.common - 计算 f1 score ing...
12/20/2023 20:06:51 - INFO - utils.common - F1score = 0.9681947130274158
12/20/2023 20:06:51 - INFO - utils.common - 计算 accuracy ing...
12/20/2023 20:06:51 - INFO - utils.common - acc = 0.96875
12/20/2023 20:06:51 - INFO - utils.common - 计算 precision ing...
12/20/2023 20:06:51 - INFO - utils.common - precision = 0.9685851079197967
12/20/2023 20:06:51 - INFO - utils.common - 计算 recall ing...
12/20/2023 20:06:51 - INFO - utils.common - result = {'f1score': 0.9681947130274158, 'acc': 0.96875, 'precision': 0.9685851079197967, 'recall': 0.9678886125043188}
12/20/2023 20:06:51 - INFO - __main__ - Epoch:6, Train Accuracy:0.96875, f1:0.9681947130274158

Epoch: [6][0/63]	
12/20/2023 20:07:10 - INFO - utils.common - 计算 f1 score ing...
12/20/2023 20:07:10 - INFO - utils.common - F1score = 0.9764085452014558
12/20/2023 20:07:10 - INFO - utils.common - 计算 accuracy ing...
12/20/2023 20:07:10 - INFO - utils.common - acc = 0.9766
12/20/2023 20:07:10 - INFO - utils.common - 计算 precision ing...
12/20/2023 20:07:10 - INFO - utils.common - precision = 0.976881907313244
12/20/2023 20:07:10 - INFO - utils.common - 计算 recall ing...
12/20/2023 20:07:10 - INFO - utils.common - result = {'f1score': 0.9764085452014558, 'acc': 0.9766, 'precision': 0.976881907313244, 'recall': 0.9760155917262829}
12/20/2023 20:07:10 - INFO - __main__ - Epoch:6, Val Accuracy:0.9766, f1:0.9764085452014558

12/20/2023 20:07:10 - INFO - __main__ - lr:0.0001963663688163546
12/20/2023 20:07:10 - INFO - __main__ - ==========Epoch:7==========
Save best weights
12/20/2023 20:07:36 - INFO - utils.common - 计算 f1 score ing...
12/20/2023 20:07:36 - INFO - utils.common - F1score = 0.9723030020682555
12/20/2023 20:07:36 - INFO - utils.common - 计算 accuracy ing...
12/20/2023 20:07:36 - INFO - utils.common - acc = 0.972625
12/20/2023 20:07:36 - INFO - utils.common - 计算 precision ing...
12/20/2023 20:07:36 - INFO - utils.common - precision = 0.972579100750338
12/20/2023 20:07:36 - INFO - utils.common - 计算 recall ing...
12/20/2023 20:07:36 - INFO - utils.common - result = {'f1score': 0.9723030020682555, 'acc': 0.972625, 'precision': 0.972579100750338, 'recall': 0.9720937547542258}
12/20/2023 20:07:36 - INFO - __main__ - Epoch:7, Train Accuracy:0.972625, f1:0.9723030020682555

Epoch: [7][0/63]	
12/20/2023 20:07:54 - INFO - utils.common - 计算 f1 score ing...
12/20/2023 20:07:54 - INFO - utils.common - F1score = 0.9776353309032226
12/20/2023 20:07:54 - INFO - utils.common - 计算 accuracy ing...
12/20/2023 20:07:54 - INFO - utils.common - acc = 0.9778
12/20/2023 20:07:54 - INFO - utils.common - 计算 precision ing...
12/20/2023 20:07:54 - INFO - utils.common - precision = 0.9779258792541713
12/20/2023 20:07:54 - INFO - utils.common - 计算 recall ing...
12/20/2023 20:07:54 - INFO - utils.common - result = {'f1score': 0.9776353309032226, 'acc': 0.9778, 'precision': 0.9779258792541713, 'recall': 0.977391188306111}
12/20/2023 20:07:54 - INFO - __main__ - Epoch:7, Val Accuracy:0.9778, f1:0.9776353309032226

12/20/2023 20:07:54 - INFO - __main__ - lr:0.0001036736311836454
12/20/2023 20:07:54 - INFO - __main__ - ==========Epoch:8==========
Save best weights
12/20/2023 20:08:19 - INFO - utils.common - 计算 f1 score ing...
12/20/2023 20:08:19 - INFO - utils.common - F1score = 0.9707750985993846
12/20/2023 20:08:19 - INFO - utils.common - 计算 accuracy ing...
12/20/2023 20:08:19 - INFO - utils.common - acc = 0.971375
12/20/2023 20:08:19 - INFO - utils.common - 计算 precision ing...
12/20/2023 20:08:19 - INFO - utils.common - precision = 0.9709883020358956
12/20/2023 20:08:19 - INFO - utils.common - 计算 recall ing...
12/20/2023 20:08:19 - INFO - utils.common - result = {'f1score': 0.9707750985993846, 'acc': 0.971375, 'precision': 0.9709883020358956, 'recall': 0.970603849219363}
12/20/2023 20:08:19 - INFO - __main__ - Epoch:8, Train Accuracy:0.971375, f1:0.9707750985993846

Epoch: [8][0/63]	
12/20/2023 20:08:37 - INFO - utils.common - 计算 f1 score ing...
12/20/2023 20:08:37 - INFO - utils.common - F1score = 0.9774867497952826
12/20/2023 20:08:37 - INFO - utils.common - 计算 accuracy ing...
12/20/2023 20:08:38 - INFO - utils.common - acc = 0.9777
12/20/2023 20:08:38 - INFO - utils.common - 计算 precision ing...
12/20/2023 20:08:38 - INFO - utils.common - precision = 0.9778330617640381
12/20/2023 20:08:38 - INFO - utils.common - 计算 recall ing...
12/20/2023 20:08:38 - INFO - utils.common - result = {'f1score': 0.9774867497952826, 'acc': 0.9777, 'precision': 0.9778330617640381, 'recall': 0.9771909865541925}
12/20/2023 20:08:38 - INFO - __main__ - Epoch:8, Val Accuracy:0.9777, f1:0.9774867497952826

12/20/2023 20:08:38 - INFO - __main__ - lr:2.8683631183645395e-05
12/20/2023 20:08:38 - INFO - __main__ - ==========Epoch:9==========
early_st 4
12/20/2023 20:09:03 - INFO - utils.common - 计算 f1 score ing...
12/20/2023 20:09:03 - INFO - utils.common - F1score = 0.9723989447764156
12/20/2023 20:09:03 - INFO - utils.common - 计算 accuracy ing...
12/20/2023 20:09:03 - INFO - utils.common - acc = 0.972625
12/20/2023 20:09:03 - INFO - utils.common - 计算 precision ing...
12/20/2023 20:09:03 - INFO - utils.common - precision = 0.9729031160791314
12/20/2023 20:09:03 - INFO - utils.common - 计算 recall ing...
12/20/2023 20:09:03 - INFO - utils.common - result = {'f1score': 0.9723989447764156, 'acc': 0.972625, 'precision': 0.9729031160791314, 'recall': 0.9719875391174487}
12/20/2023 20:09:03 - INFO - __main__ - Epoch:9, Train Accuracy:0.972625, f1:0.9723989447764156

Epoch: [9][0/63]	
12/20/2023 20:09:20 - INFO - utils.common - 计算 f1 score ing...
12/20/2023 20:09:20 - INFO - utils.common - F1score = 0.9779365494346772
12/20/2023 20:09:20 - INFO - utils.common - 计算 accuracy ing...
12/20/2023 20:09:20 - INFO - utils.common - acc = 0.9781
12/20/2023 20:09:20 - INFO - utils.common - 计算 precision ing...
12/20/2023 20:09:20 - INFO - utils.common - precision = 0.9781502404988065
12/20/2023 20:09:20 - INFO - utils.common - 计算 recall ing...
12/20/2023 20:09:20 - INFO - utils.common - result = {'f1score': 0.9779365494346772, 'acc': 0.9781, 'precision': 0.9781502404988065, 'recall': 0.977755919602806}
12/20/2023 20:09:20 - INFO - __main__ - Epoch:9, Val Accuracy:0.9781, f1:0.9779365494346772

12/20/2023 20:09:20 - INFO - __main__ - lr:0.0003
12/20/2023 20:09:20 - INFO - __main__ - ==========Epoch:10==========
Save best weights
12/20/2023 20:09:46 - INFO - utils.common - 计算 f1 score ing...
12/20/2023 20:09:46 - INFO - utils.common - F1score = 0.9711156780102443
12/20/2023 20:09:46 - INFO - utils.common - 计算 accuracy ing...
12/20/2023 20:09:46 - INFO - utils.common - acc = 0.971625
12/20/2023 20:09:46 - INFO - utils.common - 计算 precision ing...
12/20/2023 20:09:46 - INFO - utils.common - precision = 0.9714664395897091
12/20/2023 20:09:46 - INFO - utils.common - 计算 recall ing...
12/20/2023 20:09:46 - INFO - utils.common - result = {'f1score': 0.9711156780102443, 'acc': 0.971625, 'precision': 0.9714664395897091, 'recall': 0.9708475390773972}
12/20/2023 20:09:46 - INFO - __main__ - Epoch:10, Train Accuracy:0.971625, f1:0.9711156780102443

Epoch: [10][0/63]	
12/20/2023 20:10:03 - INFO - utils.common - 计算 f1 score ing...
12/20/2023 20:10:03 - INFO - utils.common - F1score = 0.9786987238059219
12/20/2023 20:10:03 - INFO - utils.common - 计算 accuracy ing...
12/20/2023 20:10:03 - INFO - utils.common - acc = 0.97885
12/20/2023 20:10:03 - INFO - utils.common - 计算 precision ing...
12/20/2023 20:10:03 - INFO - utils.common - precision = 0.9788439398634637
12/20/2023 20:10:03 - INFO - utils.common - 计算 recall ing...
12/20/2023 20:10:03 - INFO - utils.common - result = {'f1score': 0.9786987238059219, 'acc': 0.97885, 'precision': 0.9788439398634637, 'recall': 0.9785895049322116}
12/20/2023 20:10:03 - INFO - __main__ - Epoch:10, Val Accuracy:0.97885, f1:0.9786987238059219

12/20/2023 20:10:03 - INFO - __main__ - lr:0.00027135636881635457
12/20/2023 20:10:03 - INFO - __main__ - ==========Epoch:11==========
Save best weights
12/20/2023 20:10:29 - INFO - utils.common - 计算 f1 score ing...
12/20/2023 20:10:29 - INFO - utils.common - F1score = 0.9716108495045493
12/20/2023 20:10:29 - INFO - utils.common - 计算 accuracy ing...
12/20/2023 20:10:29 - INFO - utils.common - acc = 0.972
12/20/2023 20:10:29 - INFO - utils.common - 计算 precision ing...
12/20/2023 20:10:29 - INFO - utils.common - precision = 0.9720370046432935
12/20/2023 20:10:29 - INFO - utils.common - 计算 recall ing...
12/20/2023 20:10:29 - INFO - utils.common - result = {'f1score': 0.9716108495045493, 'acc': 0.972, 'precision': 0.9720370046432935, 'recall': 0.9712355680436401}
12/20/2023 20:10:29 - INFO - __main__ - Epoch:11, Train Accuracy:0.972, f1:0.9716108495045493

Epoch: [11][0/63]	
12/20/2023 20:10:46 - INFO - utils.common - 计算 f1 score ing...
12/20/2023 20:10:46 - INFO - utils.common - F1score = 0.9792419741075755
12/20/2023 20:10:46 - INFO - utils.common - 计算 accuracy ing...
12/20/2023 20:10:46 - INFO - utils.common - acc = 0.9794
12/20/2023 20:10:46 - INFO - utils.common - 计算 precision ing...
12/20/2023 20:10:46 - INFO - utils.common - precision = 0.9793282673869628
12/20/2023 20:10:46 - INFO - utils.common - 计算 recall ing...
12/20/2023 20:10:46 - INFO - utils.common - result = {'f1score': 0.9792419741075755, 'acc': 0.9794, 'precision': 0.9793282673869628, 'recall': 0.9791900735028898}
12/20/2023 20:10:46 - INFO - __main__ - Epoch:11, Val Accuracy:0.9794, f1:0.9792419741075755

12/20/2023 20:10:46 - INFO - __main__ - lr:0.0001963663688163546
12/20/2023 20:10:46 - INFO - __main__ - ==========Epoch:12==========
Save best weights
12/20/2023 20:11:12 - INFO - utils.common - 计算 f1 score ing...
12/20/2023 20:11:12 - INFO - utils.common - F1score = 0.971011415312939
12/20/2023 20:11:12 - INFO - utils.common - 计算 accuracy ing...
12/20/2023 20:11:12 - INFO - utils.common - acc = 0.971625
12/20/2023 20:11:12 - INFO - utils.common - 计算 precision ing...
12/20/2023 20:11:12 - INFO - utils.common - precision = 0.9714365213404564
12/20/2023 20:11:12 - INFO - utils.common - 计算 recall ing...
12/20/2023 20:11:12 - INFO - utils.common - result = {'f1score': 0.971011415312939, 'acc': 0.971625, 'precision': 0.9714365213404564, 'recall': 0.9706440881167899}
12/20/2023 20:11:12 - INFO - __main__ - Epoch:12, Train Accuracy:0.971625, f1:0.971011415312939

Epoch: [12][0/63]	
12/20/2023 20:11:29 - INFO - utils.common - 计算 f1 score ing...
12/20/2023 20:11:29 - INFO - utils.common - F1score = 0.9796107858174727
12/20/2023 20:11:29 - INFO - utils.common - 计算 accuracy ing...
12/20/2023 20:11:29 - INFO - utils.common - acc = 0.97975
12/20/2023 20:11:29 - INFO - utils.common - 计算 precision ing...
12/20/2023 20:11:29 - INFO - utils.common - precision = 0.9796860964146396
12/20/2023 20:11:29 - INFO - utils.common - 计算 recall ing...
12/20/2023 20:11:29 - INFO - utils.common - result = {'f1score': 0.9796107858174727, 'acc': 0.97975, 'precision': 0.9796860964146396, 'recall': 0.9795755081334325}
12/20/2023 20:11:29 - INFO - __main__ - Epoch:12, Val Accuracy:0.97975, f1:0.9796107858174727

12/20/2023 20:11:29 - INFO - __main__ - lr:0.0001036736311836454
12/20/2023 20:11:29 - INFO - __main__ - ==========Epoch:13==========
Save best weights
12/20/2023 20:11:55 - INFO - utils.common - 计算 f1 score ing...
12/20/2023 20:11:55 - INFO - utils.common - F1score = 0.9724788766954298
12/20/2023 20:11:55 - INFO - utils.common - 计算 accuracy ing...
12/20/2023 20:11:55 - INFO - utils.common - acc = 0.973
12/20/2023 20:11:55 - INFO - utils.common - 计算 precision ing...
12/20/2023 20:11:55 - INFO - utils.common - precision = 0.9728319859551492
12/20/2023 20:11:55 - INFO - utils.common - 计算 recall ing...
12/20/2023 20:11:55 - INFO - utils.common - result = {'f1score': 0.9724788766954298, 'acc': 0.973, 'precision': 0.9728319859551492, 'recall': 0.9721945462589638}
12/20/2023 20:11:55 - INFO - __main__ - Epoch:13, Train Accuracy:0.973, f1:0.9724788766954298

Epoch: [13][0/63]	
12/20/2023 20:12:11 - INFO - utils.common - 计算 f1 score ing...
12/20/2023 20:12:12 - INFO - utils.common - F1score = 0.9795950263347051
12/20/2023 20:12:12 - INFO - utils.common - 计算 accuracy ing...
12/20/2023 20:12:12 - INFO - utils.common - acc = 0.97975
12/20/2023 20:12:12 - INFO - utils.common - 计算 precision ing...
12/20/2023 20:12:12 - INFO - utils.common - precision = 0.9798262447361614
12/20/2023 20:12:12 - INFO - utils.common - 计算 recall ing...
12/20/2023 20:12:12 - INFO - utils.common - result = {'f1score': 0.9795950263347051, 'acc': 0.97975, 'precision': 0.9798262447361614, 'recall': 0.9794075778858176}
12/20/2023 20:12:12 - INFO - __main__ - Epoch:13, Val Accuracy:0.97975, f1:0.9795950263347051

12/20/2023 20:12:12 - INFO - __main__ - lr:2.8683631183645395e-05
12/20/2023 20:12:12 - INFO - __main__ - ==========Epoch:14==========
Save best weights
12/20/2023 20:12:37 - INFO - utils.common - 计算 f1 score ing...
12/20/2023 20:12:37 - INFO - utils.common - F1score = 0.9719860238513801
12/20/2023 20:12:37 - INFO - utils.common - 计算 accuracy ing...
12/20/2023 20:12:37 - INFO - utils.common - acc = 0.972125
12/20/2023 20:12:37 - INFO - utils.common - 计算 precision ing...
12/20/2023 20:12:37 - INFO - utils.common - precision = 0.972153599667744
12/20/2023 20:12:37 - INFO - utils.common - 计算 recall ing...
12/20/2023 20:12:37 - INFO - utils.common - result = {'f1score': 0.9719860238513801, 'acc': 0.972125, 'precision': 0.972153599667744, 'recall': 0.971859377705814}
12/20/2023 20:12:37 - INFO - __main__ - Epoch:14, Train Accuracy:0.972125, f1:0.9719860238513801

Epoch: [14][0/63]	
12/20/2023 20:12:53 - INFO - utils.common - 计算 f1 score ing...
12/20/2023 20:12:53 - INFO - utils.common - F1score = 0.9797542922418881
12/20/2023 20:12:53 - INFO - utils.common - 计算 accuracy ing...
12/20/2023 20:12:53 - INFO - utils.common - acc = 0.9799
12/20/2023 20:12:53 - INFO - utils.common - 计算 precision ing...
12/20/2023 20:12:53 - INFO - utils.common - precision = 0.979888289094807
12/20/2023 20:12:53 - INFO - utils.common - 计算 recall ing...
12/20/2023 20:12:53 - INFO - utils.common - result = {'f1score': 0.9797542922418881, 'acc': 0.9799, 'precision': 0.979888289094807, 'recall': 0.979652604435519}
12/20/2023 20:12:53 - INFO - __main__ - Epoch:14, Val Accuracy:0.9799, f1:0.9797542922418881

12/20/2023 20:12:53 - INFO - __main__ - lr:0.0003
12/20/2023 20:12:53 - INFO - __main__ - ==========Epoch:15==========
Save best weights
12/20/2023 20:13:19 - INFO - utils.common - 计算 f1 score ing...
12/20/2023 20:13:19 - INFO - utils.common - F1score = 0.9734771780276588
12/20/2023 20:13:19 - INFO - utils.common - 计算 accuracy ing...
12/20/2023 20:13:19 - INFO - utils.common - acc = 0.973875
12/20/2023 20:13:19 - INFO - utils.common - 计算 precision ing...
12/20/2023 20:13:19 - INFO - utils.common - precision = 0.9736540974020507
12/20/2023 20:13:19 - INFO - utils.common - 计算 recall ing...
12/20/2023 20:13:19 - INFO - utils.common - result = {'f1score': 0.9734771780276588, 'acc': 0.973875, 'precision': 0.9736540974020507, 'recall': 0.973340257350389}
12/20/2023 20:13:19 - INFO - __main__ - Epoch:15, Train Accuracy:0.973875, f1:0.9734771780276588

Epoch: [15][0/63]	
12/20/2023 20:13:35 - INFO - utils.common - 计算 f1 score ing...
12/20/2023 20:13:35 - INFO - utils.common - F1score = 0.9803668665531191
12/20/2023 20:13:35 - INFO - utils.common - 计算 accuracy ing...
12/20/2023 20:13:35 - INFO - utils.common - acc = 0.9805
12/20/2023 20:13:35 - INFO - utils.common - 计算 precision ing...
12/20/2023 20:13:35 - INFO - utils.common - precision = 0.9807623136610218
12/20/2023 20:13:35 - INFO - utils.common - 计算 recall ing...
12/20/2023 20:13:35 - INFO - utils.common - result = {'f1score': 0.9803668665531191, 'acc': 0.9805, 'precision': 0.9807623136610218, 'recall': 0.9800325045636781}
12/20/2023 20:13:35 - INFO - __main__ - Epoch:15, Val Accuracy:0.9805, f1:0.9803668665531191

12/20/2023 20:13:35 - INFO - __main__ - lr:0.00027135636881635457
12/20/2023 20:13:35 - INFO - __main__ - ==========Epoch:16==========
Save best weights
12/20/2023 20:14:01 - INFO - utils.common - 计算 f1 score ing...
12/20/2023 20:14:01 - INFO - utils.common - F1score = 0.973896466588807
12/20/2023 20:14:01 - INFO - utils.common - 计算 accuracy ing...
12/20/2023 20:14:01 - INFO - utils.common - acc = 0.9745
12/20/2023 20:14:01 - INFO - utils.common - 计算 precision ing...
12/20/2023 20:14:01 - INFO - utils.common - precision = 0.9738340100639792
12/20/2023 20:14:01 - INFO - utils.common - 计算 recall ing...
12/20/2023 20:14:01 - INFO - utils.common - result = {'f1score': 0.973896466588807, 'acc': 0.9745, 'precision': 0.9738340100639792, 'recall': 0.9739971793942761}
12/20/2023 20:14:01 - INFO - __main__ - Epoch:16, Train Accuracy:0.9745, f1:0.973896466588807

Epoch: [16][0/63]	
12/20/2023 20:14:17 - INFO - utils.common - 计算 f1 score ing...
12/20/2023 20:14:17 - INFO - utils.common - F1score = 0.9810405456287855
12/20/2023 20:14:17 - INFO - utils.common - 计算 accuracy ing...
12/20/2023 20:14:17 - INFO - utils.common - acc = 0.98115
12/20/2023 20:14:17 - INFO - utils.common - 计算 precision ing...
12/20/2023 20:14:17 - INFO - utils.common - precision = 0.9809698157335092
12/20/2023 20:14:17 - INFO - utils.common - 计算 recall ing...
12/20/2023 20:14:17 - INFO - utils.common - result = {'f1score': 0.9810405456287855, 'acc': 0.98115, 'precision': 0.9809698157335092, 'recall': 0.9811356080736164}
12/20/2023 20:14:17 - INFO - __main__ - Epoch:16, Val Accuracy:0.98115, f1:0.9810405456287855

12/20/2023 20:14:17 - INFO - __main__ - lr:0.0001963663688163546
12/20/2023 20:14:17 - INFO - __main__ - ==========Epoch:17==========
Save best weights
12/20/2023 20:14:43 - INFO - utils.common - 计算 f1 score ing...
12/20/2023 20:14:43 - INFO - utils.common - F1score = 0.9727640661568755
12/20/2023 20:14:43 - INFO - utils.common - 计算 accuracy ing...
12/20/2023 20:14:43 - INFO - utils.common - acc = 0.973125
12/20/2023 20:14:43 - INFO - utils.common - 计算 precision ing...
12/20/2023 20:14:43 - INFO - utils.common - precision = 0.9729749075805179
12/20/2023 20:14:43 - INFO - utils.common - 计算 recall ing...
12/20/2023 20:14:43 - INFO - utils.common - result = {'f1score': 0.9727640661568755, 'acc': 0.973125, 'precision': 0.9729749075805179, 'recall': 0.9726034707302613}
12/20/2023 20:14:43 - INFO - __main__ - Epoch:17, Train Accuracy:0.973125, f1:0.9727640661568755

Epoch: [17][0/63]	
12/20/2023 20:14:58 - INFO - utils.common - 计算 f1 score ing...
12/20/2023 20:14:58 - INFO - utils.common - F1score = 0.9811311665168689
12/20/2023 20:14:58 - INFO - utils.common - 计算 accuracy ing...
12/20/2023 20:14:58 - INFO - utils.common - acc = 0.98125
12/20/2023 20:14:58 - INFO - utils.common - 计算 precision ing...
12/20/2023 20:14:58 - INFO - utils.common - precision = 0.9811272599167398
12/20/2023 20:14:58 - INFO - utils.common - 计算 recall ing...
12/20/2023 20:14:58 - INFO - utils.common - result = {'f1score': 0.9811311665168689, 'acc': 0.98125, 'precision': 0.9811272599167398, 'recall': 0.9811589156195498}
12/20/2023 20:14:58 - INFO - __main__ - Epoch:17, Val Accuracy:0.98125, f1:0.9811311665168689

12/20/2023 20:14:58 - INFO - __main__ - lr:0.0001036736311836454
12/20/2023 20:14:58 - INFO - __main__ - ==========Epoch:18==========
Save best weights
12/20/2023 20:15:24 - INFO - utils.common - 计算 f1 score ing...
12/20/2023 20:15:24 - INFO - utils.common - F1score = 0.9757425969228741
12/20/2023 20:15:24 - INFO - utils.common - 计算 accuracy ing...
12/20/2023 20:15:24 - INFO - utils.common - acc = 0.976125
12/20/2023 20:15:24 - INFO - utils.common - 计算 precision ing...
12/20/2023 20:15:24 - INFO - utils.common - precision = 0.9761130380901785
12/20/2023 20:15:24 - INFO - utils.common - 计算 recall ing...
12/20/2023 20:15:24 - INFO - utils.common - result = {'f1score': 0.9757425969228741, 'acc': 0.976125, 'precision': 0.9761130380901785, 'recall': 0.9754171321670467}
12/20/2023 20:15:24 - INFO - __main__ - Epoch:18, Train Accuracy:0.976125, f1:0.9757425969228741

Epoch: [18][0/63]	
12/20/2023 20:15:41 - INFO - utils.common - 计算 f1 score ing...
12/20/2023 20:15:41 - INFO - utils.common - F1score = 0.9808815699614747
12/20/2023 20:15:41 - INFO - utils.common - 计算 accuracy ing...
12/20/2023 20:15:41 - INFO - utils.common - acc = 0.981
12/20/2023 20:15:41 - INFO - utils.common - 计算 precision ing...
12/20/2023 20:15:41 - INFO - utils.common - precision = 0.9810680807810951
12/20/2023 20:15:41 - INFO - utils.common - 计算 recall ing...
12/20/2023 20:15:41 - INFO - utils.common - result = {'f1score': 0.9808815699614747, 'acc': 0.981, 'precision': 0.9810680807810951, 'recall': 0.9807327796413173}
12/20/2023 20:15:41 - INFO - __main__ - Epoch:18, Val Accuracy:0.981, f1:0.9808815699614747

12/20/2023 20:15:41 - INFO - __main__ - lr:2.8683631183645395e-05
12/20/2023 20:15:41 - INFO - __main__ - ==========Epoch:19==========
early_st 4
12/20/2023 20:16:07 - INFO - utils.common - 计算 f1 score ing...
12/20/2023 20:16:07 - INFO - utils.common - F1score = 0.975404112129276
12/20/2023 20:16:07 - INFO - utils.common - 计算 accuracy ing...
12/20/2023 20:16:07 - INFO - utils.common - acc = 0.975875
12/20/2023 20:16:07 - INFO - utils.common - 计算 precision ing...
12/20/2023 20:16:07 - INFO - utils.common - precision = 0.9754669334050488
12/20/2023 20:16:07 - INFO - utils.common - 计算 recall ing...
12/20/2023 20:16:07 - INFO - utils.common - result = {'f1score': 0.975404112129276, 'acc': 0.975875, 'precision': 0.9754669334050488, 'recall': 0.9753787201436145}
12/20/2023 20:16:07 - INFO - __main__ - Epoch:19, Train Accuracy:0.975875, f1:0.975404112129276

Epoch: [19][0/63]	
12/20/2023 20:16:23 - INFO - utils.common - 计算 f1 score ing...
12/20/2023 20:16:23 - INFO - utils.common - F1score = 0.9813009220736367
12/20/2023 20:16:23 - INFO - utils.common - 计算 accuracy ing...
12/20/2023 20:16:23 - INFO - utils.common - acc = 0.9814
12/20/2023 20:16:23 - INFO - utils.common - 计算 precision ing...
12/20/2023 20:16:23 - INFO - utils.common - precision = 0.9814232379593446
12/20/2023 20:16:23 - INFO - utils.common - 计算 recall ing...
12/20/2023 20:16:23 - INFO - utils.common - result = {'f1score': 0.9813009220736367, 'acc': 0.9814, 'precision': 0.9814232379593446, 'recall': 0.9812087406588083}
12/20/2023 20:16:23 - INFO - __main__ - Epoch:19, Val Accuracy:0.9814, f1:0.9813009220736367

12/20/2023 20:16:23 - INFO - __main__ - lr:0.0003
12/20/2023 20:16:23 - INFO - __main__ - ==========Epoch:20==========
Save best weights
12/20/2023 20:16:50 - INFO - utils.common - 计算 f1 score ing...
12/20/2023 20:16:50 - INFO - utils.common - F1score = 0.9731637559963349
12/20/2023 20:16:50 - INFO - utils.common - 计算 accuracy ing...
12/20/2023 20:16:50 - INFO - utils.common - acc = 0.973625
12/20/2023 20:16:50 - INFO - utils.common - 计算 precision ing...
12/20/2023 20:16:50 - INFO - utils.common - precision = 0.9732147699228294
12/20/2023 20:16:50 - INFO - utils.common - 计算 recall ing...
12/20/2023 20:16:50 - INFO - utils.common - result = {'f1score': 0.9731637559963349, 'acc': 0.973625, 'precision': 0.9732147699228294, 'recall': 0.9731796821087815}
12/20/2023 20:16:50 - INFO - __main__ - Epoch:20, Train Accuracy:0.973625, f1:0.9731637559963349

Epoch: [20][0/63]	
12/20/2023 20:17:05 - INFO - utils.common - 计算 f1 score ing...
12/20/2023 20:17:05 - INFO - utils.common - F1score = 0.9819013945907188
12/20/2023 20:17:05 - INFO - utils.common - 计算 accuracy ing...
12/20/2023 20:17:05 - INFO - utils.common - acc = 0.982
12/20/2023 20:17:05 - INFO - utils.common - 计算 precision ing...
12/20/2023 20:17:05 - INFO - utils.common - precision = 0.9818109257100266
12/20/2023 20:17:05 - INFO - utils.common - 计算 recall ing...
12/20/2023 20:17:06 - INFO - utils.common - result = {'f1score': 0.9819013945907188, 'acc': 0.982, 'precision': 0.9818109257100266, 'recall': 0.9820123657082225}
12/20/2023 20:17:06 - INFO - __main__ - Epoch:20, Val Accuracy:0.982, f1:0.9819013945907188

12/20/2023 20:17:06 - INFO - __main__ - lr:0.00027135636881635457
12/20/2023 20:17:06 - INFO - __main__ - ==========Epoch:21==========
Save best weights
12/20/2023 20:17:32 - INFO - utils.common - 计算 f1 score ing...
12/20/2023 20:17:32 - INFO - utils.common - F1score = 0.9739315058395976
12/20/2023 20:17:32 - INFO - utils.common - 计算 accuracy ing...
12/20/2023 20:17:32 - INFO - utils.common - acc = 0.974375
12/20/2023 20:17:32 - INFO - utils.common - 计算 precision ing...
12/20/2023 20:17:32 - INFO - utils.common - precision = 0.9739221953641781
12/20/2023 20:17:32 - INFO - utils.common - 计算 recall ing...
12/20/2023 20:17:32 - INFO - utils.common - result = {'f1score': 0.9739315058395976, 'acc': 0.974375, 'precision': 0.9739221953641781, 'recall': 0.9739679333646245}
12/20/2023 20:17:32 - INFO - __main__ - Epoch:21, Train Accuracy:0.974375, f1:0.9739315058395976

Epoch: [21][0/63]	
12/20/2023 20:17:48 - INFO - utils.common - 计算 f1 score ing...
12/20/2023 20:17:48 - INFO - utils.common - F1score = 0.9825052417021097
12/20/2023 20:17:48 - INFO - utils.common - 计算 accuracy ing...
12/20/2023 20:17:48 - INFO - utils.common - acc = 0.9826
12/20/2023 20:17:48 - INFO - utils.common - 计算 precision ing...
12/20/2023 20:17:48 - INFO - utils.common - precision = 0.9823609812802009
12/20/2023 20:17:48 - INFO - utils.common - 计算 recall ing...
12/20/2023 20:17:49 - INFO - utils.common - result = {'f1score': 0.9825052417021097, 'acc': 0.9826, 'precision': 0.9823609812802009, 'recall': 0.9826683264356441}
12/20/2023 20:17:49 - INFO - __main__ - Epoch:21, Val Accuracy:0.9826, f1:0.9825052417021097

12/20/2023 20:17:49 - INFO - __main__ - lr:0.0001963663688163546
12/20/2023 20:17:49 - INFO - __main__ - ==========Epoch:22==========
Save best weights
12/20/2023 20:18:15 - INFO - utils.common - 计算 f1 score ing...
12/20/2023 20:18:15 - INFO - utils.common - F1score = 0.9736596650495639
12/20/2023 20:18:15 - INFO - utils.common - 计算 accuracy ing...
12/20/2023 20:18:15 - INFO - utils.common - acc = 0.974
12/20/2023 20:18:15 - INFO - utils.common - 计算 precision ing...
12/20/2023 20:18:15 - INFO - utils.common - precision = 0.9737474604957517
12/20/2023 20:18:15 - INFO - utils.common - 计算 recall ing...
12/20/2023 20:18:15 - INFO - utils.common - result = {'f1score': 0.9736596650495639, 'acc': 0.974, 'precision': 0.9737474604957517, 'recall': 0.9736109870872658}
12/20/2023 20:18:15 - INFO - __main__ - Epoch:22, Train Accuracy:0.974, f1:0.9736596650495639

Epoch: [22][0/63]	
12/20/2023 20:18:32 - INFO - utils.common - 计算 f1 score ing...
12/20/2023 20:18:32 - INFO - utils.common - F1score = 0.9822622141082652
12/20/2023 20:18:32 - INFO - utils.common - 计算 accuracy ing...
12/20/2023 20:18:32 - INFO - utils.common - acc = 0.98235
12/20/2023 20:18:32 - INFO - utils.common - 计算 precision ing...
12/20/2023 20:18:32 - INFO - utils.common - precision = 0.982434995030235
12/20/2023 20:18:32 - INFO - utils.common - 计算 recall ing...
12/20/2023 20:18:32 - INFO - utils.common - result = {'f1score': 0.9822622141082652, 'acc': 0.98235, 'precision': 0.982434995030235, 'recall': 0.9821300606785077}
12/20/2023 20:18:32 - INFO - __main__ - Epoch:22, Val Accuracy:0.98235, f1:0.9822622141082652

12/20/2023 20:18:32 - INFO - __main__ - lr:0.0001036736311836454
12/20/2023 20:18:32 - INFO - __main__ - ==========Epoch:23==========
early_st 4
12/20/2023 20:18:58 - INFO - utils.common - 计算 f1 score ing...
12/20/2023 20:18:58 - INFO - utils.common - F1score = 0.9770293279184172
12/20/2023 20:18:58 - INFO - utils.common - 计算 accuracy ing...
12/20/2023 20:18:58 - INFO - utils.common - acc = 0.977375
12/20/2023 20:18:58 - INFO - utils.common - 计算 precision ing...
12/20/2023 20:18:58 - INFO - utils.common - precision = 0.9773822398427051
12/20/2023 20:18:58 - INFO - utils.common - 计算 recall ing...
12/20/2023 20:18:58 - INFO - utils.common - result = {'f1score': 0.9770293279184172, 'acc': 0.977375, 'precision': 0.9773822398427051, 'recall': 0.9767224690421911}
12/20/2023 20:18:58 - INFO - __main__ - Epoch:23, Train Accuracy:0.977375, f1:0.9770293279184172

Epoch: [23][0/63]	
12/20/2023 20:19:14 - INFO - utils.common - 计算 f1 score ing...
12/20/2023 20:19:14 - INFO - utils.common - F1score = 0.9823780739858735
12/20/2023 20:19:14 - INFO - utils.common - 计算 accuracy ing...
12/20/2023 20:19:14 - INFO - utils.common - acc = 0.98245
12/20/2023 20:19:14 - INFO - utils.common - 计算 precision ing...
12/20/2023 20:19:14 - INFO - utils.common - precision = 0.9823771609238732
12/20/2023 20:19:14 - INFO - utils.common - 计算 recall ing...
12/20/2023 20:19:14 - INFO - utils.common - result = {'f1score': 0.9823780739858735, 'acc': 0.98245, 'precision': 0.9823771609238732, 'recall': 0.9824065384931424}
12/20/2023 20:19:14 - INFO - __main__ - Epoch:23, Val Accuracy:0.98245, f1:0.9823780739858735

12/20/2023 20:19:14 - INFO - __main__ - lr:2.8683631183645395e-05
12/20/2023 20:19:14 - INFO - __main__ - ==========Epoch:24==========
early_st 3
12/20/2023 20:19:40 - INFO - utils.common - 计算 f1 score ing...
12/20/2023 20:19:40 - INFO - utils.common - F1score = 0.9749274085791182
12/20/2023 20:19:40 - INFO - utils.common - 计算 accuracy ing...
12/20/2023 20:19:40 - INFO - utils.common - acc = 0.975125
12/20/2023 20:19:40 - INFO - utils.common - 计算 precision ing...
12/20/2023 20:19:40 - INFO - utils.common - precision = 0.9750804344495536
12/20/2023 20:19:40 - INFO - utils.common - 计算 recall ing...
12/20/2023 20:19:40 - INFO - utils.common - result = {'f1score': 0.9749274085791182, 'acc': 0.975125, 'precision': 0.9750804344495536, 'recall': 0.9748256367533321}
12/20/2023 20:19:40 - INFO - __main__ - Epoch:24, Train Accuracy:0.975125, f1:0.9749274085791182

Epoch: [24][0/63]	
12/20/2023 20:19:56 - INFO - utils.common - 计算 f1 score ing...
12/20/2023 20:19:56 - INFO - utils.common - F1score = 0.9827622030018459
12/20/2023 20:19:56 - INFO - utils.common - 计算 accuracy ing...
12/20/2023 20:19:56 - INFO - utils.common - acc = 0.98285
12/20/2023 20:19:56 - INFO - utils.common - 计算 precision ing...
12/20/2023 20:19:56 - INFO - utils.common - precision = 0.9826461358260702
12/20/2023 20:19:56 - INFO - utils.common - 计算 recall ing...
12/20/2023 20:19:56 - INFO - utils.common - result = {'f1score': 0.9827622030018459, 'acc': 0.98285, 'precision': 0.9826461358260702, 'recall': 0.9828987228852201}
12/20/2023 20:19:56 - INFO - __main__ - Epoch:24, Val Accuracy:0.98285, f1:0.9827622030018459

12/20/2023 20:19:56 - INFO - __main__ - lr:0.0003
12/20/2023 20:19:56 - INFO - __main__ - ==========Epoch:25==========
Save best weights
12/20/2023 20:20:23 - INFO - utils.common - 计算 f1 score ing...
12/20/2023 20:20:23 - INFO - utils.common - F1score = 0.9749636186227022
12/20/2023 20:20:23 - INFO - utils.common - 计算 accuracy ing...
12/20/2023 20:20:23 - INFO - utils.common - acc = 0.97525
12/20/2023 20:20:23 - INFO - utils.common - 计算 precision ing...
12/20/2023 20:20:23 - INFO - utils.common - precision = 0.9749022182322542
12/20/2023 20:20:23 - INFO - utils.common - 计算 recall ing...
12/20/2023 20:20:23 - INFO - utils.common - result = {'f1score': 0.9749636186227022, 'acc': 0.97525, 'precision': 0.9749022182322542, 'recall': 0.975045223470842}
12/20/2023 20:20:23 - INFO - __main__ - Epoch:25, Train Accuracy:0.97525, f1:0.9749636186227022

Epoch: [25][0/63]	
12/20/2023 20:20:39 - INFO - utils.common - 计算 f1 score ing...
12/20/2023 20:20:39 - INFO - utils.common - F1score = 0.9828435859686364
12/20/2023 20:20:39 - INFO - utils.common - 计算 accuracy ing...
12/20/2023 20:20:39 - INFO - utils.common - acc = 0.9829
12/20/2023 20:20:39 - INFO - utils.common - 计算 precision ing...
12/20/2023 20:20:39 - INFO - utils.common - precision = 0.9829268359385139
12/20/2023 20:20:39 - INFO - utils.common - 计算 recall ing...
12/20/2023 20:20:39 - INFO - utils.common - result = {'f1score': 0.9828435859686364, 'acc': 0.9829, 'precision': 0.9829268359385139, 'recall': 0.9827857163333333}
12/20/2023 20:20:39 - INFO - __main__ - Epoch:25, Val Accuracy:0.9829, f1:0.9828435859686364

12/20/2023 20:20:39 - INFO - __main__ - lr:0.00027135636881635457
12/20/2023 20:20:39 - INFO - __main__ - ==========Epoch:26==========
Save best weights
12/20/2023 20:21:07 - INFO - utils.common - 计算 f1 score ing...
12/20/2023 20:21:07 - INFO - utils.common - F1score = 0.9770239342856831
12/20/2023 20:21:07 - INFO - utils.common - 计算 accuracy ing...
12/20/2023 20:21:07 - INFO - utils.common - acc = 0.97725
12/20/2023 20:21:07 - INFO - utils.common - 计算 precision ing...
12/20/2023 20:21:07 - INFO - utils.common - precision = 0.9771549323579349
12/20/2023 20:21:07 - INFO - utils.common - 计算 recall ing...
12/20/2023 20:21:07 - INFO - utils.common - result = {'f1score': 0.9770239342856831, 'acc': 0.97725, 'precision': 0.9771549323579349, 'recall': 0.9769170328101828}
12/20/2023 20:21:07 - INFO - __main__ - Epoch:26, Train Accuracy:0.97725, f1:0.9770239342856831

Epoch: [26][0/63]	
12/20/2023 20:21:23 - INFO - utils.common - 计算 f1 score ing...
12/20/2023 20:21:23 - INFO - utils.common - F1score = 0.9833958584808828
12/20/2023 20:21:23 - INFO - utils.common - 计算 accuracy ing...
12/20/2023 20:21:23 - INFO - utils.common - acc = 0.98345
12/20/2023 20:21:23 - INFO - utils.common - 计算 precision ing...
12/20/2023 20:21:23 - INFO - utils.common - precision = 0.9835959400492502
12/20/2023 20:21:23 - INFO - utils.common - 计算 recall ing...
12/20/2023 20:21:23 - INFO - utils.common - result = {'f1score': 0.9833958584808828, 'acc': 0.98345, 'precision': 0.9835959400492502, 'recall': 0.9832386484986367}
12/20/2023 20:21:23 - INFO - __main__ - Epoch:26, Val Accuracy:0.98345, f1:0.9833958584808828

12/20/2023 20:21:23 - INFO - __main__ - lr:0.0001963663688163546
12/20/2023 20:21:23 - INFO - __main__ - ==========Epoch:27==========
Save best weights
12/20/2023 20:21:49 - INFO - utils.common - 计算 f1 score ing...
12/20/2023 20:21:49 - INFO - utils.common - F1score = 0.9778891198335106
12/20/2023 20:21:49 - INFO - utils.common - 计算 accuracy ing...
12/20/2023 20:21:49 - INFO - utils.common - acc = 0.978125
12/20/2023 20:21:49 - INFO - utils.common - 计算 precision ing...
12/20/2023 20:21:49 - INFO - utils.common - precision = 0.978114362035168
12/20/2023 20:21:49 - INFO - utils.common - 计算 recall ing...
12/20/2023 20:21:49 - INFO - utils.common - result = {'f1score': 0.9778891198335106, 'acc': 0.978125, 'precision': 0.978114362035168, 'recall': 0.9777279432975559}
12/20/2023 20:21:49 - INFO - __main__ - Epoch:27, Train Accuracy:0.978125, f1:0.9778891198335106

Epoch: [27][0/63]	
12/20/2023 20:22:04 - INFO - utils.common - 计算 f1 score ing...
12/20/2023 20:22:04 - INFO - utils.common - F1score = 0.9831513628616234
12/20/2023 20:22:04 - INFO - utils.common - 计算 accuracy ing...
12/20/2023 20:22:05 - INFO - utils.common - acc = 0.9832
12/20/2023 20:22:05 - INFO - utils.common - 计算 precision ing...
12/20/2023 20:22:05 - INFO - utils.common - precision = 0.9832417248000141
12/20/2023 20:22:05 - INFO - utils.common - 计算 recall ing...
12/20/2023 20:22:05 - INFO - utils.common - result = {'f1score': 0.9831513628616234, 'acc': 0.9832, 'precision': 0.9832417248000141, 'recall': 0.98308923788569}
12/20/2023 20:22:05 - INFO - __main__ - Epoch:27, Val Accuracy:0.9832, f1:0.9831513628616234

12/20/2023 20:22:05 - INFO - __main__ - lr:0.0001036736311836454
12/20/2023 20:22:05 - INFO - __main__ - ==========Epoch:28==========
early_st 4
12/20/2023 20:22:31 - INFO - utils.common - 计算 f1 score ing...
12/20/2023 20:22:32 - INFO - utils.common - F1score = 0.9774503092942063
12/20/2023 20:22:32 - INFO - utils.common - 计算 accuracy ing...
12/20/2023 20:22:32 - INFO - utils.common - acc = 0.97775
12/20/2023 20:22:32 - INFO - utils.common - 计算 precision ing...
12/20/2023 20:22:32 - INFO - utils.common - precision = 0.9775636570234263
12/20/2023 20:22:32 - INFO - utils.common - 计算 recall ing...
12/20/2023 20:22:32 - INFO - utils.common - result = {'f1score': 0.9774503092942063, 'acc': 0.97775, 'precision': 0.9775636570234263, 'recall': 0.9773550990135098}
12/20/2023 20:22:32 - INFO - __main__ - Epoch:28, Train Accuracy:0.97775, f1:0.9774503092942063

Epoch: [28][0/63]	
12/20/2023 20:22:48 - INFO - utils.common - 计算 f1 score ing...
12/20/2023 20:22:48 - INFO - utils.common - F1score = 0.9831617026480911
12/20/2023 20:22:48 - INFO - utils.common - 计算 accuracy ing...
12/20/2023 20:22:48 - INFO - utils.common - acc = 0.98325
12/20/2023 20:22:48 - INFO - utils.common - 计算 precision ing...
12/20/2023 20:22:48 - INFO - utils.common - precision = 0.9830719547875376
12/20/2023 20:22:48 - INFO - utils.common - 计算 recall ing...
12/20/2023 20:22:48 - INFO - utils.common - result = {'f1score': 0.9831617026480911, 'acc': 0.98325, 'precision': 0.9830719547875376, 'recall': 0.983280287583789}
12/20/2023 20:22:48 - INFO - __main__ - Epoch:28, Val Accuracy:0.98325, f1:0.9831617026480911

12/20/2023 20:22:48 - INFO - __main__ - lr:2.8683631183645395e-05
12/20/2023 20:22:48 - INFO - __main__ - ==========Epoch:29==========
early_st 3
12/20/2023 20:23:15 - INFO - utils.common - 计算 f1 score ing...
12/20/2023 20:23:15 - INFO - utils.common - F1score = 0.9781665364364213
12/20/2023 20:23:15 - INFO - utils.common - 计算 accuracy ing...
12/20/2023 20:23:15 - INFO - utils.common - acc = 0.978375
12/20/2023 20:23:15 - INFO - utils.common - 计算 precision ing...
12/20/2023 20:23:15 - INFO - utils.common - precision = 0.9781432838446091
12/20/2023 20:23:15 - INFO - utils.common - 计算 recall ing...
12/20/2023 20:23:15 - INFO - utils.common - result = {'f1score': 0.9781665364364213, 'acc': 0.978375, 'precision': 0.9781432838446091, 'recall': 0.9782014411765536}
12/20/2023 20:23:15 - INFO - __main__ - Epoch:29, Train Accuracy:0.978375, f1:0.9781665364364213

Epoch: [29][0/63]	
12/20/2023 20:23:31 - INFO - utils.common - 计算 f1 score ing...
12/20/2023 20:23:31 - INFO - utils.common - F1score = 0.9835711662912485
12/20/2023 20:23:31 - INFO - utils.common - 计算 accuracy ing...
12/20/2023 20:23:31 - INFO - utils.common - acc = 0.98365
12/20/2023 20:23:31 - INFO - utils.common - 计算 precision ing...
12/20/2023 20:23:31 - INFO - utils.common - precision = 0.9836192010355921
12/20/2023 20:23:31 - INFO - utils.common - 计算 recall ing...
12/20/2023 20:23:32 - INFO - utils.common - result = {'f1score': 0.9835711662912485, 'acc': 0.98365, 'precision': 0.9836192010355921, 'recall': 0.9835482381767705}
12/20/2023 20:23:32 - INFO - __main__ - Epoch:29, Val Accuracy:0.98365, f1:0.9835711662912485

12/20/2023 20:23:32 - INFO - __main__ - lr:0.0003
12/20/2023 20:23:32 - INFO - __main__ - ==========Epoch:30==========
Save best weights
12/20/2023 20:23:58 - INFO - utils.common - 计算 f1 score ing...
12/20/2023 20:23:58 - INFO - utils.common - F1score = 0.9769747243856602
12/20/2023 20:23:58 - INFO - utils.common - 计算 accuracy ing...
12/20/2023 20:23:58 - INFO - utils.common - acc = 0.97725
12/20/2023 20:23:58 - INFO - utils.common - 计算 precision ing...
12/20/2023 20:23:58 - INFO - utils.common - precision = 0.9769398348995555
12/20/2023 20:23:58 - INFO - utils.common - 计算 recall ing...
12/20/2023 20:23:58 - INFO - utils.common - result = {'f1score': 0.9769747243856602, 'acc': 0.97725, 'precision': 0.9769398348995555, 'recall': 0.9770223484410216}
12/20/2023 20:23:58 - INFO - __main__ - Epoch:30, Train Accuracy:0.97725, f1:0.9769747243856602

Epoch: [30][0/63]	
12/20/2023 20:24:14 - INFO - utils.common - 计算 f1 score ing...
12/20/2023 20:24:14 - INFO - utils.common - F1score = 0.9837024286163563
12/20/2023 20:24:14 - INFO - utils.common - 计算 accuracy ing...
12/20/2023 20:24:14 - INFO - utils.common - acc = 0.98375
12/20/2023 20:24:14 - INFO - utils.common - 计算 precision ing...
12/20/2023 20:24:14 - INFO - utils.common - precision = 0.983891056362373
12/20/2023 20:24:14 - INFO - utils.common - 计算 recall ing...
12/20/2023 20:24:14 - INFO - utils.common - result = {'f1score': 0.9837024286163563, 'acc': 0.98375, 'precision': 0.983891056362373, 'recall': 0.9835469393043808}
12/20/2023 20:24:14 - INFO - __main__ - Epoch:30, Val Accuracy:0.98375, f1:0.9837024286163563

12/20/2023 20:24:14 - INFO - __main__ - lr:0.00027135636881635457
12/20/2023 20:24:14 - INFO - __main__ - ==========Epoch:31==========
Save best weights
12/20/2023 20:24:41 - INFO - utils.common - 计算 f1 score ing...
12/20/2023 20:24:41 - INFO - utils.common - F1score = 0.9775237494340467
12/20/2023 20:24:41 - INFO - utils.common - 计算 accuracy ing...
12/20/2023 20:24:41 - INFO - utils.common - acc = 0.97775
12/20/2023 20:24:41 - INFO - utils.common - 计算 precision ing...
12/20/2023 20:24:41 - INFO - utils.common - precision = 0.9778810249091521
12/20/2023 20:24:41 - INFO - utils.common - 计算 recall ing...
12/20/2023 20:24:41 - INFO - utils.common - result = {'f1score': 0.9775237494340467, 'acc': 0.97775, 'precision': 0.9778810249091521, 'recall': 0.9772202544186628}
12/20/2023 20:24:41 - INFO - __main__ - Epoch:31, Train Accuracy:0.97775, f1:0.9775237494340467

Epoch: [31][0/63]	
12/20/2023 20:24:57 - INFO - utils.common - 计算 f1 score ing...
12/20/2023 20:24:57 - INFO - utils.common - F1score = 0.9842099935141603
12/20/2023 20:24:57 - INFO - utils.common - 计算 accuracy ing...
12/20/2023 20:24:57 - INFO - utils.common - acc = 0.9843
12/20/2023 20:24:57 - INFO - utils.common - 计算 precision ing...
12/20/2023 20:24:57 - INFO - utils.common - precision = 0.9842041810983228
12/20/2023 20:24:57 - INFO - utils.common - 计算 recall ing...
12/20/2023 20:24:57 - INFO - utils.common - result = {'f1score': 0.9842099935141603, 'acc': 0.9843, 'precision': 0.9842041810983228, 'recall': 0.984230420638803}
12/20/2023 20:24:57 - INFO - __main__ - Epoch:31, Val Accuracy:0.9843, f1:0.9842099935141603

12/20/2023 20:24:57 - INFO - __main__ - lr:0.0001963663688163546
12/20/2023 20:24:57 - INFO - __main__ - ==========Epoch:32==========
Save best weights
12/20/2023 20:25:24 - INFO - utils.common - 计算 f1 score ing...
12/20/2023 20:25:24 - INFO - utils.common - F1score = 0.9770797703331477
12/20/2023 20:25:24 - INFO - utils.common - 计算 accuracy ing...
12/20/2023 20:25:24 - INFO - utils.common - acc = 0.977375
12/20/2023 20:25:24 - INFO - utils.common - 计算 precision ing...
12/20/2023 20:25:25 - INFO - utils.common - precision = 0.9772633873482494
12/20/2023 20:25:25 - INFO - utils.common - 计算 recall ing...
12/20/2023 20:25:25 - INFO - utils.common - result = {'f1score': 0.9770797703331477, 'acc': 0.977375, 'precision': 0.9772633873482494, 'recall': 0.9769129548827453}
12/20/2023 20:25:25 - INFO - __main__ - Epoch:32, Train Accuracy:0.977375, f1:0.9770797703331477

Epoch: [32][0/63]	
12/20/2023 20:25:41 - INFO - utils.common - 计算 f1 score ing...
12/20/2023 20:25:41 - INFO - utils.common - F1score = 0.9845979049862849
12/20/2023 20:25:41 - INFO - utils.common - 计算 accuracy ing...
12/20/2023 20:25:41 - INFO - utils.common - acc = 0.98465
12/20/2023 20:25:41 - INFO - utils.common - 计算 precision ing...
12/20/2023 20:25:41 - INFO - utils.common - precision = 0.9848165921023964
12/20/2023 20:25:41 - INFO - utils.common - 计算 recall ing...
12/20/2023 20:25:41 - INFO - utils.common - result = {'f1score': 0.9845979049862849, 'acc': 0.98465, 'precision': 0.9848165921023964, 'recall': 0.9844151548982766}
12/20/2023 20:25:41 - INFO - __main__ - Epoch:32, Val Accuracy:0.98465, f1:0.9845979049862849

12/20/2023 20:25:41 - INFO - __main__ - lr:0.0001036736311836454
12/20/2023 20:25:41 - INFO - __main__ - ==========Epoch:33==========
Save best weights
12/20/2023 20:26:07 - INFO - utils.common - 计算 f1 score ing...
12/20/2023 20:26:07 - INFO - utils.common - F1score = 0.9786734932826425
12/20/2023 20:26:07 - INFO - utils.common - 计算 accuracy ing...
12/20/2023 20:26:07 - INFO - utils.common - acc = 0.979
12/20/2023 20:26:07 - INFO - utils.common - 计算 precision ing...
12/20/2023 20:26:07 - INFO - utils.common - precision = 0.978813240001894
12/20/2023 20:26:07 - INFO - utils.common - 计算 recall ing...
12/20/2023 20:26:07 - INFO - utils.common - result = {'f1score': 0.9786734932826425, 'acc': 0.979, 'precision': 0.978813240001894, 'recall': 0.9785958257309508}
12/20/2023 20:26:07 - INFO - __main__ - Epoch:33, Train Accuracy:0.979, f1:0.9786734932826425

Epoch: [33][0/63]	
12/20/2023 20:26:22 - INFO - utils.common - 计算 f1 score ing...
12/20/2023 20:26:23 - INFO - utils.common - F1score = 0.98409070538865
12/20/2023 20:26:23 - INFO - utils.common - 计算 accuracy ing...
12/20/2023 20:26:23 - INFO - utils.common - acc = 0.98415
12/20/2023 20:26:23 - INFO - utils.common - 计算 precision ing...
12/20/2023 20:26:23 - INFO - utils.common - precision = 0.9840750581349609
12/20/2023 20:26:23 - INFO - utils.common - 计算 recall ing...
12/20/2023 20:26:23 - INFO - utils.common - result = {'f1score': 0.98409070538865, 'acc': 0.98415, 'precision': 0.9840750581349609, 'recall': 0.9841275023737599}
12/20/2023 20:26:23 - INFO - __main__ - Epoch:33, Val Accuracy:0.98415, f1:0.98409070538865

12/20/2023 20:26:23 - INFO - __main__ - lr:2.8683631183645395e-05
12/20/2023 20:26:23 - INFO - __main__ - ==========Epoch:34==========
early_st 4
12/20/2023 20:26:49 - INFO - utils.common - 计算 f1 score ing...
12/20/2023 20:26:49 - INFO - utils.common - F1score = 0.9801560584937477
12/20/2023 20:26:49 - INFO - utils.common - 计算 accuracy ing...
12/20/2023 20:26:49 - INFO - utils.common - acc = 0.98025
12/20/2023 20:26:49 - INFO - utils.common - 计算 precision ing...
12/20/2023 20:26:49 - INFO - utils.common - precision = 0.9801771876301122
12/20/2023 20:26:49 - INFO - utils.common - 计算 recall ing...
12/20/2023 20:26:49 - INFO - utils.common - result = {'f1score': 0.9801560584937477, 'acc': 0.98025, 'precision': 0.9801771876301122, 'recall': 0.9801660176222994}
12/20/2023 20:26:49 - INFO - __main__ - Epoch:34, Train Accuracy:0.98025, f1:0.9801560584937477

Epoch: [34][0/63]	
12/20/2023 20:27:05 - INFO - utils.common - 计算 f1 score ing...
12/20/2023 20:27:05 - INFO - utils.common - F1score = 0.9843490025726839
12/20/2023 20:27:05 - INFO - utils.common - 计算 accuracy ing...
12/20/2023 20:27:05 - INFO - utils.common - acc = 0.9844
12/20/2023 20:27:05 - INFO - utils.common - 计算 precision ing...
12/20/2023 20:27:05 - INFO - utils.common - precision = 0.9844569890232457
12/20/2023 20:27:05 - INFO - utils.common - 计算 recall ing...
12/20/2023 20:27:05 - INFO - utils.common - result = {'f1score': 0.9843490025726839, 'acc': 0.9844, 'precision': 0.9844569890232457, 'recall': 0.9842608402594476}
12/20/2023 20:27:05 - INFO - __main__ - Epoch:34, Val Accuracy:0.9844, f1:0.9843490025726839

12/20/2023 20:27:05 - INFO - __main__ - lr:0.0003
12/20/2023 20:27:05 - INFO - __main__ - ==========Epoch:35==========
early_st 3
12/20/2023 20:27:32 - INFO - utils.common - 计算 f1 score ing...
12/20/2023 20:27:32 - INFO - utils.common - F1score = 0.9802140536383457
12/20/2023 20:27:32 - INFO - utils.common - 计算 accuracy ing...
12/20/2023 20:27:32 - INFO - utils.common - acc = 0.98025
12/20/2023 20:27:32 - INFO - utils.common - 计算 precision ing...
12/20/2023 20:27:32 - INFO - utils.common - precision = 0.9801476170672123
12/20/2023 20:27:32 - INFO - utils.common - 计算 recall ing...
12/20/2023 20:27:32 - INFO - utils.common - result = {'f1score': 0.9802140536383457, 'acc': 0.98025, 'precision': 0.9801476170672123, 'recall': 0.980300433302781}
12/20/2023 20:27:32 - INFO - __main__ - Epoch:35, Train Accuracy:0.98025, f1:0.9802140536383457

Epoch: [35][0/63]	
12/20/2023 20:27:48 - INFO - utils.common - 计算 f1 score ing...
12/20/2023 20:27:48 - INFO - utils.common - F1score = 0.9845787039586738
12/20/2023 20:27:48 - INFO - utils.common - 计算 accuracy ing...
12/20/2023 20:27:48 - INFO - utils.common - acc = 0.98465
12/20/2023 20:27:48 - INFO - utils.common - 计算 precision ing...
12/20/2023 20:27:48 - INFO - utils.common - precision = 0.9846889015810582
12/20/2023 20:27:48 - INFO - utils.common - 计算 recall ing...
12/20/2023 20:27:48 - INFO - utils.common - result = {'f1score': 0.9845787039586738, 'acc': 0.98465, 'precision': 0.9846889015810582, 'recall': 0.9844865894781445}
12/20/2023 20:27:48 - INFO - __main__ - Epoch:35, Val Accuracy:0.98465, f1:0.9845787039586738

12/20/2023 20:27:48 - INFO - __main__ - lr:0.00027135636881635457
12/20/2023 20:27:48 - INFO - __main__ - ==========Epoch:36==========
Save best weights
12/20/2023 20:28:14 - INFO - utils.common - 计算 f1 score ing...
12/20/2023 20:28:14 - INFO - utils.common - F1score = 0.9806248097878272
12/20/2023 20:28:14 - INFO - utils.common - 计算 accuracy ing...
12/20/2023 20:28:14 - INFO - utils.common - acc = 0.980875
12/20/2023 20:28:14 - INFO - utils.common - 计算 precision ing...
12/20/2023 20:28:14 - INFO - utils.common - precision = 0.9804235444867275
12/20/2023 20:28:14 - INFO - utils.common - 计算 recall ing...
12/20/2023 20:28:14 - INFO - utils.common - result = {'f1score': 0.9806248097878272, 'acc': 0.980875, 'precision': 0.9804235444867275, 'recall': 0.9808451571844236}
12/20/2023 20:28:14 - INFO - __main__ - Epoch:36, Train Accuracy:0.980875, f1:0.9806248097878272

Epoch: [36][0/63]	
12/20/2023 20:28:30 - INFO - utils.common - 计算 f1 score ing...
12/20/2023 20:28:30 - INFO - utils.common - F1score = 0.984773127813228
12/20/2023 20:28:30 - INFO - utils.common - 计算 accuracy ing...
12/20/2023 20:28:30 - INFO - utils.common - acc = 0.98485
12/20/2023 20:28:30 - INFO - utils.common - 计算 precision ing...
12/20/2023 20:28:30 - INFO - utils.common - precision = 0.9847809657839233
12/20/2023 20:28:30 - INFO - utils.common - 计算 recall ing...
12/20/2023 20:28:30 - INFO - utils.common - result = {'f1score': 0.984773127813228, 'acc': 0.98485, 'precision': 0.9847809657839233, 'recall': 0.9847933698408026}
12/20/2023 20:28:30 - INFO - __main__ - Epoch:36, Val Accuracy:0.98485, f1:0.984773127813228

12/20/2023 20:28:30 - INFO - __main__ - lr:0.0001963663688163546
12/20/2023 20:28:30 - INFO - __main__ - ==========Epoch:37==========
Save best weights
12/20/2023 20:28:57 - INFO - utils.common - 计算 f1 score ing...
12/20/2023 20:28:57 - INFO - utils.common - F1score = 0.9818654246028251
12/20/2023 20:28:57 - INFO - utils.common - 计算 accuracy ing...
12/20/2023 20:28:57 - INFO - utils.common - acc = 0.981875
12/20/2023 20:28:57 - INFO - utils.common - 计算 precision ing...
12/20/2023 20:28:57 - INFO - utils.common - precision = 0.9817738077637189
12/20/2023 20:28:57 - INFO - utils.common - 计算 recall ing...
12/20/2023 20:28:57 - INFO - utils.common - result = {'f1score': 0.9818654246028251, 'acc': 0.981875, 'precision': 0.9817738077637189, 'recall': 0.9819801836883764}
12/20/2023 20:28:57 - INFO - __main__ - Epoch:37, Train Accuracy:0.981875, f1:0.9818654246028251

Epoch: [37][0/63]	
12/20/2023 20:29:13 - INFO - utils.common - 计算 f1 score ing...
12/20/2023 20:29:13 - INFO - utils.common - F1score = 0.9846290099213993
12/20/2023 20:29:13 - INFO - utils.common - 计算 accuracy ing...
12/20/2023 20:29:13 - INFO - utils.common - acc = 0.9847
12/20/2023 20:29:13 - INFO - utils.common - 计算 precision ing...
12/20/2023 20:29:13 - INFO - utils.common - precision = 0.9845338985181071
12/20/2023 20:29:13 - INFO - utils.common - 计算 recall ing...
12/20/2023 20:29:13 - INFO - utils.common - result = {'f1score': 0.9846290099213993, 'acc': 0.9847, 'precision': 0.9845338985181071, 'recall': 0.9847424084325535}
12/20/2023 20:29:13 - INFO - __main__ - Epoch:37, Val Accuracy:0.9847, f1:0.9846290099213993

12/20/2023 20:29:13 - INFO - __main__ - lr:0.0001036736311836454
12/20/2023 20:29:13 - INFO - __main__ - ==========Epoch:38==========
early_st 4
12/20/2023 20:29:40 - INFO - utils.common - 计算 f1 score ing...
12/20/2023 20:29:40 - INFO - utils.common - F1score = 0.9794374405884599
12/20/2023 20:29:40 - INFO - utils.common - 计算 accuracy ing...
12/20/2023 20:29:40 - INFO - utils.common - acc = 0.97975
12/20/2023 20:29:40 - INFO - utils.common - 计算 precision ing...
12/20/2023 20:29:40 - INFO - utils.common - precision = 0.9794112874050563
12/20/2023 20:29:40 - INFO - utils.common - 计算 recall ing...
12/20/2023 20:29:41 - INFO - utils.common - result = {'f1score': 0.9794374405884599, 'acc': 0.97975, 'precision': 0.9794112874050563, 'recall': 0.9794934981218941}
12/20/2023 20:29:41 - INFO - __main__ - Epoch:38, Train Accuracy:0.97975, f1:0.9794374405884599

Epoch: [38][0/63]	
12/20/2023 20:29:57 - INFO - utils.common - 计算 f1 score ing...
12/20/2023 20:29:57 - INFO - utils.common - F1score = 0.9848990965069978
12/20/2023 20:29:57 - INFO - utils.common - 计算 accuracy ing...
12/20/2023 20:29:57 - INFO - utils.common - acc = 0.98495
12/20/2023 20:29:57 - INFO - utils.common - 计算 precision ing...
12/20/2023 20:29:57 - INFO - utils.common - precision = 0.9848967901883139
12/20/2023 20:29:57 - INFO - utils.common - 计算 recall ing...
12/20/2023 20:29:57 - INFO - utils.common - result = {'f1score': 0.9848990965069978, 'acc': 0.98495, 'precision': 0.9848967901883139, 'recall': 0.9849216420785614}
12/20/2023 20:29:57 - INFO - __main__ - Epoch:38, Val Accuracy:0.98495, f1:0.9848990965069978

12/20/2023 20:29:57 - INFO - __main__ - lr:2.8683631183645395e-05
12/20/2023 20:29:57 - INFO - __main__ - ==========Epoch:39==========
Save best weights
12/20/2023 20:30:23 - INFO - utils.common - 计算 f1 score ing...
12/20/2023 20:30:23 - INFO - utils.common - F1score = 0.9798838472789916
12/20/2023 20:30:23 - INFO - utils.common - 计算 accuracy ing...
12/20/2023 20:30:23 - INFO - utils.common - acc = 0.98
12/20/2023 20:30:23 - INFO - utils.common - 计算 precision ing...
12/20/2023 20:30:23 - INFO - utils.common - precision = 0.9802470106177366
12/20/2023 20:30:23 - INFO - utils.common - 计算 recall ing...
12/20/2023 20:30:23 - INFO - utils.common - result = {'f1score': 0.9798838472789916, 'acc': 0.98, 'precision': 0.9802470106177366, 'recall': 0.9795418049226338}
12/20/2023 20:30:23 - INFO - __main__ - Epoch:39, Train Accuracy:0.98, f1:0.9798838472789916

Epoch: [39][0/63]	
12/20/2023 20:30:41 - INFO - utils.common - 计算 f1 score ing...
12/20/2023 20:30:41 - INFO - utils.common - F1score = 0.9849358289006808
12/20/2023 20:30:41 - INFO - utils.common - 计算 accuracy ing...
12/20/2023 20:30:41 - INFO - utils.common - acc = 0.98495
12/20/2023 20:30:41 - INFO - utils.common - 计算 precision ing...
12/20/2023 20:30:42 - INFO - utils.common - precision = 0.9849874382353249
12/20/2023 20:30:42 - INFO - utils.common - 计算 recall ing...
12/20/2023 20:30:42 - INFO - utils.common - result = {'f1score': 0.9849358289006808, 'acc': 0.98495, 'precision': 0.9849874382353249, 'recall': 0.9849047971477513}
12/20/2023 20:30:42 - INFO - __main__ - Epoch:39, Val Accuracy:0.98495, f1:0.9849358289006808

12/20/2023 20:30:42 - INFO - __main__ - lr:0.0003
Save best weights
Test
12/20/2023 20:30:47 - INFO - utils.common - 计算 f1 score ing...
12/20/2023 20:30:47 - INFO - utils.common - F1score = 0.9514116252345709
12/20/2023 20:30:47 - INFO - utils.common - 计算 accuracy ing...
12/20/2023 20:30:47 - INFO - utils.common - acc = 0.9654596100278552
12/20/2023 20:30:47 - INFO - utils.common - 计算 precision ing...
12/20/2023 20:30:47 - INFO - utils.common - precision = 0.9590236904699968
12/20/2023 20:30:47 - INFO - utils.common - 计算 recall ing...
12/20/2023 20:30:47 - INFO - utils.common - result = {'f1score': 0.9514116252345709, 'acc': 0.9654596100278552, 'precision': 0.9590236904699968, 'recall': 0.9505469458619155}
12/20/2023 20:30:47 - INFO - __main__ - test_f1:0.9514116252345709, test_acc:0.9654596100278552, test_precision:0.9590236904699968, test_recall:0.9505469458619155
12/20/2023 20:30:47 - INFO - __main__ - Finish fine-turning...
