nohup: ignoring input
12/20/2023 18:25:23 - INFO - __main__ - 设置 seed 为:  0
12/20/2023 18:25:23 - INFO - __main__ - Start fine-turning...
12/20/2023 18:25:27 - INFO - __main__ - ==========Epoch:0==========
=> loading checkpoint '/home/lijunjian/CA2CL/save/NCT/pretrain/resnet18/ResNet18_bs_1792_img_size_224_lr_0.0006_wd_0.0001_temperature_0.2_adv_eps_1_cld_0.1/checkpoint_100.tar'
missing keys:[], unexpected_keys:['module.instance_projector.0.weight', 'module.instance_projector.0.bias', 'module.instance_projector.2.weight', 'module.instance_projector.2.bias', 'module.groupDis.0.weight']
loaded
12/20/2023 18:25:45 - INFO - utils.common - 计算 f1 score ing...
12/20/2023 18:25:45 - INFO - utils.common - F1score = 0.49404526585083286
12/20/2023 18:25:45 - INFO - utils.common - 计算 accuracy ing...
12/20/2023 18:25:45 - INFO - utils.common - acc = 0.512
12/20/2023 18:25:45 - INFO - utils.common - 计算 precision ing...
12/20/2023 18:25:45 - INFO - utils.common - precision = 0.5724442371048729
12/20/2023 18:25:45 - INFO - utils.common - 计算 recall ing...
12/20/2023 18:25:45 - INFO - utils.common - result = {'f1score': 0.49404526585083286, 'acc': 0.512, 'precision': 0.5724442371048729, 'recall': 0.49809497328048635}
12/20/2023 18:25:45 - INFO - __main__ - Epoch:0, Train Accuracy:0.512, f1:0.49404526585083286

Epoch: [0][0/63]	
12/20/2023 18:26:05 - INFO - utils.common - 计算 f1 score ing...
12/20/2023 18:26:05 - INFO - utils.common - F1score = 0.9022466352883414
12/20/2023 18:26:05 - INFO - utils.common - 计算 accuracy ing...
12/20/2023 18:26:05 - INFO - utils.common - acc = 0.9053
12/20/2023 18:26:05 - INFO - utils.common - 计算 precision ing...
12/20/2023 18:26:05 - INFO - utils.common - precision = 0.9166885642557046
12/20/2023 18:26:05 - INFO - utils.common - 计算 recall ing...
12/20/2023 18:26:05 - INFO - utils.common - result = {'f1score': 0.9022466352883414, 'acc': 0.9053, 'precision': 0.9166885642557046, 'recall': 0.8999687636466367}
12/20/2023 18:26:05 - INFO - __main__ - Epoch:0, Val Accuracy:0.9053, f1:0.9022466352883414

12/20/2023 18:26:05 - INFO - __main__ - lr:0.00027135636881635457
12/20/2023 18:26:05 - INFO - __main__ - ==========Epoch:1==========
Save best weights
12/20/2023 18:26:30 - INFO - utils.common - 计算 f1 score ing...
12/20/2023 18:26:30 - INFO - utils.common - F1score = 0.9326167599368227
12/20/2023 18:26:30 - INFO - utils.common - 计算 accuracy ing...
12/20/2023 18:26:30 - INFO - utils.common - acc = 0.9345
12/20/2023 18:26:30 - INFO - utils.common - 计算 precision ing...
12/20/2023 18:26:30 - INFO - utils.common - precision = 0.9388684274843256
12/20/2023 18:26:30 - INFO - utils.common - 计算 recall ing...
12/20/2023 18:26:30 - INFO - utils.common - result = {'f1score': 0.9326167599368227, 'acc': 0.9345, 'precision': 0.9388684274843256, 'recall': 0.9299468492984965}
12/20/2023 18:26:30 - INFO - __main__ - Epoch:1, Train Accuracy:0.9345, f1:0.9326167599368227

Epoch: [1][0/63]	
12/20/2023 18:26:50 - INFO - utils.common - 计算 f1 score ing...
12/20/2023 18:26:50 - INFO - utils.common - F1score = 0.9567470604618232
12/20/2023 18:26:50 - INFO - utils.common - 计算 accuracy ing...
12/20/2023 18:26:50 - INFO - utils.common - acc = 0.957
12/20/2023 18:26:50 - INFO - utils.common - 计算 precision ing...
12/20/2023 18:26:50 - INFO - utils.common - precision = 0.9589534683247083
12/20/2023 18:26:50 - INFO - utils.common - 计算 recall ing...
12/20/2023 18:26:50 - INFO - utils.common - result = {'f1score': 0.9567470604618232, 'acc': 0.957, 'precision': 0.9589534683247083, 'recall': 0.9553134000718119}
12/20/2023 18:26:50 - INFO - __main__ - Epoch:1, Val Accuracy:0.957, f1:0.9567470604618232

12/20/2023 18:26:50 - INFO - __main__ - lr:0.0001963663688163546
12/20/2023 18:26:50 - INFO - __main__ - ==========Epoch:2==========
Save best weights
12/20/2023 18:27:16 - INFO - utils.common - 计算 f1 score ing...
12/20/2023 18:27:16 - INFO - utils.common - F1score = 0.9508855031318283
12/20/2023 18:27:16 - INFO - utils.common - 计算 accuracy ing...
12/20/2023 18:27:16 - INFO - utils.common - acc = 0.951625
12/20/2023 18:27:16 - INFO - utils.common - 计算 precision ing...
12/20/2023 18:27:16 - INFO - utils.common - precision = 0.9533013687035985
12/20/2023 18:27:16 - INFO - utils.common - 计算 recall ing...
12/20/2023 18:27:16 - INFO - utils.common - result = {'f1score': 0.9508855031318283, 'acc': 0.951625, 'precision': 0.9533013687035985, 'recall': 0.9490652008101945}
12/20/2023 18:27:16 - INFO - __main__ - Epoch:2, Train Accuracy:0.951625, f1:0.9508855031318283

Epoch: [2][0/63]	
12/20/2023 18:27:37 - INFO - utils.common - 计算 f1 score ing...
12/20/2023 18:27:37 - INFO - utils.common - F1score = 0.9634251014318631
12/20/2023 18:27:37 - INFO - utils.common - 计算 accuracy ing...
12/20/2023 18:27:37 - INFO - utils.common - acc = 0.96355
12/20/2023 18:27:37 - INFO - utils.common - 计算 precision ing...
12/20/2023 18:27:37 - INFO - utils.common - precision = 0.9652438237916553
12/20/2023 18:27:37 - INFO - utils.common - 计算 recall ing...
12/20/2023 18:27:37 - INFO - utils.common - result = {'f1score': 0.9634251014318631, 'acc': 0.96355, 'precision': 0.9652438237916553, 'recall': 0.962051384916679}
12/20/2023 18:27:37 - INFO - __main__ - Epoch:2, Val Accuracy:0.96355, f1:0.9634251014318631

12/20/2023 18:27:37 - INFO - __main__ - lr:0.0001036736311836454
12/20/2023 18:27:37 - INFO - __main__ - ==========Epoch:3==========
Save best weights
12/20/2023 18:28:02 - INFO - utils.common - 计算 f1 score ing...
12/20/2023 18:28:02 - INFO - utils.common - F1score = 0.9568616348102172
12/20/2023 18:28:02 - INFO - utils.common - 计算 accuracy ing...
12/20/2023 18:28:02 - INFO - utils.common - acc = 0.95775
12/20/2023 18:28:02 - INFO - utils.common - 计算 precision ing...
12/20/2023 18:28:02 - INFO - utils.common - precision = 0.958748517301766
12/20/2023 18:28:02 - INFO - utils.common - 计算 recall ing...
12/20/2023 18:28:02 - INFO - utils.common - result = {'f1score': 0.9568616348102172, 'acc': 0.95775, 'precision': 0.958748517301766, 'recall': 0.9554032072474619}
12/20/2023 18:28:02 - INFO - __main__ - Epoch:3, Train Accuracy:0.95775, f1:0.9568616348102172

Epoch: [3][0/63]	
12/20/2023 18:28:23 - INFO - utils.common - 计算 f1 score ing...
12/20/2023 18:28:23 - INFO - utils.common - F1score = 0.9668625743014343
12/20/2023 18:28:23 - INFO - utils.common - 计算 accuracy ing...
12/20/2023 18:28:23 - INFO - utils.common - acc = 0.96695
12/20/2023 18:28:23 - INFO - utils.common - 计算 precision ing...
12/20/2023 18:28:23 - INFO - utils.common - precision = 0.968213635884474
12/20/2023 18:28:23 - INFO - utils.common - 计算 recall ing...
12/20/2023 18:28:23 - INFO - utils.common - result = {'f1score': 0.9668625743014343, 'acc': 0.96695, 'precision': 0.968213635884474, 'recall': 0.9657557392604077}
12/20/2023 18:28:23 - INFO - __main__ - Epoch:3, Val Accuracy:0.96695, f1:0.9668625743014343

12/20/2023 18:28:23 - INFO - __main__ - lr:2.8683631183645395e-05
12/20/2023 18:28:23 - INFO - __main__ - ==========Epoch:4==========
Save best weights
12/20/2023 18:28:48 - INFO - utils.common - 计算 f1 score ing...
12/20/2023 18:28:48 - INFO - utils.common - F1score = 0.9580166654650609
12/20/2023 18:28:48 - INFO - utils.common - 计算 accuracy ing...
12/20/2023 18:28:48 - INFO - utils.common - acc = 0.958375
12/20/2023 18:28:48 - INFO - utils.common - 计算 precision ing...
12/20/2023 18:28:48 - INFO - utils.common - precision = 0.9595973245708436
12/20/2023 18:28:48 - INFO - utils.common - 计算 recall ing...
12/20/2023 18:28:48 - INFO - utils.common - result = {'f1score': 0.9580166654650609, 'acc': 0.958375, 'precision': 0.9595973245708436, 'recall': 0.9566974400749293}
12/20/2023 18:28:48 - INFO - __main__ - Epoch:4, Train Accuracy:0.958375, f1:0.9580166654650609

Epoch: [4][0/63]	
12/20/2023 18:29:08 - INFO - utils.common - 计算 f1 score ing...
12/20/2023 18:29:08 - INFO - utils.common - F1score = 0.9680228361510154
12/20/2023 18:29:08 - INFO - utils.common - 计算 accuracy ing...
12/20/2023 18:29:08 - INFO - utils.common - acc = 0.9682
12/20/2023 18:29:08 - INFO - utils.common - 计算 precision ing...
12/20/2023 18:29:08 - INFO - utils.common - precision = 0.9688530740151504
12/20/2023 18:29:08 - INFO - utils.common - 计算 recall ing...
12/20/2023 18:29:08 - INFO - utils.common - result = {'f1score': 0.9680228361510154, 'acc': 0.9682, 'precision': 0.9688530740151504, 'recall': 0.9673163893926896}
12/20/2023 18:29:08 - INFO - __main__ - Epoch:4, Val Accuracy:0.9682, f1:0.9680228361510154

12/20/2023 18:29:08 - INFO - __main__ - lr:0.0003
12/20/2023 18:29:08 - INFO - __main__ - ==========Epoch:5==========
Save best weights
12/20/2023 18:29:34 - INFO - utils.common - 计算 f1 score ing...
12/20/2023 18:29:34 - INFO - utils.common - F1score = 0.9631917712344611
12/20/2023 18:29:34 - INFO - utils.common - 计算 accuracy ing...
12/20/2023 18:29:34 - INFO - utils.common - acc = 0.96375
12/20/2023 18:29:34 - INFO - utils.common - 计算 precision ing...
12/20/2023 18:29:34 - INFO - utils.common - precision = 0.964605711441124
12/20/2023 18:29:34 - INFO - utils.common - 计算 recall ing...
12/20/2023 18:29:34 - INFO - utils.common - result = {'f1score': 0.9631917712344611, 'acc': 0.96375, 'precision': 0.964605711441124, 'recall': 0.9619908182152097}
12/20/2023 18:29:34 - INFO - __main__ - Epoch:5, Train Accuracy:0.96375, f1:0.9631917712344611

Epoch: [5][0/63]	
12/20/2023 18:29:54 - INFO - utils.common - 计算 f1 score ing...
12/20/2023 18:29:54 - INFO - utils.common - F1score = 0.9724046337793096
12/20/2023 18:29:54 - INFO - utils.common - 计算 accuracy ing...
12/20/2023 18:29:54 - INFO - utils.common - acc = 0.97245
12/20/2023 18:29:54 - INFO - utils.common - 计算 precision ing...
12/20/2023 18:29:54 - INFO - utils.common - precision = 0.9732034769152773
12/20/2023 18:29:54 - INFO - utils.common - 计算 recall ing...
12/20/2023 18:29:54 - INFO - utils.common - result = {'f1score': 0.9724046337793096, 'acc': 0.97245, 'precision': 0.9732034769152773, 'recall': 0.97169462983473}
12/20/2023 18:29:54 - INFO - __main__ - Epoch:5, Val Accuracy:0.97245, f1:0.9724046337793096

12/20/2023 18:29:54 - INFO - __main__ - lr:0.00027135636881635457
12/20/2023 18:29:54 - INFO - __main__ - ==========Epoch:6==========
Save best weights
12/20/2023 18:30:19 - INFO - utils.common - 计算 f1 score ing...
12/20/2023 18:30:19 - INFO - utils.common - F1score = 0.9644532582227661
12/20/2023 18:30:19 - INFO - utils.common - 计算 accuracy ing...
12/20/2023 18:30:19 - INFO - utils.common - acc = 0.965
12/20/2023 18:30:19 - INFO - utils.common - 计算 precision ing...
12/20/2023 18:30:19 - INFO - utils.common - precision = 0.9655235698542705
12/20/2023 18:30:19 - INFO - utils.common - 计算 recall ing...
12/20/2023 18:30:19 - INFO - utils.common - result = {'f1score': 0.9644532582227661, 'acc': 0.965, 'precision': 0.9655235698542705, 'recall': 0.9634965931485}
12/20/2023 18:30:19 - INFO - __main__ - Epoch:6, Train Accuracy:0.965, f1:0.9644532582227661

Epoch: [6][0/63]	
12/20/2023 18:30:39 - INFO - utils.common - 计算 f1 score ing...
12/20/2023 18:30:39 - INFO - utils.common - F1score = 0.9751090224386493
12/20/2023 18:30:39 - INFO - utils.common - 计算 accuracy ing...
12/20/2023 18:30:39 - INFO - utils.common - acc = 0.97515
12/20/2023 18:30:39 - INFO - utils.common - 计算 precision ing...
12/20/2023 18:30:39 - INFO - utils.common - precision = 0.9756605557554477
12/20/2023 18:30:39 - INFO - utils.common - 计算 recall ing...
12/20/2023 18:30:39 - INFO - utils.common - result = {'f1score': 0.9751090224386493, 'acc': 0.97515, 'precision': 0.9756605557554477, 'recall': 0.9746241860543989}
12/20/2023 18:30:39 - INFO - __main__ - Epoch:6, Val Accuracy:0.97515, f1:0.9751090224386493

12/20/2023 18:30:39 - INFO - __main__ - lr:0.0001963663688163546
12/20/2023 18:30:40 - INFO - __main__ - ==========Epoch:7==========
Save best weights
12/20/2023 18:31:05 - INFO - utils.common - 计算 f1 score ing...
12/20/2023 18:31:05 - INFO - utils.common - F1score = 0.9673443522833806
12/20/2023 18:31:05 - INFO - utils.common - 计算 accuracy ing...
12/20/2023 18:31:05 - INFO - utils.common - acc = 0.967875
12/20/2023 18:31:05 - INFO - utils.common - 计算 precision ing...
12/20/2023 18:31:05 - INFO - utils.common - precision = 0.9681745030966916
12/20/2023 18:31:05 - INFO - utils.common - 计算 recall ing...
12/20/2023 18:31:05 - INFO - utils.common - result = {'f1score': 0.9673443522833806, 'acc': 0.967875, 'precision': 0.9681745030966916, 'recall': 0.9665762491782603}
12/20/2023 18:31:05 - INFO - __main__ - Epoch:7, Train Accuracy:0.967875, f1:0.9673443522833806

Epoch: [7][0/63]	
12/20/2023 18:31:25 - INFO - utils.common - 计算 f1 score ing...
12/20/2023 18:31:25 - INFO - utils.common - F1score = 0.9770905625685411
12/20/2023 18:31:25 - INFO - utils.common - 计算 accuracy ing...
12/20/2023 18:31:25 - INFO - utils.common - acc = 0.9772
12/20/2023 18:31:25 - INFO - utils.common - 计算 precision ing...
12/20/2023 18:31:25 - INFO - utils.common - precision = 0.9776221336696336
12/20/2023 18:31:25 - INFO - utils.common - 计算 recall ing...
12/20/2023 18:31:25 - INFO - utils.common - result = {'f1score': 0.9770905625685411, 'acc': 0.9772, 'precision': 0.9776221336696336, 'recall': 0.9765977375194884}
12/20/2023 18:31:25 - INFO - __main__ - Epoch:7, Val Accuracy:0.9772, f1:0.9770905625685411

12/20/2023 18:31:25 - INFO - __main__ - lr:0.0001036736311836454
12/20/2023 18:31:25 - INFO - __main__ - ==========Epoch:8==========
Save best weights
12/20/2023 18:31:51 - INFO - utils.common - 计算 f1 score ing...
12/20/2023 18:31:51 - INFO - utils.common - F1score = 0.9680963751704783
12/20/2023 18:31:51 - INFO - utils.common - 计算 accuracy ing...
12/20/2023 18:31:51 - INFO - utils.common - acc = 0.96875
12/20/2023 18:31:51 - INFO - utils.common - 计算 precision ing...
12/20/2023 18:31:51 - INFO - utils.common - precision = 0.9688884273170283
12/20/2023 18:31:51 - INFO - utils.common - 计算 recall ing...
12/20/2023 18:31:51 - INFO - utils.common - result = {'f1score': 0.9680963751704783, 'acc': 0.96875, 'precision': 0.9688884273170283, 'recall': 0.9673587383840179}
12/20/2023 18:31:51 - INFO - __main__ - Epoch:8, Train Accuracy:0.96875, f1:0.9680963751704783

Epoch: [8][0/63]	
12/20/2023 18:32:11 - INFO - utils.common - 计算 f1 score ing...
12/20/2023 18:32:11 - INFO - utils.common - F1score = 0.9767440335674722
12/20/2023 18:32:11 - INFO - utils.common - 计算 accuracy ing...
12/20/2023 18:32:11 - INFO - utils.common - acc = 0.9768
12/20/2023 18:32:11 - INFO - utils.common - 计算 precision ing...
12/20/2023 18:32:11 - INFO - utils.common - precision = 0.9773360705858347
12/20/2023 18:32:11 - INFO - utils.common - 计算 recall ing...
12/20/2023 18:32:11 - INFO - utils.common - result = {'f1score': 0.9767440335674722, 'acc': 0.9768, 'precision': 0.9773360705858347, 'recall': 0.976217288048645}
12/20/2023 18:32:11 - INFO - __main__ - Epoch:8, Val Accuracy:0.9768, f1:0.9767440335674722

12/20/2023 18:32:11 - INFO - __main__ - lr:2.8683631183645395e-05
12/20/2023 18:32:11 - INFO - __main__ - ==========Epoch:9==========
early_st 4
12/20/2023 18:32:37 - INFO - utils.common - 计算 f1 score ing...
12/20/2023 18:32:37 - INFO - utils.common - F1score = 0.9691203934883585
12/20/2023 18:32:37 - INFO - utils.common - 计算 accuracy ing...
12/20/2023 18:32:37 - INFO - utils.common - acc = 0.9695
12/20/2023 18:32:37 - INFO - utils.common - 计算 precision ing...
12/20/2023 18:32:37 - INFO - utils.common - precision = 0.9700957558927874
12/20/2023 18:32:37 - INFO - utils.common - 计算 recall ing...
12/20/2023 18:32:37 - INFO - utils.common - result = {'f1score': 0.9691203934883585, 'acc': 0.9695, 'precision': 0.9700957558927874, 'recall': 0.9682175965211326}
12/20/2023 18:32:37 - INFO - __main__ - Epoch:9, Train Accuracy:0.9695, f1:0.9691203934883585

Epoch: [9][0/63]	
12/20/2023 18:32:56 - INFO - utils.common - 计算 f1 score ing...
12/20/2023 18:32:56 - INFO - utils.common - F1score = 0.9776696873780004
12/20/2023 18:32:56 - INFO - utils.common - 计算 accuracy ing...
12/20/2023 18:32:56 - INFO - utils.common - acc = 0.97775
12/20/2023 18:32:56 - INFO - utils.common - 计算 precision ing...
12/20/2023 18:32:56 - INFO - utils.common - precision = 0.9782553048194406
12/20/2023 18:32:56 - INFO - utils.common - 计算 recall ing...
12/20/2023 18:32:56 - INFO - utils.common - result = {'f1score': 0.9776696873780004, 'acc': 0.97775, 'precision': 0.9782553048194406, 'recall': 0.9771352223318611}
12/20/2023 18:32:56 - INFO - __main__ - Epoch:9, Val Accuracy:0.97775, f1:0.9776696873780004

12/20/2023 18:32:56 - INFO - __main__ - lr:0.0003
12/20/2023 18:32:56 - INFO - __main__ - ==========Epoch:10==========
Save best weights
12/20/2023 18:33:22 - INFO - utils.common - 计算 f1 score ing...
12/20/2023 18:33:22 - INFO - utils.common - F1score = 0.9675133790518748
12/20/2023 18:33:22 - INFO - utils.common - 计算 accuracy ing...
12/20/2023 18:33:22 - INFO - utils.common - acc = 0.96825
12/20/2023 18:33:22 - INFO - utils.common - 计算 precision ing...
12/20/2023 18:33:22 - INFO - utils.common - precision = 0.9684204106752594
12/20/2023 18:33:22 - INFO - utils.common - 计算 recall ing...
12/20/2023 18:33:22 - INFO - utils.common - result = {'f1score': 0.9675133790518748, 'acc': 0.96825, 'precision': 0.9684204106752594, 'recall': 0.9666846944337624}
12/20/2023 18:33:22 - INFO - __main__ - Epoch:10, Train Accuracy:0.96825, f1:0.9675133790518748

Epoch: [10][0/63]	
12/20/2023 18:33:42 - INFO - utils.common - 计算 f1 score ing...
12/20/2023 18:33:42 - INFO - utils.common - F1score = 0.9780706259980744
12/20/2023 18:33:42 - INFO - utils.common - 计算 accuracy ing...
12/20/2023 18:33:42 - INFO - utils.common - acc = 0.97815
12/20/2023 18:33:42 - INFO - utils.common - 计算 precision ing...
12/20/2023 18:33:42 - INFO - utils.common - precision = 0.9785515193659263
12/20/2023 18:33:42 - INFO - utils.common - 计算 recall ing...
12/20/2023 18:33:42 - INFO - utils.common - result = {'f1score': 0.9780706259980744, 'acc': 0.97815, 'precision': 0.9785515193659263, 'recall': 0.9776612209438645}
12/20/2023 18:33:42 - INFO - __main__ - Epoch:10, Val Accuracy:0.97815, f1:0.9780706259980744

12/20/2023 18:33:42 - INFO - __main__ - lr:0.00027135636881635457
12/20/2023 18:33:42 - INFO - __main__ - ==========Epoch:11==========
Save best weights
12/20/2023 18:34:08 - INFO - utils.common - 计算 f1 score ing...
12/20/2023 18:34:08 - INFO - utils.common - F1score = 0.9703110786591984
12/20/2023 18:34:08 - INFO - utils.common - 计算 accuracy ing...
12/20/2023 18:34:08 - INFO - utils.common - acc = 0.970875
12/20/2023 18:34:08 - INFO - utils.common - 计算 precision ing...
12/20/2023 18:34:08 - INFO - utils.common - precision = 0.9714773737990227
12/20/2023 18:34:08 - INFO - utils.common - 计算 recall ing...
12/20/2023 18:34:08 - INFO - utils.common - result = {'f1score': 0.9703110786591984, 'acc': 0.970875, 'precision': 0.9714773737990227, 'recall': 0.969258437913469}
12/20/2023 18:34:08 - INFO - __main__ - Epoch:11, Train Accuracy:0.970875, f1:0.9703110786591984

Epoch: [11][0/63]	
12/20/2023 18:34:27 - INFO - utils.common - 计算 f1 score ing...
12/20/2023 18:34:27 - INFO - utils.common - F1score = 0.9796187574564118
12/20/2023 18:34:27 - INFO - utils.common - 计算 accuracy ing...
12/20/2023 18:34:27 - INFO - utils.common - acc = 0.97965
12/20/2023 18:34:27 - INFO - utils.common - 计算 precision ing...
12/20/2023 18:34:28 - INFO - utils.common - precision = 0.9797764500577636
12/20/2023 18:34:28 - INFO - utils.common - 计算 recall ing...
12/20/2023 18:34:28 - INFO - utils.common - result = {'f1score': 0.9796187574564118, 'acc': 0.97965, 'precision': 0.9797764500577636, 'recall': 0.9795266558064161}
12/20/2023 18:34:28 - INFO - __main__ - Epoch:11, Val Accuracy:0.97965, f1:0.9796187574564118

12/20/2023 18:34:28 - INFO - __main__ - lr:0.0001963663688163546
12/20/2023 18:34:28 - INFO - __main__ - ==========Epoch:12==========
Save best weights
12/20/2023 18:34:53 - INFO - utils.common - 计算 f1 score ing...
12/20/2023 18:34:53 - INFO - utils.common - F1score = 0.9694078215734478
12/20/2023 18:34:53 - INFO - utils.common - 计算 accuracy ing...
12/20/2023 18:34:53 - INFO - utils.common - acc = 0.969875
12/20/2023 18:34:53 - INFO - utils.common - 计算 precision ing...
12/20/2023 18:34:53 - INFO - utils.common - precision = 0.9702295918044199
12/20/2023 18:34:53 - INFO - utils.common - 计算 recall ing...
12/20/2023 18:34:53 - INFO - utils.common - result = {'f1score': 0.9694078215734478, 'acc': 0.969875, 'precision': 0.9702295918044199, 'recall': 0.9686596665476775}
12/20/2023 18:34:53 - INFO - __main__ - Epoch:12, Train Accuracy:0.969875, f1:0.9694078215734478

Epoch: [12][0/63]	
12/20/2023 18:35:13 - INFO - utils.common - 计算 f1 score ing...
12/20/2023 18:35:13 - INFO - utils.common - F1score = 0.9800484537950935
12/20/2023 18:35:13 - INFO - utils.common - 计算 accuracy ing...
12/20/2023 18:35:13 - INFO - utils.common - acc = 0.98015
12/20/2023 18:35:13 - INFO - utils.common - 计算 precision ing...
12/20/2023 18:35:13 - INFO - utils.common - precision = 0.9802467196555446
12/20/2023 18:35:13 - INFO - utils.common - 计算 recall ing...
12/20/2023 18:35:13 - INFO - utils.common - result = {'f1score': 0.9800484537950935, 'acc': 0.98015, 'precision': 0.9802467196555446, 'recall': 0.9799083525792782}
12/20/2023 18:35:13 - INFO - __main__ - Epoch:12, Val Accuracy:0.98015, f1:0.9800484537950935

12/20/2023 18:35:13 - INFO - __main__ - lr:0.0001036736311836454
12/20/2023 18:35:13 - INFO - __main__ - ==========Epoch:13==========
Save best weights
12/20/2023 18:35:38 - INFO - utils.common - 计算 f1 score ing...
12/20/2023 18:35:38 - INFO - utils.common - F1score = 0.9717184094457407
12/20/2023 18:35:38 - INFO - utils.common - 计算 accuracy ing...
12/20/2023 18:35:38 - INFO - utils.common - acc = 0.972125
12/20/2023 18:35:38 - INFO - utils.common - 计算 precision ing...
12/20/2023 18:35:38 - INFO - utils.common - precision = 0.972635345253021
12/20/2023 18:35:38 - INFO - utils.common - 计算 recall ing...
12/20/2023 18:35:38 - INFO - utils.common - result = {'f1score': 0.9717184094457407, 'acc': 0.972125, 'precision': 0.972635345253021, 'recall': 0.9708858608741693}
12/20/2023 18:35:38 - INFO - __main__ - Epoch:13, Train Accuracy:0.972125, f1:0.9717184094457407

Epoch: [13][0/63]	
12/20/2023 18:35:57 - INFO - utils.common - 计算 f1 score ing...
12/20/2023 18:35:57 - INFO - utils.common - F1score = 0.9804073446981051
12/20/2023 18:35:57 - INFO - utils.common - 计算 accuracy ing...
12/20/2023 18:35:57 - INFO - utils.common - acc = 0.9805
12/20/2023 18:35:57 - INFO - utils.common - 计算 precision ing...
12/20/2023 18:35:57 - INFO - utils.common - precision = 0.9805175799595324
12/20/2023 18:35:57 - INFO - utils.common - 计算 recall ing...
12/20/2023 18:35:57 - INFO - utils.common - result = {'f1score': 0.9804073446981051, 'acc': 0.9805, 'precision': 0.9805175799595324, 'recall': 0.980332383476218}
12/20/2023 18:35:57 - INFO - __main__ - Epoch:13, Val Accuracy:0.9805, f1:0.9804073446981051

12/20/2023 18:35:57 - INFO - __main__ - lr:2.8683631183645395e-05
12/20/2023 18:35:57 - INFO - __main__ - ==========Epoch:14==========
Save best weights
12/20/2023 18:36:22 - INFO - utils.common - 计算 f1 score ing...
12/20/2023 18:36:22 - INFO - utils.common - F1score = 0.970804301809743
12/20/2023 18:36:22 - INFO - utils.common - 计算 accuracy ing...
12/20/2023 18:36:22 - INFO - utils.common - acc = 0.971375
12/20/2023 18:36:22 - INFO - utils.common - 计算 precision ing...
12/20/2023 18:36:22 - INFO - utils.common - precision = 0.9713746317556696
12/20/2023 18:36:22 - INFO - utils.common - 计算 recall ing...
12/20/2023 18:36:22 - INFO - utils.common - result = {'f1score': 0.970804301809743, 'acc': 0.971375, 'precision': 0.9713746317556696, 'recall': 0.9702661250509345}
12/20/2023 18:36:22 - INFO - __main__ - Epoch:14, Train Accuracy:0.971375, f1:0.970804301809743

Epoch: [14][0/63]	
12/20/2023 18:36:40 - INFO - utils.common - 计算 f1 score ing...
12/20/2023 18:36:40 - INFO - utils.common - F1score = 0.9807584376431843
12/20/2023 18:36:40 - INFO - utils.common - 计算 accuracy ing...
12/20/2023 18:36:40 - INFO - utils.common - acc = 0.98085
12/20/2023 18:36:40 - INFO - utils.common - 计算 precision ing...
12/20/2023 18:36:40 - INFO - utils.common - precision = 0.9808723667296478
12/20/2023 18:36:40 - INFO - utils.common - 计算 recall ing...
12/20/2023 18:36:40 - INFO - utils.common - result = {'f1score': 0.9807584376431843, 'acc': 0.98085, 'precision': 0.9808723667296478, 'recall': 0.9806725414014489}
12/20/2023 18:36:40 - INFO - __main__ - Epoch:14, Val Accuracy:0.98085, f1:0.9807584376431843

12/20/2023 18:36:40 - INFO - __main__ - lr:0.0003
12/20/2023 18:36:40 - INFO - __main__ - ==========Epoch:15==========
Save best weights
12/20/2023 18:37:05 - INFO - utils.common - 计算 f1 score ing...
12/20/2023 18:37:05 - INFO - utils.common - F1score = 0.9694100572630998
12/20/2023 18:37:05 - INFO - utils.common - 计算 accuracy ing...
12/20/2023 18:37:05 - INFO - utils.common - acc = 0.97
12/20/2023 18:37:05 - INFO - utils.common - 计算 precision ing...
12/20/2023 18:37:05 - INFO - utils.common - precision = 0.9699621348749883
12/20/2023 18:37:05 - INFO - utils.common - 计算 recall ing...
12/20/2023 18:37:05 - INFO - utils.common - result = {'f1score': 0.9694100572630998, 'acc': 0.97, 'precision': 0.9699621348749883, 'recall': 0.9688933490247715}
12/20/2023 18:37:05 - INFO - __main__ - Epoch:15, Train Accuracy:0.97, f1:0.9694100572630998

Epoch: [15][0/63]	
12/20/2023 18:37:22 - INFO - utils.common - 计算 f1 score ing...
12/20/2023 18:37:22 - INFO - utils.common - F1score = 0.980704040214261
12/20/2023 18:37:22 - INFO - utils.common - 计算 accuracy ing...
12/20/2023 18:37:22 - INFO - utils.common - acc = 0.9808
12/20/2023 18:37:22 - INFO - utils.common - 计算 precision ing...
12/20/2023 18:37:22 - INFO - utils.common - precision = 0.9808848291896157
12/20/2023 18:37:22 - INFO - utils.common - 计算 recall ing...
12/20/2023 18:37:22 - INFO - utils.common - result = {'f1score': 0.980704040214261, 'acc': 0.9808, 'precision': 0.9808848291896157, 'recall': 0.9805983916900354}
12/20/2023 18:37:22 - INFO - __main__ - Epoch:15, Val Accuracy:0.9808, f1:0.980704040214261

12/20/2023 18:37:22 - INFO - __main__ - lr:0.00027135636881635457
12/20/2023 18:37:22 - INFO - __main__ - ==========Epoch:16==========
early_st 4
12/20/2023 18:37:48 - INFO - utils.common - 计算 f1 score ing...
12/20/2023 18:37:48 - INFO - utils.common - F1score = 0.9726771162409845
12/20/2023 18:37:48 - INFO - utils.common - 计算 accuracy ing...
12/20/2023 18:37:48 - INFO - utils.common - acc = 0.973125
12/20/2023 18:37:48 - INFO - utils.common - 计算 precision ing...
12/20/2023 18:37:48 - INFO - utils.common - precision = 0.9729992171700675
12/20/2023 18:37:48 - INFO - utils.common - 计算 recall ing...
12/20/2023 18:37:48 - INFO - utils.common - result = {'f1score': 0.9726771162409845, 'acc': 0.973125, 'precision': 0.9729992171700675, 'recall': 0.9723685797950762}
12/20/2023 18:37:48 - INFO - __main__ - Epoch:16, Train Accuracy:0.973125, f1:0.9726771162409845

Epoch: [16][0/63]	
12/20/2023 18:38:05 - INFO - utils.common - 计算 f1 score ing...
12/20/2023 18:38:05 - INFO - utils.common - F1score = 0.9808827820337039
12/20/2023 18:38:05 - INFO - utils.common - 计算 accuracy ing...
12/20/2023 18:38:05 - INFO - utils.common - acc = 0.9809
12/20/2023 18:38:05 - INFO - utils.common - 计算 precision ing...
12/20/2023 18:38:05 - INFO - utils.common - precision = 0.9811512968530265
12/20/2023 18:38:05 - INFO - utils.common - 计算 recall ing...
12/20/2023 18:38:05 - INFO - utils.common - result = {'f1score': 0.9808827820337039, 'acc': 0.9809, 'precision': 0.9811512968530265, 'recall': 0.9806639422713977}
12/20/2023 18:38:05 - INFO - __main__ - Epoch:16, Val Accuracy:0.9809, f1:0.9808827820337039

12/20/2023 18:38:05 - INFO - __main__ - lr:0.0001963663688163546
12/20/2023 18:38:05 - INFO - __main__ - ==========Epoch:17==========
Save best weights
12/20/2023 18:38:31 - INFO - utils.common - 计算 f1 score ing...
12/20/2023 18:38:31 - INFO - utils.common - F1score = 0.974155217206826
12/20/2023 18:38:31 - INFO - utils.common - 计算 accuracy ing...
12/20/2023 18:38:31 - INFO - utils.common - acc = 0.974625
12/20/2023 18:38:31 - INFO - utils.common - 计算 precision ing...
12/20/2023 18:38:31 - INFO - utils.common - precision = 0.9747005664394798
12/20/2023 18:38:31 - INFO - utils.common - 计算 recall ing...
12/20/2023 18:38:31 - INFO - utils.common - result = {'f1score': 0.974155217206826, 'acc': 0.974625, 'precision': 0.9747005664394798, 'recall': 0.973653377364428}
12/20/2023 18:38:31 - INFO - __main__ - Epoch:17, Train Accuracy:0.974625, f1:0.974155217206826

Epoch: [17][0/63]	
12/20/2023 18:38:46 - INFO - utils.common - 计算 f1 score ing...
12/20/2023 18:38:46 - INFO - utils.common - F1score = 0.9822587619178756
12/20/2023 18:38:46 - INFO - utils.common - 计算 accuracy ing...
12/20/2023 18:38:46 - INFO - utils.common - acc = 0.98235
12/20/2023 18:38:46 - INFO - utils.common - 计算 precision ing...
12/20/2023 18:38:47 - INFO - utils.common - precision = 0.9823833906246087
12/20/2023 18:38:47 - INFO - utils.common - 计算 recall ing...
12/20/2023 18:38:47 - INFO - utils.common - result = {'f1score': 0.9822587619178756, 'acc': 0.98235, 'precision': 0.9823833906246087, 'recall': 0.982182382222867}
12/20/2023 18:38:47 - INFO - __main__ - Epoch:17, Val Accuracy:0.98235, f1:0.9822587619178756

12/20/2023 18:38:47 - INFO - __main__ - lr:0.0001036736311836454
12/20/2023 18:38:47 - INFO - __main__ - ==========Epoch:18==========
Save best weights
12/20/2023 18:39:12 - INFO - utils.common - 计算 f1 score ing...
12/20/2023 18:39:12 - INFO - utils.common - F1score = 0.9735376825605963
12/20/2023 18:39:12 - INFO - utils.common - 计算 accuracy ing...
12/20/2023 18:39:12 - INFO - utils.common - acc = 0.974125
12/20/2023 18:39:12 - INFO - utils.common - 计算 precision ing...
12/20/2023 18:39:12 - INFO - utils.common - precision = 0.9739421515412998
12/20/2023 18:39:12 - INFO - utils.common - 计算 recall ing...
12/20/2023 18:39:12 - INFO - utils.common - result = {'f1score': 0.9735376825605963, 'acc': 0.974125, 'precision': 0.9739421515412998, 'recall': 0.9731588300794264}
12/20/2023 18:39:12 - INFO - __main__ - Epoch:18, Train Accuracy:0.974125, f1:0.9735376825605963

Epoch: [18][0/63]	
12/20/2023 18:39:29 - INFO - utils.common - 计算 f1 score ing...
12/20/2023 18:39:29 - INFO - utils.common - F1score = 0.9816887191799181
12/20/2023 18:39:29 - INFO - utils.common - 计算 accuracy ing...
12/20/2023 18:39:29 - INFO - utils.common - acc = 0.9817
12/20/2023 18:39:29 - INFO - utils.common - 计算 precision ing...
12/20/2023 18:39:29 - INFO - utils.common - precision = 0.9819253905536406
12/20/2023 18:39:29 - INFO - utils.common - 计算 recall ing...
12/20/2023 18:39:29 - INFO - utils.common - result = {'f1score': 0.9816887191799181, 'acc': 0.9817, 'precision': 0.9819253905536406, 'recall': 0.981480372716556}
12/20/2023 18:39:29 - INFO - __main__ - Epoch:18, Val Accuracy:0.9817, f1:0.9816887191799181

12/20/2023 18:39:29 - INFO - __main__ - lr:2.8683631183645395e-05
12/20/2023 18:39:29 - INFO - __main__ - ==========Epoch:19==========
early_st 4
12/20/2023 18:39:55 - INFO - utils.common - 计算 f1 score ing...
12/20/2023 18:39:55 - INFO - utils.common - F1score = 0.9751620329533901
12/20/2023 18:39:55 - INFO - utils.common - 计算 accuracy ing...
12/20/2023 18:39:55 - INFO - utils.common - acc = 0.97575
12/20/2023 18:39:55 - INFO - utils.common - 计算 precision ing...
12/20/2023 18:39:55 - INFO - utils.common - precision = 0.9755395790877964
12/20/2023 18:39:55 - INFO - utils.common - 计算 recall ing...
12/20/2023 18:39:55 - INFO - utils.common - result = {'f1score': 0.9751620329533901, 'acc': 0.97575, 'precision': 0.9755395790877964, 'recall': 0.9748121741536411}
12/20/2023 18:39:55 - INFO - __main__ - Epoch:19, Train Accuracy:0.97575, f1:0.9751620329533901

Epoch: [19][0/63]	
12/20/2023 18:40:11 - INFO - utils.common - 计算 f1 score ing...
12/20/2023 18:40:12 - INFO - utils.common - F1score = 0.9820457617066428
12/20/2023 18:40:12 - INFO - utils.common - 计算 accuracy ing...
12/20/2023 18:40:12 - INFO - utils.common - acc = 0.9821
12/20/2023 18:40:12 - INFO - utils.common - 计算 precision ing...
12/20/2023 18:40:12 - INFO - utils.common - precision = 0.9823275666668572
12/20/2023 18:40:12 - INFO - utils.common - 计算 recall ing...
12/20/2023 18:40:12 - INFO - utils.common - result = {'f1score': 0.9820457617066428, 'acc': 0.9821, 'precision': 0.9823275666668572, 'recall': 0.9818211170224875}
12/20/2023 18:40:12 - INFO - __main__ - Epoch:19, Val Accuracy:0.9821, f1:0.9820457617066428

12/20/2023 18:40:12 - INFO - __main__ - lr:0.0003
12/20/2023 18:40:12 - INFO - __main__ - ==========Epoch:20==========
early_st 3
12/20/2023 18:40:37 - INFO - utils.common - 计算 f1 score ing...
12/20/2023 18:40:37 - INFO - utils.common - F1score = 0.9745274978164079
12/20/2023 18:40:37 - INFO - utils.common - 计算 accuracy ing...
12/20/2023 18:40:37 - INFO - utils.common - acc = 0.975
12/20/2023 18:40:37 - INFO - utils.common - 计算 precision ing...
12/20/2023 18:40:37 - INFO - utils.common - precision = 0.9749615862297372
12/20/2023 18:40:37 - INFO - utils.common - 计算 recall ing...
12/20/2023 18:40:37 - INFO - utils.common - result = {'f1score': 0.9745274978164079, 'acc': 0.975, 'precision': 0.9749615862297372, 'recall': 0.9741152154199652}
12/20/2023 18:40:37 - INFO - __main__ - Epoch:20, Train Accuracy:0.975, f1:0.9745274978164079

Epoch: [20][0/63]	
12/20/2023 18:40:53 - INFO - utils.common - 计算 f1 score ing...
12/20/2023 18:40:53 - INFO - utils.common - F1score = 0.9823496913585541
12/20/2023 18:40:53 - INFO - utils.common - 计算 accuracy ing...
12/20/2023 18:40:53 - INFO - utils.common - acc = 0.9824
12/20/2023 18:40:53 - INFO - utils.common - 计算 precision ing...
12/20/2023 18:40:53 - INFO - utils.common - precision = 0.982513644348948
12/20/2023 18:40:53 - INFO - utils.common - 计算 recall ing...
12/20/2023 18:40:53 - INFO - utils.common - result = {'f1score': 0.9823496913585541, 'acc': 0.9824, 'precision': 0.982513644348948, 'recall': 0.9822273266919324}
12/20/2023 18:40:53 - INFO - __main__ - Epoch:20, Val Accuracy:0.9824, f1:0.9823496913585541

12/20/2023 18:40:53 - INFO - __main__ - lr:0.00027135636881635457
12/20/2023 18:40:53 - INFO - __main__ - ==========Epoch:21==========
Save best weights
12/20/2023 18:41:18 - INFO - utils.common - 计算 f1 score ing...
12/20/2023 18:41:18 - INFO - utils.common - F1score = 0.9750422752495784
12/20/2023 18:41:18 - INFO - utils.common - 计算 accuracy ing...
12/20/2023 18:41:18 - INFO - utils.common - acc = 0.975625
12/20/2023 18:41:18 - INFO - utils.common - 计算 precision ing...
12/20/2023 18:41:18 - INFO - utils.common - precision = 0.9755643817369594
12/20/2023 18:41:18 - INFO - utils.common - 计算 recall ing...
12/20/2023 18:41:18 - INFO - utils.common - result = {'f1score': 0.9750422752495784, 'acc': 0.975625, 'precision': 0.9755643817369594, 'recall': 0.974565240343813}
12/20/2023 18:41:18 - INFO - __main__ - Epoch:21, Train Accuracy:0.975625, f1:0.9750422752495784

Epoch: [21][0/63]	
12/20/2023 18:41:34 - INFO - utils.common - 计算 f1 score ing...
12/20/2023 18:41:34 - INFO - utils.common - F1score = 0.9834714138779158
12/20/2023 18:41:34 - INFO - utils.common - 计算 accuracy ing...
12/20/2023 18:41:34 - INFO - utils.common - acc = 0.9835
12/20/2023 18:41:34 - INFO - utils.common - 计算 precision ing...
12/20/2023 18:41:34 - INFO - utils.common - precision = 0.9834268537693348
12/20/2023 18:41:34 - INFO - utils.common - 计算 recall ing...
12/20/2023 18:41:34 - INFO - utils.common - result = {'f1score': 0.9834714138779158, 'acc': 0.9835, 'precision': 0.9834268537693348, 'recall': 0.9835368154411965}
12/20/2023 18:41:34 - INFO - __main__ - Epoch:21, Val Accuracy:0.9835, f1:0.9834714138779158

12/20/2023 18:41:34 - INFO - __main__ - lr:0.0001963663688163546
12/20/2023 18:41:34 - INFO - __main__ - ==========Epoch:22==========
Save best weights
12/20/2023 18:42:01 - INFO - utils.common - 计算 f1 score ing...
12/20/2023 18:42:01 - INFO - utils.common - F1score = 0.9759481494234333
12/20/2023 18:42:01 - INFO - utils.common - 计算 accuracy ing...
12/20/2023 18:42:01 - INFO - utils.common - acc = 0.976375
12/20/2023 18:42:01 - INFO - utils.common - 计算 precision ing...
12/20/2023 18:42:01 - INFO - utils.common - precision = 0.9763002933588218
12/20/2023 18:42:01 - INFO - utils.common - 计算 recall ing...
12/20/2023 18:42:01 - INFO - utils.common - result = {'f1score': 0.9759481494234333, 'acc': 0.976375, 'precision': 0.9763002933588218, 'recall': 0.9756204881873458}
12/20/2023 18:42:01 - INFO - __main__ - Epoch:22, Train Accuracy:0.976375, f1:0.9759481494234333

Epoch: [22][0/63]	
12/20/2023 18:42:17 - INFO - utils.common - 计算 f1 score ing...
12/20/2023 18:42:17 - INFO - utils.common - F1score = 0.9836219546847453
12/20/2023 18:42:17 - INFO - utils.common - 计算 accuracy ing...
12/20/2023 18:42:17 - INFO - utils.common - acc = 0.9837
12/20/2023 18:42:17 - INFO - utils.common - 计算 precision ing...
12/20/2023 18:42:17 - INFO - utils.common - precision = 0.9837124633217526
12/20/2023 18:42:17 - INFO - utils.common - 计算 recall ing...
12/20/2023 18:42:17 - INFO - utils.common - result = {'f1score': 0.9836219546847453, 'acc': 0.9837, 'precision': 0.9837124633217526, 'recall': 0.9835627961601046}
12/20/2023 18:42:17 - INFO - __main__ - Epoch:22, Val Accuracy:0.9837, f1:0.9836219546847453

12/20/2023 18:42:17 - INFO - __main__ - lr:0.0001036736311836454
12/20/2023 18:42:17 - INFO - __main__ - ==========Epoch:23==========
Save best weights
12/20/2023 18:42:43 - INFO - utils.common - 计算 f1 score ing...
12/20/2023 18:42:43 - INFO - utils.common - F1score = 0.9776233055938506
12/20/2023 18:42:43 - INFO - utils.common - 计算 accuracy ing...
12/20/2023 18:42:43 - INFO - utils.common - acc = 0.978
12/20/2023 18:42:43 - INFO - utils.common - 计算 precision ing...
12/20/2023 18:42:43 - INFO - utils.common - precision = 0.9776523053638062
12/20/2023 18:42:43 - INFO - utils.common - 计算 recall ing...
12/20/2023 18:42:43 - INFO - utils.common - result = {'f1score': 0.9776233055938506, 'acc': 0.978, 'precision': 0.9776523053638062, 'recall': 0.9776018774959405}
12/20/2023 18:42:43 - INFO - __main__ - Epoch:23, Train Accuracy:0.978, f1:0.9776233055938506

Epoch: [23][0/63]	
12/20/2023 18:43:00 - INFO - utils.common - 计算 f1 score ing...
12/20/2023 18:43:00 - INFO - utils.common - F1score = 0.9829807052611018
12/20/2023 18:43:00 - INFO - utils.common - 计算 accuracy ing...
12/20/2023 18:43:00 - INFO - utils.common - acc = 0.98305
12/20/2023 18:43:00 - INFO - utils.common - 计算 precision ing...
12/20/2023 18:43:00 - INFO - utils.common - precision = 0.9833555653836847
12/20/2023 18:43:00 - INFO - utils.common - 计算 recall ing...
12/20/2023 18:43:00 - INFO - utils.common - result = {'f1score': 0.9829807052611018, 'acc': 0.98305, 'precision': 0.9833555653836847, 'recall': 0.9826378014553645}
12/20/2023 18:43:00 - INFO - __main__ - Epoch:23, Val Accuracy:0.98305, f1:0.9829807052611018

12/20/2023 18:43:00 - INFO - __main__ - lr:2.8683631183645395e-05
12/20/2023 18:43:00 - INFO - __main__ - ==========Epoch:24==========
early_st 4
12/20/2023 18:43:27 - INFO - utils.common - 计算 f1 score ing...
12/20/2023 18:43:27 - INFO - utils.common - F1score = 0.9756724985238425
12/20/2023 18:43:27 - INFO - utils.common - 计算 accuracy ing...
12/20/2023 18:43:27 - INFO - utils.common - acc = 0.976125
12/20/2023 18:43:27 - INFO - utils.common - 计算 precision ing...
12/20/2023 18:43:27 - INFO - utils.common - precision = 0.9761619871886966
12/20/2023 18:43:27 - INFO - utils.common - 计算 recall ing...
12/20/2023 18:43:27 - INFO - utils.common - result = {'f1score': 0.9756724985238425, 'acc': 0.976125, 'precision': 0.9761619871886966, 'recall': 0.9752148754144948}
12/20/2023 18:43:27 - INFO - __main__ - Epoch:24, Train Accuracy:0.976125, f1:0.9756724985238425

Epoch: [24][0/63]	
12/20/2023 18:43:44 - INFO - utils.common - 计算 f1 score ing...
12/20/2023 18:43:44 - INFO - utils.common - F1score = 0.9836749238674718
12/20/2023 18:43:44 - INFO - utils.common - 计算 accuracy ing...
12/20/2023 18:43:44 - INFO - utils.common - acc = 0.9837
12/20/2023 18:43:44 - INFO - utils.common - 计算 precision ing...
12/20/2023 18:43:44 - INFO - utils.common - precision = 0.9835967660707807
12/20/2023 18:43:44 - INFO - utils.common - 计算 recall ing...
12/20/2023 18:43:44 - INFO - utils.common - result = {'f1score': 0.9836749238674718, 'acc': 0.9837, 'precision': 0.9835967660707807, 'recall': 0.9837790507758779}
12/20/2023 18:43:44 - INFO - __main__ - Epoch:24, Val Accuracy:0.9837, f1:0.9836749238674718

12/20/2023 18:43:44 - INFO - __main__ - lr:0.0003
12/20/2023 18:43:44 - INFO - __main__ - ==========Epoch:25==========
Save best weights
12/20/2023 18:44:11 - INFO - utils.common - 计算 f1 score ing...
12/20/2023 18:44:11 - INFO - utils.common - F1score = 0.972713784197216
12/20/2023 18:44:11 - INFO - utils.common - 计算 accuracy ing...
12/20/2023 18:44:11 - INFO - utils.common - acc = 0.973125
12/20/2023 18:44:11 - INFO - utils.common - 计算 precision ing...
12/20/2023 18:44:11 - INFO - utils.common - precision = 0.9732719148626882
12/20/2023 18:44:11 - INFO - utils.common - 计算 recall ing...
12/20/2023 18:44:11 - INFO - utils.common - result = {'f1score': 0.972713784197216, 'acc': 0.973125, 'precision': 0.9732719148626882, 'recall': 0.9721898089410345}
12/20/2023 18:44:11 - INFO - __main__ - Epoch:25, Train Accuracy:0.973125, f1:0.972713784197216

Epoch: [25][0/63]	
12/20/2023 18:44:28 - INFO - utils.common - 计算 f1 score ing...
12/20/2023 18:44:28 - INFO - utils.common - F1score = 0.9832883976004886
12/20/2023 18:44:28 - INFO - utils.common - 计算 accuracy ing...
12/20/2023 18:44:28 - INFO - utils.common - acc = 0.9833
12/20/2023 18:44:28 - INFO - utils.common - 计算 precision ing...
12/20/2023 18:44:29 - INFO - utils.common - precision = 0.9832686887080518
12/20/2023 18:44:29 - INFO - utils.common - 计算 recall ing...
12/20/2023 18:44:29 - INFO - utils.common - result = {'f1score': 0.9832883976004886, 'acc': 0.9833, 'precision': 0.9832686887080518, 'recall': 0.9833462246840214}
12/20/2023 18:44:29 - INFO - __main__ - Epoch:25, Val Accuracy:0.9833, f1:0.9832883976004886

12/20/2023 18:44:29 - INFO - __main__ - lr:0.00027135636881635457
12/20/2023 18:44:29 - INFO - __main__ - ==========Epoch:26==========
early_st 4
12/20/2023 18:44:54 - INFO - utils.common - 计算 f1 score ing...
12/20/2023 18:44:54 - INFO - utils.common - F1score = 0.9774144488510306
12/20/2023 18:44:54 - INFO - utils.common - 计算 accuracy ing...
12/20/2023 18:44:54 - INFO - utils.common - acc = 0.977625
12/20/2023 18:44:54 - INFO - utils.common - 计算 precision ing...
12/20/2023 18:44:54 - INFO - utils.common - precision = 0.9775566444729166
12/20/2023 18:44:54 - INFO - utils.common - 计算 recall ing...
12/20/2023 18:44:54 - INFO - utils.common - result = {'f1score': 0.9774144488510306, 'acc': 0.977625, 'precision': 0.9775566444729166, 'recall': 0.977303960503553}
12/20/2023 18:44:54 - INFO - __main__ - Epoch:26, Train Accuracy:0.977625, f1:0.9774144488510306

Epoch: [26][0/63]	
12/20/2023 18:45:12 - INFO - utils.common - 计算 f1 score ing...
12/20/2023 18:45:12 - INFO - utils.common - F1score = 0.9835922114995126
12/20/2023 18:45:12 - INFO - utils.common - 计算 accuracy ing...
12/20/2023 18:45:12 - INFO - utils.common - acc = 0.9836
12/20/2023 18:45:12 - INFO - utils.common - 计算 precision ing...
12/20/2023 18:45:12 - INFO - utils.common - precision = 0.9837741952426463
12/20/2023 18:45:12 - INFO - utils.common - 计算 recall ing...
12/20/2023 18:45:12 - INFO - utils.common - result = {'f1score': 0.9835922114995126, 'acc': 0.9836, 'precision': 0.9837741952426463, 'recall': 0.9834328935868888}
12/20/2023 18:45:12 - INFO - __main__ - Epoch:26, Val Accuracy:0.9836, f1:0.9835922114995126

12/20/2023 18:45:12 - INFO - __main__ - lr:0.0001963663688163546
12/20/2023 18:45:12 - INFO - __main__ - ==========Epoch:27==========
early_st 3
12/20/2023 18:45:38 - INFO - utils.common - 计算 f1 score ing...
12/20/2023 18:45:38 - INFO - utils.common - F1score = 0.9765606733271114
12/20/2023 18:45:38 - INFO - utils.common - 计算 accuracy ing...
12/20/2023 18:45:38 - INFO - utils.common - acc = 0.97675
12/20/2023 18:45:38 - INFO - utils.common - 计算 precision ing...
12/20/2023 18:45:38 - INFO - utils.common - precision = 0.9769068498478766
12/20/2023 18:45:38 - INFO - utils.common - 计算 recall ing...
12/20/2023 18:45:38 - INFO - utils.common - result = {'f1score': 0.9765606733271114, 'acc': 0.97675, 'precision': 0.9769068498478766, 'recall': 0.9762372900355888}
12/20/2023 18:45:38 - INFO - __main__ - Epoch:27, Train Accuracy:0.97675, f1:0.9765606733271114

Epoch: [27][0/63]	
12/20/2023 18:45:56 - INFO - utils.common - 计算 f1 score ing...
12/20/2023 18:45:56 - INFO - utils.common - F1score = 0.9833686361317271
12/20/2023 18:45:56 - INFO - utils.common - 计算 accuracy ing...
12/20/2023 18:45:56 - INFO - utils.common - acc = 0.98335
12/20/2023 18:45:56 - INFO - utils.common - 计算 precision ing...
12/20/2023 18:45:56 - INFO - utils.common - precision = 0.9834915214270337
12/20/2023 18:45:56 - INFO - utils.common - 计算 recall ing...
12/20/2023 18:45:56 - INFO - utils.common - result = {'f1score': 0.9833686361317271, 'acc': 0.98335, 'precision': 0.9834915214270337, 'recall': 0.9832592190677185}
12/20/2023 18:45:56 - INFO - __main__ - Epoch:27, Val Accuracy:0.98335, f1:0.9833686361317271

12/20/2023 18:45:56 - INFO - __main__ - lr:0.0001036736311836454
12/20/2023 18:45:56 - INFO - __main__ - ==========Epoch:28==========
early_st 2
12/20/2023 18:46:22 - INFO - utils.common - 计算 f1 score ing...
12/20/2023 18:46:22 - INFO - utils.common - F1score = 0.9784344924884175
12/20/2023 18:46:22 - INFO - utils.common - 计算 accuracy ing...
12/20/2023 18:46:22 - INFO - utils.common - acc = 0.979
12/20/2023 18:46:22 - INFO - utils.common - 计算 precision ing...
12/20/2023 18:46:22 - INFO - utils.common - precision = 0.9790244209915517
12/20/2023 18:46:22 - INFO - utils.common - 计算 recall ing...
12/20/2023 18:46:22 - INFO - utils.common - result = {'f1score': 0.9784344924884175, 'acc': 0.979, 'precision': 0.9790244209915517, 'recall': 0.977886945998071}
12/20/2023 18:46:22 - INFO - __main__ - Epoch:28, Train Accuracy:0.979, f1:0.9784344924884175

Epoch: [28][0/63]	
12/20/2023 18:46:40 - INFO - utils.common - 计算 f1 score ing...
12/20/2023 18:46:40 - INFO - utils.common - F1score = 0.9836565333734902
12/20/2023 18:46:40 - INFO - utils.common - 计算 accuracy ing...
12/20/2023 18:46:40 - INFO - utils.common - acc = 0.98365
12/20/2023 18:46:40 - INFO - utils.common - 计算 precision ing...
12/20/2023 18:46:40 - INFO - utils.common - precision = 0.9836530449757649
12/20/2023 18:46:40 - INFO - utils.common - 计算 recall ing...
12/20/2023 18:46:40 - INFO - utils.common - result = {'f1score': 0.9836565333734902, 'acc': 0.98365, 'precision': 0.9836530449757649, 'recall': 0.9836853052418504}
12/20/2023 18:46:40 - INFO - __main__ - Epoch:28, Val Accuracy:0.98365, f1:0.9836565333734902

12/20/2023 18:46:40 - INFO - __main__ - lr:2.8683631183645395e-05
12/20/2023 18:46:40 - INFO - __main__ - ==========Epoch:29==========
early_st 1
12/20/2023 18:47:06 - INFO - utils.common - 计算 f1 score ing...
12/20/2023 18:47:06 - INFO - utils.common - F1score = 0.976625445157465
12/20/2023 18:47:06 - INFO - utils.common - 计算 accuracy ing...
12/20/2023 18:47:06 - INFO - utils.common - acc = 0.976875
12/20/2023 18:47:06 - INFO - utils.common - 计算 precision ing...
12/20/2023 18:47:06 - INFO - utils.common - precision = 0.9765508800944451
12/20/2023 18:47:06 - INFO - utils.common - 计算 recall ing...
12/20/2023 18:47:06 - INFO - utils.common - result = {'f1score': 0.976625445157465, 'acc': 0.976875, 'precision': 0.9765508800944451, 'recall': 0.9767059137913867}
12/20/2023 18:47:06 - INFO - __main__ - Epoch:29, Train Accuracy:0.976875, f1:0.976625445157465

Epoch: [29][0/63]	
12/20/2023 18:47:24 - INFO - utils.common - 计算 f1 score ing...
12/20/2023 18:47:24 - INFO - utils.common - F1score = 0.983968508572915
12/20/2023 18:47:24 - INFO - utils.common - 计算 accuracy ing...
12/20/2023 18:47:24 - INFO - utils.common - acc = 0.9839
12/20/2023 18:47:24 - INFO - utils.common - 计算 precision ing...
12/20/2023 18:47:24 - INFO - utils.common - precision = 0.9840829841455508
12/20/2023 18:47:24 - INFO - utils.common - 计算 recall ing...
12/20/2023 18:47:24 - INFO - utils.common - result = {'f1score': 0.983968508572915, 'acc': 0.9839, 'precision': 0.9840829841455508, 'recall': 0.9838636686939455}
12/20/2023 18:47:24 - INFO - __main__ - Epoch:29, Val Accuracy:0.9839, f1:0.983968508572915

12/20/2023 18:47:24 - INFO - __main__ - lr:0.0003
12/20/2023 18:47:24 - INFO - __main__ - ==========Epoch:30==========
Save best weights
12/20/2023 18:47:50 - INFO - utils.common - 计算 f1 score ing...
12/20/2023 18:47:50 - INFO - utils.common - F1score = 0.9798766560881459
12/20/2023 18:47:50 - INFO - utils.common - 计算 accuracy ing...
12/20/2023 18:47:50 - INFO - utils.common - acc = 0.98
12/20/2023 18:47:50 - INFO - utils.common - 计算 precision ing...
12/20/2023 18:47:50 - INFO - utils.common - precision = 0.980140369849305
12/20/2023 18:47:50 - INFO - utils.common - 计算 recall ing...
12/20/2023 18:47:50 - INFO - utils.common - result = {'f1score': 0.9798766560881459, 'acc': 0.98, 'precision': 0.980140369849305, 'recall': 0.9796277250467236}
12/20/2023 18:47:50 - INFO - __main__ - Epoch:30, Train Accuracy:0.98, f1:0.9798766560881459

Epoch: [30][0/63]	
12/20/2023 18:48:08 - INFO - utils.common - 计算 f1 score ing...
12/20/2023 18:48:08 - INFO - utils.common - F1score = 0.9845262068373108
12/20/2023 18:48:08 - INFO - utils.common - 计算 accuracy ing...
12/20/2023 18:48:08 - INFO - utils.common - acc = 0.98445
12/20/2023 18:48:08 - INFO - utils.common - 计算 precision ing...
12/20/2023 18:48:08 - INFO - utils.common - precision = 0.9844813392123544
12/20/2023 18:48:08 - INFO - utils.common - 计算 recall ing...
12/20/2023 18:48:08 - INFO - utils.common - result = {'f1score': 0.9845262068373108, 'acc': 0.98445, 'precision': 0.9844813392123544, 'recall': 0.9845869905666214}
12/20/2023 18:48:08 - INFO - __main__ - Epoch:30, Val Accuracy:0.98445, f1:0.9845262068373108

12/20/2023 18:48:08 - INFO - __main__ - lr:0.00027135636881635457
12/20/2023 18:48:08 - INFO - __main__ - ==========Epoch:31==========
Save best weights
12/20/2023 18:48:34 - INFO - utils.common - 计算 f1 score ing...
12/20/2023 18:48:34 - INFO - utils.common - F1score = 0.9778586646851957
12/20/2023 18:48:34 - INFO - utils.common - 计算 accuracy ing...
12/20/2023 18:48:34 - INFO - utils.common - acc = 0.97825
12/20/2023 18:48:34 - INFO - utils.common - 计算 precision ing...
12/20/2023 18:48:34 - INFO - utils.common - precision = 0.9782918434883663
12/20/2023 18:48:34 - INFO - utils.common - 计算 recall ing...
12/20/2023 18:48:34 - INFO - utils.common - result = {'f1score': 0.9778586646851957, 'acc': 0.97825, 'precision': 0.9782918434883663, 'recall': 0.9774504091155651}
12/20/2023 18:48:34 - INFO - __main__ - Epoch:31, Train Accuracy:0.97825, f1:0.9778586646851957

Epoch: [31][0/63]	
12/20/2023 18:48:52 - INFO - utils.common - 计算 f1 score ing...
12/20/2023 18:48:52 - INFO - utils.common - F1score = 0.9848206660700662
12/20/2023 18:48:52 - INFO - utils.common - 计算 accuracy ing...
12/20/2023 18:48:52 - INFO - utils.common - acc = 0.9848
12/20/2023 18:48:52 - INFO - utils.common - 计算 precision ing...
12/20/2023 18:48:52 - INFO - utils.common - precision = 0.9848401986740757
12/20/2023 18:48:52 - INFO - utils.common - 计算 recall ing...
12/20/2023 18:48:52 - INFO - utils.common - result = {'f1score': 0.9848206660700662, 'acc': 0.9848, 'precision': 0.9848401986740757, 'recall': 0.9848131779620739}
12/20/2023 18:48:52 - INFO - __main__ - Epoch:31, Val Accuracy:0.9848, f1:0.9848206660700662

12/20/2023 18:48:52 - INFO - __main__ - lr:0.0001963663688163546
12/20/2023 18:48:52 - INFO - __main__ - ==========Epoch:32==========
Save best weights
12/20/2023 18:49:18 - INFO - utils.common - 计算 f1 score ing...
12/20/2023 18:49:18 - INFO - utils.common - F1score = 0.9759702206442038
12/20/2023 18:49:18 - INFO - utils.common - 计算 accuracy ing...
12/20/2023 18:49:18 - INFO - utils.common - acc = 0.97625
12/20/2023 18:49:18 - INFO - utils.common - 计算 precision ing...
12/20/2023 18:49:18 - INFO - utils.common - precision = 0.975942295773693
12/20/2023 18:49:18 - INFO - utils.common - 计算 recall ing...
12/20/2023 18:49:18 - INFO - utils.common - result = {'f1score': 0.9759702206442038, 'acc': 0.97625, 'precision': 0.975942295773693, 'recall': 0.9760064242834614}
12/20/2023 18:49:18 - INFO - __main__ - Epoch:32, Train Accuracy:0.97625, f1:0.9759702206442038

Epoch: [32][0/63]	
12/20/2023 18:49:36 - INFO - utils.common - 计算 f1 score ing...
12/20/2023 18:49:36 - INFO - utils.common - F1score = 0.9847717340971415
12/20/2023 18:49:36 - INFO - utils.common - 计算 accuracy ing...
12/20/2023 18:49:36 - INFO - utils.common - acc = 0.9847
12/20/2023 18:49:36 - INFO - utils.common - 计算 precision ing...
12/20/2023 18:49:36 - INFO - utils.common - precision = 0.9848232251579994
12/20/2023 18:49:36 - INFO - utils.common - 计算 recall ing...
12/20/2023 18:49:36 - INFO - utils.common - result = {'f1score': 0.9847717340971415, 'acc': 0.9847, 'precision': 0.9848232251579994, 'recall': 0.9847320672686732}
12/20/2023 18:49:36 - INFO - __main__ - Epoch:32, Val Accuracy:0.9847, f1:0.9847717340971415

12/20/2023 18:49:36 - INFO - __main__ - lr:0.0001036736311836454
12/20/2023 18:49:36 - INFO - __main__ - ==========Epoch:33==========
early_st 4
12/20/2023 18:50:02 - INFO - utils.common - 计算 f1 score ing...
12/20/2023 18:50:02 - INFO - utils.common - F1score = 0.9781473639079287
12/20/2023 18:50:02 - INFO - utils.common - 计算 accuracy ing...
12/20/2023 18:50:02 - INFO - utils.common - acc = 0.9785
12/20/2023 18:50:02 - INFO - utils.common - 计算 precision ing...
12/20/2023 18:50:02 - INFO - utils.common - precision = 0.9784272235666054
12/20/2023 18:50:02 - INFO - utils.common - 计算 recall ing...
12/20/2023 18:50:02 - INFO - utils.common - result = {'f1score': 0.9781473639079287, 'acc': 0.9785, 'precision': 0.9784272235666054, 'recall': 0.977903738052233}
12/20/2023 18:50:02 - INFO - __main__ - Epoch:33, Train Accuracy:0.9785, f1:0.9781473639079287

Epoch: [33][0/63]	
12/20/2023 18:50:20 - INFO - utils.common - 计算 f1 score ing...
12/20/2023 18:50:20 - INFO - utils.common - F1score = 0.9847776353532516
12/20/2023 18:50:20 - INFO - utils.common - 计算 accuracy ing...
12/20/2023 18:50:20 - INFO - utils.common - acc = 0.98475
12/20/2023 18:50:20 - INFO - utils.common - 计算 precision ing...
12/20/2023 18:50:20 - INFO - utils.common - precision = 0.984732347113052
12/20/2023 18:50:20 - INFO - utils.common - 计算 recall ing...
12/20/2023 18:50:20 - INFO - utils.common - result = {'f1score': 0.9847776353532516, 'acc': 0.98475, 'precision': 0.984732347113052, 'recall': 0.9848353853743459}
12/20/2023 18:50:20 - INFO - __main__ - Epoch:33, Val Accuracy:0.98475, f1:0.9847776353532516

12/20/2023 18:50:20 - INFO - __main__ - lr:2.8683631183645395e-05
12/20/2023 18:50:20 - INFO - __main__ - ==========Epoch:34==========
early_st 3
12/20/2023 18:50:46 - INFO - utils.common - 计算 f1 score ing...
12/20/2023 18:50:46 - INFO - utils.common - F1score = 0.9783155740394192
12/20/2023 18:50:46 - INFO - utils.common - 计算 accuracy ing...
12/20/2023 18:50:46 - INFO - utils.common - acc = 0.97875
12/20/2023 18:50:46 - INFO - utils.common - 计算 precision ing...
12/20/2023 18:50:46 - INFO - utils.common - precision = 0.9785704535345945
12/20/2023 18:50:46 - INFO - utils.common - 计算 recall ing...
12/20/2023 18:50:46 - INFO - utils.common - result = {'f1score': 0.9783155740394192, 'acc': 0.97875, 'precision': 0.9785704535345945, 'recall': 0.9780689815824624}
12/20/2023 18:50:46 - INFO - __main__ - Epoch:34, Train Accuracy:0.97875, f1:0.9783155740394192

Epoch: [34][0/63]	
12/20/2023 18:51:04 - INFO - utils.common - 计算 f1 score ing...
12/20/2023 18:51:04 - INFO - utils.common - F1score = 0.984752072676192
12/20/2023 18:51:04 - INFO - utils.common - 计算 accuracy ing...
12/20/2023 18:51:04 - INFO - utils.common - acc = 0.98475
12/20/2023 18:51:04 - INFO - utils.common - 计算 precision ing...
12/20/2023 18:51:04 - INFO - utils.common - precision = 0.9849049708095706
12/20/2023 18:51:04 - INFO - utils.common - 计算 recall ing...
12/20/2023 18:51:04 - INFO - utils.common - result = {'f1score': 0.984752072676192, 'acc': 0.98475, 'precision': 0.9849049708095706, 'recall': 0.984636314358036}
12/20/2023 18:51:04 - INFO - __main__ - Epoch:34, Val Accuracy:0.98475, f1:0.984752072676192

12/20/2023 18:51:04 - INFO - __main__ - lr:0.0003
12/20/2023 18:51:04 - INFO - __main__ - ==========Epoch:35==========
early_st 2
12/20/2023 18:51:30 - INFO - utils.common - 计算 f1 score ing...
12/20/2023 18:51:30 - INFO - utils.common - F1score = 0.979095441173033
12/20/2023 18:51:30 - INFO - utils.common - 计算 accuracy ing...
12/20/2023 18:51:30 - INFO - utils.common - acc = 0.9795
12/20/2023 18:51:30 - INFO - utils.common - 计算 precision ing...
12/20/2023 18:51:30 - INFO - utils.common - precision = 0.9793996392622457
12/20/2023 18:51:30 - INFO - utils.common - 计算 recall ing...
12/20/2023 18:51:30 - INFO - utils.common - result = {'f1score': 0.979095441173033, 'acc': 0.9795, 'precision': 0.9793996392622457, 'recall': 0.9788130804523367}
12/20/2023 18:51:30 - INFO - __main__ - Epoch:35, Train Accuracy:0.9795, f1:0.979095441173033

Epoch: [35][0/63]	
12/20/2023 18:51:48 - INFO - utils.common - 计算 f1 score ing...
12/20/2023 18:51:48 - INFO - utils.common - F1score = 0.985311481327083
12/20/2023 18:51:48 - INFO - utils.common - 计算 accuracy ing...
12/20/2023 18:51:48 - INFO - utils.common - acc = 0.9853
12/20/2023 18:51:48 - INFO - utils.common - 计算 precision ing...
12/20/2023 18:51:48 - INFO - utils.common - precision = 0.9852974791516687
12/20/2023 18:51:48 - INFO - utils.common - 计算 recall ing...
12/20/2023 18:51:48 - INFO - utils.common - result = {'f1score': 0.985311481327083, 'acc': 0.9853, 'precision': 0.9852974791516687, 'recall': 0.9853444693017885}
12/20/2023 18:51:48 - INFO - __main__ - Epoch:35, Val Accuracy:0.9853, f1:0.985311481327083

12/20/2023 18:51:48 - INFO - __main__ - lr:0.00027135636881635457
12/20/2023 18:51:48 - INFO - __main__ - ==========Epoch:36==========
Save best weights
12/20/2023 18:52:14 - INFO - utils.common - 计算 f1 score ing...
12/20/2023 18:52:14 - INFO - utils.common - F1score = 0.9801657016002614
12/20/2023 18:52:14 - INFO - utils.common - 计算 accuracy ing...
12/20/2023 18:52:14 - INFO - utils.common - acc = 0.98025
12/20/2023 18:52:14 - INFO - utils.common - 计算 precision ing...
12/20/2023 18:52:14 - INFO - utils.common - precision = 0.9802252324985774
12/20/2023 18:52:14 - INFO - utils.common - 计算 recall ing...
12/20/2023 18:52:14 - INFO - utils.common - result = {'f1score': 0.9801657016002614, 'acc': 0.98025, 'precision': 0.9802252324985774, 'recall': 0.9801232181165295}
12/20/2023 18:52:14 - INFO - __main__ - Epoch:36, Train Accuracy:0.98025, f1:0.9801657016002614

Epoch: [36][0/63]	
12/20/2023 18:52:32 - INFO - utils.common - 计算 f1 score ing...
12/20/2023 18:52:32 - INFO - utils.common - F1score = 0.9850982425782067
12/20/2023 18:52:32 - INFO - utils.common - 计算 accuracy ing...
12/20/2023 18:52:32 - INFO - utils.common - acc = 0.98505
12/20/2023 18:52:32 - INFO - utils.common - 计算 precision ing...
12/20/2023 18:52:32 - INFO - utils.common - precision = 0.9851982553180907
12/20/2023 18:52:32 - INFO - utils.common - 计算 recall ing...
12/20/2023 18:52:32 - INFO - utils.common - result = {'f1score': 0.9850982425782067, 'acc': 0.98505, 'precision': 0.9851982553180907, 'recall': 0.9850126887608306}
12/20/2023 18:52:32 - INFO - __main__ - Epoch:36, Val Accuracy:0.98505, f1:0.9850982425782067

12/20/2023 18:52:32 - INFO - __main__ - lr:0.0001963663688163546
12/20/2023 18:52:32 - INFO - __main__ - ==========Epoch:37==========
early_st 4
12/20/2023 18:52:58 - INFO - utils.common - 计算 f1 score ing...
12/20/2023 18:52:58 - INFO - utils.common - F1score = 0.9775191677471933
12/20/2023 18:52:58 - INFO - utils.common - 计算 accuracy ing...
12/20/2023 18:52:58 - INFO - utils.common - acc = 0.978
12/20/2023 18:52:58 - INFO - utils.common - 计算 precision ing...
12/20/2023 18:52:58 - INFO - utils.common - precision = 0.9774768496871287
12/20/2023 18:52:58 - INFO - utils.common - 计算 recall ing...
12/20/2023 18:52:58 - INFO - utils.common - result = {'f1score': 0.9775191677471933, 'acc': 0.978, 'precision': 0.9774768496871287, 'recall': 0.9775840572715503}
12/20/2023 18:52:58 - INFO - __main__ - Epoch:37, Train Accuracy:0.978, f1:0.9775191677471933

Epoch: [37][0/63]	
12/20/2023 18:53:16 - INFO - utils.common - 计算 f1 score ing...
12/20/2023 18:53:16 - INFO - utils.common - F1score = 0.9860991077578807
12/20/2023 18:53:16 - INFO - utils.common - 计算 accuracy ing...
12/20/2023 18:53:16 - INFO - utils.common - acc = 0.9861
12/20/2023 18:53:16 - INFO - utils.common - 计算 precision ing...
12/20/2023 18:53:16 - INFO - utils.common - precision = 0.9859691340884855
12/20/2023 18:53:16 - INFO - utils.common - 计算 recall ing...
12/20/2023 18:53:16 - INFO - utils.common - result = {'f1score': 0.9860991077578807, 'acc': 0.9861, 'precision': 0.9859691340884855, 'recall': 0.9862495395740909}
12/20/2023 18:53:16 - INFO - __main__ - Epoch:37, Val Accuracy:0.9861, f1:0.9860991077578807

12/20/2023 18:53:16 - INFO - __main__ - lr:0.0001036736311836454
12/20/2023 18:53:16 - INFO - __main__ - ==========Epoch:38==========
Save best weights
12/20/2023 18:53:41 - INFO - utils.common - 计算 f1 score ing...
12/20/2023 18:53:41 - INFO - utils.common - F1score = 0.9789342934117167
12/20/2023 18:53:41 - INFO - utils.common - 计算 accuracy ing...
12/20/2023 18:53:41 - INFO - utils.common - acc = 0.97925
12/20/2023 18:53:41 - INFO - utils.common - 计算 precision ing...
12/20/2023 18:53:41 - INFO - utils.common - precision = 0.9792938004830568
12/20/2023 18:53:41 - INFO - utils.common - 计算 recall ing...
12/20/2023 18:53:41 - INFO - utils.common - result = {'f1score': 0.9789342934117167, 'acc': 0.97925, 'precision': 0.9792938004830568, 'recall': 0.9786019579123411}
12/20/2023 18:53:41 - INFO - __main__ - Epoch:38, Train Accuracy:0.97925, f1:0.9789342934117167

Epoch: [38][0/63]	
12/20/2023 18:53:59 - INFO - utils.common - 计算 f1 score ing...
12/20/2023 18:53:59 - INFO - utils.common - F1score = 0.9858871682423719
12/20/2023 18:53:59 - INFO - utils.common - 计算 accuracy ing...
12/20/2023 18:53:59 - INFO - utils.common - acc = 0.9859
12/20/2023 18:53:59 - INFO - utils.common - 计算 precision ing...
12/20/2023 18:53:59 - INFO - utils.common - precision = 0.9858007587066856
12/20/2023 18:53:59 - INFO - utils.common - 计算 recall ing...
12/20/2023 18:53:59 - INFO - utils.common - result = {'f1score': 0.9858871682423719, 'acc': 0.9859, 'precision': 0.9858007587066856, 'recall': 0.9859929606915645}
12/20/2023 18:53:59 - INFO - __main__ - Epoch:38, Val Accuracy:0.9859, f1:0.9858871682423719

12/20/2023 18:53:59 - INFO - __main__ - lr:2.8683631183645395e-05
12/20/2023 18:53:59 - INFO - __main__ - ==========Epoch:39==========
early_st 4
12/20/2023 18:54:25 - INFO - utils.common - 计算 f1 score ing...
12/20/2023 18:54:25 - INFO - utils.common - F1score = 0.9792518486707955
12/20/2023 18:54:25 - INFO - utils.common - 计算 accuracy ing...
12/20/2023 18:54:25 - INFO - utils.common - acc = 0.979625
12/20/2023 18:54:25 - INFO - utils.common - 计算 precision ing...
12/20/2023 18:54:25 - INFO - utils.common - precision = 0.9795007154435109
12/20/2023 18:54:25 - INFO - utils.common - 计算 recall ing...
12/20/2023 18:54:25 - INFO - utils.common - result = {'f1score': 0.9792518486707955, 'acc': 0.979625, 'precision': 0.9795007154435109, 'recall': 0.9790112213549522}
12/20/2023 18:54:25 - INFO - __main__ - Epoch:39, Train Accuracy:0.979625, f1:0.9792518486707955

Epoch: [39][0/63]	
12/20/2023 18:54:42 - INFO - utils.common - 计算 f1 score ing...
12/20/2023 18:54:42 - INFO - utils.common - F1score = 0.9855238623487997
12/20/2023 18:54:42 - INFO - utils.common - 计算 accuracy ing...
12/20/2023 18:54:42 - INFO - utils.common - acc = 0.98555
12/20/2023 18:54:42 - INFO - utils.common - 计算 precision ing...
12/20/2023 18:54:42 - INFO - utils.common - precision = 0.9856136701388193
12/20/2023 18:54:42 - INFO - utils.common - 计算 recall ing...
12/20/2023 18:54:42 - INFO - utils.common - result = {'f1score': 0.9855238623487997, 'acc': 0.98555, 'precision': 0.9856136701388193, 'recall': 0.9854651388054361}
12/20/2023 18:54:42 - INFO - __main__ - Epoch:39, Val Accuracy:0.98555, f1:0.9855238623487997

12/20/2023 18:54:42 - INFO - __main__ - lr:0.0003
early_st 3
Test
12/20/2023 18:54:52 - INFO - utils.common - 计算 f1 score ing...
12/20/2023 18:54:52 - INFO - utils.common - F1score = 0.9549124921534557
12/20/2023 18:54:52 - INFO - utils.common - 计算 accuracy ing...
12/20/2023 18:54:52 - INFO - utils.common - acc = 0.9682451253481894
12/20/2023 18:54:52 - INFO - utils.common - 计算 precision ing...
12/20/2023 18:54:52 - INFO - utils.common - precision = 0.9614408066201329
12/20/2023 18:54:52 - INFO - utils.common - 计算 recall ing...
12/20/2023 18:54:52 - INFO - utils.common - result = {'f1score': 0.9549124921534557, 'acc': 0.9682451253481894, 'precision': 0.9614408066201329, 'recall': 0.9534678350726509}
12/20/2023 18:54:52 - INFO - __main__ - test_f1:0.9549124921534557, test_acc:0.9682451253481894, test_precision:0.9614408066201329, test_recall:0.9534678350726509
12/20/2023 18:54:52 - INFO - __main__ - Finish fine-turning...
