nohup: ignoring input
12/20/2023 20:01:35 - INFO - __main__ - 设置 seed 为:  2
12/20/2023 20:01:35 - INFO - __main__ - Start fine-turning...
12/20/2023 20:01:38 - INFO - __main__ - ==========Epoch:0==========
=> loading checkpoint '/home/lijunjian/CA2CL/save/NCT/pretrain/resnet18/ResNet18_bs_1792_img_size_224_lr_0.0006_wd_0.0001_temperature_0.2_adv_eps_1_cld_0.1/checkpoint_100.tar'
missing keys:[], unexpected_keys:['module.instance_projector.0.weight', 'module.instance_projector.0.bias', 'module.instance_projector.2.weight', 'module.instance_projector.2.bias', 'module.groupDis.0.weight']
loaded
12/20/2023 20:01:57 - INFO - utils.common - 计算 f1 score ing...
12/20/2023 20:01:57 - INFO - utils.common - F1score = 0.48982549789390856
12/20/2023 20:01:57 - INFO - utils.common - 计算 accuracy ing...
12/20/2023 20:01:57 - INFO - utils.common - acc = 0.504875
12/20/2023 20:01:57 - INFO - utils.common - 计算 precision ing...
12/20/2023 20:01:57 - INFO - utils.common - precision = 0.5177303090859661
12/20/2023 20:01:57 - INFO - utils.common - 计算 recall ing...
12/20/2023 20:01:57 - INFO - utils.common - result = {'f1score': 0.48982549789390856, 'acc': 0.504875, 'precision': 0.5177303090859661, 'recall': 0.49355766112137267}
12/20/2023 20:01:57 - INFO - __main__ - Epoch:0, Train Accuracy:0.504875, f1:0.48982549789390856

Epoch: [0][0/63]	
12/20/2023 20:02:18 - INFO - utils.common - 计算 f1 score ing...
12/20/2023 20:02:18 - INFO - utils.common - F1score = 0.8919257077716549
12/20/2023 20:02:18 - INFO - utils.common - 计算 accuracy ing...
12/20/2023 20:02:18 - INFO - utils.common - acc = 0.8951
12/20/2023 20:02:18 - INFO - utils.common - 计算 precision ing...
12/20/2023 20:02:18 - INFO - utils.common - precision = 0.9033580382810076
12/20/2023 20:02:18 - INFO - utils.common - 计算 recall ing...
12/20/2023 20:02:18 - INFO - utils.common - result = {'f1score': 0.8919257077716549, 'acc': 0.8951, 'precision': 0.9033580382810076, 'recall': 0.893601491092419}
12/20/2023 20:02:18 - INFO - __main__ - Epoch:0, Val Accuracy:0.8951, f1:0.8919257077716549

12/20/2023 20:02:18 - INFO - __main__ - lr:0.00027135636881635457
12/20/2023 20:02:18 - INFO - __main__ - ==========Epoch:1==========
Save best weights
12/20/2023 20:02:42 - INFO - utils.common - 计算 f1 score ing...
12/20/2023 20:02:42 - INFO - utils.common - F1score = 0.9298010146696059
12/20/2023 20:02:42 - INFO - utils.common - 计算 accuracy ing...
12/20/2023 20:02:42 - INFO - utils.common - acc = 0.9325
12/20/2023 20:02:42 - INFO - utils.common - 计算 precision ing...
12/20/2023 20:02:42 - INFO - utils.common - precision = 0.9347007286934195
12/20/2023 20:02:42 - INFO - utils.common - 计算 recall ing...
12/20/2023 20:02:42 - INFO - utils.common - result = {'f1score': 0.9298010146696059, 'acc': 0.9325, 'precision': 0.9347007286934195, 'recall': 0.9281387038517591}
12/20/2023 20:02:42 - INFO - __main__ - Epoch:1, Train Accuracy:0.9325, f1:0.9298010146696059

Epoch: [1][0/63]	
12/20/2023 20:03:03 - INFO - utils.common - 计算 f1 score ing...
12/20/2023 20:03:03 - INFO - utils.common - F1score = 0.9603161537944066
12/20/2023 20:03:03 - INFO - utils.common - 计算 accuracy ing...
12/20/2023 20:03:03 - INFO - utils.common - acc = 0.96065
12/20/2023 20:03:03 - INFO - utils.common - 计算 precision ing...
12/20/2023 20:03:03 - INFO - utils.common - precision = 0.9617785107594761
12/20/2023 20:03:03 - INFO - utils.common - 计算 recall ing...
12/20/2023 20:03:03 - INFO - utils.common - result = {'f1score': 0.9603161537944066, 'acc': 0.96065, 'precision': 0.9617785107594761, 'recall': 0.9596802749862303}
12/20/2023 20:03:03 - INFO - __main__ - Epoch:1, Val Accuracy:0.96065, f1:0.9603161537944066

12/20/2023 20:03:03 - INFO - __main__ - lr:0.0001963663688163546
12/20/2023 20:03:03 - INFO - __main__ - ==========Epoch:2==========
Save best weights
12/20/2023 20:03:28 - INFO - utils.common - 计算 f1 score ing...
12/20/2023 20:03:28 - INFO - utils.common - F1score = 0.9516174848542656
12/20/2023 20:03:28 - INFO - utils.common - 计算 accuracy ing...
12/20/2023 20:03:28 - INFO - utils.common - acc = 0.952625
12/20/2023 20:03:28 - INFO - utils.common - 计算 precision ing...
12/20/2023 20:03:28 - INFO - utils.common - precision = 0.953973714911289
12/20/2023 20:03:28 - INFO - utils.common - 计算 recall ing...
12/20/2023 20:03:28 - INFO - utils.common - result = {'f1score': 0.9516174848542656, 'acc': 0.952625, 'precision': 0.953973714911289, 'recall': 0.950010072167481}
12/20/2023 20:03:28 - INFO - __main__ - Epoch:2, Train Accuracy:0.952625, f1:0.9516174848542656

Epoch: [2][0/63]	
12/20/2023 20:03:50 - INFO - utils.common - 计算 f1 score ing...
12/20/2023 20:03:50 - INFO - utils.common - F1score = 0.967389414832379
12/20/2023 20:03:50 - INFO - utils.common - 计算 accuracy ing...
12/20/2023 20:03:50 - INFO - utils.common - acc = 0.96755
12/20/2023 20:03:50 - INFO - utils.common - 计算 precision ing...
12/20/2023 20:03:50 - INFO - utils.common - precision = 0.9689282572115722
12/20/2023 20:03:50 - INFO - utils.common - 计算 recall ing...
12/20/2023 20:03:50 - INFO - utils.common - result = {'f1score': 0.967389414832379, 'acc': 0.96755, 'precision': 0.9689282572115722, 'recall': 0.9664621748501365}
12/20/2023 20:03:50 - INFO - __main__ - Epoch:2, Val Accuracy:0.96755, f1:0.967389414832379

12/20/2023 20:03:50 - INFO - __main__ - lr:0.0001036736311836454
12/20/2023 20:03:50 - INFO - __main__ - ==========Epoch:3==========
Save best weights
12/20/2023 20:04:14 - INFO - utils.common - 计算 f1 score ing...
12/20/2023 20:04:14 - INFO - utils.common - F1score = 0.9581713852787909
12/20/2023 20:04:14 - INFO - utils.common - 计算 accuracy ing...
12/20/2023 20:04:14 - INFO - utils.common - acc = 0.95925
12/20/2023 20:04:14 - INFO - utils.common - 计算 precision ing...
12/20/2023 20:04:14 - INFO - utils.common - precision = 0.9598016807599392
12/20/2023 20:04:14 - INFO - utils.common - 计算 recall ing...
12/20/2023 20:04:14 - INFO - utils.common - result = {'f1score': 0.9581713852787909, 'acc': 0.95925, 'precision': 0.9598016807599392, 'recall': 0.9569569992321715}
12/20/2023 20:04:14 - INFO - __main__ - Epoch:3, Train Accuracy:0.95925, f1:0.9581713852787909

Epoch: [3][0/63]	
12/20/2023 20:04:35 - INFO - utils.common - 计算 f1 score ing...
12/20/2023 20:04:35 - INFO - utils.common - F1score = 0.9700924530500864
12/20/2023 20:04:35 - INFO - utils.common - 计算 accuracy ing...
12/20/2023 20:04:35 - INFO - utils.common - acc = 0.9704
12/20/2023 20:04:35 - INFO - utils.common - 计算 precision ing...
12/20/2023 20:04:35 - INFO - utils.common - precision = 0.9710766788740018
12/20/2023 20:04:35 - INFO - utils.common - 计算 recall ing...
12/20/2023 20:04:35 - INFO - utils.common - result = {'f1score': 0.9700924530500864, 'acc': 0.9704, 'precision': 0.9710766788740018, 'recall': 0.9695796538408606}
12/20/2023 20:04:35 - INFO - __main__ - Epoch:3, Val Accuracy:0.9704, f1:0.9700924530500864

12/20/2023 20:04:35 - INFO - __main__ - lr:2.8683631183645395e-05
12/20/2023 20:04:35 - INFO - __main__ - ==========Epoch:4==========
Save best weights
12/20/2023 20:05:00 - INFO - utils.common - 计算 f1 score ing...
12/20/2023 20:05:00 - INFO - utils.common - F1score = 0.9602498177263521
12/20/2023 20:05:00 - INFO - utils.common - 计算 accuracy ing...
12/20/2023 20:05:00 - INFO - utils.common - acc = 0.961375
12/20/2023 20:05:00 - INFO - utils.common - 计算 precision ing...
12/20/2023 20:05:00 - INFO - utils.common - precision = 0.9613704879292944
12/20/2023 20:05:00 - INFO - utils.common - 计算 recall ing...
12/20/2023 20:05:00 - INFO - utils.common - result = {'f1score': 0.9602498177263521, 'acc': 0.961375, 'precision': 0.9613704879292944, 'recall': 0.9594003168463945}
12/20/2023 20:05:00 - INFO - __main__ - Epoch:4, Train Accuracy:0.961375, f1:0.9602498177263521

Epoch: [4][0/63]	
12/20/2023 20:05:21 - INFO - utils.common - 计算 f1 score ing...
12/20/2023 20:05:21 - INFO - utils.common - F1score = 0.9711485671746338
12/20/2023 20:05:21 - INFO - utils.common - 计算 accuracy ing...
12/20/2023 20:05:21 - INFO - utils.common - acc = 0.9714
12/20/2023 20:05:21 - INFO - utils.common - 计算 precision ing...
12/20/2023 20:05:21 - INFO - utils.common - precision = 0.972107156440922
12/20/2023 20:05:21 - INFO - utils.common - 计算 recall ing...
12/20/2023 20:05:21 - INFO - utils.common - result = {'f1score': 0.9711485671746338, 'acc': 0.9714, 'precision': 0.972107156440922, 'recall': 0.9706001274670982}
12/20/2023 20:05:21 - INFO - __main__ - Epoch:4, Val Accuracy:0.9714, f1:0.9711485671746338

12/20/2023 20:05:21 - INFO - __main__ - lr:0.0003
12/20/2023 20:05:21 - INFO - __main__ - ==========Epoch:5==========
Save best weights
12/20/2023 20:05:45 - INFO - utils.common - 计算 f1 score ing...
12/20/2023 20:05:45 - INFO - utils.common - F1score = 0.9603662889691102
12/20/2023 20:05:45 - INFO - utils.common - 计算 accuracy ing...
12/20/2023 20:05:45 - INFO - utils.common - acc = 0.9615
12/20/2023 20:05:45 - INFO - utils.common - 计算 precision ing...
12/20/2023 20:05:45 - INFO - utils.common - precision = 0.9613376830533598
12/20/2023 20:05:45 - INFO - utils.common - 计算 recall ing...
12/20/2023 20:05:45 - INFO - utils.common - result = {'f1score': 0.9603662889691102, 'acc': 0.9615, 'precision': 0.9613376830533598, 'recall': 0.9595552065661767}
12/20/2023 20:05:45 - INFO - __main__ - Epoch:5, Train Accuracy:0.9615, f1:0.9603662889691102

Epoch: [5][0/63]	
12/20/2023 20:06:05 - INFO - utils.common - 计算 f1 score ing...
12/20/2023 20:06:05 - INFO - utils.common - F1score = 0.9772170294411813
12/20/2023 20:06:05 - INFO - utils.common - 计算 accuracy ing...
12/20/2023 20:06:06 - INFO - utils.common - acc = 0.9775
12/20/2023 20:06:06 - INFO - utils.common - 计算 precision ing...
12/20/2023 20:06:06 - INFO - utils.common - precision = 0.9775677482203007
12/20/2023 20:06:06 - INFO - utils.common - 计算 recall ing...
12/20/2023 20:06:06 - INFO - utils.common - result = {'f1score': 0.9772170294411813, 'acc': 0.9775, 'precision': 0.9775677482203007, 'recall': 0.976925756072623}
12/20/2023 20:06:06 - INFO - __main__ - Epoch:5, Val Accuracy:0.9775, f1:0.9772170294411813

12/20/2023 20:06:06 - INFO - __main__ - lr:0.00027135636881635457
12/20/2023 20:06:06 - INFO - __main__ - ==========Epoch:6==========
Save best weights
12/20/2023 20:06:30 - INFO - utils.common - 计算 f1 score ing...
12/20/2023 20:06:30 - INFO - utils.common - F1score = 0.9593414726558898
12/20/2023 20:06:30 - INFO - utils.common - 计算 accuracy ing...
12/20/2023 20:06:30 - INFO - utils.common - acc = 0.960625
12/20/2023 20:06:30 - INFO - utils.common - 计算 precision ing...
12/20/2023 20:06:30 - INFO - utils.common - precision = 0.9603540090198719
12/20/2023 20:06:30 - INFO - utils.common - 计算 recall ing...
12/20/2023 20:06:30 - INFO - utils.common - result = {'f1score': 0.9593414726558898, 'acc': 0.960625, 'precision': 0.9603540090198719, 'recall': 0.9584950060930859}
12/20/2023 20:06:30 - INFO - __main__ - Epoch:6, Train Accuracy:0.960625, f1:0.9593414726558898

Epoch: [6][0/63]	
12/20/2023 20:06:51 - INFO - utils.common - 计算 f1 score ing...
12/20/2023 20:06:51 - INFO - utils.common - F1score = 0.9789945530188435
12/20/2023 20:06:51 - INFO - utils.common - 计算 accuracy ing...
12/20/2023 20:06:51 - INFO - utils.common - acc = 0.97915
12/20/2023 20:06:51 - INFO - utils.common - 计算 precision ing...
12/20/2023 20:06:51 - INFO - utils.common - precision = 0.9795178741054185
12/20/2023 20:06:51 - INFO - utils.common - 计算 recall ing...
12/20/2023 20:06:51 - INFO - utils.common - result = {'f1score': 0.9789945530188435, 'acc': 0.97915, 'precision': 0.9795178741054185, 'recall': 0.9785238700528096}
12/20/2023 20:06:51 - INFO - __main__ - Epoch:6, Val Accuracy:0.97915, f1:0.9789945530188435

12/20/2023 20:06:51 - INFO - __main__ - lr:0.0001963663688163546
12/20/2023 20:06:51 - INFO - __main__ - ==========Epoch:7==========
Save best weights
12/20/2023 20:07:14 - INFO - utils.common - 计算 f1 score ing...
12/20/2023 20:07:14 - INFO - utils.common - F1score = 0.9644032569362895
12/20/2023 20:07:14 - INFO - utils.common - 计算 accuracy ing...
12/20/2023 20:07:14 - INFO - utils.common - acc = 0.96525
12/20/2023 20:07:14 - INFO - utils.common - 计算 precision ing...
12/20/2023 20:07:14 - INFO - utils.common - precision = 0.9652531249659226
12/20/2023 20:07:14 - INFO - utils.common - 计算 recall ing...
12/20/2023 20:07:14 - INFO - utils.common - result = {'f1score': 0.9644032569362895, 'acc': 0.96525, 'precision': 0.9652531249659226, 'recall': 0.9636407903375539}
12/20/2023 20:07:14 - INFO - __main__ - Epoch:7, Train Accuracy:0.96525, f1:0.9644032569362895

Epoch: [7][0/63]	
12/20/2023 20:07:35 - INFO - utils.common - 计算 f1 score ing...
12/20/2023 20:07:35 - INFO - utils.common - F1score = 0.9798295443453845
12/20/2023 20:07:35 - INFO - utils.common - 计算 accuracy ing...
12/20/2023 20:07:35 - INFO - utils.common - acc = 0.98
12/20/2023 20:07:35 - INFO - utils.common - 计算 precision ing...
12/20/2023 20:07:35 - INFO - utils.common - precision = 0.9801901277709839
12/20/2023 20:07:35 - INFO - utils.common - 计算 recall ing...
12/20/2023 20:07:35 - INFO - utils.common - result = {'f1score': 0.9798295443453845, 'acc': 0.98, 'precision': 0.9801901277709839, 'recall': 0.9795026704326469}
12/20/2023 20:07:35 - INFO - __main__ - Epoch:7, Val Accuracy:0.98, f1:0.9798295443453845

12/20/2023 20:07:35 - INFO - __main__ - lr:0.0001036736311836454
12/20/2023 20:07:35 - INFO - __main__ - ==========Epoch:8==========
Save best weights
12/20/2023 20:07:59 - INFO - utils.common - 计算 f1 score ing...
12/20/2023 20:07:59 - INFO - utils.common - F1score = 0.9676771225103313
12/20/2023 20:07:59 - INFO - utils.common - 计算 accuracy ing...
12/20/2023 20:07:59 - INFO - utils.common - acc = 0.968375
12/20/2023 20:07:59 - INFO - utils.common - 计算 precision ing...
12/20/2023 20:07:59 - INFO - utils.common - precision = 0.9682816012914297
12/20/2023 20:07:59 - INFO - utils.common - 计算 recall ing...
12/20/2023 20:07:59 - INFO - utils.common - result = {'f1score': 0.9676771225103313, 'acc': 0.968375, 'precision': 0.9682816012914297, 'recall': 0.9672157321944561}
12/20/2023 20:07:59 - INFO - __main__ - Epoch:8, Train Accuracy:0.968375, f1:0.9676771225103313

Epoch: [8][0/63]	
12/20/2023 20:08:20 - INFO - utils.common - 计算 f1 score ing...
12/20/2023 20:08:20 - INFO - utils.common - F1score = 0.9799882674918672
12/20/2023 20:08:20 - INFO - utils.common - 计算 accuracy ing...
12/20/2023 20:08:20 - INFO - utils.common - acc = 0.9801
12/20/2023 20:08:20 - INFO - utils.common - 计算 precision ing...
12/20/2023 20:08:20 - INFO - utils.common - precision = 0.9803325853960038
12/20/2023 20:08:20 - INFO - utils.common - 计算 recall ing...
12/20/2023 20:08:20 - INFO - utils.common - result = {'f1score': 0.9799882674918672, 'acc': 0.9801, 'precision': 0.9803325853960038, 'recall': 0.9796753662437219}
12/20/2023 20:08:20 - INFO - __main__ - Epoch:8, Val Accuracy:0.9801, f1:0.9799882674918672

12/20/2023 20:08:20 - INFO - __main__ - lr:2.8683631183645395e-05
12/20/2023 20:08:20 - INFO - __main__ - ==========Epoch:9==========
Save best weights
12/20/2023 20:08:43 - INFO - utils.common - 计算 f1 score ing...
12/20/2023 20:08:43 - INFO - utils.common - F1score = 0.9673872712161895
12/20/2023 20:08:43 - INFO - utils.common - 计算 accuracy ing...
12/20/2023 20:08:43 - INFO - utils.common - acc = 0.968125
12/20/2023 20:08:43 - INFO - utils.common - 计算 precision ing...
12/20/2023 20:08:43 - INFO - utils.common - precision = 0.9678546683097059
12/20/2023 20:08:43 - INFO - utils.common - 计算 recall ing...
12/20/2023 20:08:43 - INFO - utils.common - result = {'f1score': 0.9673872712161895, 'acc': 0.968125, 'precision': 0.9678546683097059, 'recall': 0.9670079200493953}
12/20/2023 20:08:43 - INFO - __main__ - Epoch:9, Train Accuracy:0.968125, f1:0.9673872712161895

Epoch: [9][0/63]	
12/20/2023 20:09:04 - INFO - utils.common - 计算 f1 score ing...
12/20/2023 20:09:04 - INFO - utils.common - F1score = 0.9804547328701759
12/20/2023 20:09:04 - INFO - utils.common - 计算 accuracy ing...
12/20/2023 20:09:04 - INFO - utils.common - acc = 0.98055
12/20/2023 20:09:04 - INFO - utils.common - 计算 precision ing...
12/20/2023 20:09:04 - INFO - utils.common - precision = 0.9808973283779557
12/20/2023 20:09:04 - INFO - utils.common - 计算 recall ing...
12/20/2023 20:09:04 - INFO - utils.common - result = {'f1score': 0.9804547328701759, 'acc': 0.98055, 'precision': 0.9808973283779557, 'recall': 0.9800470842799319}
12/20/2023 20:09:04 - INFO - __main__ - Epoch:9, Val Accuracy:0.98055, f1:0.9804547328701759

12/20/2023 20:09:04 - INFO - __main__ - lr:0.0003
12/20/2023 20:09:04 - INFO - __main__ - ==========Epoch:10==========
Save best weights
12/20/2023 20:09:28 - INFO - utils.common - 计算 f1 score ing...
12/20/2023 20:09:28 - INFO - utils.common - F1score = 0.96888912487598
12/20/2023 20:09:28 - INFO - utils.common - 计算 accuracy ing...
12/20/2023 20:09:28 - INFO - utils.common - acc = 0.9695
12/20/2023 20:09:28 - INFO - utils.common - 计算 precision ing...
12/20/2023 20:09:28 - INFO - utils.common - precision = 0.9692045775721839
12/20/2023 20:09:28 - INFO - utils.common - 计算 recall ing...
12/20/2023 20:09:28 - INFO - utils.common - result = {'f1score': 0.96888912487598, 'acc': 0.9695, 'precision': 0.9692045775721839, 'recall': 0.968716196647188}
12/20/2023 20:09:28 - INFO - __main__ - Epoch:10, Train Accuracy:0.9695, f1:0.96888912487598

Epoch: [10][0/63]	
12/20/2023 20:09:47 - INFO - utils.common - 计算 f1 score ing...
12/20/2023 20:09:47 - INFO - utils.common - F1score = 0.9808948455211396
12/20/2023 20:09:47 - INFO - utils.common - 计算 accuracy ing...
12/20/2023 20:09:48 - INFO - utils.common - acc = 0.98095
12/20/2023 20:09:48 - INFO - utils.common - 计算 precision ing...
12/20/2023 20:09:48 - INFO - utils.common - precision = 0.9813974950689199
12/20/2023 20:09:48 - INFO - utils.common - 计算 recall ing...
12/20/2023 20:09:48 - INFO - utils.common - result = {'f1score': 0.9808948455211396, 'acc': 0.98095, 'precision': 0.9813974950689199, 'recall': 0.9804414610744617}
12/20/2023 20:09:48 - INFO - __main__ - Epoch:10, Val Accuracy:0.98095, f1:0.9808948455211396

12/20/2023 20:09:48 - INFO - __main__ - lr:0.00027135636881635457
12/20/2023 20:09:48 - INFO - __main__ - ==========Epoch:11==========
Save best weights
12/20/2023 20:10:11 - INFO - utils.common - 计算 f1 score ing...
12/20/2023 20:10:11 - INFO - utils.common - F1score = 0.9698009765894374
12/20/2023 20:10:11 - INFO - utils.common - 计算 accuracy ing...
12/20/2023 20:10:11 - INFO - utils.common - acc = 0.970375
12/20/2023 20:10:11 - INFO - utils.common - 计算 precision ing...
12/20/2023 20:10:11 - INFO - utils.common - precision = 0.9704489884627434
12/20/2023 20:10:11 - INFO - utils.common - 计算 recall ing...
12/20/2023 20:10:11 - INFO - utils.common - result = {'f1score': 0.9698009765894374, 'acc': 0.970375, 'precision': 0.9704489884627434, 'recall': 0.9692726322625403}
12/20/2023 20:10:11 - INFO - __main__ - Epoch:11, Train Accuracy:0.970375, f1:0.9698009765894374

Epoch: [11][0/63]	
12/20/2023 20:10:30 - INFO - utils.common - 计算 f1 score ing...
12/20/2023 20:10:30 - INFO - utils.common - F1score = 0.9827248482223404
12/20/2023 20:10:30 - INFO - utils.common - 计算 accuracy ing...
12/20/2023 20:10:31 - INFO - utils.common - acc = 0.9828
12/20/2023 20:10:31 - INFO - utils.common - 计算 precision ing...
12/20/2023 20:10:31 - INFO - utils.common - precision = 0.9828735371910674
12/20/2023 20:10:31 - INFO - utils.common - 计算 recall ing...
12/20/2023 20:10:31 - INFO - utils.common - result = {'f1score': 0.9827248482223404, 'acc': 0.9828, 'precision': 0.9828735371910674, 'recall': 0.9825882397229111}
12/20/2023 20:10:31 - INFO - __main__ - Epoch:11, Val Accuracy:0.9828, f1:0.9827248482223404

12/20/2023 20:10:31 - INFO - __main__ - lr:0.0001963663688163546
12/20/2023 20:10:31 - INFO - __main__ - ==========Epoch:12==========
Save best weights
12/20/2023 20:10:54 - INFO - utils.common - 计算 f1 score ing...
12/20/2023 20:10:54 - INFO - utils.common - F1score = 0.9705623655083697
12/20/2023 20:10:54 - INFO - utils.common - 计算 accuracy ing...
12/20/2023 20:10:54 - INFO - utils.common - acc = 0.971125
12/20/2023 20:10:54 - INFO - utils.common - 计算 precision ing...
12/20/2023 20:10:54 - INFO - utils.common - precision = 0.9708159364688554
12/20/2023 20:10:54 - INFO - utils.common - 计算 recall ing...
12/20/2023 20:10:54 - INFO - utils.common - result = {'f1score': 0.9705623655083697, 'acc': 0.971125, 'precision': 0.9708159364688554, 'recall': 0.970406825642742}
12/20/2023 20:10:54 - INFO - __main__ - Epoch:12, Train Accuracy:0.971125, f1:0.9705623655083697

Epoch: [12][0/63]	
12/20/2023 20:11:14 - INFO - utils.common - 计算 f1 score ing...
12/20/2023 20:11:14 - INFO - utils.common - F1score = 0.9827149098547694
12/20/2023 20:11:14 - INFO - utils.common - 计算 accuracy ing...
12/20/2023 20:11:14 - INFO - utils.common - acc = 0.9828
12/20/2023 20:11:14 - INFO - utils.common - 计算 precision ing...
12/20/2023 20:11:14 - INFO - utils.common - precision = 0.9831019411834974
12/20/2023 20:11:14 - INFO - utils.common - 计算 recall ing...
12/20/2023 20:11:14 - INFO - utils.common - result = {'f1score': 0.9827149098547694, 'acc': 0.9828, 'precision': 0.9831019411834974, 'recall': 0.9823602552287949}
12/20/2023 20:11:14 - INFO - __main__ - Epoch:12, Val Accuracy:0.9828, f1:0.9827149098547694

12/20/2023 20:11:14 - INFO - __main__ - lr:0.0001036736311836454
12/20/2023 20:11:14 - INFO - __main__ - ==========Epoch:13==========
Save best weights
12/20/2023 20:11:37 - INFO - utils.common - 计算 f1 score ing...
12/20/2023 20:11:37 - INFO - utils.common - F1score = 0.9702205330657045
12/20/2023 20:11:37 - INFO - utils.common - 计算 accuracy ing...
12/20/2023 20:11:37 - INFO - utils.common - acc = 0.97075
12/20/2023 20:11:37 - INFO - utils.common - 计算 precision ing...
12/20/2023 20:11:37 - INFO - utils.common - precision = 0.9707496048928242
12/20/2023 20:11:37 - INFO - utils.common - 计算 recall ing...
12/20/2023 20:11:37 - INFO - utils.common - result = {'f1score': 0.9702205330657045, 'acc': 0.97075, 'precision': 0.9707496048928242, 'recall': 0.9697753626793744}
12/20/2023 20:11:37 - INFO - __main__ - Epoch:13, Train Accuracy:0.97075, f1:0.9702205330657045

Epoch: [13][0/63]	
12/20/2023 20:11:56 - INFO - utils.common - 计算 f1 score ing...
12/20/2023 20:11:56 - INFO - utils.common - F1score = 0.9825674914611499
12/20/2023 20:11:56 - INFO - utils.common - 计算 accuracy ing...
12/20/2023 20:11:56 - INFO - utils.common - acc = 0.9826
12/20/2023 20:11:56 - INFO - utils.common - 计算 precision ing...
12/20/2023 20:11:56 - INFO - utils.common - precision = 0.9828749430088166
12/20/2023 20:11:56 - INFO - utils.common - 计算 recall ing...
12/20/2023 20:11:56 - INFO - utils.common - result = {'f1score': 0.9825674914611499, 'acc': 0.9826, 'precision': 0.9828749430088166, 'recall': 0.9822881526359291}
12/20/2023 20:11:56 - INFO - __main__ - Epoch:13, Val Accuracy:0.9826, f1:0.9825674914611499

12/20/2023 20:11:56 - INFO - __main__ - lr:2.8683631183645395e-05
12/20/2023 20:11:56 - INFO - __main__ - ==========Epoch:14==========
early_st 4
12/20/2023 20:12:20 - INFO - utils.common - 计算 f1 score ing...
12/20/2023 20:12:20 - INFO - utils.common - F1score = 0.9723475865409468
12/20/2023 20:12:20 - INFO - utils.common - 计算 accuracy ing...
12/20/2023 20:12:20 - INFO - utils.common - acc = 0.97275
12/20/2023 20:12:20 - INFO - utils.common - 计算 precision ing...
12/20/2023 20:12:20 - INFO - utils.common - precision = 0.9726057279755307
12/20/2023 20:12:20 - INFO - utils.common - 计算 recall ing...
12/20/2023 20:12:20 - INFO - utils.common - result = {'f1score': 0.9723475865409468, 'acc': 0.97275, 'precision': 0.9726057279755307, 'recall': 0.9721603184416878}
12/20/2023 20:12:20 - INFO - __main__ - Epoch:14, Train Accuracy:0.97275, f1:0.9723475865409468

Epoch: [14][0/63]	
12/20/2023 20:12:39 - INFO - utils.common - 计算 f1 score ing...
12/20/2023 20:12:40 - INFO - utils.common - F1score = 0.9828202842336916
12/20/2023 20:12:40 - INFO - utils.common - 计算 accuracy ing...
12/20/2023 20:12:40 - INFO - utils.common - acc = 0.9829
12/20/2023 20:12:40 - INFO - utils.common - 计算 precision ing...
12/20/2023 20:12:40 - INFO - utils.common - precision = 0.9832294313104879
12/20/2023 20:12:40 - INFO - utils.common - 计算 recall ing...
12/20/2023 20:12:40 - INFO - utils.common - result = {'f1score': 0.9828202842336916, 'acc': 0.9829, 'precision': 0.9832294313104879, 'recall': 0.9824528316114282}
12/20/2023 20:12:40 - INFO - __main__ - Epoch:14, Val Accuracy:0.9829, f1:0.9828202842336916

12/20/2023 20:12:40 - INFO - __main__ - lr:0.0003
12/20/2023 20:12:40 - INFO - __main__ - ==========Epoch:15==========
Save best weights
12/20/2023 20:13:04 - INFO - utils.common - 计算 f1 score ing...
12/20/2023 20:13:04 - INFO - utils.common - F1score = 0.9700558161387929
12/20/2023 20:13:04 - INFO - utils.common - 计算 accuracy ing...
12/20/2023 20:13:04 - INFO - utils.common - acc = 0.970375
12/20/2023 20:13:04 - INFO - utils.common - 计算 precision ing...
12/20/2023 20:13:04 - INFO - utils.common - precision = 0.9705150571957558
12/20/2023 20:13:04 - INFO - utils.common - 计算 recall ing...
12/20/2023 20:13:04 - INFO - utils.common - result = {'f1score': 0.9700558161387929, 'acc': 0.970375, 'precision': 0.9705150571957558, 'recall': 0.9696804426504375}
12/20/2023 20:13:04 - INFO - __main__ - Epoch:15, Train Accuracy:0.970375, f1:0.9700558161387929

Epoch: [15][0/63]	
12/20/2023 20:13:22 - INFO - utils.common - 计算 f1 score ing...
12/20/2023 20:13:22 - INFO - utils.common - F1score = 0.9835434300177543
12/20/2023 20:13:22 - INFO - utils.common - 计算 accuracy ing...
12/20/2023 20:13:22 - INFO - utils.common - acc = 0.9836
12/20/2023 20:13:22 - INFO - utils.common - 计算 precision ing...
12/20/2023 20:13:22 - INFO - utils.common - precision = 0.9839339670226622
12/20/2023 20:13:22 - INFO - utils.common - 计算 recall ing...
12/20/2023 20:13:22 - INFO - utils.common - result = {'f1score': 0.9835434300177543, 'acc': 0.9836, 'precision': 0.9839339670226622, 'recall': 0.9831946498041648}
12/20/2023 20:13:22 - INFO - __main__ - Epoch:15, Val Accuracy:0.9836, f1:0.9835434300177543

12/20/2023 20:13:22 - INFO - __main__ - lr:0.00027135636881635457
12/20/2023 20:13:22 - INFO - __main__ - ==========Epoch:16==========
Save best weights
12/20/2023 20:13:47 - INFO - utils.common - 计算 f1 score ing...
12/20/2023 20:13:47 - INFO - utils.common - F1score = 0.9720617676615997
12/20/2023 20:13:47 - INFO - utils.common - 计算 accuracy ing...
12/20/2023 20:13:47 - INFO - utils.common - acc = 0.9725
12/20/2023 20:13:47 - INFO - utils.common - 计算 precision ing...
12/20/2023 20:13:47 - INFO - utils.common - precision = 0.9723122721583484
12/20/2023 20:13:47 - INFO - utils.common - 计算 recall ing...
12/20/2023 20:13:47 - INFO - utils.common - result = {'f1score': 0.9720617676615997, 'acc': 0.9725, 'precision': 0.9723122721583484, 'recall': 0.9718402819319257}
12/20/2023 20:13:47 - INFO - __main__ - Epoch:16, Train Accuracy:0.9725, f1:0.9720617676615997

Epoch: [16][0/63]	
12/20/2023 20:14:06 - INFO - utils.common - 计算 f1 score ing...
12/20/2023 20:14:06 - INFO - utils.common - F1score = 0.9837875953272497
12/20/2023 20:14:06 - INFO - utils.common - 计算 accuracy ing...
12/20/2023 20:14:06 - INFO - utils.common - acc = 0.98385
12/20/2023 20:14:06 - INFO - utils.common - 计算 precision ing...
12/20/2023 20:14:07 - INFO - utils.common - precision = 0.9841977475328336
12/20/2023 20:14:07 - INFO - utils.common - 计算 recall ing...
12/20/2023 20:14:07 - INFO - utils.common - result = {'f1score': 0.9837875953272497, 'acc': 0.98385, 'precision': 0.9841977475328336, 'recall': 0.9834212687511921}
12/20/2023 20:14:07 - INFO - __main__ - Epoch:16, Val Accuracy:0.98385, f1:0.9837875953272497

12/20/2023 20:14:07 - INFO - __main__ - lr:0.0001963663688163546
12/20/2023 20:14:07 - INFO - __main__ - ==========Epoch:17==========
Save best weights
12/20/2023 20:14:31 - INFO - utils.common - 计算 f1 score ing...
12/20/2023 20:14:31 - INFO - utils.common - F1score = 0.9727697858897876
12/20/2023 20:14:31 - INFO - utils.common - 计算 accuracy ing...
12/20/2023 20:14:31 - INFO - utils.common - acc = 0.973375
12/20/2023 20:14:31 - INFO - utils.common - 计算 precision ing...
12/20/2023 20:14:31 - INFO - utils.common - precision = 0.9732832332370207
12/20/2023 20:14:31 - INFO - utils.common - 计算 recall ing...
12/20/2023 20:14:31 - INFO - utils.common - result = {'f1score': 0.9727697858897876, 'acc': 0.973375, 'precision': 0.9732832332370207, 'recall': 0.9723406589407948}
12/20/2023 20:14:31 - INFO - __main__ - Epoch:17, Train Accuracy:0.973375, f1:0.9727697858897876

Epoch: [17][0/63]	
12/20/2023 20:14:50 - INFO - utils.common - 计算 f1 score ing...
12/20/2023 20:14:50 - INFO - utils.common - F1score = 0.9840936259798041
12/20/2023 20:14:50 - INFO - utils.common - 计算 accuracy ing...
12/20/2023 20:14:50 - INFO - utils.common - acc = 0.98415
12/20/2023 20:14:50 - INFO - utils.common - 计算 precision ing...
12/20/2023 20:14:50 - INFO - utils.common - precision = 0.9843397528341826
12/20/2023 20:14:50 - INFO - utils.common - 计算 recall ing...
12/20/2023 20:14:50 - INFO - utils.common - result = {'f1score': 0.9840936259798041, 'acc': 0.98415, 'precision': 0.9843397528341826, 'recall': 0.9838734730494689}
12/20/2023 20:14:50 - INFO - __main__ - Epoch:17, Val Accuracy:0.98415, f1:0.9840936259798041

12/20/2023 20:14:50 - INFO - __main__ - lr:0.0001036736311836454
12/20/2023 20:14:50 - INFO - __main__ - ==========Epoch:18==========
Save best weights
12/20/2023 20:15:15 - INFO - utils.common - 计算 f1 score ing...
12/20/2023 20:15:15 - INFO - utils.common - F1score = 0.9730140874892632
12/20/2023 20:15:15 - INFO - utils.common - 计算 accuracy ing...
12/20/2023 20:15:15 - INFO - utils.common - acc = 0.97325
12/20/2023 20:15:15 - INFO - utils.common - 计算 precision ing...
12/20/2023 20:15:15 - INFO - utils.common - precision = 0.9734645425207302
12/20/2023 20:15:15 - INFO - utils.common - 计算 recall ing...
12/20/2023 20:15:15 - INFO - utils.common - result = {'f1score': 0.9730140874892632, 'acc': 0.97325, 'precision': 0.9734645425207302, 'recall': 0.9726366989284941}
12/20/2023 20:15:15 - INFO - __main__ - Epoch:18, Train Accuracy:0.97325, f1:0.9730140874892632

Epoch: [18][0/63]	
12/20/2023 20:15:34 - INFO - utils.common - 计算 f1 score ing...
12/20/2023 20:15:34 - INFO - utils.common - F1score = 0.9848254580011131
12/20/2023 20:15:34 - INFO - utils.common - 计算 accuracy ing...
12/20/2023 20:15:34 - INFO - utils.common - acc = 0.98485
12/20/2023 20:15:34 - INFO - utils.common - 计算 precision ing...
12/20/2023 20:15:34 - INFO - utils.common - precision = 0.9850779276661186
12/20/2023 20:15:34 - INFO - utils.common - 计算 recall ing...
12/20/2023 20:15:34 - INFO - utils.common - result = {'f1score': 0.9848254580011131, 'acc': 0.98485, 'precision': 0.9850779276661186, 'recall': 0.9845923908771744}
12/20/2023 20:15:34 - INFO - __main__ - Epoch:18, Val Accuracy:0.98485, f1:0.9848254580011131

12/20/2023 20:15:34 - INFO - __main__ - lr:2.8683631183645395e-05
12/20/2023 20:15:34 - INFO - __main__ - ==========Epoch:19==========
Save best weights
12/20/2023 20:15:58 - INFO - utils.common - 计算 f1 score ing...
12/20/2023 20:15:58 - INFO - utils.common - F1score = 0.9735739360940738
12/20/2023 20:15:58 - INFO - utils.common - 计算 accuracy ing...
12/20/2023 20:15:58 - INFO - utils.common - acc = 0.974
12/20/2023 20:15:58 - INFO - utils.common - 计算 precision ing...
12/20/2023 20:15:58 - INFO - utils.common - precision = 0.9741095866011842
12/20/2023 20:15:58 - INFO - utils.common - 计算 recall ing...
12/20/2023 20:15:58 - INFO - utils.common - result = {'f1score': 0.9735739360940738, 'acc': 0.974, 'precision': 0.9741095866011842, 'recall': 0.973123662335294}
12/20/2023 20:15:58 - INFO - __main__ - Epoch:19, Train Accuracy:0.974, f1:0.9735739360940738

Epoch: [19][0/63]	
12/20/2023 20:16:17 - INFO - utils.common - 计算 f1 score ing...
12/20/2023 20:16:17 - INFO - utils.common - F1score = 0.9849298042014321
12/20/2023 20:16:17 - INFO - utils.common - 计算 accuracy ing...
12/20/2023 20:16:17 - INFO - utils.common - acc = 0.985
12/20/2023 20:16:17 - INFO - utils.common - 计算 precision ing...
12/20/2023 20:16:17 - INFO - utils.common - precision = 0.9851396259207748
12/20/2023 20:16:17 - INFO - utils.common - 计算 recall ing...
12/20/2023 20:16:17 - INFO - utils.common - result = {'f1score': 0.9849298042014321, 'acc': 0.985, 'precision': 0.9851396259207748, 'recall': 0.9847360395954037}
12/20/2023 20:16:17 - INFO - __main__ - Epoch:19, Val Accuracy:0.985, f1:0.9849298042014321

12/20/2023 20:16:17 - INFO - __main__ - lr:0.0003
12/20/2023 20:16:17 - INFO - __main__ - ==========Epoch:20==========
Save best weights
12/20/2023 20:16:42 - INFO - utils.common - 计算 f1 score ing...
12/20/2023 20:16:42 - INFO - utils.common - F1score = 0.9730230361653496
12/20/2023 20:16:42 - INFO - utils.common - 计算 accuracy ing...
12/20/2023 20:16:42 - INFO - utils.common - acc = 0.9735
12/20/2023 20:16:42 - INFO - utils.common - 计算 precision ing...
12/20/2023 20:16:42 - INFO - utils.common - precision = 0.9733928704928895
12/20/2023 20:16:42 - INFO - utils.common - 计算 recall ing...
12/20/2023 20:16:42 - INFO - utils.common - result = {'f1score': 0.9730230361653496, 'acc': 0.9735, 'precision': 0.9733928704928895, 'recall': 0.9727108150327888}
12/20/2023 20:16:42 - INFO - __main__ - Epoch:20, Train Accuracy:0.9735, f1:0.9730230361653496

Epoch: [20][0/63]	
12/20/2023 20:17:00 - INFO - utils.common - 计算 f1 score ing...
12/20/2023 20:17:00 - INFO - utils.common - F1score = 0.9854434898736968
12/20/2023 20:17:00 - INFO - utils.common - 计算 accuracy ing...
12/20/2023 20:17:00 - INFO - utils.common - acc = 0.98545
12/20/2023 20:17:00 - INFO - utils.common - 计算 precision ing...
12/20/2023 20:17:00 - INFO - utils.common - precision = 0.9856208409052054
12/20/2023 20:17:00 - INFO - utils.common - 计算 recall ing...
12/20/2023 20:17:00 - INFO - utils.common - result = {'f1score': 0.9854434898736968, 'acc': 0.98545, 'precision': 0.9856208409052054, 'recall': 0.9852783792754004}
12/20/2023 20:17:00 - INFO - __main__ - Epoch:20, Val Accuracy:0.98545, f1:0.9854434898736968

12/20/2023 20:17:00 - INFO - __main__ - lr:0.00027135636881635457
12/20/2023 20:17:00 - INFO - __main__ - ==========Epoch:21==========
Save best weights
12/20/2023 20:17:24 - INFO - utils.common - 计算 f1 score ing...
12/20/2023 20:17:24 - INFO - utils.common - F1score = 0.9747426318077161
12/20/2023 20:17:24 - INFO - utils.common - 计算 accuracy ing...
12/20/2023 20:17:24 - INFO - utils.common - acc = 0.975125
12/20/2023 20:17:24 - INFO - utils.common - 计算 precision ing...
12/20/2023 20:17:24 - INFO - utils.common - precision = 0.9749218783616107
12/20/2023 20:17:24 - INFO - utils.common - 计算 recall ing...
12/20/2023 20:17:24 - INFO - utils.common - result = {'f1score': 0.9747426318077161, 'acc': 0.975125, 'precision': 0.9749218783616107, 'recall': 0.9745970453855869}
12/20/2023 20:17:24 - INFO - __main__ - Epoch:21, Train Accuracy:0.975125, f1:0.9747426318077161

Epoch: [21][0/63]	
12/20/2023 20:17:43 - INFO - utils.common - 计算 f1 score ing...
12/20/2023 20:17:43 - INFO - utils.common - F1score = 0.9852751140855509
12/20/2023 20:17:43 - INFO - utils.common - 计算 accuracy ing...
12/20/2023 20:17:43 - INFO - utils.common - acc = 0.9853
12/20/2023 20:17:43 - INFO - utils.common - 计算 precision ing...
12/20/2023 20:17:43 - INFO - utils.common - precision = 0.9854925779988657
12/20/2023 20:17:43 - INFO - utils.common - 计算 recall ing...
12/20/2023 20:17:43 - INFO - utils.common - result = {'f1score': 0.9852751140855509, 'acc': 0.9853, 'precision': 0.9854925779988657, 'recall': 0.9850730588617918}
12/20/2023 20:17:43 - INFO - __main__ - Epoch:21, Val Accuracy:0.9853, f1:0.9852751140855509

12/20/2023 20:17:43 - INFO - __main__ - lr:0.0001963663688163546
12/20/2023 20:17:43 - INFO - __main__ - ==========Epoch:22==========
early_st 4
12/20/2023 20:18:06 - INFO - utils.common - 计算 f1 score ing...
12/20/2023 20:18:06 - INFO - utils.common - F1score = 0.9726019284275118
12/20/2023 20:18:06 - INFO - utils.common - 计算 accuracy ing...
12/20/2023 20:18:06 - INFO - utils.common - acc = 0.97325
12/20/2023 20:18:06 - INFO - utils.common - 计算 precision ing...
12/20/2023 20:18:06 - INFO - utils.common - precision = 0.9730950248081837
12/20/2023 20:18:06 - INFO - utils.common - 计算 recall ing...
12/20/2023 20:18:06 - INFO - utils.common - result = {'f1score': 0.9726019284275118, 'acc': 0.97325, 'precision': 0.9730950248081837, 'recall': 0.972152008744873}
12/20/2023 20:18:06 - INFO - __main__ - Epoch:22, Train Accuracy:0.97325, f1:0.9726019284275118

Epoch: [22][0/63]	
12/20/2023 20:18:25 - INFO - utils.common - 计算 f1 score ing...
12/20/2023 20:18:25 - INFO - utils.common - F1score = 0.9856146256994598
12/20/2023 20:18:25 - INFO - utils.common - 计算 accuracy ing...
12/20/2023 20:18:25 - INFO - utils.common - acc = 0.98565
12/20/2023 20:18:25 - INFO - utils.common - 计算 precision ing...
12/20/2023 20:18:25 - INFO - utils.common - precision = 0.9856208382768131
12/20/2023 20:18:25 - INFO - utils.common - 计算 recall ing...
12/20/2023 20:18:25 - INFO - utils.common - result = {'f1score': 0.9856146256994598, 'acc': 0.98565, 'precision': 0.9856208382768131, 'recall': 0.985615942785897}
12/20/2023 20:18:25 - INFO - __main__ - Epoch:22, Val Accuracy:0.98565, f1:0.9856146256994598

12/20/2023 20:18:25 - INFO - __main__ - lr:0.0001036736311836454
12/20/2023 20:18:25 - INFO - __main__ - ==========Epoch:23==========
Save best weights
12/20/2023 20:18:49 - INFO - utils.common - 计算 f1 score ing...
12/20/2023 20:18:50 - INFO - utils.common - F1score = 0.9737660892435233
12/20/2023 20:18:50 - INFO - utils.common - 计算 accuracy ing...
12/20/2023 20:18:50 - INFO - utils.common - acc = 0.97425
12/20/2023 20:18:50 - INFO - utils.common - 计算 precision ing...
12/20/2023 20:18:50 - INFO - utils.common - precision = 0.9743930742891131
12/20/2023 20:18:50 - INFO - utils.common - 计算 recall ing...
12/20/2023 20:18:50 - INFO - utils.common - result = {'f1score': 0.9737660892435233, 'acc': 0.97425, 'precision': 0.9743930742891131, 'recall': 0.9732303943154766}
12/20/2023 20:18:50 - INFO - __main__ - Epoch:23, Train Accuracy:0.97425, f1:0.9737660892435233

Epoch: [23][0/63]	
12/20/2023 20:19:08 - INFO - utils.common - 计算 f1 score ing...
12/20/2023 20:19:08 - INFO - utils.common - F1score = 0.9853501869874122
12/20/2023 20:19:08 - INFO - utils.common - 计算 accuracy ing...
12/20/2023 20:19:08 - INFO - utils.common - acc = 0.98535
12/20/2023 20:19:08 - INFO - utils.common - 计算 precision ing...
12/20/2023 20:19:08 - INFO - utils.common - precision = 0.9856352124809297
12/20/2023 20:19:08 - INFO - utils.common - 计算 recall ing...
12/20/2023 20:19:08 - INFO - utils.common - result = {'f1score': 0.9853501869874122, 'acc': 0.98535, 'precision': 0.9856352124809297, 'recall': 0.9850948510065047}
12/20/2023 20:19:08 - INFO - __main__ - Epoch:23, Val Accuracy:0.98535, f1:0.9853501869874122

12/20/2023 20:19:08 - INFO - __main__ - lr:2.8683631183645395e-05
12/20/2023 20:19:08 - INFO - __main__ - ==========Epoch:24==========
early_st 4
12/20/2023 20:19:33 - INFO - utils.common - 计算 f1 score ing...
12/20/2023 20:19:33 - INFO - utils.common - F1score = 0.9750927421099885
12/20/2023 20:19:33 - INFO - utils.common - 计算 accuracy ing...
12/20/2023 20:19:33 - INFO - utils.common - acc = 0.975625
12/20/2023 20:19:33 - INFO - utils.common - 计算 precision ing...
12/20/2023 20:19:33 - INFO - utils.common - precision = 0.9754993417072482
12/20/2023 20:19:33 - INFO - utils.common - 计算 recall ing...
12/20/2023 20:19:33 - INFO - utils.common - result = {'f1score': 0.9750927421099885, 'acc': 0.975625, 'precision': 0.9754993417072482, 'recall': 0.9747332649333234}
12/20/2023 20:19:33 - INFO - __main__ - Epoch:24, Train Accuracy:0.975625, f1:0.9750927421099885

Epoch: [24][0/63]	
12/20/2023 20:19:52 - INFO - utils.common - 计算 f1 score ing...
12/20/2023 20:19:52 - INFO - utils.common - F1score = 0.9855300840251123
12/20/2023 20:19:52 - INFO - utils.common - 计算 accuracy ing...
12/20/2023 20:19:52 - INFO - utils.common - acc = 0.98555
12/20/2023 20:19:52 - INFO - utils.common - 计算 precision ing...
12/20/2023 20:19:52 - INFO - utils.common - precision = 0.9857440660835289
12/20/2023 20:19:52 - INFO - utils.common - 计算 recall ing...
12/20/2023 20:19:52 - INFO - utils.common - result = {'f1score': 0.9855300840251123, 'acc': 0.98555, 'precision': 0.9857440660835289, 'recall': 0.9853305207346502}
12/20/2023 20:19:52 - INFO - __main__ - Epoch:24, Val Accuracy:0.98555, f1:0.9855300840251123

12/20/2023 20:19:52 - INFO - __main__ - lr:0.0003
12/20/2023 20:19:52 - INFO - __main__ - ==========Epoch:25==========
early_st 3
12/20/2023 20:20:16 - INFO - utils.common - 计算 f1 score ing...
12/20/2023 20:20:16 - INFO - utils.common - F1score = 0.976153097716637
12/20/2023 20:20:16 - INFO - utils.common - 计算 accuracy ing...
12/20/2023 20:20:16 - INFO - utils.common - acc = 0.976375
12/20/2023 20:20:16 - INFO - utils.common - 计算 precision ing...
12/20/2023 20:20:16 - INFO - utils.common - precision = 0.9763126030480875
12/20/2023 20:20:16 - INFO - utils.common - 计算 recall ing...
12/20/2023 20:20:16 - INFO - utils.common - result = {'f1score': 0.976153097716637, 'acc': 0.976375, 'precision': 0.9763126030480875, 'recall': 0.9760176358936007}
12/20/2023 20:20:16 - INFO - __main__ - Epoch:25, Train Accuracy:0.976375, f1:0.976153097716637

Epoch: [25][0/63]	
12/20/2023 20:20:34 - INFO - utils.common - 计算 f1 score ing...
12/20/2023 20:20:34 - INFO - utils.common - F1score = 0.985959014224242
12/20/2023 20:20:34 - INFO - utils.common - 计算 accuracy ing...
12/20/2023 20:20:35 - INFO - utils.common - acc = 0.986
12/20/2023 20:20:35 - INFO - utils.common - 计算 precision ing...
12/20/2023 20:20:35 - INFO - utils.common - precision = 0.9860402891894852
12/20/2023 20:20:35 - INFO - utils.common - 计算 recall ing...
12/20/2023 20:20:35 - INFO - utils.common - result = {'f1score': 0.985959014224242, 'acc': 0.986, 'precision': 0.9860402891894852, 'recall': 0.9858852878401182}
12/20/2023 20:20:35 - INFO - __main__ - Epoch:25, Val Accuracy:0.986, f1:0.985959014224242

12/20/2023 20:20:35 - INFO - __main__ - lr:0.00027135636881635457
12/20/2023 20:20:35 - INFO - __main__ - ==========Epoch:26==========
Save best weights
12/20/2023 20:20:58 - INFO - utils.common - 计算 f1 score ing...
12/20/2023 20:20:58 - INFO - utils.common - F1score = 0.974607795358078
12/20/2023 20:20:58 - INFO - utils.common - 计算 accuracy ing...
12/20/2023 20:20:58 - INFO - utils.common - acc = 0.974875
12/20/2023 20:20:58 - INFO - utils.common - 计算 precision ing...
12/20/2023 20:20:58 - INFO - utils.common - precision = 0.975015847292662
12/20/2023 20:20:58 - INFO - utils.common - 计算 recall ing...
12/20/2023 20:20:58 - INFO - utils.common - result = {'f1score': 0.974607795358078, 'acc': 0.974875, 'precision': 0.975015847292662, 'recall': 0.9742393927271173}
12/20/2023 20:20:58 - INFO - __main__ - Epoch:26, Train Accuracy:0.974875, f1:0.974607795358078

Epoch: [26][0/63]	
12/20/2023 20:21:16 - INFO - utils.common - 计算 f1 score ing...
12/20/2023 20:21:16 - INFO - utils.common - F1score = 0.9860380276107217
12/20/2023 20:21:16 - INFO - utils.common - 计算 accuracy ing...
12/20/2023 20:21:16 - INFO - utils.common - acc = 0.98605
12/20/2023 20:21:16 - INFO - utils.common - 计算 precision ing...
12/20/2023 20:21:16 - INFO - utils.common - precision = 0.9862636921484361
12/20/2023 20:21:16 - INFO - utils.common - 计算 recall ing...
12/20/2023 20:21:16 - INFO - utils.common - result = {'f1score': 0.9860380276107217, 'acc': 0.98605, 'precision': 0.9862636921484361, 'recall': 0.9858340058733641}
12/20/2023 20:21:16 - INFO - __main__ - Epoch:26, Val Accuracy:0.98605, f1:0.9860380276107217

12/20/2023 20:21:16 - INFO - __main__ - lr:0.0001963663688163546
12/20/2023 20:21:16 - INFO - __main__ - ==========Epoch:27==========
Save best weights
12/20/2023 20:21:40 - INFO - utils.common - 计算 f1 score ing...
12/20/2023 20:21:40 - INFO - utils.common - F1score = 0.9762398558592825
12/20/2023 20:21:40 - INFO - utils.common - 计算 accuracy ing...
12/20/2023 20:21:40 - INFO - utils.common - acc = 0.9765
12/20/2023 20:21:40 - INFO - utils.common - 计算 precision ing...
12/20/2023 20:21:40 - INFO - utils.common - precision = 0.9764119810602053
12/20/2023 20:21:40 - INFO - utils.common - 计算 recall ing...
12/20/2023 20:21:40 - INFO - utils.common - result = {'f1score': 0.9762398558592825, 'acc': 0.9765, 'precision': 0.9764119810602053, 'recall': 0.9761152896767159}
12/20/2023 20:21:40 - INFO - __main__ - Epoch:27, Train Accuracy:0.9765, f1:0.9762398558592825

Epoch: [27][0/63]	
12/20/2023 20:21:59 - INFO - utils.common - 计算 f1 score ing...
12/20/2023 20:21:59 - INFO - utils.common - F1score = 0.9863024969404144
12/20/2023 20:21:59 - INFO - utils.common - 计算 accuracy ing...
12/20/2023 20:21:59 - INFO - utils.common - acc = 0.9863
12/20/2023 20:21:59 - INFO - utils.common - 计算 precision ing...
12/20/2023 20:21:59 - INFO - utils.common - precision = 0.9865111628795167
12/20/2023 20:21:59 - INFO - utils.common - 计算 recall ing...
12/20/2023 20:21:59 - INFO - utils.common - result = {'f1score': 0.9863024969404144, 'acc': 0.9863, 'precision': 0.9865111628795167, 'recall': 0.9861143692919168}
12/20/2023 20:21:59 - INFO - __main__ - Epoch:27, Val Accuracy:0.9863, f1:0.9863024969404144

12/20/2023 20:21:59 - INFO - __main__ - lr:0.0001036736311836454
12/20/2023 20:22:00 - INFO - __main__ - ==========Epoch:28==========
Save best weights
12/20/2023 20:22:25 - INFO - utils.common - 计算 f1 score ing...
12/20/2023 20:22:25 - INFO - utils.common - F1score = 0.9728861508496647
12/20/2023 20:22:25 - INFO - utils.common - 计算 accuracy ing...
12/20/2023 20:22:25 - INFO - utils.common - acc = 0.973375
12/20/2023 20:22:25 - INFO - utils.common - 计算 precision ing...
12/20/2023 20:22:25 - INFO - utils.common - precision = 0.9732546271968933
12/20/2023 20:22:25 - INFO - utils.common - 计算 recall ing...
12/20/2023 20:22:25 - INFO - utils.common - result = {'f1score': 0.9728861508496647, 'acc': 0.973375, 'precision': 0.9732546271968933, 'recall': 0.9725590633177679}
12/20/2023 20:22:25 - INFO - __main__ - Epoch:28, Train Accuracy:0.973375, f1:0.9728861508496647

Epoch: [28][0/63]	
12/20/2023 20:22:44 - INFO - utils.common - 计算 f1 score ing...
12/20/2023 20:22:44 - INFO - utils.common - F1score = 0.9861171820915854
12/20/2023 20:22:44 - INFO - utils.common - 计算 accuracy ing...
12/20/2023 20:22:44 - INFO - utils.common - acc = 0.98615
12/20/2023 20:22:44 - INFO - utils.common - 计算 precision ing...
12/20/2023 20:22:44 - INFO - utils.common - precision = 0.9863149517318077
12/20/2023 20:22:44 - INFO - utils.common - 计算 recall ing...
12/20/2023 20:22:44 - INFO - utils.common - result = {'f1score': 0.9861171820915854, 'acc': 0.98615, 'precision': 0.9863149517318077, 'recall': 0.9859359466179952}
12/20/2023 20:22:44 - INFO - __main__ - Epoch:28, Val Accuracy:0.98615, f1:0.9861171820915854

12/20/2023 20:22:44 - INFO - __main__ - lr:2.8683631183645395e-05
12/20/2023 20:22:44 - INFO - __main__ - ==========Epoch:29==========
early_st 4
12/20/2023 20:23:08 - INFO - utils.common - 计算 f1 score ing...
12/20/2023 20:23:08 - INFO - utils.common - F1score = 0.9768371736195848
12/20/2023 20:23:08 - INFO - utils.common - 计算 accuracy ing...
12/20/2023 20:23:09 - INFO - utils.common - acc = 0.97725
12/20/2023 20:23:09 - INFO - utils.common - 计算 precision ing...
12/20/2023 20:23:09 - INFO - utils.common - precision = 0.9769857250207585
12/20/2023 20:23:09 - INFO - utils.common - 计算 recall ing...
12/20/2023 20:23:09 - INFO - utils.common - result = {'f1score': 0.9768371736195848, 'acc': 0.97725, 'precision': 0.9769857250207585, 'recall': 0.9767181902429461}
12/20/2023 20:23:09 - INFO - __main__ - Epoch:29, Train Accuracy:0.97725, f1:0.9768371736195848

Epoch: [29][0/63]	
12/20/2023 20:23:27 - INFO - utils.common - 计算 f1 score ing...
12/20/2023 20:23:27 - INFO - utils.common - F1score = 0.9860834736203622
12/20/2023 20:23:27 - INFO - utils.common - 计算 accuracy ing...
12/20/2023 20:23:27 - INFO - utils.common - acc = 0.98615
12/20/2023 20:23:27 - INFO - utils.common - 计算 precision ing...
12/20/2023 20:23:27 - INFO - utils.common - precision = 0.9862033867109058
12/20/2023 20:23:27 - INFO - utils.common - 计算 recall ing...
12/20/2023 20:23:27 - INFO - utils.common - result = {'f1score': 0.9860834736203622, 'acc': 0.98615, 'precision': 0.9862033867109058, 'recall': 0.9859769348841593}
12/20/2023 20:23:27 - INFO - __main__ - Epoch:29, Val Accuracy:0.98615, f1:0.9860834736203622

12/20/2023 20:23:27 - INFO - __main__ - lr:0.0003
12/20/2023 20:23:27 - INFO - __main__ - ==========Epoch:30==========
early_st 3
12/20/2023 20:23:51 - INFO - utils.common - 计算 f1 score ing...
12/20/2023 20:23:51 - INFO - utils.common - F1score = 0.9756112208291307
12/20/2023 20:23:51 - INFO - utils.common - 计算 accuracy ing...
12/20/2023 20:23:51 - INFO - utils.common - acc = 0.976125
12/20/2023 20:23:51 - INFO - utils.common - 计算 precision ing...
12/20/2023 20:23:51 - INFO - utils.common - precision = 0.975659294764733
12/20/2023 20:23:51 - INFO - utils.common - 计算 recall ing...
12/20/2023 20:23:51 - INFO - utils.common - result = {'f1score': 0.9756112208291307, 'acc': 0.976125, 'precision': 0.975659294764733, 'recall': 0.9756019042904254}
12/20/2023 20:23:51 - INFO - __main__ - Epoch:30, Train Accuracy:0.976125, f1:0.9756112208291307

Epoch: [30][0/63]	
12/20/2023 20:24:09 - INFO - utils.common - 计算 f1 score ing...
12/20/2023 20:24:09 - INFO - utils.common - F1score = 0.9865369173719001
12/20/2023 20:24:09 - INFO - utils.common - 计算 accuracy ing...
12/20/2023 20:24:09 - INFO - utils.common - acc = 0.98655
12/20/2023 20:24:09 - INFO - utils.common - 计算 precision ing...
12/20/2023 20:24:09 - INFO - utils.common - precision = 0.9866559893899242
12/20/2023 20:24:09 - INFO - utils.common - 计算 recall ing...
12/20/2023 20:24:09 - INFO - utils.common - result = {'f1score': 0.9865369173719001, 'acc': 0.98655, 'precision': 0.9866559893899242, 'recall': 0.986428251441664}
12/20/2023 20:24:09 - INFO - __main__ - Epoch:30, Val Accuracy:0.98655, f1:0.9865369173719001

12/20/2023 20:24:09 - INFO - __main__ - lr:0.00027135636881635457
12/20/2023 20:24:09 - INFO - __main__ - ==========Epoch:31==========
Save best weights
12/20/2023 20:24:34 - INFO - utils.common - 计算 f1 score ing...
12/20/2023 20:24:34 - INFO - utils.common - F1score = 0.9754808384038312
12/20/2023 20:24:34 - INFO - utils.common - 计算 accuracy ing...
12/20/2023 20:24:34 - INFO - utils.common - acc = 0.976
12/20/2023 20:24:34 - INFO - utils.common - 计算 precision ing...
12/20/2023 20:24:34 - INFO - utils.common - precision = 0.9760947223302756
12/20/2023 20:24:34 - INFO - utils.common - 计算 recall ing...
12/20/2023 20:24:34 - INFO - utils.common - result = {'f1score': 0.9754808384038312, 'acc': 0.976, 'precision': 0.9760947223302756, 'recall': 0.9749266387479106}
12/20/2023 20:24:34 - INFO - __main__ - Epoch:31, Train Accuracy:0.976, f1:0.9754808384038312

Epoch: [31][0/63]	
12/20/2023 20:24:52 - INFO - utils.common - 计算 f1 score ing...
12/20/2023 20:24:52 - INFO - utils.common - F1score = 0.9865634199945692
12/20/2023 20:24:52 - INFO - utils.common - 计算 accuracy ing...
12/20/2023 20:24:52 - INFO - utils.common - acc = 0.9866
12/20/2023 20:24:52 - INFO - utils.common - 计算 precision ing...
12/20/2023 20:24:52 - INFO - utils.common - precision = 0.9865768713073059
12/20/2023 20:24:52 - INFO - utils.common - 计算 recall ing...
12/20/2023 20:24:52 - INFO - utils.common - result = {'f1score': 0.9865634199945692, 'acc': 0.9866, 'precision': 0.9865768713073059, 'recall': 0.9865567138050015}
12/20/2023 20:24:52 - INFO - __main__ - Epoch:31, Val Accuracy:0.9866, f1:0.9865634199945692

12/20/2023 20:24:52 - INFO - __main__ - lr:0.0001963663688163546
12/20/2023 20:24:52 - INFO - __main__ - ==========Epoch:32==========
Save best weights
12/20/2023 20:25:15 - INFO - utils.common - 计算 f1 score ing...
12/20/2023 20:25:15 - INFO - utils.common - F1score = 0.9755605565968752
12/20/2023 20:25:15 - INFO - utils.common - 计算 accuracy ing...
12/20/2023 20:25:15 - INFO - utils.common - acc = 0.976125
12/20/2023 20:25:15 - INFO - utils.common - 计算 precision ing...
12/20/2023 20:25:15 - INFO - utils.common - precision = 0.9758173116489447
12/20/2023 20:25:15 - INFO - utils.common - 计算 recall ing...
12/20/2023 20:25:15 - INFO - utils.common - result = {'f1score': 0.9755605565968752, 'acc': 0.976125, 'precision': 0.9758173116489447, 'recall': 0.9753452736517829}
12/20/2023 20:25:15 - INFO - __main__ - Epoch:32, Train Accuracy:0.976125, f1:0.9755605565968752

Epoch: [32][0/63]	
12/20/2023 20:25:34 - INFO - utils.common - 计算 f1 score ing...
12/20/2023 20:25:34 - INFO - utils.common - F1score = 0.9875499386334587
12/20/2023 20:25:34 - INFO - utils.common - 计算 accuracy ing...
12/20/2023 20:25:34 - INFO - utils.common - acc = 0.98755
12/20/2023 20:25:34 - INFO - utils.common - 计算 precision ing...
12/20/2023 20:25:34 - INFO - utils.common - precision = 0.9876044875434462
12/20/2023 20:25:34 - INFO - utils.common - 计算 recall ing...
12/20/2023 20:25:34 - INFO - utils.common - result = {'f1score': 0.9875499386334587, 'acc': 0.98755, 'precision': 0.9876044875434462, 'recall': 0.9875060114305244}
12/20/2023 20:25:34 - INFO - __main__ - Epoch:32, Val Accuracy:0.98755, f1:0.9875499386334587

12/20/2023 20:25:34 - INFO - __main__ - lr:0.0001036736311836454
12/20/2023 20:25:34 - INFO - __main__ - ==========Epoch:33==========
Save best weights
12/20/2023 20:25:58 - INFO - utils.common - 计算 f1 score ing...
12/20/2023 20:25:58 - INFO - utils.common - F1score = 0.9781328749075215
12/20/2023 20:25:58 - INFO - utils.common - 计算 accuracy ing...
12/20/2023 20:25:58 - INFO - utils.common - acc = 0.978375
12/20/2023 20:25:58 - INFO - utils.common - 计算 precision ing...
12/20/2023 20:25:58 - INFO - utils.common - precision = 0.9783999730708002
12/20/2023 20:25:58 - INFO - utils.common - 计算 recall ing...
12/20/2023 20:25:58 - INFO - utils.common - result = {'f1score': 0.9781328749075215, 'acc': 0.978375, 'precision': 0.9783999730708002, 'recall': 0.9778890550344185}
12/20/2023 20:25:58 - INFO - __main__ - Epoch:33, Train Accuracy:0.978375, f1:0.9781328749075215

Epoch: [33][0/63]	
12/20/2023 20:26:17 - INFO - utils.common - 计算 f1 score ing...
12/20/2023 20:26:17 - INFO - utils.common - F1score = 0.986972871716167
12/20/2023 20:26:17 - INFO - utils.common - 计算 accuracy ing...
12/20/2023 20:26:17 - INFO - utils.common - acc = 0.987
12/20/2023 20:26:17 - INFO - utils.common - 计算 precision ing...
12/20/2023 20:26:17 - INFO - utils.common - precision = 0.9871203403336596
12/20/2023 20:26:17 - INFO - utils.common - 计算 recall ing...
12/20/2023 20:26:17 - INFO - utils.common - result = {'f1score': 0.986972871716167, 'acc': 0.987, 'precision': 0.9871203403336596, 'recall': 0.9868367734674942}
12/20/2023 20:26:17 - INFO - __main__ - Epoch:33, Val Accuracy:0.987, f1:0.986972871716167

12/20/2023 20:26:17 - INFO - __main__ - lr:2.8683631183645395e-05
12/20/2023 20:26:17 - INFO - __main__ - ==========Epoch:34==========
early_st 4
12/20/2023 20:26:41 - INFO - utils.common - 计算 f1 score ing...
12/20/2023 20:26:41 - INFO - utils.common - F1score = 0.978238773084497
12/20/2023 20:26:41 - INFO - utils.common - 计算 accuracy ing...
12/20/2023 20:26:41 - INFO - utils.common - acc = 0.978625
12/20/2023 20:26:41 - INFO - utils.common - 计算 precision ing...
12/20/2023 20:26:41 - INFO - utils.common - precision = 0.9783316580212108
12/20/2023 20:26:41 - INFO - utils.common - 计算 recall ing...
12/20/2023 20:26:41 - INFO - utils.common - result = {'f1score': 0.978238773084497, 'acc': 0.978625, 'precision': 0.9783316580212108, 'recall': 0.9781648038275854}
12/20/2023 20:26:41 - INFO - __main__ - Epoch:34, Train Accuracy:0.978625, f1:0.978238773084497

Epoch: [34][0/63]	
12/20/2023 20:27:00 - INFO - utils.common - 计算 f1 score ing...
12/20/2023 20:27:00 - INFO - utils.common - F1score = 0.9872151312171644
12/20/2023 20:27:00 - INFO - utils.common - 计算 accuracy ing...
12/20/2023 20:27:00 - INFO - utils.common - acc = 0.98725
12/20/2023 20:27:00 - INFO - utils.common - 计算 precision ing...
12/20/2023 20:27:00 - INFO - utils.common - precision = 0.9873243547447061
12/20/2023 20:27:00 - INFO - utils.common - 计算 recall ing...
12/20/2023 20:27:00 - INFO - utils.common - result = {'f1score': 0.9872151312171644, 'acc': 0.98725, 'precision': 0.9873243547447061, 'recall': 0.9871120040270104}
12/20/2023 20:27:00 - INFO - __main__ - Epoch:34, Val Accuracy:0.98725, f1:0.9872151312171644

12/20/2023 20:27:00 - INFO - __main__ - lr:0.0003
12/20/2023 20:27:00 - INFO - __main__ - ==========Epoch:35==========
early_st 3
12/20/2023 20:27:24 - INFO - utils.common - 计算 f1 score ing...
12/20/2023 20:27:24 - INFO - utils.common - F1score = 0.977048018222031
12/20/2023 20:27:24 - INFO - utils.common - 计算 accuracy ing...
12/20/2023 20:27:24 - INFO - utils.common - acc = 0.977375
12/20/2023 20:27:24 - INFO - utils.common - 计算 precision ing...
12/20/2023 20:27:24 - INFO - utils.common - precision = 0.9772982710243373
12/20/2023 20:27:24 - INFO - utils.common - 计算 recall ing...
12/20/2023 20:27:24 - INFO - utils.common - result = {'f1score': 0.977048018222031, 'acc': 0.977375, 'precision': 0.9772982710243373, 'recall': 0.9768174025496346}
12/20/2023 20:27:24 - INFO - __main__ - Epoch:35, Train Accuracy:0.977375, f1:0.977048018222031

Epoch: [35][0/63]	
12/20/2023 20:27:42 - INFO - utils.common - 计算 f1 score ing...
12/20/2023 20:27:42 - INFO - utils.common - F1score = 0.9873743994443822
12/20/2023 20:27:42 - INFO - utils.common - 计算 accuracy ing...
12/20/2023 20:27:42 - INFO - utils.common - acc = 0.98735
12/20/2023 20:27:42 - INFO - utils.common - 计算 precision ing...
12/20/2023 20:27:42 - INFO - utils.common - precision = 0.9876247203070181
12/20/2023 20:27:42 - INFO - utils.common - 计算 recall ing...
12/20/2023 20:27:42 - INFO - utils.common - result = {'f1score': 0.9873743994443822, 'acc': 0.98735, 'precision': 0.9876247203070181, 'recall': 0.9871489268601079}
12/20/2023 20:27:42 - INFO - __main__ - Epoch:35, Val Accuracy:0.98735, f1:0.9873743994443822

12/20/2023 20:27:42 - INFO - __main__ - lr:0.00027135636881635457
12/20/2023 20:27:42 - INFO - __main__ - ==========Epoch:36==========
early_st 2
12/20/2023 20:28:07 - INFO - utils.common - 计算 f1 score ing...
12/20/2023 20:28:07 - INFO - utils.common - F1score = 0.9739495841577289
12/20/2023 20:28:07 - INFO - utils.common - 计算 accuracy ing...
12/20/2023 20:28:07 - INFO - utils.common - acc = 0.974125
12/20/2023 20:28:07 - INFO - utils.common - 计算 precision ing...
12/20/2023 20:28:07 - INFO - utils.common - precision = 0.9741261072187266
12/20/2023 20:28:07 - INFO - utils.common - 计算 recall ing...
12/20/2023 20:28:07 - INFO - utils.common - result = {'f1score': 0.9739495841577289, 'acc': 0.974125, 'precision': 0.9741261072187266, 'recall': 0.973813752176235}
12/20/2023 20:28:07 - INFO - __main__ - Epoch:36, Train Accuracy:0.974125, f1:0.9739495841577289

Epoch: [36][0/63]	
12/20/2023 20:28:26 - INFO - utils.common - 计算 f1 score ing...
12/20/2023 20:28:26 - INFO - utils.common - F1score = 0.9879112447640688
12/20/2023 20:28:26 - INFO - utils.common - 计算 accuracy ing...
12/20/2023 20:28:26 - INFO - utils.common - acc = 0.9879
12/20/2023 20:28:26 - INFO - utils.common - 计算 precision ing...
12/20/2023 20:28:26 - INFO - utils.common - precision = 0.9878751583568103
12/20/2023 20:28:26 - INFO - utils.common - 计算 recall ing...
12/20/2023 20:28:26 - INFO - utils.common - result = {'f1score': 0.9879112447640688, 'acc': 0.9879, 'precision': 0.9878751583568103, 'recall': 0.9879564455330523}
12/20/2023 20:28:26 - INFO - __main__ - Epoch:36, Val Accuracy:0.9879, f1:0.9879112447640688

12/20/2023 20:28:26 - INFO - __main__ - lr:0.0001963663688163546
12/20/2023 20:28:26 - INFO - __main__ - ==========Epoch:37==========
Save best weights
12/20/2023 20:28:51 - INFO - utils.common - 计算 f1 score ing...
12/20/2023 20:28:51 - INFO - utils.common - F1score = 0.9782723268382038
12/20/2023 20:28:51 - INFO - utils.common - 计算 accuracy ing...
12/20/2023 20:28:51 - INFO - utils.common - acc = 0.978625
12/20/2023 20:28:51 - INFO - utils.common - 计算 precision ing...
12/20/2023 20:28:51 - INFO - utils.common - precision = 0.978312968943505
12/20/2023 20:28:51 - INFO - utils.common - 计算 recall ing...
12/20/2023 20:28:51 - INFO - utils.common - result = {'f1score': 0.9782723268382038, 'acc': 0.978625, 'precision': 0.978312968943505, 'recall': 0.9782511675030088}
12/20/2023 20:28:51 - INFO - __main__ - Epoch:37, Train Accuracy:0.978625, f1:0.9782723268382038

Epoch: [37][0/63]	
12/20/2023 20:29:09 - INFO - utils.common - 计算 f1 score ing...
12/20/2023 20:29:09 - INFO - utils.common - F1score = 0.9873816868252437
12/20/2023 20:29:09 - INFO - utils.common - 计算 accuracy ing...
12/20/2023 20:29:09 - INFO - utils.common - acc = 0.98735
12/20/2023 20:29:09 - INFO - utils.common - 计算 precision ing...
12/20/2023 20:29:09 - INFO - utils.common - precision = 0.9875906141977432
12/20/2023 20:29:09 - INFO - utils.common - 计算 recall ing...
12/20/2023 20:29:09 - INFO - utils.common - result = {'f1score': 0.9873816868252437, 'acc': 0.98735, 'precision': 0.9875906141977432, 'recall': 0.9871930976315402}
12/20/2023 20:29:09 - INFO - __main__ - Epoch:37, Val Accuracy:0.98735, f1:0.9873816868252437

12/20/2023 20:29:09 - INFO - __main__ - lr:0.0001036736311836454
12/20/2023 20:29:09 - INFO - __main__ - ==========Epoch:38==========
early_st 4
12/20/2023 20:29:34 - INFO - utils.common - 计算 f1 score ing...
12/20/2023 20:29:34 - INFO - utils.common - F1score = 0.9774056824831248
12/20/2023 20:29:34 - INFO - utils.common - 计算 accuracy ing...
12/20/2023 20:29:34 - INFO - utils.common - acc = 0.977625
12/20/2023 20:29:34 - INFO - utils.common - 计算 precision ing...
12/20/2023 20:29:34 - INFO - utils.common - precision = 0.9773480436589986
12/20/2023 20:29:34 - INFO - utils.common - 计算 recall ing...
12/20/2023 20:29:34 - INFO - utils.common - result = {'f1score': 0.9774056824831248, 'acc': 0.977625, 'precision': 0.9773480436589986, 'recall': 0.9774955855282516}
12/20/2023 20:29:34 - INFO - __main__ - Epoch:38, Train Accuracy:0.977625, f1:0.9774056824831248

Epoch: [38][0/63]	
12/20/2023 20:29:51 - INFO - utils.common - 计算 f1 score ing...
12/20/2023 20:29:51 - INFO - utils.common - F1score = 0.987573482266781
12/20/2023 20:29:51 - INFO - utils.common - 计算 accuracy ing...
12/20/2023 20:29:51 - INFO - utils.common - acc = 0.98755
12/20/2023 20:29:51 - INFO - utils.common - 计算 precision ing...
12/20/2023 20:29:51 - INFO - utils.common - precision = 0.9876877210777266
12/20/2023 20:29:51 - INFO - utils.common - 计算 recall ing...
12/20/2023 20:29:52 - INFO - utils.common - result = {'f1score': 0.987573482266781, 'acc': 0.98755, 'precision': 0.9876877210777266, 'recall': 0.987469163516197}
12/20/2023 20:29:52 - INFO - __main__ - Epoch:38, Val Accuracy:0.98755, f1:0.987573482266781

12/20/2023 20:29:52 - INFO - __main__ - lr:2.8683631183645395e-05
12/20/2023 20:29:52 - INFO - __main__ - ==========Epoch:39==========
early_st 3
12/20/2023 20:30:16 - INFO - utils.common - 计算 f1 score ing...
12/20/2023 20:30:16 - INFO - utils.common - F1score = 0.9765501476390092
12/20/2023 20:30:16 - INFO - utils.common - 计算 accuracy ing...
12/20/2023 20:30:16 - INFO - utils.common - acc = 0.977
12/20/2023 20:30:16 - INFO - utils.common - 计算 precision ing...
12/20/2023 20:30:16 - INFO - utils.common - precision = 0.9768531020560844
12/20/2023 20:30:16 - INFO - utils.common - 计算 recall ing...
12/20/2023 20:30:16 - INFO - utils.common - result = {'f1score': 0.9765501476390092, 'acc': 0.977, 'precision': 0.9768531020560844, 'recall': 0.9762793770901111}
12/20/2023 20:30:16 - INFO - __main__ - Epoch:39, Train Accuracy:0.977, f1:0.9765501476390092

Epoch: [39][0/63]	
12/20/2023 20:30:34 - INFO - utils.common - 计算 f1 score ing...
12/20/2023 20:30:34 - INFO - utils.common - F1score = 0.9876611526327426
12/20/2023 20:30:34 - INFO - utils.common - 计算 accuracy ing...
12/20/2023 20:30:34 - INFO - utils.common - acc = 0.98765
12/20/2023 20:30:34 - INFO - utils.common - 计算 precision ing...
12/20/2023 20:30:34 - INFO - utils.common - precision = 0.987791273581303
12/20/2023 20:30:34 - INFO - utils.common - 计算 recall ing...
12/20/2023 20:30:34 - INFO - utils.common - result = {'f1score': 0.9876611526327426, 'acc': 0.98765, 'precision': 0.987791273581303, 'recall': 0.9875400331203268}
12/20/2023 20:30:34 - INFO - __main__ - Epoch:39, Val Accuracy:0.98765, f1:0.9876611526327426

12/20/2023 20:30:34 - INFO - __main__ - lr:0.0003
early_st 2
Test
12/20/2023 20:30:42 - INFO - utils.common - 计算 f1 score ing...
12/20/2023 20:30:42 - INFO - utils.common - F1score = 0.9476016676780706
12/20/2023 20:30:42 - INFO - utils.common - 计算 accuracy ing...
12/20/2023 20:30:42 - INFO - utils.common - acc = 0.963091922005571
12/20/2023 20:30:42 - INFO - utils.common - 计算 precision ing...
12/20/2023 20:30:42 - INFO - utils.common - precision = 0.958597003326547
12/20/2023 20:30:42 - INFO - utils.common - 计算 recall ing...
12/20/2023 20:30:42 - INFO - utils.common - result = {'f1score': 0.9476016676780706, 'acc': 0.963091922005571, 'precision': 0.958597003326547, 'recall': 0.9458552420474098}
12/20/2023 20:30:42 - INFO - __main__ - test_f1:0.9476016676780706, test_acc:0.963091922005571, test_precision:0.958597003326547, test_recall:0.9458552420474098
12/20/2023 20:30:42 - INFO - __main__ - Finish fine-turning...
