nohup: ignoring input
12/20/2023 17:22:27 - INFO - __main__ - 设置 seed 为:  2
12/20/2023 17:22:27 - INFO - __main__ - Start fine-turning...
12/20/2023 17:22:30 - INFO - __main__ - ==========Epoch:0==========
=> loading checkpoint '/home/lijunjian/CA2CL/save/NCT/pretrain/resnet18/ResNet18_bs_1792_img_size_224_lr_0.0006_wd_0.0001_temperature_0.2_adv_eps_1_cld_0.1/checkpoint_100.tar'
missing keys:[], unexpected_keys:['module.instance_projector.0.weight', 'module.instance_projector.0.bias', 'module.instance_projector.2.weight', 'module.instance_projector.2.bias', 'module.groupDis.0.weight']
loaded
12/20/2023 17:22:36 - INFO - utils.common - 计算 f1 score ing...
12/20/2023 17:22:36 - INFO - utils.common - F1score = 0.07815922270186693
12/20/2023 17:22:36 - INFO - utils.common - 计算 accuracy ing...
12/20/2023 17:22:36 - INFO - utils.common - acc = 0.09125
12/20/2023 17:22:36 - INFO - utils.common - 计算 precision ing...
12/20/2023 17:22:36 - INFO - utils.common - precision = 0.09785256341267407
12/20/2023 17:22:36 - INFO - utils.common - 计算 recall ing...
12/20/2023 17:22:36 - INFO - utils.common - result = {'f1score': 0.07815922270186693, 'acc': 0.09125, 'precision': 0.09785256341267407, 'recall': 0.08800352069998979}
12/20/2023 17:22:36 - INFO - __main__ - Epoch:0, Train Accuracy:0.09125, f1:0.07815922270186693

Epoch: [0][0/7]	
12/20/2023 17:22:49 - INFO - utils.common - 计算 f1 score ing...
12/20/2023 17:22:49 - INFO - utils.common - F1score = 0.1061238424985597
12/20/2023 17:22:49 - INFO - utils.common - 计算 accuracy ing...
12/20/2023 17:22:49 - INFO - utils.common - acc = 0.122
12/20/2023 17:22:49 - INFO - utils.common - 计算 precision ing...
12/20/2023 17:22:49 - INFO - utils.common - precision = 0.10450829476646167
12/20/2023 17:22:49 - INFO - utils.common - 计算 recall ing...
12/20/2023 17:22:49 - INFO - utils.common - result = {'f1score': 0.1061238424985597, 'acc': 0.122, 'precision': 0.10450829476646167, 'recall': 0.12397605364603942}
12/20/2023 17:22:49 - INFO - __main__ - Epoch:0, Val Accuracy:0.122, f1:0.1061238424985597

12/20/2023 17:22:49 - INFO - __main__ - lr:0.00027135636881635457
12/20/2023 17:22:49 - INFO - __main__ - ==========Epoch:1==========
Save best weights
12/20/2023 17:22:55 - INFO - utils.common - 计算 f1 score ing...
12/20/2023 17:22:55 - INFO - utils.common - F1score = 0.10582705687063867
12/20/2023 17:22:55 - INFO - utils.common - 计算 accuracy ing...
12/20/2023 17:22:55 - INFO - utils.common - acc = 0.125
12/20/2023 17:22:55 - INFO - utils.common - 计算 precision ing...
12/20/2023 17:22:55 - INFO - utils.common - precision = 0.10489470819107481
12/20/2023 17:22:55 - INFO - utils.common - 计算 recall ing...
12/20/2023 17:22:55 - INFO - utils.common - result = {'f1score': 0.10582705687063867, 'acc': 0.125, 'precision': 0.10489470819107481, 'recall': 0.11691769329841933}
12/20/2023 17:22:55 - INFO - __main__ - Epoch:1, Train Accuracy:0.125, f1:0.10582705687063867

Epoch: [1][0/7]	
12/20/2023 17:23:12 - INFO - utils.common - 计算 f1 score ing...
12/20/2023 17:23:12 - INFO - utils.common - F1score = 0.18603454907889094
12/20/2023 17:23:12 - INFO - utils.common - 计算 accuracy ing...
12/20/2023 17:23:12 - INFO - utils.common - acc = 0.2103
12/20/2023 17:23:12 - INFO - utils.common - 计算 precision ing...
12/20/2023 17:23:13 - INFO - utils.common - precision = 0.1900812501874641
12/20/2023 17:23:13 - INFO - utils.common - 计算 recall ing...
12/20/2023 17:23:13 - INFO - utils.common - result = {'f1score': 0.18603454907889094, 'acc': 0.2103, 'precision': 0.1900812501874641, 'recall': 0.207440947300502}
12/20/2023 17:23:13 - INFO - __main__ - Epoch:1, Val Accuracy:0.2103, f1:0.18603454907889094

12/20/2023 17:23:13 - INFO - __main__ - lr:0.0001963663688163546
12/20/2023 17:23:13 - INFO - __main__ - ==========Epoch:2==========
Save best weights
12/20/2023 17:23:18 - INFO - utils.common - 计算 f1 score ing...
12/20/2023 17:23:18 - INFO - utils.common - F1score = 0.16995329983212823
12/20/2023 17:23:18 - INFO - utils.common - 计算 accuracy ing...
12/20/2023 17:23:18 - INFO - utils.common - acc = 0.2075
12/20/2023 17:23:18 - INFO - utils.common - 计算 precision ing...
12/20/2023 17:23:18 - INFO - utils.common - precision = 0.16326384182120945
12/20/2023 17:23:18 - INFO - utils.common - 计算 recall ing...
12/20/2023 17:23:18 - INFO - utils.common - result = {'f1score': 0.16995329983212823, 'acc': 0.2075, 'precision': 0.16326384182120945, 'recall': 0.18890618281207816}
12/20/2023 17:23:18 - INFO - __main__ - Epoch:2, Train Accuracy:0.2075, f1:0.16995329983212823

Epoch: [2][0/7]	
12/20/2023 17:23:35 - INFO - utils.common - 计算 f1 score ing...
12/20/2023 17:23:35 - INFO - utils.common - F1score = 0.25967463808887437
12/20/2023 17:23:35 - INFO - utils.common - 计算 accuracy ing...
12/20/2023 17:23:35 - INFO - utils.common - acc = 0.29155
12/20/2023 17:23:35 - INFO - utils.common - 计算 precision ing...
12/20/2023 17:23:35 - INFO - utils.common - precision = 0.27308362588653634
12/20/2023 17:23:35 - INFO - utils.common - 计算 recall ing...
12/20/2023 17:23:35 - INFO - utils.common - result = {'f1score': 0.25967463808887437, 'acc': 0.29155, 'precision': 0.27308362588653634, 'recall': 0.2862099784328545}
12/20/2023 17:23:35 - INFO - __main__ - Epoch:2, Val Accuracy:0.29155, f1:0.25967463808887437

12/20/2023 17:23:35 - INFO - __main__ - lr:0.0001036736311836454
12/20/2023 17:23:35 - INFO - __main__ - ==========Epoch:3==========
Save best weights
12/20/2023 17:23:40 - INFO - utils.common - 计算 f1 score ing...
12/20/2023 17:23:40 - INFO - utils.common - F1score = 0.2417230504784357
12/20/2023 17:23:40 - INFO - utils.common - 计算 accuracy ing...
12/20/2023 17:23:40 - INFO - utils.common - acc = 0.2875
12/20/2023 17:23:40 - INFO - utils.common - 计算 precision ing...
12/20/2023 17:23:40 - INFO - utils.common - precision = 0.24463423561483547
12/20/2023 17:23:40 - INFO - utils.common - 计算 recall ing...
12/20/2023 17:23:40 - INFO - utils.common - result = {'f1score': 0.2417230504784357, 'acc': 0.2875, 'precision': 0.24463423561483547, 'recall': 0.2612170006964405}
12/20/2023 17:23:40 - INFO - __main__ - Epoch:3, Train Accuracy:0.2875, f1:0.2417230504784357

Epoch: [3][0/7]	
12/20/2023 17:23:57 - INFO - utils.common - 计算 f1 score ing...
12/20/2023 17:23:57 - INFO - utils.common - F1score = 0.3034387064186468
12/20/2023 17:23:57 - INFO - utils.common - 计算 accuracy ing...
12/20/2023 17:23:57 - INFO - utils.common - acc = 0.34015
12/20/2023 17:23:57 - INFO - utils.common - 计算 precision ing...
12/20/2023 17:23:57 - INFO - utils.common - precision = 0.3252410310446688
12/20/2023 17:23:57 - INFO - utils.common - 计算 recall ing...
12/20/2023 17:23:57 - INFO - utils.common - result = {'f1score': 0.3034387064186468, 'acc': 0.34015, 'precision': 0.3252410310446688, 'recall': 0.332423293483287}
12/20/2023 17:23:57 - INFO - __main__ - Epoch:3, Val Accuracy:0.34015, f1:0.3034387064186468

12/20/2023 17:23:57 - INFO - __main__ - lr:2.8683631183645395e-05
12/20/2023 17:23:57 - INFO - __main__ - ==========Epoch:4==========
Save best weights
12/20/2023 17:24:02 - INFO - utils.common - 计算 f1 score ing...
12/20/2023 17:24:02 - INFO - utils.common - F1score = 0.2929246145065673
12/20/2023 17:24:02 - INFO - utils.common - 计算 accuracy ing...
12/20/2023 17:24:02 - INFO - utils.common - acc = 0.34125
12/20/2023 17:24:02 - INFO - utils.common - 计算 precision ing...
12/20/2023 17:24:02 - INFO - utils.common - precision = 0.29870528539518415
12/20/2023 17:24:02 - INFO - utils.common - 计算 recall ing...
12/20/2023 17:24:02 - INFO - utils.common - result = {'f1score': 0.2929246145065673, 'acc': 0.34125, 'precision': 0.29870528539518415, 'recall': 0.3148881171260384}
12/20/2023 17:24:02 - INFO - __main__ - Epoch:4, Train Accuracy:0.34125, f1:0.2929246145065673

Epoch: [4][0/7]	
12/20/2023 17:24:20 - INFO - utils.common - 计算 f1 score ing...
12/20/2023 17:24:20 - INFO - utils.common - F1score = 0.3196236569455196
12/20/2023 17:24:20 - INFO - utils.common - 计算 accuracy ing...
12/20/2023 17:24:20 - INFO - utils.common - acc = 0.35635
12/20/2023 17:24:20 - INFO - utils.common - 计算 precision ing...
12/20/2023 17:24:20 - INFO - utils.common - precision = 0.3421982180495007
12/20/2023 17:24:20 - INFO - utils.common - 计算 recall ing...
12/20/2023 17:24:20 - INFO - utils.common - result = {'f1score': 0.3196236569455196, 'acc': 0.35635, 'precision': 0.3421982180495007, 'recall': 0.34908692601697877}
12/20/2023 17:24:20 - INFO - __main__ - Epoch:4, Val Accuracy:0.35635, f1:0.3196236569455196

12/20/2023 17:24:20 - INFO - __main__ - lr:0.0003
12/20/2023 17:24:20 - INFO - __main__ - ==========Epoch:5==========
Save best weights
12/20/2023 17:24:25 - INFO - utils.common - 计算 f1 score ing...
12/20/2023 17:24:25 - INFO - utils.common - F1score = 0.35677680879012924
12/20/2023 17:24:25 - INFO - utils.common - 计算 accuracy ing...
12/20/2023 17:24:25 - INFO - utils.common - acc = 0.40625
12/20/2023 17:24:25 - INFO - utils.common - 计算 precision ing...
12/20/2023 17:24:25 - INFO - utils.common - precision = 0.3755757459756011
12/20/2023 17:24:25 - INFO - utils.common - 计算 recall ing...
12/20/2023 17:24:25 - INFO - utils.common - result = {'f1score': 0.35677680879012924, 'acc': 0.40625, 'precision': 0.3755757459756011, 'recall': 0.377245031628459}
12/20/2023 17:24:25 - INFO - __main__ - Epoch:5, Train Accuracy:0.40625, f1:0.35677680879012924

Epoch: [5][0/7]	
12/20/2023 17:24:43 - INFO - utils.common - 计算 f1 score ing...
12/20/2023 17:24:43 - INFO - utils.common - F1score = 0.4686957871091128
12/20/2023 17:24:43 - INFO - utils.common - 计算 accuracy ing...
12/20/2023 17:24:43 - INFO - utils.common - acc = 0.5043
12/20/2023 17:24:43 - INFO - utils.common - 计算 precision ing...
12/20/2023 17:24:43 - INFO - utils.common - precision = 0.5149009140264267
12/20/2023 17:24:43 - INFO - utils.common - 计算 recall ing...
12/20/2023 17:24:43 - INFO - utils.common - result = {'f1score': 0.4686957871091128, 'acc': 0.5043, 'precision': 0.5149009140264267, 'recall': 0.4966425211841074}
12/20/2023 17:24:43 - INFO - __main__ - Epoch:5, Val Accuracy:0.5043, f1:0.4686957871091128

12/20/2023 17:24:43 - INFO - __main__ - lr:0.00027135636881635457
12/20/2023 17:24:43 - INFO - __main__ - ==========Epoch:6==========
Save best weights
12/20/2023 17:24:49 - INFO - utils.common - 计算 f1 score ing...
12/20/2023 17:24:49 - INFO - utils.common - F1score = 0.5371261848840022
12/20/2023 17:24:49 - INFO - utils.common - 计算 accuracy ing...
12/20/2023 17:24:49 - INFO - utils.common - acc = 0.58375
12/20/2023 17:24:49 - INFO - utils.common - 计算 precision ing...
12/20/2023 17:24:49 - INFO - utils.common - precision = 0.5923016355471814
12/20/2023 17:24:49 - INFO - utils.common - 计算 recall ing...
12/20/2023 17:24:49 - INFO - utils.common - result = {'f1score': 0.5371261848840022, 'acc': 0.58375, 'precision': 0.5923016355471814, 'recall': 0.5500115771795256}
12/20/2023 17:24:49 - INFO - __main__ - Epoch:6, Train Accuracy:0.58375, f1:0.5371261848840022

Epoch: [6][0/7]	
12/20/2023 17:25:07 - INFO - utils.common - 计算 f1 score ing...
12/20/2023 17:25:07 - INFO - utils.common - F1score = 0.599175245697037
12/20/2023 17:25:07 - INFO - utils.common - 计算 accuracy ing...
12/20/2023 17:25:07 - INFO - utils.common - acc = 0.62725
12/20/2023 17:25:07 - INFO - utils.common - 计算 precision ing...
12/20/2023 17:25:07 - INFO - utils.common - precision = 0.6588038618108729
12/20/2023 17:25:07 - INFO - utils.common - 计算 recall ing...
12/20/2023 17:25:07 - INFO - utils.common - result = {'f1score': 0.599175245697037, 'acc': 0.62725, 'precision': 0.6588038618108729, 'recall': 0.6220066129098639}
12/20/2023 17:25:07 - INFO - __main__ - Epoch:6, Val Accuracy:0.62725, f1:0.599175245697037

12/20/2023 17:25:07 - INFO - __main__ - lr:0.0001963663688163546
12/20/2023 17:25:07 - INFO - __main__ - ==========Epoch:7==========
Save best weights
12/20/2023 17:25:12 - INFO - utils.common - 计算 f1 score ing...
12/20/2023 17:25:12 - INFO - utils.common - F1score = 0.6486265707797911
12/20/2023 17:25:12 - INFO - utils.common - 计算 accuracy ing...
12/20/2023 17:25:12 - INFO - utils.common - acc = 0.685
12/20/2023 17:25:12 - INFO - utils.common - 计算 precision ing...
12/20/2023 17:25:12 - INFO - utils.common - precision = 0.7070454907195272
12/20/2023 17:25:12 - INFO - utils.common - 计算 recall ing...
12/20/2023 17:25:12 - INFO - utils.common - result = {'f1score': 0.6486265707797911, 'acc': 0.685, 'precision': 0.7070454907195272, 'recall': 0.655128860455516}
12/20/2023 17:25:12 - INFO - __main__ - Epoch:7, Train Accuracy:0.685, f1:0.6486265707797911

Epoch: [7][0/7]	
12/20/2023 17:25:30 - INFO - utils.common - 计算 f1 score ing...
12/20/2023 17:25:30 - INFO - utils.common - F1score = 0.6652102368937438
12/20/2023 17:25:30 - INFO - utils.common - 计算 accuracy ing...
12/20/2023 17:25:30 - INFO - utils.common - acc = 0.68665
12/20/2023 17:25:30 - INFO - utils.common - 计算 precision ing...
12/20/2023 17:25:30 - INFO - utils.common - precision = 0.7212987199118426
12/20/2023 17:25:30 - INFO - utils.common - 计算 recall ing...
12/20/2023 17:25:30 - INFO - utils.common - result = {'f1score': 0.6652102368937438, 'acc': 0.68665, 'precision': 0.7212987199118426, 'recall': 0.6829260811758621}
12/20/2023 17:25:30 - INFO - __main__ - Epoch:7, Val Accuracy:0.68665, f1:0.6652102368937438

12/20/2023 17:25:30 - INFO - __main__ - lr:0.0001036736311836454
12/20/2023 17:25:30 - INFO - __main__ - ==========Epoch:8==========
Save best weights
12/20/2023 17:25:35 - INFO - utils.common - 计算 f1 score ing...
12/20/2023 17:25:35 - INFO - utils.common - F1score = 0.6928606111914131
12/20/2023 17:25:35 - INFO - utils.common - 计算 accuracy ing...
12/20/2023 17:25:35 - INFO - utils.common - acc = 0.72625
12/20/2023 17:25:35 - INFO - utils.common - 计算 precision ing...
12/20/2023 17:25:35 - INFO - utils.common - precision = 0.737896089342409
12/20/2023 17:25:35 - INFO - utils.common - 计算 recall ing...
12/20/2023 17:25:35 - INFO - utils.common - result = {'f1score': 0.6928606111914131, 'acc': 0.72625, 'precision': 0.737896089342409, 'recall': 0.7002084091465408}
12/20/2023 17:25:35 - INFO - __main__ - Epoch:8, Train Accuracy:0.72625, f1:0.6928606111914131

Epoch: [8][0/7]	
12/20/2023 17:25:52 - INFO - utils.common - 计算 f1 score ing...
12/20/2023 17:25:52 - INFO - utils.common - F1score = 0.6955577612959272
12/20/2023 17:25:52 - INFO - utils.common - 计算 accuracy ing...
12/20/2023 17:25:52 - INFO - utils.common - acc = 0.7136
12/20/2023 17:25:52 - INFO - utils.common - 计算 precision ing...
12/20/2023 17:25:52 - INFO - utils.common - precision = 0.7497046556438112
12/20/2023 17:25:52 - INFO - utils.common - 计算 recall ing...
12/20/2023 17:25:52 - INFO - utils.common - result = {'f1score': 0.6955577612959272, 'acc': 0.7136, 'precision': 0.7497046556438112, 'recall': 0.7108701089269334}
12/20/2023 17:25:52 - INFO - __main__ - Epoch:8, Val Accuracy:0.7136, f1:0.6955577612959272

12/20/2023 17:25:52 - INFO - __main__ - lr:2.8683631183645395e-05
12/20/2023 17:25:52 - INFO - __main__ - ==========Epoch:9==========
Save best weights
12/20/2023 17:25:57 - INFO - utils.common - 计算 f1 score ing...
12/20/2023 17:25:57 - INFO - utils.common - F1score = 0.719847633363784
12/20/2023 17:25:57 - INFO - utils.common - 计算 accuracy ing...
12/20/2023 17:25:57 - INFO - utils.common - acc = 0.75125
12/20/2023 17:25:57 - INFO - utils.common - 计算 precision ing...
12/20/2023 17:25:57 - INFO - utils.common - precision = 0.7810213079251136
12/20/2023 17:25:57 - INFO - utils.common - 计算 recall ing...
12/20/2023 17:25:57 - INFO - utils.common - result = {'f1score': 0.719847633363784, 'acc': 0.75125, 'precision': 0.7810213079251136, 'recall': 0.7247553490620967}
12/20/2023 17:25:57 - INFO - __main__ - Epoch:9, Train Accuracy:0.75125, f1:0.719847633363784

Epoch: [9][0/7]	
12/20/2023 17:26:14 - INFO - utils.common - 计算 f1 score ing...
12/20/2023 17:26:14 - INFO - utils.common - F1score = 0.7077603763295272
12/20/2023 17:26:14 - INFO - utils.common - 计算 accuracy ing...
12/20/2023 17:26:14 - INFO - utils.common - acc = 0.72435
12/20/2023 17:26:14 - INFO - utils.common - 计算 precision ing...
12/20/2023 17:26:14 - INFO - utils.common - precision = 0.7583116885587837
12/20/2023 17:26:14 - INFO - utils.common - 计算 recall ing...
12/20/2023 17:26:14 - INFO - utils.common - result = {'f1score': 0.7077603763295272, 'acc': 0.72435, 'precision': 0.7583116885587837, 'recall': 0.7223655526631313}
12/20/2023 17:26:14 - INFO - __main__ - Epoch:9, Val Accuracy:0.72435, f1:0.7077603763295272

12/20/2023 17:26:14 - INFO - __main__ - lr:0.0003
12/20/2023 17:26:14 - INFO - __main__ - ==========Epoch:10==========
Save best weights
12/20/2023 17:26:20 - INFO - utils.common - 计算 f1 score ing...
12/20/2023 17:26:20 - INFO - utils.common - F1score = 0.7463794464406157
12/20/2023 17:26:20 - INFO - utils.common - 计算 accuracy ing...
12/20/2023 17:26:20 - INFO - utils.common - acc = 0.775
12/20/2023 17:26:20 - INFO - utils.common - 计算 precision ing...
12/20/2023 17:26:20 - INFO - utils.common - precision = 0.7935961165590741
12/20/2023 17:26:20 - INFO - utils.common - 计算 recall ing...
12/20/2023 17:26:20 - INFO - utils.common - result = {'f1score': 0.7463794464406157, 'acc': 0.775, 'precision': 0.7935961165590741, 'recall': 0.7508954745104317}
12/20/2023 17:26:20 - INFO - __main__ - Epoch:10, Train Accuracy:0.775, f1:0.7463794464406157

Epoch: [10][0/7]	
12/20/2023 17:26:37 - INFO - utils.common - 计算 f1 score ing...
12/20/2023 17:26:37 - INFO - utils.common - F1score = 0.7812420618230823
12/20/2023 17:26:37 - INFO - utils.common - 计算 accuracy ing...
12/20/2023 17:26:37 - INFO - utils.common - acc = 0.7888
12/20/2023 17:26:37 - INFO - utils.common - 计算 precision ing...
12/20/2023 17:26:37 - INFO - utils.common - precision = 0.8200632499184852
12/20/2023 17:26:37 - INFO - utils.common - 计算 recall ing...
12/20/2023 17:26:37 - INFO - utils.common - result = {'f1score': 0.7812420618230823, 'acc': 0.7888, 'precision': 0.8200632499184852, 'recall': 0.7890302074877321}
12/20/2023 17:26:37 - INFO - __main__ - Epoch:10, Val Accuracy:0.7888, f1:0.7812420618230823

12/20/2023 17:26:37 - INFO - __main__ - lr:0.00027135636881635457
12/20/2023 17:26:37 - INFO - __main__ - ==========Epoch:11==========
Save best weights
12/20/2023 17:26:43 - INFO - utils.common - 计算 f1 score ing...
12/20/2023 17:26:43 - INFO - utils.common - F1score = 0.8224758216612038
12/20/2023 17:26:43 - INFO - utils.common - 计算 accuracy ing...
12/20/2023 17:26:43 - INFO - utils.common - acc = 0.83625
12/20/2023 17:26:43 - INFO - utils.common - 计算 precision ing...
12/20/2023 17:26:43 - INFO - utils.common - precision = 0.8553931689679615
12/20/2023 17:26:43 - INFO - utils.common - 计算 recall ing...
12/20/2023 17:26:43 - INFO - utils.common - result = {'f1score': 0.8224758216612038, 'acc': 0.83625, 'precision': 0.8553931689679615, 'recall': 0.817300929210965}
12/20/2023 17:26:43 - INFO - __main__ - Epoch:11, Train Accuracy:0.83625, f1:0.8224758216612038

Epoch: [11][0/7]	
12/20/2023 17:27:00 - INFO - utils.common - 计算 f1 score ing...
12/20/2023 17:27:00 - INFO - utils.common - F1score = 0.8371180883477427
12/20/2023 17:27:00 - INFO - utils.common - 计算 accuracy ing...
12/20/2023 17:27:00 - INFO - utils.common - acc = 0.83975
12/20/2023 17:27:00 - INFO - utils.common - 计算 precision ing...
12/20/2023 17:27:00 - INFO - utils.common - precision = 0.8600284811235719
12/20/2023 17:27:00 - INFO - utils.common - 计算 recall ing...
12/20/2023 17:27:00 - INFO - utils.common - result = {'f1score': 0.8371180883477427, 'acc': 0.83975, 'precision': 0.8600284811235719, 'recall': 0.8406413049541485}
12/20/2023 17:27:00 - INFO - __main__ - Epoch:11, Val Accuracy:0.83975, f1:0.8371180883477427

12/20/2023 17:27:00 - INFO - __main__ - lr:0.0001963663688163546
12/20/2023 17:27:00 - INFO - __main__ - ==========Epoch:12==========
Save best weights
12/20/2023 17:27:06 - INFO - utils.common - 计算 f1 score ing...
12/20/2023 17:27:06 - INFO - utils.common - F1score = 0.8666257881303415
12/20/2023 17:27:06 - INFO - utils.common - 计算 accuracy ing...
12/20/2023 17:27:06 - INFO - utils.common - acc = 0.87375
12/20/2023 17:27:06 - INFO - utils.common - 计算 precision ing...
12/20/2023 17:27:06 - INFO - utils.common - precision = 0.8886582316486495
12/20/2023 17:27:06 - INFO - utils.common - 计算 recall ing...
12/20/2023 17:27:06 - INFO - utils.common - result = {'f1score': 0.8666257881303415, 'acc': 0.87375, 'precision': 0.8886582316486495, 'recall': 0.8612185707949283}
12/20/2023 17:27:06 - INFO - __main__ - Epoch:12, Train Accuracy:0.87375, f1:0.8666257881303415

Epoch: [12][0/7]	
12/20/2023 17:27:23 - INFO - utils.common - 计算 f1 score ing...
12/20/2023 17:27:23 - INFO - utils.common - F1score = 0.8672673863618309
12/20/2023 17:27:23 - INFO - utils.common - 计算 accuracy ing...
12/20/2023 17:27:23 - INFO - utils.common - acc = 0.8677
12/20/2023 17:27:23 - INFO - utils.common - 计算 precision ing...
12/20/2023 17:27:23 - INFO - utils.common - precision = 0.8825129463990299
12/20/2023 17:27:23 - INFO - utils.common - 计算 recall ing...
12/20/2023 17:27:23 - INFO - utils.common - result = {'f1score': 0.8672673863618309, 'acc': 0.8677, 'precision': 0.8825129463990299, 'recall': 0.8679387811186722}
12/20/2023 17:27:23 - INFO - __main__ - Epoch:12, Val Accuracy:0.8677, f1:0.8672673863618309

12/20/2023 17:27:23 - INFO - __main__ - lr:0.0001036736311836454
12/20/2023 17:27:23 - INFO - __main__ - ==========Epoch:13==========
Save best weights
12/20/2023 17:27:28 - INFO - utils.common - 计算 f1 score ing...
12/20/2023 17:27:28 - INFO - utils.common - F1score = 0.8935077235438218
12/20/2023 17:27:28 - INFO - utils.common - 计算 accuracy ing...
12/20/2023 17:27:28 - INFO - utils.common - acc = 0.8975
12/20/2023 17:27:28 - INFO - utils.common - 计算 precision ing...
12/20/2023 17:27:28 - INFO - utils.common - precision = 0.9089715886524267
12/20/2023 17:27:28 - INFO - utils.common - 计算 recall ing...
12/20/2023 17:27:28 - INFO - utils.common - result = {'f1score': 0.8935077235438218, 'acc': 0.8975, 'precision': 0.9089715886524267, 'recall': 0.8872473382722592}
12/20/2023 17:27:28 - INFO - __main__ - Epoch:13, Train Accuracy:0.8975, f1:0.8935077235438218

Epoch: [13][0/7]	
12/20/2023 17:27:46 - INFO - utils.common - 计算 f1 score ing...
12/20/2023 17:27:46 - INFO - utils.common - F1score = 0.8785600870866966
12/20/2023 17:27:46 - INFO - utils.common - 计算 accuracy ing...
12/20/2023 17:27:46 - INFO - utils.common - acc = 0.8786
12/20/2023 17:27:46 - INFO - utils.common - 计算 precision ing...
12/20/2023 17:27:46 - INFO - utils.common - precision = 0.8918803084819492
12/20/2023 17:27:46 - INFO - utils.common - 计算 recall ing...
12/20/2023 17:27:46 - INFO - utils.common - result = {'f1score': 0.8785600870866966, 'acc': 0.8786, 'precision': 0.8918803084819492, 'recall': 0.8787662696149726}
12/20/2023 17:27:46 - INFO - __main__ - Epoch:13, Val Accuracy:0.8786, f1:0.8785600870866966

12/20/2023 17:27:46 - INFO - __main__ - lr:2.8683631183645395e-05
12/20/2023 17:27:46 - INFO - __main__ - ==========Epoch:14==========
Save best weights
12/20/2023 17:27:52 - INFO - utils.common - 计算 f1 score ing...
12/20/2023 17:27:52 - INFO - utils.common - F1score = 0.8852883618639356
12/20/2023 17:27:52 - INFO - utils.common - 计算 accuracy ing...
12/20/2023 17:27:52 - INFO - utils.common - acc = 0.88875
12/20/2023 17:27:52 - INFO - utils.common - 计算 precision ing...
12/20/2023 17:27:52 - INFO - utils.common - precision = 0.900136344519304
12/20/2023 17:27:52 - INFO - utils.common - 计算 recall ing...
12/20/2023 17:27:52 - INFO - utils.common - result = {'f1score': 0.8852883618639356, 'acc': 0.88875, 'precision': 0.900136344519304, 'recall': 0.8794321041177953}
12/20/2023 17:27:52 - INFO - __main__ - Epoch:14, Train Accuracy:0.88875, f1:0.8852883618639356

Epoch: [14][0/7]	
12/20/2023 17:28:09 - INFO - utils.common - 计算 f1 score ing...
12/20/2023 17:28:09 - INFO - utils.common - F1score = 0.8813330207449314
12/20/2023 17:28:09 - INFO - utils.common - 计算 accuracy ing...
12/20/2023 17:28:09 - INFO - utils.common - acc = 0.88135
12/20/2023 17:28:09 - INFO - utils.common - 计算 precision ing...
12/20/2023 17:28:09 - INFO - utils.common - precision = 0.8942387275211152
12/20/2023 17:28:09 - INFO - utils.common - 计算 recall ing...
12/20/2023 17:28:09 - INFO - utils.common - result = {'f1score': 0.8813330207449314, 'acc': 0.88135, 'precision': 0.8942387275211152, 'recall': 0.8815844133115639}
12/20/2023 17:28:09 - INFO - __main__ - Epoch:14, Val Accuracy:0.88135, f1:0.8813330207449314

12/20/2023 17:28:09 - INFO - __main__ - lr:0.0003
12/20/2023 17:28:09 - INFO - __main__ - ==========Epoch:15==========
Save best weights
12/20/2023 17:28:14 - INFO - utils.common - 计算 f1 score ing...
12/20/2023 17:28:14 - INFO - utils.common - F1score = 0.9054178602506826
12/20/2023 17:28:14 - INFO - utils.common - 计算 accuracy ing...
12/20/2023 17:28:14 - INFO - utils.common - acc = 0.90875
12/20/2023 17:28:14 - INFO - utils.common - 计算 precision ing...
12/20/2023 17:28:14 - INFO - utils.common - precision = 0.9158779553613238
12/20/2023 17:28:14 - INFO - utils.common - 计算 recall ing...
12/20/2023 17:28:14 - INFO - utils.common - result = {'f1score': 0.9054178602506826, 'acc': 0.90875, 'precision': 0.9158779553613238, 'recall': 0.9008658640269613}
12/20/2023 17:28:14 - INFO - __main__ - Epoch:15, Train Accuracy:0.90875, f1:0.9054178602506826

Epoch: [15][0/7]	
12/20/2023 17:28:31 - INFO - utils.common - 计算 f1 score ing...
12/20/2023 17:28:31 - INFO - utils.common - F1score = 0.9103378341822427
12/20/2023 17:28:31 - INFO - utils.common - 计算 accuracy ing...
12/20/2023 17:28:31 - INFO - utils.common - acc = 0.90995
12/20/2023 17:28:31 - INFO - utils.common - 计算 precision ing...
12/20/2023 17:28:31 - INFO - utils.common - precision = 0.9166016957277079
12/20/2023 17:28:31 - INFO - utils.common - 计算 recall ing...
12/20/2023 17:28:31 - INFO - utils.common - result = {'f1score': 0.9103378341822427, 'acc': 0.90995, 'precision': 0.9166016957277079, 'recall': 0.9099802373565262}
12/20/2023 17:28:31 - INFO - __main__ - Epoch:15, Val Accuracy:0.90995, f1:0.9103378341822427

12/20/2023 17:28:31 - INFO - __main__ - lr:0.00027135636881635457
12/20/2023 17:28:31 - INFO - __main__ - ==========Epoch:16==========
Save best weights
12/20/2023 17:28:37 - INFO - utils.common - 计算 f1 score ing...
12/20/2023 17:28:37 - INFO - utils.common - F1score = 0.9210341298687449
12/20/2023 17:28:37 - INFO - utils.common - 计算 accuracy ing...
12/20/2023 17:28:37 - INFO - utils.common - acc = 0.92375
12/20/2023 17:28:37 - INFO - utils.common - 计算 precision ing...
12/20/2023 17:28:37 - INFO - utils.common - precision = 0.9300870688941099
12/20/2023 17:28:37 - INFO - utils.common - 计算 recall ing...
12/20/2023 17:28:37 - INFO - utils.common - result = {'f1score': 0.9210341298687449, 'acc': 0.92375, 'precision': 0.9300870688941099, 'recall': 0.9164629919503411}
12/20/2023 17:28:37 - INFO - __main__ - Epoch:16, Train Accuracy:0.92375, f1:0.9210341298687449

Epoch: [16][0/7]	
12/20/2023 17:28:54 - INFO - utils.common - 计算 f1 score ing...
12/20/2023 17:28:54 - INFO - utils.common - F1score = 0.9280499447099717
12/20/2023 17:28:54 - INFO - utils.common - 计算 accuracy ing...
12/20/2023 17:28:54 - INFO - utils.common - acc = 0.92755
12/20/2023 17:28:54 - INFO - utils.common - 计算 precision ing...
12/20/2023 17:28:54 - INFO - utils.common - precision = 0.9316908597108371
12/20/2023 17:28:54 - INFO - utils.common - 计算 recall ing...
12/20/2023 17:28:54 - INFO - utils.common - result = {'f1score': 0.9280499447099717, 'acc': 0.92755, 'precision': 0.9316908597108371, 'recall': 0.9273448005010592}
12/20/2023 17:28:54 - INFO - __main__ - Epoch:16, Val Accuracy:0.92755, f1:0.9280499447099717

12/20/2023 17:28:54 - INFO - __main__ - lr:0.0001963663688163546
12/20/2023 17:28:54 - INFO - __main__ - ==========Epoch:17==========
Save best weights
12/20/2023 17:28:59 - INFO - utils.common - 计算 f1 score ing...
12/20/2023 17:28:59 - INFO - utils.common - F1score = 0.923295701746152
12/20/2023 17:28:59 - INFO - utils.common - 计算 accuracy ing...
12/20/2023 17:28:59 - INFO - utils.common - acc = 0.92625
12/20/2023 17:28:59 - INFO - utils.common - 计算 precision ing...
12/20/2023 17:28:59 - INFO - utils.common - precision = 0.9305842834799779
12/20/2023 17:28:59 - INFO - utils.common - 计算 recall ing...
12/20/2023 17:28:59 - INFO - utils.common - result = {'f1score': 0.923295701746152, 'acc': 0.92625, 'precision': 0.9305842834799779, 'recall': 0.9199179428687275}
12/20/2023 17:28:59 - INFO - __main__ - Epoch:17, Train Accuracy:0.92625, f1:0.923295701746152

Epoch: [17][0/7]	
12/20/2023 17:29:18 - INFO - utils.common - 计算 f1 score ing...
12/20/2023 17:29:18 - INFO - utils.common - F1score = 0.9334891853802948
12/20/2023 17:29:18 - INFO - utils.common - 计算 accuracy ing...
12/20/2023 17:29:18 - INFO - utils.common - acc = 0.933
12/20/2023 17:29:18 - INFO - utils.common - 计算 precision ing...
12/20/2023 17:29:18 - INFO - utils.common - precision = 0.9363698085109944
12/20/2023 17:29:18 - INFO - utils.common - 计算 recall ing...
12/20/2023 17:29:18 - INFO - utils.common - result = {'f1score': 0.9334891853802948, 'acc': 0.933, 'precision': 0.9363698085109944, 'recall': 0.9330483785011953}
12/20/2023 17:29:18 - INFO - __main__ - Epoch:17, Val Accuracy:0.933, f1:0.9334891853802948

12/20/2023 17:29:18 - INFO - __main__ - lr:0.0001036736311836454
12/20/2023 17:29:18 - INFO - __main__ - ==========Epoch:18==========
Save best weights
12/20/2023 17:29:23 - INFO - utils.common - 计算 f1 score ing...
12/20/2023 17:29:23 - INFO - utils.common - F1score = 0.9341656202695707
12/20/2023 17:29:23 - INFO - utils.common - 计算 accuracy ing...
12/20/2023 17:29:23 - INFO - utils.common - acc = 0.935
12/20/2023 17:29:23 - INFO - utils.common - 计算 precision ing...
12/20/2023 17:29:23 - INFO - utils.common - precision = 0.9384571421090148
12/20/2023 17:29:23 - INFO - utils.common - 计算 recall ing...
12/20/2023 17:29:23 - INFO - utils.common - result = {'f1score': 0.9341656202695707, 'acc': 0.935, 'precision': 0.9384571421090148, 'recall': 0.9319001334129374}
12/20/2023 17:29:23 - INFO - __main__ - Epoch:18, Train Accuracy:0.935, f1:0.9341656202695707

Epoch: [18][0/7]	
12/20/2023 17:29:40 - INFO - utils.common - 计算 f1 score ing...
12/20/2023 17:29:40 - INFO - utils.common - F1score = 0.9373071172846825
12/20/2023 17:29:40 - INFO - utils.common - 计算 accuracy ing...
12/20/2023 17:29:40 - INFO - utils.common - acc = 0.9368
12/20/2023 17:29:40 - INFO - utils.common - 计算 precision ing...
12/20/2023 17:29:40 - INFO - utils.common - precision = 0.9397670963094258
12/20/2023 17:29:40 - INFO - utils.common - 计算 recall ing...
12/20/2023 17:29:40 - INFO - utils.common - result = {'f1score': 0.9373071172846825, 'acc': 0.9368, 'precision': 0.9397670963094258, 'recall': 0.936911573390499}
12/20/2023 17:29:40 - INFO - __main__ - Epoch:18, Val Accuracy:0.9368, f1:0.9373071172846825

12/20/2023 17:29:40 - INFO - __main__ - lr:2.8683631183645395e-05
12/20/2023 17:29:40 - INFO - __main__ - ==========Epoch:19==========
Save best weights
12/20/2023 17:29:46 - INFO - utils.common - 计算 f1 score ing...
12/20/2023 17:29:46 - INFO - utils.common - F1score = 0.9402104878469465
12/20/2023 17:29:46 - INFO - utils.common - 计算 accuracy ing...
12/20/2023 17:29:46 - INFO - utils.common - acc = 0.9425
12/20/2023 17:29:46 - INFO - utils.common - 计算 precision ing...
12/20/2023 17:29:46 - INFO - utils.common - precision = 0.9466094624419618
12/20/2023 17:29:46 - INFO - utils.common - 计算 recall ing...
12/20/2023 17:29:46 - INFO - utils.common - result = {'f1score': 0.9402104878469465, 'acc': 0.9425, 'precision': 0.9466094624419618, 'recall': 0.9371415168938388}
12/20/2023 17:29:46 - INFO - __main__ - Epoch:19, Train Accuracy:0.9425, f1:0.9402104878469465

Epoch: [19][0/7]	
12/20/2023 17:30:03 - INFO - utils.common - 计算 f1 score ing...
12/20/2023 17:30:03 - INFO - utils.common - F1score = 0.9380792664326365
12/20/2023 17:30:03 - INFO - utils.common - 计算 accuracy ing...
12/20/2023 17:30:03 - INFO - utils.common - acc = 0.9376
12/20/2023 17:30:03 - INFO - utils.common - 计算 precision ing...
12/20/2023 17:30:03 - INFO - utils.common - precision = 0.940691918392106
12/20/2023 17:30:03 - INFO - utils.common - 计算 recall ing...
12/20/2023 17:30:04 - INFO - utils.common - result = {'f1score': 0.9380792664326365, 'acc': 0.9376, 'precision': 0.940691918392106, 'recall': 0.9374969374423081}
12/20/2023 17:30:04 - INFO - __main__ - Epoch:19, Val Accuracy:0.9376, f1:0.9380792664326365

12/20/2023 17:30:04 - INFO - __main__ - lr:0.0003
12/20/2023 17:30:04 - INFO - __main__ - ==========Epoch:20==========
Save best weights
12/20/2023 17:30:09 - INFO - utils.common - 计算 f1 score ing...
12/20/2023 17:30:09 - INFO - utils.common - F1score = 0.943232695573625
12/20/2023 17:30:09 - INFO - utils.common - 计算 accuracy ing...
12/20/2023 17:30:09 - INFO - utils.common - acc = 0.945
12/20/2023 17:30:09 - INFO - utils.common - 计算 precision ing...
12/20/2023 17:30:09 - INFO - utils.common - precision = 0.9484784717310466
12/20/2023 17:30:09 - INFO - utils.common - 计算 recall ing...
12/20/2023 17:30:09 - INFO - utils.common - result = {'f1score': 0.943232695573625, 'acc': 0.945, 'precision': 0.9484784717310466, 'recall': 0.9404495333853718}
12/20/2023 17:30:09 - INFO - __main__ - Epoch:20, Train Accuracy:0.945, f1:0.943232695573625

Epoch: [20][0/7]	
12/20/2023 17:30:26 - INFO - utils.common - 计算 f1 score ing...
12/20/2023 17:30:26 - INFO - utils.common - F1score = 0.9444020735459985
12/20/2023 17:30:26 - INFO - utils.common - 计算 accuracy ing...
12/20/2023 17:30:26 - INFO - utils.common - acc = 0.9439
12/20/2023 17:30:26 - INFO - utils.common - 计算 precision ing...
12/20/2023 17:30:26 - INFO - utils.common - precision = 0.9478492967238326
12/20/2023 17:30:26 - INFO - utils.common - 计算 recall ing...
12/20/2023 17:30:26 - INFO - utils.common - result = {'f1score': 0.9444020735459985, 'acc': 0.9439, 'precision': 0.9478492967238326, 'recall': 0.943036104024666}
12/20/2023 17:30:26 - INFO - __main__ - Epoch:20, Val Accuracy:0.9439, f1:0.9444020735459985

12/20/2023 17:30:26 - INFO - __main__ - lr:0.00027135636881635457
12/20/2023 17:30:26 - INFO - __main__ - ==========Epoch:21==========
Save best weights
12/20/2023 17:30:31 - INFO - utils.common - 计算 f1 score ing...
12/20/2023 17:30:31 - INFO - utils.common - F1score = 0.9586869576063956
12/20/2023 17:30:31 - INFO - utils.common - 计算 accuracy ing...
12/20/2023 17:30:31 - INFO - utils.common - acc = 0.96
12/20/2023 17:30:31 - INFO - utils.common - 计算 precision ing...
12/20/2023 17:30:31 - INFO - utils.common - precision = 0.9628750321384341
12/20/2023 17:30:31 - INFO - utils.common - 计算 recall ing...
12/20/2023 17:30:31 - INFO - utils.common - result = {'f1score': 0.9586869576063956, 'acc': 0.96, 'precision': 0.9628750321384341, 'recall': 0.9564151779247327}
12/20/2023 17:30:31 - INFO - __main__ - Epoch:21, Train Accuracy:0.96, f1:0.9586869576063956

Epoch: [21][0/7]	
12/20/2023 17:30:49 - INFO - utils.common - 计算 f1 score ing...
12/20/2023 17:30:49 - INFO - utils.common - F1score = 0.9481224310080196
12/20/2023 17:30:49 - INFO - utils.common - 计算 accuracy ing...
12/20/2023 17:30:49 - INFO - utils.common - acc = 0.94765
12/20/2023 17:30:49 - INFO - utils.common - 计算 precision ing...
12/20/2023 17:30:49 - INFO - utils.common - precision = 0.9511109938627178
12/20/2023 17:30:49 - INFO - utils.common - 计算 recall ing...
12/20/2023 17:30:49 - INFO - utils.common - result = {'f1score': 0.9481224310080196, 'acc': 0.94765, 'precision': 0.9511109938627178, 'recall': 0.9468768842707319}
12/20/2023 17:30:49 - INFO - __main__ - Epoch:21, Val Accuracy:0.94765, f1:0.9481224310080196

12/20/2023 17:30:49 - INFO - __main__ - lr:0.0001963663688163546
12/20/2023 17:30:49 - INFO - __main__ - ==========Epoch:22==========
Save best weights
12/20/2023 17:30:55 - INFO - utils.common - 计算 f1 score ing...
12/20/2023 17:30:55 - INFO - utils.common - F1score = 0.9431834556492318
12/20/2023 17:30:55 - INFO - utils.common - 计算 accuracy ing...
12/20/2023 17:30:55 - INFO - utils.common - acc = 0.94375
12/20/2023 17:30:55 - INFO - utils.common - 计算 precision ing...
12/20/2023 17:30:55 - INFO - utils.common - precision = 0.9499864501889085
12/20/2023 17:30:55 - INFO - utils.common - 计算 recall ing...
12/20/2023 17:30:55 - INFO - utils.common - result = {'f1score': 0.9431834556492318, 'acc': 0.94375, 'precision': 0.9499864501889085, 'recall': 0.9398650253588264}
12/20/2023 17:30:55 - INFO - __main__ - Epoch:22, Train Accuracy:0.94375, f1:0.9431834556492318

Epoch: [22][0/7]	
12/20/2023 17:31:12 - INFO - utils.common - 计算 f1 score ing...
12/20/2023 17:31:12 - INFO - utils.common - F1score = 0.9502347968396911
12/20/2023 17:31:12 - INFO - utils.common - 计算 accuracy ing...
12/20/2023 17:31:12 - INFO - utils.common - acc = 0.9498
12/20/2023 17:31:12 - INFO - utils.common - 计算 precision ing...
12/20/2023 17:31:12 - INFO - utils.common - precision = 0.9528716921217977
12/20/2023 17:31:12 - INFO - utils.common - 计算 recall ing...
12/20/2023 17:31:12 - INFO - utils.common - result = {'f1score': 0.9502347968396911, 'acc': 0.9498, 'precision': 0.9528716921217977, 'recall': 0.9491735408751895}
12/20/2023 17:31:12 - INFO - __main__ - Epoch:22, Val Accuracy:0.9498, f1:0.9502347968396911

12/20/2023 17:31:12 - INFO - __main__ - lr:0.0001036736311836454
12/20/2023 17:31:12 - INFO - __main__ - ==========Epoch:23==========
Save best weights
12/20/2023 17:31:17 - INFO - utils.common - 计算 f1 score ing...
12/20/2023 17:31:17 - INFO - utils.common - F1score = 0.952757509191263
12/20/2023 17:31:17 - INFO - utils.common - 计算 accuracy ing...
12/20/2023 17:31:17 - INFO - utils.common - acc = 0.955
12/20/2023 17:31:17 - INFO - utils.common - 计算 precision ing...
12/20/2023 17:31:17 - INFO - utils.common - precision = 0.9554517767814347
12/20/2023 17:31:17 - INFO - utils.common - 计算 recall ing...
12/20/2023 17:31:17 - INFO - utils.common - result = {'f1score': 0.952757509191263, 'acc': 0.955, 'precision': 0.9554517767814347, 'recall': 0.9510795944510512}
12/20/2023 17:31:17 - INFO - __main__ - Epoch:23, Train Accuracy:0.955, f1:0.952757509191263

Epoch: [23][0/7]	
12/20/2023 17:31:34 - INFO - utils.common - 计算 f1 score ing...
12/20/2023 17:31:34 - INFO - utils.common - F1score = 0.9518904361163713
12/20/2023 17:31:34 - INFO - utils.common - 计算 accuracy ing...
12/20/2023 17:31:34 - INFO - utils.common - acc = 0.9515
12/20/2023 17:31:34 - INFO - utils.common - 计算 precision ing...
12/20/2023 17:31:34 - INFO - utils.common - precision = 0.9543295935036199
12/20/2023 17:31:34 - INFO - utils.common - 计算 recall ing...
12/20/2023 17:31:34 - INFO - utils.common - result = {'f1score': 0.9518904361163713, 'acc': 0.9515, 'precision': 0.9543295935036199, 'recall': 0.950837902318857}
12/20/2023 17:31:34 - INFO - __main__ - Epoch:23, Val Accuracy:0.9515, f1:0.9518904361163713

12/20/2023 17:31:34 - INFO - __main__ - lr:2.8683631183645395e-05
12/20/2023 17:31:34 - INFO - __main__ - ==========Epoch:24==========
Save best weights
12/20/2023 17:31:40 - INFO - utils.common - 计算 f1 score ing...
12/20/2023 17:31:40 - INFO - utils.common - F1score = 0.9562824030393258
12/20/2023 17:31:40 - INFO - utils.common - 计算 accuracy ing...
12/20/2023 17:31:40 - INFO - utils.common - acc = 0.9575
12/20/2023 17:31:40 - INFO - utils.common - 计算 precision ing...
12/20/2023 17:31:40 - INFO - utils.common - precision = 0.9594163255414698
12/20/2023 17:31:40 - INFO - utils.common - 计算 recall ing...
12/20/2023 17:31:40 - INFO - utils.common - result = {'f1score': 0.9562824030393258, 'acc': 0.9575, 'precision': 0.9594163255414698, 'recall': 0.9542990582362846}
12/20/2023 17:31:40 - INFO - __main__ - Epoch:24, Train Accuracy:0.9575, f1:0.9562824030393258

Epoch: [24][0/7]	
12/20/2023 17:31:57 - INFO - utils.common - 计算 f1 score ing...
12/20/2023 17:31:57 - INFO - utils.common - F1score = 0.9529070460297517
12/20/2023 17:31:57 - INFO - utils.common - 计算 accuracy ing...
12/20/2023 17:31:57 - INFO - utils.common - acc = 0.9525
12/20/2023 17:31:57 - INFO - utils.common - 计算 precision ing...
12/20/2023 17:31:57 - INFO - utils.common - precision = 0.9553577713835946
12/20/2023 17:31:57 - INFO - utils.common - 计算 recall ing...
12/20/2023 17:31:57 - INFO - utils.common - result = {'f1score': 0.9529070460297517, 'acc': 0.9525, 'precision': 0.9553577713835946, 'recall': 0.9518149447721722}
12/20/2023 17:31:57 - INFO - __main__ - Epoch:24, Val Accuracy:0.9525, f1:0.9529070460297517

12/20/2023 17:31:57 - INFO - __main__ - lr:0.0003
12/20/2023 17:31:57 - INFO - __main__ - ==========Epoch:25==========
Save best weights
12/20/2023 17:32:02 - INFO - utils.common - 计算 f1 score ing...
12/20/2023 17:32:02 - INFO - utils.common - F1score = 0.9528003565850622
12/20/2023 17:32:02 - INFO - utils.common - 计算 accuracy ing...
12/20/2023 17:32:02 - INFO - utils.common - acc = 0.955
12/20/2023 17:32:02 - INFO - utils.common - 计算 precision ing...
12/20/2023 17:32:02 - INFO - utils.common - precision = 0.9561426797625558
12/20/2023 17:32:02 - INFO - utils.common - 计算 recall ing...
12/20/2023 17:32:02 - INFO - utils.common - result = {'f1score': 0.9528003565850622, 'acc': 0.955, 'precision': 0.9561426797625558, 'recall': 0.9507222673850195}
12/20/2023 17:32:02 - INFO - __main__ - Epoch:25, Train Accuracy:0.955, f1:0.9528003565850622

Epoch: [25][0/7]	
12/20/2023 17:32:19 - INFO - utils.common - 计算 f1 score ing...
12/20/2023 17:32:19 - INFO - utils.common - F1score = 0.9554610135818467
12/20/2023 17:32:19 - INFO - utils.common - 计算 accuracy ing...
12/20/2023 17:32:19 - INFO - utils.common - acc = 0.95495
12/20/2023 17:32:19 - INFO - utils.common - 计算 precision ing...
12/20/2023 17:32:19 - INFO - utils.common - precision = 0.9578313436692864
12/20/2023 17:32:19 - INFO - utils.common - 计算 recall ing...
12/20/2023 17:32:19 - INFO - utils.common - result = {'f1score': 0.9554610135818467, 'acc': 0.95495, 'precision': 0.9578313436692864, 'recall': 0.9543774021940946}
12/20/2023 17:32:19 - INFO - __main__ - Epoch:25, Val Accuracy:0.95495, f1:0.9554610135818467

12/20/2023 17:32:19 - INFO - __main__ - lr:0.00027135636881635457
12/20/2023 17:32:19 - INFO - __main__ - ==========Epoch:26==========
Save best weights
12/20/2023 17:32:25 - INFO - utils.common - 计算 f1 score ing...
12/20/2023 17:32:25 - INFO - utils.common - F1score = 0.9576135504468554
12/20/2023 17:32:25 - INFO - utils.common - 计算 accuracy ing...
12/20/2023 17:32:25 - INFO - utils.common - acc = 0.95875
12/20/2023 17:32:25 - INFO - utils.common - 计算 precision ing...
12/20/2023 17:32:25 - INFO - utils.common - precision = 0.9624619671643563
12/20/2023 17:32:25 - INFO - utils.common - 计算 recall ing...
12/20/2023 17:32:25 - INFO - utils.common - result = {'f1score': 0.9576135504468554, 'acc': 0.95875, 'precision': 0.9624619671643563, 'recall': 0.9545132243808447}
12/20/2023 17:32:25 - INFO - __main__ - Epoch:26, Train Accuracy:0.95875, f1:0.9576135504468554

Epoch: [26][0/7]	
12/20/2023 17:32:41 - INFO - utils.common - 计算 f1 score ing...
12/20/2023 17:32:41 - INFO - utils.common - F1score = 0.9568143845938093
12/20/2023 17:32:41 - INFO - utils.common - 计算 accuracy ing...
12/20/2023 17:32:41 - INFO - utils.common - acc = 0.9564
12/20/2023 17:32:41 - INFO - utils.common - 计算 precision ing...
12/20/2023 17:32:41 - INFO - utils.common - precision = 0.9587646228767525
12/20/2023 17:32:41 - INFO - utils.common - 计算 recall ing...
12/20/2023 17:32:41 - INFO - utils.common - result = {'f1score': 0.9568143845938093, 'acc': 0.9564, 'precision': 0.9587646228767525, 'recall': 0.9559201206012895}
12/20/2023 17:32:41 - INFO - __main__ - Epoch:26, Val Accuracy:0.9564, f1:0.9568143845938093

12/20/2023 17:32:41 - INFO - __main__ - lr:0.0001963663688163546
12/20/2023 17:32:41 - INFO - __main__ - ==========Epoch:27==========
Save best weights
12/20/2023 17:32:47 - INFO - utils.common - 计算 f1 score ing...
12/20/2023 17:32:47 - INFO - utils.common - F1score = 0.9553220504210922
12/20/2023 17:32:47 - INFO - utils.common - 计算 accuracy ing...
12/20/2023 17:32:47 - INFO - utils.common - acc = 0.95625
12/20/2023 17:32:47 - INFO - utils.common - 计算 precision ing...
12/20/2023 17:32:47 - INFO - utils.common - precision = 0.9579464930113255
12/20/2023 17:32:47 - INFO - utils.common - 计算 recall ing...
12/20/2023 17:32:47 - INFO - utils.common - result = {'f1score': 0.9553220504210922, 'acc': 0.95625, 'precision': 0.9579464930113255, 'recall': 0.9533614482659001}
12/20/2023 17:32:47 - INFO - __main__ - Epoch:27, Train Accuracy:0.95625, f1:0.9553220504210922

Epoch: [27][0/7]	
12/20/2023 17:33:03 - INFO - utils.common - 计算 f1 score ing...
12/20/2023 17:33:03 - INFO - utils.common - F1score = 0.9579030890118365
12/20/2023 17:33:03 - INFO - utils.common - 计算 accuracy ing...
12/20/2023 17:33:03 - INFO - utils.common - acc = 0.95755
12/20/2023 17:33:03 - INFO - utils.common - 计算 precision ing...
12/20/2023 17:33:03 - INFO - utils.common - precision = 0.9599667872385318
12/20/2023 17:33:03 - INFO - utils.common - 计算 recall ing...
12/20/2023 17:33:03 - INFO - utils.common - result = {'f1score': 0.9579030890118365, 'acc': 0.95755, 'precision': 0.9599667872385318, 'recall': 0.9569794456341665}
12/20/2023 17:33:03 - INFO - __main__ - Epoch:27, Val Accuracy:0.95755, f1:0.9579030890118365

12/20/2023 17:33:03 - INFO - __main__ - lr:0.0001036736311836454
12/20/2023 17:33:03 - INFO - __main__ - ==========Epoch:28==========
Save best weights
12/20/2023 17:33:09 - INFO - utils.common - 计算 f1 score ing...
12/20/2023 17:33:09 - INFO - utils.common - F1score = 0.9608568997227415
12/20/2023 17:33:09 - INFO - utils.common - 计算 accuracy ing...
12/20/2023 17:33:09 - INFO - utils.common - acc = 0.96125
12/20/2023 17:33:09 - INFO - utils.common - 计算 precision ing...
12/20/2023 17:33:09 - INFO - utils.common - precision = 0.963691029157039
12/20/2023 17:33:09 - INFO - utils.common - 计算 recall ing...
12/20/2023 17:33:09 - INFO - utils.common - result = {'f1score': 0.9608568997227415, 'acc': 0.96125, 'precision': 0.963691029157039, 'recall': 0.9586955292005399}
12/20/2023 17:33:09 - INFO - __main__ - Epoch:28, Train Accuracy:0.96125, f1:0.9608568997227415

Epoch: [28][0/7]	
12/20/2023 17:33:26 - INFO - utils.common - 计算 f1 score ing...
12/20/2023 17:33:26 - INFO - utils.common - F1score = 0.9588457621672118
12/20/2023 17:33:26 - INFO - utils.common - 计算 accuracy ing...
12/20/2023 17:33:26 - INFO - utils.common - acc = 0.95855
12/20/2023 17:33:26 - INFO - utils.common - 计算 precision ing...
12/20/2023 17:33:26 - INFO - utils.common - precision = 0.9605556550243359
12/20/2023 17:33:26 - INFO - utils.common - 计算 recall ing...
12/20/2023 17:33:26 - INFO - utils.common - result = {'f1score': 0.9588457621672118, 'acc': 0.95855, 'precision': 0.9605556550243359, 'recall': 0.9581541833384011}
12/20/2023 17:33:26 - INFO - __main__ - Epoch:28, Val Accuracy:0.95855, f1:0.9588457621672118

12/20/2023 17:33:26 - INFO - __main__ - lr:2.8683631183645395e-05
12/20/2023 17:33:26 - INFO - __main__ - ==========Epoch:29==========
Save best weights
12/20/2023 17:33:32 - INFO - utils.common - 计算 f1 score ing...
12/20/2023 17:33:32 - INFO - utils.common - F1score = 0.9564309399635113
12/20/2023 17:33:32 - INFO - utils.common - 计算 accuracy ing...
12/20/2023 17:33:32 - INFO - utils.common - acc = 0.9575
12/20/2023 17:33:32 - INFO - utils.common - 计算 precision ing...
12/20/2023 17:33:32 - INFO - utils.common - precision = 0.9595335500144668
12/20/2023 17:33:32 - INFO - utils.common - 计算 recall ing...
12/20/2023 17:33:32 - INFO - utils.common - result = {'f1score': 0.9564309399635113, 'acc': 0.9575, 'precision': 0.9595335500144668, 'recall': 0.9542903260774511}
12/20/2023 17:33:32 - INFO - __main__ - Epoch:29, Train Accuracy:0.9575, f1:0.9564309399635113

Epoch: [29][0/7]	
12/20/2023 17:33:48 - INFO - utils.common - 计算 f1 score ing...
12/20/2023 17:33:48 - INFO - utils.common - F1score = 0.9592192984407151
12/20/2023 17:33:48 - INFO - utils.common - 计算 accuracy ing...
12/20/2023 17:33:48 - INFO - utils.common - acc = 0.9589
12/20/2023 17:33:48 - INFO - utils.common - 计算 precision ing...
12/20/2023 17:33:48 - INFO - utils.common - precision = 0.9610365838958964
12/20/2023 17:33:48 - INFO - utils.common - 计算 recall ing...
12/20/2023 17:33:48 - INFO - utils.common - result = {'f1score': 0.9592192984407151, 'acc': 0.9589, 'precision': 0.9610365838958964, 'recall': 0.9584192492810869}
12/20/2023 17:33:48 - INFO - __main__ - Epoch:29, Val Accuracy:0.9589, f1:0.9592192984407151

12/20/2023 17:33:48 - INFO - __main__ - lr:0.0003
12/20/2023 17:33:48 - INFO - __main__ - ==========Epoch:30==========
Save best weights
12/20/2023 17:33:54 - INFO - utils.common - 计算 f1 score ing...
12/20/2023 17:33:54 - INFO - utils.common - F1score = 0.9622843418274317
12/20/2023 17:33:54 - INFO - utils.common - 计算 accuracy ing...
12/20/2023 17:33:54 - INFO - utils.common - acc = 0.96375
12/20/2023 17:33:54 - INFO - utils.common - 计算 precision ing...
12/20/2023 17:33:54 - INFO - utils.common - precision = 0.9654655911170114
12/20/2023 17:33:54 - INFO - utils.common - 计算 recall ing...
12/20/2023 17:33:54 - INFO - utils.common - result = {'f1score': 0.9622843418274317, 'acc': 0.96375, 'precision': 0.9654655911170114, 'recall': 0.9600106223721041}
12/20/2023 17:33:54 - INFO - __main__ - Epoch:30, Train Accuracy:0.96375, f1:0.9622843418274317

Epoch: [30][0/7]	
12/20/2023 17:34:11 - INFO - utils.common - 计算 f1 score ing...
12/20/2023 17:34:11 - INFO - utils.common - F1score = 0.9611112164435571
12/20/2023 17:34:11 - INFO - utils.common - 计算 accuracy ing...
12/20/2023 17:34:11 - INFO - utils.common - acc = 0.9608
12/20/2023 17:34:11 - INFO - utils.common - 计算 precision ing...
12/20/2023 17:34:11 - INFO - utils.common - precision = 0.9628574080643786
12/20/2023 17:34:11 - INFO - utils.common - 计算 recall ing...
12/20/2023 17:34:11 - INFO - utils.common - result = {'f1score': 0.9611112164435571, 'acc': 0.9608, 'precision': 0.9628574080643786, 'recall': 0.960216906989064}
12/20/2023 17:34:11 - INFO - __main__ - Epoch:30, Val Accuracy:0.9608, f1:0.9611112164435571

12/20/2023 17:34:11 - INFO - __main__ - lr:0.00027135636881635457
12/20/2023 17:34:11 - INFO - __main__ - ==========Epoch:31==========
Save best weights
12/20/2023 17:34:17 - INFO - utils.common - 计算 f1 score ing...
12/20/2023 17:34:17 - INFO - utils.common - F1score = 0.9548772100070363
12/20/2023 17:34:17 - INFO - utils.common - 计算 accuracy ing...
12/20/2023 17:34:17 - INFO - utils.common - acc = 0.95625
12/20/2023 17:34:17 - INFO - utils.common - 计算 precision ing...
12/20/2023 17:34:17 - INFO - utils.common - precision = 0.959468682195786
12/20/2023 17:34:17 - INFO - utils.common - 计算 recall ing...
12/20/2023 17:34:17 - INFO - utils.common - result = {'f1score': 0.9548772100070363, 'acc': 0.95625, 'precision': 0.959468682195786, 'recall': 0.9522659387205596}
12/20/2023 17:34:17 - INFO - __main__ - Epoch:31, Train Accuracy:0.95625, f1:0.9548772100070363

Epoch: [31][0/7]	
12/20/2023 17:34:34 - INFO - utils.common - 计算 f1 score ing...
12/20/2023 17:34:34 - INFO - utils.common - F1score = 0.9613869557626799
12/20/2023 17:34:34 - INFO - utils.common - 计算 accuracy ing...
12/20/2023 17:34:34 - INFO - utils.common - acc = 0.961
12/20/2023 17:34:34 - INFO - utils.common - 计算 precision ing...
12/20/2023 17:34:34 - INFO - utils.common - precision = 0.9632682836691637
12/20/2023 17:34:34 - INFO - utils.common - 计算 recall ing...
12/20/2023 17:34:34 - INFO - utils.common - result = {'f1score': 0.9613869557626799, 'acc': 0.961, 'precision': 0.9632682836691637, 'recall': 0.9604896504921092}
12/20/2023 17:34:34 - INFO - __main__ - Epoch:31, Val Accuracy:0.961, f1:0.9613869557626799

12/20/2023 17:34:34 - INFO - __main__ - lr:0.0001963663688163546
12/20/2023 17:34:34 - INFO - __main__ - ==========Epoch:32==========
Save best weights
12/20/2023 17:34:39 - INFO - utils.common - 计算 f1 score ing...
12/20/2023 17:34:39 - INFO - utils.common - F1score = 0.960414429900055
12/20/2023 17:34:39 - INFO - utils.common - 计算 accuracy ing...
12/20/2023 17:34:39 - INFO - utils.common - acc = 0.96125
12/20/2023 17:34:39 - INFO - utils.common - 计算 precision ing...
12/20/2023 17:34:39 - INFO - utils.common - precision = 0.963818530900564
12/20/2023 17:34:39 - INFO - utils.common - 计算 recall ing...
12/20/2023 17:34:39 - INFO - utils.common - result = {'f1score': 0.960414429900055, 'acc': 0.96125, 'precision': 0.963818530900564, 'recall': 0.9579843704772107}
12/20/2023 17:34:39 - INFO - __main__ - Epoch:32, Train Accuracy:0.96125, f1:0.960414429900055

Epoch: [32][0/7]	
12/20/2023 17:34:57 - INFO - utils.common - 计算 f1 score ing...
12/20/2023 17:34:57 - INFO - utils.common - F1score = 0.962183094866991
12/20/2023 17:34:57 - INFO - utils.common - 计算 accuracy ing...
12/20/2023 17:34:57 - INFO - utils.common - acc = 0.9618
12/20/2023 17:34:57 - INFO - utils.common - 计算 precision ing...
12/20/2023 17:34:57 - INFO - utils.common - precision = 0.9639361748844141
12/20/2023 17:34:57 - INFO - utils.common - 计算 recall ing...
12/20/2023 17:34:57 - INFO - utils.common - result = {'f1score': 0.962183094866991, 'acc': 0.9618, 'precision': 0.9639361748844141, 'recall': 0.9613854521348677}
12/20/2023 17:34:57 - INFO - __main__ - Epoch:32, Val Accuracy:0.9618, f1:0.962183094866991

12/20/2023 17:34:57 - INFO - __main__ - lr:0.0001036736311836454
12/20/2023 17:34:57 - INFO - __main__ - ==========Epoch:33==========
Save best weights
12/20/2023 17:35:02 - INFO - utils.common - 计算 f1 score ing...
12/20/2023 17:35:02 - INFO - utils.common - F1score = 0.9697058206221213
12/20/2023 17:35:02 - INFO - utils.common - 计算 accuracy ing...
12/20/2023 17:35:02 - INFO - utils.common - acc = 0.97
12/20/2023 17:35:02 - INFO - utils.common - 计算 precision ing...
12/20/2023 17:35:02 - INFO - utils.common - precision = 0.971408885036198
12/20/2023 17:35:02 - INFO - utils.common - 计算 recall ing...
12/20/2023 17:35:02 - INFO - utils.common - result = {'f1score': 0.9697058206221213, 'acc': 0.97, 'precision': 0.971408885036198, 'recall': 0.968303248069495}
12/20/2023 17:35:02 - INFO - __main__ - Epoch:33, Train Accuracy:0.97, f1:0.9697058206221213

Epoch: [33][0/7]	
12/20/2023 17:35:20 - INFO - utils.common - 计算 f1 score ing...
12/20/2023 17:35:20 - INFO - utils.common - F1score = 0.962460444093084
12/20/2023 17:35:20 - INFO - utils.common - 计算 accuracy ing...
12/20/2023 17:35:20 - INFO - utils.common - acc = 0.962
12/20/2023 17:35:20 - INFO - utils.common - 计算 precision ing...
12/20/2023 17:35:20 - INFO - utils.common - precision = 0.9642093122717422
12/20/2023 17:35:20 - INFO - utils.common - 计算 recall ing...
12/20/2023 17:35:20 - INFO - utils.common - result = {'f1score': 0.962460444093084, 'acc': 0.962, 'precision': 0.9642093122717422, 'recall': 0.9615847198700023}
12/20/2023 17:35:20 - INFO - __main__ - Epoch:33, Val Accuracy:0.962, f1:0.962460444093084

12/20/2023 17:35:20 - INFO - __main__ - lr:2.8683631183645395e-05
12/20/2023 17:35:21 - INFO - __main__ - ==========Epoch:34==========
Save best weights
12/20/2023 17:35:26 - INFO - utils.common - 计算 f1 score ing...
12/20/2023 17:35:26 - INFO - utils.common - F1score = 0.965062866284273
12/20/2023 17:35:26 - INFO - utils.common - 计算 accuracy ing...
12/20/2023 17:35:26 - INFO - utils.common - acc = 0.96625
12/20/2023 17:35:26 - INFO - utils.common - 计算 precision ing...
12/20/2023 17:35:26 - INFO - utils.common - precision = 0.9679905124259486
12/20/2023 17:35:26 - INFO - utils.common - 计算 recall ing...
12/20/2023 17:35:26 - INFO - utils.common - result = {'f1score': 0.965062866284273, 'acc': 0.96625, 'precision': 0.9679905124259486, 'recall': 0.9631230569696321}
12/20/2023 17:35:26 - INFO - __main__ - Epoch:34, Train Accuracy:0.96625, f1:0.965062866284273

Epoch: [34][0/7]	
12/20/2023 17:35:44 - INFO - utils.common - 计算 f1 score ing...
12/20/2023 17:35:44 - INFO - utils.common - F1score = 0.9629296014389759
12/20/2023 17:35:44 - INFO - utils.common - 计算 accuracy ing...
12/20/2023 17:35:44 - INFO - utils.common - acc = 0.96255
12/20/2023 17:35:44 - INFO - utils.common - 计算 precision ing...
12/20/2023 17:35:44 - INFO - utils.common - precision = 0.9642509300998923
12/20/2023 17:35:44 - INFO - utils.common - 计算 recall ing...
12/20/2023 17:35:44 - INFO - utils.common - result = {'f1score': 0.9629296014389759, 'acc': 0.96255, 'precision': 0.9642509300998923, 'recall': 0.9623276658553382}
12/20/2023 17:35:44 - INFO - __main__ - Epoch:34, Val Accuracy:0.96255, f1:0.9629296014389759

12/20/2023 17:35:44 - INFO - __main__ - lr:0.0003
12/20/2023 17:35:44 - INFO - __main__ - ==========Epoch:35==========
Save best weights
12/20/2023 17:35:50 - INFO - utils.common - 计算 f1 score ing...
12/20/2023 17:35:50 - INFO - utils.common - F1score = 0.9652195532135802
12/20/2023 17:35:50 - INFO - utils.common - 计算 accuracy ing...
12/20/2023 17:35:50 - INFO - utils.common - acc = 0.96625
12/20/2023 17:35:50 - INFO - utils.common - 计算 precision ing...
12/20/2023 17:35:50 - INFO - utils.common - precision = 0.9660881485084766
12/20/2023 17:35:50 - INFO - utils.common - 计算 recall ing...
12/20/2023 17:35:50 - INFO - utils.common - result = {'f1score': 0.9652195532135802, 'acc': 0.96625, 'precision': 0.9660881485084766, 'recall': 0.9646782680881112}
12/20/2023 17:35:50 - INFO - __main__ - Epoch:35, Train Accuracy:0.96625, f1:0.9652195532135802

Epoch: [35][0/7]	
12/20/2023 17:36:07 - INFO - utils.common - 计算 f1 score ing...
12/20/2023 17:36:08 - INFO - utils.common - F1score = 0.9638421983613098
12/20/2023 17:36:08 - INFO - utils.common - 计算 accuracy ing...
12/20/2023 17:36:08 - INFO - utils.common - acc = 0.96345
12/20/2023 17:36:08 - INFO - utils.common - 计算 precision ing...
12/20/2023 17:36:08 - INFO - utils.common - precision = 0.9652425680576986
12/20/2023 17:36:08 - INFO - utils.common - 计算 recall ing...
12/20/2023 17:36:08 - INFO - utils.common - result = {'f1score': 0.9638421983613098, 'acc': 0.96345, 'precision': 0.9652425680576986, 'recall': 0.9631579069726571}
12/20/2023 17:36:08 - INFO - __main__ - Epoch:35, Val Accuracy:0.96345, f1:0.9638421983613098

12/20/2023 17:36:08 - INFO - __main__ - lr:0.00027135636881635457
12/20/2023 17:36:08 - INFO - __main__ - ==========Epoch:36==========
Save best weights
12/20/2023 17:36:13 - INFO - utils.common - 计算 f1 score ing...
12/20/2023 17:36:13 - INFO - utils.common - F1score = 0.9667845776614915
12/20/2023 17:36:13 - INFO - utils.common - 计算 accuracy ing...
12/20/2023 17:36:13 - INFO - utils.common - acc = 0.9675
12/20/2023 17:36:13 - INFO - utils.common - 计算 precision ing...
12/20/2023 17:36:13 - INFO - utils.common - precision = 0.9690199390353416
12/20/2023 17:36:13 - INFO - utils.common - 计算 recall ing...
12/20/2023 17:36:13 - INFO - utils.common - result = {'f1score': 0.9667845776614915, 'acc': 0.9675, 'precision': 0.9690199390353416, 'recall': 0.9649206824087185}
12/20/2023 17:36:13 - INFO - __main__ - Epoch:36, Train Accuracy:0.9675, f1:0.9667845776614915

Epoch: [36][0/7]	
12/20/2023 17:36:30 - INFO - utils.common - 计算 f1 score ing...
12/20/2023 17:36:30 - INFO - utils.common - F1score = 0.964666459313122
12/20/2023 17:36:30 - INFO - utils.common - 计算 accuracy ing...
12/20/2023 17:36:30 - INFO - utils.common - acc = 0.9642
12/20/2023 17:36:30 - INFO - utils.common - 计算 precision ing...
12/20/2023 17:36:30 - INFO - utils.common - precision = 0.9662267420041011
12/20/2023 17:36:30 - INFO - utils.common - 计算 recall ing...
12/20/2023 17:36:30 - INFO - utils.common - result = {'f1score': 0.964666459313122, 'acc': 0.9642, 'precision': 0.9662267420041011, 'recall': 0.9638006143083894}
12/20/2023 17:36:30 - INFO - __main__ - Epoch:36, Val Accuracy:0.9642, f1:0.964666459313122

12/20/2023 17:36:30 - INFO - __main__ - lr:0.0001963663688163546
12/20/2023 17:36:30 - INFO - __main__ - ==========Epoch:37==========
Save best weights
12/20/2023 17:36:36 - INFO - utils.common - 计算 f1 score ing...
12/20/2023 17:36:36 - INFO - utils.common - F1score = 0.9593410508919951
12/20/2023 17:36:36 - INFO - utils.common - 计算 accuracy ing...
12/20/2023 17:36:36 - INFO - utils.common - acc = 0.96
12/20/2023 17:36:36 - INFO - utils.common - 计算 precision ing...
12/20/2023 17:36:36 - INFO - utils.common - precision = 0.9614486085229709
12/20/2023 17:36:36 - INFO - utils.common - 计算 recall ing...
12/20/2023 17:36:36 - INFO - utils.common - result = {'f1score': 0.9593410508919951, 'acc': 0.96, 'precision': 0.9614486085229709, 'recall': 0.9581923445060916}
12/20/2023 17:36:36 - INFO - __main__ - Epoch:37, Train Accuracy:0.96, f1:0.9593410508919951

Epoch: [37][0/7]	
12/20/2023 17:36:53 - INFO - utils.common - 计算 f1 score ing...
12/20/2023 17:36:53 - INFO - utils.common - F1score = 0.9651746035351388
12/20/2023 17:36:53 - INFO - utils.common - 计算 accuracy ing...
12/20/2023 17:36:53 - INFO - utils.common - acc = 0.96475
12/20/2023 17:36:53 - INFO - utils.common - 计算 precision ing...
12/20/2023 17:36:54 - INFO - utils.common - precision = 0.9668460936626107
12/20/2023 17:36:54 - INFO - utils.common - 计算 recall ing...
12/20/2023 17:36:54 - INFO - utils.common - result = {'f1score': 0.9651746035351388, 'acc': 0.96475, 'precision': 0.9668460936626107, 'recall': 0.9642503032138043}
12/20/2023 17:36:54 - INFO - __main__ - Epoch:37, Val Accuracy:0.96475, f1:0.9651746035351388

12/20/2023 17:36:54 - INFO - __main__ - lr:0.0001036736311836454
12/20/2023 17:36:54 - INFO - __main__ - ==========Epoch:38==========
Save best weights
12/20/2023 17:36:59 - INFO - utils.common - 计算 f1 score ing...
12/20/2023 17:36:59 - INFO - utils.common - F1score = 0.9723959219064864
12/20/2023 17:36:59 - INFO - utils.common - 计算 accuracy ing...
12/20/2023 17:36:59 - INFO - utils.common - acc = 0.9725
12/20/2023 17:36:59 - INFO - utils.common - 计算 precision ing...
12/20/2023 17:36:59 - INFO - utils.common - precision = 0.9741924516314762
12/20/2023 17:36:59 - INFO - utils.common - 计算 recall ing...
12/20/2023 17:36:59 - INFO - utils.common - result = {'f1score': 0.9723959219064864, 'acc': 0.9725, 'precision': 0.9741924516314762, 'recall': 0.9708311361499009}
12/20/2023 17:36:59 - INFO - __main__ - Epoch:38, Train Accuracy:0.9725, f1:0.9723959219064864

Epoch: [38][0/7]	
12/20/2023 17:37:17 - INFO - utils.common - 计算 f1 score ing...
12/20/2023 17:37:17 - INFO - utils.common - F1score = 0.9655432671827682
12/20/2023 17:37:17 - INFO - utils.common - 计算 accuracy ing...
12/20/2023 17:37:17 - INFO - utils.common - acc = 0.9652
12/20/2023 17:37:17 - INFO - utils.common - 计算 precision ing...
12/20/2023 17:37:17 - INFO - utils.common - precision = 0.967028666273383
12/20/2023 17:37:17 - INFO - utils.common - 计算 recall ing...
12/20/2023 17:37:17 - INFO - utils.common - result = {'f1score': 0.9655432671827682, 'acc': 0.9652, 'precision': 0.967028666273383, 'recall': 0.9646744200528183}
12/20/2023 17:37:17 - INFO - __main__ - Epoch:38, Val Accuracy:0.9652, f1:0.9655432671827682

12/20/2023 17:37:17 - INFO - __main__ - lr:2.8683631183645395e-05
12/20/2023 17:37:17 - INFO - __main__ - ==========Epoch:39==========
Save best weights
12/20/2023 17:37:22 - INFO - utils.common - 计算 f1 score ing...
12/20/2023 17:37:22 - INFO - utils.common - F1score = 0.9673433827142982
12/20/2023 17:37:22 - INFO - utils.common - 计算 accuracy ing...
12/20/2023 17:37:22 - INFO - utils.common - acc = 0.9675
12/20/2023 17:37:22 - INFO - utils.common - 计算 precision ing...
12/20/2023 17:37:22 - INFO - utils.common - precision = 0.970113401886327
12/20/2023 17:37:22 - INFO - utils.common - 计算 recall ing...
12/20/2023 17:37:22 - INFO - utils.common - result = {'f1score': 0.9673433827142982, 'acc': 0.9675, 'precision': 0.970113401886327, 'recall': 0.9652013983358528}
12/20/2023 17:37:22 - INFO - __main__ - Epoch:39, Train Accuracy:0.9675, f1:0.9673433827142982

Epoch: [39][0/7]	
12/20/2023 17:37:40 - INFO - utils.common - 计算 f1 score ing...
12/20/2023 17:37:40 - INFO - utils.common - F1score = 0.9657865237742885
12/20/2023 17:37:40 - INFO - utils.common - 计算 accuracy ing...
12/20/2023 17:37:40 - INFO - utils.common - acc = 0.9654
12/20/2023 17:37:40 - INFO - utils.common - 计算 precision ing...
12/20/2023 17:37:40 - INFO - utils.common - precision = 0.9672839966389897
12/20/2023 17:37:40 - INFO - utils.common - 计算 recall ing...
12/20/2023 17:37:40 - INFO - utils.common - result = {'f1score': 0.9657865237742885, 'acc': 0.9654, 'precision': 0.9672839966389897, 'recall': 0.9649485586940705}
12/20/2023 17:37:40 - INFO - __main__ - Epoch:39, Val Accuracy:0.9654, f1:0.9657865237742885

12/20/2023 17:37:40 - INFO - __main__ - lr:0.0003
Save best weights
Test
12/20/2023 17:37:46 - INFO - utils.common - 计算 f1 score ing...
12/20/2023 17:37:46 - INFO - utils.common - F1score = 0.9274861107478772
12/20/2023 17:37:46 - INFO - utils.common - 计算 accuracy ing...
12/20/2023 17:37:46 - INFO - utils.common - acc = 0.9530640668523677
12/20/2023 17:37:46 - INFO - utils.common - 计算 precision ing...
12/20/2023 17:37:46 - INFO - utils.common - precision = 0.9483909439561233
12/20/2023 17:37:46 - INFO - utils.common - 计算 recall ing...
12/20/2023 17:37:46 - INFO - utils.common - result = {'f1score': 0.9274861107478772, 'acc': 0.9530640668523677, 'precision': 0.9483909439561233, 'recall': 0.9239175084943854}
12/20/2023 17:37:46 - INFO - __main__ - test_f1:0.9274861107478772, test_acc:0.9530640668523677, test_precision:0.9483909439561233, test_recall:0.9239175084943854
12/20/2023 17:37:46 - INFO - __main__ - Finish fine-turning...
