nohup: ignoring input
12/21/2023 13:05:57 - INFO - __main__ - 设置 seed 为:  3
12/21/2023 13:05:57 - INFO - __main__ - Start fine-turning...
12/21/2023 13:06:02 - INFO - __main__ - ==========Epoch:0==========
=> no checkpoint found at '
12/21/2023 13:08:51 - INFO - utils.common - 计算 f1 score ing...
12/21/2023 13:08:52 - INFO - utils.common - F1score = 0.7422579885618932
12/21/2023 13:08:52 - INFO - utils.common - 计算 accuracy ing...
12/21/2023 13:08:52 - INFO - utils.common - acc = 0.7456875
12/21/2023 13:08:52 - INFO - utils.common - 计算 precision ing...
12/21/2023 13:08:52 - INFO - utils.common - precision = 0.7525119918361359
12/21/2023 13:08:52 - INFO - utils.common - 计算 recall ing...
12/21/2023 13:08:52 - INFO - utils.common - result = {'f1score': 0.7422579885618932, 'acc': 0.7456875, 'precision': 0.7525119918361359, 'recall': 0.7392175139646353}
12/21/2023 13:08:52 - INFO - __main__ - Epoch:0, Train Accuracy:0.7456875, f1:0.7422579885618932

Epoch: [0][0/625]	
Epoch: [0][100/625]	
Epoch: [0][200/625]	
Epoch: [0][300/625]	
Epoch: [0][400/625]	
Epoch: [0][500/625]	
Epoch: [0][600/625]	
12/21/2023 13:09:07 - INFO - utils.common - 计算 f1 score ing...
12/21/2023 13:09:07 - INFO - utils.common - F1score = 0.926308208343161
12/21/2023 13:09:07 - INFO - utils.common - 计算 accuracy ing...
12/21/2023 13:09:07 - INFO - utils.common - acc = 0.927
12/21/2023 13:09:07 - INFO - utils.common - 计算 precision ing...
12/21/2023 13:09:07 - INFO - utils.common - precision = 0.930737052453369
12/21/2023 13:09:07 - INFO - utils.common - 计算 recall ing...
12/21/2023 13:09:07 - INFO - utils.common - result = {'f1score': 0.926308208343161, 'acc': 0.927, 'precision': 0.930737052453369, 'recall': 0.9235182917493867}
12/21/2023 13:09:07 - INFO - __main__ - Epoch:0, Val Accuracy:0.927, f1:0.926308208343161

12/21/2023 13:09:07 - INFO - __main__ - lr:0.00027135636881635457
12/21/2023 13:09:07 - INFO - __main__ - ==========Epoch:1==========
Save best weights
12/21/2023 13:11:55 - INFO - utils.common - 计算 f1 score ing...
12/21/2023 13:11:56 - INFO - utils.common - F1score = 0.8846440801949602
12/21/2023 13:11:56 - INFO - utils.common - 计算 accuracy ing...
12/21/2023 13:11:56 - INFO - utils.common - acc = 0.8863875
12/21/2023 13:11:56 - INFO - utils.common - 计算 precision ing...
12/21/2023 13:11:56 - INFO - utils.common - precision = 0.8856735897908954
12/21/2023 13:11:56 - INFO - utils.common - 计算 recall ing...
12/21/2023 13:11:57 - INFO - utils.common - result = {'f1score': 0.8846440801949602, 'acc': 0.8863875, 'precision': 0.8856735897908954, 'recall': 0.8839904188658553}
12/21/2023 13:11:57 - INFO - __main__ - Epoch:1, Train Accuracy:0.8863875, f1:0.8846440801949602

Epoch: [1][0/625]	
Epoch: [1][100/625]	
Epoch: [1][200/625]	
Epoch: [1][300/625]	
Epoch: [1][400/625]	
Epoch: [1][500/625]	
Epoch: [1][600/625]	
12/21/2023 13:12:11 - INFO - utils.common - 计算 f1 score ing...
12/21/2023 13:12:11 - INFO - utils.common - F1score = 0.9499049748022793
12/21/2023 13:12:11 - INFO - utils.common - 计算 accuracy ing...
12/21/2023 13:12:11 - INFO - utils.common - acc = 0.9502
12/21/2023 13:12:11 - INFO - utils.common - 计算 precision ing...
12/21/2023 13:12:11 - INFO - utils.common - precision = 0.951858394190379
12/21/2023 13:12:11 - INFO - utils.common - 计算 recall ing...
12/21/2023 13:12:11 - INFO - utils.common - result = {'f1score': 0.9499049748022793, 'acc': 0.9502, 'precision': 0.951858394190379, 'recall': 0.9484557007345911}
12/21/2023 13:12:11 - INFO - __main__ - Epoch:1, Val Accuracy:0.9502, f1:0.9499049748022793

12/21/2023 13:12:11 - INFO - __main__ - lr:0.0001963663688163546
12/21/2023 13:12:11 - INFO - __main__ - ==========Epoch:2==========
Save best weights
12/21/2023 13:14:35 - INFO - utils.common - 计算 f1 score ing...
12/21/2023 13:14:36 - INFO - utils.common - F1score = 0.904975227145796
12/21/2023 13:14:36 - INFO - utils.common - 计算 accuracy ing...
12/21/2023 13:14:36 - INFO - utils.common - acc = 0.9060625
12/21/2023 13:14:36 - INFO - utils.common - 计算 precision ing...
12/21/2023 13:14:36 - INFO - utils.common - precision = 0.9053778563876926
12/21/2023 13:14:36 - INFO - utils.common - 计算 recall ing...
12/21/2023 13:14:36 - INFO - utils.common - result = {'f1score': 0.904975227145796, 'acc': 0.9060625, 'precision': 0.9053778563876926, 'recall': 0.9047077132653357}
12/21/2023 13:14:36 - INFO - __main__ - Epoch:2, Train Accuracy:0.9060625, f1:0.904975227145796

Epoch: [2][0/625]	
Epoch: [2][100/625]	
Epoch: [2][200/625]	
Epoch: [2][300/625]	
Epoch: [2][400/625]	
Epoch: [2][500/625]	
Epoch: [2][600/625]	
12/21/2023 13:14:49 - INFO - utils.common - 计算 f1 score ing...
12/21/2023 13:14:49 - INFO - utils.common - F1score = 0.9563494899537592
12/21/2023 13:14:49 - INFO - utils.common - 计算 accuracy ing...
12/21/2023 13:14:49 - INFO - utils.common - acc = 0.95665
12/21/2023 13:14:49 - INFO - utils.common - 计算 precision ing...
12/21/2023 13:14:49 - INFO - utils.common - precision = 0.9576722478703983
12/21/2023 13:14:49 - INFO - utils.common - 计算 recall ing...
12/21/2023 13:14:49 - INFO - utils.common - result = {'f1score': 0.9563494899537592, 'acc': 0.95665, 'precision': 0.9576722478703983, 'recall': 0.9553481145686713}
12/21/2023 13:14:49 - INFO - __main__ - Epoch:2, Val Accuracy:0.95665, f1:0.9563494899537592

12/21/2023 13:14:49 - INFO - __main__ - lr:0.0001036736311836454
12/21/2023 13:14:49 - INFO - __main__ - ==========Epoch:3==========
Save best weights
12/21/2023 13:17:18 - INFO - utils.common - 计算 f1 score ing...
12/21/2023 13:17:18 - INFO - utils.common - F1score = 0.9124870686186033
12/21/2023 13:17:18 - INFO - utils.common - 计算 accuracy ing...
12/21/2023 13:17:18 - INFO - utils.common - acc = 0.91375
12/21/2023 13:17:18 - INFO - utils.common - 计算 precision ing...
12/21/2023 13:17:18 - INFO - utils.common - precision = 0.9129980492708696
12/21/2023 13:17:18 - INFO - utils.common - 计算 recall ing...
12/21/2023 13:17:18 - INFO - utils.common - result = {'f1score': 0.9124870686186033, 'acc': 0.91375, 'precision': 0.9129980492708696, 'recall': 0.9121123274561952}
12/21/2023 13:17:18 - INFO - __main__ - Epoch:3, Train Accuracy:0.91375, f1:0.9124870686186033

Epoch: [3][0/625]	
Epoch: [3][100/625]	
Epoch: [3][200/625]	
Epoch: [3][300/625]	
Epoch: [3][400/625]	
Epoch: [3][500/625]	
Epoch: [3][600/625]	
12/21/2023 13:17:31 - INFO - utils.common - 计算 f1 score ing...
12/21/2023 13:17:31 - INFO - utils.common - F1score = 0.9588906832086396
12/21/2023 13:17:31 - INFO - utils.common - 计算 accuracy ing...
12/21/2023 13:17:31 - INFO - utils.common - acc = 0.9592
12/21/2023 13:17:31 - INFO - utils.common - 计算 precision ing...
12/21/2023 13:17:31 - INFO - utils.common - precision = 0.959768952334589
12/21/2023 13:17:31 - INFO - utils.common - 计算 recall ing...
12/21/2023 13:17:31 - INFO - utils.common - result = {'f1score': 0.9588906832086396, 'acc': 0.9592, 'precision': 0.959768952334589, 'recall': 0.9581569059694337}
12/21/2023 13:17:31 - INFO - __main__ - Epoch:3, Val Accuracy:0.9592, f1:0.9588906832086396

12/21/2023 13:17:31 - INFO - __main__ - lr:2.8683631183645395e-05
12/21/2023 13:17:31 - INFO - __main__ - ==========Epoch:4==========
Save best weights
12/21/2023 13:19:50 - INFO - utils.common - 计算 f1 score ing...
12/21/2023 13:19:50 - INFO - utils.common - F1score = 0.9149985875266444
12/21/2023 13:19:50 - INFO - utils.common - 计算 accuracy ing...
12/21/2023 13:19:50 - INFO - utils.common - acc = 0.916075
12/21/2023 13:19:50 - INFO - utils.common - 计算 precision ing...
12/21/2023 13:19:50 - INFO - utils.common - precision = 0.9155164471673872
12/21/2023 13:19:50 - INFO - utils.common - 计算 recall ing...
12/21/2023 13:19:50 - INFO - utils.common - result = {'f1score': 0.9149985875266444, 'acc': 0.916075, 'precision': 0.9155164471673872, 'recall': 0.9146128530773111}
12/21/2023 13:19:50 - INFO - __main__ - Epoch:4, Train Accuracy:0.916075, f1:0.9149985875266444

Epoch: [4][0/625]	
Epoch: [4][100/625]	
Epoch: [4][200/625]	
Epoch: [4][300/625]	
Epoch: [4][400/625]	
Epoch: [4][500/625]	
Epoch: [4][600/625]	
12/21/2023 13:20:02 - INFO - utils.common - 计算 f1 score ing...
12/21/2023 13:20:02 - INFO - utils.common - F1score = 0.9600356405907132
12/21/2023 13:20:02 - INFO - utils.common - 计算 accuracy ing...
12/21/2023 13:20:02 - INFO - utils.common - acc = 0.9603
12/21/2023 13:20:02 - INFO - utils.common - 计算 precision ing...
12/21/2023 13:20:02 - INFO - utils.common - precision = 0.9608475528629256
12/21/2023 13:20:02 - INFO - utils.common - 计算 recall ing...
12/21/2023 13:20:03 - INFO - utils.common - result = {'f1score': 0.9600356405907132, 'acc': 0.9603, 'precision': 0.9608475528629256, 'recall': 0.9593726045575762}
12/21/2023 13:20:03 - INFO - __main__ - Epoch:4, Val Accuracy:0.9603, f1:0.9600356405907132

12/21/2023 13:20:03 - INFO - __main__ - lr:0.0003
12/21/2023 13:20:03 - INFO - __main__ - ==========Epoch:5==========
Save best weights
12/21/2023 13:22:18 - INFO - utils.common - 计算 f1 score ing...
12/21/2023 13:22:19 - INFO - utils.common - F1score = 0.9209599392318205
12/21/2023 13:22:19 - INFO - utils.common - 计算 accuracy ing...
12/21/2023 13:22:19 - INFO - utils.common - acc = 0.9220125
12/21/2023 13:22:19 - INFO - utils.common - 计算 precision ing...
12/21/2023 13:22:19 - INFO - utils.common - precision = 0.9214674741974473
12/21/2023 13:22:19 - INFO - utils.common - 计算 recall ing...
12/21/2023 13:22:19 - INFO - utils.common - result = {'f1score': 0.9209599392318205, 'acc': 0.9220125, 'precision': 0.9214674741974473, 'recall': 0.9205706750187734}
12/21/2023 13:22:19 - INFO - __main__ - Epoch:5, Train Accuracy:0.9220125, f1:0.9209599392318205

Epoch: [5][0/625]	
Epoch: [5][100/625]	
Epoch: [5][200/625]	
Epoch: [5][300/625]	
Epoch: [5][400/625]	
Epoch: [5][500/625]	
Epoch: [5][600/625]	
12/21/2023 13:22:32 - INFO - utils.common - 计算 f1 score ing...
12/21/2023 13:22:32 - INFO - utils.common - F1score = 0.9641696309622145
12/21/2023 13:22:32 - INFO - utils.common - 计算 accuracy ing...
12/21/2023 13:22:32 - INFO - utils.common - acc = 0.96445
12/21/2023 13:22:32 - INFO - utils.common - 计算 precision ing...
12/21/2023 13:22:32 - INFO - utils.common - precision = 0.965258019801685
12/21/2023 13:22:32 - INFO - utils.common - 计算 recall ing...
12/21/2023 13:22:32 - INFO - utils.common - result = {'f1score': 0.9641696309622145, 'acc': 0.96445, 'precision': 0.965258019801685, 'recall': 0.9632774382623683}
12/21/2023 13:22:32 - INFO - __main__ - Epoch:5, Val Accuracy:0.96445, f1:0.9641696309622145

12/21/2023 13:22:32 - INFO - __main__ - lr:0.00027135636881635457
12/21/2023 13:22:32 - INFO - __main__ - ==========Epoch:6==========
Save best weights
12/21/2023 13:24:49 - INFO - utils.common - 计算 f1 score ing...
12/21/2023 13:24:49 - INFO - utils.common - F1score = 0.9277344861611314
12/21/2023 13:24:49 - INFO - utils.common - 计算 accuracy ing...
12/21/2023 13:24:49 - INFO - utils.common - acc = 0.9285875
12/21/2023 13:24:49 - INFO - utils.common - 计算 precision ing...
12/21/2023 13:24:49 - INFO - utils.common - precision = 0.9282087158842869
12/21/2023 13:24:49 - INFO - utils.common - 计算 recall ing...
12/21/2023 13:24:49 - INFO - utils.common - result = {'f1score': 0.9277344861611314, 'acc': 0.9285875, 'precision': 0.9282087158842869, 'recall': 0.927347174730886}
12/21/2023 13:24:49 - INFO - __main__ - Epoch:6, Train Accuracy:0.9285875, f1:0.9277344861611314

Epoch: [6][0/625]	
Epoch: [6][100/625]	
Epoch: [6][200/625]	
Epoch: [6][300/625]	
Epoch: [6][400/625]	
Epoch: [6][500/625]	
Epoch: [6][600/625]	
12/21/2023 13:25:02 - INFO - utils.common - 计算 f1 score ing...
12/21/2023 13:25:02 - INFO - utils.common - F1score = 0.9675157030757755
12/21/2023 13:25:02 - INFO - utils.common - 计算 accuracy ing...
12/21/2023 13:25:02 - INFO - utils.common - acc = 0.9678
12/21/2023 13:25:02 - INFO - utils.common - 计算 precision ing...
12/21/2023 13:25:02 - INFO - utils.common - precision = 0.9681803953983376
12/21/2023 13:25:02 - INFO - utils.common - 计算 recall ing...
12/21/2023 13:25:03 - INFO - utils.common - result = {'f1score': 0.9675157030757755, 'acc': 0.9678, 'precision': 0.9681803953983376, 'recall': 0.9670232350439709}
12/21/2023 13:25:03 - INFO - __main__ - Epoch:6, Val Accuracy:0.9678, f1:0.9675157030757755

12/21/2023 13:25:03 - INFO - __main__ - lr:0.0001963663688163546
12/21/2023 13:25:03 - INFO - __main__ - ==========Epoch:7==========
Save best weights
12/21/2023 13:27:20 - INFO - utils.common - 计算 f1 score ing...
12/21/2023 13:27:20 - INFO - utils.common - F1score = 0.9330279722120264
12/21/2023 13:27:20 - INFO - utils.common - 计算 accuracy ing...
12/21/2023 13:27:20 - INFO - utils.common - acc = 0.9340625
12/21/2023 13:27:20 - INFO - utils.common - 计算 precision ing...
12/21/2023 13:27:20 - INFO - utils.common - precision = 0.9334324142881878
12/21/2023 13:27:20 - INFO - utils.common - 计算 recall ing...
12/21/2023 13:27:21 - INFO - utils.common - result = {'f1score': 0.9330279722120264, 'acc': 0.9340625, 'precision': 0.9334324142881878, 'recall': 0.9327110835830908}
12/21/2023 13:27:21 - INFO - __main__ - Epoch:7, Train Accuracy:0.9340625, f1:0.9330279722120264

Epoch: [7][0/625]	
Epoch: [7][100/625]	
Epoch: [7][200/625]	
Epoch: [7][300/625]	
Epoch: [7][400/625]	
Epoch: [7][500/625]	
Epoch: [7][600/625]	
12/21/2023 13:27:34 - INFO - utils.common - 计算 f1 score ing...
12/21/2023 13:27:34 - INFO - utils.common - F1score = 0.9702065432096805
12/21/2023 13:27:34 - INFO - utils.common - 计算 accuracy ing...
12/21/2023 13:27:34 - INFO - utils.common - acc = 0.97025
12/21/2023 13:27:34 - INFO - utils.common - 计算 precision ing...
12/21/2023 13:27:34 - INFO - utils.common - precision = 0.9707665202480674
12/21/2023 13:27:34 - INFO - utils.common - 计算 recall ing...
12/21/2023 13:27:34 - INFO - utils.common - result = {'f1score': 0.9702065432096805, 'acc': 0.97025, 'precision': 0.9707665202480674, 'recall': 0.9697700203604656}
12/21/2023 13:27:34 - INFO - __main__ - Epoch:7, Val Accuracy:0.97025, f1:0.9702065432096805

12/21/2023 13:27:34 - INFO - __main__ - lr:0.0001036736311836454
12/21/2023 13:27:34 - INFO - __main__ - ==========Epoch:8==========
Save best weights
12/21/2023 13:29:53 - INFO - utils.common - 计算 f1 score ing...
12/21/2023 13:29:53 - INFO - utils.common - F1score = 0.9352940543180179
12/21/2023 13:29:53 - INFO - utils.common - 计算 accuracy ing...
12/21/2023 13:29:53 - INFO - utils.common - acc = 0.9361375
12/21/2023 13:29:53 - INFO - utils.common - 计算 precision ing...
12/21/2023 13:29:53 - INFO - utils.common - precision = 0.935677376798921
12/21/2023 13:29:53 - INFO - utils.common - 计算 recall ing...
12/21/2023 13:29:54 - INFO - utils.common - result = {'f1score': 0.9352940543180179, 'acc': 0.9361375, 'precision': 0.935677376798921, 'recall': 0.9349985862639338}
12/21/2023 13:29:54 - INFO - __main__ - Epoch:8, Train Accuracy:0.9361375, f1:0.9352940543180179

Epoch: [8][0/625]	
Epoch: [8][100/625]	
Epoch: [8][200/625]	
Epoch: [8][300/625]	
Epoch: [8][400/625]	
Epoch: [8][500/625]	
Epoch: [8][600/625]	
12/21/2023 13:30:05 - INFO - utils.common - 计算 f1 score ing...
12/21/2023 13:30:05 - INFO - utils.common - F1score = 0.9717319230203706
12/21/2023 13:30:05 - INFO - utils.common - 计算 accuracy ing...
12/21/2023 13:30:05 - INFO - utils.common - acc = 0.9719
12/21/2023 13:30:05 - INFO - utils.common - 计算 precision ing...
12/21/2023 13:30:05 - INFO - utils.common - precision = 0.9721143330600707
12/21/2023 13:30:05 - INFO - utils.common - 计算 recall ing...
12/21/2023 13:30:05 - INFO - utils.common - result = {'f1score': 0.9717319230203706, 'acc': 0.9719, 'precision': 0.9721143330600707, 'recall': 0.9714175003268009}
12/21/2023 13:30:05 - INFO - __main__ - Epoch:8, Val Accuracy:0.9719, f1:0.9717319230203706

12/21/2023 13:30:05 - INFO - __main__ - lr:2.8683631183645395e-05
12/21/2023 13:30:05 - INFO - __main__ - ==========Epoch:9==========
Save best weights
12/21/2023 13:32:22 - INFO - utils.common - 计算 f1 score ing...
12/21/2023 13:32:22 - INFO - utils.common - F1score = 0.9376373226605108
12/21/2023 13:32:22 - INFO - utils.common - 计算 accuracy ing...
12/21/2023 13:32:22 - INFO - utils.common - acc = 0.9384875
12/21/2023 13:32:22 - INFO - utils.common - 计算 precision ing...
12/21/2023 13:32:22 - INFO - utils.common - precision = 0.9378013435920506
12/21/2023 13:32:22 - INFO - utils.common - 计算 recall ing...
12/21/2023 13:32:22 - INFO - utils.common - result = {'f1score': 0.9376373226605108, 'acc': 0.9384875, 'precision': 0.9378013435920506, 'recall': 0.9375118785811208}
12/21/2023 13:32:22 - INFO - __main__ - Epoch:9, Train Accuracy:0.9384875, f1:0.9376373226605108

Epoch: [9][0/625]	
Epoch: [9][100/625]	
Epoch: [9][200/625]	
Epoch: [9][300/625]	
Epoch: [9][400/625]	
Epoch: [9][500/625]	
Epoch: [9][600/625]	
12/21/2023 13:32:35 - INFO - utils.common - 计算 f1 score ing...
12/21/2023 13:32:35 - INFO - utils.common - F1score = 0.9709471700679226
12/21/2023 13:32:35 - INFO - utils.common - 计算 accuracy ing...
12/21/2023 13:32:35 - INFO - utils.common - acc = 0.97105
12/21/2023 13:32:35 - INFO - utils.common - 计算 precision ing...
12/21/2023 13:32:35 - INFO - utils.common - precision = 0.9715984986751945
12/21/2023 13:32:35 - INFO - utils.common - 计算 recall ing...
12/21/2023 13:32:35 - INFO - utils.common - result = {'f1score': 0.9709471700679226, 'acc': 0.97105, 'precision': 0.9715984986751945, 'recall': 0.9704147124381718}
12/21/2023 13:32:35 - INFO - __main__ - Epoch:9, Val Accuracy:0.97105, f1:0.9709471700679226

12/21/2023 13:32:35 - INFO - __main__ - lr:0.0003
early_st 4
Test
12/21/2023 13:32:40 - INFO - utils.common - 计算 f1 score ing...
12/21/2023 13:32:40 - INFO - utils.common - F1score = 0.9106286541861012
12/21/2023 13:32:40 - INFO - utils.common - 计算 accuracy ing...
12/21/2023 13:32:41 - INFO - utils.common - acc = 0.9360724233983287
12/21/2023 13:32:41 - INFO - utils.common - 计算 precision ing...
12/21/2023 13:32:41 - INFO - utils.common - precision = 0.9118432591011241
12/21/2023 13:32:41 - INFO - utils.common - 计算 recall ing...
12/21/2023 13:32:41 - INFO - utils.common - result = {'f1score': 0.9106286541861012, 'acc': 0.9360724233983287, 'precision': 0.9118432591011241, 'recall': 0.9106753692623388}
12/21/2023 13:32:41 - INFO - __main__ - test_f1:0.9106286541861012, test_acc:0.9360724233983287, test_precision:0.9118432591011241, test_recall:0.9106753692623388
12/21/2023 13:32:41 - INFO - __main__ - Finish fine-turning...
