nohup: ignoring input
12/21/2023 08:53:36 - INFO - __main__ - 设置 seed 为:  2
12/21/2023 08:53:36 - INFO - __main__ - Start fine-turning...
12/21/2023 08:53:40 - INFO - __main__ - ==========Epoch:0==========
=> no checkpoint found at '
12/21/2023 08:53:46 - INFO - utils.common - 计算 f1 score ing...
12/21/2023 08:53:46 - INFO - utils.common - F1score = 0.07789945163100478
12/21/2023 08:53:46 - INFO - utils.common - 计算 accuracy ing...
12/21/2023 08:53:46 - INFO - utils.common - acc = 0.1
12/21/2023 08:53:46 - INFO - utils.common - 计算 precision ing...
12/21/2023 08:53:46 - INFO - utils.common - precision = 0.07376713045010357
12/21/2023 08:53:46 - INFO - utils.common - 计算 recall ing...
12/21/2023 08:53:46 - INFO - utils.common - result = {'f1score': 0.07789945163100478, 'acc': 0.1, 'precision': 0.07376713045010357, 'recall': 0.10012729396272918}
12/21/2023 08:53:46 - INFO - __main__ - Epoch:0, Train Accuracy:0.1, f1:0.07789945163100478

Epoch: [0][0/7]	
12/21/2023 08:53:59 - INFO - utils.common - 计算 f1 score ing...
12/21/2023 08:53:59 - INFO - utils.common - F1score = 0.048837898189295084
12/21/2023 08:53:59 - INFO - utils.common - 计算 accuracy ing...
12/21/2023 08:53:59 - INFO - utils.common - acc = 0.06645
12/21/2023 08:53:59 - INFO - utils.common - 计算 precision ing...
12/21/2023 08:53:59 - INFO - utils.common - precision = 0.05681592749544362
12/21/2023 08:53:59 - INFO - utils.common - 计算 recall ing...
12/21/2023 08:53:59 - INFO - utils.common - result = {'f1score': 0.048837898189295084, 'acc': 0.06645, 'precision': 0.05681592749544362, 'recall': 0.07252438025346744}
12/21/2023 08:53:59 - INFO - __main__ - Epoch:0, Val Accuracy:0.06645, f1:0.048837898189295084

12/21/2023 08:53:59 - INFO - __main__ - lr:0.00027135636881635457
12/21/2023 08:53:59 - INFO - __main__ - ==========Epoch:1==========
Save best weights
12/21/2023 08:54:04 - INFO - utils.common - 计算 f1 score ing...
12/21/2023 08:54:04 - INFO - utils.common - F1score = 0.08911589986410363
12/21/2023 08:54:04 - INFO - utils.common - 计算 accuracy ing...
12/21/2023 08:54:04 - INFO - utils.common - acc = 0.10875
12/21/2023 08:54:04 - INFO - utils.common - 计算 precision ing...
12/21/2023 08:54:04 - INFO - utils.common - precision = 0.08427613956802325
12/21/2023 08:54:04 - INFO - utils.common - 计算 recall ing...
12/21/2023 08:54:04 - INFO - utils.common - result = {'f1score': 0.08911589986410363, 'acc': 0.10875, 'precision': 0.08427613956802325, 'recall': 0.10140944933695618}
12/21/2023 08:54:04 - INFO - __main__ - Epoch:1, Train Accuracy:0.10875, f1:0.08911589986410363

Epoch: [1][0/7]	
12/21/2023 08:54:17 - INFO - utils.common - 计算 f1 score ing...
12/21/2023 08:54:17 - INFO - utils.common - F1score = 0.0944948670947339
12/21/2023 08:54:17 - INFO - utils.common - 计算 accuracy ing...
12/21/2023 08:54:17 - INFO - utils.common - acc = 0.11675
12/21/2023 08:54:17 - INFO - utils.common - 计算 precision ing...
12/21/2023 08:54:17 - INFO - utils.common - precision = 0.10395631712455909
12/21/2023 08:54:17 - INFO - utils.common - 计算 recall ing...
12/21/2023 08:54:17 - INFO - utils.common - result = {'f1score': 0.0944948670947339, 'acc': 0.11675, 'precision': 0.10395631712455909, 'recall': 0.1135234353763881}
12/21/2023 08:54:17 - INFO - __main__ - Epoch:1, Val Accuracy:0.11675, f1:0.0944948670947339

12/21/2023 08:54:17 - INFO - __main__ - lr:0.0001963663688163546
12/21/2023 08:54:17 - INFO - __main__ - ==========Epoch:2==========
Save best weights
12/21/2023 08:54:22 - INFO - utils.common - 计算 f1 score ing...
12/21/2023 08:54:22 - INFO - utils.common - F1score = 0.14588033979656917
12/21/2023 08:54:22 - INFO - utils.common - 计算 accuracy ing...
12/21/2023 08:54:22 - INFO - utils.common - acc = 0.17125
12/21/2023 08:54:22 - INFO - utils.common - 计算 precision ing...
12/21/2023 08:54:22 - INFO - utils.common - precision = 0.1603306391869886
12/21/2023 08:54:22 - INFO - utils.common - 计算 recall ing...
12/21/2023 08:54:22 - INFO - utils.common - result = {'f1score': 0.14588033979656917, 'acc': 0.17125, 'precision': 0.1603306391869886, 'recall': 0.15465301159435516}
12/21/2023 08:54:22 - INFO - __main__ - Epoch:2, Train Accuracy:0.17125, f1:0.14588033979656917

Epoch: [2][0/7]	
12/21/2023 08:54:41 - INFO - utils.common - 计算 f1 score ing...
12/21/2023 08:54:41 - INFO - utils.common - F1score = 0.13471959248588805
12/21/2023 08:54:41 - INFO - utils.common - 计算 accuracy ing...
12/21/2023 08:54:41 - INFO - utils.common - acc = 0.1749
12/21/2023 08:54:41 - INFO - utils.common - 计算 precision ing...
12/21/2023 08:54:41 - INFO - utils.common - precision = 0.1578286108782336
12/21/2023 08:54:41 - INFO - utils.common - 计算 recall ing...
12/21/2023 08:54:41 - INFO - utils.common - result = {'f1score': 0.13471959248588805, 'acc': 0.1749, 'precision': 0.1578286108782336, 'recall': 0.1656309726983487}
12/21/2023 08:54:41 - INFO - __main__ - Epoch:2, Val Accuracy:0.1749, f1:0.13471959248588805

12/21/2023 08:54:41 - INFO - __main__ - lr:0.0001036736311836454
12/21/2023 08:54:41 - INFO - __main__ - ==========Epoch:3==========
Save best weights
12/21/2023 08:54:47 - INFO - utils.common - 计算 f1 score ing...
12/21/2023 08:54:47 - INFO - utils.common - F1score = 0.18509909270547334
12/21/2023 08:54:47 - INFO - utils.common - 计算 accuracy ing...
12/21/2023 08:54:47 - INFO - utils.common - acc = 0.22125
12/21/2023 08:54:47 - INFO - utils.common - 计算 precision ing...
12/21/2023 08:54:47 - INFO - utils.common - precision = 0.19969336579873348
12/21/2023 08:54:47 - INFO - utils.common - 计算 recall ing...
12/21/2023 08:54:47 - INFO - utils.common - result = {'f1score': 0.18509909270547334, 'acc': 0.22125, 'precision': 0.19969336579873348, 'recall': 0.1987685988938304}
12/21/2023 08:54:47 - INFO - __main__ - Epoch:3, Train Accuracy:0.22125, f1:0.18509909270547334

Epoch: [3][0/7]	
12/21/2023 08:55:05 - INFO - utils.common - 计算 f1 score ing...
12/21/2023 08:55:05 - INFO - utils.common - F1score = 0.15805463243538742
12/21/2023 08:55:05 - INFO - utils.common - 计算 accuracy ing...
12/21/2023 08:55:05 - INFO - utils.common - acc = 0.20675
12/21/2023 08:55:05 - INFO - utils.common - 计算 precision ing...
12/21/2023 08:55:05 - INFO - utils.common - precision = 0.23735889068104118
12/21/2023 08:55:05 - INFO - utils.common - 计算 recall ing...
12/21/2023 08:55:05 - INFO - utils.common - result = {'f1score': 0.15805463243538742, 'acc': 0.20675, 'precision': 0.23735889068104118, 'recall': 0.19597646396470272}
12/21/2023 08:55:05 - INFO - __main__ - Epoch:3, Val Accuracy:0.20675, f1:0.15805463243538742

12/21/2023 08:55:05 - INFO - __main__ - lr:2.8683631183645395e-05
12/21/2023 08:55:05 - INFO - __main__ - ==========Epoch:4==========
Save best weights
12/21/2023 08:55:10 - INFO - utils.common - 计算 f1 score ing...
12/21/2023 08:55:10 - INFO - utils.common - F1score = 0.20867491353442938
12/21/2023 08:55:10 - INFO - utils.common - 计算 accuracy ing...
12/21/2023 08:55:10 - INFO - utils.common - acc = 0.2525
12/21/2023 08:55:10 - INFO - utils.common - 计算 precision ing...
12/21/2023 08:55:10 - INFO - utils.common - precision = 0.24567831247263244
12/21/2023 08:55:10 - INFO - utils.common - 计算 recall ing...
12/21/2023 08:55:10 - INFO - utils.common - result = {'f1score': 0.20867491353442938, 'acc': 0.2525, 'precision': 0.24567831247263244, 'recall': 0.2245550559795759}
12/21/2023 08:55:10 - INFO - __main__ - Epoch:4, Train Accuracy:0.2525, f1:0.20867491353442938

Epoch: [4][0/7]	
12/21/2023 08:55:28 - INFO - utils.common - 计算 f1 score ing...
12/21/2023 08:55:28 - INFO - utils.common - F1score = 0.16698828072409722
12/21/2023 08:55:28 - INFO - utils.common - 计算 accuracy ing...
12/21/2023 08:55:28 - INFO - utils.common - acc = 0.218
12/21/2023 08:55:28 - INFO - utils.common - 计算 precision ing...
12/21/2023 08:55:28 - INFO - utils.common - precision = 0.2432748823395796
12/21/2023 08:55:28 - INFO - utils.common - 计算 recall ing...
12/21/2023 08:55:28 - INFO - utils.common - result = {'f1score': 0.16698828072409722, 'acc': 0.218, 'precision': 0.2432748823395796, 'recall': 0.2076517498670214}
12/21/2023 08:55:28 - INFO - __main__ - Epoch:4, Val Accuracy:0.218, f1:0.16698828072409722

12/21/2023 08:55:28 - INFO - __main__ - lr:0.0003
12/21/2023 08:55:28 - INFO - __main__ - ==========Epoch:5==========
Save best weights
12/21/2023 08:55:34 - INFO - utils.common - 计算 f1 score ing...
12/21/2023 08:55:34 - INFO - utils.common - F1score = 0.2472444172162381
12/21/2023 08:55:34 - INFO - utils.common - 计算 accuracy ing...
12/21/2023 08:55:34 - INFO - utils.common - acc = 0.29625
12/21/2023 08:55:34 - INFO - utils.common - 计算 precision ing...
12/21/2023 08:55:34 - INFO - utils.common - precision = 0.2910309346217087
12/21/2023 08:55:34 - INFO - utils.common - 计算 recall ing...
12/21/2023 08:55:34 - INFO - utils.common - result = {'f1score': 0.2472444172162381, 'acc': 0.29625, 'precision': 0.2910309346217087, 'recall': 0.26776716089794844}
12/21/2023 08:55:34 - INFO - __main__ - Epoch:5, Train Accuracy:0.29625, f1:0.2472444172162381

Epoch: [5][0/7]	
12/21/2023 08:55:53 - INFO - utils.common - 计算 f1 score ing...
12/21/2023 08:55:53 - INFO - utils.common - F1score = 0.22506916385977535
12/21/2023 08:55:53 - INFO - utils.common - 计算 accuracy ing...
12/21/2023 08:55:53 - INFO - utils.common - acc = 0.2997
12/21/2023 08:55:53 - INFO - utils.common - 计算 precision ing...
12/21/2023 08:55:53 - INFO - utils.common - precision = 0.41803597517180513
12/21/2023 08:55:53 - INFO - utils.common - 计算 recall ing...
12/21/2023 08:55:53 - INFO - utils.common - result = {'f1score': 0.22506916385977535, 'acc': 0.2997, 'precision': 0.41803597517180513, 'recall': 0.28535898250029545}
12/21/2023 08:55:53 - INFO - __main__ - Epoch:5, Val Accuracy:0.2997, f1:0.22506916385977535

12/21/2023 08:55:53 - INFO - __main__ - lr:0.00027135636881635457
12/21/2023 08:55:53 - INFO - __main__ - ==========Epoch:6==========
Save best weights
12/21/2023 08:55:58 - INFO - utils.common - 计算 f1 score ing...
12/21/2023 08:55:58 - INFO - utils.common - F1score = 0.30070385700059366
12/21/2023 08:55:58 - INFO - utils.common - 计算 accuracy ing...
12/21/2023 08:55:58 - INFO - utils.common - acc = 0.36875
12/21/2023 08:55:58 - INFO - utils.common - 计算 precision ing...
12/21/2023 08:55:58 - INFO - utils.common - precision = 0.34324040811887335
12/21/2023 08:55:58 - INFO - utils.common - 计算 recall ing...
12/21/2023 08:55:58 - INFO - utils.common - result = {'f1score': 0.30070385700059366, 'acc': 0.36875, 'precision': 0.34324040811887335, 'recall': 0.33359526213063845}
12/21/2023 08:55:58 - INFO - __main__ - Epoch:6, Train Accuracy:0.36875, f1:0.30070385700059366

Epoch: [6][0/7]	
12/21/2023 08:56:16 - INFO - utils.common - 计算 f1 score ing...
12/21/2023 08:56:16 - INFO - utils.common - F1score = 0.26793489127766346
12/21/2023 08:56:16 - INFO - utils.common - 计算 accuracy ing...
12/21/2023 08:56:16 - INFO - utils.common - acc = 0.34395
12/21/2023 08:56:16 - INFO - utils.common - 计算 precision ing...
12/21/2023 08:56:16 - INFO - utils.common - precision = 0.4785817902997746
12/21/2023 08:56:16 - INFO - utils.common - 计算 recall ing...
12/21/2023 08:56:16 - INFO - utils.common - result = {'f1score': 0.26793489127766346, 'acc': 0.34395, 'precision': 0.4785817902997746, 'recall': 0.327214652060839}
12/21/2023 08:56:16 - INFO - __main__ - Epoch:6, Val Accuracy:0.34395, f1:0.26793489127766346

12/21/2023 08:56:16 - INFO - __main__ - lr:0.0001963663688163546
12/21/2023 08:56:16 - INFO - __main__ - ==========Epoch:7==========
Save best weights
12/21/2023 08:56:22 - INFO - utils.common - 计算 f1 score ing...
12/21/2023 08:56:22 - INFO - utils.common - F1score = 0.3454659089143627
12/21/2023 08:56:22 - INFO - utils.common - 计算 accuracy ing...
12/21/2023 08:56:22 - INFO - utils.common - acc = 0.41625
12/21/2023 08:56:22 - INFO - utils.common - 计算 precision ing...
12/21/2023 08:56:22 - INFO - utils.common - precision = 0.4119103063132248
12/21/2023 08:56:22 - INFO - utils.common - 计算 recall ing...
12/21/2023 08:56:22 - INFO - utils.common - result = {'f1score': 0.3454659089143627, 'acc': 0.41625, 'precision': 0.4119103063132248, 'recall': 0.37967485514164184}
12/21/2023 08:56:22 - INFO - __main__ - Epoch:7, Train Accuracy:0.41625, f1:0.3454659089143627

Epoch: [7][0/7]	
12/21/2023 08:56:40 - INFO - utils.common - 计算 f1 score ing...
12/21/2023 08:56:40 - INFO - utils.common - F1score = 0.30844995928442237
12/21/2023 08:56:40 - INFO - utils.common - 计算 accuracy ing...
12/21/2023 08:56:40 - INFO - utils.common - acc = 0.37955
12/21/2023 08:56:40 - INFO - utils.common - 计算 precision ing...
12/21/2023 08:56:40 - INFO - utils.common - precision = 0.450530537926652
12/21/2023 08:56:40 - INFO - utils.common - 计算 recall ing...
12/21/2023 08:56:41 - INFO - utils.common - result = {'f1score': 0.30844995928442237, 'acc': 0.37955, 'precision': 0.450530537926652, 'recall': 0.36017562150380544}
12/21/2023 08:56:41 - INFO - __main__ - Epoch:7, Val Accuracy:0.37955, f1:0.30844995928442237

12/21/2023 08:56:41 - INFO - __main__ - lr:0.0001036736311836454
12/21/2023 08:56:41 - INFO - __main__ - ==========Epoch:8==========
Save best weights
12/21/2023 08:56:47 - INFO - utils.common - 计算 f1 score ing...
12/21/2023 08:56:47 - INFO - utils.common - F1score = 0.3742568015361781
12/21/2023 08:56:47 - INFO - utils.common - 计算 accuracy ing...
12/21/2023 08:56:47 - INFO - utils.common - acc = 0.44375
12/21/2023 08:56:47 - INFO - utils.common - 计算 precision ing...
12/21/2023 08:56:47 - INFO - utils.common - precision = 0.41740852812528567
12/21/2023 08:56:47 - INFO - utils.common - 计算 recall ing...
12/21/2023 08:56:47 - INFO - utils.common - result = {'f1score': 0.3742568015361781, 'acc': 0.44375, 'precision': 0.41740852812528567, 'recall': 0.40808323655933904}
12/21/2023 08:56:47 - INFO - __main__ - Epoch:8, Train Accuracy:0.44375, f1:0.3742568015361781

Epoch: [8][0/7]	
12/21/2023 08:57:06 - INFO - utils.common - 计算 f1 score ing...
12/21/2023 08:57:06 - INFO - utils.common - F1score = 0.3361807564918022
12/21/2023 08:57:06 - INFO - utils.common - 计算 accuracy ing...
12/21/2023 08:57:06 - INFO - utils.common - acc = 0.40385
12/21/2023 08:57:06 - INFO - utils.common - 计算 precision ing...
12/21/2023 08:57:06 - INFO - utils.common - precision = 0.49919914183404285
12/21/2023 08:57:06 - INFO - utils.common - 计算 recall ing...
12/21/2023 08:57:06 - INFO - utils.common - result = {'f1score': 0.3361807564918022, 'acc': 0.40385, 'precision': 0.49919914183404285, 'recall': 0.3844918819912746}
12/21/2023 08:57:06 - INFO - __main__ - Epoch:8, Val Accuracy:0.40385, f1:0.3361807564918022

12/21/2023 08:57:06 - INFO - __main__ - lr:2.8683631183645395e-05
12/21/2023 08:57:06 - INFO - __main__ - ==========Epoch:9==========
Save best weights
12/21/2023 08:57:12 - INFO - utils.common - 计算 f1 score ing...
12/21/2023 08:57:12 - INFO - utils.common - F1score = 0.3835220428575172
12/21/2023 08:57:12 - INFO - utils.common - 计算 accuracy ing...
12/21/2023 08:57:12 - INFO - utils.common - acc = 0.44375
12/21/2023 08:57:12 - INFO - utils.common - 计算 precision ing...
12/21/2023 08:57:12 - INFO - utils.common - precision = 0.41979800662270567
12/21/2023 08:57:12 - INFO - utils.common - 计算 recall ing...
12/21/2023 08:57:12 - INFO - utils.common - result = {'f1score': 0.3835220428575172, 'acc': 0.44375, 'precision': 0.41979800662270567, 'recall': 0.41060612204809455}
12/21/2023 08:57:12 - INFO - __main__ - Epoch:9, Train Accuracy:0.44375, f1:0.3835220428575172

Epoch: [9][0/7]	
12/21/2023 08:57:32 - INFO - utils.common - 计算 f1 score ing...
12/21/2023 08:57:32 - INFO - utils.common - F1score = 0.35139557179443354
12/21/2023 08:57:32 - INFO - utils.common - 计算 accuracy ing...
12/21/2023 08:57:32 - INFO - utils.common - acc = 0.4162
12/21/2023 08:57:32 - INFO - utils.common - 计算 precision ing...
12/21/2023 08:57:32 - INFO - utils.common - precision = 0.5087267790507504
12/21/2023 08:57:32 - INFO - utils.common - 计算 recall ing...
12/21/2023 08:57:32 - INFO - utils.common - result = {'f1score': 0.35139557179443354, 'acc': 0.4162, 'precision': 0.5087267790507504, 'recall': 0.39663872389830424}
12/21/2023 08:57:32 - INFO - __main__ - Epoch:9, Val Accuracy:0.4162, f1:0.35139557179443354

12/21/2023 08:57:32 - INFO - __main__ - lr:0.0003
12/21/2023 08:57:32 - INFO - __main__ - ==========Epoch:10==========
Save best weights
12/21/2023 08:57:38 - INFO - utils.common - 计算 f1 score ing...
12/21/2023 08:57:38 - INFO - utils.common - F1score = 0.4277004075177038
12/21/2023 08:57:38 - INFO - utils.common - 计算 accuracy ing...
12/21/2023 08:57:38 - INFO - utils.common - acc = 0.4875
12/21/2023 08:57:38 - INFO - utils.common - 计算 precision ing...
12/21/2023 08:57:38 - INFO - utils.common - precision = 0.49478148665509736
12/21/2023 08:57:38 - INFO - utils.common - 计算 recall ing...
12/21/2023 08:57:38 - INFO - utils.common - result = {'f1score': 0.4277004075177038, 'acc': 0.4875, 'precision': 0.49478148665509736, 'recall': 0.4530502212785065}
12/21/2023 08:57:38 - INFO - __main__ - Epoch:10, Train Accuracy:0.4875, f1:0.4277004075177038

Epoch: [10][0/7]	
12/21/2023 08:57:56 - INFO - utils.common - 计算 f1 score ing...
12/21/2023 08:57:56 - INFO - utils.common - F1score = 0.40776536939109703
12/21/2023 08:57:56 - INFO - utils.common - 计算 accuracy ing...
12/21/2023 08:57:56 - INFO - utils.common - acc = 0.4652
12/21/2023 08:57:56 - INFO - utils.common - 计算 precision ing...
12/21/2023 08:57:57 - INFO - utils.common - precision = 0.5599682945042385
12/21/2023 08:57:57 - INFO - utils.common - 计算 recall ing...
12/21/2023 08:57:57 - INFO - utils.common - result = {'f1score': 0.40776536939109703, 'acc': 0.4652, 'precision': 0.5599682945042385, 'recall': 0.4456712351542924}
12/21/2023 08:57:57 - INFO - __main__ - Epoch:10, Val Accuracy:0.4652, f1:0.40776536939109703

12/21/2023 08:57:57 - INFO - __main__ - lr:0.00027135636881635457
12/21/2023 08:57:57 - INFO - __main__ - ==========Epoch:11==========
Save best weights
12/21/2023 08:58:02 - INFO - utils.common - 计算 f1 score ing...
12/21/2023 08:58:02 - INFO - utils.common - F1score = 0.4597755728693229
12/21/2023 08:58:02 - INFO - utils.common - 计算 accuracy ing...
12/21/2023 08:58:02 - INFO - utils.common - acc = 0.52875
12/21/2023 08:58:02 - INFO - utils.common - 计算 precision ing...
12/21/2023 08:58:02 - INFO - utils.common - precision = 0.4926655623134251
12/21/2023 08:58:02 - INFO - utils.common - 计算 recall ing...
12/21/2023 08:58:02 - INFO - utils.common - result = {'f1score': 0.4597755728693229, 'acc': 0.52875, 'precision': 0.4926655623134251, 'recall': 0.49253707846464106}
12/21/2023 08:58:02 - INFO - __main__ - Epoch:11, Train Accuracy:0.52875, f1:0.4597755728693229

Epoch: [11][0/7]	
12/21/2023 08:58:21 - INFO - utils.common - 计算 f1 score ing...
12/21/2023 08:58:21 - INFO - utils.common - F1score = 0.43851755436231155
12/21/2023 08:58:21 - INFO - utils.common - 计算 accuracy ing...
12/21/2023 08:58:21 - INFO - utils.common - acc = 0.4952
12/21/2023 08:58:21 - INFO - utils.common - 计算 precision ing...
12/21/2023 08:58:21 - INFO - utils.common - precision = 0.5899451796243538
12/21/2023 08:58:21 - INFO - utils.common - 计算 recall ing...
12/21/2023 08:58:21 - INFO - utils.common - result = {'f1score': 0.43851755436231155, 'acc': 0.4952, 'precision': 0.5899451796243538, 'recall': 0.47498320605113936}
12/21/2023 08:58:21 - INFO - __main__ - Epoch:11, Val Accuracy:0.4952, f1:0.43851755436231155

12/21/2023 08:58:21 - INFO - __main__ - lr:0.0001963663688163546
12/21/2023 08:58:21 - INFO - __main__ - ==========Epoch:12==========
Save best weights
12/21/2023 08:58:26 - INFO - utils.common - 计算 f1 score ing...
12/21/2023 08:58:26 - INFO - utils.common - F1score = 0.45366024027032165
12/21/2023 08:58:26 - INFO - utils.common - 计算 accuracy ing...
12/21/2023 08:58:26 - INFO - utils.common - acc = 0.51125
12/21/2023 08:58:26 - INFO - utils.common - 计算 precision ing...
12/21/2023 08:58:26 - INFO - utils.common - precision = 0.5050365529387942
12/21/2023 08:58:26 - INFO - utils.common - 计算 recall ing...
12/21/2023 08:58:26 - INFO - utils.common - result = {'f1score': 0.45366024027032165, 'acc': 0.51125, 'precision': 0.5050365529387942, 'recall': 0.48063983425618395}
12/21/2023 08:58:26 - INFO - __main__ - Epoch:12, Train Accuracy:0.51125, f1:0.45366024027032165

Epoch: [12][0/7]	
12/21/2023 08:58:45 - INFO - utils.common - 计算 f1 score ing...
12/21/2023 08:58:45 - INFO - utils.common - F1score = 0.46311212626769
12/21/2023 08:58:45 - INFO - utils.common - 计算 accuracy ing...
12/21/2023 08:58:45 - INFO - utils.common - acc = 0.5197
12/21/2023 08:58:45 - INFO - utils.common - 计算 precision ing...
12/21/2023 08:58:45 - INFO - utils.common - precision = 0.6118260915227207
12/21/2023 08:58:45 - INFO - utils.common - 计算 recall ing...
12/21/2023 08:58:45 - INFO - utils.common - result = {'f1score': 0.46311212626769, 'acc': 0.5197, 'precision': 0.6118260915227207, 'recall': 0.4981082718021286}
12/21/2023 08:58:45 - INFO - __main__ - Epoch:12, Val Accuracy:0.5197, f1:0.46311212626769

12/21/2023 08:58:45 - INFO - __main__ - lr:0.0001036736311836454
12/21/2023 08:58:45 - INFO - __main__ - ==========Epoch:13==========
Save best weights
12/21/2023 08:58:51 - INFO - utils.common - 计算 f1 score ing...
12/21/2023 08:58:51 - INFO - utils.common - F1score = 0.47485932691004984
12/21/2023 08:58:51 - INFO - utils.common - 计算 accuracy ing...
12/21/2023 08:58:51 - INFO - utils.common - acc = 0.53875
12/21/2023 08:58:51 - INFO - utils.common - 计算 precision ing...
12/21/2023 08:58:51 - INFO - utils.common - precision = 0.5284971342082532
12/21/2023 08:58:51 - INFO - utils.common - 计算 recall ing...
12/21/2023 08:58:51 - INFO - utils.common - result = {'f1score': 0.47485932691004984, 'acc': 0.53875, 'precision': 0.5284971342082532, 'recall': 0.5069794260210662}
12/21/2023 08:58:51 - INFO - __main__ - Epoch:13, Train Accuracy:0.53875, f1:0.47485932691004984

Epoch: [13][0/7]	
12/21/2023 08:59:08 - INFO - utils.common - 计算 f1 score ing...
12/21/2023 08:59:08 - INFO - utils.common - F1score = 0.4678389618011759
12/21/2023 08:59:08 - INFO - utils.common - 计算 accuracy ing...
12/21/2023 08:59:08 - INFO - utils.common - acc = 0.52705
12/21/2023 08:59:08 - INFO - utils.common - 计算 precision ing...
12/21/2023 08:59:08 - INFO - utils.common - precision = 0.6137675512348199
12/21/2023 08:59:08 - INFO - utils.common - 计算 recall ing...
12/21/2023 08:59:08 - INFO - utils.common - result = {'f1score': 0.4678389618011759, 'acc': 0.52705, 'precision': 0.6137675512348199, 'recall': 0.5050400144089369}
12/21/2023 08:59:09 - INFO - __main__ - Epoch:13, Val Accuracy:0.52705, f1:0.4678389618011759

12/21/2023 08:59:09 - INFO - __main__ - lr:2.8683631183645395e-05
12/21/2023 08:59:09 - INFO - __main__ - ==========Epoch:14==========
Save best weights
12/21/2023 08:59:14 - INFO - utils.common - 计算 f1 score ing...
12/21/2023 08:59:14 - INFO - utils.common - F1score = 0.4560414903506031
12/21/2023 08:59:14 - INFO - utils.common - 计算 accuracy ing...
12/21/2023 08:59:14 - INFO - utils.common - acc = 0.54375
12/21/2023 08:59:14 - INFO - utils.common - 计算 precision ing...
12/21/2023 08:59:14 - INFO - utils.common - precision = 0.4799827613813385
12/21/2023 08:59:14 - INFO - utils.common - 计算 recall ing...
12/21/2023 08:59:14 - INFO - utils.common - result = {'f1score': 0.4560414903506031, 'acc': 0.54375, 'precision': 0.4799827613813385, 'recall': 0.5062896311975177}
12/21/2023 08:59:14 - INFO - __main__ - Epoch:14, Train Accuracy:0.54375, f1:0.4560414903506031

Epoch: [14][0/7]	
12/21/2023 08:59:32 - INFO - utils.common - 计算 f1 score ing...
12/21/2023 08:59:32 - INFO - utils.common - F1score = 0.47518568997675537
12/21/2023 08:59:32 - INFO - utils.common - 计算 accuracy ing...
12/21/2023 08:59:32 - INFO - utils.common - acc = 0.533
12/21/2023 08:59:32 - INFO - utils.common - 计算 precision ing...
12/21/2023 08:59:32 - INFO - utils.common - precision = 0.6173004430035636
12/21/2023 08:59:32 - INFO - utils.common - 计算 recall ing...
12/21/2023 08:59:32 - INFO - utils.common - result = {'f1score': 0.47518568997675537, 'acc': 0.533, 'precision': 0.6173004430035636, 'recall': 0.5110160760487793}
12/21/2023 08:59:32 - INFO - __main__ - Epoch:14, Val Accuracy:0.533, f1:0.47518568997675537

12/21/2023 08:59:32 - INFO - __main__ - lr:0.0003
12/21/2023 08:59:32 - INFO - __main__ - ==========Epoch:15==========
Save best weights
12/21/2023 08:59:38 - INFO - utils.common - 计算 f1 score ing...
12/21/2023 08:59:38 - INFO - utils.common - F1score = 0.48528234083989663
12/21/2023 08:59:38 - INFO - utils.common - 计算 accuracy ing...
12/21/2023 08:59:38 - INFO - utils.common - acc = 0.555
12/21/2023 08:59:38 - INFO - utils.common - 计算 precision ing...
12/21/2023 08:59:38 - INFO - utils.common - precision = 0.5420684419927014
12/21/2023 08:59:38 - INFO - utils.common - 计算 recall ing...
12/21/2023 08:59:38 - INFO - utils.common - result = {'f1score': 0.48528234083989663, 'acc': 0.555, 'precision': 0.5420684419927014, 'recall': 0.5188726322242228}
12/21/2023 08:59:38 - INFO - __main__ - Epoch:15, Train Accuracy:0.555, f1:0.48528234083989663

Epoch: [15][0/7]	
12/21/2023 08:59:56 - INFO - utils.common - 计算 f1 score ing...
12/21/2023 08:59:56 - INFO - utils.common - F1score = 0.5032285282119435
12/21/2023 08:59:56 - INFO - utils.common - 计算 accuracy ing...
12/21/2023 08:59:56 - INFO - utils.common - acc = 0.56015
12/21/2023 08:59:56 - INFO - utils.common - 计算 precision ing...
12/21/2023 08:59:56 - INFO - utils.common - precision = 0.6378069646995322
12/21/2023 08:59:56 - INFO - utils.common - 计算 recall ing...
12/21/2023 08:59:56 - INFO - utils.common - result = {'f1score': 0.5032285282119435, 'acc': 0.56015, 'precision': 0.6378069646995322, 'recall': 0.5381004674512234}
12/21/2023 08:59:56 - INFO - __main__ - Epoch:15, Val Accuracy:0.56015, f1:0.5032285282119435

12/21/2023 08:59:56 - INFO - __main__ - lr:0.00027135636881635457
12/21/2023 08:59:56 - INFO - __main__ - ==========Epoch:16==========
Save best weights
12/21/2023 09:00:03 - INFO - utils.common - 计算 f1 score ing...
12/21/2023 09:00:03 - INFO - utils.common - F1score = 0.5235661041337213
12/21/2023 09:00:03 - INFO - utils.common - 计算 accuracy ing...
12/21/2023 09:00:03 - INFO - utils.common - acc = 0.58125
12/21/2023 09:00:03 - INFO - utils.common - 计算 precision ing...
12/21/2023 09:00:03 - INFO - utils.common - precision = 0.5726757211003191
12/21/2023 09:00:03 - INFO - utils.common - 计算 recall ing...
12/21/2023 09:00:03 - INFO - utils.common - result = {'f1score': 0.5235661041337213, 'acc': 0.58125, 'precision': 0.5726757211003191, 'recall': 0.5495836135649356}
12/21/2023 09:00:03 - INFO - __main__ - Epoch:16, Train Accuracy:0.58125, f1:0.5235661041337213

Epoch: [16][0/7]	
12/21/2023 09:00:22 - INFO - utils.common - 计算 f1 score ing...
12/21/2023 09:00:22 - INFO - utils.common - F1score = 0.5337142349249268
12/21/2023 09:00:22 - INFO - utils.common - 计算 accuracy ing...
12/21/2023 09:00:22 - INFO - utils.common - acc = 0.58575
12/21/2023 09:00:22 - INFO - utils.common - 计算 precision ing...
12/21/2023 09:00:22 - INFO - utils.common - precision = 0.6558811939829208
12/21/2023 09:00:22 - INFO - utils.common - 计算 recall ing...
12/21/2023 09:00:22 - INFO - utils.common - result = {'f1score': 0.5337142349249268, 'acc': 0.58575, 'precision': 0.6558811939829208, 'recall': 0.5638830326297731}
12/21/2023 09:00:22 - INFO - __main__ - Epoch:16, Val Accuracy:0.58575, f1:0.5337142349249268

12/21/2023 09:00:22 - INFO - __main__ - lr:0.0001963663688163546
12/21/2023 09:00:22 - INFO - __main__ - ==========Epoch:17==========
Save best weights
12/21/2023 09:00:29 - INFO - utils.common - 计算 f1 score ing...
12/21/2023 09:00:29 - INFO - utils.common - F1score = 0.5383835213433261
12/21/2023 09:00:29 - INFO - utils.common - 计算 accuracy ing...
12/21/2023 09:00:29 - INFO - utils.common - acc = 0.5925
12/21/2023 09:00:29 - INFO - utils.common - 计算 precision ing...
12/21/2023 09:00:29 - INFO - utils.common - precision = 0.5994441214620738
12/21/2023 09:00:29 - INFO - utils.common - 计算 recall ing...
12/21/2023 09:00:29 - INFO - utils.common - result = {'f1score': 0.5383835213433261, 'acc': 0.5925, 'precision': 0.5994441214620738, 'recall': 0.5611298542804152}
12/21/2023 09:00:29 - INFO - __main__ - Epoch:17, Train Accuracy:0.5925, f1:0.5383835213433261

Epoch: [17][0/7]	
12/21/2023 09:00:48 - INFO - utils.common - 计算 f1 score ing...
12/21/2023 09:00:48 - INFO - utils.common - F1score = 0.551208443080179
12/21/2023 09:00:48 - INFO - utils.common - 计算 accuracy ing...
12/21/2023 09:00:48 - INFO - utils.common - acc = 0.5995
12/21/2023 09:00:48 - INFO - utils.common - 计算 precision ing...
12/21/2023 09:00:48 - INFO - utils.common - precision = 0.6726717095233279
12/21/2023 09:00:48 - INFO - utils.common - 计算 recall ing...
12/21/2023 09:00:48 - INFO - utils.common - result = {'f1score': 0.551208443080179, 'acc': 0.5995, 'precision': 0.6726717095233279, 'recall': 0.577061656433965}
12/21/2023 09:00:48 - INFO - __main__ - Epoch:17, Val Accuracy:0.5995, f1:0.551208443080179

12/21/2023 09:00:48 - INFO - __main__ - lr:0.0001036736311836454
12/21/2023 09:00:48 - INFO - __main__ - ==========Epoch:18==========
Save best weights
12/21/2023 09:00:54 - INFO - utils.common - 计算 f1 score ing...
12/21/2023 09:00:54 - INFO - utils.common - F1score = 0.5250425239492404
12/21/2023 09:00:54 - INFO - utils.common - 计算 accuracy ing...
12/21/2023 09:00:54 - INFO - utils.common - acc = 0.58875
12/21/2023 09:00:54 - INFO - utils.common - 计算 precision ing...
12/21/2023 09:00:54 - INFO - utils.common - precision = 0.5806023575831847
12/21/2023 09:00:54 - INFO - utils.common - 计算 recall ing...
12/21/2023 09:00:54 - INFO - utils.common - result = {'f1score': 0.5250425239492404, 'acc': 0.58875, 'precision': 0.5806023575831847, 'recall': 0.5560497761876794}
12/21/2023 09:00:54 - INFO - __main__ - Epoch:18, Train Accuracy:0.58875, f1:0.5250425239492404

Epoch: [18][0/7]	
12/21/2023 09:01:13 - INFO - utils.common - 计算 f1 score ing...
12/21/2023 09:01:13 - INFO - utils.common - F1score = 0.5615279217707208
12/21/2023 09:01:13 - INFO - utils.common - 计算 accuracy ing...
12/21/2023 09:01:13 - INFO - utils.common - acc = 0.6089
12/21/2023 09:01:13 - INFO - utils.common - 计算 precision ing...
12/21/2023 09:01:13 - INFO - utils.common - precision = 0.6794468992627515
12/21/2023 09:01:13 - INFO - utils.common - 计算 recall ing...
12/21/2023 09:01:13 - INFO - utils.common - result = {'f1score': 0.5615279217707208, 'acc': 0.6089, 'precision': 0.6794468992627515, 'recall': 0.586118743304476}
12/21/2023 09:01:13 - INFO - __main__ - Epoch:18, Val Accuracy:0.6089, f1:0.5615279217707208

12/21/2023 09:01:13 - INFO - __main__ - lr:2.8683631183645395e-05
12/21/2023 09:01:13 - INFO - __main__ - ==========Epoch:19==========
Save best weights
12/21/2023 09:01:20 - INFO - utils.common - 计算 f1 score ing...
12/21/2023 09:01:20 - INFO - utils.common - F1score = 0.5508763142708925
12/21/2023 09:01:20 - INFO - utils.common - 计算 accuracy ing...
12/21/2023 09:01:20 - INFO - utils.common - acc = 0.60375
12/21/2023 09:01:20 - INFO - utils.common - 计算 precision ing...
12/21/2023 09:01:20 - INFO - utils.common - precision = 0.6105784244977964
12/21/2023 09:01:20 - INFO - utils.common - 计算 recall ing...
12/21/2023 09:01:20 - INFO - utils.common - result = {'f1score': 0.5508763142708925, 'acc': 0.60375, 'precision': 0.6105784244977964, 'recall': 0.5705362397272944}
12/21/2023 09:01:20 - INFO - __main__ - Epoch:19, Train Accuracy:0.60375, f1:0.5508763142708925

Epoch: [19][0/7]	
12/21/2023 09:01:39 - INFO - utils.common - 计算 f1 score ing...
12/21/2023 09:01:39 - INFO - utils.common - F1score = 0.5675761862722912
12/21/2023 09:01:39 - INFO - utils.common - 计算 accuracy ing...
12/21/2023 09:01:39 - INFO - utils.common - acc = 0.61485
12/21/2023 09:01:39 - INFO - utils.common - 计算 precision ing...
12/21/2023 09:01:39 - INFO - utils.common - precision = 0.6803739685188632
12/21/2023 09:01:39 - INFO - utils.common - 计算 recall ing...
12/21/2023 09:01:39 - INFO - utils.common - result = {'f1score': 0.5675761862722912, 'acc': 0.61485, 'precision': 0.6803739685188632, 'recall': 0.5921704553081972}
12/21/2023 09:01:39 - INFO - __main__ - Epoch:19, Val Accuracy:0.61485, f1:0.5675761862722912

12/21/2023 09:01:39 - INFO - __main__ - lr:0.0003
12/21/2023 09:01:39 - INFO - __main__ - ==========Epoch:20==========
Save best weights
12/21/2023 09:01:45 - INFO - utils.common - 计算 f1 score ing...
12/21/2023 09:01:45 - INFO - utils.common - F1score = 0.5781638283130909
12/21/2023 09:01:45 - INFO - utils.common - 计算 accuracy ing...
12/21/2023 09:01:45 - INFO - utils.common - acc = 0.6275
12/21/2023 09:01:45 - INFO - utils.common - 计算 precision ing...
12/21/2023 09:01:45 - INFO - utils.common - precision = 0.6322552687395397
12/21/2023 09:01:45 - INFO - utils.common - 计算 recall ing...
12/21/2023 09:01:45 - INFO - utils.common - result = {'f1score': 0.5781638283130909, 'acc': 0.6275, 'precision': 0.6322552687395397, 'recall': 0.5956626213361004}
12/21/2023 09:01:45 - INFO - __main__ - Epoch:20, Train Accuracy:0.6275, f1:0.5781638283130909

Epoch: [20][0/7]	
12/21/2023 09:02:03 - INFO - utils.common - 计算 f1 score ing...
12/21/2023 09:02:03 - INFO - utils.common - F1score = 0.5901706108536842
12/21/2023 09:02:03 - INFO - utils.common - 计算 accuracy ing...
12/21/2023 09:02:04 - INFO - utils.common - acc = 0.6281
12/21/2023 09:02:04 - INFO - utils.common - 计算 precision ing...
12/21/2023 09:02:04 - INFO - utils.common - precision = 0.6990043882352301
12/21/2023 09:02:04 - INFO - utils.common - 计算 recall ing...
12/21/2023 09:02:04 - INFO - utils.common - result = {'f1score': 0.5901706108536842, 'acc': 0.6281, 'precision': 0.6990043882352301, 'recall': 0.6051654305927241}
12/21/2023 09:02:04 - INFO - __main__ - Epoch:20, Val Accuracy:0.6281, f1:0.5901706108536842

12/21/2023 09:02:04 - INFO - __main__ - lr:0.00027135636881635457
12/21/2023 09:02:04 - INFO - __main__ - ==========Epoch:21==========
Save best weights
12/21/2023 09:02:09 - INFO - utils.common - 计算 f1 score ing...
12/21/2023 09:02:09 - INFO - utils.common - F1score = 0.5996758557083955
12/21/2023 09:02:09 - INFO - utils.common - 计算 accuracy ing...
12/21/2023 09:02:09 - INFO - utils.common - acc = 0.64875
12/21/2023 09:02:09 - INFO - utils.common - 计算 precision ing...
12/21/2023 09:02:09 - INFO - utils.common - precision = 0.6647953499793274
12/21/2023 09:02:09 - INFO - utils.common - 计算 recall ing...
12/21/2023 09:02:09 - INFO - utils.common - result = {'f1score': 0.5996758557083955, 'acc': 0.64875, 'precision': 0.6647953499793274, 'recall': 0.6157808777605845}
12/21/2023 09:02:09 - INFO - __main__ - Epoch:21, Train Accuracy:0.64875, f1:0.5996758557083955

Epoch: [21][0/7]	
12/21/2023 09:02:29 - INFO - utils.common - 计算 f1 score ing...
12/21/2023 09:02:29 - INFO - utils.common - F1score = 0.6175272571503856
12/21/2023 09:02:29 - INFO - utils.common - 计算 accuracy ing...
12/21/2023 09:02:29 - INFO - utils.common - acc = 0.65015
12/21/2023 09:02:29 - INFO - utils.common - 计算 precision ing...
12/21/2023 09:02:29 - INFO - utils.common - precision = 0.711470377375682
12/21/2023 09:02:29 - INFO - utils.common - 计算 recall ing...
12/21/2023 09:02:29 - INFO - utils.common - result = {'f1score': 0.6175272571503856, 'acc': 0.65015, 'precision': 0.711470377375682, 'recall': 0.6296704952528399}
12/21/2023 09:02:29 - INFO - __main__ - Epoch:21, Val Accuracy:0.65015, f1:0.6175272571503856

12/21/2023 09:02:29 - INFO - __main__ - lr:0.0001963663688163546
12/21/2023 09:02:29 - INFO - __main__ - ==========Epoch:22==========
Save best weights
12/21/2023 09:02:35 - INFO - utils.common - 计算 f1 score ing...
12/21/2023 09:02:35 - INFO - utils.common - F1score = 0.5914977746114821
12/21/2023 09:02:35 - INFO - utils.common - 计算 accuracy ing...
12/21/2023 09:02:35 - INFO - utils.common - acc = 0.6275
12/21/2023 09:02:35 - INFO - utils.common - 计算 precision ing...
12/21/2023 09:02:35 - INFO - utils.common - precision = 0.6450795188317962
12/21/2023 09:02:35 - INFO - utils.common - 计算 recall ing...
12/21/2023 09:02:35 - INFO - utils.common - result = {'f1score': 0.5914977746114821, 'acc': 0.6275, 'precision': 0.6450795188317962, 'recall': 0.6025332556627435}
12/21/2023 09:02:35 - INFO - __main__ - Epoch:22, Train Accuracy:0.6275, f1:0.5914977746114821

Epoch: [22][0/7]	
12/21/2023 09:02:54 - INFO - utils.common - 计算 f1 score ing...
12/21/2023 09:02:54 - INFO - utils.common - F1score = 0.6360532312567835
12/21/2023 09:02:54 - INFO - utils.common - 计算 accuracy ing...
12/21/2023 09:02:54 - INFO - utils.common - acc = 0.665
12/21/2023 09:02:54 - INFO - utils.common - 计算 precision ing...
12/21/2023 09:02:54 - INFO - utils.common - precision = 0.7213814456825487
12/21/2023 09:02:54 - INFO - utils.common - 计算 recall ing...
12/21/2023 09:02:54 - INFO - utils.common - result = {'f1score': 0.6360532312567835, 'acc': 0.665, 'precision': 0.7213814456825487, 'recall': 0.6459872767380525}
12/21/2023 09:02:54 - INFO - __main__ - Epoch:22, Val Accuracy:0.665, f1:0.6360532312567835

12/21/2023 09:02:54 - INFO - __main__ - lr:0.0001036736311836454
12/21/2023 09:02:54 - INFO - __main__ - ==========Epoch:23==========
Save best weights
12/21/2023 09:03:00 - INFO - utils.common - 计算 f1 score ing...
12/21/2023 09:03:00 - INFO - utils.common - F1score = 0.6020395420582869
12/21/2023 09:03:00 - INFO - utils.common - 计算 accuracy ing...
12/21/2023 09:03:00 - INFO - utils.common - acc = 0.645
12/21/2023 09:03:00 - INFO - utils.common - 计算 precision ing...
12/21/2023 09:03:00 - INFO - utils.common - precision = 0.6346382223996072
12/21/2023 09:03:00 - INFO - utils.common - 计算 recall ing...
12/21/2023 09:03:00 - INFO - utils.common - result = {'f1score': 0.6020395420582869, 'acc': 0.645, 'precision': 0.6346382223996072, 'recall': 0.6162373920282118}
12/21/2023 09:03:00 - INFO - __main__ - Epoch:23, Train Accuracy:0.645, f1:0.6020395420582869

Epoch: [23][0/7]	
12/21/2023 09:03:19 - INFO - utils.common - 计算 f1 score ing...
12/21/2023 09:03:19 - INFO - utils.common - F1score = 0.6493014686047226
12/21/2023 09:03:19 - INFO - utils.common - 计算 accuracy ing...
12/21/2023 09:03:19 - INFO - utils.common - acc = 0.67625
12/21/2023 09:03:19 - INFO - utils.common - 计算 precision ing...
12/21/2023 09:03:19 - INFO - utils.common - precision = 0.73111908913936
12/21/2023 09:03:19 - INFO - utils.common - 计算 recall ing...
12/21/2023 09:03:19 - INFO - utils.common - result = {'f1score': 0.6493014686047226, 'acc': 0.67625, 'precision': 0.73111908913936, 'recall': 0.6566494743775174}
12/21/2023 09:03:19 - INFO - __main__ - Epoch:23, Val Accuracy:0.67625, f1:0.6493014686047226

12/21/2023 09:03:19 - INFO - __main__ - lr:2.8683631183645395e-05
12/21/2023 09:03:19 - INFO - __main__ - ==========Epoch:24==========
Save best weights
12/21/2023 09:03:25 - INFO - utils.common - 计算 f1 score ing...
12/21/2023 09:03:25 - INFO - utils.common - F1score = 0.6106566406517356
12/21/2023 09:03:25 - INFO - utils.common - 计算 accuracy ing...
12/21/2023 09:03:25 - INFO - utils.common - acc = 0.6475
12/21/2023 09:03:25 - INFO - utils.common - 计算 precision ing...
12/21/2023 09:03:25 - INFO - utils.common - precision = 0.6529690922345698
12/21/2023 09:03:25 - INFO - utils.common - 计算 recall ing...
12/21/2023 09:03:25 - INFO - utils.common - result = {'f1score': 0.6106566406517356, 'acc': 0.6475, 'precision': 0.6529690922345698, 'recall': 0.622174178592734}
12/21/2023 09:03:25 - INFO - __main__ - Epoch:24, Train Accuracy:0.6475, f1:0.6106566406517356

Epoch: [24][0/7]	
12/21/2023 09:03:44 - INFO - utils.common - 计算 f1 score ing...
12/21/2023 09:03:44 - INFO - utils.common - F1score = 0.6550700219269925
12/21/2023 09:03:44 - INFO - utils.common - 计算 accuracy ing...
12/21/2023 09:03:44 - INFO - utils.common - acc = 0.68125
12/21/2023 09:03:44 - INFO - utils.common - 计算 precision ing...
12/21/2023 09:03:44 - INFO - utils.common - precision = 0.7316413643833936
12/21/2023 09:03:44 - INFO - utils.common - 计算 recall ing...
12/21/2023 09:03:44 - INFO - utils.common - result = {'f1score': 0.6550700219269925, 'acc': 0.68125, 'precision': 0.7316413643833936, 'recall': 0.6620203842647359}
12/21/2023 09:03:44 - INFO - __main__ - Epoch:24, Val Accuracy:0.68125, f1:0.6550700219269925

12/21/2023 09:03:44 - INFO - __main__ - lr:0.0003
12/21/2023 09:03:44 - INFO - __main__ - ==========Epoch:25==========
Save best weights
12/21/2023 09:03:50 - INFO - utils.common - 计算 f1 score ing...
12/21/2023 09:03:50 - INFO - utils.common - F1score = 0.6437885425538503
12/21/2023 09:03:50 - INFO - utils.common - 计算 accuracy ing...
12/21/2023 09:03:50 - INFO - utils.common - acc = 0.6775
12/21/2023 09:03:50 - INFO - utils.common - 计算 precision ing...
12/21/2023 09:03:50 - INFO - utils.common - precision = 0.6841442888472421
12/21/2023 09:03:50 - INFO - utils.common - 计算 recall ing...
12/21/2023 09:03:50 - INFO - utils.common - result = {'f1score': 0.6437885425538503, 'acc': 0.6775, 'precision': 0.6841442888472421, 'recall': 0.6517284762253454}
12/21/2023 09:03:50 - INFO - __main__ - Epoch:25, Train Accuracy:0.6775, f1:0.6437885425538503

Epoch: [25][0/7]	
12/21/2023 09:04:09 - INFO - utils.common - 计算 f1 score ing...
12/21/2023 09:04:09 - INFO - utils.common - F1score = 0.658341293275419
12/21/2023 09:04:09 - INFO - utils.common - 计算 accuracy ing...
12/21/2023 09:04:09 - INFO - utils.common - acc = 0.6825
12/21/2023 09:04:09 - INFO - utils.common - 计算 precision ing...
12/21/2023 09:04:09 - INFO - utils.common - precision = 0.743650928017605
12/21/2023 09:04:09 - INFO - utils.common - 计算 recall ing...
12/21/2023 09:04:09 - INFO - utils.common - result = {'f1score': 0.658341293275419, 'acc': 0.6825, 'precision': 0.743650928017605, 'recall': 0.6630311105858959}
12/21/2023 09:04:09 - INFO - __main__ - Epoch:25, Val Accuracy:0.6825, f1:0.658341293275419

12/21/2023 09:04:09 - INFO - __main__ - lr:0.00027135636881635457
12/21/2023 09:04:09 - INFO - __main__ - ==========Epoch:26==========
Save best weights
12/21/2023 09:04:15 - INFO - utils.common - 计算 f1 score ing...
12/21/2023 09:04:15 - INFO - utils.common - F1score = 0.6169203758107086
12/21/2023 09:04:15 - INFO - utils.common - 计算 accuracy ing...
12/21/2023 09:04:15 - INFO - utils.common - acc = 0.65
12/21/2023 09:04:15 - INFO - utils.common - 计算 precision ing...
12/21/2023 09:04:15 - INFO - utils.common - precision = 0.6700135666863072
12/21/2023 09:04:15 - INFO - utils.common - 计算 recall ing...
12/21/2023 09:04:15 - INFO - utils.common - result = {'f1score': 0.6169203758107086, 'acc': 0.65, 'precision': 0.6700135666863072, 'recall': 0.6264968098065791}
12/21/2023 09:04:15 - INFO - __main__ - Epoch:26, Train Accuracy:0.65, f1:0.6169203758107086

Epoch: [26][0/7]	
12/21/2023 09:04:34 - INFO - utils.common - 计算 f1 score ing...
12/21/2023 09:04:34 - INFO - utils.common - F1score = 0.6767264614774308
12/21/2023 09:04:34 - INFO - utils.common - 计算 accuracy ing...
12/21/2023 09:04:34 - INFO - utils.common - acc = 0.69705
12/21/2023 09:04:34 - INFO - utils.common - 计算 precision ing...
12/21/2023 09:04:34 - INFO - utils.common - precision = 0.7542599826298237
12/21/2023 09:04:34 - INFO - utils.common - 计算 recall ing...
12/21/2023 09:04:34 - INFO - utils.common - result = {'f1score': 0.6767264614774308, 'acc': 0.69705, 'precision': 0.7542599826298237, 'recall': 0.6798080328795558}
12/21/2023 09:04:34 - INFO - __main__ - Epoch:26, Val Accuracy:0.69705, f1:0.6767264614774308

12/21/2023 09:04:34 - INFO - __main__ - lr:0.0001963663688163546
12/21/2023 09:04:34 - INFO - __main__ - ==========Epoch:27==========
Save best weights
12/21/2023 09:04:40 - INFO - utils.common - 计算 f1 score ing...
12/21/2023 09:04:40 - INFO - utils.common - F1score = 0.6251561143721736
12/21/2023 09:04:40 - INFO - utils.common - 计算 accuracy ing...
12/21/2023 09:04:40 - INFO - utils.common - acc = 0.66375
12/21/2023 09:04:40 - INFO - utils.common - 计算 precision ing...
12/21/2023 09:04:40 - INFO - utils.common - precision = 0.663497508295212
12/21/2023 09:04:40 - INFO - utils.common - 计算 recall ing...
12/21/2023 09:04:40 - INFO - utils.common - result = {'f1score': 0.6251561143721736, 'acc': 0.66375, 'precision': 0.663497508295212, 'recall': 0.6379401935878187}
12/21/2023 09:04:40 - INFO - __main__ - Epoch:27, Train Accuracy:0.66375, f1:0.6251561143721736

Epoch: [27][0/7]	
12/21/2023 09:04:59 - INFO - utils.common - 计算 f1 score ing...
12/21/2023 09:04:59 - INFO - utils.common - F1score = 0.6978662410913437
12/21/2023 09:04:59 - INFO - utils.common - 计算 accuracy ing...
12/21/2023 09:04:59 - INFO - utils.common - acc = 0.7163
12/21/2023 09:04:59 - INFO - utils.common - 计算 precision ing...
12/21/2023 09:04:59 - INFO - utils.common - precision = 0.7653187686829046
12/21/2023 09:04:59 - INFO - utils.common - 计算 recall ing...
12/21/2023 09:04:59 - INFO - utils.common - result = {'f1score': 0.6978662410913437, 'acc': 0.7163, 'precision': 0.7653187686829046, 'recall': 0.6990995196593508}
12/21/2023 09:04:59 - INFO - __main__ - Epoch:27, Val Accuracy:0.7163, f1:0.6978662410913437

12/21/2023 09:04:59 - INFO - __main__ - lr:0.0001036736311836454
12/21/2023 09:04:59 - INFO - __main__ - ==========Epoch:28==========
Save best weights
12/21/2023 09:05:06 - INFO - utils.common - 计算 f1 score ing...
12/21/2023 09:05:06 - INFO - utils.common - F1score = 0.6412483786899502
12/21/2023 09:05:06 - INFO - utils.common - 计算 accuracy ing...
12/21/2023 09:05:06 - INFO - utils.common - acc = 0.675
12/21/2023 09:05:06 - INFO - utils.common - 计算 precision ing...
12/21/2023 09:05:06 - INFO - utils.common - precision = 0.6716995572009156
12/21/2023 09:05:06 - INFO - utils.common - 计算 recall ing...
12/21/2023 09:05:06 - INFO - utils.common - result = {'f1score': 0.6412483786899502, 'acc': 0.675, 'precision': 0.6716995572009156, 'recall': 0.6516809625557263}
12/21/2023 09:05:06 - INFO - __main__ - Epoch:28, Train Accuracy:0.675, f1:0.6412483786899502

Epoch: [28][0/7]	
12/21/2023 09:05:25 - INFO - utils.common - 计算 f1 score ing...
12/21/2023 09:05:25 - INFO - utils.common - F1score = 0.7093471647666922
12/21/2023 09:05:25 - INFO - utils.common - 计算 accuracy ing...
12/21/2023 09:05:25 - INFO - utils.common - acc = 0.7266
12/21/2023 09:05:25 - INFO - utils.common - 计算 precision ing...
12/21/2023 09:05:25 - INFO - utils.common - precision = 0.7687164751412163
12/21/2023 09:05:25 - INFO - utils.common - 计算 recall ing...
12/21/2023 09:05:25 - INFO - utils.common - result = {'f1score': 0.7093471647666922, 'acc': 0.7266, 'precision': 0.7687164751412163, 'recall': 0.7102194273752933}
12/21/2023 09:05:25 - INFO - __main__ - Epoch:28, Val Accuracy:0.7266, f1:0.7093471647666922

12/21/2023 09:05:25 - INFO - __main__ - lr:2.8683631183645395e-05
12/21/2023 09:05:25 - INFO - __main__ - ==========Epoch:29==========
Save best weights
12/21/2023 09:05:31 - INFO - utils.common - 计算 f1 score ing...
12/21/2023 09:05:31 - INFO - utils.common - F1score = 0.6562464728648253
12/21/2023 09:05:31 - INFO - utils.common - 计算 accuracy ing...
12/21/2023 09:05:31 - INFO - utils.common - acc = 0.67875
12/21/2023 09:05:31 - INFO - utils.common - 计算 precision ing...
12/21/2023 09:05:31 - INFO - utils.common - precision = 0.6854227671170867
12/21/2023 09:05:31 - INFO - utils.common - 计算 recall ing...
12/21/2023 09:05:31 - INFO - utils.common - result = {'f1score': 0.6562464728648253, 'acc': 0.67875, 'precision': 0.6854227671170867, 'recall': 0.661943253932476}
12/21/2023 09:05:31 - INFO - __main__ - Epoch:29, Train Accuracy:0.67875, f1:0.6562464728648253

Epoch: [29][0/7]	
12/21/2023 09:05:50 - INFO - utils.common - 计算 f1 score ing...
12/21/2023 09:05:50 - INFO - utils.common - F1score = 0.7099753759988137
12/21/2023 09:05:50 - INFO - utils.common - 计算 accuracy ing...
12/21/2023 09:05:50 - INFO - utils.common - acc = 0.727
12/21/2023 09:05:50 - INFO - utils.common - 计算 precision ing...
12/21/2023 09:05:50 - INFO - utils.common - precision = 0.7704778383981545
12/21/2023 09:05:50 - INFO - utils.common - 计算 recall ing...
12/21/2023 09:05:50 - INFO - utils.common - result = {'f1score': 0.7099753759988137, 'acc': 0.727, 'precision': 0.7704778383981545, 'recall': 0.7101246432437649}
12/21/2023 09:05:50 - INFO - __main__ - Epoch:29, Val Accuracy:0.727, f1:0.7099753759988137

12/21/2023 09:05:50 - INFO - __main__ - lr:0.0003
12/21/2023 09:05:50 - INFO - __main__ - ==========Epoch:30==========
Save best weights
12/21/2023 09:05:57 - INFO - utils.common - 计算 f1 score ing...
12/21/2023 09:05:57 - INFO - utils.common - F1score = 0.6596838979703366
12/21/2023 09:05:57 - INFO - utils.common - 计算 accuracy ing...
12/21/2023 09:05:57 - INFO - utils.common - acc = 0.6875
12/21/2023 09:05:57 - INFO - utils.common - 计算 precision ing...
12/21/2023 09:05:57 - INFO - utils.common - precision = 0.694486019664923
12/21/2023 09:05:57 - INFO - utils.common - 计算 recall ing...
12/21/2023 09:05:57 - INFO - utils.common - result = {'f1score': 0.6596838979703366, 'acc': 0.6875, 'precision': 0.694486019664923, 'recall': 0.6666280982382838}
12/21/2023 09:05:57 - INFO - __main__ - Epoch:30, Train Accuracy:0.6875, f1:0.6596838979703366

Epoch: [30][0/7]	
12/21/2023 09:06:15 - INFO - utils.common - 计算 f1 score ing...
12/21/2023 09:06:15 - INFO - utils.common - F1score = 0.7278715098710846
12/21/2023 09:06:15 - INFO - utils.common - 计算 accuracy ing...
12/21/2023 09:06:15 - INFO - utils.common - acc = 0.74185
12/21/2023 09:06:15 - INFO - utils.common - 计算 precision ing...
12/21/2023 09:06:15 - INFO - utils.common - precision = 0.7834109879788594
12/21/2023 09:06:15 - INFO - utils.common - 计算 recall ing...
12/21/2023 09:06:15 - INFO - utils.common - result = {'f1score': 0.7278715098710846, 'acc': 0.74185, 'precision': 0.7834109879788594, 'recall': 0.7252797774431134}
12/21/2023 09:06:15 - INFO - __main__ - Epoch:30, Val Accuracy:0.74185, f1:0.7278715098710846

12/21/2023 09:06:15 - INFO - __main__ - lr:0.00027135636881635457
12/21/2023 09:06:15 - INFO - __main__ - ==========Epoch:31==========
Save best weights
12/21/2023 09:06:21 - INFO - utils.common - 计算 f1 score ing...
12/21/2023 09:06:21 - INFO - utils.common - F1score = 0.6924002764051753
12/21/2023 09:06:21 - INFO - utils.common - 计算 accuracy ing...
12/21/2023 09:06:21 - INFO - utils.common - acc = 0.7125
12/21/2023 09:06:21 - INFO - utils.common - 计算 precision ing...
12/21/2023 09:06:21 - INFO - utils.common - precision = 0.7252974920489567
12/21/2023 09:06:21 - INFO - utils.common - 计算 recall ing...
12/21/2023 09:06:21 - INFO - utils.common - result = {'f1score': 0.6924002764051753, 'acc': 0.7125, 'precision': 0.7252974920489567, 'recall': 0.6927585644050012}
12/21/2023 09:06:21 - INFO - __main__ - Epoch:31, Train Accuracy:0.7125, f1:0.6924002764051753

Epoch: [31][0/7]	
12/21/2023 09:06:40 - INFO - utils.common - 计算 f1 score ing...
12/21/2023 09:06:40 - INFO - utils.common - F1score = 0.7439719533816811
12/21/2023 09:06:40 - INFO - utils.common - 计算 accuracy ing...
12/21/2023 09:06:40 - INFO - utils.common - acc = 0.75565
12/21/2023 09:06:40 - INFO - utils.common - 计算 precision ing...
12/21/2023 09:06:40 - INFO - utils.common - precision = 0.7919497298993183
12/21/2023 09:06:40 - INFO - utils.common - 计算 recall ing...
12/21/2023 09:06:40 - INFO - utils.common - result = {'f1score': 0.7439719533816811, 'acc': 0.75565, 'precision': 0.7919497298993183, 'recall': 0.7404431477864286}
12/21/2023 09:06:40 - INFO - __main__ - Epoch:31, Val Accuracy:0.75565, f1:0.7439719533816811

12/21/2023 09:06:40 - INFO - __main__ - lr:0.0001963663688163546
12/21/2023 09:06:40 - INFO - __main__ - ==========Epoch:32==========
Save best weights
12/21/2023 09:06:47 - INFO - utils.common - 计算 f1 score ing...
12/21/2023 09:06:47 - INFO - utils.common - F1score = 0.6778978338426686
12/21/2023 09:06:47 - INFO - utils.common - 计算 accuracy ing...
12/21/2023 09:06:47 - INFO - utils.common - acc = 0.69625
12/21/2023 09:06:47 - INFO - utils.common - 计算 precision ing...
12/21/2023 09:06:47 - INFO - utils.common - precision = 0.720141845907099
12/21/2023 09:06:47 - INFO - utils.common - 计算 recall ing...
12/21/2023 09:06:47 - INFO - utils.common - result = {'f1score': 0.6778978338426686, 'acc': 0.69625, 'precision': 0.720141845907099, 'recall': 0.6765565067929985}
12/21/2023 09:06:47 - INFO - __main__ - Epoch:32, Train Accuracy:0.69625, f1:0.6778978338426686

Epoch: [32][0/7]	
12/21/2023 09:07:05 - INFO - utils.common - 计算 f1 score ing...
12/21/2023 09:07:05 - INFO - utils.common - F1score = 0.7536664591170776
12/21/2023 09:07:05 - INFO - utils.common - 计算 accuracy ing...
12/21/2023 09:07:06 - INFO - utils.common - acc = 0.76435
12/21/2023 09:07:06 - INFO - utils.common - 计算 precision ing...
12/21/2023 09:07:06 - INFO - utils.common - precision = 0.7977072164199783
12/21/2023 09:07:06 - INFO - utils.common - 计算 recall ing...
12/21/2023 09:07:06 - INFO - utils.common - result = {'f1score': 0.7536664591170776, 'acc': 0.76435, 'precision': 0.7977072164199783, 'recall': 0.7500469242323491}
12/21/2023 09:07:06 - INFO - __main__ - Epoch:32, Val Accuracy:0.76435, f1:0.7536664591170776

12/21/2023 09:07:06 - INFO - __main__ - lr:0.0001036736311836454
12/21/2023 09:07:06 - INFO - __main__ - ==========Epoch:33==========
Save best weights
12/21/2023 09:07:12 - INFO - utils.common - 计算 f1 score ing...
12/21/2023 09:07:12 - INFO - utils.common - F1score = 0.6914580026498481
12/21/2023 09:07:12 - INFO - utils.common - 计算 accuracy ing...
12/21/2023 09:07:12 - INFO - utils.common - acc = 0.71875
12/21/2023 09:07:12 - INFO - utils.common - 计算 precision ing...
12/21/2023 09:07:12 - INFO - utils.common - precision = 0.7296853922427284
12/21/2023 09:07:12 - INFO - utils.common - 计算 recall ing...
12/21/2023 09:07:12 - INFO - utils.common - result = {'f1score': 0.6914580026498481, 'acc': 0.71875, 'precision': 0.7296853922427284, 'recall': 0.6962736067265846}
12/21/2023 09:07:12 - INFO - __main__ - Epoch:33, Train Accuracy:0.71875, f1:0.6914580026498481

Epoch: [33][0/7]	
12/21/2023 09:07:30 - INFO - utils.common - 计算 f1 score ing...
12/21/2023 09:07:30 - INFO - utils.common - F1score = 0.7559530630633331
12/21/2023 09:07:30 - INFO - utils.common - 计算 accuracy ing...
12/21/2023 09:07:30 - INFO - utils.common - acc = 0.76685
12/21/2023 09:07:30 - INFO - utils.common - 计算 precision ing...
12/21/2023 09:07:30 - INFO - utils.common - precision = 0.7992817078373774
12/21/2023 09:07:30 - INFO - utils.common - 计算 recall ing...
12/21/2023 09:07:30 - INFO - utils.common - result = {'f1score': 0.7559530630633331, 'acc': 0.76685, 'precision': 0.7992817078373774, 'recall': 0.7516616894564634}
12/21/2023 09:07:30 - INFO - __main__ - Epoch:33, Val Accuracy:0.76685, f1:0.7559530630633331

12/21/2023 09:07:30 - INFO - __main__ - lr:2.8683631183645395e-05
12/21/2023 09:07:31 - INFO - __main__ - ==========Epoch:34==========
Save best weights
12/21/2023 09:07:37 - INFO - utils.common - 计算 f1 score ing...
12/21/2023 09:07:37 - INFO - utils.common - F1score = 0.6592019383456411
12/21/2023 09:07:37 - INFO - utils.common - 计算 accuracy ing...
12/21/2023 09:07:37 - INFO - utils.common - acc = 0.68125
12/21/2023 09:07:37 - INFO - utils.common - 计算 precision ing...
12/21/2023 09:07:37 - INFO - utils.common - precision = 0.6796880793414445
12/21/2023 09:07:37 - INFO - utils.common - 计算 recall ing...
12/21/2023 09:07:37 - INFO - utils.common - result = {'f1score': 0.6592019383456411, 'acc': 0.68125, 'precision': 0.6796880793414445, 'recall': 0.6615282527339656}
12/21/2023 09:07:37 - INFO - __main__ - Epoch:34, Train Accuracy:0.68125, f1:0.6592019383456411

Epoch: [34][0/7]	
12/21/2023 09:07:55 - INFO - utils.common - 计算 f1 score ing...
12/21/2023 09:07:55 - INFO - utils.common - F1score = 0.7579178049828641
12/21/2023 09:07:55 - INFO - utils.common - 计算 accuracy ing...
12/21/2023 09:07:55 - INFO - utils.common - acc = 0.76705
12/21/2023 09:07:55 - INFO - utils.common - 计算 precision ing...
12/21/2023 09:07:55 - INFO - utils.common - precision = 0.8008475201870259
12/21/2023 09:07:55 - INFO - utils.common - 计算 recall ing...
12/21/2023 09:07:55 - INFO - utils.common - result = {'f1score': 0.7579178049828641, 'acc': 0.76705, 'precision': 0.8008475201870259, 'recall': 0.7528807558026129}
12/21/2023 09:07:55 - INFO - __main__ - Epoch:34, Val Accuracy:0.76705, f1:0.7579178049828641

12/21/2023 09:07:55 - INFO - __main__ - lr:0.0003
12/21/2023 09:07:56 - INFO - __main__ - ==========Epoch:35==========
Save best weights
12/21/2023 09:08:01 - INFO - utils.common - 计算 f1 score ing...
12/21/2023 09:08:01 - INFO - utils.common - F1score = 0.6842992299803672
12/21/2023 09:08:01 - INFO - utils.common - 计算 accuracy ing...
12/21/2023 09:08:01 - INFO - utils.common - acc = 0.705
12/21/2023 09:08:01 - INFO - utils.common - 计算 precision ing...
12/21/2023 09:08:01 - INFO - utils.common - precision = 0.7042728575326187
12/21/2023 09:08:01 - INFO - utils.common - 计算 recall ing...
12/21/2023 09:08:01 - INFO - utils.common - result = {'f1score': 0.6842992299803672, 'acc': 0.705, 'precision': 0.7042728575326187, 'recall': 0.6854375021443037}
12/21/2023 09:08:01 - INFO - __main__ - Epoch:35, Train Accuracy:0.705, f1:0.6842992299803672

Epoch: [35][0/7]	
12/21/2023 09:08:20 - INFO - utils.common - 计算 f1 score ing...
12/21/2023 09:08:20 - INFO - utils.common - F1score = 0.7631685699072244
12/21/2023 09:08:20 - INFO - utils.common - 计算 accuracy ing...
12/21/2023 09:08:20 - INFO - utils.common - acc = 0.77295
12/21/2023 09:08:20 - INFO - utils.common - 计算 precision ing...
12/21/2023 09:08:20 - INFO - utils.common - precision = 0.8087185314578554
12/21/2023 09:08:20 - INFO - utils.common - 计算 recall ing...
12/21/2023 09:08:20 - INFO - utils.common - result = {'f1score': 0.7631685699072244, 'acc': 0.77295, 'precision': 0.8087185314578554, 'recall': 0.7573741780681719}
12/21/2023 09:08:20 - INFO - __main__ - Epoch:35, Val Accuracy:0.77295, f1:0.7631685699072244

12/21/2023 09:08:20 - INFO - __main__ - lr:0.00027135636881635457
12/21/2023 09:08:20 - INFO - __main__ - ==========Epoch:36==========
Save best weights
12/21/2023 09:08:26 - INFO - utils.common - 计算 f1 score ing...
12/21/2023 09:08:26 - INFO - utils.common - F1score = 0.6531877469755814
12/21/2023 09:08:26 - INFO - utils.common - 计算 accuracy ing...
12/21/2023 09:08:26 - INFO - utils.common - acc = 0.68375
12/21/2023 09:08:26 - INFO - utils.common - 计算 precision ing...
12/21/2023 09:08:26 - INFO - utils.common - precision = 0.6973067244616207
12/21/2023 09:08:26 - INFO - utils.common - 计算 recall ing...
12/21/2023 09:08:26 - INFO - utils.common - result = {'f1score': 0.6531877469755814, 'acc': 0.68375, 'precision': 0.6973067244616207, 'recall': 0.6604236146259717}
12/21/2023 09:08:26 - INFO - __main__ - Epoch:36, Train Accuracy:0.68375, f1:0.6531877469755814

Epoch: [36][0/7]	
12/21/2023 09:08:45 - INFO - utils.common - 计算 f1 score ing...
12/21/2023 09:08:45 - INFO - utils.common - F1score = 0.7676061015429343
12/21/2023 09:08:45 - INFO - utils.common - 计算 accuracy ing...
12/21/2023 09:08:45 - INFO - utils.common - acc = 0.7769
12/21/2023 09:08:45 - INFO - utils.common - 计算 precision ing...
12/21/2023 09:08:45 - INFO - utils.common - precision = 0.813747119539449
12/21/2023 09:08:45 - INFO - utils.common - 计算 recall ing...
12/21/2023 09:08:45 - INFO - utils.common - result = {'f1score': 0.7676061015429343, 'acc': 0.7769, 'precision': 0.813747119539449, 'recall': 0.7606363740699975}
12/21/2023 09:08:45 - INFO - __main__ - Epoch:36, Val Accuracy:0.7769, f1:0.7676061015429343

12/21/2023 09:08:45 - INFO - __main__ - lr:0.0001963663688163546
12/21/2023 09:08:45 - INFO - __main__ - ==========Epoch:37==========
Save best weights
12/21/2023 09:08:51 - INFO - utils.common - 计算 f1 score ing...
12/21/2023 09:08:51 - INFO - utils.common - F1score = 0.6877556502484706
12/21/2023 09:08:51 - INFO - utils.common - 计算 accuracy ing...
12/21/2023 09:08:51 - INFO - utils.common - acc = 0.71375
12/21/2023 09:08:51 - INFO - utils.common - 计算 precision ing...
12/21/2023 09:08:51 - INFO - utils.common - precision = 0.7214205838391882
12/21/2023 09:08:51 - INFO - utils.common - 计算 recall ing...
12/21/2023 09:08:51 - INFO - utils.common - result = {'f1score': 0.6877556502484706, 'acc': 0.71375, 'precision': 0.7214205838391882, 'recall': 0.6918421675647551}
12/21/2023 09:08:51 - INFO - __main__ - Epoch:37, Train Accuracy:0.71375, f1:0.6877556502484706

Epoch: [37][0/7]	
12/21/2023 09:09:10 - INFO - utils.common - 计算 f1 score ing...
12/21/2023 09:09:10 - INFO - utils.common - F1score = 0.7778703624101426
12/21/2023 09:09:10 - INFO - utils.common - 计算 accuracy ing...
12/21/2023 09:09:10 - INFO - utils.common - acc = 0.7848
12/21/2023 09:09:10 - INFO - utils.common - 计算 precision ing...
12/21/2023 09:09:10 - INFO - utils.common - precision = 0.8228756829775445
12/21/2023 09:09:10 - INFO - utils.common - 计算 recall ing...
12/21/2023 09:09:10 - INFO - utils.common - result = {'f1score': 0.7778703624101426, 'acc': 0.7848, 'precision': 0.8228756829775445, 'recall': 0.769347571146874}
12/21/2023 09:09:10 - INFO - __main__ - Epoch:37, Val Accuracy:0.7848, f1:0.7778703624101426

12/21/2023 09:09:10 - INFO - __main__ - lr:0.0001036736311836454
12/21/2023 09:09:10 - INFO - __main__ - ==========Epoch:38==========
Save best weights
12/21/2023 09:09:16 - INFO - utils.common - 计算 f1 score ing...
12/21/2023 09:09:16 - INFO - utils.common - F1score = 0.7182886835567772
12/21/2023 09:09:16 - INFO - utils.common - 计算 accuracy ing...
12/21/2023 09:09:16 - INFO - utils.common - acc = 0.73625
12/21/2023 09:09:16 - INFO - utils.common - 计算 precision ing...
12/21/2023 09:09:16 - INFO - utils.common - precision = 0.7476243227299528
12/21/2023 09:09:16 - INFO - utils.common - 计算 recall ing...
12/21/2023 09:09:16 - INFO - utils.common - result = {'f1score': 0.7182886835567772, 'acc': 0.73625, 'precision': 0.7476243227299528, 'recall': 0.7182685199021921}
12/21/2023 09:09:16 - INFO - __main__ - Epoch:38, Train Accuracy:0.73625, f1:0.7182886835567772

Epoch: [38][0/7]	
12/21/2023 09:09:35 - INFO - utils.common - 计算 f1 score ing...
12/21/2023 09:09:35 - INFO - utils.common - F1score = 0.784697960446917
12/21/2023 09:09:35 - INFO - utils.common - 计算 accuracy ing...
12/21/2023 09:09:35 - INFO - utils.common - acc = 0.79005
12/21/2023 09:09:35 - INFO - utils.common - 计算 precision ing...
12/21/2023 09:09:35 - INFO - utils.common - precision = 0.8257019197199741
12/21/2023 09:09:35 - INFO - utils.common - 计算 recall ing...
12/21/2023 09:09:35 - INFO - utils.common - result = {'f1score': 0.784697960446917, 'acc': 0.79005, 'precision': 0.8257019197199741, 'recall': 0.7761065527291625}
12/21/2023 09:09:35 - INFO - __main__ - Epoch:38, Val Accuracy:0.79005, f1:0.784697960446917

12/21/2023 09:09:35 - INFO - __main__ - lr:2.8683631183645395e-05
12/21/2023 09:09:35 - INFO - __main__ - ==========Epoch:39==========
Save best weights
12/21/2023 09:09:41 - INFO - utils.common - 计算 f1 score ing...
12/21/2023 09:09:41 - INFO - utils.common - F1score = 0.7221186662701866
12/21/2023 09:09:41 - INFO - utils.common - 计算 accuracy ing...
12/21/2023 09:09:41 - INFO - utils.common - acc = 0.7375
12/21/2023 09:09:41 - INFO - utils.common - 计算 precision ing...
12/21/2023 09:09:41 - INFO - utils.common - precision = 0.7493057048631411
12/21/2023 09:09:41 - INFO - utils.common - 计算 recall ing...
12/21/2023 09:09:41 - INFO - utils.common - result = {'f1score': 0.7221186662701866, 'acc': 0.7375, 'precision': 0.7493057048631411, 'recall': 0.7227092293541577}
12/21/2023 09:09:41 - INFO - __main__ - Epoch:39, Train Accuracy:0.7375, f1:0.7221186662701866

Epoch: [39][0/7]	
12/21/2023 09:09:59 - INFO - utils.common - 计算 f1 score ing...
12/21/2023 09:09:59 - INFO - utils.common - F1score = 0.7855474303893345
12/21/2023 09:09:59 - INFO - utils.common - 计算 accuracy ing...
12/21/2023 09:09:59 - INFO - utils.common - acc = 0.7914
12/21/2023 09:09:59 - INFO - utils.common - 计算 precision ing...
12/21/2023 09:09:59 - INFO - utils.common - precision = 0.8248426876468762
12/21/2023 09:09:59 - INFO - utils.common - 计算 recall ing...
12/21/2023 09:09:59 - INFO - utils.common - result = {'f1score': 0.7855474303893345, 'acc': 0.7914, 'precision': 0.8248426876468762, 'recall': 0.7776076111439538}
12/21/2023 09:09:59 - INFO - __main__ - Epoch:39, Val Accuracy:0.7914, f1:0.7855474303893345

12/21/2023 09:09:59 - INFO - __main__ - lr:0.0003
Save best weights
Test
12/21/2023 09:10:06 - INFO - utils.common - 计算 f1 score ing...
12/21/2023 09:10:06 - INFO - utils.common - F1score = 0.7942284490497894
12/21/2023 09:10:06 - INFO - utils.common - 计算 accuracy ing...
12/21/2023 09:10:06 - INFO - utils.common - acc = 0.8314763231197771
12/21/2023 09:10:06 - INFO - utils.common - 计算 precision ing...
12/21/2023 09:10:06 - INFO - utils.common - precision = 0.8334945897743999
12/21/2023 09:10:06 - INFO - utils.common - 计算 recall ing...
12/21/2023 09:10:06 - INFO - utils.common - result = {'f1score': 0.7942284490497894, 'acc': 0.8314763231197771, 'precision': 0.8334945897743999, 'recall': 0.7954283006845038}
12/21/2023 09:10:06 - INFO - __main__ - test_f1:0.7942284490497894, test_acc:0.8314763231197771, test_precision:0.8334945897743999, test_recall:0.7954283006845038
12/21/2023 09:10:06 - INFO - __main__ - Finish fine-turning...
