nohup: ignoring input
12/21/2023 09:15:25 - INFO - __main__ - 设置 seed 为:  3
12/21/2023 09:15:25 - INFO - __main__ - Start fine-turning...
12/21/2023 09:15:30 - INFO - __main__ - ==========Epoch:0==========
=> no checkpoint found at '
12/21/2023 09:15:48 - INFO - utils.common - 计算 f1 score ing...
12/21/2023 09:15:48 - INFO - utils.common - F1score = 0.29349739327874713
12/21/2023 09:15:48 - INFO - utils.common - 计算 accuracy ing...
12/21/2023 09:15:48 - INFO - utils.common - acc = 0.311125
12/21/2023 09:15:48 - INFO - utils.common - 计算 precision ing...
12/21/2023 09:15:48 - INFO - utils.common - precision = 0.31079646924864324
12/21/2023 09:15:48 - INFO - utils.common - 计算 recall ing...
12/21/2023 09:15:48 - INFO - utils.common - result = {'f1score': 0.29349739327874713, 'acc': 0.311125, 'precision': 0.31079646924864324, 'recall': 0.3000919170779084}
12/21/2023 09:15:48 - INFO - __main__ - Epoch:0, Train Accuracy:0.311125, f1:0.29349739327874713

Epoch: [0][0/63]	
12/21/2023 09:16:08 - INFO - utils.common - 计算 f1 score ing...
12/21/2023 09:16:08 - INFO - utils.common - F1score = 0.532061296462247
12/21/2023 09:16:08 - INFO - utils.common - 计算 accuracy ing...
12/21/2023 09:16:08 - INFO - utils.common - acc = 0.6015
12/21/2023 09:16:08 - INFO - utils.common - 计算 precision ing...
12/21/2023 09:16:08 - INFO - utils.common - precision = 0.6202219264220225
12/21/2023 09:16:08 - INFO - utils.common - 计算 recall ing...
12/21/2023 09:16:08 - INFO - utils.common - result = {'f1score': 0.532061296462247, 'acc': 0.6015, 'precision': 0.6202219264220225, 'recall': 0.5702645035015691}
12/21/2023 09:16:08 - INFO - __main__ - Epoch:0, Val Accuracy:0.6015, f1:0.532061296462247

12/21/2023 09:16:08 - INFO - __main__ - lr:0.00027135636881635457
12/21/2023 09:16:08 - INFO - __main__ - ==========Epoch:1==========
Save best weights
12/21/2023 09:16:33 - INFO - utils.common - 计算 f1 score ing...
12/21/2023 09:16:33 - INFO - utils.common - F1score = 0.5804029890782446
12/21/2023 09:16:33 - INFO - utils.common - 计算 accuracy ing...
12/21/2023 09:16:33 - INFO - utils.common - acc = 0.609375
12/21/2023 09:16:33 - INFO - utils.common - 计算 precision ing...
12/21/2023 09:16:33 - INFO - utils.common - precision = 0.6090907559480532
12/21/2023 09:16:33 - INFO - utils.common - 计算 recall ing...
12/21/2023 09:16:33 - INFO - utils.common - result = {'f1score': 0.5804029890782446, 'acc': 0.609375, 'precision': 0.6090907559480532, 'recall': 0.5906552442587201}
12/21/2023 09:16:33 - INFO - __main__ - Epoch:1, Train Accuracy:0.609375, f1:0.5804029890782446

Epoch: [1][0/63]	
12/21/2023 09:16:52 - INFO - utils.common - 计算 f1 score ing...
12/21/2023 09:16:52 - INFO - utils.common - F1score = 0.6981286987547147
12/21/2023 09:16:52 - INFO - utils.common - 计算 accuracy ing...
12/21/2023 09:16:52 - INFO - utils.common - acc = 0.7317
12/21/2023 09:16:52 - INFO - utils.common - 计算 precision ing...
12/21/2023 09:16:52 - INFO - utils.common - precision = 0.7844125272530504
12/21/2023 09:16:52 - INFO - utils.common - 计算 recall ing...
12/21/2023 09:16:52 - INFO - utils.common - result = {'f1score': 0.6981286987547147, 'acc': 0.7317, 'precision': 0.7844125272530504, 'recall': 0.7052425226353398}
12/21/2023 09:16:52 - INFO - __main__ - Epoch:1, Val Accuracy:0.7317, f1:0.6981286987547147

12/21/2023 09:16:52 - INFO - __main__ - lr:0.0001963663688163546
12/21/2023 09:16:52 - INFO - __main__ - ==========Epoch:2==========
Save best weights
12/21/2023 09:17:16 - INFO - utils.common - 计算 f1 score ing...
12/21/2023 09:17:16 - INFO - utils.common - F1score = 0.6867366459114429
12/21/2023 09:17:16 - INFO - utils.common - 计算 accuracy ing...
12/21/2023 09:17:16 - INFO - utils.common - acc = 0.706625
12/21/2023 09:17:16 - INFO - utils.common - 计算 precision ing...
12/21/2023 09:17:16 - INFO - utils.common - precision = 0.7123887070006739
12/21/2023 09:17:16 - INFO - utils.common - 计算 recall ing...
12/21/2023 09:17:16 - INFO - utils.common - result = {'f1score': 0.6867366459114429, 'acc': 0.706625, 'precision': 0.7123887070006739, 'recall': 0.6912433254382662}
12/21/2023 09:17:16 - INFO - __main__ - Epoch:2, Train Accuracy:0.706625, f1:0.6867366459114429

Epoch: [2][0/63]	
12/21/2023 09:17:33 - INFO - utils.common - 计算 f1 score ing...
12/21/2023 09:17:33 - INFO - utils.common - F1score = 0.7895534492681064
12/21/2023 09:17:33 - INFO - utils.common - 计算 accuracy ing...
12/21/2023 09:17:33 - INFO - utils.common - acc = 0.8036
12/21/2023 09:17:33 - INFO - utils.common - 计算 precision ing...
12/21/2023 09:17:33 - INFO - utils.common - precision = 0.8318525572346412
12/21/2023 09:17:33 - INFO - utils.common - 计算 recall ing...
12/21/2023 09:17:33 - INFO - utils.common - result = {'f1score': 0.7895534492681064, 'acc': 0.8036, 'precision': 0.8318525572346412, 'recall': 0.7851455734046496}
12/21/2023 09:17:33 - INFO - __main__ - Epoch:2, Val Accuracy:0.8036, f1:0.7895534492681064

12/21/2023 09:17:33 - INFO - __main__ - lr:0.0001036736311836454
12/21/2023 09:17:33 - INFO - __main__ - ==========Epoch:3==========
Save best weights
12/21/2023 09:17:59 - INFO - utils.common - 计算 f1 score ing...
12/21/2023 09:17:59 - INFO - utils.common - F1score = 0.7260156522284428
12/21/2023 09:17:59 - INFO - utils.common - 计算 accuracy ing...
12/21/2023 09:17:59 - INFO - utils.common - acc = 0.737375
12/21/2023 09:17:59 - INFO - utils.common - 计算 precision ing...
12/21/2023 09:17:59 - INFO - utils.common - precision = 0.7384752532110761
12/21/2023 09:17:59 - INFO - utils.common - 计算 recall ing...
12/21/2023 09:17:59 - INFO - utils.common - result = {'f1score': 0.7260156522284428, 'acc': 0.737375, 'precision': 0.7384752532110761, 'recall': 0.7258509390679911}
12/21/2023 09:17:59 - INFO - __main__ - Epoch:3, Train Accuracy:0.737375, f1:0.7260156522284428

Epoch: [3][0/63]	
12/21/2023 09:18:16 - INFO - utils.common - 计算 f1 score ing...
12/21/2023 09:18:16 - INFO - utils.common - F1score = 0.8053558949886352
12/21/2023 09:18:16 - INFO - utils.common - 计算 accuracy ing...
12/21/2023 09:18:16 - INFO - utils.common - acc = 0.81615
12/21/2023 09:18:16 - INFO - utils.common - 计算 precision ing...
12/21/2023 09:18:16 - INFO - utils.common - precision = 0.8453580088614311
12/21/2023 09:18:16 - INFO - utils.common - 计算 recall ing...
12/21/2023 09:18:16 - INFO - utils.common - result = {'f1score': 0.8053558949886352, 'acc': 0.81615, 'precision': 0.8453580088614311, 'recall': 0.7991006185778696}
12/21/2023 09:18:16 - INFO - __main__ - Epoch:3, Val Accuracy:0.81615, f1:0.8053558949886352

12/21/2023 09:18:16 - INFO - __main__ - lr:2.8683631183645395e-05
12/21/2023 09:18:16 - INFO - __main__ - ==========Epoch:4==========
Save best weights
12/21/2023 09:18:43 - INFO - utils.common - 计算 f1 score ing...
12/21/2023 09:18:43 - INFO - utils.common - F1score = 0.7354315705951563
12/21/2023 09:18:43 - INFO - utils.common - 计算 accuracy ing...
12/21/2023 09:18:43 - INFO - utils.common - acc = 0.745125
12/21/2023 09:18:43 - INFO - utils.common - 计算 precision ing...
12/21/2023 09:18:43 - INFO - utils.common - precision = 0.750820630379189
12/21/2023 09:18:43 - INFO - utils.common - 计算 recall ing...
12/21/2023 09:18:43 - INFO - utils.common - result = {'f1score': 0.7354315705951563, 'acc': 0.745125, 'precision': 0.750820630379189, 'recall': 0.7346352836808853}
12/21/2023 09:18:43 - INFO - __main__ - Epoch:4, Train Accuracy:0.745125, f1:0.7354315705951563

Epoch: [4][0/63]	
12/21/2023 09:19:01 - INFO - utils.common - 计算 f1 score ing...
12/21/2023 09:19:01 - INFO - utils.common - F1score = 0.8214554656170505
12/21/2023 09:19:01 - INFO - utils.common - 计算 accuracy ing...
12/21/2023 09:19:01 - INFO - utils.common - acc = 0.83035
12/21/2023 09:19:01 - INFO - utils.common - 计算 precision ing...
12/21/2023 09:19:01 - INFO - utils.common - precision = 0.8542618862290416
12/21/2023 09:19:01 - INFO - utils.common - 计算 recall ing...
12/21/2023 09:19:01 - INFO - utils.common - result = {'f1score': 0.8214554656170505, 'acc': 0.83035, 'precision': 0.8542618862290416, 'recall': 0.8154134746600176}
12/21/2023 09:19:01 - INFO - __main__ - Epoch:4, Val Accuracy:0.83035, f1:0.8214554656170505

12/21/2023 09:19:01 - INFO - __main__ - lr:0.0003
12/21/2023 09:19:01 - INFO - __main__ - ==========Epoch:5==========
Save best weights
12/21/2023 09:19:28 - INFO - utils.common - 计算 f1 score ing...
12/21/2023 09:19:28 - INFO - utils.common - F1score = 0.7654920734559286
12/21/2023 09:19:28 - INFO - utils.common - 计算 accuracy ing...
12/21/2023 09:19:28 - INFO - utils.common - acc = 0.774
12/21/2023 09:19:28 - INFO - utils.common - 计算 precision ing...
12/21/2023 09:19:28 - INFO - utils.common - precision = 0.7768765039753285
12/21/2023 09:19:28 - INFO - utils.common - 计算 recall ing...
12/21/2023 09:19:28 - INFO - utils.common - result = {'f1score': 0.7654920734559286, 'acc': 0.774, 'precision': 0.7768765039753285, 'recall': 0.7650829879954839}
12/21/2023 09:19:28 - INFO - __main__ - Epoch:5, Train Accuracy:0.774, f1:0.7654920734559286

Epoch: [5][0/63]	
12/21/2023 09:19:46 - INFO - utils.common - 计算 f1 score ing...
12/21/2023 09:19:46 - INFO - utils.common - F1score = 0.8579341459245889
12/21/2023 09:19:46 - INFO - utils.common - 计算 accuracy ing...
12/21/2023 09:19:46 - INFO - utils.common - acc = 0.8622
12/21/2023 09:19:46 - INFO - utils.common - 计算 precision ing...
12/21/2023 09:19:46 - INFO - utils.common - precision = 0.8777390896154732
12/21/2023 09:19:46 - INFO - utils.common - 计算 recall ing...
12/21/2023 09:19:46 - INFO - utils.common - result = {'f1score': 0.8579341459245889, 'acc': 0.8622, 'precision': 0.8777390896154732, 'recall': 0.8516028065939706}
12/21/2023 09:19:46 - INFO - __main__ - Epoch:5, Val Accuracy:0.8622, f1:0.8579341459245889

12/21/2023 09:19:46 - INFO - __main__ - lr:0.00027135636881635457
12/21/2023 09:19:46 - INFO - __main__ - ==========Epoch:6==========
Save best weights
12/21/2023 09:20:14 - INFO - utils.common - 计算 f1 score ing...
12/21/2023 09:20:14 - INFO - utils.common - F1score = 0.805601770612469
12/21/2023 09:20:14 - INFO - utils.common - 计算 accuracy ing...
12/21/2023 09:20:14 - INFO - utils.common - acc = 0.81025
12/21/2023 09:20:14 - INFO - utils.common - 计算 precision ing...
12/21/2023 09:20:14 - INFO - utils.common - precision = 0.812787584980081
12/21/2023 09:20:14 - INFO - utils.common - 计算 recall ing...
12/21/2023 09:20:14 - INFO - utils.common - result = {'f1score': 0.805601770612469, 'acc': 0.81025, 'precision': 0.812787584980081, 'recall': 0.8032675848572304}
12/21/2023 09:20:14 - INFO - __main__ - Epoch:6, Train Accuracy:0.81025, f1:0.805601770612469

Epoch: [6][0/63]	
12/21/2023 09:20:34 - INFO - utils.common - 计算 f1 score ing...
12/21/2023 09:20:34 - INFO - utils.common - F1score = 0.8841856674650449
12/21/2023 09:20:34 - INFO - utils.common - 计算 accuracy ing...
12/21/2023 09:20:34 - INFO - utils.common - acc = 0.88605
12/21/2023 09:20:34 - INFO - utils.common - 计算 precision ing...
12/21/2023 09:20:34 - INFO - utils.common - precision = 0.8959588633534119
12/21/2023 09:20:34 - INFO - utils.common - 计算 recall ing...
12/21/2023 09:20:34 - INFO - utils.common - result = {'f1score': 0.8841856674650449, 'acc': 0.88605, 'precision': 0.8959588633534119, 'recall': 0.8792413088710818}
12/21/2023 09:20:34 - INFO - __main__ - Epoch:6, Val Accuracy:0.88605, f1:0.8841856674650449

12/21/2023 09:20:34 - INFO - __main__ - lr:0.0001963663688163546
12/21/2023 09:20:34 - INFO - __main__ - ==========Epoch:7==========
Save best weights
12/21/2023 09:21:01 - INFO - utils.common - 计算 f1 score ing...
12/21/2023 09:21:01 - INFO - utils.common - F1score = 0.8191446576905111
12/21/2023 09:21:01 - INFO - utils.common - 计算 accuracy ing...
12/21/2023 09:21:01 - INFO - utils.common - acc = 0.822625
12/21/2023 09:21:01 - INFO - utils.common - 计算 precision ing...
12/21/2023 09:21:01 - INFO - utils.common - precision = 0.8225557230269815
12/21/2023 09:21:01 - INFO - utils.common - 计算 recall ing...
12/21/2023 09:21:01 - INFO - utils.common - result = {'f1score': 0.8191446576905111, 'acc': 0.822625, 'precision': 0.8225557230269815, 'recall': 0.8180651147948955}
12/21/2023 09:21:01 - INFO - __main__ - Epoch:7, Train Accuracy:0.822625, f1:0.8191446576905111

Epoch: [7][0/63]	
12/21/2023 09:21:21 - INFO - utils.common - 计算 f1 score ing...
12/21/2023 09:21:22 - INFO - utils.common - F1score = 0.8936191227497586
12/21/2023 09:21:22 - INFO - utils.common - 计算 accuracy ing...
12/21/2023 09:21:22 - INFO - utils.common - acc = 0.89555
12/21/2023 09:21:22 - INFO - utils.common - 计算 precision ing...
12/21/2023 09:21:22 - INFO - utils.common - precision = 0.9040566549811141
12/21/2023 09:21:22 - INFO - utils.common - 计算 recall ing...
12/21/2023 09:21:22 - INFO - utils.common - result = {'f1score': 0.8936191227497586, 'acc': 0.89555, 'precision': 0.9040566549811141, 'recall': 0.8889705885035101}
12/21/2023 09:21:22 - INFO - __main__ - Epoch:7, Val Accuracy:0.89555, f1:0.8936191227497586

12/21/2023 09:21:22 - INFO - __main__ - lr:0.0001036736311836454
12/21/2023 09:21:22 - INFO - __main__ - ==========Epoch:8==========
Save best weights
12/21/2023 09:21:48 - INFO - utils.common - 计算 f1 score ing...
12/21/2023 09:21:48 - INFO - utils.common - F1score = 0.8226085059591048
12/21/2023 09:21:48 - INFO - utils.common - 计算 accuracy ing...
12/21/2023 09:21:48 - INFO - utils.common - acc = 0.826
12/21/2023 09:21:48 - INFO - utils.common - 计算 precision ing...
12/21/2023 09:21:48 - INFO - utils.common - precision = 0.825644701935389
12/21/2023 09:21:48 - INFO - utils.common - 计算 recall ing...
12/21/2023 09:21:48 - INFO - utils.common - result = {'f1score': 0.8226085059591048, 'acc': 0.826, 'precision': 0.825644701935389, 'recall': 0.821521236304253}
12/21/2023 09:21:48 - INFO - __main__ - Epoch:8, Train Accuracy:0.826, f1:0.8226085059591048

Epoch: [8][0/63]	
12/21/2023 09:22:08 - INFO - utils.common - 计算 f1 score ing...
12/21/2023 09:22:08 - INFO - utils.common - F1score = 0.8980086573348607
12/21/2023 09:22:08 - INFO - utils.common - 计算 accuracy ing...
12/21/2023 09:22:08 - INFO - utils.common - acc = 0.89975
12/21/2023 09:22:08 - INFO - utils.common - 计算 precision ing...
12/21/2023 09:22:08 - INFO - utils.common - precision = 0.9089570062555364
12/21/2023 09:22:08 - INFO - utils.common - 计算 recall ing...
12/21/2023 09:22:08 - INFO - utils.common - result = {'f1score': 0.8980086573348607, 'acc': 0.89975, 'precision': 0.9089570062555364, 'recall': 0.8928802140599732}
12/21/2023 09:22:08 - INFO - __main__ - Epoch:8, Val Accuracy:0.89975, f1:0.8980086573348607

12/21/2023 09:22:08 - INFO - __main__ - lr:2.8683631183645395e-05
12/21/2023 09:22:08 - INFO - __main__ - ==========Epoch:9==========
Save best weights
12/21/2023 09:22:33 - INFO - utils.common - 计算 f1 score ing...
12/21/2023 09:22:33 - INFO - utils.common - F1score = 0.8219587002761941
12/21/2023 09:22:33 - INFO - utils.common - 计算 accuracy ing...
12/21/2023 09:22:33 - INFO - utils.common - acc = 0.82625
12/21/2023 09:22:33 - INFO - utils.common - 计算 precision ing...
12/21/2023 09:22:33 - INFO - utils.common - precision = 0.8251377527958849
12/21/2023 09:22:33 - INFO - utils.common - 计算 recall ing...
12/21/2023 09:22:33 - INFO - utils.common - result = {'f1score': 0.8219587002761941, 'acc': 0.82625, 'precision': 0.8251377527958849, 'recall': 0.8210109236467348}
12/21/2023 09:22:33 - INFO - __main__ - Epoch:9, Train Accuracy:0.82625, f1:0.8219587002761941

Epoch: [9][0/63]	
12/21/2023 09:22:55 - INFO - utils.common - 计算 f1 score ing...
12/21/2023 09:22:55 - INFO - utils.common - F1score = 0.8991628163821532
12/21/2023 09:22:55 - INFO - utils.common - 计算 accuracy ing...
12/21/2023 09:22:55 - INFO - utils.common - acc = 0.90055
12/21/2023 09:22:55 - INFO - utils.common - 计算 precision ing...
12/21/2023 09:22:55 - INFO - utils.common - precision = 0.9083939404914853
12/21/2023 09:22:55 - INFO - utils.common - 计算 recall ing...
12/21/2023 09:22:55 - INFO - utils.common - result = {'f1score': 0.8991628163821532, 'acc': 0.90055, 'precision': 0.9083939404914853, 'recall': 0.8946246448759063}
12/21/2023 09:22:55 - INFO - __main__ - Epoch:9, Val Accuracy:0.90055, f1:0.8991628163821532

12/21/2023 09:22:55 - INFO - __main__ - lr:0.0003
12/21/2023 09:22:55 - INFO - __main__ - ==========Epoch:10==========
Save best weights
12/21/2023 09:23:20 - INFO - utils.common - 计算 f1 score ing...
12/21/2023 09:23:20 - INFO - utils.common - F1score = 0.838747267601487
12/21/2023 09:23:20 - INFO - utils.common - 计算 accuracy ing...
12/21/2023 09:23:20 - INFO - utils.common - acc = 0.841875
12/21/2023 09:23:20 - INFO - utils.common - 计算 precision ing...
12/21/2023 09:23:20 - INFO - utils.common - precision = 0.8409590093741331
12/21/2023 09:23:20 - INFO - utils.common - 计算 recall ing...
12/21/2023 09:23:20 - INFO - utils.common - result = {'f1score': 0.838747267601487, 'acc': 0.841875, 'precision': 0.8409590093741331, 'recall': 0.8379992816752586}
12/21/2023 09:23:20 - INFO - __main__ - Epoch:10, Train Accuracy:0.841875, f1:0.838747267601487

Epoch: [10][0/63]	
12/21/2023 09:23:41 - INFO - utils.common - 计算 f1 score ing...
12/21/2023 09:23:41 - INFO - utils.common - F1score = 0.9127688180887628
12/21/2023 09:23:41 - INFO - utils.common - 计算 accuracy ing...
12/21/2023 09:23:41 - INFO - utils.common - acc = 0.9139
12/21/2023 09:23:41 - INFO - utils.common - 计算 precision ing...
12/21/2023 09:23:41 - INFO - utils.common - precision = 0.9185552209422632
12/21/2023 09:23:41 - INFO - utils.common - 计算 recall ing...
12/21/2023 09:23:41 - INFO - utils.common - result = {'f1score': 0.9127688180887628, 'acc': 0.9139, 'precision': 0.9185552209422632, 'recall': 0.9092897897253349}
12/21/2023 09:23:41 - INFO - __main__ - Epoch:10, Val Accuracy:0.9139, f1:0.9127688180887628

12/21/2023 09:23:41 - INFO - __main__ - lr:0.00027135636881635457
12/21/2023 09:23:41 - INFO - __main__ - ==========Epoch:11==========
Save best weights
12/21/2023 09:24:07 - INFO - utils.common - 计算 f1 score ing...
12/21/2023 09:24:07 - INFO - utils.common - F1score = 0.8477674838865554
12/21/2023 09:24:07 - INFO - utils.common - 计算 accuracy ing...
12/21/2023 09:24:07 - INFO - utils.common - acc = 0.851
12/21/2023 09:24:07 - INFO - utils.common - 计算 precision ing...
12/21/2023 09:24:07 - INFO - utils.common - precision = 0.8495149669564295
12/21/2023 09:24:07 - INFO - utils.common - 计算 recall ing...
12/21/2023 09:24:07 - INFO - utils.common - result = {'f1score': 0.8477674838865554, 'acc': 0.851, 'precision': 0.8495149669564295, 'recall': 0.8471377887120108}
12/21/2023 09:24:07 - INFO - __main__ - Epoch:11, Train Accuracy:0.851, f1:0.8477674838865554

Epoch: [11][0/63]	
12/21/2023 09:24:27 - INFO - utils.common - 计算 f1 score ing...
12/21/2023 09:24:27 - INFO - utils.common - F1score = 0.91803306004884
12/21/2023 09:24:27 - INFO - utils.common - 计算 accuracy ing...
12/21/2023 09:24:27 - INFO - utils.common - acc = 0.91865
12/21/2023 09:24:27 - INFO - utils.common - 计算 precision ing...
12/21/2023 09:24:27 - INFO - utils.common - precision = 0.9228752450923826
12/21/2023 09:24:27 - INFO - utils.common - 计算 recall ing...
12/21/2023 09:24:27 - INFO - utils.common - result = {'f1score': 0.91803306004884, 'acc': 0.91865, 'precision': 0.9228752450923826, 'recall': 0.9151804317467526}
12/21/2023 09:24:27 - INFO - __main__ - Epoch:11, Val Accuracy:0.91865, f1:0.91803306004884

12/21/2023 09:24:27 - INFO - __main__ - lr:0.0001963663688163546
12/21/2023 09:24:27 - INFO - __main__ - ==========Epoch:12==========
Save best weights
12/21/2023 09:24:53 - INFO - utils.common - 计算 f1 score ing...
12/21/2023 09:24:53 - INFO - utils.common - F1score = 0.8518179934695103
12/21/2023 09:24:53 - INFO - utils.common - 计算 accuracy ing...
12/21/2023 09:24:53 - INFO - utils.common - acc = 0.8545
12/21/2023 09:24:53 - INFO - utils.common - 计算 precision ing...
12/21/2023 09:24:53 - INFO - utils.common - precision = 0.85377234346752
12/21/2023 09:24:53 - INFO - utils.common - 计算 recall ing...
12/21/2023 09:24:53 - INFO - utils.common - result = {'f1score': 0.8518179934695103, 'acc': 0.8545, 'precision': 0.85377234346752, 'recall': 0.8509681191780166}
12/21/2023 09:24:53 - INFO - __main__ - Epoch:12, Train Accuracy:0.8545, f1:0.8518179934695103

Epoch: [12][0/63]	
12/21/2023 09:25:14 - INFO - utils.common - 计算 f1 score ing...
12/21/2023 09:25:14 - INFO - utils.common - F1score = 0.9238702229229323
12/21/2023 09:25:14 - INFO - utils.common - 计算 accuracy ing...
12/21/2023 09:25:14 - INFO - utils.common - acc = 0.92455
12/21/2023 09:25:14 - INFO - utils.common - 计算 precision ing...
12/21/2023 09:25:15 - INFO - utils.common - precision = 0.9283195182289854
12/21/2023 09:25:15 - INFO - utils.common - 计算 recall ing...
12/21/2023 09:25:15 - INFO - utils.common - result = {'f1score': 0.9238702229229323, 'acc': 0.92455, 'precision': 0.9283195182289854, 'recall': 0.9209921982835083}
12/21/2023 09:25:15 - INFO - __main__ - Epoch:12, Val Accuracy:0.92455, f1:0.9238702229229323

12/21/2023 09:25:15 - INFO - __main__ - lr:0.0001036736311836454
12/21/2023 09:25:15 - INFO - __main__ - ==========Epoch:13==========
Save best weights
12/21/2023 09:25:41 - INFO - utils.common - 计算 f1 score ing...
12/21/2023 09:25:41 - INFO - utils.common - F1score = 0.8610124357854542
12/21/2023 09:25:41 - INFO - utils.common - 计算 accuracy ing...
12/21/2023 09:25:41 - INFO - utils.common - acc = 0.864
12/21/2023 09:25:41 - INFO - utils.common - 计算 precision ing...
12/21/2023 09:25:41 - INFO - utils.common - precision = 0.8630552909267322
12/21/2023 09:25:41 - INFO - utils.common - 计算 recall ing...
12/21/2023 09:25:41 - INFO - utils.common - result = {'f1score': 0.8610124357854542, 'acc': 0.864, 'precision': 0.8630552909267322, 'recall': 0.8600597827888188}
12/21/2023 09:25:41 - INFO - __main__ - Epoch:13, Train Accuracy:0.864, f1:0.8610124357854542

Epoch: [13][0/63]	
12/21/2023 09:26:02 - INFO - utils.common - 计算 f1 score ing...
12/21/2023 09:26:02 - INFO - utils.common - F1score = 0.9236283121187489
12/21/2023 09:26:02 - INFO - utils.common - 计算 accuracy ing...
12/21/2023 09:26:02 - INFO - utils.common - acc = 0.9244
12/21/2023 09:26:02 - INFO - utils.common - 计算 precision ing...
12/21/2023 09:26:02 - INFO - utils.common - precision = 0.9281158512425063
12/21/2023 09:26:02 - INFO - utils.common - 计算 recall ing...
12/21/2023 09:26:02 - INFO - utils.common - result = {'f1score': 0.9236283121187489, 'acc': 0.9244, 'precision': 0.9281158512425063, 'recall': 0.9207001563820262}
12/21/2023 09:26:02 - INFO - __main__ - Epoch:13, Val Accuracy:0.9244, f1:0.9236283121187489

12/21/2023 09:26:02 - INFO - __main__ - lr:2.8683631183645395e-05
12/21/2023 09:26:02 - INFO - __main__ - ==========Epoch:14==========
early_st 4
12/21/2023 09:26:29 - INFO - utils.common - 计算 f1 score ing...
12/21/2023 09:26:29 - INFO - utils.common - F1score = 0.8649436452624817
12/21/2023 09:26:29 - INFO - utils.common - 计算 accuracy ing...
12/21/2023 09:26:29 - INFO - utils.common - acc = 0.867625
12/21/2023 09:26:29 - INFO - utils.common - 计算 precision ing...
12/21/2023 09:26:29 - INFO - utils.common - precision = 0.867003061902667
12/21/2023 09:26:29 - INFO - utils.common - 计算 recall ing...
12/21/2023 09:26:29 - INFO - utils.common - result = {'f1score': 0.8649436452624817, 'acc': 0.867625, 'precision': 0.867003061902667, 'recall': 0.8638742443349164}
12/21/2023 09:26:29 - INFO - __main__ - Epoch:14, Train Accuracy:0.867625, f1:0.8649436452624817

Epoch: [14][0/63]	
12/21/2023 09:26:50 - INFO - utils.common - 计算 f1 score ing...
12/21/2023 09:26:50 - INFO - utils.common - F1score = 0.9238298637275602
12/21/2023 09:26:50 - INFO - utils.common - 计算 accuracy ing...
12/21/2023 09:26:50 - INFO - utils.common - acc = 0.92455
12/21/2023 09:26:50 - INFO - utils.common - 计算 precision ing...
12/21/2023 09:26:50 - INFO - utils.common - precision = 0.9281360651028147
12/21/2023 09:26:50 - INFO - utils.common - 计算 recall ing...
12/21/2023 09:26:50 - INFO - utils.common - result = {'f1score': 0.9238298637275602, 'acc': 0.92455, 'precision': 0.9281360651028147, 'recall': 0.9210879839888523}
12/21/2023 09:26:50 - INFO - __main__ - Epoch:14, Val Accuracy:0.92455, f1:0.9238298637275602

12/21/2023 09:26:50 - INFO - __main__ - lr:0.0003
12/21/2023 09:26:50 - INFO - __main__ - ==========Epoch:15==========
Save best weights
12/21/2023 09:27:15 - INFO - utils.common - 计算 f1 score ing...
12/21/2023 09:27:15 - INFO - utils.common - F1score = 0.8665191892412908
12/21/2023 09:27:15 - INFO - utils.common - 计算 accuracy ing...
12/21/2023 09:27:15 - INFO - utils.common - acc = 0.869125
12/21/2023 09:27:15 - INFO - utils.common - 计算 precision ing...
12/21/2023 09:27:15 - INFO - utils.common - precision = 0.868202787646352
12/21/2023 09:27:15 - INFO - utils.common - 计算 recall ing...
12/21/2023 09:27:15 - INFO - utils.common - result = {'f1score': 0.8665191892412908, 'acc': 0.869125, 'precision': 0.868202787646352, 'recall': 0.8657750334880964}
12/21/2023 09:27:15 - INFO - __main__ - Epoch:15, Train Accuracy:0.869125, f1:0.8665191892412908

Epoch: [15][0/63]	
12/21/2023 09:27:36 - INFO - utils.common - 计算 f1 score ing...
12/21/2023 09:27:36 - INFO - utils.common - F1score = 0.9267056244632013
12/21/2023 09:27:36 - INFO - utils.common - 计算 accuracy ing...
12/21/2023 09:27:37 - INFO - utils.common - acc = 0.9273
12/21/2023 09:27:37 - INFO - utils.common - 计算 precision ing...
12/21/2023 09:27:37 - INFO - utils.common - precision = 0.9307379220613373
12/21/2023 09:27:37 - INFO - utils.common - 计算 recall ing...
12/21/2023 09:27:37 - INFO - utils.common - result = {'f1score': 0.9267056244632013, 'acc': 0.9273, 'precision': 0.9307379220613373, 'recall': 0.9240547785737802}
12/21/2023 09:27:37 - INFO - __main__ - Epoch:15, Val Accuracy:0.9273, f1:0.9267056244632013

12/21/2023 09:27:37 - INFO - __main__ - lr:0.00027135636881635457
12/21/2023 09:27:37 - INFO - __main__ - ==========Epoch:16==========
Save best weights
12/21/2023 09:28:02 - INFO - utils.common - 计算 f1 score ing...
12/21/2023 09:28:02 - INFO - utils.common - F1score = 0.8733118259992142
12/21/2023 09:28:02 - INFO - utils.common - 计算 accuracy ing...
12/21/2023 09:28:02 - INFO - utils.common - acc = 0.876
12/21/2023 09:28:02 - INFO - utils.common - 计算 precision ing...
12/21/2023 09:28:02 - INFO - utils.common - precision = 0.8743844727770688
12/21/2023 09:28:02 - INFO - utils.common - 计算 recall ing...
12/21/2023 09:28:02 - INFO - utils.common - result = {'f1score': 0.8733118259992142, 'acc': 0.876, 'precision': 0.8743844727770688, 'recall': 0.8731275725855473}
12/21/2023 09:28:02 - INFO - __main__ - Epoch:16, Train Accuracy:0.876, f1:0.8733118259992142

Epoch: [16][0/63]	
12/21/2023 09:28:23 - INFO - utils.common - 计算 f1 score ing...
12/21/2023 09:28:23 - INFO - utils.common - F1score = 0.9296507664974875
12/21/2023 09:28:23 - INFO - utils.common - 计算 accuracy ing...
12/21/2023 09:28:23 - INFO - utils.common - acc = 0.9302
12/21/2023 09:28:23 - INFO - utils.common - 计算 precision ing...
12/21/2023 09:28:23 - INFO - utils.common - precision = 0.9340738955726233
12/21/2023 09:28:23 - INFO - utils.common - 计算 recall ing...
12/21/2023 09:28:23 - INFO - utils.common - result = {'f1score': 0.9296507664974875, 'acc': 0.9302, 'precision': 0.9340738955726233, 'recall': 0.9267103837322117}
12/21/2023 09:28:23 - INFO - __main__ - Epoch:16, Val Accuracy:0.9302, f1:0.9296507664974875

12/21/2023 09:28:23 - INFO - __main__ - lr:0.0001963663688163546
12/21/2023 09:28:23 - INFO - __main__ - ==========Epoch:17==========
Save best weights
12/21/2023 09:28:48 - INFO - utils.common - 计算 f1 score ing...
12/21/2023 09:28:48 - INFO - utils.common - F1score = 0.8755851946618879
12/21/2023 09:28:48 - INFO - utils.common - 计算 accuracy ing...
12/21/2023 09:28:48 - INFO - utils.common - acc = 0.877625
12/21/2023 09:28:48 - INFO - utils.common - 计算 precision ing...
12/21/2023 09:28:48 - INFO - utils.common - precision = 0.8778401032949976
12/21/2023 09:28:48 - INFO - utils.common - 计算 recall ing...
12/21/2023 09:28:48 - INFO - utils.common - result = {'f1score': 0.8755851946618879, 'acc': 0.877625, 'precision': 0.8778401032949976, 'recall': 0.8740993204185218}
12/21/2023 09:28:48 - INFO - __main__ - Epoch:17, Train Accuracy:0.877625, f1:0.8755851946618879

Epoch: [17][0/63]	
12/21/2023 09:29:08 - INFO - utils.common - 计算 f1 score ing...
12/21/2023 09:29:08 - INFO - utils.common - F1score = 0.9335921529330948
12/21/2023 09:29:08 - INFO - utils.common - 计算 accuracy ing...
12/21/2023 09:29:08 - INFO - utils.common - acc = 0.93445
12/21/2023 09:29:08 - INFO - utils.common - 计算 precision ing...
12/21/2023 09:29:09 - INFO - utils.common - precision = 0.9367842634755957
12/21/2023 09:29:09 - INFO - utils.common - 计算 recall ing...
12/21/2023 09:29:09 - INFO - utils.common - result = {'f1score': 0.9335921529330948, 'acc': 0.93445, 'precision': 0.9367842634755957, 'recall': 0.9314752689444415}
12/21/2023 09:29:09 - INFO - __main__ - Epoch:17, Val Accuracy:0.93445, f1:0.9335921529330948

12/21/2023 09:29:09 - INFO - __main__ - lr:0.0001036736311836454
12/21/2023 09:29:09 - INFO - __main__ - ==========Epoch:18==========
Save best weights
12/21/2023 09:29:34 - INFO - utils.common - 计算 f1 score ing...
12/21/2023 09:29:34 - INFO - utils.common - F1score = 0.8756216370954544
12/21/2023 09:29:34 - INFO - utils.common - 计算 accuracy ing...
12/21/2023 09:29:34 - INFO - utils.common - acc = 0.878125
12/21/2023 09:29:34 - INFO - utils.common - 计算 precision ing...
12/21/2023 09:29:34 - INFO - utils.common - precision = 0.8771875621850982
12/21/2023 09:29:34 - INFO - utils.common - 计算 recall ing...
12/21/2023 09:29:34 - INFO - utils.common - result = {'f1score': 0.8756216370954544, 'acc': 0.878125, 'precision': 0.8771875621850982, 'recall': 0.8748178742780275}
12/21/2023 09:29:34 - INFO - __main__ - Epoch:18, Train Accuracy:0.878125, f1:0.8756216370954544

Epoch: [18][0/63]	
12/21/2023 09:29:53 - INFO - utils.common - 计算 f1 score ing...
12/21/2023 09:29:53 - INFO - utils.common - F1score = 0.9361549085170172
12/21/2023 09:29:53 - INFO - utils.common - 计算 accuracy ing...
12/21/2023 09:29:53 - INFO - utils.common - acc = 0.9368
12/21/2023 09:29:53 - INFO - utils.common - 计算 precision ing...
12/21/2023 09:29:53 - INFO - utils.common - precision = 0.9393826139253871
12/21/2023 09:29:53 - INFO - utils.common - 计算 recall ing...
12/21/2023 09:29:53 - INFO - utils.common - result = {'f1score': 0.9361549085170172, 'acc': 0.9368, 'precision': 0.9393826139253871, 'recall': 0.9337922267996931}
12/21/2023 09:29:53 - INFO - __main__ - Epoch:18, Val Accuracy:0.9368, f1:0.9361549085170172

12/21/2023 09:29:53 - INFO - __main__ - lr:2.8683631183645395e-05
12/21/2023 09:29:53 - INFO - __main__ - ==========Epoch:19==========
Save best weights
12/21/2023 09:30:19 - INFO - utils.common - 计算 f1 score ing...
12/21/2023 09:30:19 - INFO - utils.common - F1score = 0.8771812752863856
12/21/2023 09:30:19 - INFO - utils.common - 计算 accuracy ing...
12/21/2023 09:30:19 - INFO - utils.common - acc = 0.879625
12/21/2023 09:30:19 - INFO - utils.common - 计算 precision ing...
12/21/2023 09:30:19 - INFO - utils.common - precision = 0.8784060517098338
12/21/2023 09:30:19 - INFO - utils.common - 计算 recall ing...
12/21/2023 09:30:19 - INFO - utils.common - result = {'f1score': 0.8771812752863856, 'acc': 0.879625, 'precision': 0.8784060517098338, 'recall': 0.8763989649977414}
12/21/2023 09:30:19 - INFO - __main__ - Epoch:19, Train Accuracy:0.879625, f1:0.8771812752863856

Epoch: [19][0/63]	
12/21/2023 09:30:37 - INFO - utils.common - 计算 f1 score ing...
12/21/2023 09:30:37 - INFO - utils.common - F1score = 0.9359923692215956
12/21/2023 09:30:37 - INFO - utils.common - 计算 accuracy ing...
12/21/2023 09:30:37 - INFO - utils.common - acc = 0.9366
12/21/2023 09:30:37 - INFO - utils.common - 计算 precision ing...
12/21/2023 09:30:37 - INFO - utils.common - precision = 0.9392162084434703
12/21/2023 09:30:37 - INFO - utils.common - 计算 recall ing...
12/21/2023 09:30:37 - INFO - utils.common - result = {'f1score': 0.9359923692215956, 'acc': 0.9366, 'precision': 0.9392162084434703, 'recall': 0.9336398273651356}
12/21/2023 09:30:37 - INFO - __main__ - Epoch:19, Val Accuracy:0.9366, f1:0.9359923692215956

12/21/2023 09:30:37 - INFO - __main__ - lr:0.0003
12/21/2023 09:30:37 - INFO - __main__ - ==========Epoch:20==========
early_st 4
12/21/2023 09:31:04 - INFO - utils.common - 计算 f1 score ing...
12/21/2023 09:31:04 - INFO - utils.common - F1score = 0.8848676510895106
12/21/2023 09:31:04 - INFO - utils.common - 计算 accuracy ing...
12/21/2023 09:31:04 - INFO - utils.common - acc = 0.886875
12/21/2023 09:31:04 - INFO - utils.common - 计算 precision ing...
12/21/2023 09:31:04 - INFO - utils.common - precision = 0.8850577731541951
12/21/2023 09:31:04 - INFO - utils.common - 计算 recall ing...
12/21/2023 09:31:04 - INFO - utils.common - result = {'f1score': 0.8848676510895106, 'acc': 0.886875, 'precision': 0.8850577731541951, 'recall': 0.8848730088850375}
12/21/2023 09:31:04 - INFO - __main__ - Epoch:20, Train Accuracy:0.886875, f1:0.8848676510895106

Epoch: [20][0/63]	
12/21/2023 09:31:25 - INFO - utils.common - 计算 f1 score ing...
12/21/2023 09:31:25 - INFO - utils.common - F1score = 0.9385905200267466
12/21/2023 09:31:25 - INFO - utils.common - 计算 accuracy ing...
12/21/2023 09:31:25 - INFO - utils.common - acc = 0.9392
12/21/2023 09:31:25 - INFO - utils.common - 计算 precision ing...
12/21/2023 09:31:25 - INFO - utils.common - precision = 0.9413799379916628
12/21/2023 09:31:25 - INFO - utils.common - 计算 recall ing...
12/21/2023 09:31:25 - INFO - utils.common - result = {'f1score': 0.9385905200267466, 'acc': 0.9392, 'precision': 0.9413799379916628, 'recall': 0.9365123636396289}
12/21/2023 09:31:25 - INFO - __main__ - Epoch:20, Val Accuracy:0.9392, f1:0.9385905200267466

12/21/2023 09:31:25 - INFO - __main__ - lr:0.00027135636881635457
12/21/2023 09:31:25 - INFO - __main__ - ==========Epoch:21==========
Save best weights
12/21/2023 09:31:50 - INFO - utils.common - 计算 f1 score ing...
12/21/2023 09:31:50 - INFO - utils.common - F1score = 0.8849335001930058
12/21/2023 09:31:50 - INFO - utils.common - 计算 accuracy ing...
12/21/2023 09:31:50 - INFO - utils.common - acc = 0.88725
12/21/2023 09:31:50 - INFO - utils.common - 计算 precision ing...
12/21/2023 09:31:50 - INFO - utils.common - precision = 0.8864118515273824
12/21/2023 09:31:50 - INFO - utils.common - 计算 recall ing...
12/21/2023 09:31:50 - INFO - utils.common - result = {'f1score': 0.8849335001930058, 'acc': 0.88725, 'precision': 0.8864118515273824, 'recall': 0.8839023459284941}
12/21/2023 09:31:50 - INFO - __main__ - Epoch:21, Train Accuracy:0.88725, f1:0.8849335001930058

Epoch: [21][0/63]	
12/21/2023 09:32:11 - INFO - utils.common - 计算 f1 score ing...
12/21/2023 09:32:11 - INFO - utils.common - F1score = 0.9421458316449218
12/21/2023 09:32:11 - INFO - utils.common - 计算 accuracy ing...
12/21/2023 09:32:11 - INFO - utils.common - acc = 0.9427
12/21/2023 09:32:11 - INFO - utils.common - 计算 precision ing...
12/21/2023 09:32:11 - INFO - utils.common - precision = 0.94414870656259
12/21/2023 09:32:11 - INFO - utils.common - 计算 recall ing...
12/21/2023 09:32:11 - INFO - utils.common - result = {'f1score': 0.9421458316449218, 'acc': 0.9427, 'precision': 0.94414870656259, 'recall': 0.9405954972165461}
12/21/2023 09:32:11 - INFO - __main__ - Epoch:21, Val Accuracy:0.9427, f1:0.9421458316449218

12/21/2023 09:32:11 - INFO - __main__ - lr:0.0001963663688163546
12/21/2023 09:32:11 - INFO - __main__ - ==========Epoch:22==========
Save best weights
12/21/2023 09:32:37 - INFO - utils.common - 计算 f1 score ing...
12/21/2023 09:32:37 - INFO - utils.common - F1score = 0.8866384244674509
12/21/2023 09:32:37 - INFO - utils.common - 计算 accuracy ing...
12/21/2023 09:32:37 - INFO - utils.common - acc = 0.889
12/21/2023 09:32:37 - INFO - utils.common - 计算 precision ing...
12/21/2023 09:32:37 - INFO - utils.common - precision = 0.8877760257247176
12/21/2023 09:32:37 - INFO - utils.common - 计算 recall ing...
12/21/2023 09:32:37 - INFO - utils.common - result = {'f1score': 0.8866384244674509, 'acc': 0.889, 'precision': 0.8877760257247176, 'recall': 0.8858823224224462}
12/21/2023 09:32:37 - INFO - __main__ - Epoch:22, Train Accuracy:0.889, f1:0.8866384244674509

Epoch: [22][0/63]	
12/21/2023 09:32:58 - INFO - utils.common - 计算 f1 score ing...
12/21/2023 09:32:58 - INFO - utils.common - F1score = 0.9414225607396642
12/21/2023 09:32:58 - INFO - utils.common - 计算 accuracy ing...
12/21/2023 09:32:58 - INFO - utils.common - acc = 0.94195
12/21/2023 09:32:58 - INFO - utils.common - 计算 precision ing...
12/21/2023 09:32:58 - INFO - utils.common - precision = 0.9434896566287954
12/21/2023 09:32:58 - INFO - utils.common - 计算 recall ing...
12/21/2023 09:32:58 - INFO - utils.common - result = {'f1score': 0.9414225607396642, 'acc': 0.94195, 'precision': 0.9434896566287954, 'recall': 0.9398803777179943}
12/21/2023 09:32:58 - INFO - __main__ - Epoch:22, Val Accuracy:0.94195, f1:0.9414225607396642

12/21/2023 09:32:58 - INFO - __main__ - lr:0.0001036736311836454
12/21/2023 09:32:58 - INFO - __main__ - ==========Epoch:23==========
early_st 4
12/21/2023 09:33:23 - INFO - utils.common - 计算 f1 score ing...
12/21/2023 09:33:23 - INFO - utils.common - F1score = 0.8840790652891971
12/21/2023 09:33:23 - INFO - utils.common - 计算 accuracy ing...
12/21/2023 09:33:23 - INFO - utils.common - acc = 0.886625
12/21/2023 09:33:23 - INFO - utils.common - 计算 precision ing...
12/21/2023 09:33:23 - INFO - utils.common - precision = 0.8848294183469559
12/21/2023 09:33:23 - INFO - utils.common - 计算 recall ing...
12/21/2023 09:33:23 - INFO - utils.common - result = {'f1score': 0.8840790652891971, 'acc': 0.886625, 'precision': 0.8848294183469559, 'recall': 0.8837777609730606}
12/21/2023 09:33:23 - INFO - __main__ - Epoch:23, Train Accuracy:0.886625, f1:0.8840790652891971

Epoch: [23][0/63]	
12/21/2023 09:33:44 - INFO - utils.common - 计算 f1 score ing...
12/21/2023 09:33:44 - INFO - utils.common - F1score = 0.9420381059282854
12/21/2023 09:33:44 - INFO - utils.common - 计算 accuracy ing...
12/21/2023 09:33:44 - INFO - utils.common - acc = 0.9425
12/21/2023 09:33:44 - INFO - utils.common - 计算 precision ing...
12/21/2023 09:33:44 - INFO - utils.common - precision = 0.9442948827654172
12/21/2023 09:33:44 - INFO - utils.common - 计算 recall ing...
12/21/2023 09:33:44 - INFO - utils.common - result = {'f1score': 0.9420381059282854, 'acc': 0.9425, 'precision': 0.9442948827654172, 'recall': 0.9403448815054352}
12/21/2023 09:33:44 - INFO - __main__ - Epoch:23, Val Accuracy:0.9425, f1:0.9420381059282854

12/21/2023 09:33:44 - INFO - __main__ - lr:2.8683631183645395e-05
12/21/2023 09:33:44 - INFO - __main__ - ==========Epoch:24==========
early_st 3
12/21/2023 09:34:09 - INFO - utils.common - 计算 f1 score ing...
12/21/2023 09:34:09 - INFO - utils.common - F1score = 0.8867688725383702
12/21/2023 09:34:09 - INFO - utils.common - 计算 accuracy ing...
12/21/2023 09:34:09 - INFO - utils.common - acc = 0.889
12/21/2023 09:34:09 - INFO - utils.common - 计算 precision ing...
12/21/2023 09:34:09 - INFO - utils.common - precision = 0.8880783932251789
12/21/2023 09:34:09 - INFO - utils.common - 计算 recall ing...
12/21/2023 09:34:09 - INFO - utils.common - result = {'f1score': 0.8867688725383702, 'acc': 0.889, 'precision': 0.8880783932251789, 'recall': 0.886016217460337}
12/21/2023 09:34:09 - INFO - __main__ - Epoch:24, Train Accuracy:0.889, f1:0.8867688725383702

Epoch: [24][0/63]	
12/21/2023 09:34:30 - INFO - utils.common - 计算 f1 score ing...
12/21/2023 09:34:30 - INFO - utils.common - F1score = 0.94224099219782
12/21/2023 09:34:30 - INFO - utils.common - 计算 accuracy ing...
12/21/2023 09:34:30 - INFO - utils.common - acc = 0.94275
12/21/2023 09:34:30 - INFO - utils.common - 计算 precision ing...
12/21/2023 09:34:30 - INFO - utils.common - precision = 0.9439644920847274
12/21/2023 09:34:30 - INFO - utils.common - 计算 recall ing...
12/21/2023 09:34:30 - INFO - utils.common - result = {'f1score': 0.94224099219782, 'acc': 0.94275, 'precision': 0.9439644920847274, 'recall': 0.9409717189110055}
12/21/2023 09:34:30 - INFO - __main__ - Epoch:24, Val Accuracy:0.94275, f1:0.94224099219782

12/21/2023 09:34:30 - INFO - __main__ - lr:0.0003
12/21/2023 09:34:30 - INFO - __main__ - ==========Epoch:25==========
Save best weights
12/21/2023 09:34:55 - INFO - utils.common - 计算 f1 score ing...
12/21/2023 09:34:55 - INFO - utils.common - F1score = 0.890581954614547
12/21/2023 09:34:55 - INFO - utils.common - 计算 accuracy ing...
12/21/2023 09:34:55 - INFO - utils.common - acc = 0.892875
12/21/2023 09:34:55 - INFO - utils.common - 计算 precision ing...
12/21/2023 09:34:55 - INFO - utils.common - precision = 0.8916028531757267
12/21/2023 09:34:55 - INFO - utils.common - 计算 recall ing...
12/21/2023 09:34:55 - INFO - utils.common - result = {'f1score': 0.890581954614547, 'acc': 0.892875, 'precision': 0.8916028531757267, 'recall': 0.8899724336011787}
12/21/2023 09:34:55 - INFO - __main__ - Epoch:25, Train Accuracy:0.892875, f1:0.890581954614547

Epoch: [25][0/63]	
12/21/2023 09:35:16 - INFO - utils.common - 计算 f1 score ing...
12/21/2023 09:35:16 - INFO - utils.common - F1score = 0.9433683456192704
12/21/2023 09:35:16 - INFO - utils.common - 计算 accuracy ing...
12/21/2023 09:35:16 - INFO - utils.common - acc = 0.9438
12/21/2023 09:35:16 - INFO - utils.common - 计算 precision ing...
12/21/2023 09:35:16 - INFO - utils.common - precision = 0.9452101279821101
12/21/2023 09:35:16 - INFO - utils.common - 计算 recall ing...
12/21/2023 09:35:16 - INFO - utils.common - result = {'f1score': 0.9433683456192704, 'acc': 0.9438, 'precision': 0.9452101279821101, 'recall': 0.9420678824004953}
12/21/2023 09:35:16 - INFO - __main__ - Epoch:25, Val Accuracy:0.9438, f1:0.9433683456192704

12/21/2023 09:35:16 - INFO - __main__ - lr:0.00027135636881635457
12/21/2023 09:35:16 - INFO - __main__ - ==========Epoch:26==========
Save best weights
12/21/2023 09:35:41 - INFO - utils.common - 计算 f1 score ing...
12/21/2023 09:35:41 - INFO - utils.common - F1score = 0.8945192174254122
12/21/2023 09:35:41 - INFO - utils.common - 计算 accuracy ing...
12/21/2023 09:35:41 - INFO - utils.common - acc = 0.896375
12/21/2023 09:35:41 - INFO - utils.common - 计算 precision ing...
12/21/2023 09:35:41 - INFO - utils.common - precision = 0.8954168465920337
12/21/2023 09:35:41 - INFO - utils.common - 计算 recall ing...
12/21/2023 09:35:41 - INFO - utils.common - result = {'f1score': 0.8945192174254122, 'acc': 0.896375, 'precision': 0.8954168465920337, 'recall': 0.8938597819231382}
12/21/2023 09:35:41 - INFO - __main__ - Epoch:26, Train Accuracy:0.896375, f1:0.8945192174254122

Epoch: [26][0/63]	
12/21/2023 09:36:02 - INFO - utils.common - 计算 f1 score ing...
12/21/2023 09:36:02 - INFO - utils.common - F1score = 0.9435377071281342
12/21/2023 09:36:02 - INFO - utils.common - 计算 accuracy ing...
12/21/2023 09:36:02 - INFO - utils.common - acc = 0.944
12/21/2023 09:36:02 - INFO - utils.common - 计算 precision ing...
12/21/2023 09:36:02 - INFO - utils.common - precision = 0.9456618084222568
12/21/2023 09:36:02 - INFO - utils.common - 计算 recall ing...
12/21/2023 09:36:02 - INFO - utils.common - result = {'f1score': 0.9435377071281342, 'acc': 0.944, 'precision': 0.9456618084222568, 'recall': 0.942023196430247}
12/21/2023 09:36:02 - INFO - __main__ - Epoch:26, Val Accuracy:0.944, f1:0.9435377071281342

12/21/2023 09:36:02 - INFO - __main__ - lr:0.0001963663688163546
12/21/2023 09:36:02 - INFO - __main__ - ==========Epoch:27==========
Save best weights
12/21/2023 09:36:27 - INFO - utils.common - 计算 f1 score ing...
12/21/2023 09:36:27 - INFO - utils.common - F1score = 0.9023567711008048
12/21/2023 09:36:27 - INFO - utils.common - 计算 accuracy ing...
12/21/2023 09:36:27 - INFO - utils.common - acc = 0.9045
12/21/2023 09:36:27 - INFO - utils.common - 计算 precision ing...
12/21/2023 09:36:27 - INFO - utils.common - precision = 0.903578877725268
12/21/2023 09:36:27 - INFO - utils.common - 计算 recall ing...
12/21/2023 09:36:27 - INFO - utils.common - result = {'f1score': 0.9023567711008048, 'acc': 0.9045, 'precision': 0.903578877725268, 'recall': 0.9015581353909775}
12/21/2023 09:36:27 - INFO - __main__ - Epoch:27, Train Accuracy:0.9045, f1:0.9023567711008048

Epoch: [27][0/63]	
12/21/2023 09:36:48 - INFO - utils.common - 计算 f1 score ing...
12/21/2023 09:36:48 - INFO - utils.common - F1score = 0.946512298198594
12/21/2023 09:36:48 - INFO - utils.common - 计算 accuracy ing...
12/21/2023 09:36:48 - INFO - utils.common - acc = 0.94705
12/21/2023 09:36:48 - INFO - utils.common - 计算 precision ing...
12/21/2023 09:36:48 - INFO - utils.common - precision = 0.9489604277950541
12/21/2023 09:36:48 - INFO - utils.common - 计算 recall ing...
12/21/2023 09:36:48 - INFO - utils.common - result = {'f1score': 0.946512298198594, 'acc': 0.94705, 'precision': 0.9489604277950541, 'recall': 0.9446541735104588}
12/21/2023 09:36:48 - INFO - __main__ - Epoch:27, Val Accuracy:0.94705, f1:0.946512298198594

12/21/2023 09:36:48 - INFO - __main__ - lr:0.0001036736311836454
12/21/2023 09:36:48 - INFO - __main__ - ==========Epoch:28==========
Save best weights
12/21/2023 09:37:14 - INFO - utils.common - 计算 f1 score ing...
12/21/2023 09:37:14 - INFO - utils.common - F1score = 0.898222274796133
12/21/2023 09:37:14 - INFO - utils.common - 计算 accuracy ing...
12/21/2023 09:37:14 - INFO - utils.common - acc = 0.899875
12/21/2023 09:37:14 - INFO - utils.common - 计算 precision ing...
12/21/2023 09:37:14 - INFO - utils.common - precision = 0.898946034566987
12/21/2023 09:37:14 - INFO - utils.common - 计算 recall ing...
12/21/2023 09:37:14 - INFO - utils.common - result = {'f1score': 0.898222274796133, 'acc': 0.899875, 'precision': 0.898946034566987, 'recall': 0.897696970943557}
12/21/2023 09:37:14 - INFO - __main__ - Epoch:28, Train Accuracy:0.899875, f1:0.898222274796133

Epoch: [28][0/63]	
12/21/2023 09:37:35 - INFO - utils.common - 计算 f1 score ing...
12/21/2023 09:37:35 - INFO - utils.common - F1score = 0.9476830138264682
12/21/2023 09:37:35 - INFO - utils.common - 计算 accuracy ing...
12/21/2023 09:37:35 - INFO - utils.common - acc = 0.94805
12/21/2023 09:37:35 - INFO - utils.common - 计算 precision ing...
12/21/2023 09:37:35 - INFO - utils.common - precision = 0.9493573970448492
12/21/2023 09:37:35 - INFO - utils.common - 计算 recall ing...
12/21/2023 09:37:35 - INFO - utils.common - result = {'f1score': 0.9476830138264682, 'acc': 0.94805, 'precision': 0.9493573970448492, 'recall': 0.9464211336114337}
12/21/2023 09:37:35 - INFO - __main__ - Epoch:28, Val Accuracy:0.94805, f1:0.9476830138264682

12/21/2023 09:37:35 - INFO - __main__ - lr:2.8683631183645395e-05
12/21/2023 09:37:35 - INFO - __main__ - ==========Epoch:29==========
Save best weights
12/21/2023 09:38:00 - INFO - utils.common - 计算 f1 score ing...
12/21/2023 09:38:00 - INFO - utils.common - F1score = 0.898099922833179
12/21/2023 09:38:00 - INFO - utils.common - 计算 accuracy ing...
12/21/2023 09:38:00 - INFO - utils.common - acc = 0.90025
12/21/2023 09:38:00 - INFO - utils.common - 计算 precision ing...
12/21/2023 09:38:00 - INFO - utils.common - precision = 0.8991834862617107
12/21/2023 09:38:00 - INFO - utils.common - 计算 recall ing...
12/21/2023 09:38:00 - INFO - utils.common - result = {'f1score': 0.898099922833179, 'acc': 0.90025, 'precision': 0.8991834862617107, 'recall': 0.8972862972372349}
12/21/2023 09:38:00 - INFO - __main__ - Epoch:29, Train Accuracy:0.90025, f1:0.898099922833179

Epoch: [29][0/63]	
12/21/2023 09:38:20 - INFO - utils.common - 计算 f1 score ing...
12/21/2023 09:38:20 - INFO - utils.common - F1score = 0.9466995207309332
12/21/2023 09:38:20 - INFO - utils.common - 计算 accuracy ing...
12/21/2023 09:38:20 - INFO - utils.common - acc = 0.9472
12/21/2023 09:38:20 - INFO - utils.common - 计算 precision ing...
12/21/2023 09:38:20 - INFO - utils.common - precision = 0.9489694439145394
12/21/2023 09:38:20 - INFO - utils.common - 计算 recall ing...
12/21/2023 09:38:20 - INFO - utils.common - result = {'f1score': 0.9466995207309332, 'acc': 0.9472, 'precision': 0.9489694439145394, 'recall': 0.9450461584596511}
12/21/2023 09:38:20 - INFO - __main__ - Epoch:29, Val Accuracy:0.9472, f1:0.9466995207309332

12/21/2023 09:38:20 - INFO - __main__ - lr:0.0003
12/21/2023 09:38:20 - INFO - __main__ - ==========Epoch:30==========
early_st 4
12/21/2023 09:38:45 - INFO - utils.common - 计算 f1 score ing...
12/21/2023 09:38:45 - INFO - utils.common - F1score = 0.9028288206884157
12/21/2023 09:38:45 - INFO - utils.common - 计算 accuracy ing...
12/21/2023 09:38:45 - INFO - utils.common - acc = 0.903625
12/21/2023 09:38:45 - INFO - utils.common - 计算 precision ing...
12/21/2023 09:38:45 - INFO - utils.common - precision = 0.9034373042771217
12/21/2023 09:38:45 - INFO - utils.common - 计算 recall ing...
12/21/2023 09:38:45 - INFO - utils.common - result = {'f1score': 0.9028288206884157, 'acc': 0.903625, 'precision': 0.9034373042771217, 'recall': 0.9023842593297936}
12/21/2023 09:38:45 - INFO - __main__ - Epoch:30, Train Accuracy:0.903625, f1:0.9028288206884157

Epoch: [30][0/63]	
12/21/2023 09:39:06 - INFO - utils.common - 计算 f1 score ing...
12/21/2023 09:39:06 - INFO - utils.common - F1score = 0.9479387820067368
12/21/2023 09:39:06 - INFO - utils.common - 计算 accuracy ing...
12/21/2023 09:39:06 - INFO - utils.common - acc = 0.9482
12/21/2023 09:39:06 - INFO - utils.common - 计算 precision ing...
12/21/2023 09:39:06 - INFO - utils.common - precision = 0.9504664652901573
12/21/2023 09:39:06 - INFO - utils.common - 计算 recall ing...
12/21/2023 09:39:06 - INFO - utils.common - result = {'f1score': 0.9479387820067368, 'acc': 0.9482, 'precision': 0.9504664652901573, 'recall': 0.9460812265908578}
12/21/2023 09:39:06 - INFO - __main__ - Epoch:30, Val Accuracy:0.9482, f1:0.9479387820067368

12/21/2023 09:39:06 - INFO - __main__ - lr:0.00027135636881635457
12/21/2023 09:39:06 - INFO - __main__ - ==========Epoch:31==========
Save best weights
12/21/2023 09:39:31 - INFO - utils.common - 计算 f1 score ing...
12/21/2023 09:39:31 - INFO - utils.common - F1score = 0.905905934158635
12/21/2023 09:39:31 - INFO - utils.common - 计算 accuracy ing...
12/21/2023 09:39:31 - INFO - utils.common - acc = 0.90725
12/21/2023 09:39:31 - INFO - utils.common - 计算 precision ing...
12/21/2023 09:39:31 - INFO - utils.common - precision = 0.906418805853511
12/21/2023 09:39:31 - INFO - utils.common - 计算 recall ing...
12/21/2023 09:39:31 - INFO - utils.common - result = {'f1score': 0.905905934158635, 'acc': 0.90725, 'precision': 0.906418805853511, 'recall': 0.9056411099362438}
12/21/2023 09:39:31 - INFO - __main__ - Epoch:31, Train Accuracy:0.90725, f1:0.905905934158635

Epoch: [31][0/63]	
12/21/2023 09:39:52 - INFO - utils.common - 计算 f1 score ing...
12/21/2023 09:39:52 - INFO - utils.common - F1score = 0.9499617816897393
12/21/2023 09:39:52 - INFO - utils.common - 计算 accuracy ing...
12/21/2023 09:39:52 - INFO - utils.common - acc = 0.95045
12/21/2023 09:39:52 - INFO - utils.common - 计算 precision ing...
12/21/2023 09:39:52 - INFO - utils.common - precision = 0.9516637187998283
12/21/2023 09:39:52 - INFO - utils.common - 计算 recall ing...
12/21/2023 09:39:52 - INFO - utils.common - result = {'f1score': 0.9499617816897393, 'acc': 0.95045, 'precision': 0.9516637187998283, 'recall': 0.948608352469193}
12/21/2023 09:39:52 - INFO - __main__ - Epoch:31, Val Accuracy:0.95045, f1:0.9499617816897393

12/21/2023 09:39:52 - INFO - __main__ - lr:0.0001963663688163546
12/21/2023 09:39:52 - INFO - __main__ - ==========Epoch:32==========
Save best weights
12/21/2023 09:40:17 - INFO - utils.common - 计算 f1 score ing...
12/21/2023 09:40:17 - INFO - utils.common - F1score = 0.9040274455703047
12/21/2023 09:40:17 - INFO - utils.common - 计算 accuracy ing...
12/21/2023 09:40:17 - INFO - utils.common - acc = 0.906375
12/21/2023 09:40:17 - INFO - utils.common - 计算 precision ing...
12/21/2023 09:40:17 - INFO - utils.common - precision = 0.9050394966689785
12/21/2023 09:40:17 - INFO - utils.common - 计算 recall ing...
12/21/2023 09:40:17 - INFO - utils.common - result = {'f1score': 0.9040274455703047, 'acc': 0.906375, 'precision': 0.9050394966689785, 'recall': 0.9032802712672042}
12/21/2023 09:40:17 - INFO - __main__ - Epoch:32, Train Accuracy:0.906375, f1:0.9040274455703047

Epoch: [32][0/63]	
12/21/2023 09:40:38 - INFO - utils.common - 计算 f1 score ing...
12/21/2023 09:40:38 - INFO - utils.common - F1score = 0.9511008246987088
12/21/2023 09:40:38 - INFO - utils.common - 计算 accuracy ing...
12/21/2023 09:40:38 - INFO - utils.common - acc = 0.9514
12/21/2023 09:40:38 - INFO - utils.common - 计算 precision ing...
12/21/2023 09:40:38 - INFO - utils.common - precision = 0.9527863521969534
12/21/2023 09:40:38 - INFO - utils.common - 计算 recall ing...
12/21/2023 09:40:38 - INFO - utils.common - result = {'f1score': 0.9511008246987088, 'acc': 0.9514, 'precision': 0.9527863521969534, 'recall': 0.9497578308109637}
12/21/2023 09:40:38 - INFO - __main__ - Epoch:32, Val Accuracy:0.9514, f1:0.9511008246987088

12/21/2023 09:40:38 - INFO - __main__ - lr:0.0001036736311836454
12/21/2023 09:40:38 - INFO - __main__ - ==========Epoch:33==========
Save best weights
12/21/2023 09:41:02 - INFO - utils.common - 计算 f1 score ing...
12/21/2023 09:41:02 - INFO - utils.common - F1score = 0.9056567259859291
12/21/2023 09:41:02 - INFO - utils.common - 计算 accuracy ing...
12/21/2023 09:41:02 - INFO - utils.common - acc = 0.90775
12/21/2023 09:41:02 - INFO - utils.common - 计算 precision ing...
12/21/2023 09:41:02 - INFO - utils.common - precision = 0.9063529880420129
12/21/2023 09:41:02 - INFO - utils.common - 计算 recall ing...
12/21/2023 09:41:02 - INFO - utils.common - result = {'f1score': 0.9056567259859291, 'acc': 0.90775, 'precision': 0.9063529880420129, 'recall': 0.9051762485019061}
12/21/2023 09:41:02 - INFO - __main__ - Epoch:33, Train Accuracy:0.90775, f1:0.9056567259859291

Epoch: [33][0/63]	
12/21/2023 09:41:23 - INFO - utils.common - 计算 f1 score ing...
12/21/2023 09:41:23 - INFO - utils.common - F1score = 0.9507761142824221
12/21/2023 09:41:23 - INFO - utils.common - 计算 accuracy ing...
12/21/2023 09:41:23 - INFO - utils.common - acc = 0.95095
12/21/2023 09:41:23 - INFO - utils.common - 计算 precision ing...
12/21/2023 09:41:23 - INFO - utils.common - precision = 0.9523690671718152
12/21/2023 09:41:23 - INFO - utils.common - 计算 recall ing...
12/21/2023 09:41:23 - INFO - utils.common - result = {'f1score': 0.9507761142824221, 'acc': 0.95095, 'precision': 0.9523690671718152, 'recall': 0.9495386579775739}
12/21/2023 09:41:23 - INFO - __main__ - Epoch:33, Val Accuracy:0.95095, f1:0.9507761142824221

12/21/2023 09:41:23 - INFO - __main__ - lr:2.8683631183645395e-05
12/21/2023 09:41:23 - INFO - __main__ - ==========Epoch:34==========
early_st 4
12/21/2023 09:41:48 - INFO - utils.common - 计算 f1 score ing...
12/21/2023 09:41:48 - INFO - utils.common - F1score = 0.9053464200977008
12/21/2023 09:41:48 - INFO - utils.common - 计算 accuracy ing...
12/21/2023 09:41:48 - INFO - utils.common - acc = 0.906875
12/21/2023 09:41:48 - INFO - utils.common - 计算 precision ing...
12/21/2023 09:41:48 - INFO - utils.common - precision = 0.9053905913149989
12/21/2023 09:41:48 - INFO - utils.common - 计算 recall ing...
12/21/2023 09:41:48 - INFO - utils.common - result = {'f1score': 0.9053464200977008, 'acc': 0.906875, 'precision': 0.9053905913149989, 'recall': 0.9054192664023041}
12/21/2023 09:41:48 - INFO - __main__ - Epoch:34, Train Accuracy:0.906875, f1:0.9053464200977008

Epoch: [34][0/63]	
12/21/2023 09:42:08 - INFO - utils.common - 计算 f1 score ing...
12/21/2023 09:42:09 - INFO - utils.common - F1score = 0.9512922417001852
12/21/2023 09:42:09 - INFO - utils.common - 计算 accuracy ing...
12/21/2023 09:42:09 - INFO - utils.common - acc = 0.95155
12/21/2023 09:42:09 - INFO - utils.common - 计算 precision ing...
12/21/2023 09:42:09 - INFO - utils.common - precision = 0.9528598004145155
12/21/2023 09:42:09 - INFO - utils.common - 计算 recall ing...
12/21/2023 09:42:09 - INFO - utils.common - result = {'f1score': 0.9512922417001852, 'acc': 0.95155, 'precision': 0.9528598004145155, 'recall': 0.9500439357627913}
12/21/2023 09:42:09 - INFO - __main__ - Epoch:34, Val Accuracy:0.95155, f1:0.9512922417001852

12/21/2023 09:42:09 - INFO - __main__ - lr:0.0003
12/21/2023 09:42:09 - INFO - __main__ - ==========Epoch:35==========
Save best weights
12/21/2023 09:42:34 - INFO - utils.common - 计算 f1 score ing...
12/21/2023 09:42:34 - INFO - utils.common - F1score = 0.9120339861677377
12/21/2023 09:42:34 - INFO - utils.common - 计算 accuracy ing...
12/21/2023 09:42:34 - INFO - utils.common - acc = 0.914125
12/21/2023 09:42:34 - INFO - utils.common - 计算 precision ing...
12/21/2023 09:42:34 - INFO - utils.common - precision = 0.9130748109623378
12/21/2023 09:42:34 - INFO - utils.common - 计算 recall ing...
12/21/2023 09:42:34 - INFO - utils.common - result = {'f1score': 0.9120339861677377, 'acc': 0.914125, 'precision': 0.9130748109623378, 'recall': 0.911322109240868}
12/21/2023 09:42:34 - INFO - __main__ - Epoch:35, Train Accuracy:0.914125, f1:0.9120339861677377

Epoch: [35][0/63]	
12/21/2023 09:42:54 - INFO - utils.common - 计算 f1 score ing...
12/21/2023 09:42:54 - INFO - utils.common - F1score = 0.9532147973780146
12/21/2023 09:42:54 - INFO - utils.common - 计算 accuracy ing...
12/21/2023 09:42:54 - INFO - utils.common - acc = 0.95355
12/21/2023 09:42:54 - INFO - utils.common - 计算 precision ing...
12/21/2023 09:42:54 - INFO - utils.common - precision = 0.9549556859574844
12/21/2023 09:42:54 - INFO - utils.common - 计算 recall ing...
12/21/2023 09:42:54 - INFO - utils.common - result = {'f1score': 0.9532147973780146, 'acc': 0.95355, 'precision': 0.9549556859574844, 'recall': 0.9517957916120829}
12/21/2023 09:42:54 - INFO - __main__ - Epoch:35, Val Accuracy:0.95355, f1:0.9532147973780146

12/21/2023 09:42:54 - INFO - __main__ - lr:0.00027135636881635457
12/21/2023 09:42:54 - INFO - __main__ - ==========Epoch:36==========
Save best weights
12/21/2023 09:43:19 - INFO - utils.common - 计算 f1 score ing...
12/21/2023 09:43:19 - INFO - utils.common - F1score = 0.9147076852211886
12/21/2023 09:43:19 - INFO - utils.common - 计算 accuracy ing...
12/21/2023 09:43:19 - INFO - utils.common - acc = 0.91625
12/21/2023 09:43:19 - INFO - utils.common - 计算 precision ing...
12/21/2023 09:43:19 - INFO - utils.common - precision = 0.9152562567385067
12/21/2023 09:43:19 - INFO - utils.common - 计算 recall ing...
12/21/2023 09:43:19 - INFO - utils.common - result = {'f1score': 0.9147076852211886, 'acc': 0.91625, 'precision': 0.9152562567385067, 'recall': 0.9142739410552133}
12/21/2023 09:43:19 - INFO - __main__ - Epoch:36, Train Accuracy:0.91625, f1:0.9147076852211886

Epoch: [36][0/63]	
12/21/2023 09:43:40 - INFO - utils.common - 计算 f1 score ing...
12/21/2023 09:43:40 - INFO - utils.common - F1score = 0.9530101226260818
12/21/2023 09:43:40 - INFO - utils.common - 计算 accuracy ing...
12/21/2023 09:43:40 - INFO - utils.common - acc = 0.95305
12/21/2023 09:43:40 - INFO - utils.common - 计算 precision ing...
12/21/2023 09:43:40 - INFO - utils.common - precision = 0.9541444599861872
12/21/2023 09:43:40 - INFO - utils.common - 计算 recall ing...
12/21/2023 09:43:40 - INFO - utils.common - result = {'f1score': 0.9530101226260818, 'acc': 0.95305, 'precision': 0.9541444599861872, 'recall': 0.9522400361784877}
12/21/2023 09:43:40 - INFO - __main__ - Epoch:36, Val Accuracy:0.95305, f1:0.9530101226260818

12/21/2023 09:43:40 - INFO - __main__ - lr:0.0001963663688163546
12/21/2023 09:43:40 - INFO - __main__ - ==========Epoch:37==========
early_st 4
12/21/2023 09:44:04 - INFO - utils.common - 计算 f1 score ing...
12/21/2023 09:44:04 - INFO - utils.common - F1score = 0.9131375165181148
12/21/2023 09:44:04 - INFO - utils.common - 计算 accuracy ing...
12/21/2023 09:44:04 - INFO - utils.common - acc = 0.91475
12/21/2023 09:44:04 - INFO - utils.common - 计算 precision ing...
12/21/2023 09:44:05 - INFO - utils.common - precision = 0.9131641091978744
12/21/2023 09:44:05 - INFO - utils.common - 计算 recall ing...
12/21/2023 09:44:05 - INFO - utils.common - result = {'f1score': 0.9131375165181148, 'acc': 0.91475, 'precision': 0.9131641091978744, 'recall': 0.9131767336645454}
12/21/2023 09:44:05 - INFO - __main__ - Epoch:37, Train Accuracy:0.91475, f1:0.9131375165181148

Epoch: [37][0/63]	
12/21/2023 09:44:25 - INFO - utils.common - 计算 f1 score ing...
12/21/2023 09:44:25 - INFO - utils.common - F1score = 0.9540345537129724
12/21/2023 09:44:25 - INFO - utils.common - 计算 accuracy ing...
12/21/2023 09:44:25 - INFO - utils.common - acc = 0.9544
12/21/2023 09:44:25 - INFO - utils.common - 计算 precision ing...
12/21/2023 09:44:25 - INFO - utils.common - precision = 0.955177111148182
12/21/2023 09:44:25 - INFO - utils.common - 计算 recall ing...
12/21/2023 09:44:25 - INFO - utils.common - result = {'f1score': 0.9540345537129724, 'acc': 0.9544, 'precision': 0.955177111148182, 'recall': 0.9531462578660906}
12/21/2023 09:44:25 - INFO - __main__ - Epoch:37, Val Accuracy:0.9544, f1:0.9540345537129724

12/21/2023 09:44:25 - INFO - __main__ - lr:0.0001036736311836454
12/21/2023 09:44:25 - INFO - __main__ - ==========Epoch:38==========
Save best weights
12/21/2023 09:44:50 - INFO - utils.common - 计算 f1 score ing...
12/21/2023 09:44:50 - INFO - utils.common - F1score = 0.9111623489917798
12/21/2023 09:44:50 - INFO - utils.common - 计算 accuracy ing...
12/21/2023 09:44:50 - INFO - utils.common - acc = 0.91275
12/21/2023 09:44:50 - INFO - utils.common - 计算 precision ing...
12/21/2023 09:44:50 - INFO - utils.common - precision = 0.9122229265566748
12/21/2023 09:44:50 - INFO - utils.common - 计算 recall ing...
12/21/2023 09:44:50 - INFO - utils.common - result = {'f1score': 0.9111623489917798, 'acc': 0.91275, 'precision': 0.9122229265566748, 'recall': 0.9103488774091044}
12/21/2023 09:44:50 - INFO - __main__ - Epoch:38, Train Accuracy:0.91275, f1:0.9111623489917798

Epoch: [38][0/63]	
12/21/2023 09:45:10 - INFO - utils.common - 计算 f1 score ing...
12/21/2023 09:45:10 - INFO - utils.common - F1score = 0.9545350164361887
12/21/2023 09:45:10 - INFO - utils.common - 计算 accuracy ing...
12/21/2023 09:45:10 - INFO - utils.common - acc = 0.9548
12/21/2023 09:45:10 - INFO - utils.common - 计算 precision ing...
12/21/2023 09:45:10 - INFO - utils.common - precision = 0.9558664982947462
12/21/2023 09:45:10 - INFO - utils.common - 计算 recall ing...
12/21/2023 09:45:10 - INFO - utils.common - result = {'f1score': 0.9545350164361887, 'acc': 0.9548, 'precision': 0.9558664982947462, 'recall': 0.9534961563270544}
12/21/2023 09:45:10 - INFO - __main__ - Epoch:38, Val Accuracy:0.9548, f1:0.9545350164361887

12/21/2023 09:45:10 - INFO - __main__ - lr:2.8683631183645395e-05
12/21/2023 09:45:10 - INFO - __main__ - ==========Epoch:39==========
Save best weights
12/21/2023 09:45:35 - INFO - utils.common - 计算 f1 score ing...
12/21/2023 09:45:35 - INFO - utils.common - F1score = 0.9128123099509917
12/21/2023 09:45:35 - INFO - utils.common - 计算 accuracy ing...
12/21/2023 09:45:35 - INFO - utils.common - acc = 0.91475
12/21/2023 09:45:35 - INFO - utils.common - 计算 precision ing...
12/21/2023 09:45:35 - INFO - utils.common - precision = 0.9136791827625328
12/21/2023 09:45:35 - INFO - utils.common - 计算 recall ing...
12/21/2023 09:45:35 - INFO - utils.common - result = {'f1score': 0.9128123099509917, 'acc': 0.91475, 'precision': 0.9136791827625328, 'recall': 0.9122375712397548}
12/21/2023 09:45:35 - INFO - __main__ - Epoch:39, Train Accuracy:0.91475, f1:0.9128123099509917

Epoch: [39][0/63]	
12/21/2023 09:45:55 - INFO - utils.common - 计算 f1 score ing...
12/21/2023 09:45:55 - INFO - utils.common - F1score = 0.9556465638959035
12/21/2023 09:45:55 - INFO - utils.common - 计算 accuracy ing...
12/21/2023 09:45:55 - INFO - utils.common - acc = 0.95585
12/21/2023 09:45:55 - INFO - utils.common - 计算 precision ing...
12/21/2023 09:45:56 - INFO - utils.common - precision = 0.9570541299053238
12/21/2023 09:45:56 - INFO - utils.common - 计算 recall ing...
12/21/2023 09:45:56 - INFO - utils.common - result = {'f1score': 0.9556465638959035, 'acc': 0.95585, 'precision': 0.9570541299053238, 'recall': 0.9545279330592389}
12/21/2023 09:45:56 - INFO - __main__ - Epoch:39, Val Accuracy:0.95585, f1:0.9556465638959035

12/21/2023 09:45:56 - INFO - __main__ - lr:0.0003
Save best weights
Test
12/21/2023 09:46:02 - INFO - utils.common - 计算 f1 score ing...
12/21/2023 09:46:02 - INFO - utils.common - F1score = 0.9037886027988756
12/21/2023 09:46:02 - INFO - utils.common - 计算 accuracy ing...
12/21/2023 09:46:02 - INFO - utils.common - acc = 0.9306406685236769
12/21/2023 09:46:02 - INFO - utils.common - 计算 precision ing...
12/21/2023 09:46:02 - INFO - utils.common - precision = 0.9157627723161457
12/21/2023 09:46:02 - INFO - utils.common - 计算 recall ing...
12/21/2023 09:46:02 - INFO - utils.common - result = {'f1score': 0.9037886027988756, 'acc': 0.9306406685236769, 'precision': 0.9157627723161457, 'recall': 0.9007017083032136}
12/21/2023 09:46:02 - INFO - __main__ - test_f1:0.9037886027988756, test_acc:0.9306406685236769, test_precision:0.9157627723161457, test_recall:0.9007017083032136
12/21/2023 09:46:02 - INFO - __main__ - Finish fine-turning...
