nohup: ignoring input
12/21/2023 09:12:28 - INFO - __main__ - 设置 seed 为:  4
12/21/2023 09:12:28 - INFO - __main__ - Start fine-turning...
12/21/2023 09:12:32 - INFO - __main__ - ==========Epoch:0==========
=> no checkpoint found at '
12/21/2023 09:12:38 - INFO - utils.common - 计算 f1 score ing...
12/21/2023 09:12:38 - INFO - utils.common - F1score = 0.05849626200316963
12/21/2023 09:12:38 - INFO - utils.common - 计算 accuracy ing...
12/21/2023 09:12:38 - INFO - utils.common - acc = 0.09625
12/21/2023 09:12:38 - INFO - utils.common - 计算 precision ing...
12/21/2023 09:12:38 - INFO - utils.common - precision = 0.08973670150732102
12/21/2023 09:12:38 - INFO - utils.common - 计算 recall ing...
12/21/2023 09:12:38 - INFO - utils.common - result = {'f1score': 0.05849626200316963, 'acc': 0.09625, 'precision': 0.08973670150732102, 'recall': 0.09362181051052088}
12/21/2023 09:12:38 - INFO - __main__ - Epoch:0, Train Accuracy:0.09625, f1:0.05849626200316963

Epoch: [0][0/7]	
12/21/2023 09:12:50 - INFO - utils.common - 计算 f1 score ing...
12/21/2023 09:12:51 - INFO - utils.common - F1score = 0.1602291109263526
12/21/2023 09:12:51 - INFO - utils.common - 计算 accuracy ing...
12/21/2023 09:12:51 - INFO - utils.common - acc = 0.23825
12/21/2023 09:12:51 - INFO - utils.common - 计算 precision ing...
12/21/2023 09:12:51 - INFO - utils.common - precision = 0.1680847339332266
12/21/2023 09:12:51 - INFO - utils.common - 计算 recall ing...
12/21/2023 09:12:51 - INFO - utils.common - result = {'f1score': 0.1602291109263526, 'acc': 0.23825, 'precision': 0.1680847339332266, 'recall': 0.23089578098693112}
12/21/2023 09:12:51 - INFO - __main__ - Epoch:0, Val Accuracy:0.23825, f1:0.1602291109263526

12/21/2023 09:12:51 - INFO - __main__ - lr:0.00027135636881635457
12/21/2023 09:12:51 - INFO - __main__ - ==========Epoch:1==========
Save best weights
12/21/2023 09:12:56 - INFO - utils.common - 计算 f1 score ing...
12/21/2023 09:12:56 - INFO - utils.common - F1score = 0.13233813418758258
12/21/2023 09:12:56 - INFO - utils.common - 计算 accuracy ing...
12/21/2023 09:12:56 - INFO - utils.common - acc = 0.17375
12/21/2023 09:12:56 - INFO - utils.common - 计算 precision ing...
12/21/2023 09:12:56 - INFO - utils.common - precision = 0.16348778866433086
12/21/2023 09:12:56 - INFO - utils.common - 计算 recall ing...
12/21/2023 09:12:56 - INFO - utils.common - result = {'f1score': 0.13233813418758258, 'acc': 0.17375, 'precision': 0.16348778866433086, 'recall': 0.16444426855891534}
12/21/2023 09:12:56 - INFO - __main__ - Epoch:1, Train Accuracy:0.17375, f1:0.13233813418758258

Epoch: [1][0/7]	
12/21/2023 09:13:11 - INFO - utils.common - 计算 f1 score ing...
12/21/2023 09:13:11 - INFO - utils.common - F1score = 0.22209510257084816
12/21/2023 09:13:11 - INFO - utils.common - 计算 accuracy ing...
12/21/2023 09:13:11 - INFO - utils.common - acc = 0.27155
12/21/2023 09:13:11 - INFO - utils.common - 计算 precision ing...
12/21/2023 09:13:11 - INFO - utils.common - precision = 0.2817488926229422
12/21/2023 09:13:11 - INFO - utils.common - 计算 recall ing...
12/21/2023 09:13:11 - INFO - utils.common - result = {'f1score': 0.22209510257084816, 'acc': 0.27155, 'precision': 0.2817488926229422, 'recall': 0.2526541091746062}
12/21/2023 09:13:11 - INFO - __main__ - Epoch:1, Val Accuracy:0.27155, f1:0.22209510257084816

12/21/2023 09:13:11 - INFO - __main__ - lr:0.0001963663688163546
12/21/2023 09:13:11 - INFO - __main__ - ==========Epoch:2==========
Save best weights
12/21/2023 09:13:18 - INFO - utils.common - 计算 f1 score ing...
12/21/2023 09:13:18 - INFO - utils.common - F1score = 0.19267059941970965
12/21/2023 09:13:18 - INFO - utils.common - 计算 accuracy ing...
12/21/2023 09:13:18 - INFO - utils.common - acc = 0.2325
12/21/2023 09:13:18 - INFO - utils.common - 计算 precision ing...
12/21/2023 09:13:18 - INFO - utils.common - precision = 0.20234973623279368
12/21/2023 09:13:18 - INFO - utils.common - 计算 recall ing...
12/21/2023 09:13:18 - INFO - utils.common - result = {'f1score': 0.19267059941970965, 'acc': 0.2325, 'precision': 0.20234973623279368, 'recall': 0.21524719970784115}
12/21/2023 09:13:18 - INFO - __main__ - Epoch:2, Train Accuracy:0.2325, f1:0.19267059941970965

Epoch: [2][0/7]	
12/21/2023 09:13:36 - INFO - utils.common - 计算 f1 score ing...
12/21/2023 09:13:36 - INFO - utils.common - F1score = 0.2618734446930362
12/21/2023 09:13:36 - INFO - utils.common - 计算 accuracy ing...
12/21/2023 09:13:36 - INFO - utils.common - acc = 0.29625
12/21/2023 09:13:36 - INFO - utils.common - 计算 precision ing...
12/21/2023 09:13:36 - INFO - utils.common - precision = 0.35255578007753513
12/21/2023 09:13:36 - INFO - utils.common - 计算 recall ing...
12/21/2023 09:13:36 - INFO - utils.common - result = {'f1score': 0.2618734446930362, 'acc': 0.29625, 'precision': 0.35255578007753513, 'recall': 0.2724636300623791}
12/21/2023 09:13:36 - INFO - __main__ - Epoch:2, Val Accuracy:0.29625, f1:0.2618734446930362

12/21/2023 09:13:36 - INFO - __main__ - lr:0.0001036736311836454
12/21/2023 09:13:36 - INFO - __main__ - ==========Epoch:3==========
Save best weights
12/21/2023 09:13:41 - INFO - utils.common - 计算 f1 score ing...
12/21/2023 09:13:41 - INFO - utils.common - F1score = 0.21024055792998433
12/21/2023 09:13:41 - INFO - utils.common - 计算 accuracy ing...
12/21/2023 09:13:41 - INFO - utils.common - acc = 0.2525
12/21/2023 09:13:41 - INFO - utils.common - 计算 precision ing...
12/21/2023 09:13:41 - INFO - utils.common - precision = 0.22874704957988282
12/21/2023 09:13:41 - INFO - utils.common - 计算 recall ing...
12/21/2023 09:13:41 - INFO - utils.common - result = {'f1score': 0.21024055792998433, 'acc': 0.2525, 'precision': 0.22874704957988282, 'recall': 0.23010187667061205}
12/21/2023 09:13:41 - INFO - __main__ - Epoch:3, Train Accuracy:0.2525, f1:0.21024055792998433

Epoch: [3][0/7]	
12/21/2023 09:14:02 - INFO - utils.common - 计算 f1 score ing...
12/21/2023 09:14:02 - INFO - utils.common - F1score = 0.2886936047971427
12/21/2023 09:14:02 - INFO - utils.common - 计算 accuracy ing...
12/21/2023 09:14:02 - INFO - utils.common - acc = 0.3167
12/21/2023 09:14:02 - INFO - utils.common - 计算 precision ing...
12/21/2023 09:14:02 - INFO - utils.common - precision = 0.3848033190383094
12/21/2023 09:14:02 - INFO - utils.common - 计算 recall ing...
12/21/2023 09:14:02 - INFO - utils.common - result = {'f1score': 0.2886936047971427, 'acc': 0.3167, 'precision': 0.3848033190383094, 'recall': 0.29165633580234673}
12/21/2023 09:14:02 - INFO - __main__ - Epoch:3, Val Accuracy:0.3167, f1:0.2886936047971427

12/21/2023 09:14:02 - INFO - __main__ - lr:2.8683631183645395e-05
12/21/2023 09:14:02 - INFO - __main__ - ==========Epoch:4==========
Save best weights
12/21/2023 09:14:09 - INFO - utils.common - 计算 f1 score ing...
12/21/2023 09:14:09 - INFO - utils.common - F1score = 0.2258516716338306
12/21/2023 09:14:09 - INFO - utils.common - 计算 accuracy ing...
12/21/2023 09:14:09 - INFO - utils.common - acc = 0.2675
12/21/2023 09:14:09 - INFO - utils.common - 计算 precision ing...
12/21/2023 09:14:09 - INFO - utils.common - precision = 0.25022204465411657
12/21/2023 09:14:09 - INFO - utils.common - 计算 recall ing...
12/21/2023 09:14:09 - INFO - utils.common - result = {'f1score': 0.2258516716338306, 'acc': 0.2675, 'precision': 0.25022204465411657, 'recall': 0.24443318461747143}
12/21/2023 09:14:09 - INFO - __main__ - Epoch:4, Train Accuracy:0.2675, f1:0.2258516716338306

Epoch: [4][0/7]	
12/21/2023 09:14:24 - INFO - utils.common - 计算 f1 score ing...
12/21/2023 09:14:24 - INFO - utils.common - F1score = 0.2957435248655311
12/21/2023 09:14:24 - INFO - utils.common - 计算 accuracy ing...
12/21/2023 09:14:25 - INFO - utils.common - acc = 0.32425
12/21/2023 09:14:25 - INFO - utils.common - 计算 precision ing...
12/21/2023 09:14:25 - INFO - utils.common - precision = 0.3878850911405641
12/21/2023 09:14:25 - INFO - utils.common - 计算 recall ing...
12/21/2023 09:14:25 - INFO - utils.common - result = {'f1score': 0.2957435248655311, 'acc': 0.32425, 'precision': 0.3878850911405641, 'recall': 0.29883360212134513}
12/21/2023 09:14:25 - INFO - __main__ - Epoch:4, Val Accuracy:0.32425, f1:0.2957435248655311

12/21/2023 09:14:25 - INFO - __main__ - lr:0.0003
12/21/2023 09:14:25 - INFO - __main__ - ==========Epoch:5==========
Save best weights
12/21/2023 09:14:32 - INFO - utils.common - 计算 f1 score ing...
12/21/2023 09:14:32 - INFO - utils.common - F1score = 0.25671471472836793
12/21/2023 09:14:32 - INFO - utils.common - 计算 accuracy ing...
12/21/2023 09:14:32 - INFO - utils.common - acc = 0.29875
12/21/2023 09:14:32 - INFO - utils.common - 计算 precision ing...
12/21/2023 09:14:32 - INFO - utils.common - precision = 0.2788869488566
12/21/2023 09:14:32 - INFO - utils.common - 计算 recall ing...
12/21/2023 09:14:32 - INFO - utils.common - result = {'f1score': 0.25671471472836793, 'acc': 0.29875, 'precision': 0.2788869488566, 'recall': 0.27574273758071605}
12/21/2023 09:14:32 - INFO - __main__ - Epoch:5, Train Accuracy:0.29875, f1:0.25671471472836793

Epoch: [5][0/7]	
12/21/2023 09:14:50 - INFO - utils.common - 计算 f1 score ing...
12/21/2023 09:14:50 - INFO - utils.common - F1score = 0.3950610080573437
12/21/2023 09:14:50 - INFO - utils.common - 计算 accuracy ing...
12/21/2023 09:14:50 - INFO - utils.common - acc = 0.4209
12/21/2023 09:14:50 - INFO - utils.common - 计算 precision ing...
12/21/2023 09:14:50 - INFO - utils.common - precision = 0.4824019995918264
12/21/2023 09:14:50 - INFO - utils.common - 计算 recall ing...
12/21/2023 09:14:50 - INFO - utils.common - result = {'f1score': 0.3950610080573437, 'acc': 0.4209, 'precision': 0.4824019995918264, 'recall': 0.3982721050344591}
12/21/2023 09:14:50 - INFO - __main__ - Epoch:5, Val Accuracy:0.4209, f1:0.3950610080573437

12/21/2023 09:14:50 - INFO - __main__ - lr:0.00027135636881635457
12/21/2023 09:14:50 - INFO - __main__ - ==========Epoch:6==========
Save best weights
12/21/2023 09:14:57 - INFO - utils.common - 计算 f1 score ing...
12/21/2023 09:14:57 - INFO - utils.common - F1score = 0.3240884109571363
12/21/2023 09:14:57 - INFO - utils.common - 计算 accuracy ing...
12/21/2023 09:14:57 - INFO - utils.common - acc = 0.38125
12/21/2023 09:14:57 - INFO - utils.common - 计算 precision ing...
12/21/2023 09:14:57 - INFO - utils.common - precision = 0.38471669842172646
12/21/2023 09:14:57 - INFO - utils.common - 计算 recall ing...
12/21/2023 09:14:57 - INFO - utils.common - result = {'f1score': 0.3240884109571363, 'acc': 0.38125, 'precision': 0.38471669842172646, 'recall': 0.35175734004644943}
12/21/2023 09:14:57 - INFO - __main__ - Epoch:6, Train Accuracy:0.38125, f1:0.3240884109571363

Epoch: [6][0/7]	
12/21/2023 09:15:15 - INFO - utils.common - 计算 f1 score ing...
12/21/2023 09:15:15 - INFO - utils.common - F1score = 0.46046965809221596
12/21/2023 09:15:15 - INFO - utils.common - 计算 accuracy ing...
12/21/2023 09:15:15 - INFO - utils.common - acc = 0.4917
12/21/2023 09:15:15 - INFO - utils.common - 计算 precision ing...
12/21/2023 09:15:16 - INFO - utils.common - precision = 0.5360740695298224
12/21/2023 09:15:16 - INFO - utils.common - 计算 recall ing...
12/21/2023 09:15:16 - INFO - utils.common - result = {'f1score': 0.46046965809221596, 'acc': 0.4917, 'precision': 0.5360740695298224, 'recall': 0.46841225743881343}
12/21/2023 09:15:16 - INFO - __main__ - Epoch:6, Val Accuracy:0.4917, f1:0.46046965809221596

12/21/2023 09:15:16 - INFO - __main__ - lr:0.0001963663688163546
12/21/2023 09:15:16 - INFO - __main__ - ==========Epoch:7==========
Save best weights
12/21/2023 09:15:22 - INFO - utils.common - 计算 f1 score ing...
12/21/2023 09:15:22 - INFO - utils.common - F1score = 0.370794634309992
12/21/2023 09:15:22 - INFO - utils.common - 计算 accuracy ing...
12/21/2023 09:15:22 - INFO - utils.common - acc = 0.41375
12/21/2023 09:15:22 - INFO - utils.common - 计算 precision ing...
12/21/2023 09:15:22 - INFO - utils.common - precision = 0.4305567125460801
12/21/2023 09:15:22 - INFO - utils.common - 计算 recall ing...
12/21/2023 09:15:22 - INFO - utils.common - result = {'f1score': 0.370794634309992, 'acc': 0.41375, 'precision': 0.4305567125460801, 'recall': 0.3908341684009866}
12/21/2023 09:15:22 - INFO - __main__ - Epoch:7, Train Accuracy:0.41375, f1:0.370794634309992

Epoch: [7][0/7]	
12/21/2023 09:15:40 - INFO - utils.common - 计算 f1 score ing...
12/21/2023 09:15:40 - INFO - utils.common - F1score = 0.497715284705339
12/21/2023 09:15:40 - INFO - utils.common - 计算 accuracy ing...
12/21/2023 09:15:40 - INFO - utils.common - acc = 0.5283
12/21/2023 09:15:40 - INFO - utils.common - 计算 precision ing...
12/21/2023 09:15:41 - INFO - utils.common - precision = 0.5684178007635209
12/21/2023 09:15:41 - INFO - utils.common - 计算 recall ing...
12/21/2023 09:15:41 - INFO - utils.common - result = {'f1score': 0.497715284705339, 'acc': 0.5283, 'precision': 0.5684178007635209, 'recall': 0.5043042028336346}
12/21/2023 09:15:41 - INFO - __main__ - Epoch:7, Val Accuracy:0.5283, f1:0.497715284705339

12/21/2023 09:15:41 - INFO - __main__ - lr:0.0001036736311836454
12/21/2023 09:15:41 - INFO - __main__ - ==========Epoch:8==========
Save best weights
12/21/2023 09:15:49 - INFO - utils.common - 计算 f1 score ing...
12/21/2023 09:15:49 - INFO - utils.common - F1score = 0.38383753073739135
12/21/2023 09:15:49 - INFO - utils.common - 计算 accuracy ing...
12/21/2023 09:15:49 - INFO - utils.common - acc = 0.43375
12/21/2023 09:15:49 - INFO - utils.common - 计算 precision ing...
12/21/2023 09:15:49 - INFO - utils.common - precision = 0.4501888902142559
12/21/2023 09:15:49 - INFO - utils.common - 计算 recall ing...
12/21/2023 09:15:49 - INFO - utils.common - result = {'f1score': 0.38383753073739135, 'acc': 0.43375, 'precision': 0.4501888902142559, 'recall': 0.4050475819846889}
12/21/2023 09:15:49 - INFO - __main__ - Epoch:8, Train Accuracy:0.43375, f1:0.38383753073739135

Epoch: [8][0/7]	
12/21/2023 09:16:09 - INFO - utils.common - 计算 f1 score ing...
12/21/2023 09:16:09 - INFO - utils.common - F1score = 0.515845940378336
12/21/2023 09:16:09 - INFO - utils.common - 计算 accuracy ing...
12/21/2023 09:16:09 - INFO - utils.common - acc = 0.54535
12/21/2023 09:16:09 - INFO - utils.common - 计算 precision ing...
12/21/2023 09:16:09 - INFO - utils.common - precision = 0.5849603884209073
12/21/2023 09:16:09 - INFO - utils.common - 计算 recall ing...
12/21/2023 09:16:09 - INFO - utils.common - result = {'f1score': 0.515845940378336, 'acc': 0.54535, 'precision': 0.5849603884209073, 'recall': 0.5214934789217007}
12/21/2023 09:16:09 - INFO - __main__ - Epoch:8, Val Accuracy:0.54535, f1:0.515845940378336

12/21/2023 09:16:09 - INFO - __main__ - lr:2.8683631183645395e-05
12/21/2023 09:16:09 - INFO - __main__ - ==========Epoch:9==========
Save best weights
12/21/2023 09:16:16 - INFO - utils.common - 计算 f1 score ing...
12/21/2023 09:16:16 - INFO - utils.common - F1score = 0.4126643687921984
12/21/2023 09:16:16 - INFO - utils.common - 计算 accuracy ing...
12/21/2023 09:16:16 - INFO - utils.common - acc = 0.45875
12/21/2023 09:16:16 - INFO - utils.common - 计算 precision ing...
12/21/2023 09:16:16 - INFO - utils.common - precision = 0.4715919625842576
12/21/2023 09:16:16 - INFO - utils.common - 计算 recall ing...
12/21/2023 09:16:16 - INFO - utils.common - result = {'f1score': 0.4126643687921984, 'acc': 0.45875, 'precision': 0.4715919625842576, 'recall': 0.4320044981715585}
12/21/2023 09:16:16 - INFO - __main__ - Epoch:9, Train Accuracy:0.45875, f1:0.4126643687921984

Epoch: [9][0/7]	
12/21/2023 09:16:33 - INFO - utils.common - 计算 f1 score ing...
12/21/2023 09:16:33 - INFO - utils.common - F1score = 0.5196965763568028
12/21/2023 09:16:33 - INFO - utils.common - 计算 accuracy ing...
12/21/2023 09:16:33 - INFO - utils.common - acc = 0.54825
12/21/2023 09:16:33 - INFO - utils.common - 计算 precision ing...
12/21/2023 09:16:33 - INFO - utils.common - precision = 0.5892767715019516
12/21/2023 09:16:33 - INFO - utils.common - 计算 recall ing...
12/21/2023 09:16:33 - INFO - utils.common - result = {'f1score': 0.5196965763568028, 'acc': 0.54825, 'precision': 0.5892767715019516, 'recall': 0.5246952192378981}
12/21/2023 09:16:33 - INFO - __main__ - Epoch:9, Val Accuracy:0.54825, f1:0.5196965763568028

12/21/2023 09:16:33 - INFO - __main__ - lr:0.0003
12/21/2023 09:16:33 - INFO - __main__ - ==========Epoch:10==========
Save best weights
12/21/2023 09:16:42 - INFO - utils.common - 计算 f1 score ing...
12/21/2023 09:16:42 - INFO - utils.common - F1score = 0.4439120196502594
12/21/2023 09:16:42 - INFO - utils.common - 计算 accuracy ing...
12/21/2023 09:16:42 - INFO - utils.common - acc = 0.4825
12/21/2023 09:16:42 - INFO - utils.common - 计算 precision ing...
12/21/2023 09:16:42 - INFO - utils.common - precision = 0.4801634037341842
12/21/2023 09:16:42 - INFO - utils.common - 计算 recall ing...
12/21/2023 09:16:42 - INFO - utils.common - result = {'f1score': 0.4439120196502594, 'acc': 0.4825, 'precision': 0.4801634037341842, 'recall': 0.45843305855761396}
12/21/2023 09:16:42 - INFO - __main__ - Epoch:10, Train Accuracy:0.4825, f1:0.4439120196502594

Epoch: [10][0/7]	
12/21/2023 09:16:59 - INFO - utils.common - 计算 f1 score ing...
12/21/2023 09:16:59 - INFO - utils.common - F1score = 0.5557162230749657
12/21/2023 09:16:59 - INFO - utils.common - 计算 accuracy ing...
12/21/2023 09:17:00 - INFO - utils.common - acc = 0.584
12/21/2023 09:17:00 - INFO - utils.common - 计算 precision ing...
12/21/2023 09:17:00 - INFO - utils.common - precision = 0.6319567848556177
12/21/2023 09:17:00 - INFO - utils.common - 计算 recall ing...
12/21/2023 09:17:00 - INFO - utils.common - result = {'f1score': 0.5557162230749657, 'acc': 0.584, 'precision': 0.6319567848556177, 'recall': 0.5602453836756514}
12/21/2023 09:17:00 - INFO - __main__ - Epoch:10, Val Accuracy:0.584, f1:0.5557162230749657

12/21/2023 09:17:00 - INFO - __main__ - lr:0.00027135636881635457
12/21/2023 09:17:00 - INFO - __main__ - ==========Epoch:11==========
Save best weights
12/21/2023 09:17:05 - INFO - utils.common - 计算 f1 score ing...
12/21/2023 09:17:05 - INFO - utils.common - F1score = 0.4609431100952794
12/21/2023 09:17:05 - INFO - utils.common - 计算 accuracy ing...
12/21/2023 09:17:05 - INFO - utils.common - acc = 0.49375
12/21/2023 09:17:05 - INFO - utils.common - 计算 precision ing...
12/21/2023 09:17:05 - INFO - utils.common - precision = 0.5148292264160739
12/21/2023 09:17:05 - INFO - utils.common - 计算 recall ing...
12/21/2023 09:17:05 - INFO - utils.common - result = {'f1score': 0.4609431100952794, 'acc': 0.49375, 'precision': 0.5148292264160739, 'recall': 0.47108799934040113}
12/21/2023 09:17:05 - INFO - __main__ - Epoch:11, Train Accuracy:0.49375, f1:0.4609431100952794

Epoch: [11][0/7]	
12/21/2023 09:17:26 - INFO - utils.common - 计算 f1 score ing...
12/21/2023 09:17:26 - INFO - utils.common - F1score = 0.5701896376448878
12/21/2023 09:17:26 - INFO - utils.common - 计算 accuracy ing...
12/21/2023 09:17:27 - INFO - utils.common - acc = 0.5991
12/21/2023 09:17:27 - INFO - utils.common - 计算 precision ing...
12/21/2023 09:17:27 - INFO - utils.common - precision = 0.6673775589287222
12/21/2023 09:17:27 - INFO - utils.common - 计算 recall ing...
12/21/2023 09:17:27 - INFO - utils.common - result = {'f1score': 0.5701896376448878, 'acc': 0.5991, 'precision': 0.6673775589287222, 'recall': 0.5737323572475769}
12/21/2023 09:17:27 - INFO - __main__ - Epoch:11, Val Accuracy:0.5991, f1:0.5701896376448878

12/21/2023 09:17:27 - INFO - __main__ - lr:0.0001963663688163546
12/21/2023 09:17:27 - INFO - __main__ - ==========Epoch:12==========
Save best weights
12/21/2023 09:17:35 - INFO - utils.common - 计算 f1 score ing...
12/21/2023 09:17:35 - INFO - utils.common - F1score = 0.4929089153417812
12/21/2023 09:17:35 - INFO - utils.common - 计算 accuracy ing...
12/21/2023 09:17:35 - INFO - utils.common - acc = 0.5325
12/21/2023 09:17:35 - INFO - utils.common - 计算 precision ing...
12/21/2023 09:17:35 - INFO - utils.common - precision = 0.5504902742448541
12/21/2023 09:17:35 - INFO - utils.common - 计算 recall ing...
12/21/2023 09:17:35 - INFO - utils.common - result = {'f1score': 0.4929089153417812, 'acc': 0.5325, 'precision': 0.5504902742448541, 'recall': 0.5082014463322999}
12/21/2023 09:17:35 - INFO - __main__ - Epoch:12, Train Accuracy:0.5325, f1:0.4929089153417812

Epoch: [12][0/7]	
12/21/2023 09:17:50 - INFO - utils.common - 计算 f1 score ing...
12/21/2023 09:17:50 - INFO - utils.common - F1score = 0.5962283664249471
12/21/2023 09:17:50 - INFO - utils.common - 计算 accuracy ing...
12/21/2023 09:17:50 - INFO - utils.common - acc = 0.62535
12/21/2023 09:17:50 - INFO - utils.common - 计算 precision ing...
12/21/2023 09:17:51 - INFO - utils.common - precision = 0.6899351693924642
12/21/2023 09:17:51 - INFO - utils.common - 计算 recall ing...
12/21/2023 09:17:51 - INFO - utils.common - result = {'f1score': 0.5962283664249471, 'acc': 0.62535, 'precision': 0.6899351693924642, 'recall': 0.6000664678388232}
12/21/2023 09:17:51 - INFO - __main__ - Epoch:12, Val Accuracy:0.62535, f1:0.5962283664249471

12/21/2023 09:17:51 - INFO - __main__ - lr:0.0001036736311836454
12/21/2023 09:17:51 - INFO - __main__ - ==========Epoch:13==========
Save best weights
12/21/2023 09:17:58 - INFO - utils.common - 计算 f1 score ing...
12/21/2023 09:17:58 - INFO - utils.common - F1score = 0.5182120584949623
12/21/2023 09:17:58 - INFO - utils.common - 计算 accuracy ing...
12/21/2023 09:17:58 - INFO - utils.common - acc = 0.555
12/21/2023 09:17:58 - INFO - utils.common - 计算 precision ing...
12/21/2023 09:17:58 - INFO - utils.common - precision = 0.5881767535002577
12/21/2023 09:17:58 - INFO - utils.common - 计算 recall ing...
12/21/2023 09:17:58 - INFO - utils.common - result = {'f1score': 0.5182120584949623, 'acc': 0.555, 'precision': 0.5881767535002577, 'recall': 0.5305975863571872}
12/21/2023 09:17:58 - INFO - __main__ - Epoch:13, Train Accuracy:0.555, f1:0.5182120584949623

Epoch: [13][0/7]	
12/21/2023 09:18:16 - INFO - utils.common - 计算 f1 score ing...
12/21/2023 09:18:16 - INFO - utils.common - F1score = 0.6054696282754571
12/21/2023 09:18:16 - INFO - utils.common - 计算 accuracy ing...
12/21/2023 09:18:16 - INFO - utils.common - acc = 0.63605
12/21/2023 09:18:16 - INFO - utils.common - 计算 precision ing...
12/21/2023 09:18:16 - INFO - utils.common - precision = 0.6970849985766872
12/21/2023 09:18:16 - INFO - utils.common - 计算 recall ing...
12/21/2023 09:18:16 - INFO - utils.common - result = {'f1score': 0.6054696282754571, 'acc': 0.63605, 'precision': 0.6970849985766872, 'recall': 0.6110509281670106}
12/21/2023 09:18:16 - INFO - __main__ - Epoch:13, Val Accuracy:0.63605, f1:0.6054696282754571

12/21/2023 09:18:16 - INFO - __main__ - lr:2.8683631183645395e-05
12/21/2023 09:18:16 - INFO - __main__ - ==========Epoch:14==========
Save best weights
12/21/2023 09:18:24 - INFO - utils.common - 计算 f1 score ing...
12/21/2023 09:18:24 - INFO - utils.common - F1score = 0.5431562282426272
12/21/2023 09:18:24 - INFO - utils.common - 计算 accuracy ing...
12/21/2023 09:18:24 - INFO - utils.common - acc = 0.57
12/21/2023 09:18:24 - INFO - utils.common - 计算 precision ing...
12/21/2023 09:18:24 - INFO - utils.common - precision = 0.5851232211128571
12/21/2023 09:18:24 - INFO - utils.common - 计算 recall ing...
12/21/2023 09:18:24 - INFO - utils.common - result = {'f1score': 0.5431562282426272, 'acc': 0.57, 'precision': 0.5851232211128571, 'recall': 0.5517254594777694}
12/21/2023 09:18:24 - INFO - __main__ - Epoch:14, Train Accuracy:0.57, f1:0.5431562282426272

Epoch: [14][0/7]	
12/21/2023 09:18:43 - INFO - utils.common - 计算 f1 score ing...
12/21/2023 09:18:43 - INFO - utils.common - F1score = 0.6061590974541141
12/21/2023 09:18:43 - INFO - utils.common - 计算 accuracy ing...
12/21/2023 09:18:43 - INFO - utils.common - acc = 0.6372
12/21/2023 09:18:43 - INFO - utils.common - 计算 precision ing...
12/21/2023 09:18:43 - INFO - utils.common - precision = 0.6952611339794118
12/21/2023 09:18:43 - INFO - utils.common - 计算 recall ing...
12/21/2023 09:18:43 - INFO - utils.common - result = {'f1score': 0.6061590974541141, 'acc': 0.6372, 'precision': 0.6952611339794118, 'recall': 0.6123848123262213}
12/21/2023 09:18:43 - INFO - __main__ - Epoch:14, Val Accuracy:0.6372, f1:0.6061590974541141

12/21/2023 09:18:43 - INFO - __main__ - lr:0.0003
12/21/2023 09:18:43 - INFO - __main__ - ==========Epoch:15==========
Save best weights
12/21/2023 09:18:49 - INFO - utils.common - 计算 f1 score ing...
12/21/2023 09:18:49 - INFO - utils.common - F1score = 0.5440986759128867
12/21/2023 09:18:49 - INFO - utils.common - 计算 accuracy ing...
12/21/2023 09:18:49 - INFO - utils.common - acc = 0.575
12/21/2023 09:18:49 - INFO - utils.common - 计算 precision ing...
12/21/2023 09:18:49 - INFO - utils.common - precision = 0.5670579139667222
12/21/2023 09:18:49 - INFO - utils.common - 计算 recall ing...
12/21/2023 09:18:49 - INFO - utils.common - result = {'f1score': 0.5440986759128867, 'acc': 0.575, 'precision': 0.5670579139667222, 'recall': 0.5565078966572665}
12/21/2023 09:18:49 - INFO - __main__ - Epoch:15, Train Accuracy:0.575, f1:0.5440986759128867

Epoch: [15][0/7]	
12/21/2023 09:19:07 - INFO - utils.common - 计算 f1 score ing...
12/21/2023 09:19:08 - INFO - utils.common - F1score = 0.6264225138920467
12/21/2023 09:19:08 - INFO - utils.common - 计算 accuracy ing...
12/21/2023 09:19:08 - INFO - utils.common - acc = 0.6578
12/21/2023 09:19:08 - INFO - utils.common - 计算 precision ing...
12/21/2023 09:19:08 - INFO - utils.common - precision = 0.7217870023361865
12/21/2023 09:19:08 - INFO - utils.common - 计算 recall ing...
12/21/2023 09:19:08 - INFO - utils.common - result = {'f1score': 0.6264225138920467, 'acc': 0.6578, 'precision': 0.7217870023361865, 'recall': 0.6331599448772665}
12/21/2023 09:19:08 - INFO - __main__ - Epoch:15, Val Accuracy:0.6578, f1:0.6264225138920467

12/21/2023 09:19:08 - INFO - __main__ - lr:0.00027135636881635457
12/21/2023 09:19:08 - INFO - __main__ - ==========Epoch:16==========
Save best weights
12/21/2023 09:19:17 - INFO - utils.common - 计算 f1 score ing...
12/21/2023 09:19:17 - INFO - utils.common - F1score = 0.5469543596201821
12/21/2023 09:19:17 - INFO - utils.common - 计算 accuracy ing...
12/21/2023 09:19:17 - INFO - utils.common - acc = 0.5875
12/21/2023 09:19:17 - INFO - utils.common - 计算 precision ing...
12/21/2023 09:19:17 - INFO - utils.common - precision = 0.5641690262543158
12/21/2023 09:19:17 - INFO - utils.common - 计算 recall ing...
12/21/2023 09:19:17 - INFO - utils.common - result = {'f1score': 0.5469543596201821, 'acc': 0.5875, 'precision': 0.5641690262543158, 'recall': 0.5666193042509451}
12/21/2023 09:19:17 - INFO - __main__ - Epoch:16, Train Accuracy:0.5875, f1:0.5469543596201821

Epoch: [16][0/7]	
12/21/2023 09:19:35 - INFO - utils.common - 计算 f1 score ing...
12/21/2023 09:19:35 - INFO - utils.common - F1score = 0.6501767998731925
12/21/2023 09:19:35 - INFO - utils.common - 计算 accuracy ing...
12/21/2023 09:19:35 - INFO - utils.common - acc = 0.6813
12/21/2023 09:19:35 - INFO - utils.common - 计算 precision ing...
12/21/2023 09:19:35 - INFO - utils.common - precision = 0.7481880006842175
12/21/2023 09:19:35 - INFO - utils.common - 计算 recall ing...
12/21/2023 09:19:35 - INFO - utils.common - result = {'f1score': 0.6501767998731925, 'acc': 0.6813, 'precision': 0.7481880006842175, 'recall': 0.6566569552836885}
12/21/2023 09:19:35 - INFO - __main__ - Epoch:16, Val Accuracy:0.6813, f1:0.6501767998731925

12/21/2023 09:19:35 - INFO - __main__ - lr:0.0001963663688163546
12/21/2023 09:19:35 - INFO - __main__ - ==========Epoch:17==========
Save best weights
12/21/2023 09:19:42 - INFO - utils.common - 计算 f1 score ing...
12/21/2023 09:19:42 - INFO - utils.common - F1score = 0.5801442708290371
12/21/2023 09:19:42 - INFO - utils.common - 计算 accuracy ing...
12/21/2023 09:19:42 - INFO - utils.common - acc = 0.60375
12/21/2023 09:19:42 - INFO - utils.common - 计算 precision ing...
12/21/2023 09:19:42 - INFO - utils.common - precision = 0.6047918822029598
12/21/2023 09:19:42 - INFO - utils.common - 计算 recall ing...
12/21/2023 09:19:42 - INFO - utils.common - result = {'f1score': 0.5801442708290371, 'acc': 0.60375, 'precision': 0.6047918822029598, 'recall': 0.5914538407188463}
12/21/2023 09:19:42 - INFO - __main__ - Epoch:17, Train Accuracy:0.60375, f1:0.5801442708290371

Epoch: [17][0/7]	
12/21/2023 09:19:58 - INFO - utils.common - 计算 f1 score ing...
12/21/2023 09:19:58 - INFO - utils.common - F1score = 0.6705841515521682
12/21/2023 09:19:58 - INFO - utils.common - 计算 accuracy ing...
12/21/2023 09:19:58 - INFO - utils.common - acc = 0.70215
12/21/2023 09:19:58 - INFO - utils.common - 计算 precision ing...
12/21/2023 09:19:58 - INFO - utils.common - precision = 0.7633006904323445
12/21/2023 09:19:58 - INFO - utils.common - 计算 recall ing...
12/21/2023 09:19:59 - INFO - utils.common - result = {'f1score': 0.6705841515521682, 'acc': 0.70215, 'precision': 0.7633006904323445, 'recall': 0.677998756760981}
12/21/2023 09:19:59 - INFO - __main__ - Epoch:17, Val Accuracy:0.70215, f1:0.6705841515521682

12/21/2023 09:19:59 - INFO - __main__ - lr:0.0001036736311836454
12/21/2023 09:19:59 - INFO - __main__ - ==========Epoch:18==========
Save best weights
12/21/2023 09:20:07 - INFO - utils.common - 计算 f1 score ing...
12/21/2023 09:20:07 - INFO - utils.common - F1score = 0.5904018588224795
12/21/2023 09:20:07 - INFO - utils.common - 计算 accuracy ing...
12/21/2023 09:20:07 - INFO - utils.common - acc = 0.6175
12/21/2023 09:20:07 - INFO - utils.common - 计算 precision ing...
12/21/2023 09:20:07 - INFO - utils.common - precision = 0.6138744853768549
12/21/2023 09:20:07 - INFO - utils.common - 计算 recall ing...
12/21/2023 09:20:07 - INFO - utils.common - result = {'f1score': 0.5904018588224795, 'acc': 0.6175, 'precision': 0.6138744853768549, 'recall': 0.6010914648995239}
12/21/2023 09:20:07 - INFO - __main__ - Epoch:18, Train Accuracy:0.6175, f1:0.5904018588224795

Epoch: [18][0/7]	
12/21/2023 09:20:26 - INFO - utils.common - 计算 f1 score ing...
12/21/2023 09:20:26 - INFO - utils.common - F1score = 0.6719814243601188
12/21/2023 09:20:26 - INFO - utils.common - 计算 accuracy ing...
12/21/2023 09:20:26 - INFO - utils.common - acc = 0.7027
12/21/2023 09:20:26 - INFO - utils.common - 计算 precision ing...
12/21/2023 09:20:26 - INFO - utils.common - precision = 0.7634432175269795
12/21/2023 09:20:26 - INFO - utils.common - 计算 recall ing...
12/21/2023 09:20:26 - INFO - utils.common - result = {'f1score': 0.6719814243601188, 'acc': 0.7027, 'precision': 0.7634432175269795, 'recall': 0.678920600661321}
12/21/2023 09:20:26 - INFO - __main__ - Epoch:18, Val Accuracy:0.7027, f1:0.6719814243601188

12/21/2023 09:20:26 - INFO - __main__ - lr:2.8683631183645395e-05
12/21/2023 09:20:26 - INFO - __main__ - ==========Epoch:19==========
Save best weights
12/21/2023 09:20:31 - INFO - utils.common - 计算 f1 score ing...
12/21/2023 09:20:31 - INFO - utils.common - F1score = 0.6130169777489559
12/21/2023 09:20:31 - INFO - utils.common - 计算 accuracy ing...
12/21/2023 09:20:31 - INFO - utils.common - acc = 0.6275
12/21/2023 09:20:31 - INFO - utils.common - 计算 precision ing...
12/21/2023 09:20:31 - INFO - utils.common - precision = 0.6602139594373402
12/21/2023 09:20:31 - INFO - utils.common - 计算 recall ing...
12/21/2023 09:20:31 - INFO - utils.common - result = {'f1score': 0.6130169777489559, 'acc': 0.6275, 'precision': 0.6602139594373402, 'recall': 0.617060240882854}
12/21/2023 09:20:31 - INFO - __main__ - Epoch:19, Train Accuracy:0.6275, f1:0.6130169777489559

Epoch: [19][0/7]	
12/21/2023 09:20:52 - INFO - utils.common - 计算 f1 score ing...
12/21/2023 09:20:52 - INFO - utils.common - F1score = 0.6724655960456251
12/21/2023 09:20:52 - INFO - utils.common - 计算 accuracy ing...
12/21/2023 09:20:52 - INFO - utils.common - acc = 0.70345
12/21/2023 09:20:52 - INFO - utils.common - 计算 precision ing...
12/21/2023 09:20:52 - INFO - utils.common - precision = 0.7631743331295195
12/21/2023 09:20:52 - INFO - utils.common - 计算 recall ing...
12/21/2023 09:20:52 - INFO - utils.common - result = {'f1score': 0.6724655960456251, 'acc': 0.70345, 'precision': 0.7631743331295195, 'recall': 0.6803392945404668}
12/21/2023 09:20:52 - INFO - __main__ - Epoch:19, Val Accuracy:0.70345, f1:0.6724655960456251

12/21/2023 09:20:52 - INFO - __main__ - lr:0.0003
12/21/2023 09:20:52 - INFO - __main__ - ==========Epoch:20==========
Save best weights
12/21/2023 09:20:59 - INFO - utils.common - 计算 f1 score ing...
12/21/2023 09:20:59 - INFO - utils.common - F1score = 0.5993872106560076
12/21/2023 09:20:59 - INFO - utils.common - 计算 accuracy ing...
12/21/2023 09:20:59 - INFO - utils.common - acc = 0.62625
12/21/2023 09:20:59 - INFO - utils.common - 计算 precision ing...
12/21/2023 09:20:59 - INFO - utils.common - precision = 0.6216368902333635
12/21/2023 09:20:59 - INFO - utils.common - 计算 recall ing...
12/21/2023 09:20:59 - INFO - utils.common - result = {'f1score': 0.5993872106560076, 'acc': 0.62625, 'precision': 0.6216368902333635, 'recall': 0.6114620775231384}
12/21/2023 09:20:59 - INFO - __main__ - Epoch:20, Train Accuracy:0.62625, f1:0.5993872106560076

Epoch: [20][0/7]	
12/21/2023 09:21:15 - INFO - utils.common - 计算 f1 score ing...
12/21/2023 09:21:15 - INFO - utils.common - F1score = 0.6829798316186879
12/21/2023 09:21:15 - INFO - utils.common - 计算 accuracy ing...
12/21/2023 09:21:15 - INFO - utils.common - acc = 0.70885
12/21/2023 09:21:15 - INFO - utils.common - 计算 precision ing...
12/21/2023 09:21:15 - INFO - utils.common - precision = 0.7751484524146495
12/21/2023 09:21:15 - INFO - utils.common - 计算 recall ing...
12/21/2023 09:21:15 - INFO - utils.common - result = {'f1score': 0.6829798316186879, 'acc': 0.70885, 'precision': 0.7751484524146495, 'recall': 0.6856608939473633}
12/21/2023 09:21:15 - INFO - __main__ - Epoch:20, Val Accuracy:0.70885, f1:0.6829798316186879

12/21/2023 09:21:15 - INFO - __main__ - lr:0.00027135636881635457
12/21/2023 09:21:15 - INFO - __main__ - ==========Epoch:21==========
Save best weights
12/21/2023 09:21:23 - INFO - utils.common - 计算 f1 score ing...
12/21/2023 09:21:23 - INFO - utils.common - F1score = 0.6084459639712723
12/21/2023 09:21:23 - INFO - utils.common - 计算 accuracy ing...
12/21/2023 09:21:23 - INFO - utils.common - acc = 0.6275
12/21/2023 09:21:23 - INFO - utils.common - 计算 precision ing...
12/21/2023 09:21:23 - INFO - utils.common - precision = 0.6345376338676925
12/21/2023 09:21:23 - INFO - utils.common - 计算 recall ing...
12/21/2023 09:21:23 - INFO - utils.common - result = {'f1score': 0.6084459639712723, 'acc': 0.6275, 'precision': 0.6345376338676925, 'recall': 0.6186091843111448}
12/21/2023 09:21:23 - INFO - __main__ - Epoch:21, Train Accuracy:0.6275, f1:0.6084459639712723

Epoch: [21][0/7]	
12/21/2023 09:21:41 - INFO - utils.common - 计算 f1 score ing...
12/21/2023 09:21:41 - INFO - utils.common - F1score = 0.6951649967803258
12/21/2023 09:21:41 - INFO - utils.common - 计算 accuracy ing...
12/21/2023 09:21:41 - INFO - utils.common - acc = 0.7212
12/21/2023 09:21:41 - INFO - utils.common - 计算 precision ing...
12/21/2023 09:21:41 - INFO - utils.common - precision = 0.7852428554415973
12/21/2023 09:21:41 - INFO - utils.common - 计算 recall ing...
12/21/2023 09:21:41 - INFO - utils.common - result = {'f1score': 0.6951649967803258, 'acc': 0.7212, 'precision': 0.7852428554415973, 'recall': 0.6974695757810606}
12/21/2023 09:21:41 - INFO - __main__ - Epoch:21, Val Accuracy:0.7212, f1:0.6951649967803258

12/21/2023 09:21:41 - INFO - __main__ - lr:0.0001963663688163546
12/21/2023 09:21:41 - INFO - __main__ - ==========Epoch:22==========
Save best weights
12/21/2023 09:21:48 - INFO - utils.common - 计算 f1 score ing...
12/21/2023 09:21:48 - INFO - utils.common - F1score = 0.6294164359409995
12/21/2023 09:21:48 - INFO - utils.common - 计算 accuracy ing...
12/21/2023 09:21:48 - INFO - utils.common - acc = 0.65
12/21/2023 09:21:48 - INFO - utils.common - 计算 precision ing...
12/21/2023 09:21:48 - INFO - utils.common - precision = 0.6575530439294173
12/21/2023 09:21:48 - INFO - utils.common - 计算 recall ing...
12/21/2023 09:21:48 - INFO - utils.common - result = {'f1score': 0.6294164359409995, 'acc': 0.65, 'precision': 0.6575530439294173, 'recall': 0.6395047634762432}
12/21/2023 09:21:48 - INFO - __main__ - Epoch:22, Train Accuracy:0.65, f1:0.6294164359409995

Epoch: [22][0/7]	
12/21/2023 09:22:06 - INFO - utils.common - 计算 f1 score ing...
12/21/2023 09:22:06 - INFO - utils.common - F1score = 0.7081523560655879
12/21/2023 09:22:06 - INFO - utils.common - 计算 accuracy ing...
12/21/2023 09:22:06 - INFO - utils.common - acc = 0.73385
12/21/2023 09:22:06 - INFO - utils.common - 计算 precision ing...
12/21/2023 09:22:06 - INFO - utils.common - precision = 0.7935655338942333
12/21/2023 09:22:06 - INFO - utils.common - 计算 recall ing...
12/21/2023 09:22:06 - INFO - utils.common - result = {'f1score': 0.7081523560655879, 'acc': 0.73385, 'precision': 0.7935655338942333, 'recall': 0.7112932144875046}
12/21/2023 09:22:06 - INFO - __main__ - Epoch:22, Val Accuracy:0.73385, f1:0.7081523560655879

12/21/2023 09:22:06 - INFO - __main__ - lr:0.0001036736311836454
12/21/2023 09:22:07 - INFO - __main__ - ==========Epoch:23==========
Save best weights
12/21/2023 09:22:13 - INFO - utils.common - 计算 f1 score ing...
12/21/2023 09:22:13 - INFO - utils.common - F1score = 0.6546276139061956
12/21/2023 09:22:13 - INFO - utils.common - 计算 accuracy ing...
12/21/2023 09:22:13 - INFO - utils.common - acc = 0.6775
12/21/2023 09:22:13 - INFO - utils.common - 计算 precision ing...
12/21/2023 09:22:13 - INFO - utils.common - precision = 0.6788606774001713
12/21/2023 09:22:13 - INFO - utils.common - 计算 recall ing...
12/21/2023 09:22:13 - INFO - utils.common - result = {'f1score': 0.6546276139061956, 'acc': 0.6775, 'precision': 0.6788606774001713, 'recall': 0.6636370927021086}
12/21/2023 09:22:13 - INFO - __main__ - Epoch:23, Train Accuracy:0.6775, f1:0.6546276139061956

Epoch: [23][0/7]	
12/21/2023 09:22:32 - INFO - utils.common - 计算 f1 score ing...
12/21/2023 09:22:32 - INFO - utils.common - F1score = 0.7102394809922326
12/21/2023 09:22:32 - INFO - utils.common - 计算 accuracy ing...
12/21/2023 09:22:32 - INFO - utils.common - acc = 0.7382
12/21/2023 09:22:32 - INFO - utils.common - 计算 precision ing...
12/21/2023 09:22:32 - INFO - utils.common - precision = 0.7943961843818977
12/21/2023 09:22:32 - INFO - utils.common - 计算 recall ing...
12/21/2023 09:22:32 - INFO - utils.common - result = {'f1score': 0.7102394809922326, 'acc': 0.7382, 'precision': 0.7943961843818977, 'recall': 0.7157040711889429}
12/21/2023 09:22:32 - INFO - __main__ - Epoch:23, Val Accuracy:0.7382, f1:0.7102394809922326

12/21/2023 09:22:32 - INFO - __main__ - lr:2.8683631183645395e-05
12/21/2023 09:22:32 - INFO - __main__ - ==========Epoch:24==========
Save best weights
12/21/2023 09:22:39 - INFO - utils.common - 计算 f1 score ing...
12/21/2023 09:22:39 - INFO - utils.common - F1score = 0.6514065917572587
12/21/2023 09:22:39 - INFO - utils.common - 计算 accuracy ing...
12/21/2023 09:22:39 - INFO - utils.common - acc = 0.6775
12/21/2023 09:22:39 - INFO - utils.common - 计算 precision ing...
12/21/2023 09:22:39 - INFO - utils.common - precision = 0.6951507487355495
12/21/2023 09:22:39 - INFO - utils.common - 计算 recall ing...
12/21/2023 09:22:39 - INFO - utils.common - result = {'f1score': 0.6514065917572587, 'acc': 0.6775, 'precision': 0.6951507487355495, 'recall': 0.6633424714755634}
12/21/2023 09:22:39 - INFO - __main__ - Epoch:24, Train Accuracy:0.6775, f1:0.6514065917572587

Epoch: [24][0/7]	
12/21/2023 09:22:58 - INFO - utils.common - 计算 f1 score ing...
12/21/2023 09:22:58 - INFO - utils.common - F1score = 0.7186939649144587
12/21/2023 09:22:58 - INFO - utils.common - 计算 accuracy ing...
12/21/2023 09:22:59 - INFO - utils.common - acc = 0.74395
12/21/2023 09:22:59 - INFO - utils.common - 计算 precision ing...
12/21/2023 09:22:59 - INFO - utils.common - precision = 0.7974444861522012
12/21/2023 09:22:59 - INFO - utils.common - 计算 recall ing...
12/21/2023 09:22:59 - INFO - utils.common - result = {'f1score': 0.7186939649144587, 'acc': 0.74395, 'precision': 0.7974444861522012, 'recall': 0.7226452483285828}
12/21/2023 09:22:59 - INFO - __main__ - Epoch:24, Val Accuracy:0.74395, f1:0.7186939649144587

12/21/2023 09:22:59 - INFO - __main__ - lr:0.0003
12/21/2023 09:22:59 - INFO - __main__ - ==========Epoch:25==========
Save best weights
12/21/2023 09:23:06 - INFO - utils.common - 计算 f1 score ing...
12/21/2023 09:23:06 - INFO - utils.common - F1score = 0.6517214087165942
12/21/2023 09:23:06 - INFO - utils.common - 计算 accuracy ing...
12/21/2023 09:23:06 - INFO - utils.common - acc = 0.6675
12/21/2023 09:23:06 - INFO - utils.common - 计算 precision ing...
12/21/2023 09:23:06 - INFO - utils.common - precision = 0.6938262514126126
12/21/2023 09:23:06 - INFO - utils.common - 计算 recall ing...
12/21/2023 09:23:06 - INFO - utils.common - result = {'f1score': 0.6517214087165942, 'acc': 0.6675, 'precision': 0.6938262514126126, 'recall': 0.6581632618901463}
12/21/2023 09:23:06 - INFO - __main__ - Epoch:25, Train Accuracy:0.6675, f1:0.6517214087165942

Epoch: [25][0/7]	
12/21/2023 09:23:24 - INFO - utils.common - 计算 f1 score ing...
12/21/2023 09:23:24 - INFO - utils.common - F1score = 0.7379666874523465
12/21/2023 09:23:24 - INFO - utils.common - 计算 accuracy ing...
12/21/2023 09:23:24 - INFO - utils.common - acc = 0.7605
12/21/2023 09:23:24 - INFO - utils.common - 计算 precision ing...
12/21/2023 09:23:24 - INFO - utils.common - precision = 0.810912249756112
12/21/2023 09:23:24 - INFO - utils.common - 计算 recall ing...
12/21/2023 09:23:24 - INFO - utils.common - result = {'f1score': 0.7379666874523465, 'acc': 0.7605, 'precision': 0.810912249756112, 'recall': 0.7397753453345581}
12/21/2023 09:23:24 - INFO - __main__ - Epoch:25, Val Accuracy:0.7605, f1:0.7379666874523465

12/21/2023 09:23:24 - INFO - __main__ - lr:0.00027135636881635457
12/21/2023 09:23:24 - INFO - __main__ - ==========Epoch:26==========
Save best weights
12/21/2023 09:23:32 - INFO - utils.common - 计算 f1 score ing...
12/21/2023 09:23:32 - INFO - utils.common - F1score = 0.6797524514880441
12/21/2023 09:23:32 - INFO - utils.common - 计算 accuracy ing...
12/21/2023 09:23:32 - INFO - utils.common - acc = 0.69125
12/21/2023 09:23:32 - INFO - utils.common - 计算 precision ing...
12/21/2023 09:23:32 - INFO - utils.common - precision = 0.7074969903458626
12/21/2023 09:23:32 - INFO - utils.common - 计算 recall ing...
12/21/2023 09:23:32 - INFO - utils.common - result = {'f1score': 0.6797524514880441, 'acc': 0.69125, 'precision': 0.7074969903458626, 'recall': 0.6822581180221766}
12/21/2023 09:23:32 - INFO - __main__ - Epoch:26, Train Accuracy:0.69125, f1:0.6797524514880441

Epoch: [26][0/7]	
12/21/2023 09:23:50 - INFO - utils.common - 计算 f1 score ing...
12/21/2023 09:23:50 - INFO - utils.common - F1score = 0.7482770148913648
12/21/2023 09:23:50 - INFO - utils.common - 计算 accuracy ing...
12/21/2023 09:23:50 - INFO - utils.common - acc = 0.76675
12/21/2023 09:23:50 - INFO - utils.common - 计算 precision ing...
12/21/2023 09:23:50 - INFO - utils.common - precision = 0.8151402909462384
12/21/2023 09:23:50 - INFO - utils.common - 计算 recall ing...
12/21/2023 09:23:50 - INFO - utils.common - result = {'f1score': 0.7482770148913648, 'acc': 0.76675, 'precision': 0.8151402909462384, 'recall': 0.74749766029222}
12/21/2023 09:23:50 - INFO - __main__ - Epoch:26, Val Accuracy:0.76675, f1:0.7482770148913648

12/21/2023 09:23:50 - INFO - __main__ - lr:0.0001963663688163546
12/21/2023 09:23:50 - INFO - __main__ - ==========Epoch:27==========
Save best weights
12/21/2023 09:23:56 - INFO - utils.common - 计算 f1 score ing...
12/21/2023 09:23:56 - INFO - utils.common - F1score = 0.6749297059871818
12/21/2023 09:23:56 - INFO - utils.common - 计算 accuracy ing...
12/21/2023 09:23:56 - INFO - utils.common - acc = 0.6975
12/21/2023 09:23:56 - INFO - utils.common - 计算 precision ing...
12/21/2023 09:23:56 - INFO - utils.common - precision = 0.6946839149587138
12/21/2023 09:23:56 - INFO - utils.common - 计算 recall ing...
12/21/2023 09:23:56 - INFO - utils.common - result = {'f1score': 0.6749297059871818, 'acc': 0.6975, 'precision': 0.6946839149587138, 'recall': 0.6854779232646219}
12/21/2023 09:23:56 - INFO - __main__ - Epoch:27, Train Accuracy:0.6975, f1:0.6749297059871818

Epoch: [27][0/7]	
12/21/2023 09:24:17 - INFO - utils.common - 计算 f1 score ing...
12/21/2023 09:24:17 - INFO - utils.common - F1score = 0.7547712104781266
12/21/2023 09:24:17 - INFO - utils.common - 计算 accuracy ing...
12/21/2023 09:24:17 - INFO - utils.common - acc = 0.77225
12/21/2023 09:24:17 - INFO - utils.common - 计算 precision ing...
12/21/2023 09:24:17 - INFO - utils.common - precision = 0.8198953321501096
12/21/2023 09:24:17 - INFO - utils.common - 计算 recall ing...
12/21/2023 09:24:17 - INFO - utils.common - result = {'f1score': 0.7547712104781266, 'acc': 0.77225, 'precision': 0.8198953321501096, 'recall': 0.7534050579896852}
12/21/2023 09:24:17 - INFO - __main__ - Epoch:27, Val Accuracy:0.77225, f1:0.7547712104781266

12/21/2023 09:24:17 - INFO - __main__ - lr:0.0001036736311836454
12/21/2023 09:24:17 - INFO - __main__ - ==========Epoch:28==========
Save best weights
12/21/2023 09:24:24 - INFO - utils.common - 计算 f1 score ing...
12/21/2023 09:24:24 - INFO - utils.common - F1score = 0.7016109000967585
12/21/2023 09:24:24 - INFO - utils.common - 计算 accuracy ing...
12/21/2023 09:24:24 - INFO - utils.common - acc = 0.71375
12/21/2023 09:24:24 - INFO - utils.common - 计算 precision ing...
12/21/2023 09:24:24 - INFO - utils.common - precision = 0.7375012186349033
12/21/2023 09:24:24 - INFO - utils.common - 计算 recall ing...
12/21/2023 09:24:24 - INFO - utils.common - result = {'f1score': 0.7016109000967585, 'acc': 0.71375, 'precision': 0.7375012186349033, 'recall': 0.7043809507950521}
12/21/2023 09:24:24 - INFO - __main__ - Epoch:28, Train Accuracy:0.71375, f1:0.7016109000967585

Epoch: [28][0/7]	
12/21/2023 09:24:39 - INFO - utils.common - 计算 f1 score ing...
12/21/2023 09:24:39 - INFO - utils.common - F1score = 0.752486117884279
12/21/2023 09:24:39 - INFO - utils.common - 计算 accuracy ing...
12/21/2023 09:24:39 - INFO - utils.common - acc = 0.7707
12/21/2023 09:24:39 - INFO - utils.common - 计算 precision ing...
12/21/2023 09:24:39 - INFO - utils.common - precision = 0.8214690263718296
12/21/2023 09:24:39 - INFO - utils.common - 计算 recall ing...
12/21/2023 09:24:39 - INFO - utils.common - result = {'f1score': 0.752486117884279, 'acc': 0.7707, 'precision': 0.8214690263718296, 'recall': 0.7513075377257982}
12/21/2023 09:24:39 - INFO - __main__ - Epoch:28, Val Accuracy:0.7707, f1:0.752486117884279

12/21/2023 09:24:39 - INFO - __main__ - lr:2.8683631183645395e-05
12/21/2023 09:24:39 - INFO - __main__ - ==========Epoch:29==========
early_st 4
12/21/2023 09:24:47 - INFO - utils.common - 计算 f1 score ing...
12/21/2023 09:24:47 - INFO - utils.common - F1score = 0.6915917322287397
12/21/2023 09:24:47 - INFO - utils.common - 计算 accuracy ing...
12/21/2023 09:24:47 - INFO - utils.common - acc = 0.7
12/21/2023 09:24:47 - INFO - utils.common - 计算 precision ing...
12/21/2023 09:24:47 - INFO - utils.common - precision = 0.7123684374601162
12/21/2023 09:24:47 - INFO - utils.common - 计算 recall ing...
12/21/2023 09:24:47 - INFO - utils.common - result = {'f1score': 0.6915917322287397, 'acc': 0.7, 'precision': 0.7123684374601162, 'recall': 0.69205194652427}
12/21/2023 09:24:47 - INFO - __main__ - Epoch:29, Train Accuracy:0.7, f1:0.6915917322287397

Epoch: [29][0/7]	
12/21/2023 09:25:06 - INFO - utils.common - 计算 f1 score ing...
12/21/2023 09:25:06 - INFO - utils.common - F1score = 0.7559293650276678
12/21/2023 09:25:06 - INFO - utils.common - 计算 accuracy ing...
12/21/2023 09:25:06 - INFO - utils.common - acc = 0.7728
12/21/2023 09:25:06 - INFO - utils.common - 计算 precision ing...
12/21/2023 09:25:06 - INFO - utils.common - precision = 0.8210476756618723
12/21/2023 09:25:06 - INFO - utils.common - 计算 recall ing...
12/21/2023 09:25:06 - INFO - utils.common - result = {'f1score': 0.7559293650276678, 'acc': 0.7728, 'precision': 0.8210476756618723, 'recall': 0.7542270474254992}
12/21/2023 09:25:06 - INFO - __main__ - Epoch:29, Val Accuracy:0.7728, f1:0.7559293650276678

12/21/2023 09:25:06 - INFO - __main__ - lr:0.0003
12/21/2023 09:25:06 - INFO - __main__ - ==========Epoch:30==========
Save best weights
12/21/2023 09:25:12 - INFO - utils.common - 计算 f1 score ing...
12/21/2023 09:25:12 - INFO - utils.common - F1score = 0.6856521358282994
12/21/2023 09:25:12 - INFO - utils.common - 计算 accuracy ing...
12/21/2023 09:25:12 - INFO - utils.common - acc = 0.7
12/21/2023 09:25:12 - INFO - utils.common - 计算 precision ing...
12/21/2023 09:25:12 - INFO - utils.common - precision = 0.7035783318019971
12/21/2023 09:25:12 - INFO - utils.common - 计算 recall ing...
12/21/2023 09:25:12 - INFO - utils.common - result = {'f1score': 0.6856521358282994, 'acc': 0.7, 'precision': 0.7035783318019971, 'recall': 0.6895261620915716}
12/21/2023 09:25:12 - INFO - __main__ - Epoch:30, Train Accuracy:0.7, f1:0.6856521358282994

Epoch: [30][0/7]	
12/21/2023 09:25:30 - INFO - utils.common - 计算 f1 score ing...
12/21/2023 09:25:30 - INFO - utils.common - F1score = 0.765604067461592
12/21/2023 09:25:30 - INFO - utils.common - 计算 accuracy ing...
12/21/2023 09:25:30 - INFO - utils.common - acc = 0.7815
12/21/2023 09:25:30 - INFO - utils.common - 计算 precision ing...
12/21/2023 09:25:30 - INFO - utils.common - precision = 0.8271026731863991
12/21/2023 09:25:30 - INFO - utils.common - 计算 recall ing...
12/21/2023 09:25:30 - INFO - utils.common - result = {'f1score': 0.765604067461592, 'acc': 0.7815, 'precision': 0.8271026731863991, 'recall': 0.7633136671021605}
12/21/2023 09:25:30 - INFO - __main__ - Epoch:30, Val Accuracy:0.7815, f1:0.765604067461592

12/21/2023 09:25:30 - INFO - __main__ - lr:0.00027135636881635457
12/21/2023 09:25:30 - INFO - __main__ - ==========Epoch:31==========
Save best weights
12/21/2023 09:25:37 - INFO - utils.common - 计算 f1 score ing...
12/21/2023 09:25:37 - INFO - utils.common - F1score = 0.6947789007849398
12/21/2023 09:25:37 - INFO - utils.common - 计算 accuracy ing...
12/21/2023 09:25:37 - INFO - utils.common - acc = 0.71
12/21/2023 09:25:37 - INFO - utils.common - 计算 precision ing...
12/21/2023 09:25:37 - INFO - utils.common - precision = 0.7331974318489092
12/21/2023 09:25:37 - INFO - utils.common - 计算 recall ing...
12/21/2023 09:25:37 - INFO - utils.common - result = {'f1score': 0.6947789007849398, 'acc': 0.71, 'precision': 0.7331974318489092, 'recall': 0.7002771460056701}
12/21/2023 09:25:37 - INFO - __main__ - Epoch:31, Train Accuracy:0.71, f1:0.6947789007849398

Epoch: [31][0/7]	
12/21/2023 09:25:56 - INFO - utils.common - 计算 f1 score ing...
12/21/2023 09:25:56 - INFO - utils.common - F1score = 0.7785178071613337
12/21/2023 09:25:56 - INFO - utils.common - 计算 accuracy ing...
12/21/2023 09:25:56 - INFO - utils.common - acc = 0.7931
12/21/2023 09:25:56 - INFO - utils.common - 计算 precision ing...
12/21/2023 09:25:56 - INFO - utils.common - precision = 0.8340029338414422
12/21/2023 09:25:56 - INFO - utils.common - 计算 recall ing...
12/21/2023 09:25:56 - INFO - utils.common - result = {'f1score': 0.7785178071613337, 'acc': 0.7931, 'precision': 0.8340029338414422, 'recall': 0.776212984648472}
12/21/2023 09:25:56 - INFO - __main__ - Epoch:31, Val Accuracy:0.7931, f1:0.7785178071613337

12/21/2023 09:25:56 - INFO - __main__ - lr:0.0001963663688163546
12/21/2023 09:25:56 - INFO - __main__ - ==========Epoch:32==========
Save best weights
12/21/2023 09:26:03 - INFO - utils.common - 计算 f1 score ing...
12/21/2023 09:26:03 - INFO - utils.common - F1score = 0.7124041568094963
12/21/2023 09:26:03 - INFO - utils.common - 计算 accuracy ing...
12/21/2023 09:26:03 - INFO - utils.common - acc = 0.72875
12/21/2023 09:26:03 - INFO - utils.common - 计算 precision ing...
12/21/2023 09:26:03 - INFO - utils.common - precision = 0.7326681499072784
12/21/2023 09:26:03 - INFO - utils.common - 计算 recall ing...
12/21/2023 09:26:03 - INFO - utils.common - result = {'f1score': 0.7124041568094963, 'acc': 0.72875, 'precision': 0.7326681499072784, 'recall': 0.7186781887029388}
12/21/2023 09:26:03 - INFO - __main__ - Epoch:32, Train Accuracy:0.72875, f1:0.7124041568094963

Epoch: [32][0/7]	
12/21/2023 09:26:22 - INFO - utils.common - 计算 f1 score ing...
12/21/2023 09:26:22 - INFO - utils.common - F1score = 0.7851695924498568
12/21/2023 09:26:22 - INFO - utils.common - 计算 accuracy ing...
12/21/2023 09:26:22 - INFO - utils.common - acc = 0.79945
12/21/2023 09:26:22 - INFO - utils.common - 计算 precision ing...
12/21/2023 09:26:23 - INFO - utils.common - precision = 0.8377405033901623
12/21/2023 09:26:23 - INFO - utils.common - 计算 recall ing...
12/21/2023 09:26:23 - INFO - utils.common - result = {'f1score': 0.7851695924498568, 'acc': 0.79945, 'precision': 0.8377405033901623, 'recall': 0.7828676144723621}
12/21/2023 09:26:23 - INFO - __main__ - Epoch:32, Val Accuracy:0.79945, f1:0.7851695924498568

12/21/2023 09:26:23 - INFO - __main__ - lr:0.0001036736311836454
12/21/2023 09:26:23 - INFO - __main__ - ==========Epoch:33==========
Save best weights
12/21/2023 09:26:31 - INFO - utils.common - 计算 f1 score ing...
12/21/2023 09:26:31 - INFO - utils.common - F1score = 0.7088072043127971
12/21/2023 09:26:31 - INFO - utils.common - 计算 accuracy ing...
12/21/2023 09:26:31 - INFO - utils.common - acc = 0.72375
12/21/2023 09:26:31 - INFO - utils.common - 计算 precision ing...
12/21/2023 09:26:31 - INFO - utils.common - precision = 0.7302042705189841
12/21/2023 09:26:31 - INFO - utils.common - 计算 recall ing...
12/21/2023 09:26:31 - INFO - utils.common - result = {'f1score': 0.7088072043127971, 'acc': 0.72375, 'precision': 0.7302042705189841, 'recall': 0.7160621142628381}
12/21/2023 09:26:31 - INFO - __main__ - Epoch:33, Train Accuracy:0.72375, f1:0.7088072043127971

Epoch: [33][0/7]	
12/21/2023 09:26:49 - INFO - utils.common - 计算 f1 score ing...
12/21/2023 09:26:49 - INFO - utils.common - F1score = 0.78731752688036
12/21/2023 09:26:49 - INFO - utils.common - 计算 accuracy ing...
12/21/2023 09:26:49 - INFO - utils.common - acc = 0.80235
12/21/2023 09:26:49 - INFO - utils.common - 计算 precision ing...
12/21/2023 09:26:49 - INFO - utils.common - precision = 0.8394932277426581
12/21/2023 09:26:49 - INFO - utils.common - 计算 recall ing...
12/21/2023 09:26:49 - INFO - utils.common - result = {'f1score': 0.78731752688036, 'acc': 0.80235, 'precision': 0.8394932277426581, 'recall': 0.7853812525247339}
12/21/2023 09:26:49 - INFO - __main__ - Epoch:33, Val Accuracy:0.80235, f1:0.78731752688036

12/21/2023 09:26:49 - INFO - __main__ - lr:2.8683631183645395e-05
12/21/2023 09:26:49 - INFO - __main__ - ==========Epoch:34==========
Save best weights
12/21/2023 09:26:56 - INFO - utils.common - 计算 f1 score ing...
12/21/2023 09:26:56 - INFO - utils.common - F1score = 0.7007317069058507
12/21/2023 09:26:56 - INFO - utils.common - 计算 accuracy ing...
12/21/2023 09:26:56 - INFO - utils.common - acc = 0.715
12/21/2023 09:26:56 - INFO - utils.common - 计算 precision ing...
12/21/2023 09:26:56 - INFO - utils.common - precision = 0.7245070004861129
12/21/2023 09:26:56 - INFO - utils.common - 计算 recall ing...
12/21/2023 09:26:56 - INFO - utils.common - result = {'f1score': 0.7007317069058507, 'acc': 0.715, 'precision': 0.7245070004861129, 'recall': 0.705120277202185}
12/21/2023 09:26:56 - INFO - __main__ - Epoch:34, Train Accuracy:0.715, f1:0.7007317069058507

Epoch: [34][0/7]	
12/21/2023 09:27:16 - INFO - utils.common - 计算 f1 score ing...
12/21/2023 09:27:16 - INFO - utils.common - F1score = 0.7872644333617635
12/21/2023 09:27:16 - INFO - utils.common - 计算 accuracy ing...
12/21/2023 09:27:16 - INFO - utils.common - acc = 0.80205
12/21/2023 09:27:16 - INFO - utils.common - 计算 precision ing...
12/21/2023 09:27:16 - INFO - utils.common - precision = 0.8409297207963982
12/21/2023 09:27:16 - INFO - utils.common - 计算 recall ing...
12/21/2023 09:27:16 - INFO - utils.common - result = {'f1score': 0.7872644333617635, 'acc': 0.80205, 'precision': 0.8409297207963982, 'recall': 0.7852866441446009}
12/21/2023 09:27:16 - INFO - __main__ - Epoch:34, Val Accuracy:0.80205, f1:0.7872644333617635

12/21/2023 09:27:16 - INFO - __main__ - lr:0.0003
12/21/2023 09:27:16 - INFO - __main__ - ==========Epoch:35==========
early_st 4
12/21/2023 09:27:25 - INFO - utils.common - 计算 f1 score ing...
12/21/2023 09:27:25 - INFO - utils.common - F1score = 0.7197215532703152
12/21/2023 09:27:25 - INFO - utils.common - 计算 accuracy ing...
12/21/2023 09:27:25 - INFO - utils.common - acc = 0.7325
12/21/2023 09:27:25 - INFO - utils.common - 计算 precision ing...
12/21/2023 09:27:25 - INFO - utils.common - precision = 0.7499252628198251
12/21/2023 09:27:25 - INFO - utils.common - 计算 recall ing...
12/21/2023 09:27:25 - INFO - utils.common - result = {'f1score': 0.7197215532703152, 'acc': 0.7325, 'precision': 0.7499252628198251, 'recall': 0.7248326945220619}
12/21/2023 09:27:25 - INFO - __main__ - Epoch:35, Train Accuracy:0.7325, f1:0.7197215532703152

Epoch: [35][0/7]	
12/21/2023 09:27:45 - INFO - utils.common - 计算 f1 score ing...
12/21/2023 09:27:45 - INFO - utils.common - F1score = 0.8009306591799292
12/21/2023 09:27:45 - INFO - utils.common - 计算 accuracy ing...
12/21/2023 09:27:45 - INFO - utils.common - acc = 0.81345
12/21/2023 09:27:45 - INFO - utils.common - 计算 precision ing...
12/21/2023 09:27:45 - INFO - utils.common - precision = 0.8465552001386929
12/21/2023 09:27:45 - INFO - utils.common - 计算 recall ing...
12/21/2023 09:27:45 - INFO - utils.common - result = {'f1score': 0.8009306591799292, 'acc': 0.81345, 'precision': 0.8465552001386929, 'recall': 0.7972396876368012}
12/21/2023 09:27:45 - INFO - __main__ - Epoch:35, Val Accuracy:0.81345, f1:0.8009306591799292

12/21/2023 09:27:45 - INFO - __main__ - lr:0.00027135636881635457
12/21/2023 09:27:45 - INFO - __main__ - ==========Epoch:36==========
Save best weights
12/21/2023 09:27:51 - INFO - utils.common - 计算 f1 score ing...
12/21/2023 09:27:51 - INFO - utils.common - F1score = 0.7149679667652289
12/21/2023 09:27:51 - INFO - utils.common - 计算 accuracy ing...
12/21/2023 09:27:51 - INFO - utils.common - acc = 0.72625
12/21/2023 09:27:51 - INFO - utils.common - 计算 precision ing...
12/21/2023 09:27:51 - INFO - utils.common - precision = 0.7444261534956406
12/21/2023 09:27:51 - INFO - utils.common - 计算 recall ing...
12/21/2023 09:27:51 - INFO - utils.common - result = {'f1score': 0.7149679667652289, 'acc': 0.72625, 'precision': 0.7444261534956406, 'recall': 0.7189106824982522}
12/21/2023 09:27:51 - INFO - __main__ - Epoch:36, Train Accuracy:0.72625, f1:0.7149679667652289

Epoch: [36][0/7]	
12/21/2023 09:28:07 - INFO - utils.common - 计算 f1 score ing...
12/21/2023 09:28:08 - INFO - utils.common - F1score = 0.8167186525003117
12/21/2023 09:28:08 - INFO - utils.common - 计算 accuracy ing...
12/21/2023 09:28:08 - INFO - utils.common - acc = 0.8261
12/21/2023 09:28:08 - INFO - utils.common - 计算 precision ing...
12/21/2023 09:28:08 - INFO - utils.common - precision = 0.8498276930480795
12/21/2023 09:28:08 - INFO - utils.common - 计算 recall ing...
12/21/2023 09:28:08 - INFO - utils.common - result = {'f1score': 0.8167186525003117, 'acc': 0.8261, 'precision': 0.8498276930480795, 'recall': 0.8122208306393862}
12/21/2023 09:28:08 - INFO - __main__ - Epoch:36, Val Accuracy:0.8261, f1:0.8167186525003117

12/21/2023 09:28:08 - INFO - __main__ - lr:0.0001963663688163546
12/21/2023 09:28:08 - INFO - __main__ - ==========Epoch:37==========
Save best weights
12/21/2023 09:28:18 - INFO - utils.common - 计算 f1 score ing...
12/21/2023 09:28:18 - INFO - utils.common - F1score = 0.7225851325128126
12/21/2023 09:28:18 - INFO - utils.common - 计算 accuracy ing...
12/21/2023 09:28:18 - INFO - utils.common - acc = 0.73125
12/21/2023 09:28:18 - INFO - utils.common - 计算 precision ing...
12/21/2023 09:28:18 - INFO - utils.common - precision = 0.7349543577698094
12/21/2023 09:28:18 - INFO - utils.common - 计算 recall ing...
12/21/2023 09:28:18 - INFO - utils.common - result = {'f1score': 0.7225851325128126, 'acc': 0.73125, 'precision': 0.7349543577698094, 'recall': 0.7253002727364696}
12/21/2023 09:28:18 - INFO - __main__ - Epoch:37, Train Accuracy:0.73125, f1:0.7225851325128126

Epoch: [37][0/7]	
12/21/2023 09:28:36 - INFO - utils.common - 计算 f1 score ing...
12/21/2023 09:28:36 - INFO - utils.common - F1score = 0.8223004988121079
12/21/2023 09:28:36 - INFO - utils.common - 计算 accuracy ing...
12/21/2023 09:28:36 - INFO - utils.common - acc = 0.83045
12/21/2023 09:28:36 - INFO - utils.common - 计算 precision ing...
12/21/2023 09:28:36 - INFO - utils.common - precision = 0.8539379527494959
12/21/2023 09:28:36 - INFO - utils.common - 计算 recall ing...
12/21/2023 09:28:36 - INFO - utils.common - result = {'f1score': 0.8223004988121079, 'acc': 0.83045, 'precision': 0.8539379527494959, 'recall': 0.8169183063544811}
12/21/2023 09:28:36 - INFO - __main__ - Epoch:37, Val Accuracy:0.83045, f1:0.8223004988121079

12/21/2023 09:28:36 - INFO - __main__ - lr:0.0001036736311836454
12/21/2023 09:28:36 - INFO - __main__ - ==========Epoch:38==========
Save best weights
12/21/2023 09:28:42 - INFO - utils.common - 计算 f1 score ing...
12/21/2023 09:28:42 - INFO - utils.common - F1score = 0.7644674220650015
12/21/2023 09:28:42 - INFO - utils.common - 计算 accuracy ing...
12/21/2023 09:28:42 - INFO - utils.common - acc = 0.77125
12/21/2023 09:28:42 - INFO - utils.common - 计算 precision ing...
12/21/2023 09:28:42 - INFO - utils.common - precision = 0.7823067499081304
12/21/2023 09:28:42 - INFO - utils.common - 计算 recall ing...
12/21/2023 09:28:42 - INFO - utils.common - result = {'f1score': 0.7644674220650015, 'acc': 0.77125, 'precision': 0.7823067499081304, 'recall': 0.765408681258831}
12/21/2023 09:28:42 - INFO - __main__ - Epoch:38, Train Accuracy:0.77125, f1:0.7644674220650015

Epoch: [38][0/7]	
12/21/2023 09:29:02 - INFO - utils.common - 计算 f1 score ing...
12/21/2023 09:29:03 - INFO - utils.common - F1score = 0.8221588679977994
12/21/2023 09:29:03 - INFO - utils.common - 计算 accuracy ing...
12/21/2023 09:29:03 - INFO - utils.common - acc = 0.8305
12/21/2023 09:29:03 - INFO - utils.common - 计算 precision ing...
12/21/2023 09:29:03 - INFO - utils.common - precision = 0.8556552453298032
12/21/2023 09:29:03 - INFO - utils.common - 计算 recall ing...
12/21/2023 09:29:03 - INFO - utils.common - result = {'f1score': 0.8221588679977994, 'acc': 0.8305, 'precision': 0.8556552453298032, 'recall': 0.816605672681485}
12/21/2023 09:29:03 - INFO - __main__ - Epoch:38, Val Accuracy:0.8305, f1:0.8221588679977994

12/21/2023 09:29:03 - INFO - __main__ - lr:2.8683631183645395e-05
12/21/2023 09:29:03 - INFO - __main__ - ==========Epoch:39==========
Save best weights
12/21/2023 09:29:09 - INFO - utils.common - 计算 f1 score ing...
12/21/2023 09:29:09 - INFO - utils.common - F1score = 0.7448914509218528
12/21/2023 09:29:09 - INFO - utils.common - 计算 accuracy ing...
12/21/2023 09:29:09 - INFO - utils.common - acc = 0.75375
12/21/2023 09:29:09 - INFO - utils.common - 计算 precision ing...
12/21/2023 09:29:09 - INFO - utils.common - precision = 0.7635469618189848
12/21/2023 09:29:09 - INFO - utils.common - 计算 recall ing...
12/21/2023 09:29:09 - INFO - utils.common - result = {'f1score': 0.7448914509218528, 'acc': 0.75375, 'precision': 0.7635469618189848, 'recall': 0.7468133246885258}
12/21/2023 09:29:09 - INFO - __main__ - Epoch:39, Train Accuracy:0.75375, f1:0.7448914509218528

Epoch: [39][0/7]	
12/21/2023 09:29:26 - INFO - utils.common - 计算 f1 score ing...
12/21/2023 09:29:26 - INFO - utils.common - F1score = 0.820309105113387
12/21/2023 09:29:26 - INFO - utils.common - 计算 accuracy ing...
12/21/2023 09:29:26 - INFO - utils.common - acc = 0.8286
12/21/2023 09:29:26 - INFO - utils.common - 计算 precision ing...
12/21/2023 09:29:26 - INFO - utils.common - precision = 0.8551400982529805
12/21/2023 09:29:26 - INFO - utils.common - 计算 recall ing...
12/21/2023 09:29:26 - INFO - utils.common - result = {'f1score': 0.820309105113387, 'acc': 0.8286, 'precision': 0.8551400982529805, 'recall': 0.8147508683314982}
12/21/2023 09:29:26 - INFO - __main__ - Epoch:39, Val Accuracy:0.8286, f1:0.820309105113387

12/21/2023 09:29:26 - INFO - __main__ - lr:0.0003
early_st 4
Test
12/21/2023 09:29:34 - INFO - utils.common - 计算 f1 score ing...
12/21/2023 09:29:34 - INFO - utils.common - F1score = 0.8203533243558448
12/21/2023 09:29:34 - INFO - utils.common - 计算 accuracy ing...
12/21/2023 09:29:34 - INFO - utils.common - acc = 0.8611420612813371
12/21/2023 09:29:34 - INFO - utils.common - 计算 precision ing...
12/21/2023 09:29:35 - INFO - utils.common - precision = 0.8722129134193247
12/21/2023 09:29:35 - INFO - utils.common - 计算 recall ing...
12/21/2023 09:29:35 - INFO - utils.common - result = {'f1score': 0.8203533243558448, 'acc': 0.8611420612813371, 'precision': 0.8722129134193247, 'recall': 0.8125447719220564}
12/21/2023 09:29:35 - INFO - __main__ - test_f1:0.8203533243558448, test_acc:0.8611420612813371, test_precision:0.8722129134193247, test_recall:0.8125447719220564
12/21/2023 09:29:35 - INFO - __main__ - Finish fine-turning...
