nohup: ignoring input
12/21/2023 13:06:25 - INFO - __main__ - 设置 seed 为:  4
12/21/2023 13:06:25 - INFO - __main__ - Start fine-turning...
12/21/2023 13:06:31 - INFO - __main__ - ==========Epoch:0==========
=> no checkpoint found at '
12/21/2023 13:09:25 - INFO - utils.common - 计算 f1 score ing...
12/21/2023 13:09:25 - INFO - utils.common - F1score = 0.7529237096473389
12/21/2023 13:09:25 - INFO - utils.common - 计算 accuracy ing...
12/21/2023 13:09:25 - INFO - utils.common - acc = 0.7587
12/21/2023 13:09:25 - INFO - utils.common - 计算 precision ing...
12/21/2023 13:09:25 - INFO - utils.common - precision = 0.7630578812579948
12/21/2023 13:09:25 - INFO - utils.common - 计算 recall ing...
12/21/2023 13:09:25 - INFO - utils.common - result = {'f1score': 0.7529237096473389, 'acc': 0.7587, 'precision': 0.7630578812579948, 'recall': 0.7510320238397746}
12/21/2023 13:09:25 - INFO - __main__ - Epoch:0, Train Accuracy:0.7587, f1:0.7529237096473389

Epoch: [0][0/625]	
Epoch: [0][100/625]	
Epoch: [0][200/625]	
Epoch: [0][300/625]	
Epoch: [0][400/625]	
Epoch: [0][500/625]	
Epoch: [0][600/625]	
12/21/2023 13:09:37 - INFO - utils.common - 计算 f1 score ing...
12/21/2023 13:09:37 - INFO - utils.common - F1score = 0.9314301510270364
12/21/2023 13:09:37 - INFO - utils.common - 计算 accuracy ing...
12/21/2023 13:09:37 - INFO - utils.common - acc = 0.9323
12/21/2023 13:09:37 - INFO - utils.common - 计算 precision ing...
12/21/2023 13:09:37 - INFO - utils.common - precision = 0.9356614798438861
12/21/2023 13:09:37 - INFO - utils.common - 计算 recall ing...
12/21/2023 13:09:38 - INFO - utils.common - result = {'f1score': 0.9314301510270364, 'acc': 0.9323, 'precision': 0.9356614798438861, 'recall': 0.9285605655122322}
12/21/2023 13:09:38 - INFO - __main__ - Epoch:0, Val Accuracy:0.9323, f1:0.9314301510270364

12/21/2023 13:09:38 - INFO - __main__ - lr:0.00027135636881635457
12/21/2023 13:09:38 - INFO - __main__ - ==========Epoch:1==========
Save best weights
12/21/2023 13:12:29 - INFO - utils.common - 计算 f1 score ing...
12/21/2023 13:12:29 - INFO - utils.common - F1score = 0.8858345587113249
12/21/2023 13:12:29 - INFO - utils.common - 计算 accuracy ing...
12/21/2023 13:12:30 - INFO - utils.common - acc = 0.887725
12/21/2023 13:12:30 - INFO - utils.common - 计算 precision ing...
12/21/2023 13:12:30 - INFO - utils.common - precision = 0.8865648799492191
12/21/2023 13:12:30 - INFO - utils.common - 计算 recall ing...
12/21/2023 13:12:30 - INFO - utils.common - result = {'f1score': 0.8858345587113249, 'acc': 0.887725, 'precision': 0.8865648799492191, 'recall': 0.8853692500386479}
12/21/2023 13:12:30 - INFO - __main__ - Epoch:1, Train Accuracy:0.887725, f1:0.8858345587113249

Epoch: [1][0/625]	
Epoch: [1][100/625]	
Epoch: [1][200/625]	
Epoch: [1][300/625]	
Epoch: [1][400/625]	
Epoch: [1][500/625]	
Epoch: [1][600/625]	
12/21/2023 13:12:43 - INFO - utils.common - 计算 f1 score ing...
12/21/2023 13:12:43 - INFO - utils.common - F1score = 0.9505961996194616
12/21/2023 13:12:43 - INFO - utils.common - 计算 accuracy ing...
12/21/2023 13:12:43 - INFO - utils.common - acc = 0.9508
12/21/2023 13:12:43 - INFO - utils.common - 计算 precision ing...
12/21/2023 13:12:43 - INFO - utils.common - precision = 0.9522159841575191
12/21/2023 13:12:43 - INFO - utils.common - 计算 recall ing...
12/21/2023 13:12:43 - INFO - utils.common - result = {'f1score': 0.9505961996194616, 'acc': 0.9508, 'precision': 0.9522159841575191, 'recall': 0.949513984820178}
12/21/2023 13:12:43 - INFO - __main__ - Epoch:1, Val Accuracy:0.9508, f1:0.9505961996194616

12/21/2023 13:12:43 - INFO - __main__ - lr:0.0001963663688163546
12/21/2023 13:12:43 - INFO - __main__ - ==========Epoch:2==========
Save best weights
12/21/2023 13:15:06 - INFO - utils.common - 计算 f1 score ing...
12/21/2023 13:15:07 - INFO - utils.common - F1score = 0.9049800043168283
12/21/2023 13:15:07 - INFO - utils.common - 计算 accuracy ing...
12/21/2023 13:15:07 - INFO - utils.common - acc = 0.906375
12/21/2023 13:15:07 - INFO - utils.common - 计算 precision ing...
12/21/2023 13:15:07 - INFO - utils.common - precision = 0.9055000963541266
12/21/2023 13:15:07 - INFO - utils.common - 计算 recall ing...
12/21/2023 13:15:07 - INFO - utils.common - result = {'f1score': 0.9049800043168283, 'acc': 0.906375, 'precision': 0.9055000963541266, 'recall': 0.9046179858224522}
12/21/2023 13:15:07 - INFO - __main__ - Epoch:2, Train Accuracy:0.906375, f1:0.9049800043168283

Epoch: [2][0/625]	
Epoch: [2][100/625]	
Epoch: [2][200/625]	
Epoch: [2][300/625]	
Epoch: [2][400/625]	
Epoch: [2][500/625]	
Epoch: [2][600/625]	
12/21/2023 13:15:19 - INFO - utils.common - 计算 f1 score ing...
12/21/2023 13:15:19 - INFO - utils.common - F1score = 0.9574303345921974
12/21/2023 13:15:19 - INFO - utils.common - 计算 accuracy ing...
12/21/2023 13:15:19 - INFO - utils.common - acc = 0.9578
12/21/2023 13:15:19 - INFO - utils.common - 计算 precision ing...
12/21/2023 13:15:19 - INFO - utils.common - precision = 0.9591410451562385
12/21/2023 13:15:19 - INFO - utils.common - 计算 recall ing...
12/21/2023 13:15:19 - INFO - utils.common - result = {'f1score': 0.9574303345921974, 'acc': 0.9578, 'precision': 0.9591410451562385, 'recall': 0.956177386939108}
12/21/2023 13:15:19 - INFO - __main__ - Epoch:2, Val Accuracy:0.9578, f1:0.9574303345921974

12/21/2023 13:15:19 - INFO - __main__ - lr:0.0001036736311836454
12/21/2023 13:15:19 - INFO - __main__ - ==========Epoch:3==========
Save best weights
12/21/2023 13:17:45 - INFO - utils.common - 计算 f1 score ing...
12/21/2023 13:17:45 - INFO - utils.common - F1score = 0.9130115086345152
12/21/2023 13:17:45 - INFO - utils.common - 计算 accuracy ing...
12/21/2023 13:17:45 - INFO - utils.common - acc = 0.9144375
12/21/2023 13:17:45 - INFO - utils.common - 计算 precision ing...
12/21/2023 13:17:46 - INFO - utils.common - precision = 0.9134975724121729
12/21/2023 13:17:46 - INFO - utils.common - 计算 recall ing...
12/21/2023 13:17:46 - INFO - utils.common - result = {'f1score': 0.9130115086345152, 'acc': 0.9144375, 'precision': 0.9134975724121729, 'recall': 0.9126615527882651}
12/21/2023 13:17:46 - INFO - __main__ - Epoch:3, Train Accuracy:0.9144375, f1:0.9130115086345152

Epoch: [3][0/625]	
Epoch: [3][100/625]	
Epoch: [3][200/625]	
Epoch: [3][300/625]	
Epoch: [3][400/625]	
Epoch: [3][500/625]	
Epoch: [3][600/625]	
12/21/2023 13:17:58 - INFO - utils.common - 计算 f1 score ing...
12/21/2023 13:17:58 - INFO - utils.common - F1score = 0.9593876047108156
12/21/2023 13:17:58 - INFO - utils.common - 计算 accuracy ing...
12/21/2023 13:17:58 - INFO - utils.common - acc = 0.95965
12/21/2023 13:17:58 - INFO - utils.common - 计算 precision ing...
12/21/2023 13:17:58 - INFO - utils.common - precision = 0.9611456599200182
12/21/2023 13:17:58 - INFO - utils.common - 计算 recall ing...
12/21/2023 13:17:58 - INFO - utils.common - result = {'f1score': 0.9593876047108156, 'acc': 0.95965, 'precision': 0.9611456599200182, 'recall': 0.9579758952754251}
12/21/2023 13:17:58 - INFO - __main__ - Epoch:3, Val Accuracy:0.95965, f1:0.9593876047108156

12/21/2023 13:17:58 - INFO - __main__ - lr:2.8683631183645395e-05
12/21/2023 13:17:58 - INFO - __main__ - ==========Epoch:4==========
Save best weights
12/21/2023 13:20:16 - INFO - utils.common - 计算 f1 score ing...
12/21/2023 13:20:17 - INFO - utils.common - F1score = 0.9159522314928371
12/21/2023 13:20:17 - INFO - utils.common - 计算 accuracy ing...
12/21/2023 13:20:17 - INFO - utils.common - acc = 0.91705
12/21/2023 13:20:17 - INFO - utils.common - 计算 precision ing...
12/21/2023 13:20:17 - INFO - utils.common - precision = 0.916133497722992
12/21/2023 13:20:17 - INFO - utils.common - 计算 recall ing...
12/21/2023 13:20:17 - INFO - utils.common - result = {'f1score': 0.9159522314928371, 'acc': 0.91705, 'precision': 0.916133497722992, 'recall': 0.9158575062806715}
12/21/2023 13:20:17 - INFO - __main__ - Epoch:4, Train Accuracy:0.91705, f1:0.9159522314928371

Epoch: [4][0/625]	
Epoch: [4][100/625]	
Epoch: [4][200/625]	
Epoch: [4][300/625]	
Epoch: [4][400/625]	
Epoch: [4][500/625]	
Epoch: [4][600/625]	
12/21/2023 13:20:29 - INFO - utils.common - 计算 f1 score ing...
12/21/2023 13:20:30 - INFO - utils.common - F1score = 0.9599483834998497
12/21/2023 13:20:30 - INFO - utils.common - 计算 accuracy ing...
12/21/2023 13:20:30 - INFO - utils.common - acc = 0.9601
12/21/2023 13:20:30 - INFO - utils.common - 计算 precision ing...
12/21/2023 13:20:30 - INFO - utils.common - precision = 0.9615885178788537
12/21/2023 13:20:30 - INFO - utils.common - 计算 recall ing...
12/21/2023 13:20:30 - INFO - utils.common - result = {'f1score': 0.9599483834998497, 'acc': 0.9601, 'precision': 0.9615885178788537, 'recall': 0.9587981947559601}
12/21/2023 13:20:30 - INFO - __main__ - Epoch:4, Val Accuracy:0.9601, f1:0.9599483834998497

12/21/2023 13:20:30 - INFO - __main__ - lr:0.0003
12/21/2023 13:20:30 - INFO - __main__ - ==========Epoch:5==========
Save best weights
12/21/2023 13:22:45 - INFO - utils.common - 计算 f1 score ing...
12/21/2023 13:22:45 - INFO - utils.common - F1score = 0.9204982899574519
12/21/2023 13:22:45 - INFO - utils.common - 计算 accuracy ing...
12/21/2023 13:22:45 - INFO - utils.common - acc = 0.921725
12/21/2023 13:22:45 - INFO - utils.common - 计算 precision ing...
12/21/2023 13:22:46 - INFO - utils.common - precision = 0.9208880413302187
12/21/2023 13:22:46 - INFO - utils.common - 计算 recall ing...
12/21/2023 13:22:46 - INFO - utils.common - result = {'f1score': 0.9204982899574519, 'acc': 0.921725, 'precision': 0.9208880413302187, 'recall': 0.9202094462850735}
12/21/2023 13:22:46 - INFO - __main__ - Epoch:5, Train Accuracy:0.921725, f1:0.9204982899574519

Epoch: [5][0/625]	
Epoch: [5][100/625]	
Epoch: [5][200/625]	
Epoch: [5][300/625]	
Epoch: [5][400/625]	
Epoch: [5][500/625]	
Epoch: [5][600/625]	
12/21/2023 13:22:59 - INFO - utils.common - 计算 f1 score ing...
12/21/2023 13:22:59 - INFO - utils.common - F1score = 0.9656883212673004
12/21/2023 13:22:59 - INFO - utils.common - 计算 accuracy ing...
12/21/2023 13:22:59 - INFO - utils.common - acc = 0.96595
12/21/2023 13:22:59 - INFO - utils.common - 计算 precision ing...
12/21/2023 13:22:59 - INFO - utils.common - precision = 0.9664983144026049
12/21/2023 13:22:59 - INFO - utils.common - 计算 recall ing...
12/21/2023 13:22:59 - INFO - utils.common - result = {'f1score': 0.9656883212673004, 'acc': 0.96595, 'precision': 0.9664983144026049, 'recall': 0.9650095745270268}
12/21/2023 13:22:59 - INFO - __main__ - Epoch:5, Val Accuracy:0.96595, f1:0.9656883212673004

12/21/2023 13:22:59 - INFO - __main__ - lr:0.00027135636881635457
12/21/2023 13:22:59 - INFO - __main__ - ==========Epoch:6==========
Save best weights
12/21/2023 13:25:15 - INFO - utils.common - 计算 f1 score ing...
12/21/2023 13:25:15 - INFO - utils.common - F1score = 0.9281432306234991
12/21/2023 13:25:15 - INFO - utils.common - 计算 accuracy ing...
12/21/2023 13:25:15 - INFO - utils.common - acc = 0.9291875
12/21/2023 13:25:15 - INFO - utils.common - 计算 precision ing...
12/21/2023 13:25:15 - INFO - utils.common - precision = 0.9285398709183524
12/21/2023 13:25:15 - INFO - utils.common - 计算 recall ing...
12/21/2023 13:25:15 - INFO - utils.common - result = {'f1score': 0.9281432306234991, 'acc': 0.9291875, 'precision': 0.9285398709183524, 'recall': 0.9278257474408659}
12/21/2023 13:25:15 - INFO - __main__ - Epoch:6, Train Accuracy:0.9291875, f1:0.9281432306234991

Epoch: [6][0/625]	
Epoch: [6][100/625]	
Epoch: [6][200/625]	
Epoch: [6][300/625]	
Epoch: [6][400/625]	
Epoch: [6][500/625]	
Epoch: [6][600/625]	
12/21/2023 13:25:26 - INFO - utils.common - 计算 f1 score ing...
12/21/2023 13:25:26 - INFO - utils.common - F1score = 0.9705384441035118
12/21/2023 13:25:26 - INFO - utils.common - 计算 accuracy ing...
12/21/2023 13:25:26 - INFO - utils.common - acc = 0.9708
12/21/2023 13:25:26 - INFO - utils.common - 计算 precision ing...
12/21/2023 13:25:26 - INFO - utils.common - precision = 0.971258423955895
12/21/2023 13:25:26 - INFO - utils.common - 计算 recall ing...
12/21/2023 13:25:27 - INFO - utils.common - result = {'f1score': 0.9705384441035118, 'acc': 0.9708, 'precision': 0.971258423955895, 'recall': 0.9699271689601713}
12/21/2023 13:25:27 - INFO - __main__ - Epoch:6, Val Accuracy:0.9708, f1:0.9705384441035118

12/21/2023 13:25:27 - INFO - __main__ - lr:0.0001963663688163546
12/21/2023 13:25:27 - INFO - __main__ - ==========Epoch:7==========
Save best weights
12/21/2023 13:27:44 - INFO - utils.common - 计算 f1 score ing...
12/21/2023 13:27:44 - INFO - utils.common - F1score = 0.9316634985173857
12/21/2023 13:27:44 - INFO - utils.common - 计算 accuracy ing...
12/21/2023 13:27:44 - INFO - utils.common - acc = 0.9325875
12/21/2023 13:27:44 - INFO - utils.common - 计算 precision ing...
12/21/2023 13:27:44 - INFO - utils.common - precision = 0.9319180556831187
12/21/2023 13:27:44 - INFO - utils.common - 计算 recall ing...
12/21/2023 13:27:44 - INFO - utils.common - result = {'f1score': 0.9316634985173857, 'acc': 0.9325875, 'precision': 0.9319180556831187, 'recall': 0.9314693206074119}
12/21/2023 13:27:44 - INFO - __main__ - Epoch:7, Train Accuracy:0.9325875, f1:0.9316634985173857

Epoch: [7][0/625]	
Epoch: [7][100/625]	
Epoch: [7][200/625]	
Epoch: [7][300/625]	
Epoch: [7][400/625]	
Epoch: [7][500/625]	
Epoch: [7][600/625]	
12/21/2023 13:27:57 - INFO - utils.common - 计算 f1 score ing...
12/21/2023 13:27:57 - INFO - utils.common - F1score = 0.9713957425515127
12/21/2023 13:27:57 - INFO - utils.common - 计算 accuracy ing...
12/21/2023 13:27:57 - INFO - utils.common - acc = 0.97155
12/21/2023 13:27:57 - INFO - utils.common - 计算 precision ing...
12/21/2023 13:27:57 - INFO - utils.common - precision = 0.9721351709974856
12/21/2023 13:27:57 - INFO - utils.common - 计算 recall ing...
12/21/2023 13:27:57 - INFO - utils.common - result = {'f1score': 0.9713957425515127, 'acc': 0.97155, 'precision': 0.9721351709974856, 'recall': 0.9707819053062775}
12/21/2023 13:27:57 - INFO - __main__ - Epoch:7, Val Accuracy:0.97155, f1:0.9713957425515127

12/21/2023 13:27:57 - INFO - __main__ - lr:0.0001036736311836454
12/21/2023 13:27:57 - INFO - __main__ - ==========Epoch:8==========
Save best weights
12/21/2023 13:30:15 - INFO - utils.common - 计算 f1 score ing...
12/21/2023 13:30:15 - INFO - utils.common - F1score = 0.9354116902088521
12/21/2023 13:30:15 - INFO - utils.common - 计算 accuracy ing...
12/21/2023 13:30:15 - INFO - utils.common - acc = 0.9362625
12/21/2023 13:30:15 - INFO - utils.common - 计算 precision ing...
12/21/2023 13:30:15 - INFO - utils.common - precision = 0.9356643738635447
12/21/2023 13:30:15 - INFO - utils.common - 计算 recall ing...
12/21/2023 13:30:16 - INFO - utils.common - result = {'f1score': 0.9354116902088521, 'acc': 0.9362625, 'precision': 0.9356643738635447, 'recall': 0.9352233720774225}
12/21/2023 13:30:16 - INFO - __main__ - Epoch:8, Train Accuracy:0.9362625, f1:0.9354116902088521

Epoch: [8][0/625]	
Epoch: [8][100/625]	
Epoch: [8][200/625]	
Epoch: [8][300/625]	
Epoch: [8][400/625]	
Epoch: [8][500/625]	
Epoch: [8][600/625]	
12/21/2023 13:30:27 - INFO - utils.common - 计算 f1 score ing...
12/21/2023 13:30:27 - INFO - utils.common - F1score = 0.9713152975097523
12/21/2023 13:30:27 - INFO - utils.common - 计算 accuracy ing...
12/21/2023 13:30:27 - INFO - utils.common - acc = 0.97155
12/21/2023 13:30:27 - INFO - utils.common - 计算 precision ing...
12/21/2023 13:30:27 - INFO - utils.common - precision = 0.9724324669809796
12/21/2023 13:30:27 - INFO - utils.common - 计算 recall ing...
12/21/2023 13:30:27 - INFO - utils.common - result = {'f1score': 0.9713152975097523, 'acc': 0.97155, 'precision': 0.9724324669809796, 'recall': 0.9704027009216232}
12/21/2023 13:30:27 - INFO - __main__ - Epoch:8, Val Accuracy:0.97155, f1:0.9713152975097523

12/21/2023 13:30:27 - INFO - __main__ - lr:2.8683631183645395e-05
12/21/2023 13:30:27 - INFO - __main__ - ==========Epoch:9==========
Save best weights
12/21/2023 13:32:44 - INFO - utils.common - 计算 f1 score ing...
12/21/2023 13:32:44 - INFO - utils.common - F1score = 0.9356213030867716
12/21/2023 13:32:44 - INFO - utils.common - 计算 accuracy ing...
12/21/2023 13:32:44 - INFO - utils.common - acc = 0.9365625
12/21/2023 13:32:44 - INFO - utils.common - 计算 precision ing...
12/21/2023 13:32:44 - INFO - utils.common - precision = 0.9359603149267441
12/21/2023 13:32:44 - INFO - utils.common - 计算 recall ing...
12/21/2023 13:32:44 - INFO - utils.common - result = {'f1score': 0.9356213030867716, 'acc': 0.9365625, 'precision': 0.9359603149267441, 'recall': 0.9353365987141318}
12/21/2023 13:32:44 - INFO - __main__ - Epoch:9, Train Accuracy:0.9365625, f1:0.9356213030867716

Epoch: [9][0/625]	
Epoch: [9][100/625]	
Epoch: [9][200/625]	
Epoch: [9][300/625]	
Epoch: [9][400/625]	
Epoch: [9][500/625]	
Epoch: [9][600/625]	
12/21/2023 13:32:56 - INFO - utils.common - 计算 f1 score ing...
12/21/2023 13:32:56 - INFO - utils.common - F1score = 0.9722375706785363
12/21/2023 13:32:56 - INFO - utils.common - 计算 accuracy ing...
12/21/2023 13:32:56 - INFO - utils.common - acc = 0.9724
12/21/2023 13:32:56 - INFO - utils.common - 计算 precision ing...
12/21/2023 13:32:56 - INFO - utils.common - precision = 0.9731454091228058
12/21/2023 13:32:56 - INFO - utils.common - 计算 recall ing...
12/21/2023 13:32:56 - INFO - utils.common - result = {'f1score': 0.9722375706785363, 'acc': 0.9724, 'precision': 0.9731454091228058, 'recall': 0.9715316117850885}
12/21/2023 13:32:56 - INFO - __main__ - Epoch:9, Val Accuracy:0.9724, f1:0.9722375706785363

12/21/2023 13:32:56 - INFO - __main__ - lr:0.0003
Save best weights
Test
12/21/2023 13:33:02 - INFO - utils.common - 计算 f1 score ing...
12/21/2023 13:33:02 - INFO - utils.common - F1score = 0.9159446198569159
12/21/2023 13:33:02 - INFO - utils.common - 计算 accuracy ing...
12/21/2023 13:33:02 - INFO - utils.common - acc = 0.9398328690807799
12/21/2023 13:33:02 - INFO - utils.common - 计算 precision ing...
12/21/2023 13:33:02 - INFO - utils.common - precision = 0.9176820942925068
12/21/2023 13:33:02 - INFO - utils.common - 计算 recall ing...
12/21/2023 13:33:02 - INFO - utils.common - result = {'f1score': 0.9159446198569159, 'acc': 0.9398328690807799, 'precision': 0.9176820942925068, 'recall': 0.915965456662649}
12/21/2023 13:33:02 - INFO - __main__ - test_f1:0.9159446198569159, test_acc:0.9398328690807799, test_precision:0.9176820942925068, test_recall:0.915965456662649
12/21/2023 13:33:02 - INFO - __main__ - Finish fine-turning...
