nohup: ignoring input
12/21/2023 09:13:25 - INFO - __main__ - 设置 seed 为:  1
12/21/2023 09:13:25 - INFO - __main__ - Start fine-turning...
12/21/2023 09:13:29 - INFO - __main__ - ==========Epoch:0==========
=> no checkpoint found at '
12/21/2023 09:13:48 - INFO - utils.common - 计算 f1 score ing...
12/21/2023 09:13:48 - INFO - utils.common - F1score = 0.3286165385565917
12/21/2023 09:13:48 - INFO - utils.common - 计算 accuracy ing...
12/21/2023 09:13:48 - INFO - utils.common - acc = 0.352125
12/21/2023 09:13:48 - INFO - utils.common - 计算 precision ing...
12/21/2023 09:13:48 - INFO - utils.common - precision = 0.33840442162797163
12/21/2023 09:13:48 - INFO - utils.common - 计算 recall ing...
12/21/2023 09:13:48 - INFO - utils.common - result = {'f1score': 0.3286165385565917, 'acc': 0.352125, 'precision': 0.33840442162797163, 'recall': 0.3421024911087287}
12/21/2023 09:13:48 - INFO - __main__ - Epoch:0, Train Accuracy:0.352125, f1:0.3286165385565917

Epoch: [0][0/63]	
12/21/2023 09:14:00 - INFO - utils.common - 计算 f1 score ing...
12/21/2023 09:14:00 - INFO - utils.common - F1score = 0.5701453188189994
12/21/2023 09:14:00 - INFO - utils.common - 计算 accuracy ing...
12/21/2023 09:14:00 - INFO - utils.common - acc = 0.60465
12/21/2023 09:14:00 - INFO - utils.common - 计算 precision ing...
12/21/2023 09:14:00 - INFO - utils.common - precision = 0.7116885434190284
12/21/2023 09:14:00 - INFO - utils.common - 计算 recall ing...
12/21/2023 09:14:00 - INFO - utils.common - result = {'f1score': 0.5701453188189994, 'acc': 0.60465, 'precision': 0.7116885434190284, 'recall': 0.5760012893383886}
12/21/2023 09:14:00 - INFO - __main__ - Epoch:0, Val Accuracy:0.60465, f1:0.5701453188189994

12/21/2023 09:14:00 - INFO - __main__ - lr:0.00027135636881635457
12/21/2023 09:14:00 - INFO - __main__ - ==========Epoch:1==========
Save best weights
12/21/2023 09:14:27 - INFO - utils.common - 计算 f1 score ing...
12/21/2023 09:14:27 - INFO - utils.common - F1score = 0.6252395937691656
12/21/2023 09:14:27 - INFO - utils.common - 计算 accuracy ing...
12/21/2023 09:14:27 - INFO - utils.common - acc = 0.640625
12/21/2023 09:14:27 - INFO - utils.common - 计算 precision ing...
12/21/2023 09:14:27 - INFO - utils.common - precision = 0.6406066057837376
12/21/2023 09:14:27 - INFO - utils.common - 计算 recall ing...
12/21/2023 09:14:27 - INFO - utils.common - result = {'f1score': 0.6252395937691656, 'acc': 0.640625, 'precision': 0.6406066057837376, 'recall': 0.6319441968405383}
12/21/2023 09:14:27 - INFO - __main__ - Epoch:1, Train Accuracy:0.640625, f1:0.6252395937691656

Epoch: [1][0/63]	
12/21/2023 09:14:47 - INFO - utils.common - 计算 f1 score ing...
12/21/2023 09:14:47 - INFO - utils.common - F1score = 0.7547996044235796
12/21/2023 09:14:47 - INFO - utils.common - 计算 accuracy ing...
12/21/2023 09:14:47 - INFO - utils.common - acc = 0.76595
12/21/2023 09:14:47 - INFO - utils.common - 计算 precision ing...
12/21/2023 09:14:47 - INFO - utils.common - precision = 0.8208879257794522
12/21/2023 09:14:47 - INFO - utils.common - 计算 recall ing...
12/21/2023 09:14:47 - INFO - utils.common - result = {'f1score': 0.7547996044235796, 'acc': 0.76595, 'precision': 0.8208879257794522, 'recall': 0.7477985832925422}
12/21/2023 09:14:47 - INFO - __main__ - Epoch:1, Val Accuracy:0.76595, f1:0.7547996044235796

12/21/2023 09:14:47 - INFO - __main__ - lr:0.0001963663688163546
12/21/2023 09:14:47 - INFO - __main__ - ==========Epoch:2==========
Save best weights
12/21/2023 09:15:16 - INFO - utils.common - 计算 f1 score ing...
12/21/2023 09:15:16 - INFO - utils.common - F1score = 0.7190610341627603
12/21/2023 09:15:16 - INFO - utils.common - 计算 accuracy ing...
12/21/2023 09:15:16 - INFO - utils.common - acc = 0.7285
12/21/2023 09:15:16 - INFO - utils.common - 计算 precision ing...
12/21/2023 09:15:16 - INFO - utils.common - precision = 0.7319738357561874
12/21/2023 09:15:16 - INFO - utils.common - 计算 recall ing...
12/21/2023 09:15:16 - INFO - utils.common - result = {'f1score': 0.7190610341627603, 'acc': 0.7285, 'precision': 0.7319738357561874, 'recall': 0.7216025090231964}
12/21/2023 09:15:16 - INFO - __main__ - Epoch:2, Train Accuracy:0.7285, f1:0.7190610341627603

Epoch: [2][0/63]	
12/21/2023 09:15:35 - INFO - utils.common - 计算 f1 score ing...
12/21/2023 09:15:35 - INFO - utils.common - F1score = 0.8056557184928669
12/21/2023 09:15:35 - INFO - utils.common - 计算 accuracy ing...
12/21/2023 09:15:35 - INFO - utils.common - acc = 0.81215
12/21/2023 09:15:35 - INFO - utils.common - 计算 precision ing...
12/21/2023 09:15:35 - INFO - utils.common - precision = 0.8505374302340424
12/21/2023 09:15:35 - INFO - utils.common - 计算 recall ing...
12/21/2023 09:15:35 - INFO - utils.common - result = {'f1score': 0.8056557184928669, 'acc': 0.81215, 'precision': 0.8505374302340424, 'recall': 0.7973083799997636}
12/21/2023 09:15:35 - INFO - __main__ - Epoch:2, Val Accuracy:0.81215, f1:0.8056557184928669

12/21/2023 09:15:35 - INFO - __main__ - lr:0.0001036736311836454
12/21/2023 09:15:35 - INFO - __main__ - ==========Epoch:3==========
Save best weights
12/21/2023 09:16:05 - INFO - utils.common - 计算 f1 score ing...
12/21/2023 09:16:06 - INFO - utils.common - F1score = 0.7483999824081358
12/21/2023 09:16:06 - INFO - utils.common - 计算 accuracy ing...
12/21/2023 09:16:06 - INFO - utils.common - acc = 0.753875
12/21/2023 09:16:06 - INFO - utils.common - 计算 precision ing...
12/21/2023 09:16:06 - INFO - utils.common - precision = 0.7581560927482958
12/21/2023 09:16:06 - INFO - utils.common - 计算 recall ing...
12/21/2023 09:16:06 - INFO - utils.common - result = {'f1score': 0.7483999824081358, 'acc': 0.753875, 'precision': 0.7581560927482958, 'recall': 0.7477453330358995}
12/21/2023 09:16:06 - INFO - __main__ - Epoch:3, Train Accuracy:0.753875, f1:0.7483999824081358

Epoch: [3][0/63]	
12/21/2023 09:16:25 - INFO - utils.common - 计算 f1 score ing...
12/21/2023 09:16:25 - INFO - utils.common - F1score = 0.8268746941125732
12/21/2023 09:16:25 - INFO - utils.common - 计算 accuracy ing...
12/21/2023 09:16:25 - INFO - utils.common - acc = 0.8327
12/21/2023 09:16:25 - INFO - utils.common - 计算 precision ing...
12/21/2023 09:16:25 - INFO - utils.common - precision = 0.8599528309185998
12/21/2023 09:16:25 - INFO - utils.common - 计算 recall ing...
12/21/2023 09:16:26 - INFO - utils.common - result = {'f1score': 0.8268746941125732, 'acc': 0.8327, 'precision': 0.8599528309185998, 'recall': 0.8197169121160272}
12/21/2023 09:16:26 - INFO - __main__ - Epoch:3, Val Accuracy:0.8327, f1:0.8268746941125732

12/21/2023 09:16:26 - INFO - __main__ - lr:2.8683631183645395e-05
12/21/2023 09:16:26 - INFO - __main__ - ==========Epoch:4==========
Save best weights
12/21/2023 09:16:56 - INFO - utils.common - 计算 f1 score ing...
12/21/2023 09:16:56 - INFO - utils.common - F1score = 0.7659986012693575
12/21/2023 09:16:56 - INFO - utils.common - 计算 accuracy ing...
12/21/2023 09:16:56 - INFO - utils.common - acc = 0.770875
12/21/2023 09:16:56 - INFO - utils.common - 计算 precision ing...
12/21/2023 09:16:56 - INFO - utils.common - precision = 0.7729695712803726
12/21/2023 09:16:56 - INFO - utils.common - 计算 recall ing...
12/21/2023 09:16:56 - INFO - utils.common - result = {'f1score': 0.7659986012693575, 'acc': 0.770875, 'precision': 0.7729695712803726, 'recall': 0.7655701069909856}
12/21/2023 09:16:56 - INFO - __main__ - Epoch:4, Train Accuracy:0.770875, f1:0.7659986012693575

Epoch: [4][0/63]	
12/21/2023 09:17:16 - INFO - utils.common - 计算 f1 score ing...
12/21/2023 09:17:16 - INFO - utils.common - F1score = 0.8377440645299297
12/21/2023 09:17:16 - INFO - utils.common - 计算 accuracy ing...
12/21/2023 09:17:16 - INFO - utils.common - acc = 0.8421
12/21/2023 09:17:16 - INFO - utils.common - 计算 precision ing...
12/21/2023 09:17:16 - INFO - utils.common - precision = 0.8674735011484527
12/21/2023 09:17:16 - INFO - utils.common - 计算 recall ing...
12/21/2023 09:17:16 - INFO - utils.common - result = {'f1score': 0.8377440645299297, 'acc': 0.8421, 'precision': 0.8674735011484527, 'recall': 0.8306087650293557}
12/21/2023 09:17:16 - INFO - __main__ - Epoch:4, Val Accuracy:0.8421, f1:0.8377440645299297

12/21/2023 09:17:16 - INFO - __main__ - lr:0.0003
12/21/2023 09:17:16 - INFO - __main__ - ==========Epoch:5==========
Save best weights
12/21/2023 09:17:46 - INFO - utils.common - 计算 f1 score ing...
12/21/2023 09:17:46 - INFO - utils.common - F1score = 0.7837706586363902
12/21/2023 09:17:46 - INFO - utils.common - 计算 accuracy ing...
12/21/2023 09:17:46 - INFO - utils.common - acc = 0.7875
12/21/2023 09:17:46 - INFO - utils.common - 计算 precision ing...
12/21/2023 09:17:46 - INFO - utils.common - precision = 0.7885262408925059
12/21/2023 09:17:46 - INFO - utils.common - 计算 recall ing...
12/21/2023 09:17:46 - INFO - utils.common - result = {'f1score': 0.7837706586363902, 'acc': 0.7875, 'precision': 0.7885262408925059, 'recall': 0.783702636086869}
12/21/2023 09:17:46 - INFO - __main__ - Epoch:5, Train Accuracy:0.7875, f1:0.7837706586363902

Epoch: [5][0/63]	
12/21/2023 09:18:06 - INFO - utils.common - 计算 f1 score ing...
12/21/2023 09:18:06 - INFO - utils.common - F1score = 0.8665004486099891
12/21/2023 09:18:06 - INFO - utils.common - 计算 accuracy ing...
12/21/2023 09:18:06 - INFO - utils.common - acc = 0.8698
12/21/2023 09:18:06 - INFO - utils.common - 计算 precision ing...
12/21/2023 09:18:06 - INFO - utils.common - precision = 0.8861826774928665
12/21/2023 09:18:06 - INFO - utils.common - 计算 recall ing...
12/21/2023 09:18:06 - INFO - utils.common - result = {'f1score': 0.8665004486099891, 'acc': 0.8698, 'precision': 0.8861826774928665, 'recall': 0.8612496863439971}
12/21/2023 09:18:06 - INFO - __main__ - Epoch:5, Val Accuracy:0.8698, f1:0.8665004486099891

12/21/2023 09:18:06 - INFO - __main__ - lr:0.00027135636881635457
12/21/2023 09:18:06 - INFO - __main__ - ==========Epoch:6==========
Save best weights
12/21/2023 09:18:36 - INFO - utils.common - 计算 f1 score ing...
12/21/2023 09:18:36 - INFO - utils.common - F1score = 0.8110601927494258
12/21/2023 09:18:36 - INFO - utils.common - 计算 accuracy ing...
12/21/2023 09:18:36 - INFO - utils.common - acc = 0.813
12/21/2023 09:18:36 - INFO - utils.common - 计算 precision ing...
12/21/2023 09:18:36 - INFO - utils.common - precision = 0.8148823077074465
12/21/2023 09:18:36 - INFO - utils.common - 计算 recall ing...
12/21/2023 09:18:36 - INFO - utils.common - result = {'f1score': 0.8110601927494258, 'acc': 0.813, 'precision': 0.8148823077074465, 'recall': 0.8102681090307734}
12/21/2023 09:18:36 - INFO - __main__ - Epoch:6, Train Accuracy:0.813, f1:0.8110601927494258

Epoch: [6][0/63]	
12/21/2023 09:18:56 - INFO - utils.common - 计算 f1 score ing...
12/21/2023 09:18:56 - INFO - utils.common - F1score = 0.8884099706557915
12/21/2023 09:18:56 - INFO - utils.common - 计算 accuracy ing...
12/21/2023 09:18:56 - INFO - utils.common - acc = 0.88985
12/21/2023 09:18:56 - INFO - utils.common - 计算 precision ing...
12/21/2023 09:18:56 - INFO - utils.common - precision = 0.9012196091520894
12/21/2023 09:18:56 - INFO - utils.common - 计算 recall ing...
12/21/2023 09:18:56 - INFO - utils.common - result = {'f1score': 0.8884099706557915, 'acc': 0.88985, 'precision': 0.9012196091520894, 'recall': 0.8846938752941282}
12/21/2023 09:18:56 - INFO - __main__ - Epoch:6, Val Accuracy:0.88985, f1:0.8884099706557915

12/21/2023 09:18:56 - INFO - __main__ - lr:0.0001963663688163546
12/21/2023 09:18:56 - INFO - __main__ - ==========Epoch:7==========
Save best weights
12/21/2023 09:19:25 - INFO - utils.common - 计算 f1 score ing...
12/21/2023 09:19:25 - INFO - utils.common - F1score = 0.8222839421875225
12/21/2023 09:19:25 - INFO - utils.common - 计算 accuracy ing...
12/21/2023 09:19:25 - INFO - utils.common - acc = 0.823875
12/21/2023 09:19:25 - INFO - utils.common - 计算 precision ing...
12/21/2023 09:19:25 - INFO - utils.common - precision = 0.8242555127410014
12/21/2023 09:19:25 - INFO - utils.common - 计算 recall ing...
12/21/2023 09:19:25 - INFO - utils.common - result = {'f1score': 0.8222839421875225, 'acc': 0.823875, 'precision': 0.8242555127410014, 'recall': 0.8224009802356542}
12/21/2023 09:19:25 - INFO - __main__ - Epoch:7, Train Accuracy:0.823875, f1:0.8222839421875225

Epoch: [7][0/63]	
12/21/2023 09:19:44 - INFO - utils.common - 计算 f1 score ing...
12/21/2023 09:19:44 - INFO - utils.common - F1score = 0.897108599864686
12/21/2023 09:19:44 - INFO - utils.common - 计算 accuracy ing...
12/21/2023 09:19:45 - INFO - utils.common - acc = 0.8987
12/21/2023 09:19:45 - INFO - utils.common - 计算 precision ing...
12/21/2023 09:19:45 - INFO - utils.common - precision = 0.9069208264544442
12/21/2023 09:19:45 - INFO - utils.common - 计算 recall ing...
12/21/2023 09:19:45 - INFO - utils.common - result = {'f1score': 0.897108599864686, 'acc': 0.8987, 'precision': 0.9069208264544442, 'recall': 0.89325758092011}
12/21/2023 09:19:45 - INFO - __main__ - Epoch:7, Val Accuracy:0.8987, f1:0.897108599864686

12/21/2023 09:19:45 - INFO - __main__ - lr:0.0001036736311836454
12/21/2023 09:19:45 - INFO - __main__ - ==========Epoch:8==========
Save best weights
12/21/2023 09:20:14 - INFO - utils.common - 计算 f1 score ing...
12/21/2023 09:20:14 - INFO - utils.common - F1score = 0.8353537259246745
12/21/2023 09:20:14 - INFO - utils.common - 计算 accuracy ing...
12/21/2023 09:20:14 - INFO - utils.common - acc = 0.836375
12/21/2023 09:20:14 - INFO - utils.common - 计算 precision ing...
12/21/2023 09:20:14 - INFO - utils.common - precision = 0.8366836226777425
12/21/2023 09:20:14 - INFO - utils.common - 计算 recall ing...
12/21/2023 09:20:14 - INFO - utils.common - result = {'f1score': 0.8353537259246745, 'acc': 0.836375, 'precision': 0.8366836226777425, 'recall': 0.8353929080123063}
12/21/2023 09:20:14 - INFO - __main__ - Epoch:8, Train Accuracy:0.836375, f1:0.8353537259246745

Epoch: [8][0/63]	
12/21/2023 09:20:34 - INFO - utils.common - 计算 f1 score ing...
12/21/2023 09:20:34 - INFO - utils.common - F1score = 0.8972942535275676
12/21/2023 09:20:34 - INFO - utils.common - 计算 accuracy ing...
12/21/2023 09:20:34 - INFO - utils.common - acc = 0.89905
12/21/2023 09:20:34 - INFO - utils.common - 计算 precision ing...
12/21/2023 09:20:34 - INFO - utils.common - precision = 0.9094656725361531
12/21/2023 09:20:34 - INFO - utils.common - 计算 recall ing...
12/21/2023 09:20:34 - INFO - utils.common - result = {'f1score': 0.8972942535275676, 'acc': 0.89905, 'precision': 0.9094656725361531, 'recall': 0.8929083299927112}
12/21/2023 09:20:34 - INFO - __main__ - Epoch:8, Val Accuracy:0.89905, f1:0.8972942535275676

12/21/2023 09:20:34 - INFO - __main__ - lr:2.8683631183645395e-05
12/21/2023 09:20:34 - INFO - __main__ - ==========Epoch:9==========
Save best weights
12/21/2023 09:21:05 - INFO - utils.common - 计算 f1 score ing...
12/21/2023 09:21:05 - INFO - utils.common - F1score = 0.8341613966880875
12/21/2023 09:21:05 - INFO - utils.common - 计算 accuracy ing...
12/21/2023 09:21:05 - INFO - utils.common - acc = 0.83525
12/21/2023 09:21:05 - INFO - utils.common - 计算 precision ing...
12/21/2023 09:21:05 - INFO - utils.common - precision = 0.8354738490172284
12/21/2023 09:21:05 - INFO - utils.common - 计算 recall ing...
12/21/2023 09:21:06 - INFO - utils.common - result = {'f1score': 0.8341613966880875, 'acc': 0.83525, 'precision': 0.8354738490172284, 'recall': 0.8336863039905688}
12/21/2023 09:21:06 - INFO - __main__ - Epoch:9, Train Accuracy:0.83525, f1:0.8341613966880875

Epoch: [9][0/63]	
12/21/2023 09:21:25 - INFO - utils.common - 计算 f1 score ing...
12/21/2023 09:21:25 - INFO - utils.common - F1score = 0.8995108661651317
12/21/2023 09:21:25 - INFO - utils.common - 计算 accuracy ing...
12/21/2023 09:21:25 - INFO - utils.common - acc = 0.90105
12/21/2023 09:21:25 - INFO - utils.common - 计算 precision ing...
12/21/2023 09:21:25 - INFO - utils.common - precision = 0.9103771641565204
12/21/2023 09:21:25 - INFO - utils.common - 计算 recall ing...
12/21/2023 09:21:25 - INFO - utils.common - result = {'f1score': 0.8995108661651317, 'acc': 0.90105, 'precision': 0.9103771641565204, 'recall': 0.8950680535388883}
12/21/2023 09:21:25 - INFO - __main__ - Epoch:9, Val Accuracy:0.90105, f1:0.8995108661651317

12/21/2023 09:21:25 - INFO - __main__ - lr:0.0003
12/21/2023 09:21:25 - INFO - __main__ - ==========Epoch:10==========
Save best weights
12/21/2023 09:21:55 - INFO - utils.common - 计算 f1 score ing...
12/21/2023 09:21:55 - INFO - utils.common - F1score = 0.8445079813387433
12/21/2023 09:21:55 - INFO - utils.common - 计算 accuracy ing...
12/21/2023 09:21:55 - INFO - utils.common - acc = 0.845125
12/21/2023 09:21:55 - INFO - utils.common - 计算 precision ing...
12/21/2023 09:21:55 - INFO - utils.common - precision = 0.8456204492738736
12/21/2023 09:21:55 - INFO - utils.common - 计算 recall ing...
12/21/2023 09:21:55 - INFO - utils.common - result = {'f1score': 0.8445079813387433, 'acc': 0.845125, 'precision': 0.8456204492738736, 'recall': 0.8441355833342282}
12/21/2023 09:21:55 - INFO - __main__ - Epoch:10, Train Accuracy:0.845125, f1:0.8445079813387433

Epoch: [10][0/63]	
12/21/2023 09:22:14 - INFO - utils.common - 计算 f1 score ing...
12/21/2023 09:22:14 - INFO - utils.common - F1score = 0.9086467936993865
12/21/2023 09:22:14 - INFO - utils.common - 计算 accuracy ing...
12/21/2023 09:22:14 - INFO - utils.common - acc = 0.90975
12/21/2023 09:22:14 - INFO - utils.common - 计算 precision ing...
12/21/2023 09:22:14 - INFO - utils.common - precision = 0.9170184724520306
12/21/2023 09:22:14 - INFO - utils.common - 计算 recall ing...
12/21/2023 09:22:14 - INFO - utils.common - result = {'f1score': 0.9086467936993865, 'acc': 0.90975, 'precision': 0.9170184724520306, 'recall': 0.9047869384462762}
12/21/2023 09:22:14 - INFO - __main__ - Epoch:10, Val Accuracy:0.90975, f1:0.9086467936993865

12/21/2023 09:22:14 - INFO - __main__ - lr:0.00027135636881635457
12/21/2023 09:22:14 - INFO - __main__ - ==========Epoch:11==========
Save best weights
12/21/2023 09:22:44 - INFO - utils.common - 计算 f1 score ing...
12/21/2023 09:22:44 - INFO - utils.common - F1score = 0.8533850140275092
12/21/2023 09:22:44 - INFO - utils.common - 计算 accuracy ing...
12/21/2023 09:22:44 - INFO - utils.common - acc = 0.85425
12/21/2023 09:22:44 - INFO - utils.common - 计算 precision ing...
12/21/2023 09:22:44 - INFO - utils.common - precision = 0.8548981064519696
12/21/2023 09:22:44 - INFO - utils.common - 计算 recall ing...
12/21/2023 09:22:44 - INFO - utils.common - result = {'f1score': 0.8533850140275092, 'acc': 0.85425, 'precision': 0.8548981064519696, 'recall': 0.8528956511820778}
12/21/2023 09:22:44 - INFO - __main__ - Epoch:11, Train Accuracy:0.85425, f1:0.8533850140275092

Epoch: [11][0/63]	
12/21/2023 09:23:04 - INFO - utils.common - 计算 f1 score ing...
12/21/2023 09:23:04 - INFO - utils.common - F1score = 0.9189090291955182
12/21/2023 09:23:04 - INFO - utils.common - 计算 accuracy ing...
12/21/2023 09:23:04 - INFO - utils.common - acc = 0.92005
12/21/2023 09:23:04 - INFO - utils.common - 计算 precision ing...
12/21/2023 09:23:04 - INFO - utils.common - precision = 0.9252105497807565
12/21/2023 09:23:04 - INFO - utils.common - 计算 recall ing...
12/21/2023 09:23:04 - INFO - utils.common - result = {'f1score': 0.9189090291955182, 'acc': 0.92005, 'precision': 0.9252105497807565, 'recall': 0.9153693476324636}
12/21/2023 09:23:04 - INFO - __main__ - Epoch:11, Val Accuracy:0.92005, f1:0.9189090291955182

12/21/2023 09:23:04 - INFO - __main__ - lr:0.0001963663688163546
12/21/2023 09:23:04 - INFO - __main__ - ==========Epoch:12==========
Save best weights
12/21/2023 09:23:33 - INFO - utils.common - 计算 f1 score ing...
12/21/2023 09:23:33 - INFO - utils.common - F1score = 0.8645685830667929
12/21/2023 09:23:33 - INFO - utils.common - 计算 accuracy ing...
12/21/2023 09:23:33 - INFO - utils.common - acc = 0.86475
12/21/2023 09:23:33 - INFO - utils.common - 计算 precision ing...
12/21/2023 09:23:33 - INFO - utils.common - precision = 0.8652077902433103
12/21/2023 09:23:33 - INFO - utils.common - 计算 recall ing...
12/21/2023 09:23:33 - INFO - utils.common - result = {'f1score': 0.8645685830667929, 'acc': 0.86475, 'precision': 0.8652077902433103, 'recall': 0.8644179241169082}
12/21/2023 09:23:33 - INFO - __main__ - Epoch:12, Train Accuracy:0.86475, f1:0.8645685830667929

Epoch: [12][0/63]	
12/21/2023 09:23:53 - INFO - utils.common - 计算 f1 score ing...
12/21/2023 09:23:53 - INFO - utils.common - F1score = 0.9228423692023474
12/21/2023 09:23:53 - INFO - utils.common - 计算 accuracy ing...
12/21/2023 09:23:53 - INFO - utils.common - acc = 0.9237
12/21/2023 09:23:53 - INFO - utils.common - 计算 precision ing...
12/21/2023 09:23:53 - INFO - utils.common - precision = 0.9274465596068351
12/21/2023 09:23:53 - INFO - utils.common - 计算 recall ing...
12/21/2023 09:23:53 - INFO - utils.common - result = {'f1score': 0.9228423692023474, 'acc': 0.9237, 'precision': 0.9274465596068351, 'recall': 0.9202766440910156}
12/21/2023 09:23:53 - INFO - __main__ - Epoch:12, Val Accuracy:0.9237, f1:0.9228423692023474

12/21/2023 09:23:53 - INFO - __main__ - lr:0.0001036736311836454
12/21/2023 09:23:53 - INFO - __main__ - ==========Epoch:13==========
Save best weights
12/21/2023 09:24:24 - INFO - utils.common - 计算 f1 score ing...
12/21/2023 09:24:24 - INFO - utils.common - F1score = 0.8660754837871192
12/21/2023 09:24:24 - INFO - utils.common - 计算 accuracy ing...
12/21/2023 09:24:24 - INFO - utils.common - acc = 0.867125
12/21/2023 09:24:24 - INFO - utils.common - 计算 precision ing...
12/21/2023 09:24:24 - INFO - utils.common - precision = 0.8672744516704282
12/21/2023 09:24:24 - INFO - utils.common - 计算 recall ing...
12/21/2023 09:24:24 - INFO - utils.common - result = {'f1score': 0.8660754837871192, 'acc': 0.867125, 'precision': 0.8672744516704282, 'recall': 0.8655055477137381}
12/21/2023 09:24:24 - INFO - __main__ - Epoch:13, Train Accuracy:0.867125, f1:0.8660754837871192

Epoch: [13][0/63]	
12/21/2023 09:24:44 - INFO - utils.common - 计算 f1 score ing...
12/21/2023 09:24:44 - INFO - utils.common - F1score = 0.9220217608676483
12/21/2023 09:24:44 - INFO - utils.common - 计算 accuracy ing...
12/21/2023 09:24:44 - INFO - utils.common - acc = 0.92305
12/21/2023 09:24:44 - INFO - utils.common - 计算 precision ing...
12/21/2023 09:24:44 - INFO - utils.common - precision = 0.9276592516110763
12/21/2023 09:24:44 - INFO - utils.common - 计算 recall ing...
12/21/2023 09:24:44 - INFO - utils.common - result = {'f1score': 0.9220217608676483, 'acc': 0.92305, 'precision': 0.9276592516110763, 'recall': 0.9188058205599717}
12/21/2023 09:24:44 - INFO - __main__ - Epoch:13, Val Accuracy:0.92305, f1:0.9220217608676483

12/21/2023 09:24:44 - INFO - __main__ - lr:2.8683631183645395e-05
12/21/2023 09:24:44 - INFO - __main__ - ==========Epoch:14==========
early_st 4
12/21/2023 09:25:13 - INFO - utils.common - 计算 f1 score ing...
12/21/2023 09:25:13 - INFO - utils.common - F1score = 0.8645289309992145
12/21/2023 09:25:13 - INFO - utils.common - 计算 accuracy ing...
12/21/2023 09:25:13 - INFO - utils.common - acc = 0.86525
12/21/2023 09:25:13 - INFO - utils.common - 计算 precision ing...
12/21/2023 09:25:13 - INFO - utils.common - precision = 0.8657896796509507
12/21/2023 09:25:13 - INFO - utils.common - 计算 recall ing...
12/21/2023 09:25:13 - INFO - utils.common - result = {'f1score': 0.8645289309992145, 'acc': 0.86525, 'precision': 0.8657896796509507, 'recall': 0.8640205495325536}
12/21/2023 09:25:13 - INFO - __main__ - Epoch:14, Train Accuracy:0.86525, f1:0.8645289309992145

Epoch: [14][0/63]	
12/21/2023 09:25:33 - INFO - utils.common - 计算 f1 score ing...
12/21/2023 09:25:33 - INFO - utils.common - F1score = 0.9257805531298371
12/21/2023 09:25:33 - INFO - utils.common - 计算 accuracy ing...
12/21/2023 09:25:33 - INFO - utils.common - acc = 0.9266
12/21/2023 09:25:33 - INFO - utils.common - 计算 precision ing...
12/21/2023 09:25:33 - INFO - utils.common - precision = 0.9295865089868253
12/21/2023 09:25:33 - INFO - utils.common - 计算 recall ing...
12/21/2023 09:25:33 - INFO - utils.common - result = {'f1score': 0.9257805531298371, 'acc': 0.9266, 'precision': 0.9295865089868253, 'recall': 0.9235136642344752}
12/21/2023 09:25:33 - INFO - __main__ - Epoch:14, Val Accuracy:0.9266, f1:0.9257805531298371

12/21/2023 09:25:33 - INFO - __main__ - lr:0.0003
12/21/2023 09:25:33 - INFO - __main__ - ==========Epoch:15==========
Save best weights
12/21/2023 09:26:02 - INFO - utils.common - 计算 f1 score ing...
12/21/2023 09:26:02 - INFO - utils.common - F1score = 0.8659453028541434
12/21/2023 09:26:02 - INFO - utils.common - 计算 accuracy ing...
12/21/2023 09:26:02 - INFO - utils.common - acc = 0.8665
12/21/2023 09:26:02 - INFO - utils.common - 计算 precision ing...
12/21/2023 09:26:02 - INFO - utils.common - precision = 0.867331584207806
12/21/2023 09:26:02 - INFO - utils.common - 计算 recall ing...
12/21/2023 09:26:03 - INFO - utils.common - result = {'f1score': 0.8659453028541434, 'acc': 0.8665, 'precision': 0.867331584207806, 'recall': 0.865313322179211}
12/21/2023 09:26:03 - INFO - __main__ - Epoch:15, Train Accuracy:0.8665, f1:0.8659453028541434

Epoch: [15][0/63]	
12/21/2023 09:26:22 - INFO - utils.common - 计算 f1 score ing...
12/21/2023 09:26:22 - INFO - utils.common - F1score = 0.9271883293543132
12/21/2023 09:26:22 - INFO - utils.common - 计算 accuracy ing...
12/21/2023 09:26:22 - INFO - utils.common - acc = 0.92795
12/21/2023 09:26:22 - INFO - utils.common - 计算 precision ing...
12/21/2023 09:26:22 - INFO - utils.common - precision = 0.9323355944498007
12/21/2023 09:26:22 - INFO - utils.common - 计算 recall ing...
12/21/2023 09:26:22 - INFO - utils.common - result = {'f1score': 0.9271883293543132, 'acc': 0.92795, 'precision': 0.9323355944498007, 'recall': 0.9242719628287285}
12/21/2023 09:26:22 - INFO - __main__ - Epoch:15, Val Accuracy:0.92795, f1:0.9271883293543132

12/21/2023 09:26:22 - INFO - __main__ - lr:0.00027135636881635457
12/21/2023 09:26:22 - INFO - __main__ - ==========Epoch:16==========
Save best weights
12/21/2023 09:26:51 - INFO - utils.common - 计算 f1 score ing...
12/21/2023 09:26:51 - INFO - utils.common - F1score = 0.8666001187839689
12/21/2023 09:26:51 - INFO - utils.common - 计算 accuracy ing...
12/21/2023 09:26:51 - INFO - utils.common - acc = 0.86675
12/21/2023 09:26:51 - INFO - utils.common - 计算 precision ing...
12/21/2023 09:26:51 - INFO - utils.common - precision = 0.8674751735587324
12/21/2023 09:26:51 - INFO - utils.common - 计算 recall ing...
12/21/2023 09:26:51 - INFO - utils.common - result = {'f1score': 0.8666001187839689, 'acc': 0.86675, 'precision': 0.8674751735587324, 'recall': 0.866169454068509}
12/21/2023 09:26:51 - INFO - __main__ - Epoch:16, Train Accuracy:0.86675, f1:0.8666001187839689

Epoch: [16][0/63]	
12/21/2023 09:27:11 - INFO - utils.common - 计算 f1 score ing...
12/21/2023 09:27:11 - INFO - utils.common - F1score = 0.9303764938993554
12/21/2023 09:27:11 - INFO - utils.common - 计算 accuracy ing...
12/21/2023 09:27:11 - INFO - utils.common - acc = 0.9311
12/21/2023 09:27:11 - INFO - utils.common - 计算 precision ing...
12/21/2023 09:27:11 - INFO - utils.common - precision = 0.9348899087276552
12/21/2023 09:27:11 - INFO - utils.common - 计算 recall ing...
12/21/2023 09:27:11 - INFO - utils.common - result = {'f1score': 0.9303764938993554, 'acc': 0.9311, 'precision': 0.9348899087276552, 'recall': 0.9277715420142327}
12/21/2023 09:27:11 - INFO - __main__ - Epoch:16, Val Accuracy:0.9311, f1:0.9303764938993554

12/21/2023 09:27:11 - INFO - __main__ - lr:0.0001963663688163546
12/21/2023 09:27:11 - INFO - __main__ - ==========Epoch:17==========
Save best weights
12/21/2023 09:27:39 - INFO - utils.common - 计算 f1 score ing...
12/21/2023 09:27:39 - INFO - utils.common - F1score = 0.8821565157731392
12/21/2023 09:27:39 - INFO - utils.common - 计算 accuracy ing...
12/21/2023 09:27:39 - INFO - utils.common - acc = 0.882625
12/21/2023 09:27:39 - INFO - utils.common - 计算 precision ing...
12/21/2023 09:27:39 - INFO - utils.common - precision = 0.8837686902144969
12/21/2023 09:27:39 - INFO - utils.common - 计算 recall ing...
12/21/2023 09:27:40 - INFO - utils.common - result = {'f1score': 0.8821565157731392, 'acc': 0.882625, 'precision': 0.8837686902144969, 'recall': 0.8812338794503128}
12/21/2023 09:27:40 - INFO - __main__ - Epoch:17, Train Accuracy:0.882625, f1:0.8821565157731392

Epoch: [17][0/63]	
12/21/2023 09:27:59 - INFO - utils.common - 计算 f1 score ing...
12/21/2023 09:27:59 - INFO - utils.common - F1score = 0.9335441669827566
12/21/2023 09:27:59 - INFO - utils.common - 计算 accuracy ing...
12/21/2023 09:27:59 - INFO - utils.common - acc = 0.9341
12/21/2023 09:27:59 - INFO - utils.common - 计算 precision ing...
12/21/2023 09:27:59 - INFO - utils.common - precision = 0.9368325600941536
12/21/2023 09:27:59 - INFO - utils.common - 计算 recall ing...
12/21/2023 09:27:59 - INFO - utils.common - result = {'f1score': 0.9335441669827566, 'acc': 0.9341, 'precision': 0.9368325600941536, 'recall': 0.9318731689961185}
12/21/2023 09:27:59 - INFO - __main__ - Epoch:17, Val Accuracy:0.9341, f1:0.9335441669827566

12/21/2023 09:27:59 - INFO - __main__ - lr:0.0001036736311836454
12/21/2023 09:27:59 - INFO - __main__ - ==========Epoch:18==========
Save best weights
12/21/2023 09:28:29 - INFO - utils.common - 计算 f1 score ing...
12/21/2023 09:28:29 - INFO - utils.common - F1score = 0.8818652200968492
12/21/2023 09:28:29 - INFO - utils.common - 计算 accuracy ing...
12/21/2023 09:28:29 - INFO - utils.common - acc = 0.88275
12/21/2023 09:28:29 - INFO - utils.common - 计算 precision ing...
12/21/2023 09:28:29 - INFO - utils.common - precision = 0.8827343783663064
12/21/2023 09:28:29 - INFO - utils.common - 计算 recall ing...
12/21/2023 09:28:29 - INFO - utils.common - result = {'f1score': 0.8818652200968492, 'acc': 0.88275, 'precision': 0.8827343783663064, 'recall': 0.8813661027024932}
12/21/2023 09:28:29 - INFO - __main__ - Epoch:18, Train Accuracy:0.88275, f1:0.8818652200968492

Epoch: [18][0/63]	
12/21/2023 09:28:49 - INFO - utils.common - 计算 f1 score ing...
12/21/2023 09:28:49 - INFO - utils.common - F1score = 0.9348314498030559
12/21/2023 09:28:49 - INFO - utils.common - 计算 accuracy ing...
12/21/2023 09:28:49 - INFO - utils.common - acc = 0.93545
12/21/2023 09:28:49 - INFO - utils.common - 计算 precision ing...
12/21/2023 09:28:49 - INFO - utils.common - precision = 0.9382497190864911
12/21/2023 09:28:49 - INFO - utils.common - 计算 recall ing...
12/21/2023 09:28:49 - INFO - utils.common - result = {'f1score': 0.9348314498030559, 'acc': 0.93545, 'precision': 0.9382497190864911, 'recall': 0.9327221346303831}
12/21/2023 09:28:49 - INFO - __main__ - Epoch:18, Val Accuracy:0.93545, f1:0.9348314498030559

12/21/2023 09:28:49 - INFO - __main__ - lr:2.8683631183645395e-05
12/21/2023 09:28:49 - INFO - __main__ - ==========Epoch:19==========
Save best weights
12/21/2023 09:29:19 - INFO - utils.common - 计算 f1 score ing...
12/21/2023 09:29:19 - INFO - utils.common - F1score = 0.8786438854772987
12/21/2023 09:29:19 - INFO - utils.common - 计算 accuracy ing...
12/21/2023 09:29:19 - INFO - utils.common - acc = 0.879
12/21/2023 09:29:19 - INFO - utils.common - 计算 precision ing...
12/21/2023 09:29:19 - INFO - utils.common - precision = 0.879411764818472
12/21/2023 09:29:19 - INFO - utils.common - 计算 recall ing...
12/21/2023 09:29:19 - INFO - utils.common - result = {'f1score': 0.8786438854772987, 'acc': 0.879, 'precision': 0.879411764818472, 'recall': 0.878278871315579}
12/21/2023 09:29:19 - INFO - __main__ - Epoch:19, Train Accuracy:0.879, f1:0.8786438854772987

Epoch: [19][0/63]	
12/21/2023 09:29:37 - INFO - utils.common - 计算 f1 score ing...
12/21/2023 09:29:37 - INFO - utils.common - F1score = 0.9344049489981828
12/21/2023 09:29:37 - INFO - utils.common - 计算 accuracy ing...
12/21/2023 09:29:37 - INFO - utils.common - acc = 0.93515
12/21/2023 09:29:37 - INFO - utils.common - 计算 precision ing...
12/21/2023 09:29:37 - INFO - utils.common - precision = 0.9380768500721616
12/21/2023 09:29:37 - INFO - utils.common - 计算 recall ing...
12/21/2023 09:29:37 - INFO - utils.common - result = {'f1score': 0.9344049489981828, 'acc': 0.93515, 'precision': 0.9380768500721616, 'recall': 0.9319705708569376}
12/21/2023 09:29:37 - INFO - __main__ - Epoch:19, Val Accuracy:0.93515, f1:0.9344049489981828

12/21/2023 09:29:37 - INFO - __main__ - lr:0.0003
12/21/2023 09:29:37 - INFO - __main__ - ==========Epoch:20==========
early_st 4
12/21/2023 09:30:04 - INFO - utils.common - 计算 f1 score ing...
12/21/2023 09:30:04 - INFO - utils.common - F1score = 0.879381983479059
12/21/2023 09:30:04 - INFO - utils.common - 计算 accuracy ing...
12/21/2023 09:30:04 - INFO - utils.common - acc = 0.88
12/21/2023 09:30:04 - INFO - utils.common - 计算 precision ing...
12/21/2023 09:30:04 - INFO - utils.common - precision = 0.8800095367027967
12/21/2023 09:30:04 - INFO - utils.common - 计算 recall ing...
12/21/2023 09:30:04 - INFO - utils.common - result = {'f1score': 0.879381983479059, 'acc': 0.88, 'precision': 0.8800095367027967, 'recall': 0.8790815264724811}
12/21/2023 09:30:04 - INFO - __main__ - Epoch:20, Train Accuracy:0.88, f1:0.879381983479059

Epoch: [20][0/63]	
12/21/2023 09:30:23 - INFO - utils.common - 计算 f1 score ing...
12/21/2023 09:30:23 - INFO - utils.common - F1score = 0.9376858707427138
12/21/2023 09:30:23 - INFO - utils.common - 计算 accuracy ing...
12/21/2023 09:30:23 - INFO - utils.common - acc = 0.9381
12/21/2023 09:30:23 - INFO - utils.common - 计算 precision ing...
12/21/2023 09:30:23 - INFO - utils.common - precision = 0.9404808552666641
12/21/2023 09:30:23 - INFO - utils.common - 计算 recall ing...
12/21/2023 09:30:23 - INFO - utils.common - result = {'f1score': 0.9376858707427138, 'acc': 0.9381, 'precision': 0.9404808552666641, 'recall': 0.9360771164813229}
12/21/2023 09:30:23 - INFO - __main__ - Epoch:20, Val Accuracy:0.9381, f1:0.9376858707427138

12/21/2023 09:30:23 - INFO - __main__ - lr:0.00027135636881635457
12/21/2023 09:30:23 - INFO - __main__ - ==========Epoch:21==========
Save best weights
12/21/2023 09:30:51 - INFO - utils.common - 计算 f1 score ing...
12/21/2023 09:30:51 - INFO - utils.common - F1score = 0.8884184382973993
12/21/2023 09:30:51 - INFO - utils.common - 计算 accuracy ing...
12/21/2023 09:30:51 - INFO - utils.common - acc = 0.88825
12/21/2023 09:30:51 - INFO - utils.common - 计算 precision ing...
12/21/2023 09:30:51 - INFO - utils.common - precision = 0.8885599473481683
12/21/2023 09:30:51 - INFO - utils.common - 计算 recall ing...
12/21/2023 09:30:51 - INFO - utils.common - result = {'f1score': 0.8884184382973993, 'acc': 0.88825, 'precision': 0.8885599473481683, 'recall': 0.8884565312167312}
12/21/2023 09:30:51 - INFO - __main__ - Epoch:21, Train Accuracy:0.88825, f1:0.8884184382973993

Epoch: [21][0/63]	
12/21/2023 09:31:10 - INFO - utils.common - 计算 f1 score ing...
12/21/2023 09:31:10 - INFO - utils.common - F1score = 0.9415455321664064
12/21/2023 09:31:10 - INFO - utils.common - 计算 accuracy ing...
12/21/2023 09:31:10 - INFO - utils.common - acc = 0.9423
12/21/2023 09:31:10 - INFO - utils.common - 计算 precision ing...
12/21/2023 09:31:10 - INFO - utils.common - precision = 0.9442995541664561
12/21/2023 09:31:10 - INFO - utils.common - 计算 recall ing...
12/21/2023 09:31:10 - INFO - utils.common - result = {'f1score': 0.9415455321664064, 'acc': 0.9423, 'precision': 0.9442995541664561, 'recall': 0.9395795235991764}
12/21/2023 09:31:10 - INFO - __main__ - Epoch:21, Val Accuracy:0.9423, f1:0.9415455321664064

12/21/2023 09:31:10 - INFO - __main__ - lr:0.0001963663688163546
12/21/2023 09:31:10 - INFO - __main__ - ==========Epoch:22==========
Save best weights
12/21/2023 09:31:38 - INFO - utils.common - 计算 f1 score ing...
12/21/2023 09:31:38 - INFO - utils.common - F1score = 0.8855478694499751
12/21/2023 09:31:38 - INFO - utils.common - 计算 accuracy ing...
12/21/2023 09:31:38 - INFO - utils.common - acc = 0.885875
12/21/2023 09:31:38 - INFO - utils.common - 计算 precision ing...
12/21/2023 09:31:38 - INFO - utils.common - precision = 0.8871568552396845
12/21/2023 09:31:38 - INFO - utils.common - 计算 recall ing...
12/21/2023 09:31:38 - INFO - utils.common - result = {'f1score': 0.8855478694499751, 'acc': 0.885875, 'precision': 0.8871568552396845, 'recall': 0.8844330966831789}
12/21/2023 09:31:38 - INFO - __main__ - Epoch:22, Train Accuracy:0.885875, f1:0.8855478694499751

Epoch: [22][0/63]	
12/21/2023 09:31:56 - INFO - utils.common - 计算 f1 score ing...
12/21/2023 09:31:56 - INFO - utils.common - F1score = 0.9422701023367418
12/21/2023 09:31:56 - INFO - utils.common - 计算 accuracy ing...
12/21/2023 09:31:56 - INFO - utils.common - acc = 0.94285
12/21/2023 09:31:56 - INFO - utils.common - 计算 precision ing...
12/21/2023 09:31:57 - INFO - utils.common - precision = 0.944680314738815
12/21/2023 09:31:57 - INFO - utils.common - 计算 recall ing...
12/21/2023 09:31:57 - INFO - utils.common - result = {'f1score': 0.9422701023367418, 'acc': 0.94285, 'precision': 0.944680314738815, 'recall': 0.940532604935072}
12/21/2023 09:31:57 - INFO - __main__ - Epoch:22, Val Accuracy:0.94285, f1:0.9422701023367418

12/21/2023 09:31:57 - INFO - __main__ - lr:0.0001036736311836454
12/21/2023 09:31:57 - INFO - __main__ - ==========Epoch:23==========
Save best weights
12/21/2023 09:32:23 - INFO - utils.common - 计算 f1 score ing...
12/21/2023 09:32:23 - INFO - utils.common - F1score = 0.8883219126865181
12/21/2023 09:32:23 - INFO - utils.common - 计算 accuracy ing...
12/21/2023 09:32:24 - INFO - utils.common - acc = 0.88875
12/21/2023 09:32:24 - INFO - utils.common - 计算 precision ing...
12/21/2023 09:32:24 - INFO - utils.common - precision = 0.8891186167491527
12/21/2023 09:32:24 - INFO - utils.common - 计算 recall ing...
12/21/2023 09:32:24 - INFO - utils.common - result = {'f1score': 0.8883219126865181, 'acc': 0.88875, 'precision': 0.8891186167491527, 'recall': 0.8878292841774885}
12/21/2023 09:32:24 - INFO - __main__ - Epoch:23, Train Accuracy:0.88875, f1:0.8883219126865181

Epoch: [23][0/63]	
12/21/2023 09:32:42 - INFO - utils.common - 计算 f1 score ing...
12/21/2023 09:32:42 - INFO - utils.common - F1score = 0.9430754634489144
12/21/2023 09:32:42 - INFO - utils.common - 计算 accuracy ing...
12/21/2023 09:32:42 - INFO - utils.common - acc = 0.94365
12/21/2023 09:32:42 - INFO - utils.common - 计算 precision ing...
12/21/2023 09:32:42 - INFO - utils.common - precision = 0.94578843832188
12/21/2023 09:32:42 - INFO - utils.common - 计算 recall ing...
12/21/2023 09:32:42 - INFO - utils.common - result = {'f1score': 0.9430754634489144, 'acc': 0.94365, 'precision': 0.94578843832188, 'recall': 0.9411254736176203}
12/21/2023 09:32:42 - INFO - __main__ - Epoch:23, Val Accuracy:0.94365, f1:0.9430754634489144

12/21/2023 09:32:42 - INFO - __main__ - lr:2.8683631183645395e-05
12/21/2023 09:32:42 - INFO - __main__ - ==========Epoch:24==========
Save best weights
12/21/2023 09:33:10 - INFO - utils.common - 计算 f1 score ing...
12/21/2023 09:33:10 - INFO - utils.common - F1score = 0.8842222290976778
12/21/2023 09:33:10 - INFO - utils.common - 计算 accuracy ing...
12/21/2023 09:33:10 - INFO - utils.common - acc = 0.884375
12/21/2023 09:33:10 - INFO - utils.common - 计算 precision ing...
12/21/2023 09:33:10 - INFO - utils.common - precision = 0.8852325951005682
12/21/2023 09:33:10 - INFO - utils.common - 计算 recall ing...
12/21/2023 09:33:10 - INFO - utils.common - result = {'f1score': 0.8842222290976778, 'acc': 0.884375, 'precision': 0.8852325951005682, 'recall': 0.8836904941424182}
12/21/2023 09:33:10 - INFO - __main__ - Epoch:24, Train Accuracy:0.884375, f1:0.8842222290976778

Epoch: [24][0/63]	
12/21/2023 09:33:28 - INFO - utils.common - 计算 f1 score ing...
12/21/2023 09:33:28 - INFO - utils.common - F1score = 0.9434886619404925
12/21/2023 09:33:28 - INFO - utils.common - 计算 accuracy ing...
12/21/2023 09:33:28 - INFO - utils.common - acc = 0.94415
12/21/2023 09:33:28 - INFO - utils.common - 计算 precision ing...
12/21/2023 09:33:28 - INFO - utils.common - precision = 0.9453323599790683
12/21/2023 09:33:28 - INFO - utils.common - 计算 recall ing...
12/21/2023 09:33:28 - INFO - utils.common - result = {'f1score': 0.9434886619404925, 'acc': 0.94415, 'precision': 0.9453323599790683, 'recall': 0.9420986121749928}
12/21/2023 09:33:28 - INFO - __main__ - Epoch:24, Val Accuracy:0.94415, f1:0.9434886619404925

12/21/2023 09:33:28 - INFO - __main__ - lr:0.0003
12/21/2023 09:33:28 - INFO - __main__ - ==========Epoch:25==========
Save best weights
12/21/2023 09:33:55 - INFO - utils.common - 计算 f1 score ing...
12/21/2023 09:33:55 - INFO - utils.common - F1score = 0.8938728222635031
12/21/2023 09:33:55 - INFO - utils.common - 计算 accuracy ing...
12/21/2023 09:33:55 - INFO - utils.common - acc = 0.894125
12/21/2023 09:33:55 - INFO - utils.common - 计算 precision ing...
12/21/2023 09:33:55 - INFO - utils.common - precision = 0.8942917531578796
12/21/2023 09:33:55 - INFO - utils.common - 计算 recall ing...
12/21/2023 09:33:55 - INFO - utils.common - result = {'f1score': 0.8938728222635031, 'acc': 0.894125, 'precision': 0.8942917531578796, 'recall': 0.8936853851600619}
12/21/2023 09:33:55 - INFO - __main__ - Epoch:25, Train Accuracy:0.894125, f1:0.8938728222635031

Epoch: [25][0/63]	
12/21/2023 09:34:13 - INFO - utils.common - 计算 f1 score ing...
12/21/2023 09:34:13 - INFO - utils.common - F1score = 0.942577682665602
12/21/2023 09:34:13 - INFO - utils.common - 计算 accuracy ing...
12/21/2023 09:34:13 - INFO - utils.common - acc = 0.94275
12/21/2023 09:34:13 - INFO - utils.common - 计算 precision ing...
12/21/2023 09:34:13 - INFO - utils.common - precision = 0.944565313999076
12/21/2023 09:34:13 - INFO - utils.common - 计算 recall ing...
12/21/2023 09:34:13 - INFO - utils.common - result = {'f1score': 0.942577682665602, 'acc': 0.94275, 'precision': 0.944565313999076, 'recall': 0.9417579588739977}
12/21/2023 09:34:13 - INFO - __main__ - Epoch:25, Val Accuracy:0.94275, f1:0.942577682665602

12/21/2023 09:34:13 - INFO - __main__ - lr:0.00027135636881635457
12/21/2023 09:34:13 - INFO - __main__ - ==========Epoch:26==========
early_st 4
12/21/2023 09:34:41 - INFO - utils.common - 计算 f1 score ing...
12/21/2023 09:34:41 - INFO - utils.common - F1score = 0.8912751485406106
12/21/2023 09:34:41 - INFO - utils.common - 计算 accuracy ing...
12/21/2023 09:34:41 - INFO - utils.common - acc = 0.892
12/21/2023 09:34:41 - INFO - utils.common - 计算 precision ing...
12/21/2023 09:34:41 - INFO - utils.common - precision = 0.8922567587073365
12/21/2023 09:34:41 - INFO - utils.common - 计算 recall ing...
12/21/2023 09:34:41 - INFO - utils.common - result = {'f1score': 0.8912751485406106, 'acc': 0.892, 'precision': 0.8922567587073365, 'recall': 0.8907569565841142}
12/21/2023 09:34:41 - INFO - __main__ - Epoch:26, Train Accuracy:0.892, f1:0.8912751485406106

Epoch: [26][0/63]	
12/21/2023 09:34:59 - INFO - utils.common - 计算 f1 score ing...
12/21/2023 09:34:59 - INFO - utils.common - F1score = 0.9453982686222309
12/21/2023 09:34:59 - INFO - utils.common - 计算 accuracy ing...
12/21/2023 09:34:59 - INFO - utils.common - acc = 0.94575
12/21/2023 09:34:59 - INFO - utils.common - 计算 precision ing...
12/21/2023 09:34:59 - INFO - utils.common - precision = 0.9472530976072628
12/21/2023 09:34:59 - INFO - utils.common - 计算 recall ing...
12/21/2023 09:34:59 - INFO - utils.common - result = {'f1score': 0.9453982686222309, 'acc': 0.94575, 'precision': 0.9472530976072628, 'recall': 0.9441004461028927}
12/21/2023 09:34:59 - INFO - __main__ - Epoch:26, Val Accuracy:0.94575, f1:0.9453982686222309

12/21/2023 09:34:59 - INFO - __main__ - lr:0.0001963663688163546
12/21/2023 09:34:59 - INFO - __main__ - ==========Epoch:27==========
Save best weights
12/21/2023 09:35:25 - INFO - utils.common - 计算 f1 score ing...
12/21/2023 09:35:25 - INFO - utils.common - F1score = 0.8981962800310055
12/21/2023 09:35:25 - INFO - utils.common - 计算 accuracy ing...
12/21/2023 09:35:25 - INFO - utils.common - acc = 0.898625
12/21/2023 09:35:25 - INFO - utils.common - 计算 precision ing...
12/21/2023 09:35:25 - INFO - utils.common - precision = 0.8987817656858377
12/21/2023 09:35:25 - INFO - utils.common - 计算 recall ing...
12/21/2023 09:35:25 - INFO - utils.common - result = {'f1score': 0.8981962800310055, 'acc': 0.898625, 'precision': 0.8987817656858377, 'recall': 0.8978515393266606}
12/21/2023 09:35:25 - INFO - __main__ - Epoch:27, Train Accuracy:0.898625, f1:0.8981962800310055

Epoch: [27][0/63]	
12/21/2023 09:35:43 - INFO - utils.common - 计算 f1 score ing...
12/21/2023 09:35:44 - INFO - utils.common - F1score = 0.9460299777499633
12/21/2023 09:35:44 - INFO - utils.common - 计算 accuracy ing...
12/21/2023 09:35:44 - INFO - utils.common - acc = 0.94655
12/21/2023 09:35:44 - INFO - utils.common - 计算 precision ing...
12/21/2023 09:35:44 - INFO - utils.common - precision = 0.9482750994979293
12/21/2023 09:35:44 - INFO - utils.common - 计算 recall ing...
12/21/2023 09:35:44 - INFO - utils.common - result = {'f1score': 0.9460299777499633, 'acc': 0.94655, 'precision': 0.9482750994979293, 'recall': 0.9443751425754109}
12/21/2023 09:35:44 - INFO - __main__ - Epoch:27, Val Accuracy:0.94655, f1:0.9460299777499633

12/21/2023 09:35:44 - INFO - __main__ - lr:0.0001036736311836454
12/21/2023 09:35:44 - INFO - __main__ - ==========Epoch:28==========
Save best weights
12/21/2023 09:36:12 - INFO - utils.common - 计算 f1 score ing...
12/21/2023 09:36:12 - INFO - utils.common - F1score = 0.9036711900999693
12/21/2023 09:36:12 - INFO - utils.common - 计算 accuracy ing...
12/21/2023 09:36:12 - INFO - utils.common - acc = 0.904
12/21/2023 09:36:12 - INFO - utils.common - 计算 precision ing...
12/21/2023 09:36:12 - INFO - utils.common - precision = 0.9044406623728647
12/21/2023 09:36:12 - INFO - utils.common - 计算 recall ing...
12/21/2023 09:36:12 - INFO - utils.common - result = {'f1score': 0.9036711900999693, 'acc': 0.904, 'precision': 0.9044406623728647, 'recall': 0.9033002104195861}
12/21/2023 09:36:12 - INFO - __main__ - Epoch:28, Train Accuracy:0.904, f1:0.9036711900999693

Epoch: [28][0/63]	
12/21/2023 09:36:30 - INFO - utils.common - 计算 f1 score ing...
12/21/2023 09:36:30 - INFO - utils.common - F1score = 0.9469349406075924
12/21/2023 09:36:30 - INFO - utils.common - 计算 accuracy ing...
12/21/2023 09:36:30 - INFO - utils.common - acc = 0.9472
12/21/2023 09:36:30 - INFO - utils.common - 计算 precision ing...
12/21/2023 09:36:31 - INFO - utils.common - precision = 0.948883416314434
12/21/2023 09:36:31 - INFO - utils.common - 计算 recall ing...
12/21/2023 09:36:31 - INFO - utils.common - result = {'f1score': 0.9469349406075924, 'acc': 0.9472, 'precision': 0.948883416314434, 'recall': 0.9455617152930996}
12/21/2023 09:36:31 - INFO - __main__ - Epoch:28, Val Accuracy:0.9472, f1:0.9469349406075924

12/21/2023 09:36:31 - INFO - __main__ - lr:2.8683631183645395e-05
12/21/2023 09:36:31 - INFO - __main__ - ==========Epoch:29==========
Save best weights
12/21/2023 09:36:59 - INFO - utils.common - 计算 f1 score ing...
12/21/2023 09:36:59 - INFO - utils.common - F1score = 0.9043012635528552
12/21/2023 09:36:59 - INFO - utils.common - 计算 accuracy ing...
12/21/2023 09:36:59 - INFO - utils.common - acc = 0.904
12/21/2023 09:36:59 - INFO - utils.common - 计算 precision ing...
12/21/2023 09:36:59 - INFO - utils.common - precision = 0.9052761965825687
12/21/2023 09:36:59 - INFO - utils.common - 计算 recall ing...
12/21/2023 09:36:59 - INFO - utils.common - result = {'f1score': 0.9043012635528552, 'acc': 0.904, 'precision': 0.9052761965825687, 'recall': 0.9036614253017361}
12/21/2023 09:36:59 - INFO - __main__ - Epoch:29, Train Accuracy:0.904, f1:0.9043012635528552

Epoch: [29][0/63]	
12/21/2023 09:37:17 - INFO - utils.common - 计算 f1 score ing...
12/21/2023 09:37:17 - INFO - utils.common - F1score = 0.9482392111426842
12/21/2023 09:37:17 - INFO - utils.common - 计算 accuracy ing...
12/21/2023 09:37:17 - INFO - utils.common - acc = 0.9487
12/21/2023 09:37:17 - INFO - utils.common - 计算 precision ing...
12/21/2023 09:37:17 - INFO - utils.common - precision = 0.9501880093307895
12/21/2023 09:37:17 - INFO - utils.common - 计算 recall ing...
12/21/2023 09:37:17 - INFO - utils.common - result = {'f1score': 0.9482392111426842, 'acc': 0.9487, 'precision': 0.9501880093307895, 'recall': 0.9467577375416343}
12/21/2023 09:37:17 - INFO - __main__ - Epoch:29, Val Accuracy:0.9487, f1:0.9482392111426842

12/21/2023 09:37:17 - INFO - __main__ - lr:0.0003
12/21/2023 09:37:17 - INFO - __main__ - ==========Epoch:30==========
Save best weights
12/21/2023 09:37:46 - INFO - utils.common - 计算 f1 score ing...
12/21/2023 09:37:46 - INFO - utils.common - F1score = 0.9028775394449959
12/21/2023 09:37:46 - INFO - utils.common - 计算 accuracy ing...
12/21/2023 09:37:46 - INFO - utils.common - acc = 0.9035
12/21/2023 09:37:46 - INFO - utils.common - 计算 precision ing...
12/21/2023 09:37:46 - INFO - utils.common - precision = 0.9040086143434723
12/21/2023 09:37:46 - INFO - utils.common - 计算 recall ing...
12/21/2023 09:37:46 - INFO - utils.common - result = {'f1score': 0.9028775394449959, 'acc': 0.9035, 'precision': 0.9040086143434723, 'recall': 0.9021247716910588}
12/21/2023 09:37:46 - INFO - __main__ - Epoch:30, Train Accuracy:0.9035, f1:0.9028775394449959

Epoch: [30][0/63]	
12/21/2023 09:38:04 - INFO - utils.common - 计算 f1 score ing...
12/21/2023 09:38:04 - INFO - utils.common - F1score = 0.9490495552661626
12/21/2023 09:38:04 - INFO - utils.common - 计算 accuracy ing...
12/21/2023 09:38:04 - INFO - utils.common - acc = 0.9494
12/21/2023 09:38:04 - INFO - utils.common - 计算 precision ing...
12/21/2023 09:38:04 - INFO - utils.common - precision = 0.9506214028534683
12/21/2023 09:38:04 - INFO - utils.common - 计算 recall ing...
12/21/2023 09:38:04 - INFO - utils.common - result = {'f1score': 0.9490495552661626, 'acc': 0.9494, 'precision': 0.9506214028534683, 'recall': 0.9479806240751388}
12/21/2023 09:38:04 - INFO - __main__ - Epoch:30, Val Accuracy:0.9494, f1:0.9490495552661626

12/21/2023 09:38:04 - INFO - __main__ - lr:0.00027135636881635457
12/21/2023 09:38:04 - INFO - __main__ - ==========Epoch:31==========
Save best weights
12/21/2023 09:38:32 - INFO - utils.common - 计算 f1 score ing...
12/21/2023 09:38:32 - INFO - utils.common - F1score = 0.9051695518893637
12/21/2023 09:38:32 - INFO - utils.common - 计算 accuracy ing...
12/21/2023 09:38:32 - INFO - utils.common - acc = 0.904875
12/21/2023 09:38:32 - INFO - utils.common - 计算 precision ing...
12/21/2023 09:38:32 - INFO - utils.common - precision = 0.9060678275961145
12/21/2023 09:38:32 - INFO - utils.common - 计算 recall ing...
12/21/2023 09:38:32 - INFO - utils.common - result = {'f1score': 0.9051695518893637, 'acc': 0.904875, 'precision': 0.9060678275961145, 'recall': 0.9046211808638203}
12/21/2023 09:38:32 - INFO - __main__ - Epoch:31, Train Accuracy:0.904875, f1:0.9051695518893637

Epoch: [31][0/63]	
12/21/2023 09:38:50 - INFO - utils.common - 计算 f1 score ing...
12/21/2023 09:38:50 - INFO - utils.common - F1score = 0.949814472213395
12/21/2023 09:38:50 - INFO - utils.common - 计算 accuracy ing...
12/21/2023 09:38:50 - INFO - utils.common - acc = 0.95
12/21/2023 09:38:50 - INFO - utils.common - 计算 precision ing...
12/21/2023 09:38:50 - INFO - utils.common - precision = 0.9510853234452407
12/21/2023 09:38:50 - INFO - utils.common - 计算 recall ing...
12/21/2023 09:38:50 - INFO - utils.common - result = {'f1score': 0.949814472213395, 'acc': 0.95, 'precision': 0.9510853234452407, 'recall': 0.9492179421634099}
12/21/2023 09:38:50 - INFO - __main__ - Epoch:31, Val Accuracy:0.95, f1:0.949814472213395

12/21/2023 09:38:50 - INFO - __main__ - lr:0.0001963663688163546
12/21/2023 09:38:50 - INFO - __main__ - ==========Epoch:32==========
Save best weights
12/21/2023 09:39:17 - INFO - utils.common - 计算 f1 score ing...
12/21/2023 09:39:17 - INFO - utils.common - F1score = 0.9020325575264935
12/21/2023 09:39:17 - INFO - utils.common - 计算 accuracy ing...
12/21/2023 09:39:17 - INFO - utils.common - acc = 0.902125
12/21/2023 09:39:17 - INFO - utils.common - 计算 precision ing...
12/21/2023 09:39:17 - INFO - utils.common - precision = 0.9029993143004346
12/21/2023 09:39:17 - INFO - utils.common - 计算 recall ing...
12/21/2023 09:39:17 - INFO - utils.common - result = {'f1score': 0.9020325575264935, 'acc': 0.902125, 'precision': 0.9029993143004346, 'recall': 0.9014975164022788}
12/21/2023 09:39:17 - INFO - __main__ - Epoch:32, Train Accuracy:0.902125, f1:0.9020325575264935

Epoch: [32][0/63]	
12/21/2023 09:39:35 - INFO - utils.common - 计算 f1 score ing...
12/21/2023 09:39:35 - INFO - utils.common - F1score = 0.9515354047221363
12/21/2023 09:39:35 - INFO - utils.common - 计算 accuracy ing...
12/21/2023 09:39:35 - INFO - utils.common - acc = 0.95195
12/21/2023 09:39:35 - INFO - utils.common - 计算 precision ing...
12/21/2023 09:39:35 - INFO - utils.common - precision = 0.9530538490613216
12/21/2023 09:39:35 - INFO - utils.common - 计算 recall ing...
12/21/2023 09:39:35 - INFO - utils.common - result = {'f1score': 0.9515354047221363, 'acc': 0.95195, 'precision': 0.9530538490613216, 'recall': 0.9505288787021379}
12/21/2023 09:39:35 - INFO - __main__ - Epoch:32, Val Accuracy:0.95195, f1:0.9515354047221363

12/21/2023 09:39:35 - INFO - __main__ - lr:0.0001036736311836454
12/21/2023 09:39:35 - INFO - __main__ - ==========Epoch:33==========
Save best weights
12/21/2023 09:40:02 - INFO - utils.common - 计算 f1 score ing...
12/21/2023 09:40:02 - INFO - utils.common - F1score = 0.9062396772849645
12/21/2023 09:40:02 - INFO - utils.common - 计算 accuracy ing...
12/21/2023 09:40:02 - INFO - utils.common - acc = 0.906
12/21/2023 09:40:02 - INFO - utils.common - 计算 precision ing...
12/21/2023 09:40:02 - INFO - utils.common - precision = 0.9067508981014336
12/21/2023 09:40:02 - INFO - utils.common - 计算 recall ing...
12/21/2023 09:40:02 - INFO - utils.common - result = {'f1score': 0.9062396772849645, 'acc': 0.906, 'precision': 0.9067508981014336, 'recall': 0.9058671412459649}
12/21/2023 09:40:02 - INFO - __main__ - Epoch:33, Train Accuracy:0.906, f1:0.9062396772849645

Epoch: [33][0/63]	
12/21/2023 09:40:20 - INFO - utils.common - 计算 f1 score ing...
12/21/2023 09:40:20 - INFO - utils.common - F1score = 0.9522228074986574
12/21/2023 09:40:20 - INFO - utils.common - 计算 accuracy ing...
12/21/2023 09:40:20 - INFO - utils.common - acc = 0.95255
12/21/2023 09:40:20 - INFO - utils.common - 计算 precision ing...
12/21/2023 09:40:20 - INFO - utils.common - precision = 0.9535729846478002
12/21/2023 09:40:20 - INFO - utils.common - 计算 recall ing...
12/21/2023 09:40:20 - INFO - utils.common - result = {'f1score': 0.9522228074986574, 'acc': 0.95255, 'precision': 0.9535729846478002, 'recall': 0.9513021787014391}
12/21/2023 09:40:20 - INFO - __main__ - Epoch:33, Val Accuracy:0.95255, f1:0.9522228074986574

12/21/2023 09:40:20 - INFO - __main__ - lr:2.8683631183645395e-05
12/21/2023 09:40:20 - INFO - __main__ - ==========Epoch:34==========
Save best weights
12/21/2023 09:40:47 - INFO - utils.common - 计算 f1 score ing...
12/21/2023 09:40:47 - INFO - utils.common - F1score = 0.9075680332033534
12/21/2023 09:40:47 - INFO - utils.common - 计算 accuracy ing...
12/21/2023 09:40:47 - INFO - utils.common - acc = 0.907625
12/21/2023 09:40:47 - INFO - utils.common - 计算 precision ing...
12/21/2023 09:40:47 - INFO - utils.common - precision = 0.9085651986821411
12/21/2023 09:40:47 - INFO - utils.common - 计算 recall ing...
12/21/2023 09:40:47 - INFO - utils.common - result = {'f1score': 0.9075680332033534, 'acc': 0.907625, 'precision': 0.9085651986821411, 'recall': 0.9070144889858874}
12/21/2023 09:40:47 - INFO - __main__ - Epoch:34, Train Accuracy:0.907625, f1:0.9075680332033534

Epoch: [34][0/63]	
12/21/2023 09:41:05 - INFO - utils.common - 计算 f1 score ing...
12/21/2023 09:41:05 - INFO - utils.common - F1score = 0.9529463046415897
12/21/2023 09:41:05 - INFO - utils.common - 计算 accuracy ing...
12/21/2023 09:41:05 - INFO - utils.common - acc = 0.95335
12/21/2023 09:41:05 - INFO - utils.common - 计算 precision ing...
12/21/2023 09:41:05 - INFO - utils.common - precision = 0.9540838834872667
12/21/2023 09:41:05 - INFO - utils.common - 计算 recall ing...
12/21/2023 09:41:05 - INFO - utils.common - result = {'f1score': 0.9529463046415897, 'acc': 0.95335, 'precision': 0.9540838834872667, 'recall': 0.9521467410652547}
12/21/2023 09:41:05 - INFO - __main__ - Epoch:34, Val Accuracy:0.95335, f1:0.9529463046415897

12/21/2023 09:41:05 - INFO - __main__ - lr:0.0003
12/21/2023 09:41:05 - INFO - __main__ - ==========Epoch:35==========
Save best weights
12/21/2023 09:41:31 - INFO - utils.common - 计算 f1 score ing...
12/21/2023 09:41:31 - INFO - utils.common - F1score = 0.9102580706656216
12/21/2023 09:41:31 - INFO - utils.common - 计算 accuracy ing...
12/21/2023 09:41:31 - INFO - utils.common - acc = 0.910625
12/21/2023 09:41:31 - INFO - utils.common - 计算 precision ing...
12/21/2023 09:41:31 - INFO - utils.common - precision = 0.9110448953831172
12/21/2023 09:41:31 - INFO - utils.common - 计算 recall ing...
12/21/2023 09:41:31 - INFO - utils.common - result = {'f1score': 0.9102580706656216, 'acc': 0.910625, 'precision': 0.9110448953831172, 'recall': 0.9096748104166572}
12/21/2023 09:41:31 - INFO - __main__ - Epoch:35, Train Accuracy:0.910625, f1:0.9102580706656216

Epoch: [35][0/63]	
12/21/2023 09:41:49 - INFO - utils.common - 计算 f1 score ing...
12/21/2023 09:41:49 - INFO - utils.common - F1score = 0.9525459545018617
12/21/2023 09:41:49 - INFO - utils.common - 计算 accuracy ing...
12/21/2023 09:41:49 - INFO - utils.common - acc = 0.9529
12/21/2023 09:41:49 - INFO - utils.common - 计算 precision ing...
12/21/2023 09:41:49 - INFO - utils.common - precision = 0.9540784961386366
12/21/2023 09:41:49 - INFO - utils.common - 计算 recall ing...
12/21/2023 09:41:49 - INFO - utils.common - result = {'f1score': 0.9525459545018617, 'acc': 0.9529, 'precision': 0.9540784961386366, 'recall': 0.9515779456090713}
12/21/2023 09:41:49 - INFO - __main__ - Epoch:35, Val Accuracy:0.9529, f1:0.9525459545018617

12/21/2023 09:41:49 - INFO - __main__ - lr:0.00027135636881635457
12/21/2023 09:41:49 - INFO - __main__ - ==========Epoch:36==========
early_st 4
12/21/2023 09:42:16 - INFO - utils.common - 计算 f1 score ing...
12/21/2023 09:42:16 - INFO - utils.common - F1score = 0.9098203555762028
12/21/2023 09:42:16 - INFO - utils.common - 计算 accuracy ing...
12/21/2023 09:42:16 - INFO - utils.common - acc = 0.910625
12/21/2023 09:42:16 - INFO - utils.common - 计算 precision ing...
12/21/2023 09:42:16 - INFO - utils.common - precision = 0.9106624726014501
12/21/2023 09:42:16 - INFO - utils.common - 计算 recall ing...
12/21/2023 09:42:16 - INFO - utils.common - result = {'f1score': 0.9098203555762028, 'acc': 0.910625, 'precision': 0.9106624726014501, 'recall': 0.9094311246628644}
12/21/2023 09:42:16 - INFO - __main__ - Epoch:36, Train Accuracy:0.910625, f1:0.9098203555762028

Epoch: [36][0/63]	
12/21/2023 09:42:34 - INFO - utils.common - 计算 f1 score ing...
12/21/2023 09:42:34 - INFO - utils.common - F1score = 0.954862577347149
12/21/2023 09:42:34 - INFO - utils.common - 计算 accuracy ing...
12/21/2023 09:42:34 - INFO - utils.common - acc = 0.9553
12/21/2023 09:42:34 - INFO - utils.common - 计算 precision ing...
12/21/2023 09:42:34 - INFO - utils.common - precision = 0.9561973213912273
12/21/2023 09:42:34 - INFO - utils.common - 计算 recall ing...
12/21/2023 09:42:34 - INFO - utils.common - result = {'f1score': 0.954862577347149, 'acc': 0.9553, 'precision': 0.9561973213912273, 'recall': 0.9538220421206705}
12/21/2023 09:42:34 - INFO - __main__ - Epoch:36, Val Accuracy:0.9553, f1:0.954862577347149

12/21/2023 09:42:34 - INFO - __main__ - lr:0.0001963663688163546
12/21/2023 09:42:34 - INFO - __main__ - ==========Epoch:37==========
Save best weights
12/21/2023 09:43:01 - INFO - utils.common - 计算 f1 score ing...
12/21/2023 09:43:01 - INFO - utils.common - F1score = 0.9109463888957406
12/21/2023 09:43:01 - INFO - utils.common - 计算 accuracy ing...
12/21/2023 09:43:01 - INFO - utils.common - acc = 0.911
12/21/2023 09:43:01 - INFO - utils.common - 计算 precision ing...
12/21/2023 09:43:01 - INFO - utils.common - precision = 0.9113983054834507
12/21/2023 09:43:01 - INFO - utils.common - 计算 recall ing...
12/21/2023 09:43:01 - INFO - utils.common - result = {'f1score': 0.9109463888957406, 'acc': 0.911, 'precision': 0.9113983054834507, 'recall': 0.9106971465368942}
12/21/2023 09:43:01 - INFO - __main__ - Epoch:37, Train Accuracy:0.911, f1:0.9109463888957406

Epoch: [37][0/63]	
12/21/2023 09:43:19 - INFO - utils.common - 计算 f1 score ing...
12/21/2023 09:43:19 - INFO - utils.common - F1score = 0.9548615646540863
12/21/2023 09:43:19 - INFO - utils.common - 计算 accuracy ing...
12/21/2023 09:43:19 - INFO - utils.common - acc = 0.95525
12/21/2023 09:43:19 - INFO - utils.common - 计算 precision ing...
12/21/2023 09:43:19 - INFO - utils.common - precision = 0.9561664468601728
12/21/2023 09:43:19 - INFO - utils.common - 计算 recall ing...
12/21/2023 09:43:19 - INFO - utils.common - result = {'f1score': 0.9548615646540863, 'acc': 0.95525, 'precision': 0.9561664468601728, 'recall': 0.9539330042191884}
12/21/2023 09:43:19 - INFO - __main__ - Epoch:37, Val Accuracy:0.95525, f1:0.9548615646540863

12/21/2023 09:43:19 - INFO - __main__ - lr:0.0001036736311836454
12/21/2023 09:43:19 - INFO - __main__ - ==========Epoch:38==========
early_st 4
12/21/2023 09:43:47 - INFO - utils.common - 计算 f1 score ing...
12/21/2023 09:43:47 - INFO - utils.common - F1score = 0.9095530966344705
12/21/2023 09:43:47 - INFO - utils.common - 计算 accuracy ing...
12/21/2023 09:43:47 - INFO - utils.common - acc = 0.909625
12/21/2023 09:43:47 - INFO - utils.common - 计算 precision ing...
12/21/2023 09:43:47 - INFO - utils.common - precision = 0.9100660369056965
12/21/2023 09:43:47 - INFO - utils.common - 计算 recall ing...
12/21/2023 09:43:47 - INFO - utils.common - result = {'f1score': 0.9095530966344705, 'acc': 0.909625, 'precision': 0.9100660369056965, 'recall': 0.9092502001255883}
12/21/2023 09:43:47 - INFO - __main__ - Epoch:38, Train Accuracy:0.909625, f1:0.9095530966344705

Epoch: [38][0/63]	
12/21/2023 09:44:04 - INFO - utils.common - 计算 f1 score ing...
12/21/2023 09:44:04 - INFO - utils.common - F1score = 0.9563154849846137
12/21/2023 09:44:04 - INFO - utils.common - 计算 accuracy ing...
12/21/2023 09:44:04 - INFO - utils.common - acc = 0.9567
12/21/2023 09:44:04 - INFO - utils.common - 计算 precision ing...
12/21/2023 09:44:04 - INFO - utils.common - precision = 0.9572150853056568
12/21/2023 09:44:04 - INFO - utils.common - 计算 recall ing...
12/21/2023 09:44:04 - INFO - utils.common - result = {'f1score': 0.9563154849846137, 'acc': 0.9567, 'precision': 0.9572150853056568, 'recall': 0.9556728690390064}
12/21/2023 09:44:04 - INFO - __main__ - Epoch:38, Val Accuracy:0.9567, f1:0.9563154849846137

12/21/2023 09:44:04 - INFO - __main__ - lr:2.8683631183645395e-05
12/21/2023 09:44:04 - INFO - __main__ - ==========Epoch:39==========
Save best weights
12/21/2023 09:44:30 - INFO - utils.common - 计算 f1 score ing...
12/21/2023 09:44:30 - INFO - utils.common - F1score = 0.9129536504003966
12/21/2023 09:44:30 - INFO - utils.common - 计算 accuracy ing...
12/21/2023 09:44:30 - INFO - utils.common - acc = 0.91275
12/21/2023 09:44:30 - INFO - utils.common - 计算 precision ing...
12/21/2023 09:44:30 - INFO - utils.common - precision = 0.9134610469070535
12/21/2023 09:44:30 - INFO - utils.common - 计算 recall ing...
12/21/2023 09:44:30 - INFO - utils.common - result = {'f1score': 0.9129536504003966, 'acc': 0.91275, 'precision': 0.9134610469070535, 'recall': 0.9126313318725264}
12/21/2023 09:44:30 - INFO - __main__ - Epoch:39, Train Accuracy:0.91275, f1:0.9129536504003966

Epoch: [39][0/63]	
12/21/2023 09:44:48 - INFO - utils.common - 计算 f1 score ing...
12/21/2023 09:44:48 - INFO - utils.common - F1score = 0.9561358154828158
12/21/2023 09:44:48 - INFO - utils.common - 计算 accuracy ing...
12/21/2023 09:44:48 - INFO - utils.common - acc = 0.95665
12/21/2023 09:44:48 - INFO - utils.common - 计算 precision ing...
12/21/2023 09:44:48 - INFO - utils.common - precision = 0.9574007752538534
12/21/2023 09:44:48 - INFO - utils.common - 计算 recall ing...
12/21/2023 09:44:48 - INFO - utils.common - result = {'f1score': 0.9561358154828158, 'acc': 0.95665, 'precision': 0.9574007752538534, 'recall': 0.9551451355977224}
12/21/2023 09:44:48 - INFO - __main__ - Epoch:39, Val Accuracy:0.95665, f1:0.9561358154828158

12/21/2023 09:44:48 - INFO - __main__ - lr:0.0003
early_st 4
Test
12/21/2023 09:44:55 - INFO - utils.common - 计算 f1 score ing...
12/21/2023 09:44:55 - INFO - utils.common - F1score = 0.9069826302650045
12/21/2023 09:44:55 - INFO - utils.common - 计算 accuracy ing...
12/21/2023 09:44:55 - INFO - utils.common - acc = 0.9348189415041783
12/21/2023 09:44:55 - INFO - utils.common - 计算 precision ing...
12/21/2023 09:44:55 - INFO - utils.common - precision = 0.9168364812849565
12/21/2023 09:44:55 - INFO - utils.common - 计算 recall ing...
12/21/2023 09:44:55 - INFO - utils.common - result = {'f1score': 0.9069826302650045, 'acc': 0.9348189415041783, 'precision': 0.9168364812849565, 'recall': 0.906477276618015}
12/21/2023 09:44:55 - INFO - __main__ - test_f1:0.9069826302650045, test_acc:0.9348189415041783, test_precision:0.9168364812849565, test_recall:0.906477276618015
12/21/2023 09:44:55 - INFO - __main__ - Finish fine-turning...
