nohup: ignoring input
12/21/2023 12:37:57 - INFO - __main__ - 设置 seed 为:  4
12/21/2023 12:37:57 - INFO - __main__ - Start fine-turning...
12/21/2023 12:38:04 - INFO - __main__ - ==========Epoch:0==========
=> no checkpoint found at '
12/21/2023 12:40:17 - INFO - utils.common - 计算 f1 score ing...
12/21/2023 12:40:17 - INFO - utils.common - F1score = 0.6527725719373572
12/21/2023 12:40:17 - INFO - utils.common - 计算 accuracy ing...
12/21/2023 12:40:18 - INFO - utils.common - acc = 0.664975
12/21/2023 12:40:18 - INFO - utils.common - 计算 precision ing...
12/21/2023 12:40:18 - INFO - utils.common - precision = 0.672849846812245
12/21/2023 12:40:18 - INFO - utils.common - 计算 recall ing...
12/21/2023 12:40:18 - INFO - utils.common - result = {'f1score': 0.6527725719373572, 'acc': 0.664975, 'precision': 0.672849846812245, 'recall': 0.6532732073050378}
12/21/2023 12:40:18 - INFO - __main__ - Epoch:0, Train Accuracy:0.664975, f1:0.6527725719373572

Epoch: [0][0/313]	
Epoch: [0][100/313]	
Epoch: [0][200/313]	
Epoch: [0][300/313]	
12/21/2023 12:40:38 - INFO - utils.common - 计算 f1 score ing...
12/21/2023 12:40:38 - INFO - utils.common - F1score = 0.8904460051181131
12/21/2023 12:40:38 - INFO - utils.common - 计算 accuracy ing...
12/21/2023 12:40:38 - INFO - utils.common - acc = 0.89245
12/21/2023 12:40:38 - INFO - utils.common - 计算 precision ing...
12/21/2023 12:40:38 - INFO - utils.common - precision = 0.9011057720047138
12/21/2023 12:40:38 - INFO - utils.common - 计算 recall ing...
12/21/2023 12:40:38 - INFO - utils.common - result = {'f1score': 0.8904460051181131, 'acc': 0.89245, 'precision': 0.9011057720047138, 'recall': 0.8857313110239513}
12/21/2023 12:40:38 - INFO - __main__ - Epoch:0, Val Accuracy:0.89245, f1:0.8904460051181131

12/21/2023 12:40:38 - INFO - __main__ - lr:0.00027135636881635457
12/21/2023 12:40:38 - INFO - __main__ - ==========Epoch:1==========
Save best weights
12/21/2023 12:42:53 - INFO - utils.common - 计算 f1 score ing...
12/21/2023 12:42:53 - INFO - utils.common - F1score = 0.8449465486664831
12/21/2023 12:42:53 - INFO - utils.common - 计算 accuracy ing...
12/21/2023 12:42:53 - INFO - utils.common - acc = 0.848475
12/21/2023 12:42:53 - INFO - utils.common - 计算 precision ing...
12/21/2023 12:42:53 - INFO - utils.common - precision = 0.847257587733758
12/21/2023 12:42:53 - INFO - utils.common - 计算 recall ing...
12/21/2023 12:42:54 - INFO - utils.common - result = {'f1score': 0.8449465486664831, 'acc': 0.848475, 'precision': 0.847257587733758, 'recall': 0.8440767400065484}
12/21/2023 12:42:54 - INFO - __main__ - Epoch:1, Train Accuracy:0.848475, f1:0.8449465486664831

Epoch: [1][0/313]	
Epoch: [1][100/313]	
Epoch: [1][200/313]	
Epoch: [1][300/313]	
12/21/2023 12:43:18 - INFO - utils.common - 计算 f1 score ing...
12/21/2023 12:43:18 - INFO - utils.common - F1score = 0.9256502603892185
12/21/2023 12:43:18 - INFO - utils.common - 计算 accuracy ing...
12/21/2023 12:43:19 - INFO - utils.common - acc = 0.92645
12/21/2023 12:43:19 - INFO - utils.common - 计算 precision ing...
12/21/2023 12:43:19 - INFO - utils.common - precision = 0.9307427636814969
12/21/2023 12:43:19 - INFO - utils.common - 计算 recall ing...
12/21/2023 12:43:19 - INFO - utils.common - result = {'f1score': 0.9256502603892185, 'acc': 0.92645, 'precision': 0.9307427636814969, 'recall': 0.9223880534099097}
12/21/2023 12:43:19 - INFO - __main__ - Epoch:1, Val Accuracy:0.92645, f1:0.9256502603892185

12/21/2023 12:43:19 - INFO - __main__ - lr:0.0001963663688163546
12/21/2023 12:43:19 - INFO - __main__ - ==========Epoch:2==========
Save best weights
12/21/2023 12:45:19 - INFO - utils.common - 计算 f1 score ing...
12/21/2023 12:45:19 - INFO - utils.common - F1score = 0.872719877832086
12/21/2023 12:45:19 - INFO - utils.common - 计算 accuracy ing...
12/21/2023 12:45:20 - INFO - utils.common - acc = 0.87525
12/21/2023 12:45:20 - INFO - utils.common - 计算 precision ing...
12/21/2023 12:45:20 - INFO - utils.common - precision = 0.8739106111886124
12/21/2023 12:45:20 - INFO - utils.common - 计算 recall ing...
12/21/2023 12:45:20 - INFO - utils.common - result = {'f1score': 0.872719877832086, 'acc': 0.87525, 'precision': 0.8739106111886124, 'recall': 0.8720003587321035}
12/21/2023 12:45:20 - INFO - __main__ - Epoch:2, Train Accuracy:0.87525, f1:0.872719877832086

Epoch: [2][0/313]	
Epoch: [2][100/313]	
Epoch: [2][200/313]	
Epoch: [2][300/313]	
12/21/2023 12:45:44 - INFO - utils.common - 计算 f1 score ing...
12/21/2023 12:45:44 - INFO - utils.common - F1score = 0.9368005912765933
12/21/2023 12:45:44 - INFO - utils.common - 计算 accuracy ing...
12/21/2023 12:45:44 - INFO - utils.common - acc = 0.93725
12/21/2023 12:45:44 - INFO - utils.common - 计算 precision ing...
12/21/2023 12:45:44 - INFO - utils.common - precision = 0.9403838977288067
12/21/2023 12:45:44 - INFO - utils.common - 计算 recall ing...
12/21/2023 12:45:44 - INFO - utils.common - result = {'f1score': 0.9368005912765933, 'acc': 0.93725, 'precision': 0.9403838977288067, 'recall': 0.934241859167072}
12/21/2023 12:45:44 - INFO - __main__ - Epoch:2, Val Accuracy:0.93725, f1:0.9368005912765933

12/21/2023 12:45:44 - INFO - __main__ - lr:0.0001036736311836454
12/21/2023 12:45:44 - INFO - __main__ - ==========Epoch:3==========
Save best weights
12/21/2023 12:48:02 - INFO - utils.common - 计算 f1 score ing...
12/21/2023 12:48:02 - INFO - utils.common - F1score = 0.8869879487553075
12/21/2023 12:48:02 - INFO - utils.common - 计算 accuracy ing...
12/21/2023 12:48:02 - INFO - utils.common - acc = 0.888975
12/21/2023 12:48:02 - INFO - utils.common - 计算 precision ing...
12/21/2023 12:48:02 - INFO - utils.common - precision = 0.88795577516076
12/21/2023 12:48:02 - INFO - utils.common - 计算 recall ing...
12/21/2023 12:48:02 - INFO - utils.common - result = {'f1score': 0.8869879487553075, 'acc': 0.888975, 'precision': 0.88795577516076, 'recall': 0.8863253354873554}
12/21/2023 12:48:02 - INFO - __main__ - Epoch:3, Train Accuracy:0.888975, f1:0.8869879487553075

Epoch: [3][0/313]	
Epoch: [3][100/313]	
Epoch: [3][200/313]	
Epoch: [3][300/313]	
12/21/2023 12:48:26 - INFO - utils.common - 计算 f1 score ing...
12/21/2023 12:48:26 - INFO - utils.common - F1score = 0.9382116535422416
12/21/2023 12:48:26 - INFO - utils.common - 计算 accuracy ing...
12/21/2023 12:48:26 - INFO - utils.common - acc = 0.9388
12/21/2023 12:48:26 - INFO - utils.common - 计算 precision ing...
12/21/2023 12:48:27 - INFO - utils.common - precision = 0.9418008241666702
12/21/2023 12:48:27 - INFO - utils.common - 计算 recall ing...
12/21/2023 12:48:27 - INFO - utils.common - result = {'f1score': 0.9382116535422416, 'acc': 0.9388, 'precision': 0.9418008241666702, 'recall': 0.9357225224768551}
12/21/2023 12:48:27 - INFO - __main__ - Epoch:3, Val Accuracy:0.9388, f1:0.9382116535422416

12/21/2023 12:48:27 - INFO - __main__ - lr:2.8683631183645395e-05
12/21/2023 12:48:27 - INFO - __main__ - ==========Epoch:4==========
Save best weights
12/21/2023 12:50:32 - INFO - utils.common - 计算 f1 score ing...
12/21/2023 12:50:32 - INFO - utils.common - F1score = 0.889985033247811
12/21/2023 12:50:32 - INFO - utils.common - 计算 accuracy ing...
12/21/2023 12:50:32 - INFO - utils.common - acc = 0.891975
12/21/2023 12:50:32 - INFO - utils.common - 计算 precision ing...
12/21/2023 12:50:32 - INFO - utils.common - precision = 0.8909759313845595
12/21/2023 12:50:32 - INFO - utils.common - 计算 recall ing...
12/21/2023 12:50:32 - INFO - utils.common - result = {'f1score': 0.889985033247811, 'acc': 0.891975, 'precision': 0.8909759313845595, 'recall': 0.8894176049770732}
12/21/2023 12:50:32 - INFO - __main__ - Epoch:4, Train Accuracy:0.891975, f1:0.889985033247811

Epoch: [4][0/313]	
Epoch: [4][100/313]	
Epoch: [4][200/313]	
Epoch: [4][300/313]	
12/21/2023 12:50:55 - INFO - utils.common - 计算 f1 score ing...
12/21/2023 12:50:55 - INFO - utils.common - F1score = 0.9437119606309609
12/21/2023 12:50:55 - INFO - utils.common - 计算 accuracy ing...
12/21/2023 12:50:55 - INFO - utils.common - acc = 0.9443
12/21/2023 12:50:55 - INFO - utils.common - 计算 precision ing...
12/21/2023 12:50:55 - INFO - utils.common - precision = 0.9461557348129186
12/21/2023 12:50:55 - INFO - utils.common - 计算 recall ing...
12/21/2023 12:50:55 - INFO - utils.common - result = {'f1score': 0.9437119606309609, 'acc': 0.9443, 'precision': 0.9461557348129186, 'recall': 0.9418743829786883}
12/21/2023 12:50:55 - INFO - __main__ - Epoch:4, Val Accuracy:0.9443, f1:0.9437119606309609

12/21/2023 12:50:55 - INFO - __main__ - lr:0.0003
12/21/2023 12:50:55 - INFO - __main__ - ==========Epoch:5==========
Save best weights
12/21/2023 12:53:10 - INFO - utils.common - 计算 f1 score ing...
12/21/2023 12:53:10 - INFO - utils.common - F1score = 0.8957220189454325
12/21/2023 12:53:10 - INFO - utils.common - 计算 accuracy ing...
12/21/2023 12:53:10 - INFO - utils.common - acc = 0.897275
12/21/2023 12:53:10 - INFO - utils.common - 计算 precision ing...
12/21/2023 12:53:10 - INFO - utils.common - precision = 0.8965160570413558
12/21/2023 12:53:10 - INFO - utils.common - 计算 recall ing...
12/21/2023 12:53:11 - INFO - utils.common - result = {'f1score': 0.8957220189454325, 'acc': 0.897275, 'precision': 0.8965160570413558, 'recall': 0.8951914333650404}
12/21/2023 12:53:11 - INFO - __main__ - Epoch:5, Train Accuracy:0.897275, f1:0.8957220189454325

Epoch: [5][0/313]	
Epoch: [5][100/313]	
Epoch: [5][200/313]	
Epoch: [5][300/313]	
12/21/2023 12:53:35 - INFO - utils.common - 计算 f1 score ing...
12/21/2023 12:53:35 - INFO - utils.common - F1score = 0.9524972806625682
12/21/2023 12:53:35 - INFO - utils.common - 计算 accuracy ing...
12/21/2023 12:53:35 - INFO - utils.common - acc = 0.95295
12/21/2023 12:53:35 - INFO - utils.common - 计算 precision ing...
12/21/2023 12:53:35 - INFO - utils.common - precision = 0.9546773852741164
12/21/2023 12:53:35 - INFO - utils.common - 计算 recall ing...
12/21/2023 12:53:35 - INFO - utils.common - result = {'f1score': 0.9524972806625682, 'acc': 0.95295, 'precision': 0.9546773852741164, 'recall': 0.9506933629887447}
12/21/2023 12:53:35 - INFO - __main__ - Epoch:5, Val Accuracy:0.95295, f1:0.9524972806625682

12/21/2023 12:53:35 - INFO - __main__ - lr:0.00027135636881635457
12/21/2023 12:53:35 - INFO - __main__ - ==========Epoch:6==========
Save best weights
12/21/2023 12:55:49 - INFO - utils.common - 计算 f1 score ing...
12/21/2023 12:55:49 - INFO - utils.common - F1score = 0.9037790848750107
12/21/2023 12:55:49 - INFO - utils.common - 计算 accuracy ing...
12/21/2023 12:55:50 - INFO - utils.common - acc = 0.90535
12/21/2023 12:55:50 - INFO - utils.common - 计算 precision ing...
12/21/2023 12:55:50 - INFO - utils.common - precision = 0.9042098253853585
12/21/2023 12:55:50 - INFO - utils.common - 计算 recall ing...
12/21/2023 12:55:50 - INFO - utils.common - result = {'f1score': 0.9037790848750107, 'acc': 0.90535, 'precision': 0.9042098253853585, 'recall': 0.9034540576255731}
12/21/2023 12:55:50 - INFO - __main__ - Epoch:6, Train Accuracy:0.90535, f1:0.9037790848750107

Epoch: [6][0/313]	
Epoch: [6][100/313]	
Epoch: [6][200/313]	
Epoch: [6][300/313]	
12/21/2023 12:56:16 - INFO - utils.common - 计算 f1 score ing...
12/21/2023 12:56:16 - INFO - utils.common - F1score = 0.956104023018148
12/21/2023 12:56:16 - INFO - utils.common - 计算 accuracy ing...
12/21/2023 12:56:16 - INFO - utils.common - acc = 0.9564
12/21/2023 12:56:16 - INFO - utils.common - 计算 precision ing...
12/21/2023 12:56:17 - INFO - utils.common - precision = 0.9574671713665555
12/21/2023 12:56:17 - INFO - utils.common - 计算 recall ing...
12/21/2023 12:56:17 - INFO - utils.common - result = {'f1score': 0.956104023018148, 'acc': 0.9564, 'precision': 0.9574671713665555, 'recall': 0.9550064894099661}
12/21/2023 12:56:17 - INFO - __main__ - Epoch:6, Val Accuracy:0.9564, f1:0.956104023018148

12/21/2023 12:56:17 - INFO - __main__ - lr:0.0001963663688163546
12/21/2023 12:56:17 - INFO - __main__ - ==========Epoch:7==========
Save best weights
12/21/2023 12:58:26 - INFO - utils.common - 计算 f1 score ing...
12/21/2023 12:58:26 - INFO - utils.common - F1score = 0.9128954323744024
12/21/2023 12:58:26 - INFO - utils.common - 计算 accuracy ing...
12/21/2023 12:58:26 - INFO - utils.common - acc = 0.914225
12/21/2023 12:58:26 - INFO - utils.common - 计算 precision ing...
12/21/2023 12:58:26 - INFO - utils.common - precision = 0.9135046827836723
12/21/2023 12:58:26 - INFO - utils.common - 计算 recall ing...
12/21/2023 12:58:26 - INFO - utils.common - result = {'f1score': 0.9128954323744024, 'acc': 0.914225, 'precision': 0.9135046827836723, 'recall': 0.912427996145722}
12/21/2023 12:58:26 - INFO - __main__ - Epoch:7, Train Accuracy:0.914225, f1:0.9128954323744024

Epoch: [7][0/313]	
Epoch: [7][100/313]	
Epoch: [7][200/313]	
Epoch: [7][300/313]	
12/21/2023 12:58:45 - INFO - utils.common - 计算 f1 score ing...
12/21/2023 12:58:45 - INFO - utils.common - F1score = 0.9573745184810775
12/21/2023 12:58:45 - INFO - utils.common - 计算 accuracy ing...
12/21/2023 12:58:45 - INFO - utils.common - acc = 0.9577
12/21/2023 12:58:45 - INFO - utils.common - 计算 precision ing...
12/21/2023 12:58:45 - INFO - utils.common - precision = 0.9590055063382975
12/21/2023 12:58:45 - INFO - utils.common - 计算 recall ing...
12/21/2023 12:58:45 - INFO - utils.common - result = {'f1score': 0.9573745184810775, 'acc': 0.9577, 'precision': 0.9590055063382975, 'recall': 0.9561238592781989}
12/21/2023 12:58:45 - INFO - __main__ - Epoch:7, Val Accuracy:0.9577, f1:0.9573745184810775

12/21/2023 12:58:45 - INFO - __main__ - lr:0.0001036736311836454
12/21/2023 12:58:45 - INFO - __main__ - ==========Epoch:8==========
Save best weights
12/21/2023 13:01:00 - INFO - utils.common - 计算 f1 score ing...
12/21/2023 13:01:01 - INFO - utils.common - F1score = 0.914640865787836
12/21/2023 13:01:01 - INFO - utils.common - 计算 accuracy ing...
12/21/2023 13:01:01 - INFO - utils.common - acc = 0.915975
12/21/2023 13:01:01 - INFO - utils.common - 计算 precision ing...
12/21/2023 13:01:01 - INFO - utils.common - precision = 0.9154656681896357
12/21/2023 13:01:01 - INFO - utils.common - 计算 recall ing...
12/21/2023 13:01:01 - INFO - utils.common - result = {'f1score': 0.914640865787836, 'acc': 0.915975, 'precision': 0.9154656681896357, 'recall': 0.9140040040466418}
12/21/2023 13:01:01 - INFO - __main__ - Epoch:8, Train Accuracy:0.915975, f1:0.914640865787836

Epoch: [8][0/313]	
Epoch: [8][100/313]	
Epoch: [8][200/313]	
Epoch: [8][300/313]	
12/21/2023 13:01:21 - INFO - utils.common - 计算 f1 score ing...
12/21/2023 13:01:21 - INFO - utils.common - F1score = 0.9601155747557752
12/21/2023 13:01:21 - INFO - utils.common - 计算 accuracy ing...
12/21/2023 13:01:21 - INFO - utils.common - acc = 0.96025
12/21/2023 13:01:21 - INFO - utils.common - 计算 precision ing...
12/21/2023 13:01:21 - INFO - utils.common - precision = 0.9612859738067966
12/21/2023 13:01:21 - INFO - utils.common - 计算 recall ing...
12/21/2023 13:01:21 - INFO - utils.common - result = {'f1score': 0.9601155747557752, 'acc': 0.96025, 'precision': 0.9612859738067966, 'recall': 0.9592452275080282}
12/21/2023 13:01:21 - INFO - __main__ - Epoch:8, Val Accuracy:0.96025, f1:0.9601155747557752

12/21/2023 13:01:21 - INFO - __main__ - lr:2.8683631183645395e-05
12/21/2023 13:01:21 - INFO - __main__ - ==========Epoch:9==========
Save best weights
12/21/2023 13:03:20 - INFO - utils.common - 计算 f1 score ing...
12/21/2023 13:03:20 - INFO - utils.common - F1score = 0.9147562995320633
12/21/2023 13:03:20 - INFO - utils.common - 计算 accuracy ing...
12/21/2023 13:03:20 - INFO - utils.common - acc = 0.91625
12/21/2023 13:03:20 - INFO - utils.common - 计算 precision ing...
12/21/2023 13:03:20 - INFO - utils.common - precision = 0.9151218979448645
12/21/2023 13:03:20 - INFO - utils.common - 计算 recall ing...
12/21/2023 13:03:20 - INFO - utils.common - result = {'f1score': 0.9147562995320633, 'acc': 0.91625, 'precision': 0.9151218979448645, 'recall': 0.9144722398359563}
12/21/2023 13:03:20 - INFO - __main__ - Epoch:9, Train Accuracy:0.91625, f1:0.9147562995320633

Epoch: [9][0/313]	
Epoch: [9][100/313]	
Epoch: [9][200/313]	
Epoch: [9][300/313]	
12/21/2023 13:03:41 - INFO - utils.common - 计算 f1 score ing...
12/21/2023 13:03:41 - INFO - utils.common - F1score = 0.9598412029149243
12/21/2023 13:03:41 - INFO - utils.common - 计算 accuracy ing...
12/21/2023 13:03:41 - INFO - utils.common - acc = 0.9601
12/21/2023 13:03:41 - INFO - utils.common - 计算 precision ing...
12/21/2023 13:03:41 - INFO - utils.common - precision = 0.9614346539111156
12/21/2023 13:03:41 - INFO - utils.common - 计算 recall ing...
12/21/2023 13:03:41 - INFO - utils.common - result = {'f1score': 0.9598412029149243, 'acc': 0.9601, 'precision': 0.9614346539111156, 'recall': 0.9585646164181618}
12/21/2023 13:03:41 - INFO - __main__ - Epoch:9, Val Accuracy:0.9601, f1:0.9598412029149243

12/21/2023 13:03:41 - INFO - __main__ - lr:0.0003
early_st 4
Test
12/21/2023 13:03:49 - INFO - utils.common - 计算 f1 score ing...
12/21/2023 13:03:49 - INFO - utils.common - F1score = 0.9150051367834288
12/21/2023 13:03:49 - INFO - utils.common - 计算 accuracy ing...
12/21/2023 13:03:50 - INFO - utils.common - acc = 0.9394150417827298
12/21/2023 13:03:50 - INFO - utils.common - 计算 precision ing...
12/21/2023 13:03:50 - INFO - utils.common - precision = 0.9209110283176533
12/21/2023 13:03:50 - INFO - utils.common - 计算 recall ing...
12/21/2023 13:03:50 - INFO - utils.common - result = {'f1score': 0.9150051367834288, 'acc': 0.9394150417827298, 'precision': 0.9209110283176533, 'recall': 0.9140758603229534}
12/21/2023 13:03:50 - INFO - __main__ - test_f1:0.9150051367834288, test_acc:0.9394150417827298, test_precision:0.9209110283176533, test_recall:0.9140758603229534
12/21/2023 13:03:50 - INFO - __main__ - Finish fine-turning...
