nohup: ignoring input
12/21/2023 08:51:52 - INFO - __main__ - 设置 seed 为:  1
12/21/2023 08:51:52 - INFO - __main__ - Start fine-turning...
12/21/2023 08:51:58 - INFO - __main__ - ==========Epoch:0==========
=> no checkpoint found at '
12/21/2023 08:52:05 - INFO - utils.common - 计算 f1 score ing...
12/21/2023 08:52:05 - INFO - utils.common - F1score = 0.07664366102229193
12/21/2023 08:52:05 - INFO - utils.common - 计算 accuracy ing...
12/21/2023 08:52:05 - INFO - utils.common - acc = 0.11875
12/21/2023 08:52:05 - INFO - utils.common - 计算 precision ing...
12/21/2023 08:52:05 - INFO - utils.common - precision = 0.07727934526291107
12/21/2023 08:52:05 - INFO - utils.common - 计算 recall ing...
12/21/2023 08:52:05 - INFO - utils.common - result = {'f1score': 0.07664366102229193, 'acc': 0.11875, 'precision': 0.07727934526291107, 'recall': 0.12567721386329148}
12/21/2023 08:52:05 - INFO - __main__ - Epoch:0, Train Accuracy:0.11875, f1:0.07664366102229193

Epoch: [0][0/7]	
12/21/2023 08:52:25 - INFO - utils.common - 计算 f1 score ing...
12/21/2023 08:52:25 - INFO - utils.common - F1score = 0.13012165942073606
12/21/2023 08:52:25 - INFO - utils.common - 计算 accuracy ing...
12/21/2023 08:52:25 - INFO - utils.common - acc = 0.16685
12/21/2023 08:52:25 - INFO - utils.common - 计算 precision ing...
12/21/2023 08:52:26 - INFO - utils.common - precision = 0.14746141099477467
12/21/2023 08:52:26 - INFO - utils.common - 计算 recall ing...
12/21/2023 08:52:26 - INFO - utils.common - result = {'f1score': 0.13012165942073606, 'acc': 0.16685, 'precision': 0.14746141099477467, 'recall': 0.1692533807164125}
12/21/2023 08:52:26 - INFO - __main__ - Epoch:0, Val Accuracy:0.16685, f1:0.13012165942073606

12/21/2023 08:52:26 - INFO - __main__ - lr:0.00027135636881635457
12/21/2023 08:52:26 - INFO - __main__ - ==========Epoch:1==========
Save best weights
12/21/2023 08:52:31 - INFO - utils.common - 计算 f1 score ing...
12/21/2023 08:52:31 - INFO - utils.common - F1score = 0.13230330889319877
12/21/2023 08:52:31 - INFO - utils.common - 计算 accuracy ing...
12/21/2023 08:52:31 - INFO - utils.common - acc = 0.15125
12/21/2023 08:52:31 - INFO - utils.common - 计算 precision ing...
12/21/2023 08:52:31 - INFO - utils.common - precision = 0.13484302853501837
12/21/2023 08:52:31 - INFO - utils.common - 计算 recall ing...
12/21/2023 08:52:31 - INFO - utils.common - result = {'f1score': 0.13230330889319877, 'acc': 0.15125, 'precision': 0.13484302853501837, 'recall': 0.1545057403252087}
12/21/2023 08:52:31 - INFO - __main__ - Epoch:1, Train Accuracy:0.15125, f1:0.13230330889319877

Epoch: [1][0/7]	
12/21/2023 08:52:49 - INFO - utils.common - 计算 f1 score ing...
12/21/2023 08:52:49 - INFO - utils.common - F1score = 0.185651580405036
12/21/2023 08:52:49 - INFO - utils.common - 计算 accuracy ing...
12/21/2023 08:52:49 - INFO - utils.common - acc = 0.22895
12/21/2023 08:52:49 - INFO - utils.common - 计算 precision ing...
12/21/2023 08:52:49 - INFO - utils.common - precision = 0.2228291280138028
12/21/2023 08:52:49 - INFO - utils.common - 计算 recall ing...
12/21/2023 08:52:49 - INFO - utils.common - result = {'f1score': 0.185651580405036, 'acc': 0.22895, 'precision': 0.2228291280138028, 'recall': 0.21429088410960928}
12/21/2023 08:52:49 - INFO - __main__ - Epoch:1, Val Accuracy:0.22895, f1:0.185651580405036

12/21/2023 08:52:49 - INFO - __main__ - lr:0.0001963663688163546
12/21/2023 08:52:49 - INFO - __main__ - ==========Epoch:2==========
Save best weights
12/21/2023 08:52:55 - INFO - utils.common - 计算 f1 score ing...
12/21/2023 08:52:55 - INFO - utils.common - F1score = 0.2172266036650774
12/21/2023 08:52:55 - INFO - utils.common - 计算 accuracy ing...
12/21/2023 08:52:55 - INFO - utils.common - acc = 0.2325
12/21/2023 08:52:55 - INFO - utils.common - 计算 precision ing...
12/21/2023 08:52:55 - INFO - utils.common - precision = 0.22692462328460936
12/21/2023 08:52:55 - INFO - utils.common - 计算 recall ing...
12/21/2023 08:52:55 - INFO - utils.common - result = {'f1score': 0.2172266036650774, 'acc': 0.2325, 'precision': 0.22692462328460936, 'recall': 0.220094512272749}
12/21/2023 08:52:55 - INFO - __main__ - Epoch:2, Train Accuracy:0.2325, f1:0.2172266036650774

Epoch: [2][0/7]	
12/21/2023 08:53:13 - INFO - utils.common - 计算 f1 score ing...
12/21/2023 08:53:13 - INFO - utils.common - F1score = 0.22168086859148278
12/21/2023 08:53:13 - INFO - utils.common - 计算 accuracy ing...
12/21/2023 08:53:14 - INFO - utils.common - acc = 0.2709
12/21/2023 08:53:14 - INFO - utils.common - 计算 precision ing...
12/21/2023 08:53:14 - INFO - utils.common - precision = 0.3019502616356552
12/21/2023 08:53:14 - INFO - utils.common - 计算 recall ing...
12/21/2023 08:53:14 - INFO - utils.common - result = {'f1score': 0.22168086859148278, 'acc': 0.2709, 'precision': 0.3019502616356552, 'recall': 0.24688609411401088}
12/21/2023 08:53:14 - INFO - __main__ - Epoch:2, Val Accuracy:0.2709, f1:0.22168086859148278

12/21/2023 08:53:14 - INFO - __main__ - lr:0.0001036736311836454
12/21/2023 08:53:14 - INFO - __main__ - ==========Epoch:3==========
Save best weights
12/21/2023 08:53:19 - INFO - utils.common - 计算 f1 score ing...
12/21/2023 08:53:19 - INFO - utils.common - F1score = 0.25584062949031106
12/21/2023 08:53:19 - INFO - utils.common - 计算 accuracy ing...
12/21/2023 08:53:19 - INFO - utils.common - acc = 0.2775
12/21/2023 08:53:19 - INFO - utils.common - 计算 precision ing...
12/21/2023 08:53:19 - INFO - utils.common - precision = 0.288459540203843
12/21/2023 08:53:19 - INFO - utils.common - 计算 recall ing...
12/21/2023 08:53:19 - INFO - utils.common - result = {'f1score': 0.25584062949031106, 'acc': 0.2775, 'precision': 0.288459540203843, 'recall': 0.2559551511454361}
12/21/2023 08:53:19 - INFO - __main__ - Epoch:3, Train Accuracy:0.2775, f1:0.25584062949031106

Epoch: [3][0/7]	
12/21/2023 08:53:38 - INFO - utils.common - 计算 f1 score ing...
12/21/2023 08:53:38 - INFO - utils.common - F1score = 0.23595798104378643
12/21/2023 08:53:38 - INFO - utils.common - 计算 accuracy ing...
12/21/2023 08:53:39 - INFO - utils.common - acc = 0.2885
12/21/2023 08:53:39 - INFO - utils.common - 计算 precision ing...
12/21/2023 08:53:39 - INFO - utils.common - precision = 0.34952780489882923
12/21/2023 08:53:39 - INFO - utils.common - 计算 recall ing...
12/21/2023 08:53:39 - INFO - utils.common - result = {'f1score': 0.23595798104378643, 'acc': 0.2885, 'precision': 0.34952780489882923, 'recall': 0.26140530960944375}
12/21/2023 08:53:39 - INFO - __main__ - Epoch:3, Val Accuracy:0.2885, f1:0.23595798104378643

12/21/2023 08:53:39 - INFO - __main__ - lr:2.8683631183645395e-05
12/21/2023 08:53:39 - INFO - __main__ - ==========Epoch:4==========
Save best weights
12/21/2023 08:53:45 - INFO - utils.common - 计算 f1 score ing...
12/21/2023 08:53:45 - INFO - utils.common - F1score = 0.2856268383479061
12/21/2023 08:53:45 - INFO - utils.common - 计算 accuracy ing...
12/21/2023 08:53:45 - INFO - utils.common - acc = 0.305
12/21/2023 08:53:45 - INFO - utils.common - 计算 precision ing...
12/21/2023 08:53:45 - INFO - utils.common - precision = 0.3268305684461711
12/21/2023 08:53:45 - INFO - utils.common - 计算 recall ing...
12/21/2023 08:53:45 - INFO - utils.common - result = {'f1score': 0.2856268383479061, 'acc': 0.305, 'precision': 0.3268305684461711, 'recall': 0.28177432554464493}
12/21/2023 08:53:45 - INFO - __main__ - Epoch:4, Train Accuracy:0.305, f1:0.2856268383479061

Epoch: [4][0/7]	
12/21/2023 08:54:04 - INFO - utils.common - 计算 f1 score ing...
12/21/2023 08:54:04 - INFO - utils.common - F1score = 0.24960613182516544
12/21/2023 08:54:04 - INFO - utils.common - 计算 accuracy ing...
12/21/2023 08:54:04 - INFO - utils.common - acc = 0.3005
12/21/2023 08:54:04 - INFO - utils.common - 计算 precision ing...
12/21/2023 08:54:04 - INFO - utils.common - precision = 0.35548109171867615
12/21/2023 08:54:04 - INFO - utils.common - 计算 recall ing...
12/21/2023 08:54:04 - INFO - utils.common - result = {'f1score': 0.24960613182516544, 'acc': 0.3005, 'precision': 0.35548109171867615, 'recall': 0.2741380779390487}
12/21/2023 08:54:04 - INFO - __main__ - Epoch:4, Val Accuracy:0.3005, f1:0.24960613182516544

12/21/2023 08:54:04 - INFO - __main__ - lr:0.0003
12/21/2023 08:54:04 - INFO - __main__ - ==========Epoch:5==========
Save best weights
12/21/2023 08:54:11 - INFO - utils.common - 计算 f1 score ing...
12/21/2023 08:54:11 - INFO - utils.common - F1score = 0.2992985117070705
12/21/2023 08:54:11 - INFO - utils.common - 计算 accuracy ing...
12/21/2023 08:54:11 - INFO - utils.common - acc = 0.34
12/21/2023 08:54:11 - INFO - utils.common - 计算 precision ing...
12/21/2023 08:54:11 - INFO - utils.common - precision = 0.3499230814549898
12/21/2023 08:54:11 - INFO - utils.common - 计算 recall ing...
12/21/2023 08:54:11 - INFO - utils.common - result = {'f1score': 0.2992985117070705, 'acc': 0.34, 'precision': 0.3499230814549898, 'recall': 0.30866432988731707}
12/21/2023 08:54:11 - INFO - __main__ - Epoch:5, Train Accuracy:0.34, f1:0.2992985117070705

Epoch: [5][0/7]	
12/21/2023 08:54:31 - INFO - utils.common - 计算 f1 score ing...
12/21/2023 08:54:31 - INFO - utils.common - F1score = 0.33232821742225
12/21/2023 08:54:31 - INFO - utils.common - 计算 accuracy ing...
12/21/2023 08:54:31 - INFO - utils.common - acc = 0.3833
12/21/2023 08:54:31 - INFO - utils.common - 计算 precision ing...
12/21/2023 08:54:31 - INFO - utils.common - precision = 0.461841435962199
12/21/2023 08:54:31 - INFO - utils.common - 计算 recall ing...
12/21/2023 08:54:31 - INFO - utils.common - result = {'f1score': 0.33232821742225, 'acc': 0.3833, 'precision': 0.461841435962199, 'recall': 0.3558951826327521}
12/21/2023 08:54:31 - INFO - __main__ - Epoch:5, Val Accuracy:0.3833, f1:0.33232821742225

12/21/2023 08:54:31 - INFO - __main__ - lr:0.00027135636881635457
12/21/2023 08:54:31 - INFO - __main__ - ==========Epoch:6==========
Save best weights
12/21/2023 08:54:38 - INFO - utils.common - 计算 f1 score ing...
12/21/2023 08:54:38 - INFO - utils.common - F1score = 0.3625007030897106
12/21/2023 08:54:38 - INFO - utils.common - 计算 accuracy ing...
12/21/2023 08:54:38 - INFO - utils.common - acc = 0.41
12/21/2023 08:54:38 - INFO - utils.common - 计算 precision ing...
12/21/2023 08:54:38 - INFO - utils.common - precision = 0.37502086791909783
12/21/2023 08:54:38 - INFO - utils.common - 计算 recall ing...
12/21/2023 08:54:38 - INFO - utils.common - result = {'f1score': 0.3625007030897106, 'acc': 0.41, 'precision': 0.37502086791909783, 'recall': 0.38234481573552137}
12/21/2023 08:54:38 - INFO - __main__ - Epoch:6, Train Accuracy:0.41, f1:0.3625007030897106

Epoch: [6][0/7]	
12/21/2023 08:54:57 - INFO - utils.common - 计算 f1 score ing...
12/21/2023 08:54:57 - INFO - utils.common - F1score = 0.3862771327013163
12/21/2023 08:54:57 - INFO - utils.common - 计算 accuracy ing...
12/21/2023 08:54:57 - INFO - utils.common - acc = 0.43825
12/21/2023 08:54:57 - INFO - utils.common - 计算 precision ing...
12/21/2023 08:54:57 - INFO - utils.common - precision = 0.5209180852999808
12/21/2023 08:54:57 - INFO - utils.common - 计算 recall ing...
12/21/2023 08:54:57 - INFO - utils.common - result = {'f1score': 0.3862771327013163, 'acc': 0.43825, 'precision': 0.5209180852999808, 'recall': 0.40964792727007465}
12/21/2023 08:54:57 - INFO - __main__ - Epoch:6, Val Accuracy:0.43825, f1:0.3862771327013163

12/21/2023 08:54:57 - INFO - __main__ - lr:0.0001963663688163546
12/21/2023 08:54:57 - INFO - __main__ - ==========Epoch:7==========
Save best weights
12/21/2023 08:55:03 - INFO - utils.common - 计算 f1 score ing...
12/21/2023 08:55:03 - INFO - utils.common - F1score = 0.43455016130477386
12/21/2023 08:55:03 - INFO - utils.common - 计算 accuracy ing...
12/21/2023 08:55:03 - INFO - utils.common - acc = 0.4875
12/21/2023 08:55:03 - INFO - utils.common - 计算 precision ing...
12/21/2023 08:55:03 - INFO - utils.common - precision = 0.4780053780430424
12/21/2023 08:55:03 - INFO - utils.common - 计算 recall ing...
12/21/2023 08:55:03 - INFO - utils.common - result = {'f1score': 0.43455016130477386, 'acc': 0.4875, 'precision': 0.4780053780430424, 'recall': 0.4569382920788543}
12/21/2023 08:55:03 - INFO - __main__ - Epoch:7, Train Accuracy:0.4875, f1:0.43455016130477386

Epoch: [7][0/7]	
12/21/2023 08:55:23 - INFO - utils.common - 计算 f1 score ing...
12/21/2023 08:55:23 - INFO - utils.common - F1score = 0.42963373621156253
12/21/2023 08:55:23 - INFO - utils.common - 计算 accuracy ing...
12/21/2023 08:55:23 - INFO - utils.common - acc = 0.48435
12/21/2023 08:55:23 - INFO - utils.common - 计算 precision ing...
12/21/2023 08:55:23 - INFO - utils.common - precision = 0.5660946406406414
12/21/2023 08:55:23 - INFO - utils.common - 计算 recall ing...
12/21/2023 08:55:23 - INFO - utils.common - result = {'f1score': 0.42963373621156253, 'acc': 0.48435, 'precision': 0.5660946406406414, 'recall': 0.4542513799835262}
12/21/2023 08:55:23 - INFO - __main__ - Epoch:7, Val Accuracy:0.48435, f1:0.42963373621156253

12/21/2023 08:55:23 - INFO - __main__ - lr:0.0001036736311836454
12/21/2023 08:55:23 - INFO - __main__ - ==========Epoch:8==========
Save best weights
12/21/2023 08:55:30 - INFO - utils.common - 计算 f1 score ing...
12/21/2023 08:55:30 - INFO - utils.common - F1score = 0.4319903580008839
12/21/2023 08:55:30 - INFO - utils.common - 计算 accuracy ing...
12/21/2023 08:55:30 - INFO - utils.common - acc = 0.4825
12/21/2023 08:55:30 - INFO - utils.common - 计算 precision ing...
12/21/2023 08:55:30 - INFO - utils.common - precision = 0.48236808453088514
12/21/2023 08:55:30 - INFO - utils.common - 计算 recall ing...
12/21/2023 08:55:30 - INFO - utils.common - result = {'f1score': 0.4319903580008839, 'acc': 0.4825, 'precision': 0.48236808453088514, 'recall': 0.45431555159992715}
12/21/2023 08:55:30 - INFO - __main__ - Epoch:8, Train Accuracy:0.4825, f1:0.4319903580008839

Epoch: [8][0/7]	
12/21/2023 08:55:49 - INFO - utils.common - 计算 f1 score ing...
12/21/2023 08:55:49 - INFO - utils.common - F1score = 0.44244613138684574
12/21/2023 08:55:49 - INFO - utils.common - 计算 accuracy ing...
12/21/2023 08:55:49 - INFO - utils.common - acc = 0.49795
12/21/2023 08:55:49 - INFO - utils.common - 计算 precision ing...
12/21/2023 08:55:49 - INFO - utils.common - precision = 0.5807752433493142
12/21/2023 08:55:49 - INFO - utils.common - 计算 recall ing...
12/21/2023 08:55:49 - INFO - utils.common - result = {'f1score': 0.44244613138684574, 'acc': 0.49795, 'precision': 0.5807752433493142, 'recall': 0.46762845035749934}
12/21/2023 08:55:49 - INFO - __main__ - Epoch:8, Val Accuracy:0.49795, f1:0.44244613138684574

12/21/2023 08:55:49 - INFO - __main__ - lr:2.8683631183645395e-05
12/21/2023 08:55:49 - INFO - __main__ - ==========Epoch:9==========
Save best weights
12/21/2023 08:55:56 - INFO - utils.common - 计算 f1 score ing...
12/21/2023 08:55:56 - INFO - utils.common - F1score = 0.43586348078782866
12/21/2023 08:55:56 - INFO - utils.common - 计算 accuracy ing...
12/21/2023 08:55:56 - INFO - utils.common - acc = 0.49625
12/21/2023 08:55:56 - INFO - utils.common - 计算 precision ing...
12/21/2023 08:55:56 - INFO - utils.common - precision = 0.5058468395143584
12/21/2023 08:55:56 - INFO - utils.common - 计算 recall ing...
12/21/2023 08:55:56 - INFO - utils.common - result = {'f1score': 0.43586348078782866, 'acc': 0.49625, 'precision': 0.5058468395143584, 'recall': 0.4646303342182095}
12/21/2023 08:55:56 - INFO - __main__ - Epoch:9, Train Accuracy:0.49625, f1:0.43586348078782866

Epoch: [9][0/7]	
12/21/2023 08:56:15 - INFO - utils.common - 计算 f1 score ing...
12/21/2023 08:56:15 - INFO - utils.common - F1score = 0.4505320581259644
12/21/2023 08:56:15 - INFO - utils.common - 计算 accuracy ing...
12/21/2023 08:56:15 - INFO - utils.common - acc = 0.50475
12/21/2023 08:56:15 - INFO - utils.common - 计算 precision ing...
12/21/2023 08:56:15 - INFO - utils.common - precision = 0.5952283506072429
12/21/2023 08:56:15 - INFO - utils.common - 计算 recall ing...
12/21/2023 08:56:15 - INFO - utils.common - result = {'f1score': 0.4505320581259644, 'acc': 0.50475, 'precision': 0.5952283506072429, 'recall': 0.4745725159512468}
12/21/2023 08:56:15 - INFO - __main__ - Epoch:9, Val Accuracy:0.50475, f1:0.4505320581259644

12/21/2023 08:56:15 - INFO - __main__ - lr:0.0003
12/21/2023 08:56:15 - INFO - __main__ - ==========Epoch:10==========
Save best weights
12/21/2023 08:56:22 - INFO - utils.common - 计算 f1 score ing...
12/21/2023 08:56:22 - INFO - utils.common - F1score = 0.4528548849773589
12/21/2023 08:56:22 - INFO - utils.common - 计算 accuracy ing...
12/21/2023 08:56:22 - INFO - utils.common - acc = 0.52
12/21/2023 08:56:22 - INFO - utils.common - 计算 precision ing...
12/21/2023 08:56:22 - INFO - utils.common - precision = 0.4501927482509418
12/21/2023 08:56:22 - INFO - utils.common - 计算 recall ing...
12/21/2023 08:56:22 - INFO - utils.common - result = {'f1score': 0.4528548849773589, 'acc': 0.52, 'precision': 0.4501927482509418, 'recall': 0.4851529395849533}
12/21/2023 08:56:22 - INFO - __main__ - Epoch:10, Train Accuracy:0.52, f1:0.4528548849773589

Epoch: [10][0/7]	
12/21/2023 08:56:41 - INFO - utils.common - 计算 f1 score ing...
12/21/2023 08:56:41 - INFO - utils.common - F1score = 0.49131722578443615
12/21/2023 08:56:41 - INFO - utils.common - 计算 accuracy ing...
12/21/2023 08:56:41 - INFO - utils.common - acc = 0.5372
12/21/2023 08:56:41 - INFO - utils.common - 计算 precision ing...
12/21/2023 08:56:41 - INFO - utils.common - precision = 0.6500739869974754
12/21/2023 08:56:41 - INFO - utils.common - 计算 recall ing...
12/21/2023 08:56:41 - INFO - utils.common - result = {'f1score': 0.49131722578443615, 'acc': 0.5372, 'precision': 0.6500739869974754, 'recall': 0.5088131137709198}
12/21/2023 08:56:41 - INFO - __main__ - Epoch:10, Val Accuracy:0.5372, f1:0.49131722578443615

12/21/2023 08:56:41 - INFO - __main__ - lr:0.00027135636881635457
12/21/2023 08:56:41 - INFO - __main__ - ==========Epoch:11==========
Save best weights
12/21/2023 08:56:46 - INFO - utils.common - 计算 f1 score ing...
12/21/2023 08:56:46 - INFO - utils.common - F1score = 0.5078017343549159
12/21/2023 08:56:46 - INFO - utils.common - 计算 accuracy ing...
12/21/2023 08:56:46 - INFO - utils.common - acc = 0.555
12/21/2023 08:56:46 - INFO - utils.common - 计算 precision ing...
12/21/2023 08:56:46 - INFO - utils.common - precision = 0.5524840244821526
12/21/2023 08:56:46 - INFO - utils.common - 计算 recall ing...
12/21/2023 08:56:46 - INFO - utils.common - result = {'f1score': 0.5078017343549159, 'acc': 0.555, 'precision': 0.5524840244821526, 'recall': 0.5276387555599642}
12/21/2023 08:56:46 - INFO - __main__ - Epoch:11, Train Accuracy:0.555, f1:0.5078017343549159

Epoch: [11][0/7]	
12/21/2023 08:57:05 - INFO - utils.common - 计算 f1 score ing...
12/21/2023 08:57:05 - INFO - utils.common - F1score = 0.5358369895124357
12/21/2023 08:57:05 - INFO - utils.common - 计算 accuracy ing...
12/21/2023 08:57:05 - INFO - utils.common - acc = 0.57895
12/21/2023 08:57:05 - INFO - utils.common - 计算 precision ing...
12/21/2023 08:57:05 - INFO - utils.common - precision = 0.6709372053889867
12/21/2023 08:57:05 - INFO - utils.common - 计算 recall ing...
12/21/2023 08:57:05 - INFO - utils.common - result = {'f1score': 0.5358369895124357, 'acc': 0.57895, 'precision': 0.6709372053889867, 'recall': 0.5531021895912905}
12/21/2023 08:57:05 - INFO - __main__ - Epoch:11, Val Accuracy:0.57895, f1:0.5358369895124357

12/21/2023 08:57:05 - INFO - __main__ - lr:0.0001963663688163546
12/21/2023 08:57:05 - INFO - __main__ - ==========Epoch:12==========
Save best weights
12/21/2023 08:57:12 - INFO - utils.common - 计算 f1 score ing...
12/21/2023 08:57:12 - INFO - utils.common - F1score = 0.5233334986645093
12/21/2023 08:57:12 - INFO - utils.common - 计算 accuracy ing...
12/21/2023 08:57:12 - INFO - utils.common - acc = 0.5825
12/21/2023 08:57:12 - INFO - utils.common - 计算 precision ing...
12/21/2023 08:57:12 - INFO - utils.common - precision = 0.547701849255052
12/21/2023 08:57:12 - INFO - utils.common - 计算 recall ing...
12/21/2023 08:57:12 - INFO - utils.common - result = {'f1score': 0.5233334986645093, 'acc': 0.5825, 'precision': 0.547701849255052, 'recall': 0.5536462671335496}
12/21/2023 08:57:12 - INFO - __main__ - Epoch:12, Train Accuracy:0.5825, f1:0.5233334986645093

Epoch: [12][0/7]	
12/21/2023 08:57:32 - INFO - utils.common - 计算 f1 score ing...
12/21/2023 08:57:32 - INFO - utils.common - F1score = 0.5618052830815948
12/21/2023 08:57:32 - INFO - utils.common - 计算 accuracy ing...
12/21/2023 08:57:32 - INFO - utils.common - acc = 0.603
12/21/2023 08:57:32 - INFO - utils.common - 计算 precision ing...
12/21/2023 08:57:32 - INFO - utils.common - precision = 0.6860969804876014
12/21/2023 08:57:32 - INFO - utils.common - 计算 recall ing...
12/21/2023 08:57:32 - INFO - utils.common - result = {'f1score': 0.5618052830815948, 'acc': 0.603, 'precision': 0.6860969804876014, 'recall': 0.5783111605216334}
12/21/2023 08:57:32 - INFO - __main__ - Epoch:12, Val Accuracy:0.603, f1:0.5618052830815948

12/21/2023 08:57:32 - INFO - __main__ - lr:0.0001036736311836454
12/21/2023 08:57:32 - INFO - __main__ - ==========Epoch:13==========
Save best weights
12/21/2023 08:57:38 - INFO - utils.common - 计算 f1 score ing...
12/21/2023 08:57:38 - INFO - utils.common - F1score = 0.5016999688523428
12/21/2023 08:57:38 - INFO - utils.common - 计算 accuracy ing...
12/21/2023 08:57:38 - INFO - utils.common - acc = 0.56
12/21/2023 08:57:38 - INFO - utils.common - 计算 precision ing...
12/21/2023 08:57:38 - INFO - utils.common - precision = 0.519380008938191
12/21/2023 08:57:38 - INFO - utils.common - 计算 recall ing...
12/21/2023 08:57:38 - INFO - utils.common - result = {'f1score': 0.5016999688523428, 'acc': 0.56, 'precision': 0.519380008938191, 'recall': 0.5299113668065666}
12/21/2023 08:57:38 - INFO - __main__ - Epoch:13, Train Accuracy:0.56, f1:0.5016999688523428

Epoch: [13][0/7]	
12/21/2023 08:57:58 - INFO - utils.common - 计算 f1 score ing...
12/21/2023 08:57:58 - INFO - utils.common - F1score = 0.5680312866330912
12/21/2023 08:57:58 - INFO - utils.common - 计算 accuracy ing...
12/21/2023 08:57:58 - INFO - utils.common - acc = 0.6105
12/21/2023 08:57:58 - INFO - utils.common - 计算 precision ing...
12/21/2023 08:57:58 - INFO - utils.common - precision = 0.6986077741828924
12/21/2023 08:57:58 - INFO - utils.common - 计算 recall ing...
12/21/2023 08:57:58 - INFO - utils.common - result = {'f1score': 0.5680312866330912, 'acc': 0.6105, 'precision': 0.6986077741828924, 'recall': 0.5848745227967811}
12/21/2023 08:57:58 - INFO - __main__ - Epoch:13, Val Accuracy:0.6105, f1:0.5680312866330912

12/21/2023 08:57:58 - INFO - __main__ - lr:2.8683631183645395e-05
12/21/2023 08:57:58 - INFO - __main__ - ==========Epoch:14==========
Save best weights
12/21/2023 08:58:04 - INFO - utils.common - 计算 f1 score ing...
12/21/2023 08:58:04 - INFO - utils.common - F1score = 0.5173337101223439
12/21/2023 08:58:04 - INFO - utils.common - 计算 accuracy ing...
12/21/2023 08:58:04 - INFO - utils.common - acc = 0.58625
12/21/2023 08:58:04 - INFO - utils.common - 计算 precision ing...
12/21/2023 08:58:04 - INFO - utils.common - precision = 0.5116533911451073
12/21/2023 08:58:04 - INFO - utils.common - 计算 recall ing...
12/21/2023 08:58:04 - INFO - utils.common - result = {'f1score': 0.5173337101223439, 'acc': 0.58625, 'precision': 0.5116533911451073, 'recall': 0.5535700616595626}
12/21/2023 08:58:04 - INFO - __main__ - Epoch:14, Train Accuracy:0.58625, f1:0.5173337101223439

Epoch: [14][0/7]	
12/21/2023 08:58:23 - INFO - utils.common - 计算 f1 score ing...
12/21/2023 08:58:23 - INFO - utils.common - F1score = 0.5723508490816405
12/21/2023 08:58:23 - INFO - utils.common - 计算 accuracy ing...
12/21/2023 08:58:23 - INFO - utils.common - acc = 0.61385
12/21/2023 08:58:23 - INFO - utils.common - 计算 precision ing...
12/21/2023 08:58:23 - INFO - utils.common - precision = 0.7056811493165015
12/21/2023 08:58:23 - INFO - utils.common - 计算 recall ing...
12/21/2023 08:58:23 - INFO - utils.common - result = {'f1score': 0.5723508490816405, 'acc': 0.61385, 'precision': 0.7056811493165015, 'recall': 0.5889888274402959}
12/21/2023 08:58:23 - INFO - __main__ - Epoch:14, Val Accuracy:0.61385, f1:0.5723508490816405

12/21/2023 08:58:23 - INFO - __main__ - lr:0.0003
12/21/2023 08:58:23 - INFO - __main__ - ==========Epoch:15==========
Save best weights
12/21/2023 08:58:29 - INFO - utils.common - 计算 f1 score ing...
12/21/2023 08:58:29 - INFO - utils.common - F1score = 0.5455089894482098
12/21/2023 08:58:29 - INFO - utils.common - 计算 accuracy ing...
12/21/2023 08:58:29 - INFO - utils.common - acc = 0.60875
12/21/2023 08:58:29 - INFO - utils.common - 计算 precision ing...
12/21/2023 08:58:29 - INFO - utils.common - precision = 0.6150113078555375
12/21/2023 08:58:29 - INFO - utils.common - 计算 recall ing...
12/21/2023 08:58:29 - INFO - utils.common - result = {'f1score': 0.5455089894482098, 'acc': 0.60875, 'precision': 0.6150113078555375, 'recall': 0.5730186480903634}
12/21/2023 08:58:29 - INFO - __main__ - Epoch:15, Train Accuracy:0.60875, f1:0.5455089894482098

Epoch: [15][0/7]	
12/21/2023 08:58:48 - INFO - utils.common - 计算 f1 score ing...
12/21/2023 08:58:48 - INFO - utils.common - F1score = 0.584612024108533
12/21/2023 08:58:48 - INFO - utils.common - 计算 accuracy ing...
12/21/2023 08:58:48 - INFO - utils.common - acc = 0.625
12/21/2023 08:58:48 - INFO - utils.common - 计算 precision ing...
12/21/2023 08:58:48 - INFO - utils.common - precision = 0.7418956914266822
12/21/2023 08:58:48 - INFO - utils.common - 计算 recall ing...
12/21/2023 08:58:48 - INFO - utils.common - result = {'f1score': 0.584612024108533, 'acc': 0.625, 'precision': 0.7418956914266822, 'recall': 0.5983688699668065}
12/21/2023 08:58:48 - INFO - __main__ - Epoch:15, Val Accuracy:0.625, f1:0.584612024108533

12/21/2023 08:58:48 - INFO - __main__ - lr:0.00027135636881635457
12/21/2023 08:58:48 - INFO - __main__ - ==========Epoch:16==========
Save best weights
12/21/2023 08:58:54 - INFO - utils.common - 计算 f1 score ing...
12/21/2023 08:58:54 - INFO - utils.common - F1score = 0.5486862845542313
12/21/2023 08:58:54 - INFO - utils.common - 计算 accuracy ing...
12/21/2023 08:58:54 - INFO - utils.common - acc = 0.61625
12/21/2023 08:58:54 - INFO - utils.common - 计算 precision ing...
12/21/2023 08:58:54 - INFO - utils.common - precision = 0.6206795553426834
12/21/2023 08:58:54 - INFO - utils.common - 计算 recall ing...
12/21/2023 08:58:54 - INFO - utils.common - result = {'f1score': 0.5486862845542313, 'acc': 0.61625, 'precision': 0.6206795553426834, 'recall': 0.578887270386601}
12/21/2023 08:58:54 - INFO - __main__ - Epoch:16, Train Accuracy:0.61625, f1:0.5486862845542313

Epoch: [16][0/7]	
12/21/2023 08:59:13 - INFO - utils.common - 计算 f1 score ing...
12/21/2023 08:59:13 - INFO - utils.common - F1score = 0.5915710235896123
12/21/2023 08:59:13 - INFO - utils.common - 计算 accuracy ing...
12/21/2023 08:59:13 - INFO - utils.common - acc = 0.63315
12/21/2023 08:59:13 - INFO - utils.common - 计算 precision ing...
12/21/2023 08:59:13 - INFO - utils.common - precision = 0.7518344702246824
12/21/2023 08:59:13 - INFO - utils.common - 计算 recall ing...
12/21/2023 08:59:13 - INFO - utils.common - result = {'f1score': 0.5915710235896123, 'acc': 0.63315, 'precision': 0.7518344702246824, 'recall': 0.6055432118360646}
12/21/2023 08:59:13 - INFO - __main__ - Epoch:16, Val Accuracy:0.63315, f1:0.5915710235896123

12/21/2023 08:59:13 - INFO - __main__ - lr:0.0001963663688163546
12/21/2023 08:59:13 - INFO - __main__ - ==========Epoch:17==========
Save best weights
12/21/2023 08:59:19 - INFO - utils.common - 计算 f1 score ing...
12/21/2023 08:59:19 - INFO - utils.common - F1score = 0.5918864318421115
12/21/2023 08:59:19 - INFO - utils.common - 计算 accuracy ing...
12/21/2023 08:59:19 - INFO - utils.common - acc = 0.655
12/21/2023 08:59:19 - INFO - utils.common - 计算 precision ing...
12/21/2023 08:59:19 - INFO - utils.common - precision = 0.6728819317323594
12/21/2023 08:59:19 - INFO - utils.common - 计算 recall ing...
12/21/2023 08:59:19 - INFO - utils.common - result = {'f1score': 0.5918864318421115, 'acc': 0.655, 'precision': 0.6728819317323594, 'recall': 0.6171864993245754}
12/21/2023 08:59:19 - INFO - __main__ - Epoch:17, Train Accuracy:0.655, f1:0.5918864318421115

Epoch: [17][0/7]	
12/21/2023 08:59:38 - INFO - utils.common - 计算 f1 score ing...
12/21/2023 08:59:38 - INFO - utils.common - F1score = 0.6066602940504496
12/21/2023 08:59:38 - INFO - utils.common - 计算 accuracy ing...
12/21/2023 08:59:38 - INFO - utils.common - acc = 0.6486
12/21/2023 08:59:38 - INFO - utils.common - 计算 precision ing...
12/21/2023 08:59:38 - INFO - utils.common - precision = 0.7677846768922959
12/21/2023 08:59:38 - INFO - utils.common - 计算 recall ing...
12/21/2023 08:59:38 - INFO - utils.common - result = {'f1score': 0.6066602940504496, 'acc': 0.6486, 'precision': 0.7677846768922959, 'recall': 0.6209117511659871}
12/21/2023 08:59:38 - INFO - __main__ - Epoch:17, Val Accuracy:0.6486, f1:0.6066602940504496

12/21/2023 08:59:38 - INFO - __main__ - lr:0.0001036736311836454
12/21/2023 08:59:38 - INFO - __main__ - ==========Epoch:18==========
Save best weights
12/21/2023 08:59:44 - INFO - utils.common - 计算 f1 score ing...
12/21/2023 08:59:44 - INFO - utils.common - F1score = 0.5435482678103641
12/21/2023 08:59:44 - INFO - utils.common - 计算 accuracy ing...
12/21/2023 08:59:44 - INFO - utils.common - acc = 0.61125
12/21/2023 08:59:44 - INFO - utils.common - 计算 precision ing...
12/21/2023 08:59:44 - INFO - utils.common - precision = 0.6017446714350516
12/21/2023 08:59:44 - INFO - utils.common - 计算 recall ing...
12/21/2023 08:59:44 - INFO - utils.common - result = {'f1score': 0.5435482678103641, 'acc': 0.61125, 'precision': 0.6017446714350516, 'recall': 0.5750313082785831}
12/21/2023 08:59:44 - INFO - __main__ - Epoch:18, Train Accuracy:0.61125, f1:0.5435482678103641

Epoch: [18][0/7]	
12/21/2023 09:00:02 - INFO - utils.common - 计算 f1 score ing...
12/21/2023 09:00:02 - INFO - utils.common - F1score = 0.6177200556610175
12/21/2023 09:00:02 - INFO - utils.common - 计算 accuracy ing...
12/21/2023 09:00:02 - INFO - utils.common - acc = 0.65865
12/21/2023 09:00:02 - INFO - utils.common - 计算 precision ing...
12/21/2023 09:00:02 - INFO - utils.common - precision = 0.7699851867233951
12/21/2023 09:00:02 - INFO - utils.common - 计算 recall ing...
12/21/2023 09:00:03 - INFO - utils.common - result = {'f1score': 0.6177200556610175, 'acc': 0.65865, 'precision': 0.7699851867233951, 'recall': 0.6319731350498932}
12/21/2023 09:00:03 - INFO - __main__ - Epoch:18, Val Accuracy:0.65865, f1:0.6177200556610175

12/21/2023 09:00:03 - INFO - __main__ - lr:2.8683631183645395e-05
12/21/2023 09:00:03 - INFO - __main__ - ==========Epoch:19==========
Save best weights
12/21/2023 09:00:09 - INFO - utils.common - 计算 f1 score ing...
12/21/2023 09:00:09 - INFO - utils.common - F1score = 0.5618062443097179
12/21/2023 09:00:09 - INFO - utils.common - 计算 accuracy ing...
12/21/2023 09:00:09 - INFO - utils.common - acc = 0.62375
12/21/2023 09:00:09 - INFO - utils.common - 计算 precision ing...
12/21/2023 09:00:09 - INFO - utils.common - precision = 0.6271927070691035
12/21/2023 09:00:09 - INFO - utils.common - 计算 recall ing...
12/21/2023 09:00:09 - INFO - utils.common - result = {'f1score': 0.5618062443097179, 'acc': 0.62375, 'precision': 0.6271927070691035, 'recall': 0.5888172219880003}
12/21/2023 09:00:09 - INFO - __main__ - Epoch:19, Train Accuracy:0.62375, f1:0.5618062443097179

Epoch: [19][0/7]	
12/21/2023 09:00:27 - INFO - utils.common - 计算 f1 score ing...
12/21/2023 09:00:27 - INFO - utils.common - F1score = 0.6228285651517683
12/21/2023 09:00:27 - INFO - utils.common - 计算 accuracy ing...
12/21/2023 09:00:27 - INFO - utils.common - acc = 0.662
12/21/2023 09:00:27 - INFO - utils.common - 计算 precision ing...
12/21/2023 09:00:27 - INFO - utils.common - precision = 0.7695695796618299
12/21/2023 09:00:27 - INFO - utils.common - 计算 recall ing...
12/21/2023 09:00:27 - INFO - utils.common - result = {'f1score': 0.6228285651517683, 'acc': 0.662, 'precision': 0.7695695796618299, 'recall': 0.6361586332669245}
12/21/2023 09:00:27 - INFO - __main__ - Epoch:19, Val Accuracy:0.662, f1:0.6228285651517683

12/21/2023 09:00:27 - INFO - __main__ - lr:0.0003
12/21/2023 09:00:27 - INFO - __main__ - ==========Epoch:20==========
Save best weights
12/21/2023 09:00:34 - INFO - utils.common - 计算 f1 score ing...
12/21/2023 09:00:34 - INFO - utils.common - F1score = 0.5907142126607543
12/21/2023 09:00:34 - INFO - utils.common - 计算 accuracy ing...
12/21/2023 09:00:34 - INFO - utils.common - acc = 0.6475
12/21/2023 09:00:34 - INFO - utils.common - 计算 precision ing...
12/21/2023 09:00:34 - INFO - utils.common - precision = 0.6712594677849023
12/21/2023 09:00:34 - INFO - utils.common - 计算 recall ing...
12/21/2023 09:00:34 - INFO - utils.common - result = {'f1score': 0.5907142126607543, 'acc': 0.6475, 'precision': 0.6712594677849023, 'recall': 0.611512925081485}
12/21/2023 09:00:34 - INFO - __main__ - Epoch:20, Train Accuracy:0.6475, f1:0.5907142126607543

Epoch: [20][0/7]	
12/21/2023 09:00:51 - INFO - utils.common - 计算 f1 score ing...
12/21/2023 09:00:51 - INFO - utils.common - F1score = 0.6488993023436452
12/21/2023 09:00:51 - INFO - utils.common - 计算 accuracy ing...
12/21/2023 09:00:51 - INFO - utils.common - acc = 0.68275
12/21/2023 09:00:51 - INFO - utils.common - 计算 precision ing...
12/21/2023 09:00:51 - INFO - utils.common - precision = 0.7857233752764966
12/21/2023 09:00:51 - INFO - utils.common - 计算 recall ing...
12/21/2023 09:00:51 - INFO - utils.common - result = {'f1score': 0.6488993023436452, 'acc': 0.68275, 'precision': 0.7857233752764966, 'recall': 0.6578595114870691}
12/21/2023 09:00:51 - INFO - __main__ - Epoch:20, Val Accuracy:0.68275, f1:0.6488993023436452

12/21/2023 09:00:51 - INFO - __main__ - lr:0.00027135636881635457
12/21/2023 09:00:51 - INFO - __main__ - ==========Epoch:21==========
Save best weights
12/21/2023 09:00:57 - INFO - utils.common - 计算 f1 score ing...
12/21/2023 09:00:57 - INFO - utils.common - F1score = 0.5768706278546686
12/21/2023 09:00:57 - INFO - utils.common - 计算 accuracy ing...
12/21/2023 09:00:57 - INFO - utils.common - acc = 0.6375
12/21/2023 09:00:57 - INFO - utils.common - 计算 precision ing...
12/21/2023 09:00:57 - INFO - utils.common - precision = 0.6074452908152346
12/21/2023 09:00:57 - INFO - utils.common - 计算 recall ing...
12/21/2023 09:00:57 - INFO - utils.common - result = {'f1score': 0.5768706278546686, 'acc': 0.6375, 'precision': 0.6074452908152346, 'recall': 0.5996352171672501}
12/21/2023 09:00:57 - INFO - __main__ - Epoch:21, Train Accuracy:0.6375, f1:0.5768706278546686

Epoch: [21][0/7]	
12/21/2023 09:01:14 - INFO - utils.common - 计算 f1 score ing...
12/21/2023 09:01:14 - INFO - utils.common - F1score = 0.664175045710237
12/21/2023 09:01:14 - INFO - utils.common - 计算 accuracy ing...
12/21/2023 09:01:14 - INFO - utils.common - acc = 0.69645
12/21/2023 09:01:14 - INFO - utils.common - 计算 precision ing...
12/21/2023 09:01:14 - INFO - utils.common - precision = 0.7983755129012334
12/21/2023 09:01:14 - INFO - utils.common - 计算 recall ing...
12/21/2023 09:01:14 - INFO - utils.common - result = {'f1score': 0.664175045710237, 'acc': 0.69645, 'precision': 0.7983755129012334, 'recall': 0.670765994109556}
12/21/2023 09:01:14 - INFO - __main__ - Epoch:21, Val Accuracy:0.69645, f1:0.664175045710237

12/21/2023 09:01:14 - INFO - __main__ - lr:0.0001963663688163546
12/21/2023 09:01:14 - INFO - __main__ - ==========Epoch:22==========
Save best weights
12/21/2023 09:01:20 - INFO - utils.common - 计算 f1 score ing...
12/21/2023 09:01:20 - INFO - utils.common - F1score = 0.6185042594375241
12/21/2023 09:01:20 - INFO - utils.common - 计算 accuracy ing...
12/21/2023 09:01:20 - INFO - utils.common - acc = 0.675
12/21/2023 09:01:20 - INFO - utils.common - 计算 precision ing...
12/21/2023 09:01:20 - INFO - utils.common - precision = 0.6860532975491862
12/21/2023 09:01:20 - INFO - utils.common - 计算 recall ing...
12/21/2023 09:01:20 - INFO - utils.common - result = {'f1score': 0.6185042594375241, 'acc': 0.675, 'precision': 0.6860532975491862, 'recall': 0.6363768464504743}
12/21/2023 09:01:20 - INFO - __main__ - Epoch:22, Train Accuracy:0.675, f1:0.6185042594375241

Epoch: [22][0/7]	
12/21/2023 09:01:38 - INFO - utils.common - 计算 f1 score ing...
12/21/2023 09:01:38 - INFO - utils.common - F1score = 0.6799583045640627
12/21/2023 09:01:38 - INFO - utils.common - 计算 accuracy ing...
12/21/2023 09:01:38 - INFO - utils.common - acc = 0.7107
12/21/2023 09:01:38 - INFO - utils.common - 计算 precision ing...
12/21/2023 09:01:38 - INFO - utils.common - precision = 0.8057001073586398
12/21/2023 09:01:38 - INFO - utils.common - 计算 recall ing...
12/21/2023 09:01:38 - INFO - utils.common - result = {'f1score': 0.6799583045640627, 'acc': 0.7107, 'precision': 0.8057001073586398, 'recall': 0.6858416244288482}
12/21/2023 09:01:38 - INFO - __main__ - Epoch:22, Val Accuracy:0.7107, f1:0.6799583045640627

12/21/2023 09:01:38 - INFO - __main__ - lr:0.0001036736311836454
12/21/2023 09:01:38 - INFO - __main__ - ==========Epoch:23==========
Save best weights
12/21/2023 09:01:44 - INFO - utils.common - 计算 f1 score ing...
12/21/2023 09:01:44 - INFO - utils.common - F1score = 0.6227642209963313
12/21/2023 09:01:44 - INFO - utils.common - 计算 accuracy ing...
12/21/2023 09:01:44 - INFO - utils.common - acc = 0.67
12/21/2023 09:01:44 - INFO - utils.common - 计算 precision ing...
12/21/2023 09:01:44 - INFO - utils.common - precision = 0.6840991334056514
12/21/2023 09:01:44 - INFO - utils.common - 计算 recall ing...
12/21/2023 09:01:44 - INFO - utils.common - result = {'f1score': 0.6227642209963313, 'acc': 0.67, 'precision': 0.6840991334056514, 'recall': 0.6373456010719349}
12/21/2023 09:01:44 - INFO - __main__ - Epoch:23, Train Accuracy:0.67, f1:0.6227642209963313

Epoch: [23][0/7]	
12/21/2023 09:02:01 - INFO - utils.common - 计算 f1 score ing...
12/21/2023 09:02:01 - INFO - utils.common - F1score = 0.6906610325599325
12/21/2023 09:02:01 - INFO - utils.common - 计算 accuracy ing...
12/21/2023 09:02:01 - INFO - utils.common - acc = 0.72095
12/21/2023 09:02:01 - INFO - utils.common - 计算 precision ing...
12/21/2023 09:02:01 - INFO - utils.common - precision = 0.8114499515320376
12/21/2023 09:02:01 - INFO - utils.common - 计算 recall ing...
12/21/2023 09:02:01 - INFO - utils.common - result = {'f1score': 0.6906610325599325, 'acc': 0.72095, 'precision': 0.8114499515320376, 'recall': 0.6965266517724141}
12/21/2023 09:02:01 - INFO - __main__ - Epoch:23, Val Accuracy:0.72095, f1:0.6906610325599325

12/21/2023 09:02:01 - INFO - __main__ - lr:2.8683631183645395e-05
12/21/2023 09:02:01 - INFO - __main__ - ==========Epoch:24==========
Save best weights
12/21/2023 09:02:08 - INFO - utils.common - 计算 f1 score ing...
12/21/2023 09:02:08 - INFO - utils.common - F1score = 0.6306803566850488
12/21/2023 09:02:08 - INFO - utils.common - 计算 accuracy ing...
12/21/2023 09:02:08 - INFO - utils.common - acc = 0.68
12/21/2023 09:02:08 - INFO - utils.common - 计算 precision ing...
12/21/2023 09:02:08 - INFO - utils.common - precision = 0.6770398673059125
12/21/2023 09:02:08 - INFO - utils.common - 计算 recall ing...
12/21/2023 09:02:08 - INFO - utils.common - result = {'f1score': 0.6306803566850488, 'acc': 0.68, 'precision': 0.6770398673059125, 'recall': 0.6451173677316343}
12/21/2023 09:02:08 - INFO - __main__ - Epoch:24, Train Accuracy:0.68, f1:0.6306803566850488

Epoch: [24][0/7]	
12/21/2023 09:02:25 - INFO - utils.common - 计算 f1 score ing...
12/21/2023 09:02:25 - INFO - utils.common - F1score = 0.6965320684244867
12/21/2023 09:02:25 - INFO - utils.common - 计算 accuracy ing...
12/21/2023 09:02:25 - INFO - utils.common - acc = 0.72765
12/21/2023 09:02:25 - INFO - utils.common - 计算 precision ing...
12/21/2023 09:02:25 - INFO - utils.common - precision = 0.8121904390981561
12/21/2023 09:02:25 - INFO - utils.common - 计算 recall ing...
12/21/2023 09:02:25 - INFO - utils.common - result = {'f1score': 0.6965320684244867, 'acc': 0.72765, 'precision': 0.8121904390981561, 'recall': 0.7035296039244907}
12/21/2023 09:02:25 - INFO - __main__ - Epoch:24, Val Accuracy:0.72765, f1:0.6965320684244867

12/21/2023 09:02:25 - INFO - __main__ - lr:0.0003
12/21/2023 09:02:25 - INFO - __main__ - ==========Epoch:25==========
Save best weights
12/21/2023 09:02:32 - INFO - utils.common - 计算 f1 score ing...
12/21/2023 09:02:32 - INFO - utils.common - F1score = 0.6367226235586654
12/21/2023 09:02:32 - INFO - utils.common - 计算 accuracy ing...
12/21/2023 09:02:32 - INFO - utils.common - acc = 0.68125
12/21/2023 09:02:32 - INFO - utils.common - 计算 precision ing...
12/21/2023 09:02:32 - INFO - utils.common - precision = 0.6906117056746077
12/21/2023 09:02:32 - INFO - utils.common - 计算 recall ing...
12/21/2023 09:02:32 - INFO - utils.common - result = {'f1score': 0.6367226235586654, 'acc': 0.68125, 'precision': 0.6906117056746077, 'recall': 0.6498907447272335}
12/21/2023 09:02:32 - INFO - __main__ - Epoch:25, Train Accuracy:0.68125, f1:0.6367226235586654

Epoch: [25][0/7]	
12/21/2023 09:02:48 - INFO - utils.common - 计算 f1 score ing...
12/21/2023 09:02:48 - INFO - utils.common - F1score = 0.7077975094782638
12/21/2023 09:02:48 - INFO - utils.common - 计算 accuracy ing...
12/21/2023 09:02:48 - INFO - utils.common - acc = 0.73505
12/21/2023 09:02:48 - INFO - utils.common - 计算 precision ing...
12/21/2023 09:02:48 - INFO - utils.common - precision = 0.8200810445501044
12/21/2023 09:02:48 - INFO - utils.common - 计算 recall ing...
12/21/2023 09:02:48 - INFO - utils.common - result = {'f1score': 0.7077975094782638, 'acc': 0.73505, 'precision': 0.8200810445501044, 'recall': 0.7128260866377452}
12/21/2023 09:02:48 - INFO - __main__ - Epoch:25, Val Accuracy:0.73505, f1:0.7077975094782638

12/21/2023 09:02:48 - INFO - __main__ - lr:0.00027135636881635457
12/21/2023 09:02:48 - INFO - __main__ - ==========Epoch:26==========
Save best weights
12/21/2023 09:02:55 - INFO - utils.common - 计算 f1 score ing...
12/21/2023 09:02:55 - INFO - utils.common - F1score = 0.6519497071030284
12/21/2023 09:02:55 - INFO - utils.common - 计算 accuracy ing...
12/21/2023 09:02:55 - INFO - utils.common - acc = 0.68875
12/21/2023 09:02:55 - INFO - utils.common - 计算 precision ing...
12/21/2023 09:02:55 - INFO - utils.common - precision = 0.7135196607663795
12/21/2023 09:02:55 - INFO - utils.common - 计算 recall ing...
12/21/2023 09:02:55 - INFO - utils.common - result = {'f1score': 0.6519497071030284, 'acc': 0.68875, 'precision': 0.7135196607663795, 'recall': 0.6599591490823085}
12/21/2023 09:02:55 - INFO - __main__ - Epoch:26, Train Accuracy:0.68875, f1:0.6519497071030284

Epoch: [26][0/7]	
12/21/2023 09:03:11 - INFO - utils.common - 计算 f1 score ing...
12/21/2023 09:03:11 - INFO - utils.common - F1score = 0.7201583281508622
12/21/2023 09:03:11 - INFO - utils.common - 计算 accuracy ing...
12/21/2023 09:03:11 - INFO - utils.common - acc = 0.7449
12/21/2023 09:03:11 - INFO - utils.common - 计算 precision ing...
12/21/2023 09:03:11 - INFO - utils.common - precision = 0.8243923039415726
12/21/2023 09:03:11 - INFO - utils.common - 计算 recall ing...
12/21/2023 09:03:11 - INFO - utils.common - result = {'f1score': 0.7201583281508622, 'acc': 0.7449, 'precision': 0.8243923039415726, 'recall': 0.7240229766169677}
12/21/2023 09:03:11 - INFO - __main__ - Epoch:26, Val Accuracy:0.7449, f1:0.7201583281508622

12/21/2023 09:03:11 - INFO - __main__ - lr:0.0001963663688163546
12/21/2023 09:03:11 - INFO - __main__ - ==========Epoch:27==========
Save best weights
12/21/2023 09:03:18 - INFO - utils.common - 计算 f1 score ing...
12/21/2023 09:03:18 - INFO - utils.common - F1score = 0.659109084448297
12/21/2023 09:03:18 - INFO - utils.common - 计算 accuracy ing...
12/21/2023 09:03:18 - INFO - utils.common - acc = 0.71
12/21/2023 09:03:18 - INFO - utils.common - 计算 precision ing...
12/21/2023 09:03:18 - INFO - utils.common - precision = 0.7120810680974764
12/21/2023 09:03:18 - INFO - utils.common - 计算 recall ing...
12/21/2023 09:03:18 - INFO - utils.common - result = {'f1score': 0.659109084448297, 'acc': 0.71, 'precision': 0.7120810680974764, 'recall': 0.6744543221450852}
12/21/2023 09:03:18 - INFO - __main__ - Epoch:27, Train Accuracy:0.71, f1:0.659109084448297

Epoch: [27][0/7]	
12/21/2023 09:03:35 - INFO - utils.common - 计算 f1 score ing...
12/21/2023 09:03:35 - INFO - utils.common - F1score = 0.7334992766767742
12/21/2023 09:03:35 - INFO - utils.common - 计算 accuracy ing...
12/21/2023 09:03:35 - INFO - utils.common - acc = 0.75515
12/21/2023 09:03:35 - INFO - utils.common - 计算 precision ing...
12/21/2023 09:03:35 - INFO - utils.common - precision = 0.8307693041072004
12/21/2023 09:03:35 - INFO - utils.common - 计算 recall ing...
12/21/2023 09:03:35 - INFO - utils.common - result = {'f1score': 0.7334992766767742, 'acc': 0.75515, 'precision': 0.8307693041072004, 'recall': 0.734902529784284}
12/21/2023 09:03:35 - INFO - __main__ - Epoch:27, Val Accuracy:0.75515, f1:0.7334992766767742

12/21/2023 09:03:35 - INFO - __main__ - lr:0.0001036736311836454
12/21/2023 09:03:35 - INFO - __main__ - ==========Epoch:28==========
Save best weights
12/21/2023 09:03:41 - INFO - utils.common - 计算 f1 score ing...
12/21/2023 09:03:41 - INFO - utils.common - F1score = 0.6524232386081451
12/21/2023 09:03:41 - INFO - utils.common - 计算 accuracy ing...
12/21/2023 09:03:41 - INFO - utils.common - acc = 0.70625
12/21/2023 09:03:41 - INFO - utils.common - 计算 precision ing...
12/21/2023 09:03:41 - INFO - utils.common - precision = 0.6855729301838083
12/21/2023 09:03:41 - INFO - utils.common - 计算 recall ing...
12/21/2023 09:03:41 - INFO - utils.common - result = {'f1score': 0.6524232386081451, 'acc': 0.70625, 'precision': 0.6855729301838083, 'recall': 0.669441377052775}
12/21/2023 09:03:41 - INFO - __main__ - Epoch:28, Train Accuracy:0.70625, f1:0.6524232386081451

Epoch: [28][0/7]	
12/21/2023 09:03:58 - INFO - utils.common - 计算 f1 score ing...
12/21/2023 09:03:58 - INFO - utils.common - F1score = 0.7329442570806086
12/21/2023 09:03:58 - INFO - utils.common - 计算 accuracy ing...
12/21/2023 09:03:58 - INFO - utils.common - acc = 0.75375
12/21/2023 09:03:58 - INFO - utils.common - 计算 precision ing...
12/21/2023 09:03:58 - INFO - utils.common - precision = 0.8303342246803395
12/21/2023 09:03:58 - INFO - utils.common - 计算 recall ing...
12/21/2023 09:03:58 - INFO - utils.common - result = {'f1score': 0.7329442570806086, 'acc': 0.75375, 'precision': 0.8303342246803395, 'recall': 0.7336162931734017}
12/21/2023 09:03:58 - INFO - __main__ - Epoch:28, Val Accuracy:0.75375, f1:0.7329442570806086

12/21/2023 09:03:58 - INFO - __main__ - lr:2.8683631183645395e-05
12/21/2023 09:03:58 - INFO - __main__ - ==========Epoch:29==========
early_st 4
12/21/2023 09:04:05 - INFO - utils.common - 计算 f1 score ing...
12/21/2023 09:04:05 - INFO - utils.common - F1score = 0.6804838543949808
12/21/2023 09:04:05 - INFO - utils.common - 计算 accuracy ing...
12/21/2023 09:04:05 - INFO - utils.common - acc = 0.71125
12/21/2023 09:04:05 - INFO - utils.common - 计算 precision ing...
12/21/2023 09:04:05 - INFO - utils.common - precision = 0.7274497331115524
12/21/2023 09:04:05 - INFO - utils.common - 计算 recall ing...
12/21/2023 09:04:05 - INFO - utils.common - result = {'f1score': 0.6804838543949808, 'acc': 0.71125, 'precision': 0.7274497331115524, 'recall': 0.6837188583172519}
12/21/2023 09:04:05 - INFO - __main__ - Epoch:29, Train Accuracy:0.71125, f1:0.6804838543949808

Epoch: [29][0/7]	
12/21/2023 09:04:21 - INFO - utils.common - 计算 f1 score ing...
12/21/2023 09:04:21 - INFO - utils.common - F1score = 0.7346227772494501
12/21/2023 09:04:21 - INFO - utils.common - 计算 accuracy ing...
12/21/2023 09:04:21 - INFO - utils.common - acc = 0.75665
12/21/2023 09:04:21 - INFO - utils.common - 计算 precision ing...
12/21/2023 09:04:21 - INFO - utils.common - precision = 0.8301385523997031
12/21/2023 09:04:21 - INFO - utils.common - 计算 recall ing...
12/21/2023 09:04:21 - INFO - utils.common - result = {'f1score': 0.7346227772494501, 'acc': 0.75665, 'precision': 0.8301385523997031, 'recall': 0.7361070632121745}
12/21/2023 09:04:21 - INFO - __main__ - Epoch:29, Val Accuracy:0.75665, f1:0.7346227772494501

12/21/2023 09:04:21 - INFO - __main__ - lr:0.0003
12/21/2023 09:04:22 - INFO - __main__ - ==========Epoch:30==========
Save best weights
12/21/2023 09:04:27 - INFO - utils.common - 计算 f1 score ing...
12/21/2023 09:04:27 - INFO - utils.common - F1score = 0.6604527698486858
12/21/2023 09:04:27 - INFO - utils.common - 计算 accuracy ing...
12/21/2023 09:04:27 - INFO - utils.common - acc = 0.69375
12/21/2023 09:04:27 - INFO - utils.common - 计算 precision ing...
12/21/2023 09:04:27 - INFO - utils.common - precision = 0.6947801502126842
12/21/2023 09:04:27 - INFO - utils.common - 计算 recall ing...
12/21/2023 09:04:27 - INFO - utils.common - result = {'f1score': 0.6604527698486858, 'acc': 0.69375, 'precision': 0.6947801502126842, 'recall': 0.6663069669380628}
12/21/2023 09:04:27 - INFO - __main__ - Epoch:30, Train Accuracy:0.69375, f1:0.6604527698486858

Epoch: [30][0/7]	
12/21/2023 09:04:45 - INFO - utils.common - 计算 f1 score ing...
12/21/2023 09:04:45 - INFO - utils.common - F1score = 0.7554053608413215
12/21/2023 09:04:45 - INFO - utils.common - 计算 accuracy ing...
12/21/2023 09:04:45 - INFO - utils.common - acc = 0.77495
12/21/2023 09:04:45 - INFO - utils.common - 计算 precision ing...
12/21/2023 09:04:45 - INFO - utils.common - precision = 0.8368766481764144
12/21/2023 09:04:45 - INFO - utils.common - 计算 recall ing...
12/21/2023 09:04:45 - INFO - utils.common - result = {'f1score': 0.7554053608413215, 'acc': 0.77495, 'precision': 0.8368766481764144, 'recall': 0.7556776108476113}
12/21/2023 09:04:45 - INFO - __main__ - Epoch:30, Val Accuracy:0.77495, f1:0.7554053608413215

12/21/2023 09:04:45 - INFO - __main__ - lr:0.00027135636881635457
12/21/2023 09:04:45 - INFO - __main__ - ==========Epoch:31==========
Save best weights
12/21/2023 09:04:52 - INFO - utils.common - 计算 f1 score ing...
12/21/2023 09:04:52 - INFO - utils.common - F1score = 0.6680690617920585
12/21/2023 09:04:52 - INFO - utils.common - 计算 accuracy ing...
12/21/2023 09:04:52 - INFO - utils.common - acc = 0.70625
12/21/2023 09:04:52 - INFO - utils.common - 计算 precision ing...
12/21/2023 09:04:52 - INFO - utils.common - precision = 0.7245062507330987
12/21/2023 09:04:52 - INFO - utils.common - 计算 recall ing...
12/21/2023 09:04:52 - INFO - utils.common - result = {'f1score': 0.6680690617920585, 'acc': 0.70625, 'precision': 0.7245062507330987, 'recall': 0.6774555173723276}
12/21/2023 09:04:52 - INFO - __main__ - Epoch:31, Train Accuracy:0.70625, f1:0.6680690617920585

Epoch: [31][0/7]	
12/21/2023 09:05:09 - INFO - utils.common - 计算 f1 score ing...
12/21/2023 09:05:09 - INFO - utils.common - F1score = 0.7595006915245457
12/21/2023 09:05:09 - INFO - utils.common - 计算 accuracy ing...
12/21/2023 09:05:09 - INFO - utils.common - acc = 0.7812
12/21/2023 09:05:09 - INFO - utils.common - 计算 precision ing...
12/21/2023 09:05:09 - INFO - utils.common - precision = 0.8406228939297301
12/21/2023 09:05:09 - INFO - utils.common - 计算 recall ing...
12/21/2023 09:05:09 - INFO - utils.common - result = {'f1score': 0.7595006915245457, 'acc': 0.7812, 'precision': 0.8406228939297301, 'recall': 0.7611350464601302}
12/21/2023 09:05:09 - INFO - __main__ - Epoch:31, Val Accuracy:0.7812, f1:0.7595006915245457

12/21/2023 09:05:09 - INFO - __main__ - lr:0.0001963663688163546
12/21/2023 09:05:09 - INFO - __main__ - ==========Epoch:32==========
Save best weights
12/21/2023 09:05:15 - INFO - utils.common - 计算 f1 score ing...
12/21/2023 09:05:15 - INFO - utils.common - F1score = 0.6806389654112512
12/21/2023 09:05:15 - INFO - utils.common - 计算 accuracy ing...
12/21/2023 09:05:15 - INFO - utils.common - acc = 0.71625
12/21/2023 09:05:15 - INFO - utils.common - 计算 precision ing...
12/21/2023 09:05:15 - INFO - utils.common - precision = 0.7309097930843383
12/21/2023 09:05:15 - INFO - utils.common - 计算 recall ing...
12/21/2023 09:05:15 - INFO - utils.common - result = {'f1score': 0.6806389654112512, 'acc': 0.71625, 'precision': 0.7309097930843383, 'recall': 0.6862086576324481}
12/21/2023 09:05:15 - INFO - __main__ - Epoch:32, Train Accuracy:0.71625, f1:0.6806389654112512

Epoch: [32][0/7]	
12/21/2023 09:05:32 - INFO - utils.common - 计算 f1 score ing...
12/21/2023 09:05:32 - INFO - utils.common - F1score = 0.7591509936715188
12/21/2023 09:05:32 - INFO - utils.common - 计算 accuracy ing...
12/21/2023 09:05:32 - INFO - utils.common - acc = 0.78105
12/21/2023 09:05:32 - INFO - utils.common - 计算 precision ing...
12/21/2023 09:05:32 - INFO - utils.common - precision = 0.8433476806533966
12/21/2023 09:05:32 - INFO - utils.common - 计算 recall ing...
12/21/2023 09:05:32 - INFO - utils.common - result = {'f1score': 0.7591509936715188, 'acc': 0.78105, 'precision': 0.8433476806533966, 'recall': 0.7605996151792493}
12/21/2023 09:05:32 - INFO - __main__ - Epoch:32, Val Accuracy:0.78105, f1:0.7591509936715188

12/21/2023 09:05:32 - INFO - __main__ - lr:0.0001036736311836454
12/21/2023 09:05:32 - INFO - __main__ - ==========Epoch:33==========
early_st 4
12/21/2023 09:05:39 - INFO - utils.common - 计算 f1 score ing...
12/21/2023 09:05:39 - INFO - utils.common - F1score = 0.6994158435166584
12/21/2023 09:05:39 - INFO - utils.common - 计算 accuracy ing...
12/21/2023 09:05:39 - INFO - utils.common - acc = 0.72875
12/21/2023 09:05:39 - INFO - utils.common - 计算 precision ing...
12/21/2023 09:05:39 - INFO - utils.common - precision = 0.7668147043788641
12/21/2023 09:05:39 - INFO - utils.common - 计算 recall ing...
12/21/2023 09:05:39 - INFO - utils.common - result = {'f1score': 0.6994158435166584, 'acc': 0.72875, 'precision': 0.7668147043788641, 'recall': 0.700839582977659}
12/21/2023 09:05:39 - INFO - __main__ - Epoch:33, Train Accuracy:0.72875, f1:0.6994158435166584

Epoch: [33][0/7]	
12/21/2023 09:05:56 - INFO - utils.common - 计算 f1 score ing...
12/21/2023 09:05:56 - INFO - utils.common - F1score = 0.7609941737689362
12/21/2023 09:05:56 - INFO - utils.common - 计算 accuracy ing...
12/21/2023 09:05:56 - INFO - utils.common - acc = 0.78285
12/21/2023 09:05:56 - INFO - utils.common - 计算 precision ing...
12/21/2023 09:05:56 - INFO - utils.common - precision = 0.8451130780198682
12/21/2023 09:05:56 - INFO - utils.common - 计算 recall ing...
12/21/2023 09:05:56 - INFO - utils.common - result = {'f1score': 0.7609941737689362, 'acc': 0.78285, 'precision': 0.8451130780198682, 'recall': 0.7625253316601299}
12/21/2023 09:05:56 - INFO - __main__ - Epoch:33, Val Accuracy:0.78285, f1:0.7609941737689362

12/21/2023 09:05:56 - INFO - __main__ - lr:2.8683631183645395e-05
12/21/2023 09:05:56 - INFO - __main__ - ==========Epoch:34==========
Save best weights
12/21/2023 09:06:03 - INFO - utils.common - 计算 f1 score ing...
12/21/2023 09:06:03 - INFO - utils.common - F1score = 0.7039806457309299
12/21/2023 09:06:03 - INFO - utils.common - 计算 accuracy ing...
12/21/2023 09:06:03 - INFO - utils.common - acc = 0.73875
12/21/2023 09:06:03 - INFO - utils.common - 计算 precision ing...
12/21/2023 09:06:03 - INFO - utils.common - precision = 0.7540012177921359
12/21/2023 09:06:03 - INFO - utils.common - 计算 recall ing...
12/21/2023 09:06:03 - INFO - utils.common - result = {'f1score': 0.7039806457309299, 'acc': 0.73875, 'precision': 0.7540012177921359, 'recall': 0.7109871974138565}
12/21/2023 09:06:03 - INFO - __main__ - Epoch:34, Train Accuracy:0.73875, f1:0.7039806457309299

Epoch: [34][0/7]	
12/21/2023 09:06:20 - INFO - utils.common - 计算 f1 score ing...
12/21/2023 09:06:20 - INFO - utils.common - F1score = 0.7665225402774982
12/21/2023 09:06:20 - INFO - utils.common - 计算 accuracy ing...
12/21/2023 09:06:20 - INFO - utils.common - acc = 0.78725
12/21/2023 09:06:20 - INFO - utils.common - 计算 precision ing...
12/21/2023 09:06:20 - INFO - utils.common - precision = 0.8457229107588417
12/21/2023 09:06:20 - INFO - utils.common - 计算 recall ing...
12/21/2023 09:06:20 - INFO - utils.common - result = {'f1score': 0.7665225402774982, 'acc': 0.78725, 'precision': 0.8457229107588417, 'recall': 0.7674038993952588}
12/21/2023 09:06:20 - INFO - __main__ - Epoch:34, Val Accuracy:0.78725, f1:0.7665225402774982

12/21/2023 09:06:20 - INFO - __main__ - lr:0.0003
12/21/2023 09:06:20 - INFO - __main__ - ==========Epoch:35==========
Save best weights
12/21/2023 09:06:25 - INFO - utils.common - 计算 f1 score ing...
12/21/2023 09:06:25 - INFO - utils.common - F1score = 0.728735435418183
12/21/2023 09:06:25 - INFO - utils.common - 计算 accuracy ing...
12/21/2023 09:06:25 - INFO - utils.common - acc = 0.75125
12/21/2023 09:06:25 - INFO - utils.common - 计算 precision ing...
12/21/2023 09:06:25 - INFO - utils.common - precision = 0.7651206525069858
12/21/2023 09:06:25 - INFO - utils.common - 计算 recall ing...
12/21/2023 09:06:25 - INFO - utils.common - result = {'f1score': 0.728735435418183, 'acc': 0.75125, 'precision': 0.7651206525069858, 'recall': 0.7290908057546038}
12/21/2023 09:06:25 - INFO - __main__ - Epoch:35, Train Accuracy:0.75125, f1:0.728735435418183

Epoch: [35][0/7]	
12/21/2023 09:06:43 - INFO - utils.common - 计算 f1 score ing...
12/21/2023 09:06:43 - INFO - utils.common - F1score = 0.7777816572199474
12/21/2023 09:06:43 - INFO - utils.common - 计算 accuracy ing...
12/21/2023 09:06:43 - INFO - utils.common - acc = 0.79685
12/21/2023 09:06:43 - INFO - utils.common - 计算 precision ing...
12/21/2023 09:06:43 - INFO - utils.common - precision = 0.8465000484617041
12/21/2023 09:06:43 - INFO - utils.common - 计算 recall ing...
12/21/2023 09:06:43 - INFO - utils.common - result = {'f1score': 0.7777816572199474, 'acc': 0.79685, 'precision': 0.8465000484617041, 'recall': 0.7782050091474408}
12/21/2023 09:06:43 - INFO - __main__ - Epoch:35, Val Accuracy:0.79685, f1:0.7777816572199474

12/21/2023 09:06:43 - INFO - __main__ - lr:0.00027135636881635457
12/21/2023 09:06:43 - INFO - __main__ - ==========Epoch:36==========
Save best weights
12/21/2023 09:06:50 - INFO - utils.common - 计算 f1 score ing...
12/21/2023 09:06:50 - INFO - utils.common - F1score = 0.6959317788905239
12/21/2023 09:06:50 - INFO - utils.common - 计算 accuracy ing...
12/21/2023 09:06:50 - INFO - utils.common - acc = 0.72375
12/21/2023 09:06:50 - INFO - utils.common - 计算 precision ing...
12/21/2023 09:06:50 - INFO - utils.common - precision = 0.7414393369038861
12/21/2023 09:06:50 - INFO - utils.common - 计算 recall ing...
12/21/2023 09:06:50 - INFO - utils.common - result = {'f1score': 0.6959317788905239, 'acc': 0.72375, 'precision': 0.7414393369038861, 'recall': 0.6979998833938401}
12/21/2023 09:06:50 - INFO - __main__ - Epoch:36, Train Accuracy:0.72375, f1:0.6959317788905239

Epoch: [36][0/7]	
12/21/2023 09:07:07 - INFO - utils.common - 计算 f1 score ing...
12/21/2023 09:07:07 - INFO - utils.common - F1score = 0.7848680693525659
12/21/2023 09:07:07 - INFO - utils.common - 计算 accuracy ing...
12/21/2023 09:07:07 - INFO - utils.common - acc = 0.8023
12/21/2023 09:07:07 - INFO - utils.common - 计算 precision ing...
12/21/2023 09:07:07 - INFO - utils.common - precision = 0.8513596841285586
12/21/2023 09:07:07 - INFO - utils.common - 计算 recall ing...
12/21/2023 09:07:07 - INFO - utils.common - result = {'f1score': 0.7848680693525659, 'acc': 0.8023, 'precision': 0.8513596841285586, 'recall': 0.7841781226641581}
12/21/2023 09:07:07 - INFO - __main__ - Epoch:36, Val Accuracy:0.8023, f1:0.7848680693525659

12/21/2023 09:07:07 - INFO - __main__ - lr:0.0001963663688163546
12/21/2023 09:07:07 - INFO - __main__ - ==========Epoch:37==========
Save best weights
12/21/2023 09:07:13 - INFO - utils.common - 计算 f1 score ing...
12/21/2023 09:07:13 - INFO - utils.common - F1score = 0.7058464556547115
12/21/2023 09:07:13 - INFO - utils.common - 计算 accuracy ing...
12/21/2023 09:07:13 - INFO - utils.common - acc = 0.74125
12/21/2023 09:07:13 - INFO - utils.common - 计算 precision ing...
12/21/2023 09:07:13 - INFO - utils.common - precision = 0.755090053930457
12/21/2023 09:07:13 - INFO - utils.common - 计算 recall ing...
12/21/2023 09:07:13 - INFO - utils.common - result = {'f1score': 0.7058464556547115, 'acc': 0.74125, 'precision': 0.755090053930457, 'recall': 0.7119192944541959}
12/21/2023 09:07:13 - INFO - __main__ - Epoch:37, Train Accuracy:0.74125, f1:0.7058464556547115

Epoch: [37][0/7]	
12/21/2023 09:07:30 - INFO - utils.common - 计算 f1 score ing...
12/21/2023 09:07:30 - INFO - utils.common - F1score = 0.7924986082100163
12/21/2023 09:07:30 - INFO - utils.common - 计算 accuracy ing...
12/21/2023 09:07:30 - INFO - utils.common - acc = 0.80765
12/21/2023 09:07:30 - INFO - utils.common - 计算 precision ing...
12/21/2023 09:07:30 - INFO - utils.common - precision = 0.854463566655206
12/21/2023 09:07:30 - INFO - utils.common - 计算 recall ing...
12/21/2023 09:07:30 - INFO - utils.common - result = {'f1score': 0.7924986082100163, 'acc': 0.80765, 'precision': 0.854463566655206, 'recall': 0.7904642536122108}
12/21/2023 09:07:30 - INFO - __main__ - Epoch:37, Val Accuracy:0.80765, f1:0.7924986082100163

12/21/2023 09:07:30 - INFO - __main__ - lr:0.0001036736311836454
12/21/2023 09:07:30 - INFO - __main__ - ==========Epoch:38==========
Save best weights
12/21/2023 09:07:37 - INFO - utils.common - 计算 f1 score ing...
12/21/2023 09:07:37 - INFO - utils.common - F1score = 0.7259604180132295
12/21/2023 09:07:37 - INFO - utils.common - 计算 accuracy ing...
12/21/2023 09:07:37 - INFO - utils.common - acc = 0.7525
12/21/2023 09:07:37 - INFO - utils.common - 计算 precision ing...
12/21/2023 09:07:37 - INFO - utils.common - precision = 0.7590381267084138
12/21/2023 09:07:37 - INFO - utils.common - 计算 recall ing...
12/21/2023 09:07:37 - INFO - utils.common - result = {'f1score': 0.7259604180132295, 'acc': 0.7525, 'precision': 0.7590381267084138, 'recall': 0.7279816660721231}
12/21/2023 09:07:37 - INFO - __main__ - Epoch:38, Train Accuracy:0.7525, f1:0.7259604180132295

Epoch: [38][0/7]	
12/21/2023 09:07:55 - INFO - utils.common - 计算 f1 score ing...
12/21/2023 09:07:55 - INFO - utils.common - F1score = 0.7917878461286403
12/21/2023 09:07:55 - INFO - utils.common - 计算 accuracy ing...
12/21/2023 09:07:55 - INFO - utils.common - acc = 0.80755
12/21/2023 09:07:55 - INFO - utils.common - 计算 precision ing...
12/21/2023 09:07:55 - INFO - utils.common - precision = 0.8535122643061032
12/21/2023 09:07:55 - INFO - utils.common - 计算 recall ing...
12/21/2023 09:07:55 - INFO - utils.common - result = {'f1score': 0.7917878461286403, 'acc': 0.80755, 'precision': 0.8535122643061032, 'recall': 0.7902729241939109}
12/21/2023 09:07:55 - INFO - __main__ - Epoch:38, Val Accuracy:0.80755, f1:0.7917878461286403

12/21/2023 09:07:55 - INFO - __main__ - lr:2.8683631183645395e-05
12/21/2023 09:07:55 - INFO - __main__ - ==========Epoch:39==========
early_st 4
12/21/2023 09:08:00 - INFO - utils.common - 计算 f1 score ing...
12/21/2023 09:08:00 - INFO - utils.common - F1score = 0.734132369707201
12/21/2023 09:08:00 - INFO - utils.common - 计算 accuracy ing...
12/21/2023 09:08:00 - INFO - utils.common - acc = 0.75
12/21/2023 09:08:00 - INFO - utils.common - 计算 precision ing...
12/21/2023 09:08:00 - INFO - utils.common - precision = 0.7702799845638356
12/21/2023 09:08:00 - INFO - utils.common - 计算 recall ing...
12/21/2023 09:08:00 - INFO - utils.common - result = {'f1score': 0.734132369707201, 'acc': 0.75, 'precision': 0.7702799845638356, 'recall': 0.7316418902094939}
12/21/2023 09:08:00 - INFO - __main__ - Epoch:39, Train Accuracy:0.75, f1:0.734132369707201

Epoch: [39][0/7]	
12/21/2023 09:08:12 - INFO - utils.common - 计算 f1 score ing...
12/21/2023 09:08:12 - INFO - utils.common - F1score = 0.7922219937600563
12/21/2023 09:08:12 - INFO - utils.common - 计算 accuracy ing...
12/21/2023 09:08:12 - INFO - utils.common - acc = 0.80775
12/21/2023 09:08:12 - INFO - utils.common - 计算 precision ing...
12/21/2023 09:08:12 - INFO - utils.common - precision = 0.8528234172100393
12/21/2023 09:08:12 - INFO - utils.common - 计算 recall ing...
12/21/2023 09:08:12 - INFO - utils.common - result = {'f1score': 0.7922219937600563, 'acc': 0.80775, 'precision': 0.8528234172100393, 'recall': 0.7908712709738792}
12/21/2023 09:08:12 - INFO - __main__ - Epoch:39, Val Accuracy:0.80775, f1:0.7922219937600563

12/21/2023 09:08:12 - INFO - __main__ - lr:0.0003
Save best weights
Test
12/21/2023 09:08:18 - INFO - utils.common - 计算 f1 score ing...
12/21/2023 09:08:18 - INFO - utils.common - F1score = 0.7636117462332738
12/21/2023 09:08:18 - INFO - utils.common - 计算 accuracy ing...
12/21/2023 09:08:18 - INFO - utils.common - acc = 0.8229805013927577
12/21/2023 09:08:18 - INFO - utils.common - 计算 precision ing...
12/21/2023 09:08:18 - INFO - utils.common - precision = 0.8470678824173021
12/21/2023 09:08:18 - INFO - utils.common - 计算 recall ing...
12/21/2023 09:08:18 - INFO - utils.common - result = {'f1score': 0.7636117462332738, 'acc': 0.8229805013927577, 'precision': 0.8470678824173021, 'recall': 0.7639442235379575}
12/21/2023 09:08:18 - INFO - __main__ - test_f1:0.7636117462332738, test_acc:0.8229805013927577, test_precision:0.8470678824173021, test_recall:0.7639442235379575
12/21/2023 09:08:18 - INFO - __main__ - Finish fine-turning...
