nohup: ignoring input
12/21/2023 12:34:54 - INFO - __main__ - 设置 seed 为:  0
12/21/2023 12:34:54 - INFO - __main__ - Start fine-turning...
12/21/2023 12:34:57 - INFO - __main__ - ==========Epoch:0==========
=> no checkpoint found at '
12/21/2023 12:36:32 - INFO - utils.common - 计算 f1 score ing...
12/21/2023 12:36:32 - INFO - utils.common - F1score = 0.6446710864924489
12/21/2023 12:36:32 - INFO - utils.common - 计算 accuracy ing...
12/21/2023 12:36:32 - INFO - utils.common - acc = 0.657175
12/21/2023 12:36:32 - INFO - utils.common - 计算 precision ing...
12/21/2023 12:36:32 - INFO - utils.common - precision = 0.663857709795041
12/21/2023 12:36:32 - INFO - utils.common - 计算 recall ing...
12/21/2023 12:36:33 - INFO - utils.common - result = {'f1score': 0.6446710864924489, 'acc': 0.657175, 'precision': 0.663857709795041, 'recall': 0.6447378775263091}
12/21/2023 12:36:33 - INFO - __main__ - Epoch:0, Train Accuracy:0.657175, f1:0.6446710864924489

Epoch: [0][0/313]	
Epoch: [0][100/313]	
Epoch: [0][200/313]	
Epoch: [0][300/313]	
12/21/2023 12:36:53 - INFO - utils.common - 计算 f1 score ing...
12/21/2023 12:36:54 - INFO - utils.common - F1score = 0.8881366951690759
12/21/2023 12:36:54 - INFO - utils.common - 计算 accuracy ing...
12/21/2023 12:36:54 - INFO - utils.common - acc = 0.88955
12/21/2023 12:36:54 - INFO - utils.common - 计算 precision ing...
12/21/2023 12:36:54 - INFO - utils.common - precision = 0.896306523044132
12/21/2023 12:36:54 - INFO - utils.common - 计算 recall ing...
12/21/2023 12:36:54 - INFO - utils.common - result = {'f1score': 0.8881366951690759, 'acc': 0.88955, 'precision': 0.896306523044132, 'recall': 0.8861172278954501}
12/21/2023 12:36:54 - INFO - __main__ - Epoch:0, Val Accuracy:0.88955, f1:0.8881366951690759

12/21/2023 12:36:54 - INFO - __main__ - lr:0.00027135636881635457
12/21/2023 12:36:54 - INFO - __main__ - ==========Epoch:1==========
Save best weights
12/21/2023 12:38:51 - INFO - utils.common - 计算 f1 score ing...
12/21/2023 12:38:51 - INFO - utils.common - F1score = 0.8409308559759803
12/21/2023 12:38:51 - INFO - utils.common - 计算 accuracy ing...
12/21/2023 12:38:52 - INFO - utils.common - acc = 0.844325
12/21/2023 12:38:52 - INFO - utils.common - 计算 precision ing...
12/21/2023 12:38:52 - INFO - utils.common - precision = 0.842720129291333
12/21/2023 12:38:52 - INFO - utils.common - 计算 recall ing...
12/21/2023 12:38:52 - INFO - utils.common - result = {'f1score': 0.8409308559759803, 'acc': 0.844325, 'precision': 0.842720129291333, 'recall': 0.8403041043475596}
12/21/2023 12:38:52 - INFO - __main__ - Epoch:1, Train Accuracy:0.844325, f1:0.8409308559759803

Epoch: [1][0/313]	
Epoch: [1][100/313]	
Epoch: [1][200/313]	
Epoch: [1][300/313]	
12/21/2023 12:39:20 - INFO - utils.common - 计算 f1 score ing...
12/21/2023 12:39:20 - INFO - utils.common - F1score = 0.9261065402517874
12/21/2023 12:39:20 - INFO - utils.common - 计算 accuracy ing...
12/21/2023 12:39:20 - INFO - utils.common - acc = 0.92715
12/21/2023 12:39:20 - INFO - utils.common - 计算 precision ing...
12/21/2023 12:39:20 - INFO - utils.common - precision = 0.9303528065161212
12/21/2023 12:39:20 - INFO - utils.common - 计算 recall ing...
12/21/2023 12:39:20 - INFO - utils.common - result = {'f1score': 0.9261065402517874, 'acc': 0.92715, 'precision': 0.9303528065161212, 'recall': 0.9233651198933231}
12/21/2023 12:39:20 - INFO - __main__ - Epoch:1, Val Accuracy:0.92715, f1:0.9261065402517874

12/21/2023 12:39:20 - INFO - __main__ - lr:0.0001963663688163546
12/21/2023 12:39:21 - INFO - __main__ - ==========Epoch:2==========
Save best weights
12/21/2023 12:41:25 - INFO - utils.common - 计算 f1 score ing...
12/21/2023 12:41:26 - INFO - utils.common - F1score = 0.8732236203976493
12/21/2023 12:41:26 - INFO - utils.common - 计算 accuracy ing...
12/21/2023 12:41:26 - INFO - utils.common - acc = 0.875725
12/21/2023 12:41:26 - INFO - utils.common - 计算 precision ing...
12/21/2023 12:41:26 - INFO - utils.common - precision = 0.874633452973507
12/21/2023 12:41:26 - INFO - utils.common - 计算 recall ing...
12/21/2023 12:41:26 - INFO - utils.common - result = {'f1score': 0.8732236203976493, 'acc': 0.875725, 'precision': 0.874633452973507, 'recall': 0.8725465394624519}
12/21/2023 12:41:26 - INFO - __main__ - Epoch:2, Train Accuracy:0.875725, f1:0.8732236203976493

Epoch: [2][0/313]	
Epoch: [2][100/313]	
Epoch: [2][200/313]	
Epoch: [2][300/313]	
12/21/2023 12:41:54 - INFO - utils.common - 计算 f1 score ing...
12/21/2023 12:41:54 - INFO - utils.common - F1score = 0.9373828001145426
12/21/2023 12:41:54 - INFO - utils.common - 计算 accuracy ing...
12/21/2023 12:41:54 - INFO - utils.common - acc = 0.93815
12/21/2023 12:41:54 - INFO - utils.common - 计算 precision ing...
12/21/2023 12:41:54 - INFO - utils.common - precision = 0.939574285590644
12/21/2023 12:41:54 - INFO - utils.common - 计算 recall ing...
12/21/2023 12:41:54 - INFO - utils.common - result = {'f1score': 0.9373828001145426, 'acc': 0.93815, 'precision': 0.939574285590644, 'recall': 0.9358398176927698}
12/21/2023 12:41:54 - INFO - __main__ - Epoch:2, Val Accuracy:0.93815, f1:0.9373828001145426

12/21/2023 12:41:54 - INFO - __main__ - lr:0.0001036736311836454
12/21/2023 12:41:54 - INFO - __main__ - ==========Epoch:3==========
Save best weights
12/21/2023 12:44:00 - INFO - utils.common - 计算 f1 score ing...
12/21/2023 12:44:00 - INFO - utils.common - F1score = 0.882524914425424
12/21/2023 12:44:00 - INFO - utils.common - 计算 accuracy ing...
12/21/2023 12:44:00 - INFO - utils.common - acc = 0.8845
12/21/2023 12:44:00 - INFO - utils.common - 计算 precision ing...
12/21/2023 12:44:00 - INFO - utils.common - precision = 0.8835399121899092
12/21/2023 12:44:00 - INFO - utils.common - 计算 recall ing...
12/21/2023 12:44:01 - INFO - utils.common - result = {'f1score': 0.882524914425424, 'acc': 0.8845, 'precision': 0.8835399121899092, 'recall': 0.8819040258417048}
12/21/2023 12:44:01 - INFO - __main__ - Epoch:3, Train Accuracy:0.8845, f1:0.882524914425424

Epoch: [3][0/313]	
Epoch: [3][100/313]	
Epoch: [3][200/313]	
Epoch: [3][300/313]	
12/21/2023 12:44:28 - INFO - utils.common - 计算 f1 score ing...
12/21/2023 12:44:28 - INFO - utils.common - F1score = 0.941949214798425
12/21/2023 12:44:28 - INFO - utils.common - 计算 accuracy ing...
12/21/2023 12:44:28 - INFO - utils.common - acc = 0.9427
12/21/2023 12:44:28 - INFO - utils.common - 计算 precision ing...
12/21/2023 12:44:28 - INFO - utils.common - precision = 0.9443366380112196
12/21/2023 12:44:28 - INFO - utils.common - 计算 recall ing...
12/21/2023 12:44:28 - INFO - utils.common - result = {'f1score': 0.941949214798425, 'acc': 0.9427, 'precision': 0.9443366380112196, 'recall': 0.9401922477887086}
12/21/2023 12:44:28 - INFO - __main__ - Epoch:3, Val Accuracy:0.9427, f1:0.941949214798425

12/21/2023 12:44:28 - INFO - __main__ - lr:2.8683631183645395e-05
12/21/2023 12:44:28 - INFO - __main__ - ==========Epoch:4==========
Save best weights
12/21/2023 12:46:30 - INFO - utils.common - 计算 f1 score ing...
12/21/2023 12:46:30 - INFO - utils.common - F1score = 0.8887652124081173
12/21/2023 12:46:30 - INFO - utils.common - 计算 accuracy ing...
12/21/2023 12:46:31 - INFO - utils.common - acc = 0.890925
12/21/2023 12:46:31 - INFO - utils.common - 计算 precision ing...
12/21/2023 12:46:31 - INFO - utils.common - precision = 0.890247973924289
12/21/2023 12:46:31 - INFO - utils.common - 计算 recall ing...
12/21/2023 12:46:31 - INFO - utils.common - result = {'f1score': 0.8887652124081173, 'acc': 0.890925, 'precision': 0.890247973924289, 'recall': 0.8878517930810454}
12/21/2023 12:46:31 - INFO - __main__ - Epoch:4, Train Accuracy:0.890925, f1:0.8887652124081173

Epoch: [4][0/313]	
Epoch: [4][100/313]	
Epoch: [4][200/313]	
Epoch: [4][300/313]	
12/21/2023 12:46:57 - INFO - utils.common - 计算 f1 score ing...
12/21/2023 12:46:57 - INFO - utils.common - F1score = 0.9437637983074738
12/21/2023 12:46:57 - INFO - utils.common - 计算 accuracy ing...
12/21/2023 12:46:57 - INFO - utils.common - acc = 0.9445
12/21/2023 12:46:57 - INFO - utils.common - 计算 precision ing...
12/21/2023 12:46:57 - INFO - utils.common - precision = 0.9449816565094784
12/21/2023 12:46:57 - INFO - utils.common - 计算 recall ing...
12/21/2023 12:46:57 - INFO - utils.common - result = {'f1score': 0.9437637983074738, 'acc': 0.9445, 'precision': 0.9449816565094784, 'recall': 0.942856141727733}
12/21/2023 12:46:57 - INFO - __main__ - Epoch:4, Val Accuracy:0.9445, f1:0.9437637983074738

12/21/2023 12:46:57 - INFO - __main__ - lr:0.0003
12/21/2023 12:46:57 - INFO - __main__ - ==========Epoch:5==========
Save best weights
12/21/2023 12:48:58 - INFO - utils.common - 计算 f1 score ing...
12/21/2023 12:48:58 - INFO - utils.common - F1score = 0.8943292226142316
12/21/2023 12:48:58 - INFO - utils.common - 计算 accuracy ing...
12/21/2023 12:48:58 - INFO - utils.common - acc = 0.89605
12/21/2023 12:48:58 - INFO - utils.common - 计算 precision ing...
12/21/2023 12:48:59 - INFO - utils.common - precision = 0.8952485114405384
12/21/2023 12:48:59 - INFO - utils.common - 计算 recall ing...
12/21/2023 12:48:59 - INFO - utils.common - result = {'f1score': 0.8943292226142316, 'acc': 0.89605, 'precision': 0.8952485114405384, 'recall': 0.8936801706862842}
12/21/2023 12:48:59 - INFO - __main__ - Epoch:5, Train Accuracy:0.89605, f1:0.8943292226142316

Epoch: [5][0/313]	
Epoch: [5][100/313]	
Epoch: [5][200/313]	
Epoch: [5][300/313]	
12/21/2023 12:49:24 - INFO - utils.common - 计算 f1 score ing...
12/21/2023 12:49:24 - INFO - utils.common - F1score = 0.9521153472601976
12/21/2023 12:49:24 - INFO - utils.common - 计算 accuracy ing...
12/21/2023 12:49:24 - INFO - utils.common - acc = 0.95265
12/21/2023 12:49:24 - INFO - utils.common - 计算 precision ing...
12/21/2023 12:49:24 - INFO - utils.common - precision = 0.9534986104665618
12/21/2023 12:49:24 - INFO - utils.common - 计算 recall ing...
12/21/2023 12:49:24 - INFO - utils.common - result = {'f1score': 0.9521153472601976, 'acc': 0.95265, 'precision': 0.9534986104665618, 'recall': 0.951081122978698}
12/21/2023 12:49:24 - INFO - __main__ - Epoch:5, Val Accuracy:0.95265, f1:0.9521153472601976

12/21/2023 12:49:24 - INFO - __main__ - lr:0.00027135636881635457
12/21/2023 12:49:24 - INFO - __main__ - ==========Epoch:6==========
Save best weights
12/21/2023 12:51:35 - INFO - utils.common - 计算 f1 score ing...
12/21/2023 12:51:35 - INFO - utils.common - F1score = 0.9051445619167774
12/21/2023 12:51:35 - INFO - utils.common - 计算 accuracy ing...
12/21/2023 12:51:35 - INFO - utils.common - acc = 0.906525
12/21/2023 12:51:35 - INFO - utils.common - 计算 precision ing...
12/21/2023 12:51:35 - INFO - utils.common - precision = 0.9057438958301796
12/21/2023 12:51:35 - INFO - utils.common - 计算 recall ing...
12/21/2023 12:51:36 - INFO - utils.common - result = {'f1score': 0.9051445619167774, 'acc': 0.906525, 'precision': 0.9057438958301796, 'recall': 0.9047285291264203}
12/21/2023 12:51:36 - INFO - __main__ - Epoch:6, Train Accuracy:0.906525, f1:0.9051445619167774

Epoch: [6][0/313]	
Epoch: [6][100/313]	
Epoch: [6][200/313]	
Epoch: [6][300/313]	
12/21/2023 12:52:02 - INFO - utils.common - 计算 f1 score ing...
12/21/2023 12:52:02 - INFO - utils.common - F1score = 0.9556078386842378
12/21/2023 12:52:02 - INFO - utils.common - 计算 accuracy ing...
12/21/2023 12:52:02 - INFO - utils.common - acc = 0.9562
12/21/2023 12:52:02 - INFO - utils.common - 计算 precision ing...
12/21/2023 12:52:02 - INFO - utils.common - precision = 0.9570990460077883
12/21/2023 12:52:02 - INFO - utils.common - 计算 recall ing...
12/21/2023 12:52:02 - INFO - utils.common - result = {'f1score': 0.9556078386842378, 'acc': 0.9562, 'precision': 0.9570990460077883, 'recall': 0.9544359548909598}
12/21/2023 12:52:02 - INFO - __main__ - Epoch:6, Val Accuracy:0.9562, f1:0.9556078386842378

12/21/2023 12:52:02 - INFO - __main__ - lr:0.0001963663688163546
12/21/2023 12:52:03 - INFO - __main__ - ==========Epoch:7==========
Save best weights
12/21/2023 12:54:08 - INFO - utils.common - 计算 f1 score ing...
12/21/2023 12:54:08 - INFO - utils.common - F1score = 0.9116920439718561
12/21/2023 12:54:08 - INFO - utils.common - 计算 accuracy ing...
12/21/2023 12:54:08 - INFO - utils.common - acc = 0.91305
12/21/2023 12:54:08 - INFO - utils.common - 计算 precision ing...
12/21/2023 12:54:08 - INFO - utils.common - precision = 0.9123437748755008
12/21/2023 12:54:08 - INFO - utils.common - 计算 recall ing...
12/21/2023 12:54:09 - INFO - utils.common - result = {'f1score': 0.9116920439718561, 'acc': 0.91305, 'precision': 0.9123437748755008, 'recall': 0.9112004223651962}
12/21/2023 12:54:09 - INFO - __main__ - Epoch:7, Train Accuracy:0.91305, f1:0.9116920439718561

Epoch: [7][0/313]	
Epoch: [7][100/313]	
Epoch: [7][200/313]	
Epoch: [7][300/313]	
12/21/2023 12:54:35 - INFO - utils.common - 计算 f1 score ing...
12/21/2023 12:54:35 - INFO - utils.common - F1score = 0.9570655671087892
12/21/2023 12:54:35 - INFO - utils.common - 计算 accuracy ing...
12/21/2023 12:54:35 - INFO - utils.common - acc = 0.95775
12/21/2023 12:54:35 - INFO - utils.common - 计算 precision ing...
12/21/2023 12:54:35 - INFO - utils.common - precision = 0.958744884157579
12/21/2023 12:54:35 - INFO - utils.common - 计算 recall ing...
12/21/2023 12:54:35 - INFO - utils.common - result = {'f1score': 0.9570655671087892, 'acc': 0.95775, 'precision': 0.958744884157579, 'recall': 0.9558022933150205}
12/21/2023 12:54:35 - INFO - __main__ - Epoch:7, Val Accuracy:0.95775, f1:0.9570655671087892

12/21/2023 12:54:35 - INFO - __main__ - lr:0.0001036736311836454
12/21/2023 12:54:35 - INFO - __main__ - ==========Epoch:8==========
Save best weights
12/21/2023 12:56:37 - INFO - utils.common - 计算 f1 score ing...
12/21/2023 12:56:37 - INFO - utils.common - F1score = 0.9149334614117978
12/21/2023 12:56:37 - INFO - utils.common - 计算 accuracy ing...
12/21/2023 12:56:37 - INFO - utils.common - acc = 0.916625
12/21/2023 12:56:37 - INFO - utils.common - 计算 precision ing...
12/21/2023 12:56:37 - INFO - utils.common - precision = 0.9154794548881061
12/21/2023 12:56:37 - INFO - utils.common - 计算 recall ing...
12/21/2023 12:56:38 - INFO - utils.common - result = {'f1score': 0.9149334614117978, 'acc': 0.916625, 'precision': 0.9154794548881061, 'recall': 0.914553387802992}
12/21/2023 12:56:38 - INFO - __main__ - Epoch:8, Train Accuracy:0.916625, f1:0.9149334614117978

Epoch: [8][0/313]	
Epoch: [8][100/313]	
Epoch: [8][200/313]	
Epoch: [8][300/313]	
12/21/2023 12:57:06 - INFO - utils.common - 计算 f1 score ing...
12/21/2023 12:57:06 - INFO - utils.common - F1score = 0.9596796250547784
12/21/2023 12:57:06 - INFO - utils.common - 计算 accuracy ing...
12/21/2023 12:57:06 - INFO - utils.common - acc = 0.96015
12/21/2023 12:57:06 - INFO - utils.common - 计算 precision ing...
12/21/2023 12:57:06 - INFO - utils.common - precision = 0.9605654946977668
12/21/2023 12:57:06 - INFO - utils.common - 计算 recall ing...
12/21/2023 12:57:06 - INFO - utils.common - result = {'f1score': 0.9596796250547784, 'acc': 0.96015, 'precision': 0.9605654946977668, 'recall': 0.9589688167922115}
12/21/2023 12:57:06 - INFO - __main__ - Epoch:8, Val Accuracy:0.96015, f1:0.9596796250547784

12/21/2023 12:57:06 - INFO - __main__ - lr:2.8683631183645395e-05
12/21/2023 12:57:06 - INFO - __main__ - ==========Epoch:9==========
Save best weights
12/21/2023 12:59:17 - INFO - utils.common - 计算 f1 score ing...
12/21/2023 12:59:17 - INFO - utils.common - F1score = 0.914380586251203
12/21/2023 12:59:17 - INFO - utils.common - 计算 accuracy ing...
12/21/2023 12:59:17 - INFO - utils.common - acc = 0.9159
12/21/2023 12:59:17 - INFO - utils.common - 计算 precision ing...
12/21/2023 12:59:17 - INFO - utils.common - precision = 0.9147617859479986
12/21/2023 12:59:17 - INFO - utils.common - 计算 recall ing...
12/21/2023 12:59:17 - INFO - utils.common - result = {'f1score': 0.914380586251203, 'acc': 0.9159, 'precision': 0.9147617859479986, 'recall': 0.9141276286469735}
12/21/2023 12:59:17 - INFO - __main__ - Epoch:9, Train Accuracy:0.9159, f1:0.914380586251203

Epoch: [9][0/313]	
Epoch: [9][100/313]	
Epoch: [9][200/313]	
Epoch: [9][300/313]	
12/21/2023 12:59:45 - INFO - utils.common - 计算 f1 score ing...
12/21/2023 12:59:46 - INFO - utils.common - F1score = 0.9605289375315914
12/21/2023 12:59:46 - INFO - utils.common - 计算 accuracy ing...
12/21/2023 12:59:46 - INFO - utils.common - acc = 0.96085
12/21/2023 12:59:46 - INFO - utils.common - 计算 precision ing...
12/21/2023 12:59:46 - INFO - utils.common - precision = 0.9616182850632851
12/21/2023 12:59:46 - INFO - utils.common - 计算 recall ing...
12/21/2023 12:59:46 - INFO - utils.common - result = {'f1score': 0.9605289375315914, 'acc': 0.96085, 'precision': 0.9616182850632851, 'recall': 0.9596591532805147}
12/21/2023 12:59:46 - INFO - __main__ - Epoch:9, Val Accuracy:0.96085, f1:0.9605289375315914

12/21/2023 12:59:46 - INFO - __main__ - lr:0.0003
Save best weights
Test
12/21/2023 12:59:57 - INFO - utils.common - 计算 f1 score ing...
12/21/2023 12:59:57 - INFO - utils.common - F1score = 0.9154358671398336
12/21/2023 12:59:57 - INFO - utils.common - 计算 accuracy ing...
12/21/2023 12:59:57 - INFO - utils.common - acc = 0.9387186629526463
12/21/2023 12:59:57 - INFO - utils.common - 计算 precision ing...
12/21/2023 12:59:57 - INFO - utils.common - precision = 0.9265996431481179
12/21/2023 12:59:57 - INFO - utils.common - 计算 recall ing...
12/21/2023 12:59:57 - INFO - utils.common - result = {'f1score': 0.9154358671398336, 'acc': 0.9387186629526463, 'precision': 0.9265996431481179, 'recall': 0.9122277924248794}
12/21/2023 12:59:57 - INFO - __main__ - test_f1:0.9154358671398336, test_acc:0.9387186629526463, test_precision:0.9265996431481179, test_recall:0.9122277924248794
12/21/2023 12:59:57 - INFO - __main__ - Finish fine-turning...
