nohup: ignoring input
12/21/2023 12:35:45 - INFO - __main__ - 设置 seed 为:  2
12/21/2023 12:35:45 - INFO - __main__ - Start fine-turning...
12/21/2023 12:35:49 - INFO - __main__ - ==========Epoch:0==========
=> no checkpoint found at '
12/21/2023 12:37:38 - INFO - utils.common - 计算 f1 score ing...
12/21/2023 12:37:38 - INFO - utils.common - F1score = 0.6272936183498303
12/21/2023 12:37:38 - INFO - utils.common - 计算 accuracy ing...
12/21/2023 12:37:38 - INFO - utils.common - acc = 0.639775
12/21/2023 12:37:38 - INFO - utils.common - 计算 precision ing...
12/21/2023 12:37:39 - INFO - utils.common - precision = 0.6513045102437034
12/21/2023 12:37:39 - INFO - utils.common - 计算 recall ing...
12/21/2023 12:37:39 - INFO - utils.common - result = {'f1score': 0.6272936183498303, 'acc': 0.639775, 'precision': 0.6513045102437034, 'recall': 0.6282980045523422}
12/21/2023 12:37:39 - INFO - __main__ - Epoch:0, Train Accuracy:0.639775, f1:0.6272936183498303

Epoch: [0][0/313]	
Epoch: [0][100/313]	
Epoch: [0][200/313]	
Epoch: [0][300/313]	
12/21/2023 12:38:00 - INFO - utils.common - 计算 f1 score ing...
12/21/2023 12:38:00 - INFO - utils.common - F1score = 0.8891893793085761
12/21/2023 12:38:00 - INFO - utils.common - 计算 accuracy ing...
12/21/2023 12:38:01 - INFO - utils.common - acc = 0.891
12/21/2023 12:38:01 - INFO - utils.common - 计算 precision ing...
12/21/2023 12:38:01 - INFO - utils.common - precision = 0.9013592043893657
12/21/2023 12:38:01 - INFO - utils.common - 计算 recall ing...
12/21/2023 12:38:01 - INFO - utils.common - result = {'f1score': 0.8891893793085761, 'acc': 0.891, 'precision': 0.9013592043893657, 'recall': 0.883994972613993}
12/21/2023 12:38:01 - INFO - __main__ - Epoch:0, Val Accuracy:0.891, f1:0.8891893793085761

12/21/2023 12:38:01 - INFO - __main__ - lr:0.00027135636881635457
12/21/2023 12:38:01 - INFO - __main__ - ==========Epoch:1==========
Save best weights
12/21/2023 12:40:00 - INFO - utils.common - 计算 f1 score ing...
12/21/2023 12:40:00 - INFO - utils.common - F1score = 0.8363730631303841
12/21/2023 12:40:00 - INFO - utils.common - 计算 accuracy ing...
12/21/2023 12:40:00 - INFO - utils.common - acc = 0.8396
12/21/2023 12:40:00 - INFO - utils.common - 计算 precision ing...
12/21/2023 12:40:00 - INFO - utils.common - precision = 0.8388337934736708
12/21/2023 12:40:00 - INFO - utils.common - 计算 recall ing...
12/21/2023 12:40:00 - INFO - utils.common - result = {'f1score': 0.8363730631303841, 'acc': 0.8396, 'precision': 0.8388337934736708, 'recall': 0.8356249885095218}
12/21/2023 12:40:00 - INFO - __main__ - Epoch:1, Train Accuracy:0.8396, f1:0.8363730631303841

Epoch: [1][0/313]	
Epoch: [1][100/313]	
Epoch: [1][200/313]	
Epoch: [1][300/313]	
12/21/2023 12:40:23 - INFO - utils.common - 计算 f1 score ing...
12/21/2023 12:40:23 - INFO - utils.common - F1score = 0.9301174634566587
12/21/2023 12:40:23 - INFO - utils.common - 计算 accuracy ing...
12/21/2023 12:40:23 - INFO - utils.common - acc = 0.9307
12/21/2023 12:40:23 - INFO - utils.common - 计算 precision ing...
12/21/2023 12:40:23 - INFO - utils.common - precision = 0.9327803623253741
12/21/2023 12:40:23 - INFO - utils.common - 计算 recall ing...
12/21/2023 12:40:23 - INFO - utils.common - result = {'f1score': 0.9301174634566587, 'acc': 0.9307, 'precision': 0.9327803623253741, 'recall': 0.9284171061536348}
12/21/2023 12:40:23 - INFO - __main__ - Epoch:1, Val Accuracy:0.9307, f1:0.9301174634566587

12/21/2023 12:40:23 - INFO - __main__ - lr:0.0001963663688163546
12/21/2023 12:40:23 - INFO - __main__ - ==========Epoch:2==========
Save best weights
12/21/2023 12:42:31 - INFO - utils.common - 计算 f1 score ing...
12/21/2023 12:42:31 - INFO - utils.common - F1score = 0.8707640174056944
12/21/2023 12:42:31 - INFO - utils.common - 计算 accuracy ing...
12/21/2023 12:42:31 - INFO - utils.common - acc = 0.87235
12/21/2023 12:42:31 - INFO - utils.common - 计算 precision ing...
12/21/2023 12:42:31 - INFO - utils.common - precision = 0.8719144139018418
12/21/2023 12:42:31 - INFO - utils.common - 计算 recall ing...
12/21/2023 12:42:31 - INFO - utils.common - result = {'f1score': 0.8707640174056944, 'acc': 0.87235, 'precision': 0.8719144139018418, 'recall': 0.8701691811058208}
12/21/2023 12:42:32 - INFO - __main__ - Epoch:2, Train Accuracy:0.87235, f1:0.8707640174056944

Epoch: [2][0/313]	
Epoch: [2][100/313]	
Epoch: [2][200/313]	
Epoch: [2][300/313]	
12/21/2023 12:42:54 - INFO - utils.common - 计算 f1 score ing...
12/21/2023 12:42:54 - INFO - utils.common - F1score = 0.9393436271301225
12/21/2023 12:42:54 - INFO - utils.common - 计算 accuracy ing...
12/21/2023 12:42:54 - INFO - utils.common - acc = 0.94
12/21/2023 12:42:54 - INFO - utils.common - 计算 precision ing...
12/21/2023 12:42:54 - INFO - utils.common - precision = 0.9417954550892335
12/21/2023 12:42:54 - INFO - utils.common - 计算 recall ing...
12/21/2023 12:42:54 - INFO - utils.common - result = {'f1score': 0.9393436271301225, 'acc': 0.94, 'precision': 0.9417954550892335, 'recall': 0.937665312772813}
12/21/2023 12:42:54 - INFO - __main__ - Epoch:2, Val Accuracy:0.94, f1:0.9393436271301225

12/21/2023 12:42:54 - INFO - __main__ - lr:0.0001036736311836454
12/21/2023 12:42:54 - INFO - __main__ - ==========Epoch:3==========
Save best weights
12/21/2023 12:45:03 - INFO - utils.common - 计算 f1 score ing...
12/21/2023 12:45:03 - INFO - utils.common - F1score = 0.881257108089709
12/21/2023 12:45:03 - INFO - utils.common - 计算 accuracy ing...
12/21/2023 12:45:04 - INFO - utils.common - acc = 0.883125
12/21/2023 12:45:04 - INFO - utils.common - 计算 precision ing...
12/21/2023 12:45:04 - INFO - utils.common - precision = 0.882064826291104
12/21/2023 12:45:04 - INFO - utils.common - 计算 recall ing...
12/21/2023 12:45:04 - INFO - utils.common - result = {'f1score': 0.881257108089709, 'acc': 0.883125, 'precision': 0.882064826291104, 'recall': 0.8808475548103772}
12/21/2023 12:45:04 - INFO - __main__ - Epoch:3, Train Accuracy:0.883125, f1:0.881257108089709

Epoch: [3][0/313]	
Epoch: [3][100/313]	
Epoch: [3][200/313]	
Epoch: [3][300/313]	
12/21/2023 12:45:27 - INFO - utils.common - 计算 f1 score ing...
12/21/2023 12:45:27 - INFO - utils.common - F1score = 0.9443680757334213
12/21/2023 12:45:27 - INFO - utils.common - 计算 accuracy ing...
12/21/2023 12:45:27 - INFO - utils.common - acc = 0.94495
12/21/2023 12:45:27 - INFO - utils.common - 计算 precision ing...
12/21/2023 12:45:27 - INFO - utils.common - precision = 0.9462606329467358
12/21/2023 12:45:27 - INFO - utils.common - 计算 recall ing...
12/21/2023 12:45:27 - INFO - utils.common - result = {'f1score': 0.9443680757334213, 'acc': 0.94495, 'precision': 0.9462606329467358, 'recall': 0.9429551529490493}
12/21/2023 12:45:27 - INFO - __main__ - Epoch:3, Val Accuracy:0.94495, f1:0.9443680757334213

12/21/2023 12:45:27 - INFO - __main__ - lr:2.8683631183645395e-05
12/21/2023 12:45:27 - INFO - __main__ - ==========Epoch:4==========
Save best weights
12/21/2023 12:47:37 - INFO - utils.common - 计算 f1 score ing...
12/21/2023 12:47:37 - INFO - utils.common - F1score = 0.8863139561073903
12/21/2023 12:47:37 - INFO - utils.common - 计算 accuracy ing...
12/21/2023 12:47:38 - INFO - utils.common - acc = 0.887925
12/21/2023 12:47:38 - INFO - utils.common - 计算 precision ing...
12/21/2023 12:47:38 - INFO - utils.common - precision = 0.8873360906287543
12/21/2023 12:47:38 - INFO - utils.common - 计算 recall ing...
12/21/2023 12:47:38 - INFO - utils.common - result = {'f1score': 0.8863139561073903, 'acc': 0.887925, 'precision': 0.8873360906287543, 'recall': 0.8857785819036237}
12/21/2023 12:47:38 - INFO - __main__ - Epoch:4, Train Accuracy:0.887925, f1:0.8863139561073903

Epoch: [4][0/313]	
Epoch: [4][100/313]	
Epoch: [4][200/313]	
Epoch: [4][300/313]	
12/21/2023 12:48:02 - INFO - utils.common - 计算 f1 score ing...
12/21/2023 12:48:02 - INFO - utils.common - F1score = 0.9459005419616672
12/21/2023 12:48:02 - INFO - utils.common - 计算 accuracy ing...
12/21/2023 12:48:02 - INFO - utils.common - acc = 0.94645
12/21/2023 12:48:02 - INFO - utils.common - 计算 precision ing...
12/21/2023 12:48:02 - INFO - utils.common - precision = 0.9476198409791914
12/21/2023 12:48:02 - INFO - utils.common - 计算 recall ing...
12/21/2023 12:48:02 - INFO - utils.common - result = {'f1score': 0.9459005419616672, 'acc': 0.94645, 'precision': 0.9476198409791914, 'recall': 0.9446180636848032}
12/21/2023 12:48:02 - INFO - __main__ - Epoch:4, Val Accuracy:0.94645, f1:0.9459005419616672

12/21/2023 12:48:02 - INFO - __main__ - lr:0.0003
12/21/2023 12:48:02 - INFO - __main__ - ==========Epoch:5==========
Save best weights
12/21/2023 12:50:15 - INFO - utils.common - 计算 f1 score ing...
12/21/2023 12:50:15 - INFO - utils.common - F1score = 0.8936337439337075
12/21/2023 12:50:15 - INFO - utils.common - 计算 accuracy ing...
12/21/2023 12:50:15 - INFO - utils.common - acc = 0.894825
12/21/2023 12:50:15 - INFO - utils.common - 计算 precision ing...
12/21/2023 12:50:16 - INFO - utils.common - precision = 0.894468217315333
12/21/2023 12:50:16 - INFO - utils.common - 计算 recall ing...
12/21/2023 12:50:16 - INFO - utils.common - result = {'f1score': 0.8936337439337075, 'acc': 0.894825, 'precision': 0.894468217315333, 'recall': 0.8930872350186401}
12/21/2023 12:50:16 - INFO - __main__ - Epoch:5, Train Accuracy:0.894825, f1:0.8936337439337075

Epoch: [5][0/313]	
Epoch: [5][100/313]	
Epoch: [5][200/313]	
Epoch: [5][300/313]	
12/21/2023 12:50:37 - INFO - utils.common - 计算 f1 score ing...
12/21/2023 12:50:37 - INFO - utils.common - F1score = 0.951262538161362
12/21/2023 12:50:37 - INFO - utils.common - 计算 accuracy ing...
12/21/2023 12:50:37 - INFO - utils.common - acc = 0.95165
12/21/2023 12:50:37 - INFO - utils.common - 计算 precision ing...
12/21/2023 12:50:37 - INFO - utils.common - precision = 0.9529945032044971
12/21/2023 12:50:37 - INFO - utils.common - 计算 recall ing...
12/21/2023 12:50:37 - INFO - utils.common - result = {'f1score': 0.951262538161362, 'acc': 0.95165, 'precision': 0.9529945032044971, 'recall': 0.949983235087364}
12/21/2023 12:50:37 - INFO - __main__ - Epoch:5, Val Accuracy:0.95165, f1:0.951262538161362

12/21/2023 12:50:37 - INFO - __main__ - lr:0.00027135636881635457
12/21/2023 12:50:37 - INFO - __main__ - ==========Epoch:6==========
Save best weights
12/21/2023 12:52:41 - INFO - utils.common - 计算 f1 score ing...
12/21/2023 12:52:41 - INFO - utils.common - F1score = 0.9029261069552162
12/21/2023 12:52:41 - INFO - utils.common - 计算 accuracy ing...
12/21/2023 12:52:42 - INFO - utils.common - acc = 0.90425
12/21/2023 12:52:42 - INFO - utils.common - 计算 precision ing...
12/21/2023 12:52:42 - INFO - utils.common - precision = 0.9036563402636637
12/21/2023 12:52:42 - INFO - utils.common - 计算 recall ing...
12/21/2023 12:52:42 - INFO - utils.common - result = {'f1score': 0.9029261069552162, 'acc': 0.90425, 'precision': 0.9036563402636637, 'recall': 0.9024792115161561}
12/21/2023 12:52:42 - INFO - __main__ - Epoch:6, Train Accuracy:0.90425, f1:0.9029261069552162

Epoch: [6][0/313]	
Epoch: [6][100/313]	
Epoch: [6][200/313]	
Epoch: [6][300/313]	
12/21/2023 12:53:06 - INFO - utils.common - 计算 f1 score ing...
12/21/2023 12:53:06 - INFO - utils.common - F1score = 0.9574041395556885
12/21/2023 12:53:06 - INFO - utils.common - 计算 accuracy ing...
12/21/2023 12:53:06 - INFO - utils.common - acc = 0.9579
12/21/2023 12:53:06 - INFO - utils.common - 计算 precision ing...
12/21/2023 12:53:06 - INFO - utils.common - precision = 0.9593438737140647
12/21/2023 12:53:06 - INFO - utils.common - 计算 recall ing...
12/21/2023 12:53:06 - INFO - utils.common - result = {'f1score': 0.9574041395556885, 'acc': 0.9579, 'precision': 0.9593438737140647, 'recall': 0.9559093515476297}
12/21/2023 12:53:06 - INFO - __main__ - Epoch:6, Val Accuracy:0.9579, f1:0.9574041395556885

12/21/2023 12:53:06 - INFO - __main__ - lr:0.0001963663688163546
12/21/2023 12:53:06 - INFO - __main__ - ==========Epoch:7==========
Save best weights
12/21/2023 12:55:10 - INFO - utils.common - 计算 f1 score ing...
12/21/2023 12:55:10 - INFO - utils.common - F1score = 0.9078385250571515
12/21/2023 12:55:10 - INFO - utils.common - 计算 accuracy ing...
12/21/2023 12:55:10 - INFO - utils.common - acc = 0.908925
12/21/2023 12:55:10 - INFO - utils.common - 计算 precision ing...
12/21/2023 12:55:10 - INFO - utils.common - precision = 0.9084473268758244
12/21/2023 12:55:10 - INFO - utils.common - 计算 recall ing...
12/21/2023 12:55:10 - INFO - utils.common - result = {'f1score': 0.9078385250571515, 'acc': 0.908925, 'precision': 0.9084473268758244, 'recall': 0.9074032652981503}
12/21/2023 12:55:10 - INFO - __main__ - Epoch:7, Train Accuracy:0.908925, f1:0.9078385250571515

Epoch: [7][0/313]	
Epoch: [7][100/313]	
Epoch: [7][200/313]	
Epoch: [7][300/313]	
12/21/2023 12:55:34 - INFO - utils.common - 计算 f1 score ing...
12/21/2023 12:55:34 - INFO - utils.common - F1score = 0.9598031954874755
12/21/2023 12:55:34 - INFO - utils.common - 计算 accuracy ing...
12/21/2023 12:55:34 - INFO - utils.common - acc = 0.96015
12/21/2023 12:55:34 - INFO - utils.common - 计算 precision ing...
12/21/2023 12:55:34 - INFO - utils.common - precision = 0.9609326392357033
12/21/2023 12:55:34 - INFO - utils.common - 计算 recall ing...
12/21/2023 12:55:35 - INFO - utils.common - result = {'f1score': 0.9598031954874755, 'acc': 0.96015, 'precision': 0.9609326392357033, 'recall': 0.9589022723514395}
12/21/2023 12:55:35 - INFO - __main__ - Epoch:7, Val Accuracy:0.96015, f1:0.9598031954874755

12/21/2023 12:55:35 - INFO - __main__ - lr:0.0001036736311836454
12/21/2023 12:55:35 - INFO - __main__ - ==========Epoch:8==========
Save best weights
12/21/2023 12:57:41 - INFO - utils.common - 计算 f1 score ing...
12/21/2023 12:57:41 - INFO - utils.common - F1score = 0.9137160570244064
12/21/2023 12:57:41 - INFO - utils.common - 计算 accuracy ing...
12/21/2023 12:57:41 - INFO - utils.common - acc = 0.914775
12/21/2023 12:57:41 - INFO - utils.common - 计算 precision ing...
12/21/2023 12:57:41 - INFO - utils.common - precision = 0.9143906840661844
12/21/2023 12:57:41 - INFO - utils.common - 计算 recall ing...
12/21/2023 12:57:42 - INFO - utils.common - result = {'f1score': 0.9137160570244064, 'acc': 0.914775, 'precision': 0.9143906840661844, 'recall': 0.9132808599626241}
12/21/2023 12:57:42 - INFO - __main__ - Epoch:8, Train Accuracy:0.914775, f1:0.9137160570244064

Epoch: [8][0/313]	
Epoch: [8][100/313]	
Epoch: [8][200/313]	
Epoch: [8][300/313]	
12/21/2023 12:58:05 - INFO - utils.common - 计算 f1 score ing...
12/21/2023 12:58:06 - INFO - utils.common - F1score = 0.9614658701272868
12/21/2023 12:58:06 - INFO - utils.common - 计算 accuracy ing...
12/21/2023 12:58:06 - INFO - utils.common - acc = 0.9618
12/21/2023 12:58:06 - INFO - utils.common - 计算 precision ing...
12/21/2023 12:58:06 - INFO - utils.common - precision = 0.9633504964483759
12/21/2023 12:58:06 - INFO - utils.common - 计算 recall ing...
12/21/2023 12:58:06 - INFO - utils.common - result = {'f1score': 0.9614658701272868, 'acc': 0.9618, 'precision': 0.9633504964483759, 'recall': 0.9599509143362679}
12/21/2023 12:58:06 - INFO - __main__ - Epoch:8, Val Accuracy:0.9618, f1:0.9614658701272868

12/21/2023 12:58:06 - INFO - __main__ - lr:2.8683631183645395e-05
12/21/2023 12:58:06 - INFO - __main__ - ==========Epoch:9==========
Save best weights
12/21/2023 13:00:07 - INFO - utils.common - 计算 f1 score ing...
12/21/2023 13:00:07 - INFO - utils.common - F1score = 0.9135011473631233
12/21/2023 13:00:07 - INFO - utils.common - 计算 accuracy ing...
12/21/2023 13:00:07 - INFO - utils.common - acc = 0.914475
12/21/2023 13:00:07 - INFO - utils.common - 计算 precision ing...
12/21/2023 13:00:07 - INFO - utils.common - precision = 0.9139831817898053
12/21/2023 13:00:07 - INFO - utils.common - 计算 recall ing...
12/21/2023 13:00:07 - INFO - utils.common - result = {'f1score': 0.9135011473631233, 'acc': 0.914475, 'precision': 0.9139831817898053, 'recall': 0.9131677558606754}
12/21/2023 13:00:07 - INFO - __main__ - Epoch:9, Train Accuracy:0.914475, f1:0.9135011473631233

Epoch: [9][0/313]	
Epoch: [9][100/313]	
Epoch: [9][200/313]	
Epoch: [9][300/313]	
12/21/2023 13:00:28 - INFO - utils.common - 计算 f1 score ing...
12/21/2023 13:00:29 - INFO - utils.common - F1score = 0.9615396629075283
12/21/2023 13:00:29 - INFO - utils.common - 计算 accuracy ing...
12/21/2023 13:00:29 - INFO - utils.common - acc = 0.9619
12/21/2023 13:00:29 - INFO - utils.common - 计算 precision ing...
12/21/2023 13:00:29 - INFO - utils.common - precision = 0.9623437876847548
12/21/2023 13:00:29 - INFO - utils.common - 计算 recall ing...
12/21/2023 13:00:29 - INFO - utils.common - result = {'f1score': 0.9615396629075283, 'acc': 0.9619, 'precision': 0.9623437876847548, 'recall': 0.9609200824231325}
12/21/2023 13:00:29 - INFO - __main__ - Epoch:9, Val Accuracy:0.9619, f1:0.9615396629075283

12/21/2023 13:00:29 - INFO - __main__ - lr:0.0003
Save best weights
Test
12/21/2023 13:00:35 - INFO - utils.common - 计算 f1 score ing...
12/21/2023 13:00:35 - INFO - utils.common - F1score = 0.9154647151247164
12/21/2023 13:00:35 - INFO - utils.common - 计算 accuracy ing...
12/21/2023 13:00:35 - INFO - utils.common - acc = 0.9392757660167131
12/21/2023 13:00:35 - INFO - utils.common - 计算 precision ing...
12/21/2023 13:00:35 - INFO - utils.common - precision = 0.9205538254996724
12/21/2023 13:00:35 - INFO - utils.common - 计算 recall ing...
12/21/2023 13:00:35 - INFO - utils.common - result = {'f1score': 0.9154647151247164, 'acc': 0.9392757660167131, 'precision': 0.9205538254996724, 'recall': 0.9158550813582598}
12/21/2023 13:00:35 - INFO - __main__ - test_f1:0.9154647151247164, test_acc:0.9392757660167131, test_precision:0.9205538254996724, test_recall:0.9158550813582598
12/21/2023 13:00:35 - INFO - __main__ - Finish fine-turning...
