nohup: ignoring input
12/21/2023 09:12:53 - INFO - __main__ - 设置 seed 为:  0
12/21/2023 09:12:53 - INFO - __main__ - Start fine-turning...
12/21/2023 09:12:57 - INFO - __main__ - ==========Epoch:0==========
=> no checkpoint found at '
12/21/2023 09:13:20 - INFO - utils.common - 计算 f1 score ing...
12/21/2023 09:13:20 - INFO - utils.common - F1score = 0.32469120413507757
12/21/2023 09:13:20 - INFO - utils.common - 计算 accuracy ing...
12/21/2023 09:13:20 - INFO - utils.common - acc = 0.34
12/21/2023 09:13:20 - INFO - utils.common - 计算 precision ing...
12/21/2023 09:13:20 - INFO - utils.common - precision = 0.3512939863151055
12/21/2023 09:13:20 - INFO - utils.common - 计算 recall ing...
12/21/2023 09:13:20 - INFO - utils.common - result = {'f1score': 0.32469120413507757, 'acc': 0.34, 'precision': 0.3512939863151055, 'recall': 0.32466305614968444}
12/21/2023 09:13:20 - INFO - __main__ - Epoch:0, Train Accuracy:0.34, f1:0.32469120413507757

Epoch: [0][0/63]	
12/21/2023 09:13:38 - INFO - utils.common - 计算 f1 score ing...
12/21/2023 09:13:38 - INFO - utils.common - F1score = 0.6038182848836748
12/21/2023 09:13:38 - INFO - utils.common - 计算 accuracy ing...
12/21/2023 09:13:38 - INFO - utils.common - acc = 0.64315
12/21/2023 09:13:38 - INFO - utils.common - 计算 precision ing...
12/21/2023 09:13:38 - INFO - utils.common - precision = 0.6462667079671252
12/21/2023 09:13:38 - INFO - utils.common - 计算 recall ing...
12/21/2023 09:13:38 - INFO - utils.common - result = {'f1score': 0.6038182848836748, 'acc': 0.64315, 'precision': 0.6462667079671252, 'recall': 0.6257359428846407}
12/21/2023 09:13:38 - INFO - __main__ - Epoch:0, Val Accuracy:0.64315, f1:0.6038182848836748

12/21/2023 09:13:38 - INFO - __main__ - lr:0.00027135636881635457
12/21/2023 09:13:38 - INFO - __main__ - ==========Epoch:1==========
Save best weights
12/21/2023 09:14:03 - INFO - utils.common - 计算 f1 score ing...
12/21/2023 09:14:03 - INFO - utils.common - F1score = 0.6009718278603018
12/21/2023 09:14:03 - INFO - utils.common - 计算 accuracy ing...
12/21/2023 09:14:03 - INFO - utils.common - acc = 0.632875
12/21/2023 09:14:03 - INFO - utils.common - 计算 precision ing...
12/21/2023 09:14:03 - INFO - utils.common - precision = 0.6228110989335853
12/21/2023 09:14:03 - INFO - utils.common - 计算 recall ing...
12/21/2023 09:14:03 - INFO - utils.common - result = {'f1score': 0.6009718278603018, 'acc': 0.632875, 'precision': 0.6228110989335853, 'recall': 0.6133917673012727}
12/21/2023 09:14:03 - INFO - __main__ - Epoch:1, Train Accuracy:0.632875, f1:0.6009718278603018

Epoch: [1][0/63]	
12/21/2023 09:14:20 - INFO - utils.common - 计算 f1 score ing...
12/21/2023 09:14:20 - INFO - utils.common - F1score = 0.7546345784908458
12/21/2023 09:14:20 - INFO - utils.common - 计算 accuracy ing...
12/21/2023 09:14:20 - INFO - utils.common - acc = 0.7791
12/21/2023 09:14:20 - INFO - utils.common - 计算 precision ing...
12/21/2023 09:14:20 - INFO - utils.common - precision = 0.7891677947851945
12/21/2023 09:14:20 - INFO - utils.common - 计算 recall ing...
12/21/2023 09:14:20 - INFO - utils.common - result = {'f1score': 0.7546345784908458, 'acc': 0.7791, 'precision': 0.7891677947851945, 'recall': 0.7611840676387055}
12/21/2023 09:14:20 - INFO - __main__ - Epoch:1, Val Accuracy:0.7791, f1:0.7546345784908458

12/21/2023 09:14:20 - INFO - __main__ - lr:0.0001963663688163546
12/21/2023 09:14:20 - INFO - __main__ - ==========Epoch:2==========
Save best weights
12/21/2023 09:14:41 - INFO - utils.common - 计算 f1 score ing...
12/21/2023 09:14:41 - INFO - utils.common - F1score = 0.6911702208099084
12/21/2023 09:14:41 - INFO - utils.common - 计算 accuracy ing...
12/21/2023 09:14:41 - INFO - utils.common - acc = 0.71125
12/21/2023 09:14:41 - INFO - utils.common - 计算 precision ing...
12/21/2023 09:14:41 - INFO - utils.common - precision = 0.7133482586609653
12/21/2023 09:14:41 - INFO - utils.common - 计算 recall ing...
12/21/2023 09:14:41 - INFO - utils.common - result = {'f1score': 0.6911702208099084, 'acc': 0.71125, 'precision': 0.7133482586609653, 'recall': 0.6955013980705755}
12/21/2023 09:14:41 - INFO - __main__ - Epoch:2, Train Accuracy:0.71125, f1:0.6911702208099084

Epoch: [2][0/63]	
12/21/2023 09:14:58 - INFO - utils.common - 计算 f1 score ing...
12/21/2023 09:14:58 - INFO - utils.common - F1score = 0.8001385956997603
12/21/2023 09:14:58 - INFO - utils.common - 计算 accuracy ing...
12/21/2023 09:14:58 - INFO - utils.common - acc = 0.81635
12/21/2023 09:14:58 - INFO - utils.common - 计算 precision ing...
12/21/2023 09:14:58 - INFO - utils.common - precision = 0.8336343018018657
12/21/2023 09:14:58 - INFO - utils.common - 计算 recall ing...
12/21/2023 09:14:58 - INFO - utils.common - result = {'f1score': 0.8001385956997603, 'acc': 0.81635, 'precision': 0.8336343018018657, 'recall': 0.8018900513120992}
12/21/2023 09:14:58 - INFO - __main__ - Epoch:2, Val Accuracy:0.81635, f1:0.8001385956997603

12/21/2023 09:14:58 - INFO - __main__ - lr:0.0001036736311836454
12/21/2023 09:14:58 - INFO - __main__ - ==========Epoch:3==========
Save best weights
12/21/2023 09:15:22 - INFO - utils.common - 计算 f1 score ing...
12/21/2023 09:15:22 - INFO - utils.common - F1score = 0.7322181552697492
12/21/2023 09:15:22 - INFO - utils.common - 计算 accuracy ing...
12/21/2023 09:15:22 - INFO - utils.common - acc = 0.746
12/21/2023 09:15:22 - INFO - utils.common - 计算 precision ing...
12/21/2023 09:15:22 - INFO - utils.common - precision = 0.7466614220984945
12/21/2023 09:15:22 - INFO - utils.common - 计算 recall ing...
12/21/2023 09:15:22 - INFO - utils.common - result = {'f1score': 0.7322181552697492, 'acc': 0.746, 'precision': 0.7466614220984945, 'recall': 0.7338794408689646}
12/21/2023 09:15:22 - INFO - __main__ - Epoch:3, Train Accuracy:0.746, f1:0.7322181552697492

Epoch: [3][0/63]	
12/21/2023 09:15:41 - INFO - utils.common - 计算 f1 score ing...
12/21/2023 09:15:41 - INFO - utils.common - F1score = 0.8181194212491865
12/21/2023 09:15:41 - INFO - utils.common - 计算 accuracy ing...
12/21/2023 09:15:41 - INFO - utils.common - acc = 0.83055
12/21/2023 09:15:41 - INFO - utils.common - 计算 precision ing...
12/21/2023 09:15:41 - INFO - utils.common - precision = 0.8444954098862039
12/21/2023 09:15:41 - INFO - utils.common - 计算 recall ing...
12/21/2023 09:15:41 - INFO - utils.common - result = {'f1score': 0.8181194212491865, 'acc': 0.83055, 'precision': 0.8444954098862039, 'recall': 0.8171350725779724}
12/21/2023 09:15:41 - INFO - __main__ - Epoch:3, Val Accuracy:0.83055, f1:0.8181194212491865

12/21/2023 09:15:41 - INFO - __main__ - lr:2.8683631183645395e-05
12/21/2023 09:15:41 - INFO - __main__ - ==========Epoch:4==========
Save best weights
12/21/2023 09:16:07 - INFO - utils.common - 计算 f1 score ing...
12/21/2023 09:16:07 - INFO - utils.common - F1score = 0.7473213922603794
12/21/2023 09:16:07 - INFO - utils.common - 计算 accuracy ing...
12/21/2023 09:16:07 - INFO - utils.common - acc = 0.758125
12/21/2023 09:16:07 - INFO - utils.common - 计算 precision ing...
12/21/2023 09:16:07 - INFO - utils.common - precision = 0.7604837855712652
12/21/2023 09:16:07 - INFO - utils.common - 计算 recall ing...
12/21/2023 09:16:07 - INFO - utils.common - result = {'f1score': 0.7473213922603794, 'acc': 0.758125, 'precision': 0.7604837855712652, 'recall': 0.7478663935135846}
12/21/2023 09:16:07 - INFO - __main__ - Epoch:4, Train Accuracy:0.758125, f1:0.7473213922603794

Epoch: [4][0/63]	
12/21/2023 09:16:23 - INFO - utils.common - 计算 f1 score ing...
12/21/2023 09:16:23 - INFO - utils.common - F1score = 0.8290939863020901
12/21/2023 09:16:23 - INFO - utils.common - 计算 accuracy ing...
12/21/2023 09:16:23 - INFO - utils.common - acc = 0.83965
12/21/2023 09:16:23 - INFO - utils.common - 计算 precision ing...
12/21/2023 09:16:23 - INFO - utils.common - precision = 0.8507263176587986
12/21/2023 09:16:23 - INFO - utils.common - 计算 recall ing...
12/21/2023 09:16:23 - INFO - utils.common - result = {'f1score': 0.8290939863020901, 'acc': 0.83965, 'precision': 0.8507263176587986, 'recall': 0.8283216837301134}
12/21/2023 09:16:23 - INFO - __main__ - Epoch:4, Val Accuracy:0.83965, f1:0.8290939863020901

12/21/2023 09:16:23 - INFO - __main__ - lr:0.0003
12/21/2023 09:16:23 - INFO - __main__ - ==========Epoch:5==========
Save best weights
12/21/2023 09:16:43 - INFO - utils.common - 计算 f1 score ing...
12/21/2023 09:16:43 - INFO - utils.common - F1score = 0.7604479127842269
12/21/2023 09:16:43 - INFO - utils.common - 计算 accuracy ing...
12/21/2023 09:16:43 - INFO - utils.common - acc = 0.7705
12/21/2023 09:16:43 - INFO - utils.common - 计算 precision ing...
12/21/2023 09:16:43 - INFO - utils.common - precision = 0.7702562198432291
12/21/2023 09:16:43 - INFO - utils.common - 计算 recall ing...
12/21/2023 09:16:43 - INFO - utils.common - result = {'f1score': 0.7604479127842269, 'acc': 0.7705, 'precision': 0.7702562198432291, 'recall': 0.7602345312291762}
12/21/2023 09:16:43 - INFO - __main__ - Epoch:5, Train Accuracy:0.7705, f1:0.7604479127842269

Epoch: [5][0/63]	
12/21/2023 09:17:01 - INFO - utils.common - 计算 f1 score ing...
12/21/2023 09:17:01 - INFO - utils.common - F1score = 0.86264833355813
12/21/2023 09:17:01 - INFO - utils.common - 计算 accuracy ing...
12/21/2023 09:17:01 - INFO - utils.common - acc = 0.868
12/21/2023 09:17:01 - INFO - utils.common - 计算 precision ing...
12/21/2023 09:17:02 - INFO - utils.common - precision = 0.8760349474393737
12/21/2023 09:17:02 - INFO - utils.common - 计算 recall ing...
12/21/2023 09:17:02 - INFO - utils.common - result = {'f1score': 0.86264833355813, 'acc': 0.868, 'precision': 0.8760349474393737, 'recall': 0.8590815027210361}
12/21/2023 09:17:02 - INFO - __main__ - Epoch:5, Val Accuracy:0.868, f1:0.86264833355813

12/21/2023 09:17:02 - INFO - __main__ - lr:0.00027135636881635457
12/21/2023 09:17:02 - INFO - __main__ - ==========Epoch:6==========
Save best weights
12/21/2023 09:17:27 - INFO - utils.common - 计算 f1 score ing...
12/21/2023 09:17:27 - INFO - utils.common - F1score = 0.806710425699159
12/21/2023 09:17:27 - INFO - utils.common - 计算 accuracy ing...
12/21/2023 09:17:27 - INFO - utils.common - acc = 0.81325
12/21/2023 09:17:27 - INFO - utils.common - 计算 precision ing...
12/21/2023 09:17:27 - INFO - utils.common - precision = 0.8130586730124709
12/21/2023 09:17:27 - INFO - utils.common - 计算 recall ing...
12/21/2023 09:17:27 - INFO - utils.common - result = {'f1score': 0.806710425699159, 'acc': 0.81325, 'precision': 0.8130586730124709, 'recall': 0.8058642999159898}
12/21/2023 09:17:27 - INFO - __main__ - Epoch:6, Train Accuracy:0.81325, f1:0.806710425699159

Epoch: [6][0/63]	
12/21/2023 09:17:45 - INFO - utils.common - 计算 f1 score ing...
12/21/2023 09:17:45 - INFO - utils.common - F1score = 0.8819437111010164
12/21/2023 09:17:45 - INFO - utils.common - 计算 accuracy ing...
12/21/2023 09:17:45 - INFO - utils.common - acc = 0.88495
12/21/2023 09:17:45 - INFO - utils.common - 计算 precision ing...
12/21/2023 09:17:45 - INFO - utils.common - precision = 0.8911449010674107
12/21/2023 09:17:45 - INFO - utils.common - 计算 recall ing...
12/21/2023 09:17:45 - INFO - utils.common - result = {'f1score': 0.8819437111010164, 'acc': 0.88495, 'precision': 0.8911449010674107, 'recall': 0.8788238385734171}
12/21/2023 09:17:45 - INFO - __main__ - Epoch:6, Val Accuracy:0.88495, f1:0.8819437111010164

12/21/2023 09:17:45 - INFO - __main__ - lr:0.0001963663688163546
12/21/2023 09:17:45 - INFO - __main__ - ==========Epoch:7==========
Save best weights
12/21/2023 09:18:06 - INFO - utils.common - 计算 f1 score ing...
12/21/2023 09:18:06 - INFO - utils.common - F1score = 0.8202212651135605
12/21/2023 09:18:06 - INFO - utils.common - 计算 accuracy ing...
12/21/2023 09:18:06 - INFO - utils.common - acc = 0.82525
12/21/2023 09:18:06 - INFO - utils.common - 计算 precision ing...
12/21/2023 09:18:07 - INFO - utils.common - precision = 0.8239630993827106
12/21/2023 09:18:07 - INFO - utils.common - 计算 recall ing...
12/21/2023 09:18:07 - INFO - utils.common - result = {'f1score': 0.8202212651135605, 'acc': 0.82525, 'precision': 0.8239630993827106, 'recall': 0.8196871948340575}
12/21/2023 09:18:07 - INFO - __main__ - Epoch:7, Train Accuracy:0.82525, f1:0.8202212651135605

Epoch: [7][0/63]	
12/21/2023 09:18:23 - INFO - utils.common - 计算 f1 score ing...
12/21/2023 09:18:23 - INFO - utils.common - F1score = 0.8928780812182008
12/21/2023 09:18:23 - INFO - utils.common - 计算 accuracy ing...
12/21/2023 09:18:23 - INFO - utils.common - acc = 0.8955
12/21/2023 09:18:23 - INFO - utils.common - 计算 precision ing...
12/21/2023 09:18:23 - INFO - utils.common - precision = 0.9010029432195741
12/21/2023 09:18:23 - INFO - utils.common - 计算 recall ing...
12/21/2023 09:18:23 - INFO - utils.common - result = {'f1score': 0.8928780812182008, 'acc': 0.8955, 'precision': 0.9010029432195741, 'recall': 0.8892542056426017}
12/21/2023 09:18:23 - INFO - __main__ - Epoch:7, Val Accuracy:0.8955, f1:0.8928780812182008

12/21/2023 09:18:23 - INFO - __main__ - lr:0.0001036736311836454
12/21/2023 09:18:24 - INFO - __main__ - ==========Epoch:8==========
Save best weights
12/21/2023 09:18:47 - INFO - utils.common - 计算 f1 score ing...
12/21/2023 09:18:47 - INFO - utils.common - F1score = 0.8239788010208016
12/21/2023 09:18:47 - INFO - utils.common - 计算 accuracy ing...
12/21/2023 09:18:47 - INFO - utils.common - acc = 0.829
12/21/2023 09:18:47 - INFO - utils.common - 计算 precision ing...
12/21/2023 09:18:47 - INFO - utils.common - precision = 0.8270517008589596
12/21/2023 09:18:47 - INFO - utils.common - 计算 recall ing...
12/21/2023 09:18:47 - INFO - utils.common - result = {'f1score': 0.8239788010208016, 'acc': 0.829, 'precision': 0.8270517008589596, 'recall': 0.8232438486393404}
12/21/2023 09:18:47 - INFO - __main__ - Epoch:8, Train Accuracy:0.829, f1:0.8239788010208016

Epoch: [8][0/63]	
12/21/2023 09:19:07 - INFO - utils.common - 计算 f1 score ing...
12/21/2023 09:19:07 - INFO - utils.common - F1score = 0.8965364285566806
12/21/2023 09:19:07 - INFO - utils.common - 计算 accuracy ing...
12/21/2023 09:19:07 - INFO - utils.common - acc = 0.8989
12/21/2023 09:19:07 - INFO - utils.common - 计算 precision ing...
12/21/2023 09:19:07 - INFO - utils.common - precision = 0.9043342400487071
12/21/2023 09:19:07 - INFO - utils.common - 计算 recall ing...
12/21/2023 09:19:07 - INFO - utils.common - result = {'f1score': 0.8965364285566806, 'acc': 0.8989, 'precision': 0.9043342400487071, 'recall': 0.8931976930728849}
12/21/2023 09:19:07 - INFO - __main__ - Epoch:8, Val Accuracy:0.8989, f1:0.8965364285566806

12/21/2023 09:19:07 - INFO - __main__ - lr:2.8683631183645395e-05
12/21/2023 09:19:07 - INFO - __main__ - ==========Epoch:9==========
Save best weights
12/21/2023 09:19:32 - INFO - utils.common - 计算 f1 score ing...
12/21/2023 09:19:32 - INFO - utils.common - F1score = 0.8243142132365232
12/21/2023 09:19:32 - INFO - utils.common - 计算 accuracy ing...
12/21/2023 09:19:32 - INFO - utils.common - acc = 0.829
12/21/2023 09:19:32 - INFO - utils.common - 计算 precision ing...
12/21/2023 09:19:32 - INFO - utils.common - precision = 0.8284677738855273
12/21/2023 09:19:32 - INFO - utils.common - 计算 recall ing...
12/21/2023 09:19:32 - INFO - utils.common - result = {'f1score': 0.8243142132365232, 'acc': 0.829, 'precision': 0.8284677738855273, 'recall': 0.8232374566419723}
12/21/2023 09:19:32 - INFO - __main__ - Epoch:9, Train Accuracy:0.829, f1:0.8243142132365232

Epoch: [9][0/63]	
12/21/2023 09:19:47 - INFO - utils.common - 计算 f1 score ing...
12/21/2023 09:19:47 - INFO - utils.common - F1score = 0.8968442292066732
12/21/2023 09:19:47 - INFO - utils.common - 计算 accuracy ing...
12/21/2023 09:19:47 - INFO - utils.common - acc = 0.89905
12/21/2023 09:19:47 - INFO - utils.common - 计算 precision ing...
12/21/2023 09:19:47 - INFO - utils.common - precision = 0.9045998191898751
12/21/2023 09:19:47 - INFO - utils.common - 计算 recall ing...
12/21/2023 09:19:47 - INFO - utils.common - result = {'f1score': 0.8968442292066732, 'acc': 0.89905, 'precision': 0.9045998191898751, 'recall': 0.8936182521047825}
12/21/2023 09:19:47 - INFO - __main__ - Epoch:9, Val Accuracy:0.89905, f1:0.8968442292066732

12/21/2023 09:19:47 - INFO - __main__ - lr:0.0003
12/21/2023 09:19:47 - INFO - __main__ - ==========Epoch:10==========
Save best weights
12/21/2023 09:20:11 - INFO - utils.common - 计算 f1 score ing...
12/21/2023 09:20:11 - INFO - utils.common - F1score = 0.8317686905485407
12/21/2023 09:20:11 - INFO - utils.common - 计算 accuracy ing...
12/21/2023 09:20:11 - INFO - utils.common - acc = 0.835375
12/21/2023 09:20:11 - INFO - utils.common - 计算 precision ing...
12/21/2023 09:20:11 - INFO - utils.common - precision = 0.83486738669882
12/21/2023 09:20:11 - INFO - utils.common - 计算 recall ing...
12/21/2023 09:20:11 - INFO - utils.common - result = {'f1score': 0.8317686905485407, 'acc': 0.835375, 'precision': 0.83486738669882, 'recall': 0.8304535304047314}
12/21/2023 09:20:11 - INFO - __main__ - Epoch:10, Train Accuracy:0.835375, f1:0.8317686905485407

Epoch: [10][0/63]	
12/21/2023 09:20:28 - INFO - utils.common - 计算 f1 score ing...
12/21/2023 09:20:28 - INFO - utils.common - F1score = 0.9104009417504693
12/21/2023 09:20:28 - INFO - utils.common - 计算 accuracy ing...
12/21/2023 09:20:28 - INFO - utils.common - acc = 0.9119
12/21/2023 09:20:28 - INFO - utils.common - 计算 precision ing...
12/21/2023 09:20:28 - INFO - utils.common - precision = 0.9152198953621037
12/21/2023 09:20:28 - INFO - utils.common - 计算 recall ing...
12/21/2023 09:20:28 - INFO - utils.common - result = {'f1score': 0.9104009417504693, 'acc': 0.9119, 'precision': 0.9152198953621037, 'recall': 0.907646903939586}
12/21/2023 09:20:28 - INFO - __main__ - Epoch:10, Val Accuracy:0.9119, f1:0.9104009417504693

12/21/2023 09:20:28 - INFO - __main__ - lr:0.00027135636881635457
12/21/2023 09:20:28 - INFO - __main__ - ==========Epoch:11==========
Save best weights
12/21/2023 09:20:53 - INFO - utils.common - 计算 f1 score ing...
12/21/2023 09:20:53 - INFO - utils.common - F1score = 0.8439897297435686
12/21/2023 09:20:53 - INFO - utils.common - 计算 accuracy ing...
12/21/2023 09:20:53 - INFO - utils.common - acc = 0.847875
12/21/2023 09:20:53 - INFO - utils.common - 计算 precision ing...
12/21/2023 09:20:53 - INFO - utils.common - precision = 0.8465198575640198
12/21/2023 09:20:53 - INFO - utils.common - 计算 recall ing...
12/21/2023 09:20:53 - INFO - utils.common - result = {'f1score': 0.8439897297435686, 'acc': 0.847875, 'precision': 0.8465198575640198, 'recall': 0.8435134755637521}
12/21/2023 09:20:53 - INFO - __main__ - Epoch:11, Train Accuracy:0.847875, f1:0.8439897297435686

Epoch: [11][0/63]	
12/21/2023 09:21:11 - INFO - utils.common - 计算 f1 score ing...
12/21/2023 09:21:11 - INFO - utils.common - F1score = 0.9176726591250046
12/21/2023 09:21:11 - INFO - utils.common - 计算 accuracy ing...
12/21/2023 09:21:11 - INFO - utils.common - acc = 0.9187
12/21/2023 09:21:11 - INFO - utils.common - 计算 precision ing...
12/21/2023 09:21:11 - INFO - utils.common - precision = 0.9199857887298788
12/21/2023 09:21:11 - INFO - utils.common - 计算 recall ing...
12/21/2023 09:21:11 - INFO - utils.common - result = {'f1score': 0.9176726591250046, 'acc': 0.9187, 'precision': 0.9199857887298788, 'recall': 0.9164684452921866}
12/21/2023 09:21:11 - INFO - __main__ - Epoch:11, Val Accuracy:0.9187, f1:0.9176726591250046

12/21/2023 09:21:11 - INFO - __main__ - lr:0.0001963663688163546
12/21/2023 09:21:11 - INFO - __main__ - ==========Epoch:12==========
Save best weights
12/21/2023 09:21:33 - INFO - utils.common - 计算 f1 score ing...
12/21/2023 09:21:33 - INFO - utils.common - F1score = 0.8572927443385598
12/21/2023 09:21:33 - INFO - utils.common - 计算 accuracy ing...
12/21/2023 09:21:33 - INFO - utils.common - acc = 0.860625
12/21/2023 09:21:33 - INFO - utils.common - 计算 precision ing...
12/21/2023 09:21:33 - INFO - utils.common - precision = 0.8585735989908234
12/21/2023 09:21:33 - INFO - utils.common - 计算 recall ing...
12/21/2023 09:21:33 - INFO - utils.common - result = {'f1score': 0.8572927443385598, 'acc': 0.860625, 'precision': 0.8585735989908234, 'recall': 0.8568515644322073}
12/21/2023 09:21:33 - INFO - __main__ - Epoch:12, Train Accuracy:0.860625, f1:0.8572927443385598

Epoch: [12][0/63]	
12/21/2023 09:21:49 - INFO - utils.common - 计算 f1 score ing...
12/21/2023 09:21:50 - INFO - utils.common - F1score = 0.9200830080797952
12/21/2023 09:21:50 - INFO - utils.common - 计算 accuracy ing...
12/21/2023 09:21:50 - INFO - utils.common - acc = 0.9216
12/21/2023 09:21:50 - INFO - utils.common - 计算 precision ing...
12/21/2023 09:21:50 - INFO - utils.common - precision = 0.9236230259144372
12/21/2023 09:21:50 - INFO - utils.common - 计算 recall ing...
12/21/2023 09:21:50 - INFO - utils.common - result = {'f1score': 0.9200830080797952, 'acc': 0.9216, 'precision': 0.9236230259144372, 'recall': 0.9179283047832983}
12/21/2023 09:21:50 - INFO - __main__ - Epoch:12, Val Accuracy:0.9216, f1:0.9200830080797952

12/21/2023 09:21:50 - INFO - __main__ - lr:0.0001036736311836454
12/21/2023 09:21:50 - INFO - __main__ - ==========Epoch:13==========
Save best weights
12/21/2023 09:22:12 - INFO - utils.common - 计算 f1 score ing...
12/21/2023 09:22:12 - INFO - utils.common - F1score = 0.8609166857980575
12/21/2023 09:22:12 - INFO - utils.common - 计算 accuracy ing...
12/21/2023 09:22:12 - INFO - utils.common - acc = 0.863875
12/21/2023 09:22:12 - INFO - utils.common - 计算 precision ing...
12/21/2023 09:22:12 - INFO - utils.common - precision = 0.8629387625319842
12/21/2023 09:22:12 - INFO - utils.common - 计算 recall ing...
12/21/2023 09:22:12 - INFO - utils.common - result = {'f1score': 0.8609166857980575, 'acc': 0.863875, 'precision': 0.8629387625319842, 'recall': 0.8604856179685325}
12/21/2023 09:22:12 - INFO - __main__ - Epoch:13, Train Accuracy:0.863875, f1:0.8609166857980575

Epoch: [13][0/63]	
12/21/2023 09:22:31 - INFO - utils.common - 计算 f1 score ing...
12/21/2023 09:22:31 - INFO - utils.common - F1score = 0.9226227540176892
12/21/2023 09:22:31 - INFO - utils.common - 计算 accuracy ing...
12/21/2023 09:22:32 - INFO - utils.common - acc = 0.924
12/21/2023 09:22:32 - INFO - utils.common - 计算 precision ing...
12/21/2023 09:22:32 - INFO - utils.common - precision = 0.9257949042609407
12/21/2023 09:22:32 - INFO - utils.common - 计算 recall ing...
12/21/2023 09:22:32 - INFO - utils.common - result = {'f1score': 0.9226227540176892, 'acc': 0.924, 'precision': 0.9257949042609407, 'recall': 0.9205381962188596}
12/21/2023 09:22:32 - INFO - __main__ - Epoch:13, Val Accuracy:0.924, f1:0.9226227540176892

12/21/2023 09:22:32 - INFO - __main__ - lr:2.8683631183645395e-05
12/21/2023 09:22:32 - INFO - __main__ - ==========Epoch:14==========
Save best weights
12/21/2023 09:22:56 - INFO - utils.common - 计算 f1 score ing...
12/21/2023 09:22:56 - INFO - utils.common - F1score = 0.8615400518957606
12/21/2023 09:22:56 - INFO - utils.common - 计算 accuracy ing...
12/21/2023 09:22:56 - INFO - utils.common - acc = 0.864375
12/21/2023 09:22:56 - INFO - utils.common - 计算 precision ing...
12/21/2023 09:22:56 - INFO - utils.common - precision = 0.8650195679042143
12/21/2023 09:22:56 - INFO - utils.common - 计算 recall ing...
12/21/2023 09:22:56 - INFO - utils.common - result = {'f1score': 0.8615400518957606, 'acc': 0.864375, 'precision': 0.8650195679042143, 'recall': 0.85970827810026}
12/21/2023 09:22:56 - INFO - __main__ - Epoch:14, Train Accuracy:0.864375, f1:0.8615400518957606

Epoch: [14][0/63]	
12/21/2023 09:23:12 - INFO - utils.common - 计算 f1 score ing...
12/21/2023 09:23:12 - INFO - utils.common - F1score = 0.9232192176147814
12/21/2023 09:23:12 - INFO - utils.common - 计算 accuracy ing...
12/21/2023 09:23:12 - INFO - utils.common - acc = 0.92475
12/21/2023 09:23:12 - INFO - utils.common - 计算 precision ing...
12/21/2023 09:23:13 - INFO - utils.common - precision = 0.926217134059686
12/21/2023 09:23:13 - INFO - utils.common - 计算 recall ing...
12/21/2023 09:23:13 - INFO - utils.common - result = {'f1score': 0.9232192176147814, 'acc': 0.92475, 'precision': 0.926217134059686, 'recall': 0.9212022023539296}
12/21/2023 09:23:13 - INFO - __main__ - Epoch:14, Val Accuracy:0.92475, f1:0.9232192176147814

12/21/2023 09:23:13 - INFO - __main__ - lr:0.0003
12/21/2023 09:23:13 - INFO - __main__ - ==========Epoch:15==========
Save best weights
12/21/2023 09:23:34 - INFO - utils.common - 计算 f1 score ing...
12/21/2023 09:23:34 - INFO - utils.common - F1score = 0.8638063464095969
12/21/2023 09:23:34 - INFO - utils.common - 计算 accuracy ing...
12/21/2023 09:23:34 - INFO - utils.common - acc = 0.86675
12/21/2023 09:23:34 - INFO - utils.common - 计算 precision ing...
12/21/2023 09:23:34 - INFO - utils.common - precision = 0.8652517457304484
12/21/2023 09:23:34 - INFO - utils.common - 计算 recall ing...
12/21/2023 09:23:34 - INFO - utils.common - result = {'f1score': 0.8638063464095969, 'acc': 0.86675, 'precision': 0.8652517457304484, 'recall': 0.8631879525064465}
12/21/2023 09:23:34 - INFO - __main__ - Epoch:15, Train Accuracy:0.86675, f1:0.8638063464095969

Epoch: [15][0/63]	
12/21/2023 09:23:52 - INFO - utils.common - 计算 f1 score ing...
12/21/2023 09:23:52 - INFO - utils.common - F1score = 0.9283033608943183
12/21/2023 09:23:52 - INFO - utils.common - 计算 accuracy ing...
12/21/2023 09:23:52 - INFO - utils.common - acc = 0.92935
12/21/2023 09:23:52 - INFO - utils.common - 计算 precision ing...
12/21/2023 09:23:52 - INFO - utils.common - precision = 0.9310852277070177
12/21/2023 09:23:52 - INFO - utils.common - 计算 recall ing...
12/21/2023 09:23:52 - INFO - utils.common - result = {'f1score': 0.9283033608943183, 'acc': 0.92935, 'precision': 0.9310852277070177, 'recall': 0.9264513746147016}
12/21/2023 09:23:52 - INFO - __main__ - Epoch:15, Val Accuracy:0.92935, f1:0.9283033608943183

12/21/2023 09:23:52 - INFO - __main__ - lr:0.00027135636881635457
12/21/2023 09:23:52 - INFO - __main__ - ==========Epoch:16==========
Save best weights
12/21/2023 09:24:18 - INFO - utils.common - 计算 f1 score ing...
12/21/2023 09:24:18 - INFO - utils.common - F1score = 0.8717653003058943
12/21/2023 09:24:18 - INFO - utils.common - 计算 accuracy ing...
12/21/2023 09:24:18 - INFO - utils.common - acc = 0.874375
12/21/2023 09:24:18 - INFO - utils.common - 计算 precision ing...
12/21/2023 09:24:18 - INFO - utils.common - precision = 0.8735185517262706
12/21/2023 09:24:18 - INFO - utils.common - 计算 recall ing...
12/21/2023 09:24:18 - INFO - utils.common - result = {'f1score': 0.8717653003058943, 'acc': 0.874375, 'precision': 0.8735185517262706, 'recall': 0.8707490571924321}
12/21/2023 09:24:18 - INFO - __main__ - Epoch:16, Train Accuracy:0.874375, f1:0.8717653003058943

Epoch: [16][0/63]	
12/21/2023 09:24:34 - INFO - utils.common - 计算 f1 score ing...
12/21/2023 09:24:34 - INFO - utils.common - F1score = 0.931306319332715
12/21/2023 09:24:34 - INFO - utils.common - 计算 accuracy ing...
12/21/2023 09:24:34 - INFO - utils.common - acc = 0.93225
12/21/2023 09:24:34 - INFO - utils.common - 计算 precision ing...
12/21/2023 09:24:35 - INFO - utils.common - precision = 0.933675440435751
12/21/2023 09:24:35 - INFO - utils.common - 计算 recall ing...
12/21/2023 09:24:35 - INFO - utils.common - result = {'f1score': 0.931306319332715, 'acc': 0.93225, 'precision': 0.933675440435751, 'recall': 0.9296657207030494}
12/21/2023 09:24:35 - INFO - __main__ - Epoch:16, Val Accuracy:0.93225, f1:0.931306319332715

12/21/2023 09:24:35 - INFO - __main__ - lr:0.0001963663688163546
12/21/2023 09:24:35 - INFO - __main__ - ==========Epoch:17==========
Save best weights
12/21/2023 09:24:56 - INFO - utils.common - 计算 f1 score ing...
12/21/2023 09:24:56 - INFO - utils.common - F1score = 0.8721033758475395
12/21/2023 09:24:56 - INFO - utils.common - 计算 accuracy ing...
12/21/2023 09:24:56 - INFO - utils.common - acc = 0.874625
12/21/2023 09:24:56 - INFO - utils.common - 计算 precision ing...
12/21/2023 09:24:56 - INFO - utils.common - precision = 0.8734666529668189
12/21/2023 09:24:56 - INFO - utils.common - 计算 recall ing...
12/21/2023 09:24:56 - INFO - utils.common - result = {'f1score': 0.8721033758475395, 'acc': 0.874625, 'precision': 0.8734666529668189, 'recall': 0.871403917899464}
12/21/2023 09:24:56 - INFO - __main__ - Epoch:17, Train Accuracy:0.874625, f1:0.8721033758475395

Epoch: [17][0/63]	
12/21/2023 09:25:13 - INFO - utils.common - 计算 f1 score ing...
12/21/2023 09:25:13 - INFO - utils.common - F1score = 0.9332355016363921
12/21/2023 09:25:13 - INFO - utils.common - 计算 accuracy ing...
12/21/2023 09:25:13 - INFO - utils.common - acc = 0.93405
12/21/2023 09:25:13 - INFO - utils.common - 计算 precision ing...
12/21/2023 09:25:13 - INFO - utils.common - precision = 0.9349067908963689
12/21/2023 09:25:13 - INFO - utils.common - 计算 recall ing...
12/21/2023 09:25:13 - INFO - utils.common - result = {'f1score': 0.9332355016363921, 'acc': 0.93405, 'precision': 0.9349067908963689, 'recall': 0.9322233047876876}
12/21/2023 09:25:13 - INFO - __main__ - Epoch:17, Val Accuracy:0.93405, f1:0.9332355016363921

12/21/2023 09:25:13 - INFO - __main__ - lr:0.0001036736311836454
12/21/2023 09:25:13 - INFO - __main__ - ==========Epoch:18==========
Save best weights
12/21/2023 09:25:36 - INFO - utils.common - 计算 f1 score ing...
12/21/2023 09:25:36 - INFO - utils.common - F1score = 0.8802322904150385
12/21/2023 09:25:36 - INFO - utils.common - 计算 accuracy ing...
12/21/2023 09:25:36 - INFO - utils.common - acc = 0.882
12/21/2023 09:25:36 - INFO - utils.common - 计算 precision ing...
12/21/2023 09:25:36 - INFO - utils.common - precision = 0.8820262923400444
12/21/2023 09:25:36 - INFO - utils.common - 计算 recall ing...
12/21/2023 09:25:36 - INFO - utils.common - result = {'f1score': 0.8802322904150385, 'acc': 0.882, 'precision': 0.8820262923400444, 'recall': 0.8791229195043007}
12/21/2023 09:25:36 - INFO - __main__ - Epoch:18, Train Accuracy:0.882, f1:0.8802322904150385

Epoch: [18][0/63]	
12/21/2023 09:25:56 - INFO - utils.common - 计算 f1 score ing...
12/21/2023 09:25:56 - INFO - utils.common - F1score = 0.9349979135647253
12/21/2023 09:25:56 - INFO - utils.common - 计算 accuracy ing...
12/21/2023 09:25:56 - INFO - utils.common - acc = 0.93595
12/21/2023 09:25:56 - INFO - utils.common - 计算 precision ing...
12/21/2023 09:25:56 - INFO - utils.common - precision = 0.9373707013080357
12/21/2023 09:25:56 - INFO - utils.common - 计算 recall ing...
12/21/2023 09:25:56 - INFO - utils.common - result = {'f1score': 0.9349979135647253, 'acc': 0.93595, 'precision': 0.9373707013080357, 'recall': 0.9332540625686474}
12/21/2023 09:25:56 - INFO - __main__ - Epoch:18, Val Accuracy:0.93595, f1:0.9349979135647253

12/21/2023 09:25:56 - INFO - __main__ - lr:2.8683631183645395e-05
12/21/2023 09:25:56 - INFO - __main__ - ==========Epoch:19==========
Save best weights
12/21/2023 09:26:20 - INFO - utils.common - 计算 f1 score ing...
12/21/2023 09:26:20 - INFO - utils.common - F1score = 0.8813494649560556
12/21/2023 09:26:20 - INFO - utils.common - 计算 accuracy ing...
12/21/2023 09:26:20 - INFO - utils.common - acc = 0.883625
12/21/2023 09:26:20 - INFO - utils.common - 计算 precision ing...
12/21/2023 09:26:20 - INFO - utils.common - precision = 0.8821560543515982
12/21/2023 09:26:20 - INFO - utils.common - 计算 recall ing...
12/21/2023 09:26:20 - INFO - utils.common - result = {'f1score': 0.8813494649560556, 'acc': 0.883625, 'precision': 0.8821560543515982, 'recall': 0.8812325790610959}
12/21/2023 09:26:20 - INFO - __main__ - Epoch:19, Train Accuracy:0.883625, f1:0.8813494649560556

Epoch: [19][0/63]	
12/21/2023 09:26:33 - INFO - utils.common - 计算 f1 score ing...
12/21/2023 09:26:33 - INFO - utils.common - F1score = 0.9353507031499042
12/21/2023 09:26:33 - INFO - utils.common - 计算 accuracy ing...
12/21/2023 09:26:33 - INFO - utils.common - acc = 0.9363
12/21/2023 09:26:33 - INFO - utils.common - 计算 precision ing...
12/21/2023 09:26:34 - INFO - utils.common - precision = 0.9377846446262961
12/21/2023 09:26:34 - INFO - utils.common - 计算 recall ing...
12/21/2023 09:26:34 - INFO - utils.common - result = {'f1score': 0.9353507031499042, 'acc': 0.9363, 'precision': 0.9377846446262961, 'recall': 0.9335346196846257}
12/21/2023 09:26:34 - INFO - __main__ - Epoch:19, Val Accuracy:0.9363, f1:0.9353507031499042

12/21/2023 09:26:34 - INFO - __main__ - lr:0.0003
12/21/2023 09:26:34 - INFO - __main__ - ==========Epoch:20==========
Save best weights
12/21/2023 09:26:57 - INFO - utils.common - 计算 f1 score ing...
12/21/2023 09:26:57 - INFO - utils.common - F1score = 0.8757866944475841
12/21/2023 09:26:57 - INFO - utils.common - 计算 accuracy ing...
12/21/2023 09:26:57 - INFO - utils.common - acc = 0.878
12/21/2023 09:26:57 - INFO - utils.common - 计算 precision ing...
12/21/2023 09:26:57 - INFO - utils.common - precision = 0.8773312941545662
12/21/2023 09:26:57 - INFO - utils.common - 计算 recall ing...
12/21/2023 09:26:57 - INFO - utils.common - result = {'f1score': 0.8757866944475841, 'acc': 0.878, 'precision': 0.8773312941545662, 'recall': 0.8749482884291764}
12/21/2023 09:26:57 - INFO - __main__ - Epoch:20, Train Accuracy:0.878, f1:0.8757866944475841

Epoch: [20][0/63]	
12/21/2023 09:27:16 - INFO - utils.common - 计算 f1 score ing...
12/21/2023 09:27:16 - INFO - utils.common - F1score = 0.9339007677799981
12/21/2023 09:27:16 - INFO - utils.common - 计算 accuracy ing...
12/21/2023 09:27:16 - INFO - utils.common - acc = 0.93485
12/21/2023 09:27:16 - INFO - utils.common - 计算 precision ing...
12/21/2023 09:27:16 - INFO - utils.common - precision = 0.9376608486009379
12/21/2023 09:27:16 - INFO - utils.common - 计算 recall ing...
12/21/2023 09:27:16 - INFO - utils.common - result = {'f1score': 0.9339007677799981, 'acc': 0.93485, 'precision': 0.9376608486009379, 'recall': 0.9313960280913844}
12/21/2023 09:27:16 - INFO - __main__ - Epoch:20, Val Accuracy:0.93485, f1:0.9339007677799981

12/21/2023 09:27:16 - INFO - __main__ - lr:0.00027135636881635457
12/21/2023 09:27:16 - INFO - __main__ - ==========Epoch:21==========
early_st 4
12/21/2023 09:27:43 - INFO - utils.common - 计算 f1 score ing...
12/21/2023 09:27:43 - INFO - utils.common - F1score = 0.8824563270734729
12/21/2023 09:27:43 - INFO - utils.common - 计算 accuracy ing...
12/21/2023 09:27:43 - INFO - utils.common - acc = 0.88525
12/21/2023 09:27:43 - INFO - utils.common - 计算 precision ing...
12/21/2023 09:27:43 - INFO - utils.common - precision = 0.8835279631599218
12/21/2023 09:27:43 - INFO - utils.common - 计算 recall ing...
12/21/2023 09:27:43 - INFO - utils.common - result = {'f1score': 0.8824563270734729, 'acc': 0.88525, 'precision': 0.8835279631599218, 'recall': 0.8818059301432203}
12/21/2023 09:27:43 - INFO - __main__ - Epoch:21, Train Accuracy:0.88525, f1:0.8824563270734729

Epoch: [21][0/63]	
12/21/2023 09:27:59 - INFO - utils.common - 计算 f1 score ing...
12/21/2023 09:27:59 - INFO - utils.common - F1score = 0.9393469395049183
12/21/2023 09:27:59 - INFO - utils.common - 计算 accuracy ing...
12/21/2023 09:27:59 - INFO - utils.common - acc = 0.93985
12/21/2023 09:27:59 - INFO - utils.common - 计算 precision ing...
12/21/2023 09:27:59 - INFO - utils.common - precision = 0.9404995992101658
12/21/2023 09:27:59 - INFO - utils.common - 计算 recall ing...
12/21/2023 09:27:59 - INFO - utils.common - result = {'f1score': 0.9393469395049183, 'acc': 0.93985, 'precision': 0.9404995992101658, 'recall': 0.9386788906472029}
12/21/2023 09:27:59 - INFO - __main__ - Epoch:21, Val Accuracy:0.93985, f1:0.9393469395049183

12/21/2023 09:27:59 - INFO - __main__ - lr:0.0001963663688163546
12/21/2023 09:27:59 - INFO - __main__ - ==========Epoch:22==========
Save best weights
12/21/2023 09:28:22 - INFO - utils.common - 计算 f1 score ing...
12/21/2023 09:28:22 - INFO - utils.common - F1score = 0.8882447890019203
12/21/2023 09:28:22 - INFO - utils.common - 计算 accuracy ing...
12/21/2023 09:28:22 - INFO - utils.common - acc = 0.8905
12/21/2023 09:28:22 - INFO - utils.common - 计算 precision ing...
12/21/2023 09:28:22 - INFO - utils.common - precision = 0.8897043355790202
12/21/2023 09:28:22 - INFO - utils.common - 计算 recall ing...
12/21/2023 09:28:22 - INFO - utils.common - result = {'f1score': 0.8882447890019203, 'acc': 0.8905, 'precision': 0.8897043355790202, 'recall': 0.8872852102454493}
12/21/2023 09:28:22 - INFO - __main__ - Epoch:22, Train Accuracy:0.8905, f1:0.8882447890019203

Epoch: [22][0/63]	
12/21/2023 09:28:39 - INFO - utils.common - 计算 f1 score ing...
12/21/2023 09:28:39 - INFO - utils.common - F1score = 0.9407778165612259
12/21/2023 09:28:39 - INFO - utils.common - 计算 accuracy ing...
12/21/2023 09:28:39 - INFO - utils.common - acc = 0.94155
12/21/2023 09:28:39 - INFO - utils.common - 计算 precision ing...
12/21/2023 09:28:39 - INFO - utils.common - precision = 0.9426347288642197
12/21/2023 09:28:39 - INFO - utils.common - 计算 recall ing...
12/21/2023 09:28:39 - INFO - utils.common - result = {'f1score': 0.9407778165612259, 'acc': 0.94155, 'precision': 0.9426347288642197, 'recall': 0.93948286132793}
12/21/2023 09:28:39 - INFO - __main__ - Epoch:22, Val Accuracy:0.94155, f1:0.9407778165612259

12/21/2023 09:28:39 - INFO - __main__ - lr:0.0001036736311836454
12/21/2023 09:28:39 - INFO - __main__ - ==========Epoch:23==========
Save best weights
12/21/2023 09:29:04 - INFO - utils.common - 计算 f1 score ing...
12/21/2023 09:29:04 - INFO - utils.common - F1score = 0.8903855479434792
12/21/2023 09:29:04 - INFO - utils.common - 计算 accuracy ing...
12/21/2023 09:29:04 - INFO - utils.common - acc = 0.89275
12/21/2023 09:29:04 - INFO - utils.common - 计算 precision ing...
12/21/2023 09:29:04 - INFO - utils.common - precision = 0.8920655476737406
12/21/2023 09:29:04 - INFO - utils.common - 计算 recall ing...
12/21/2023 09:29:04 - INFO - utils.common - result = {'f1score': 0.8903855479434792, 'acc': 0.89275, 'precision': 0.8920655476737406, 'recall': 0.8892935915760309}
12/21/2023 09:29:04 - INFO - __main__ - Epoch:23, Train Accuracy:0.89275, f1:0.8903855479434792

Epoch: [23][0/63]	
12/21/2023 09:29:22 - INFO - utils.common - 计算 f1 score ing...
12/21/2023 09:29:22 - INFO - utils.common - F1score = 0.9407702371745111
12/21/2023 09:29:22 - INFO - utils.common - 计算 accuracy ing...
12/21/2023 09:29:22 - INFO - utils.common - acc = 0.9416
12/21/2023 09:29:22 - INFO - utils.common - 计算 precision ing...
12/21/2023 09:29:22 - INFO - utils.common - precision = 0.9431647418837374
12/21/2023 09:29:22 - INFO - utils.common - 计算 recall ing...
12/21/2023 09:29:22 - INFO - utils.common - result = {'f1score': 0.9407702371745111, 'acc': 0.9416, 'precision': 0.9431647418837374, 'recall': 0.9390584054676564}
12/21/2023 09:29:22 - INFO - __main__ - Epoch:23, Val Accuracy:0.9416, f1:0.9407702371745111

12/21/2023 09:29:22 - INFO - __main__ - lr:2.8683631183645395e-05
12/21/2023 09:29:22 - INFO - __main__ - ==========Epoch:24==========
Save best weights
12/21/2023 09:29:42 - INFO - utils.common - 计算 f1 score ing...
12/21/2023 09:29:42 - INFO - utils.common - F1score = 0.8905740525706405
12/21/2023 09:29:42 - INFO - utils.common - 计算 accuracy ing...
12/21/2023 09:29:42 - INFO - utils.common - acc = 0.89225
12/21/2023 09:29:42 - INFO - utils.common - 计算 precision ing...
12/21/2023 09:29:42 - INFO - utils.common - precision = 0.8917802757590481
12/21/2023 09:29:42 - INFO - utils.common - 计算 recall ing...
12/21/2023 09:29:42 - INFO - utils.common - result = {'f1score': 0.8905740525706405, 'acc': 0.89225, 'precision': 0.8917802757590481, 'recall': 0.889872548455457}
12/21/2023 09:29:42 - INFO - __main__ - Epoch:24, Train Accuracy:0.89225, f1:0.8905740525706405

Epoch: [24][0/63]	
12/21/2023 09:29:56 - INFO - utils.common - 计算 f1 score ing...
12/21/2023 09:29:56 - INFO - utils.common - F1score = 0.9435286242251687
12/21/2023 09:29:56 - INFO - utils.common - 计算 accuracy ing...
12/21/2023 09:29:56 - INFO - utils.common - acc = 0.94425
12/21/2023 09:29:56 - INFO - utils.common - 计算 precision ing...
12/21/2023 09:29:56 - INFO - utils.common - precision = 0.9446590497768642
12/21/2023 09:29:56 - INFO - utils.common - 计算 recall ing...
12/21/2023 09:29:56 - INFO - utils.common - result = {'f1score': 0.9435286242251687, 'acc': 0.94425, 'precision': 0.9446590497768642, 'recall': 0.9426735206469053}
12/21/2023 09:29:56 - INFO - __main__ - Epoch:24, Val Accuracy:0.94425, f1:0.9435286242251687

12/21/2023 09:29:56 - INFO - __main__ - lr:0.0003
12/21/2023 09:29:56 - INFO - __main__ - ==========Epoch:25==========
Save best weights
12/21/2023 09:30:14 - INFO - utils.common - 计算 f1 score ing...
12/21/2023 09:30:14 - INFO - utils.common - F1score = 0.8921957983771224
12/21/2023 09:30:14 - INFO - utils.common - 计算 accuracy ing...
12/21/2023 09:30:14 - INFO - utils.common - acc = 0.8945
12/21/2023 09:30:14 - INFO - utils.common - 计算 precision ing...
12/21/2023 09:30:14 - INFO - utils.common - precision = 0.8932083866214282
12/21/2023 09:30:14 - INFO - utils.common - 计算 recall ing...
12/21/2023 09:30:14 - INFO - utils.common - result = {'f1score': 0.8921957983771224, 'acc': 0.8945, 'precision': 0.8932083866214282, 'recall': 0.8915673788699693}
12/21/2023 09:30:14 - INFO - __main__ - Epoch:25, Train Accuracy:0.8945, f1:0.8921957983771224

Epoch: [25][0/63]	
12/21/2023 09:30:27 - INFO - utils.common - 计算 f1 score ing...
12/21/2023 09:30:27 - INFO - utils.common - F1score = 0.9445584662594848
12/21/2023 09:30:27 - INFO - utils.common - 计算 accuracy ing...
12/21/2023 09:30:27 - INFO - utils.common - acc = 0.9452
12/21/2023 09:30:27 - INFO - utils.common - 计算 precision ing...
12/21/2023 09:30:27 - INFO - utils.common - precision = 0.9459889417021407
12/21/2023 09:30:27 - INFO - utils.common - 计算 recall ing...
12/21/2023 09:30:27 - INFO - utils.common - result = {'f1score': 0.9445584662594848, 'acc': 0.9452, 'precision': 0.9459889417021407, 'recall': 0.9433710680103528}
12/21/2023 09:30:27 - INFO - __main__ - Epoch:25, Val Accuracy:0.9452, f1:0.9445584662594848

12/21/2023 09:30:27 - INFO - __main__ - lr:0.00027135636881635457
12/21/2023 09:30:27 - INFO - __main__ - ==========Epoch:26==========
Save best weights
12/21/2023 09:30:47 - INFO - utils.common - 计算 f1 score ing...
12/21/2023 09:30:47 - INFO - utils.common - F1score = 0.8967483903847984
12/21/2023 09:30:47 - INFO - utils.common - 计算 accuracy ing...
12/21/2023 09:30:47 - INFO - utils.common - acc = 0.898125
12/21/2023 09:30:47 - INFO - utils.common - 计算 precision ing...
12/21/2023 09:30:47 - INFO - utils.common - precision = 0.8978442113324286
12/21/2023 09:30:47 - INFO - utils.common - 计算 recall ing...
12/21/2023 09:30:47 - INFO - utils.common - result = {'f1score': 0.8967483903847984, 'acc': 0.898125, 'precision': 0.8978442113324286, 'recall': 0.8961731308912498}
12/21/2023 09:30:47 - INFO - __main__ - Epoch:26, Train Accuracy:0.898125, f1:0.8967483903847984

Epoch: [26][0/63]	
12/21/2023 09:30:59 - INFO - utils.common - 计算 f1 score ing...
12/21/2023 09:30:59 - INFO - utils.common - F1score = 0.9463919363122262
12/21/2023 09:30:59 - INFO - utils.common - 计算 accuracy ing...
12/21/2023 09:30:59 - INFO - utils.common - acc = 0.94705
12/21/2023 09:30:59 - INFO - utils.common - 计算 precision ing...
12/21/2023 09:30:59 - INFO - utils.common - precision = 0.9480439258558793
12/21/2023 09:30:59 - INFO - utils.common - 计算 recall ing...
12/21/2023 09:30:59 - INFO - utils.common - result = {'f1score': 0.9463919363122262, 'acc': 0.94705, 'precision': 0.9480439258558793, 'recall': 0.9450741472424813}
12/21/2023 09:30:59 - INFO - __main__ - Epoch:26, Val Accuracy:0.94705, f1:0.9463919363122262

12/21/2023 09:30:59 - INFO - __main__ - lr:0.0001963663688163546
12/21/2023 09:30:59 - INFO - __main__ - ==========Epoch:27==========
Save best weights
12/21/2023 09:31:18 - INFO - utils.common - 计算 f1 score ing...
12/21/2023 09:31:18 - INFO - utils.common - F1score = 0.89661421719964
12/21/2023 09:31:18 - INFO - utils.common - 计算 accuracy ing...
12/21/2023 09:31:18 - INFO - utils.common - acc = 0.898625
12/21/2023 09:31:18 - INFO - utils.common - 计算 precision ing...
12/21/2023 09:31:18 - INFO - utils.common - precision = 0.8985918915484683
12/21/2023 09:31:18 - INFO - utils.common - 计算 recall ing...
12/21/2023 09:31:18 - INFO - utils.common - result = {'f1score': 0.89661421719964, 'acc': 0.898625, 'precision': 0.8985918915484683, 'recall': 0.8952757095827604}
12/21/2023 09:31:18 - INFO - __main__ - Epoch:27, Train Accuracy:0.898625, f1:0.89661421719964

Epoch: [27][0/63]	
12/21/2023 09:31:31 - INFO - utils.common - 计算 f1 score ing...
12/21/2023 09:31:31 - INFO - utils.common - F1score = 0.9473935910190033
12/21/2023 09:31:31 - INFO - utils.common - 计算 accuracy ing...
12/21/2023 09:31:31 - INFO - utils.common - acc = 0.94795
12/21/2023 09:31:31 - INFO - utils.common - 计算 precision ing...
12/21/2023 09:31:31 - INFO - utils.common - precision = 0.9489918148900909
12/21/2023 09:31:31 - INFO - utils.common - 计算 recall ing...
12/21/2023 09:31:31 - INFO - utils.common - result = {'f1score': 0.9473935910190033, 'acc': 0.94795, 'precision': 0.9489918148900909, 'recall': 0.9460981435044076}
12/21/2023 09:31:31 - INFO - __main__ - Epoch:27, Val Accuracy:0.94795, f1:0.9473935910190033

12/21/2023 09:31:31 - INFO - __main__ - lr:0.0001036736311836454
12/21/2023 09:31:31 - INFO - __main__ - ==========Epoch:28==========
Save best weights
12/21/2023 09:31:48 - INFO - utils.common - 计算 f1 score ing...
12/21/2023 09:31:48 - INFO - utils.common - F1score = 0.896677629686505
12/21/2023 09:31:48 - INFO - utils.common - 计算 accuracy ing...
12/21/2023 09:31:48 - INFO - utils.common - acc = 0.898875
12/21/2023 09:31:48 - INFO - utils.common - 计算 precision ing...
12/21/2023 09:31:48 - INFO - utils.common - precision = 0.898256536823154
12/21/2023 09:31:48 - INFO - utils.common - 计算 recall ing...
12/21/2023 09:31:48 - INFO - utils.common - result = {'f1score': 0.896677629686505, 'acc': 0.898875, 'precision': 0.898256536823154, 'recall': 0.8955120653307248}
12/21/2023 09:31:48 - INFO - __main__ - Epoch:28, Train Accuracy:0.898875, f1:0.896677629686505

Epoch: [28][0/63]	
12/21/2023 09:32:00 - INFO - utils.common - 计算 f1 score ing...
12/21/2023 09:32:00 - INFO - utils.common - F1score = 0.9477586217134899
12/21/2023 09:32:00 - INFO - utils.common - 计算 accuracy ing...
12/21/2023 09:32:00 - INFO - utils.common - acc = 0.9484
12/21/2023 09:32:00 - INFO - utils.common - 计算 precision ing...
12/21/2023 09:32:00 - INFO - utils.common - precision = 0.9492633839967102
12/21/2023 09:32:00 - INFO - utils.common - 计算 recall ing...
12/21/2023 09:32:00 - INFO - utils.common - result = {'f1score': 0.9477586217134899, 'acc': 0.9484, 'precision': 0.9492633839967102, 'recall': 0.9465510446612471}
12/21/2023 09:32:00 - INFO - __main__ - Epoch:28, Val Accuracy:0.9484, f1:0.9477586217134899

12/21/2023 09:32:00 - INFO - __main__ - lr:2.8683631183645395e-05
12/21/2023 09:32:00 - INFO - __main__ - ==========Epoch:29==========
Save best weights
12/21/2023 09:32:20 - INFO - utils.common - 计算 f1 score ing...
12/21/2023 09:32:20 - INFO - utils.common - F1score = 0.89973479627389
12/21/2023 09:32:20 - INFO - utils.common - 计算 accuracy ing...
12/21/2023 09:32:20 - INFO - utils.common - acc = 0.901875
12/21/2023 09:32:20 - INFO - utils.common - 计算 precision ing...
12/21/2023 09:32:20 - INFO - utils.common - precision = 0.9014361289971995
12/21/2023 09:32:20 - INFO - utils.common - 计算 recall ing...
12/21/2023 09:32:20 - INFO - utils.common - result = {'f1score': 0.89973479627389, 'acc': 0.901875, 'precision': 0.9014361289971995, 'recall': 0.8986765500381255}
12/21/2023 09:32:20 - INFO - __main__ - Epoch:29, Train Accuracy:0.901875, f1:0.89973479627389

Epoch: [29][0/63]	
12/21/2023 09:32:32 - INFO - utils.common - 计算 f1 score ing...
12/21/2023 09:32:32 - INFO - utils.common - F1score = 0.9468057989027593
12/21/2023 09:32:32 - INFO - utils.common - 计算 accuracy ing...
12/21/2023 09:32:32 - INFO - utils.common - acc = 0.9475
12/21/2023 09:32:32 - INFO - utils.common - 计算 precision ing...
12/21/2023 09:32:32 - INFO - utils.common - precision = 0.9482548470349647
12/21/2023 09:32:32 - INFO - utils.common - 计算 recall ing...
12/21/2023 09:32:32 - INFO - utils.common - result = {'f1score': 0.9468057989027593, 'acc': 0.9475, 'precision': 0.9482548470349647, 'recall': 0.9457653808635624}
12/21/2023 09:32:32 - INFO - __main__ - Epoch:29, Val Accuracy:0.9475, f1:0.9468057989027593

12/21/2023 09:32:32 - INFO - __main__ - lr:0.0003
12/21/2023 09:32:32 - INFO - __main__ - ==========Epoch:30==========
early_st 4
12/21/2023 09:32:50 - INFO - utils.common - 计算 f1 score ing...
12/21/2023 09:32:50 - INFO - utils.common - F1score = 0.9027711694074081
12/21/2023 09:32:50 - INFO - utils.common - 计算 accuracy ing...
12/21/2023 09:32:50 - INFO - utils.common - acc = 0.904125
12/21/2023 09:32:50 - INFO - utils.common - 计算 precision ing...
12/21/2023 09:32:50 - INFO - utils.common - precision = 0.9037659990775206
12/21/2023 09:32:50 - INFO - utils.common - 计算 recall ing...
12/21/2023 09:32:50 - INFO - utils.common - result = {'f1score': 0.9027711694074081, 'acc': 0.904125, 'precision': 0.9037659990775206, 'recall': 0.9021734242542071}
12/21/2023 09:32:50 - INFO - __main__ - Epoch:30, Train Accuracy:0.904125, f1:0.9027711694074081

Epoch: [30][0/63]	
12/21/2023 09:33:04 - INFO - utils.common - 计算 f1 score ing...
12/21/2023 09:33:04 - INFO - utils.common - F1score = 0.9495930202881355
12/21/2023 09:33:04 - INFO - utils.common - 计算 accuracy ing...
12/21/2023 09:33:04 - INFO - utils.common - acc = 0.95015
12/21/2023 09:33:04 - INFO - utils.common - 计算 precision ing...
12/21/2023 09:33:04 - INFO - utils.common - precision = 0.9498762360289904
12/21/2023 09:33:04 - INFO - utils.common - 计算 recall ing...
12/21/2023 09:33:04 - INFO - utils.common - result = {'f1score': 0.9495930202881355, 'acc': 0.95015, 'precision': 0.9498762360289904, 'recall': 0.9494656972622914}
12/21/2023 09:33:04 - INFO - __main__ - Epoch:30, Val Accuracy:0.95015, f1:0.9495930202881355

12/21/2023 09:33:04 - INFO - __main__ - lr:0.00027135636881635457
12/21/2023 09:33:04 - INFO - __main__ - ==========Epoch:31==========
Save best weights
12/21/2023 09:33:21 - INFO - utils.common - 计算 f1 score ing...
12/21/2023 09:33:22 - INFO - utils.common - F1score = 0.9040887735883965
12/21/2023 09:33:22 - INFO - utils.common - 计算 accuracy ing...
12/21/2023 09:33:22 - INFO - utils.common - acc = 0.905625
12/21/2023 09:33:22 - INFO - utils.common - 计算 precision ing...
12/21/2023 09:33:22 - INFO - utils.common - precision = 0.9049230879404335
12/21/2023 09:33:22 - INFO - utils.common - 计算 recall ing...
12/21/2023 09:33:22 - INFO - utils.common - result = {'f1score': 0.9040887735883965, 'acc': 0.905625, 'precision': 0.9049230879404335, 'recall': 0.9034863351248684}
12/21/2023 09:33:22 - INFO - __main__ - Epoch:31, Train Accuracy:0.905625, f1:0.9040887735883965

Epoch: [31][0/63]	
12/21/2023 09:33:34 - INFO - utils.common - 计算 f1 score ing...
12/21/2023 09:33:35 - INFO - utils.common - F1score = 0.949610024364089
12/21/2023 09:33:35 - INFO - utils.common - 计算 accuracy ing...
12/21/2023 09:33:35 - INFO - utils.common - acc = 0.9503
12/21/2023 09:33:35 - INFO - utils.common - 计算 precision ing...
12/21/2023 09:33:35 - INFO - utils.common - precision = 0.9507953980187602
12/21/2023 09:33:35 - INFO - utils.common - 计算 recall ing...
12/21/2023 09:33:35 - INFO - utils.common - result = {'f1score': 0.949610024364089, 'acc': 0.9503, 'precision': 0.9507953980187602, 'recall': 0.9487000145048299}
12/21/2023 09:33:35 - INFO - __main__ - Epoch:31, Val Accuracy:0.9503, f1:0.949610024364089

12/21/2023 09:33:35 - INFO - __main__ - lr:0.0001963663688163546
12/21/2023 09:33:35 - INFO - __main__ - ==========Epoch:32==========
Save best weights
12/21/2023 09:33:53 - INFO - utils.common - 计算 f1 score ing...
12/21/2023 09:33:53 - INFO - utils.common - F1score = 0.9057961721285159
12/21/2023 09:33:53 - INFO - utils.common - 计算 accuracy ing...
12/21/2023 09:33:53 - INFO - utils.common - acc = 0.907125
12/21/2023 09:33:53 - INFO - utils.common - 计算 precision ing...
12/21/2023 09:33:53 - INFO - utils.common - precision = 0.9067142244011932
12/21/2023 09:33:53 - INFO - utils.common - 计算 recall ing...
12/21/2023 09:33:53 - INFO - utils.common - result = {'f1score': 0.9057961721285159, 'acc': 0.907125, 'precision': 0.9067142244011932, 'recall': 0.9050710491618259}
12/21/2023 09:33:53 - INFO - __main__ - Epoch:32, Train Accuracy:0.907125, f1:0.9057961721285159

Epoch: [32][0/63]	
12/21/2023 09:34:05 - INFO - utils.common - 计算 f1 score ing...
12/21/2023 09:34:05 - INFO - utils.common - F1score = 0.9505003114529155
12/21/2023 09:34:05 - INFO - utils.common - 计算 accuracy ing...
12/21/2023 09:34:05 - INFO - utils.common - acc = 0.95105
12/21/2023 09:34:05 - INFO - utils.common - 计算 precision ing...
12/21/2023 09:34:05 - INFO - utils.common - precision = 0.9515422259291202
12/21/2023 09:34:05 - INFO - utils.common - 计算 recall ing...
12/21/2023 09:34:05 - INFO - utils.common - result = {'f1score': 0.9505003114529155, 'acc': 0.95105, 'precision': 0.9515422259291202, 'recall': 0.9497273080697622}
12/21/2023 09:34:05 - INFO - __main__ - Epoch:32, Val Accuracy:0.95105, f1:0.9505003114529155

12/21/2023 09:34:05 - INFO - __main__ - lr:0.0001036736311836454
12/21/2023 09:34:05 - INFO - __main__ - ==========Epoch:33==========
Save best weights
12/21/2023 09:34:24 - INFO - utils.common - 计算 f1 score ing...
12/21/2023 09:34:24 - INFO - utils.common - F1score = 0.9021945084193069
12/21/2023 09:34:24 - INFO - utils.common - 计算 accuracy ing...
12/21/2023 09:34:24 - INFO - utils.common - acc = 0.904625
12/21/2023 09:34:24 - INFO - utils.common - 计算 precision ing...
12/21/2023 09:34:24 - INFO - utils.common - precision = 0.9028171120050354
12/21/2023 09:34:24 - INFO - utils.common - 计算 recall ing...
12/21/2023 09:34:24 - INFO - utils.common - result = {'f1score': 0.9021945084193069, 'acc': 0.904625, 'precision': 0.9028171120050354, 'recall': 0.9018341516519519}
12/21/2023 09:34:24 - INFO - __main__ - Epoch:33, Train Accuracy:0.904625, f1:0.9021945084193069

Epoch: [33][0/63]	
12/21/2023 09:34:36 - INFO - utils.common - 计算 f1 score ing...
12/21/2023 09:34:36 - INFO - utils.common - F1score = 0.9504103213096218
12/21/2023 09:34:36 - INFO - utils.common - 计算 accuracy ing...
12/21/2023 09:34:36 - INFO - utils.common - acc = 0.9511
12/21/2023 09:34:36 - INFO - utils.common - 计算 precision ing...
12/21/2023 09:34:36 - INFO - utils.common - precision = 0.9518170685364488
12/21/2023 09:34:36 - INFO - utils.common - 计算 recall ing...
12/21/2023 09:34:36 - INFO - utils.common - result = {'f1score': 0.9504103213096218, 'acc': 0.9511, 'precision': 0.9518170685364488, 'recall': 0.9493693344241009}
12/21/2023 09:34:36 - INFO - __main__ - Epoch:33, Val Accuracy:0.9511, f1:0.9504103213096218

12/21/2023 09:34:36 - INFO - __main__ - lr:2.8683631183645395e-05
12/21/2023 09:34:36 - INFO - __main__ - ==========Epoch:34==========
Save best weights
12/21/2023 09:34:53 - INFO - utils.common - 计算 f1 score ing...
12/21/2023 09:34:53 - INFO - utils.common - F1score = 0.9074797708860785
12/21/2023 09:34:53 - INFO - utils.common - 计算 accuracy ing...
12/21/2023 09:34:53 - INFO - utils.common - acc = 0.90875
12/21/2023 09:34:53 - INFO - utils.common - 计算 precision ing...
12/21/2023 09:34:53 - INFO - utils.common - precision = 0.9082986246591247
12/21/2023 09:34:53 - INFO - utils.common - 计算 recall ing...
12/21/2023 09:34:53 - INFO - utils.common - result = {'f1score': 0.9074797708860785, 'acc': 0.90875, 'precision': 0.9082986246591247, 'recall': 0.9069471224092384}
12/21/2023 09:34:53 - INFO - __main__ - Epoch:34, Train Accuracy:0.90875, f1:0.9074797708860785

Epoch: [34][0/63]	
12/21/2023 09:35:06 - INFO - utils.common - 计算 f1 score ing...
12/21/2023 09:35:06 - INFO - utils.common - F1score = 0.9514816371044987
12/21/2023 09:35:06 - INFO - utils.common - 计算 accuracy ing...
12/21/2023 09:35:06 - INFO - utils.common - acc = 0.9521
12/21/2023 09:35:06 - INFO - utils.common - 计算 precision ing...
12/21/2023 09:35:06 - INFO - utils.common - precision = 0.9530532948695113
12/21/2023 09:35:06 - INFO - utils.common - 计算 recall ing...
12/21/2023 09:35:06 - INFO - utils.common - result = {'f1score': 0.9514816371044987, 'acc': 0.9521, 'precision': 0.9530532948695113, 'recall': 0.9502097078129553}
12/21/2023 09:35:06 - INFO - __main__ - Epoch:34, Val Accuracy:0.9521, f1:0.9514816371044987

12/21/2023 09:35:06 - INFO - __main__ - lr:0.0003
12/21/2023 09:35:06 - INFO - __main__ - ==========Epoch:35==========
Save best weights
12/21/2023 09:35:26 - INFO - utils.common - 计算 f1 score ing...
12/21/2023 09:35:26 - INFO - utils.common - F1score = 0.903005415637884
12/21/2023 09:35:26 - INFO - utils.common - 计算 accuracy ing...
12/21/2023 09:35:26 - INFO - utils.common - acc = 0.905125
12/21/2023 09:35:26 - INFO - utils.common - 计算 precision ing...
12/21/2023 09:35:26 - INFO - utils.common - precision = 0.9039487438717555
12/21/2023 09:35:26 - INFO - utils.common - 计算 recall ing...
12/21/2023 09:35:26 - INFO - utils.common - result = {'f1score': 0.903005415637884, 'acc': 0.905125, 'precision': 0.9039487438717555, 'recall': 0.9024648567286988}
12/21/2023 09:35:26 - INFO - __main__ - Epoch:35, Train Accuracy:0.905125, f1:0.903005415637884

Epoch: [35][0/63]	
12/21/2023 09:35:38 - INFO - utils.common - 计算 f1 score ing...
12/21/2023 09:35:38 - INFO - utils.common - F1score = 0.9513975000023014
12/21/2023 09:35:38 - INFO - utils.common - 计算 accuracy ing...
12/21/2023 09:35:38 - INFO - utils.common - acc = 0.95205
12/21/2023 09:35:38 - INFO - utils.common - 计算 precision ing...
12/21/2023 09:35:38 - INFO - utils.common - precision = 0.9529186048266869
12/21/2023 09:35:38 - INFO - utils.common - 计算 recall ing...
12/21/2023 09:35:38 - INFO - utils.common - result = {'f1score': 0.9513975000023014, 'acc': 0.95205, 'precision': 0.9529186048266869, 'recall': 0.950250191076742}
12/21/2023 09:35:38 - INFO - __main__ - Epoch:35, Val Accuracy:0.95205, f1:0.9513975000023014

12/21/2023 09:35:38 - INFO - __main__ - lr:0.00027135636881635457
12/21/2023 09:35:38 - INFO - __main__ - ==========Epoch:36==========
early_st 4
12/21/2023 09:35:57 - INFO - utils.common - 计算 f1 score ing...
12/21/2023 09:35:57 - INFO - utils.common - F1score = 0.9112591033550613
12/21/2023 09:35:57 - INFO - utils.common - 计算 accuracy ing...
12/21/2023 09:35:57 - INFO - utils.common - acc = 0.912875
12/21/2023 09:35:57 - INFO - utils.common - 计算 precision ing...
12/21/2023 09:35:58 - INFO - utils.common - precision = 0.9132118728640967
12/21/2023 09:35:58 - INFO - utils.common - 计算 recall ing...
12/21/2023 09:35:58 - INFO - utils.common - result = {'f1score': 0.9112591033550613, 'acc': 0.912875, 'precision': 0.9132118728640967, 'recall': 0.9098160966882273}
12/21/2023 09:35:58 - INFO - __main__ - Epoch:36, Train Accuracy:0.912875, f1:0.9112591033550613

Epoch: [36][0/63]	
12/21/2023 09:36:09 - INFO - utils.common - 计算 f1 score ing...
12/21/2023 09:36:10 - INFO - utils.common - F1score = 0.9534215613759474
12/21/2023 09:36:10 - INFO - utils.common - 计算 accuracy ing...
12/21/2023 09:36:10 - INFO - utils.common - acc = 0.95385
12/21/2023 09:36:10 - INFO - utils.common - 计算 precision ing...
12/21/2023 09:36:10 - INFO - utils.common - precision = 0.9541094746745006
12/21/2023 09:36:10 - INFO - utils.common - 计算 recall ing...
12/21/2023 09:36:10 - INFO - utils.common - result = {'f1score': 0.9534215613759474, 'acc': 0.95385, 'precision': 0.9541094746745006, 'recall': 0.9529827048471355}
12/21/2023 09:36:10 - INFO - __main__ - Epoch:36, Val Accuracy:0.95385, f1:0.9534215613759474

12/21/2023 09:36:10 - INFO - __main__ - lr:0.0001963663688163546
12/21/2023 09:36:10 - INFO - __main__ - ==========Epoch:37==========
Save best weights
12/21/2023 09:36:27 - INFO - utils.common - 计算 f1 score ing...
12/21/2023 09:36:27 - INFO - utils.common - F1score = 0.907908451881391
12/21/2023 09:36:27 - INFO - utils.common - 计算 accuracy ing...
12/21/2023 09:36:27 - INFO - utils.common - acc = 0.90975
12/21/2023 09:36:27 - INFO - utils.common - 计算 precision ing...
12/21/2023 09:36:27 - INFO - utils.common - precision = 0.9087255766942608
12/21/2023 09:36:27 - INFO - utils.common - 计算 recall ing...
12/21/2023 09:36:27 - INFO - utils.common - result = {'f1score': 0.907908451881391, 'acc': 0.90975, 'precision': 0.9087255766942608, 'recall': 0.9073427459828947}
12/21/2023 09:36:27 - INFO - __main__ - Epoch:37, Train Accuracy:0.90975, f1:0.907908451881391

Epoch: [37][0/63]	
12/21/2023 09:36:40 - INFO - utils.common - 计算 f1 score ing...
12/21/2023 09:36:40 - INFO - utils.common - F1score = 0.9538471016107477
12/21/2023 09:36:40 - INFO - utils.common - 计算 accuracy ing...
12/21/2023 09:36:40 - INFO - utils.common - acc = 0.9543
12/21/2023 09:36:40 - INFO - utils.common - 计算 precision ing...
12/21/2023 09:36:40 - INFO - utils.common - precision = 0.9547599327630059
12/21/2023 09:36:40 - INFO - utils.common - 计算 recall ing...
12/21/2023 09:36:40 - INFO - utils.common - result = {'f1score': 0.9538471016107477, 'acc': 0.9543, 'precision': 0.9547599327630059, 'recall': 0.9531480636216829}
12/21/2023 09:36:40 - INFO - __main__ - Epoch:37, Val Accuracy:0.9543, f1:0.9538471016107477

12/21/2023 09:36:40 - INFO - __main__ - lr:0.0001036736311836454
12/21/2023 09:36:40 - INFO - __main__ - ==========Epoch:38==========
Save best weights
12/21/2023 09:36:58 - INFO - utils.common - 计算 f1 score ing...
12/21/2023 09:36:58 - INFO - utils.common - F1score = 0.908114550827707
12/21/2023 09:36:58 - INFO - utils.common - 计算 accuracy ing...
12/21/2023 09:36:58 - INFO - utils.common - acc = 0.909875
12/21/2023 09:36:58 - INFO - utils.common - 计算 precision ing...
12/21/2023 09:36:58 - INFO - utils.common - precision = 0.9089460530262539
12/21/2023 09:36:58 - INFO - utils.common - 计算 recall ing...
12/21/2023 09:36:58 - INFO - utils.common - result = {'f1score': 0.908114550827707, 'acc': 0.909875, 'precision': 0.9089460530262539, 'recall': 0.9076089543943824}
12/21/2023 09:36:58 - INFO - __main__ - Epoch:38, Train Accuracy:0.909875, f1:0.908114550827707

Epoch: [38][0/63]	
12/21/2023 09:37:10 - INFO - utils.common - 计算 f1 score ing...
12/21/2023 09:37:10 - INFO - utils.common - F1score = 0.9541601628503307
12/21/2023 09:37:10 - INFO - utils.common - 计算 accuracy ing...
12/21/2023 09:37:10 - INFO - utils.common - acc = 0.9547
12/21/2023 09:37:10 - INFO - utils.common - 计算 precision ing...
12/21/2023 09:37:10 - INFO - utils.common - precision = 0.9550843319099473
12/21/2023 09:37:10 - INFO - utils.common - 计算 recall ing...
12/21/2023 09:37:10 - INFO - utils.common - result = {'f1score': 0.9541601628503307, 'acc': 0.9547, 'precision': 0.9550843319099473, 'recall': 0.9534391569737983}
12/21/2023 09:37:10 - INFO - __main__ - Epoch:38, Val Accuracy:0.9547, f1:0.9541601628503307

12/21/2023 09:37:10 - INFO - __main__ - lr:2.8683631183645395e-05
12/21/2023 09:37:10 - INFO - __main__ - ==========Epoch:39==========
Save best weights
12/21/2023 09:37:29 - INFO - utils.common - 计算 f1 score ing...
12/21/2023 09:37:29 - INFO - utils.common - F1score = 0.907610534161361
12/21/2023 09:37:29 - INFO - utils.common - 计算 accuracy ing...
12/21/2023 09:37:29 - INFO - utils.common - acc = 0.908875
12/21/2023 09:37:29 - INFO - utils.common - 计算 precision ing...
12/21/2023 09:37:29 - INFO - utils.common - precision = 0.9091851110008796
12/21/2023 09:37:29 - INFO - utils.common - 计算 recall ing...
12/21/2023 09:37:29 - INFO - utils.common - result = {'f1score': 0.907610534161361, 'acc': 0.908875, 'precision': 0.9091851110008796, 'recall': 0.906389896315038}
12/21/2023 09:37:29 - INFO - __main__ - Epoch:39, Train Accuracy:0.908875, f1:0.907610534161361

Epoch: [39][0/63]	
12/21/2023 09:37:41 - INFO - utils.common - 计算 f1 score ing...
12/21/2023 09:37:41 - INFO - utils.common - F1score = 0.9534763425093453
12/21/2023 09:37:41 - INFO - utils.common - 计算 accuracy ing...
12/21/2023 09:37:41 - INFO - utils.common - acc = 0.95405
12/21/2023 09:37:41 - INFO - utils.common - 计算 precision ing...
12/21/2023 09:37:41 - INFO - utils.common - precision = 0.954609937151916
12/21/2023 09:37:41 - INFO - utils.common - 计算 recall ing...
12/21/2023 09:37:41 - INFO - utils.common - result = {'f1score': 0.9534763425093453, 'acc': 0.95405, 'precision': 0.954609937151916, 'recall': 0.9526127422358976}
12/21/2023 09:37:41 - INFO - __main__ - Epoch:39, Val Accuracy:0.95405, f1:0.9534763425093453

12/21/2023 09:37:41 - INFO - __main__ - lr:0.0003
early_st 4
Test
12/21/2023 09:37:47 - INFO - utils.common - 计算 f1 score ing...
12/21/2023 09:37:47 - INFO - utils.common - F1score = 0.9057758406470884
12/21/2023 09:37:47 - INFO - utils.common - 计算 accuracy ing...
12/21/2023 09:37:47 - INFO - utils.common - acc = 0.9331476323119777
12/21/2023 09:37:47 - INFO - utils.common - 计算 precision ing...
12/21/2023 09:37:47 - INFO - utils.common - precision = 0.9204192014936269
12/21/2023 09:37:47 - INFO - utils.common - 计算 recall ing...
12/21/2023 09:37:47 - INFO - utils.common - result = {'f1score': 0.9057758406470884, 'acc': 0.9331476323119777, 'precision': 0.9204192014936269, 'recall': 0.9013130008363027}
12/21/2023 09:37:47 - INFO - __main__ - test_f1:0.9057758406470884, test_acc:0.9331476323119777, test_precision:0.9204192014936269, test_recall:0.9013130008363027
12/21/2023 09:37:47 - INFO - __main__ - Finish fine-turning...
