nohup: ignoring input
12/21/2023 08:51:36 - INFO - __main__ - 设置 seed 为:  0
12/21/2023 08:51:36 - INFO - __main__ - Start fine-turning...
12/21/2023 08:51:40 - INFO - __main__ - ==========Epoch:0==========
=> no checkpoint found at '
12/21/2023 08:51:45 - INFO - utils.common - 计算 f1 score ing...
12/21/2023 08:51:45 - INFO - utils.common - F1score = 0.07628566422816395
12/21/2023 08:51:45 - INFO - utils.common - 计算 accuracy ing...
12/21/2023 08:51:45 - INFO - utils.common - acc = 0.1275
12/21/2023 08:51:45 - INFO - utils.common - 计算 precision ing...
12/21/2023 08:51:45 - INFO - utils.common - precision = 0.11500638808276929
12/21/2023 08:51:45 - INFO - utils.common - 计算 recall ing...
12/21/2023 08:51:45 - INFO - utils.common - result = {'f1score': 0.07628566422816395, 'acc': 0.1275, 'precision': 0.11500638808276929, 'recall': 0.11796963998294069}
12/21/2023 08:51:45 - INFO - __main__ - Epoch:0, Train Accuracy:0.1275, f1:0.07628566422816395

Epoch: [0][0/7]	
12/21/2023 08:51:58 - INFO - utils.common - 计算 f1 score ing...
12/21/2023 08:51:58 - INFO - utils.common - F1score = 0.09247797335875282
12/21/2023 08:51:58 - INFO - utils.common - 计算 accuracy ing...
12/21/2023 08:51:58 - INFO - utils.common - acc = 0.14725
12/21/2023 08:51:58 - INFO - utils.common - 计算 precision ing...
12/21/2023 08:51:58 - INFO - utils.common - precision = 0.15018912599795609
12/21/2023 08:51:58 - INFO - utils.common - 计算 recall ing...
12/21/2023 08:51:58 - INFO - utils.common - result = {'f1score': 0.09247797335875282, 'acc': 0.14725, 'precision': 0.15018912599795609, 'recall': 0.14552222266137907}
12/21/2023 08:51:58 - INFO - __main__ - Epoch:0, Val Accuracy:0.14725, f1:0.09247797335875282

12/21/2023 08:51:58 - INFO - __main__ - lr:0.00027135636881635457
12/21/2023 08:51:58 - INFO - __main__ - ==========Epoch:1==========
Save best weights
12/21/2023 08:52:05 - INFO - utils.common - 计算 f1 score ing...
12/21/2023 08:52:05 - INFO - utils.common - F1score = 0.09851858854120399
12/21/2023 08:52:05 - INFO - utils.common - 计算 accuracy ing...
12/21/2023 08:52:05 - INFO - utils.common - acc = 0.115
12/21/2023 08:52:05 - INFO - utils.common - 计算 precision ing...
12/21/2023 08:52:05 - INFO - utils.common - precision = 0.11880225205384959
12/21/2023 08:52:05 - INFO - utils.common - 计算 recall ing...
12/21/2023 08:52:05 - INFO - utils.common - result = {'f1score': 0.09851858854120399, 'acc': 0.115, 'precision': 0.11880225205384959, 'recall': 0.10637412668013432}
12/21/2023 08:52:05 - INFO - __main__ - Epoch:1, Train Accuracy:0.115, f1:0.09851858854120399

Epoch: [1][0/7]	
12/21/2023 08:52:25 - INFO - utils.common - 计算 f1 score ing...
12/21/2023 08:52:25 - INFO - utils.common - F1score = 0.13951354351444953
12/21/2023 08:52:25 - INFO - utils.common - 计算 accuracy ing...
12/21/2023 08:52:25 - INFO - utils.common - acc = 0.1833
12/21/2023 08:52:25 - INFO - utils.common - 计算 precision ing...
12/21/2023 08:52:25 - INFO - utils.common - precision = 0.19145208868443556
12/21/2023 08:52:25 - INFO - utils.common - 计算 recall ing...
12/21/2023 08:52:25 - INFO - utils.common - result = {'f1score': 0.13951354351444953, 'acc': 0.1833, 'precision': 0.19145208868443556, 'recall': 0.18296851674484668}
12/21/2023 08:52:25 - INFO - __main__ - Epoch:1, Val Accuracy:0.1833, f1:0.13951354351444953

12/21/2023 08:52:25 - INFO - __main__ - lr:0.0001963663688163546
12/21/2023 08:52:25 - INFO - __main__ - ==========Epoch:2==========
Save best weights
12/21/2023 08:52:30 - INFO - utils.common - 计算 f1 score ing...
12/21/2023 08:52:30 - INFO - utils.common - F1score = 0.14680547237939592
12/21/2023 08:52:30 - INFO - utils.common - 计算 accuracy ing...
12/21/2023 08:52:30 - INFO - utils.common - acc = 0.16875
12/21/2023 08:52:30 - INFO - utils.common - 计算 precision ing...
12/21/2023 08:52:30 - INFO - utils.common - precision = 0.16099831483770977
12/21/2023 08:52:30 - INFO - utils.common - 计算 recall ing...
12/21/2023 08:52:30 - INFO - utils.common - result = {'f1score': 0.14680547237939592, 'acc': 0.16875, 'precision': 0.16099831483770977, 'recall': 0.15267609043459232}
12/21/2023 08:52:30 - INFO - __main__ - Epoch:2, Train Accuracy:0.16875, f1:0.14680547237939592

Epoch: [2][0/7]	
12/21/2023 08:52:48 - INFO - utils.common - 计算 f1 score ing...
12/21/2023 08:52:48 - INFO - utils.common - F1score = 0.19096056157881625
12/21/2023 08:52:48 - INFO - utils.common - 计算 accuracy ing...
12/21/2023 08:52:48 - INFO - utils.common - acc = 0.2232
12/21/2023 08:52:48 - INFO - utils.common - 计算 precision ing...
12/21/2023 08:52:48 - INFO - utils.common - precision = 0.23863397740011974
12/21/2023 08:52:48 - INFO - utils.common - 计算 recall ing...
12/21/2023 08:52:48 - INFO - utils.common - result = {'f1score': 0.19096056157881625, 'acc': 0.2232, 'precision': 0.23863397740011974, 'recall': 0.22077857844938278}
12/21/2023 08:52:48 - INFO - __main__ - Epoch:2, Val Accuracy:0.2232, f1:0.19096056157881625

12/21/2023 08:52:48 - INFO - __main__ - lr:0.0001036736311836454
12/21/2023 08:52:48 - INFO - __main__ - ==========Epoch:3==========
Save best weights
12/21/2023 08:52:54 - INFO - utils.common - 计算 f1 score ing...
12/21/2023 08:52:54 - INFO - utils.common - F1score = 0.20031777211079038
12/21/2023 08:52:54 - INFO - utils.common - 计算 accuracy ing...
12/21/2023 08:52:54 - INFO - utils.common - acc = 0.2325
12/21/2023 08:52:54 - INFO - utils.common - 计算 precision ing...
12/21/2023 08:52:54 - INFO - utils.common - precision = 0.24927123284916272
12/21/2023 08:52:54 - INFO - utils.common - 计算 recall ing...
12/21/2023 08:52:54 - INFO - utils.common - result = {'f1score': 0.20031777211079038, 'acc': 0.2325, 'precision': 0.24927123284916272, 'recall': 0.20880257092630206}
12/21/2023 08:52:54 - INFO - __main__ - Epoch:3, Train Accuracy:0.2325, f1:0.20031777211079038

Epoch: [3][0/7]	
12/21/2023 08:53:12 - INFO - utils.common - 计算 f1 score ing...
12/21/2023 08:53:12 - INFO - utils.common - F1score = 0.22368874714225756
12/21/2023 08:53:12 - INFO - utils.common - 计算 accuracy ing...
12/21/2023 08:53:12 - INFO - utils.common - acc = 0.2539
12/21/2023 08:53:12 - INFO - utils.common - 计算 precision ing...
12/21/2023 08:53:12 - INFO - utils.common - precision = 0.27051653916121515
12/21/2023 08:53:12 - INFO - utils.common - 计算 recall ing...
12/21/2023 08:53:12 - INFO - utils.common - result = {'f1score': 0.22368874714225756, 'acc': 0.2539, 'precision': 0.27051653916121515, 'recall': 0.2491624933856421}
12/21/2023 08:53:12 - INFO - __main__ - Epoch:3, Val Accuracy:0.2539, f1:0.22368874714225756

12/21/2023 08:53:12 - INFO - __main__ - lr:2.8683631183645395e-05
12/21/2023 08:53:12 - INFO - __main__ - ==========Epoch:4==========
Save best weights
12/21/2023 08:53:19 - INFO - utils.common - 计算 f1 score ing...
12/21/2023 08:53:19 - INFO - utils.common - F1score = 0.22644493117436962
12/21/2023 08:53:19 - INFO - utils.common - 计算 accuracy ing...
12/21/2023 08:53:19 - INFO - utils.common - acc = 0.2625
12/21/2023 08:53:19 - INFO - utils.common - 计算 precision ing...
12/21/2023 08:53:19 - INFO - utils.common - precision = 0.2537286009455733
12/21/2023 08:53:19 - INFO - utils.common - 计算 recall ing...
12/21/2023 08:53:19 - INFO - utils.common - result = {'f1score': 0.22644493117436962, 'acc': 0.2625, 'precision': 0.2537286009455733, 'recall': 0.23607886248654816}
12/21/2023 08:53:19 - INFO - __main__ - Epoch:4, Train Accuracy:0.2625, f1:0.22644493117436962

Epoch: [4][0/7]	
12/21/2023 08:53:38 - INFO - utils.common - 计算 f1 score ing...
12/21/2023 08:53:38 - INFO - utils.common - F1score = 0.2316741549167039
12/21/2023 08:53:38 - INFO - utils.common - 计算 accuracy ing...
12/21/2023 08:53:38 - INFO - utils.common - acc = 0.2624
12/21/2023 08:53:38 - INFO - utils.common - 计算 precision ing...
12/21/2023 08:53:38 - INFO - utils.common - precision = 0.2763762462999102
12/21/2023 08:53:38 - INFO - utils.common - 计算 recall ing...
12/21/2023 08:53:38 - INFO - utils.common - result = {'f1score': 0.2316741549167039, 'acc': 0.2624, 'precision': 0.2763762462999102, 'recall': 0.2589258209655432}
12/21/2023 08:53:38 - INFO - __main__ - Epoch:4, Val Accuracy:0.2624, f1:0.2316741549167039

12/21/2023 08:53:38 - INFO - __main__ - lr:0.0003
12/21/2023 08:53:38 - INFO - __main__ - ==========Epoch:5==========
Save best weights
12/21/2023 08:53:44 - INFO - utils.common - 计算 f1 score ing...
12/21/2023 08:53:44 - INFO - utils.common - F1score = 0.23337410974241835
12/21/2023 08:53:44 - INFO - utils.common - 计算 accuracy ing...
12/21/2023 08:53:44 - INFO - utils.common - acc = 0.2675
12/21/2023 08:53:44 - INFO - utils.common - 计算 precision ing...
12/21/2023 08:53:44 - INFO - utils.common - precision = 0.2554641216617093
12/21/2023 08:53:44 - INFO - utils.common - 计算 recall ing...
12/21/2023 08:53:44 - INFO - utils.common - result = {'f1score': 0.23337410974241835, 'acc': 0.2675, 'precision': 0.2554641216617093, 'recall': 0.24248695412657234}
12/21/2023 08:53:44 - INFO - __main__ - Epoch:5, Train Accuracy:0.2675, f1:0.23337410974241835

Epoch: [5][0/7]	
12/21/2023 08:54:04 - INFO - utils.common - 计算 f1 score ing...
12/21/2023 08:54:04 - INFO - utils.common - F1score = 0.33865096009849194
12/21/2023 08:54:04 - INFO - utils.common - 计算 accuracy ing...
12/21/2023 08:54:04 - INFO - utils.common - acc = 0.36745
12/21/2023 08:54:04 - INFO - utils.common - 计算 precision ing...
12/21/2023 08:54:04 - INFO - utils.common - precision = 0.39443827638638335
12/21/2023 08:54:04 - INFO - utils.common - 计算 recall ing...
12/21/2023 08:54:04 - INFO - utils.common - result = {'f1score': 0.33865096009849194, 'acc': 0.36745, 'precision': 0.39443827638638335, 'recall': 0.36009092139299587}
12/21/2023 08:54:04 - INFO - __main__ - Epoch:5, Val Accuracy:0.36745, f1:0.33865096009849194

12/21/2023 08:54:04 - INFO - __main__ - lr:0.00027135636881635457
12/21/2023 08:54:05 - INFO - __main__ - ==========Epoch:6==========
Save best weights
12/21/2023 08:54:11 - INFO - utils.common - 计算 f1 score ing...
12/21/2023 08:54:11 - INFO - utils.common - F1score = 0.3380384289917082
12/21/2023 08:54:11 - INFO - utils.common - 计算 accuracy ing...
12/21/2023 08:54:11 - INFO - utils.common - acc = 0.375
12/21/2023 08:54:11 - INFO - utils.common - 计算 precision ing...
12/21/2023 08:54:11 - INFO - utils.common - precision = 0.3564605516727647
12/21/2023 08:54:11 - INFO - utils.common - 计算 recall ing...
12/21/2023 08:54:11 - INFO - utils.common - result = {'f1score': 0.3380384289917082, 'acc': 0.375, 'precision': 0.3564605516727647, 'recall': 0.34909049985886725}
12/21/2023 08:54:11 - INFO - __main__ - Epoch:6, Train Accuracy:0.375, f1:0.3380384289917082

Epoch: [6][0/7]	
12/21/2023 08:54:31 - INFO - utils.common - 计算 f1 score ing...
12/21/2023 08:54:31 - INFO - utils.common - F1score = 0.424773852918873
12/21/2023 08:54:31 - INFO - utils.common - 计算 accuracy ing...
12/21/2023 08:54:31 - INFO - utils.common - acc = 0.4573
12/21/2023 08:54:31 - INFO - utils.common - 计算 precision ing...
12/21/2023 08:54:31 - INFO - utils.common - precision = 0.47398157947371977
12/21/2023 08:54:31 - INFO - utils.common - 计算 recall ing...
12/21/2023 08:54:31 - INFO - utils.common - result = {'f1score': 0.424773852918873, 'acc': 0.4573, 'precision': 0.47398157947371977, 'recall': 0.4501884296743073}
12/21/2023 08:54:31 - INFO - __main__ - Epoch:6, Val Accuracy:0.4573, f1:0.424773852918873

12/21/2023 08:54:31 - INFO - __main__ - lr:0.0001963663688163546
12/21/2023 08:54:31 - INFO - __main__ - ==========Epoch:7==========
Save best weights
12/21/2023 08:54:38 - INFO - utils.common - 计算 f1 score ing...
12/21/2023 08:54:38 - INFO - utils.common - F1score = 0.39327052488316316
12/21/2023 08:54:38 - INFO - utils.common - 计算 accuracy ing...
12/21/2023 08:54:38 - INFO - utils.common - acc = 0.43875
12/21/2023 08:54:38 - INFO - utils.common - 计算 precision ing...
12/21/2023 08:54:38 - INFO - utils.common - precision = 0.40092052865107974
12/21/2023 08:54:38 - INFO - utils.common - 计算 recall ing...
12/21/2023 08:54:38 - INFO - utils.common - result = {'f1score': 0.39327052488316316, 'acc': 0.43875, 'precision': 0.40092052865107974, 'recall': 0.41041214769364703}
12/21/2023 08:54:38 - INFO - __main__ - Epoch:7, Train Accuracy:0.43875, f1:0.39327052488316316

Epoch: [7][0/7]	
12/21/2023 08:54:57 - INFO - utils.common - 计算 f1 score ing...
12/21/2023 08:54:58 - INFO - utils.common - F1score = 0.46020110600173264
12/21/2023 08:54:58 - INFO - utils.common - 计算 accuracy ing...
12/21/2023 08:54:58 - INFO - utils.common - acc = 0.4981
12/21/2023 08:54:58 - INFO - utils.common - 计算 precision ing...
12/21/2023 08:54:58 - INFO - utils.common - precision = 0.50511562271855
12/21/2023 08:54:58 - INFO - utils.common - 计算 recall ing...
12/21/2023 08:54:58 - INFO - utils.common - result = {'f1score': 0.46020110600173264, 'acc': 0.4981, 'precision': 0.50511562271855, 'recall': 0.49318658233921586}
12/21/2023 08:54:58 - INFO - __main__ - Epoch:7, Val Accuracy:0.4981, f1:0.46020110600173264

12/21/2023 08:54:58 - INFO - __main__ - lr:0.0001036736311836454
12/21/2023 08:54:58 - INFO - __main__ - ==========Epoch:8==========
Save best weights
12/21/2023 08:55:04 - INFO - utils.common - 计算 f1 score ing...
12/21/2023 08:55:04 - INFO - utils.common - F1score = 0.40457905904101454
12/21/2023 08:55:04 - INFO - utils.common - 计算 accuracy ing...
12/21/2023 08:55:04 - INFO - utils.common - acc = 0.46875
12/21/2023 08:55:04 - INFO - utils.common - 计算 precision ing...
12/21/2023 08:55:04 - INFO - utils.common - precision = 0.4032887073033759
12/21/2023 08:55:04 - INFO - utils.common - 计算 recall ing...
12/21/2023 08:55:04 - INFO - utils.common - result = {'f1score': 0.40457905904101454, 'acc': 0.46875, 'precision': 0.4032887073033759, 'recall': 0.43772989905318793}
12/21/2023 08:55:04 - INFO - __main__ - Epoch:8, Train Accuracy:0.46875, f1:0.40457905904101454

Epoch: [8][0/7]	
12/21/2023 08:55:23 - INFO - utils.common - 计算 f1 score ing...
12/21/2023 08:55:23 - INFO - utils.common - F1score = 0.47408304966260406
12/21/2023 08:55:23 - INFO - utils.common - 计算 accuracy ing...
12/21/2023 08:55:23 - INFO - utils.common - acc = 0.51415
12/21/2023 08:55:23 - INFO - utils.common - 计算 precision ing...
12/21/2023 08:55:23 - INFO - utils.common - precision = 0.5212646971231162
12/21/2023 08:55:23 - INFO - utils.common - 计算 recall ing...
12/21/2023 08:55:23 - INFO - utils.common - result = {'f1score': 0.47408304966260406, 'acc': 0.51415, 'precision': 0.5212646971231162, 'recall': 0.5076741614833574}
12/21/2023 08:55:23 - INFO - __main__ - Epoch:8, Val Accuracy:0.51415, f1:0.47408304966260406

12/21/2023 08:55:23 - INFO - __main__ - lr:2.8683631183645395e-05
12/21/2023 08:55:23 - INFO - __main__ - ==========Epoch:9==========
Save best weights
12/21/2023 08:55:30 - INFO - utils.common - 计算 f1 score ing...
12/21/2023 08:55:30 - INFO - utils.common - F1score = 0.44116881510168
12/21/2023 08:55:30 - INFO - utils.common - 计算 accuracy ing...
12/21/2023 08:55:30 - INFO - utils.common - acc = 0.4875
12/21/2023 08:55:30 - INFO - utils.common - 计算 precision ing...
12/21/2023 08:55:30 - INFO - utils.common - precision = 0.4498795890467855
12/21/2023 08:55:30 - INFO - utils.common - 计算 recall ing...
12/21/2023 08:55:30 - INFO - utils.common - result = {'f1score': 0.44116881510168, 'acc': 0.4875, 'precision': 0.4498795890467855, 'recall': 0.4606479877513448}
12/21/2023 08:55:30 - INFO - __main__ - Epoch:9, Train Accuracy:0.4875, f1:0.44116881510168

Epoch: [9][0/7]	
12/21/2023 08:55:50 - INFO - utils.common - 计算 f1 score ing...
12/21/2023 08:55:50 - INFO - utils.common - F1score = 0.47774057139180726
12/21/2023 08:55:50 - INFO - utils.common - 计算 accuracy ing...
12/21/2023 08:55:50 - INFO - utils.common - acc = 0.5198
12/21/2023 08:55:50 - INFO - utils.common - 计算 precision ing...
12/21/2023 08:55:50 - INFO - utils.common - precision = 0.5243886820824669
12/21/2023 08:55:50 - INFO - utils.common - 计算 recall ing...
12/21/2023 08:55:50 - INFO - utils.common - result = {'f1score': 0.47774057139180726, 'acc': 0.5198, 'precision': 0.5243886820824669, 'recall': 0.5135414394807435}
12/21/2023 08:55:50 - INFO - __main__ - Epoch:9, Val Accuracy:0.5198, f1:0.47774057139180726

12/21/2023 08:55:50 - INFO - __main__ - lr:0.0003
12/21/2023 08:55:50 - INFO - __main__ - ==========Epoch:10==========
Save best weights
12/21/2023 08:55:56 - INFO - utils.common - 计算 f1 score ing...
12/21/2023 08:55:56 - INFO - utils.common - F1score = 0.459284081849678
12/21/2023 08:55:56 - INFO - utils.common - 计算 accuracy ing...
12/21/2023 08:55:56 - INFO - utils.common - acc = 0.51125
12/21/2023 08:55:56 - INFO - utils.common - 计算 precision ing...
12/21/2023 08:55:56 - INFO - utils.common - precision = 0.46545029932506954
12/21/2023 08:55:56 - INFO - utils.common - 计算 recall ing...
12/21/2023 08:55:56 - INFO - utils.common - result = {'f1score': 0.459284081849678, 'acc': 0.51125, 'precision': 0.46545029932506954, 'recall': 0.48091266870952537}
12/21/2023 08:55:56 - INFO - __main__ - Epoch:10, Train Accuracy:0.51125, f1:0.459284081849678

Epoch: [10][0/7]	
12/21/2023 08:56:15 - INFO - utils.common - 计算 f1 score ing...
12/21/2023 08:56:15 - INFO - utils.common - F1score = 0.5261150514192673
12/21/2023 08:56:15 - INFO - utils.common - 计算 accuracy ing...
12/21/2023 08:56:15 - INFO - utils.common - acc = 0.5702
12/21/2023 08:56:15 - INFO - utils.common - 计算 precision ing...
12/21/2023 08:56:15 - INFO - utils.common - precision = 0.5700327441906609
12/21/2023 08:56:15 - INFO - utils.common - 计算 recall ing...
12/21/2023 08:56:16 - INFO - utils.common - result = {'f1score': 0.5261150514192673, 'acc': 0.5702, 'precision': 0.5700327441906609, 'recall': 0.5585268210338857}
12/21/2023 08:56:16 - INFO - __main__ - Epoch:10, Val Accuracy:0.5702, f1:0.5261150514192673

12/21/2023 08:56:16 - INFO - __main__ - lr:0.00027135636881635457
12/21/2023 08:56:16 - INFO - __main__ - ==========Epoch:11==========
Save best weights
12/21/2023 08:56:22 - INFO - utils.common - 计算 f1 score ing...
12/21/2023 08:56:22 - INFO - utils.common - F1score = 0.48659769520021556
12/21/2023 08:56:22 - INFO - utils.common - 计算 accuracy ing...
12/21/2023 08:56:22 - INFO - utils.common - acc = 0.54125
12/21/2023 08:56:22 - INFO - utils.common - 计算 precision ing...
12/21/2023 08:56:22 - INFO - utils.common - precision = 0.5199328347242571
12/21/2023 08:56:22 - INFO - utils.common - 计算 recall ing...
12/21/2023 08:56:22 - INFO - utils.common - result = {'f1score': 0.48659769520021556, 'acc': 0.54125, 'precision': 0.5199328347242571, 'recall': 0.5103346602725307}
12/21/2023 08:56:22 - INFO - __main__ - Epoch:11, Train Accuracy:0.54125, f1:0.48659769520021556

Epoch: [11][0/7]	
12/21/2023 08:56:41 - INFO - utils.common - 计算 f1 score ing...
12/21/2023 08:56:41 - INFO - utils.common - F1score = 0.5470900710303376
12/21/2023 08:56:41 - INFO - utils.common - 计算 accuracy ing...
12/21/2023 08:56:41 - INFO - utils.common - acc = 0.59445
12/21/2023 08:56:41 - INFO - utils.common - 计算 precision ing...
12/21/2023 08:56:41 - INFO - utils.common - precision = 0.5958305597754169
12/21/2023 08:56:41 - INFO - utils.common - 计算 recall ing...
12/21/2023 08:56:42 - INFO - utils.common - result = {'f1score': 0.5470900710303376, 'acc': 0.59445, 'precision': 0.5958305597754169, 'recall': 0.5813906022308051}
12/21/2023 08:56:42 - INFO - __main__ - Epoch:11, Val Accuracy:0.59445, f1:0.5470900710303376

12/21/2023 08:56:42 - INFO - __main__ - lr:0.0001963663688163546
12/21/2023 08:56:42 - INFO - __main__ - ==========Epoch:12==========
Save best weights
12/21/2023 08:56:47 - INFO - utils.common - 计算 f1 score ing...
12/21/2023 08:56:47 - INFO - utils.common - F1score = 0.5241255485601722
12/21/2023 08:56:47 - INFO - utils.common - 计算 accuracy ing...
12/21/2023 08:56:47 - INFO - utils.common - acc = 0.57625
12/21/2023 08:56:47 - INFO - utils.common - 计算 precision ing...
12/21/2023 08:56:47 - INFO - utils.common - precision = 0.543365743764044
12/21/2023 08:56:47 - INFO - utils.common - 计算 recall ing...
12/21/2023 08:56:47 - INFO - utils.common - result = {'f1score': 0.5241255485601722, 'acc': 0.57625, 'precision': 0.543365743764044, 'recall': 0.544863985473238}
12/21/2023 08:56:47 - INFO - __main__ - Epoch:12, Train Accuracy:0.57625, f1:0.5241255485601722

Epoch: [12][0/7]	
12/21/2023 08:57:06 - INFO - utils.common - 计算 f1 score ing...
12/21/2023 08:57:06 - INFO - utils.common - F1score = 0.561836341525686
12/21/2023 08:57:06 - INFO - utils.common - 计算 accuracy ing...
12/21/2023 08:57:06 - INFO - utils.common - acc = 0.6121
12/21/2023 08:57:06 - INFO - utils.common - 计算 precision ing...
12/21/2023 08:57:06 - INFO - utils.common - precision = 0.6158339326615124
12/21/2023 08:57:06 - INFO - utils.common - 计算 recall ing...
12/21/2023 08:57:07 - INFO - utils.common - result = {'f1score': 0.561836341525686, 'acc': 0.6121, 'precision': 0.6158339326615124, 'recall': 0.5970902096433917}
12/21/2023 08:57:07 - INFO - __main__ - Epoch:12, Val Accuracy:0.6121, f1:0.561836341525686

12/21/2023 08:57:07 - INFO - __main__ - lr:0.0001036736311836454
12/21/2023 08:57:07 - INFO - __main__ - ==========Epoch:13==========
Save best weights
12/21/2023 08:57:12 - INFO - utils.common - 计算 f1 score ing...
12/21/2023 08:57:12 - INFO - utils.common - F1score = 0.5118240141230317
12/21/2023 08:57:12 - INFO - utils.common - 计算 accuracy ing...
12/21/2023 08:57:12 - INFO - utils.common - acc = 0.56375
12/21/2023 08:57:12 - INFO - utils.common - 计算 precision ing...
12/21/2023 08:57:12 - INFO - utils.common - precision = 0.534677564286747
12/21/2023 08:57:12 - INFO - utils.common - 计算 recall ing...
12/21/2023 08:57:12 - INFO - utils.common - result = {'f1score': 0.5118240141230317, 'acc': 0.56375, 'precision': 0.534677564286747, 'recall': 0.5334049496548656}
12/21/2023 08:57:12 - INFO - __main__ - Epoch:13, Train Accuracy:0.56375, f1:0.5118240141230317

Epoch: [13][0/7]	
12/21/2023 08:57:32 - INFO - utils.common - 计算 f1 score ing...
12/21/2023 08:57:32 - INFO - utils.common - F1score = 0.5746762627831029
12/21/2023 08:57:32 - INFO - utils.common - 计算 accuracy ing...
12/21/2023 08:57:32 - INFO - utils.common - acc = 0.62385
12/21/2023 08:57:32 - INFO - utils.common - 计算 precision ing...
12/21/2023 08:57:32 - INFO - utils.common - precision = 0.6265627988976431
12/21/2023 08:57:32 - INFO - utils.common - 计算 recall ing...
12/21/2023 08:57:32 - INFO - utils.common - result = {'f1score': 0.5746762627831029, 'acc': 0.62385, 'precision': 0.6265627988976431, 'recall': 0.6097121323128992}
12/21/2023 08:57:32 - INFO - __main__ - Epoch:13, Val Accuracy:0.62385, f1:0.5746762627831029

12/21/2023 08:57:32 - INFO - __main__ - lr:2.8683631183645395e-05
12/21/2023 08:57:32 - INFO - __main__ - ==========Epoch:14==========
Save best weights
12/21/2023 08:57:38 - INFO - utils.common - 计算 f1 score ing...
12/21/2023 08:57:38 - INFO - utils.common - F1score = 0.5146657243946174
12/21/2023 08:57:38 - INFO - utils.common - 计算 accuracy ing...
12/21/2023 08:57:38 - INFO - utils.common - acc = 0.5725
12/21/2023 08:57:38 - INFO - utils.common - 计算 precision ing...
12/21/2023 08:57:38 - INFO - utils.common - precision = 0.5134642764471322
12/21/2023 08:57:38 - INFO - utils.common - 计算 recall ing...
12/21/2023 08:57:38 - INFO - utils.common - result = {'f1score': 0.5146657243946174, 'acc': 0.5725, 'precision': 0.5134642764471322, 'recall': 0.540971031894922}
12/21/2023 08:57:38 - INFO - __main__ - Epoch:14, Train Accuracy:0.5725, f1:0.5146657243946174

Epoch: [14][0/7]	
12/21/2023 08:57:58 - INFO - utils.common - 计算 f1 score ing...
12/21/2023 08:57:58 - INFO - utils.common - F1score = 0.5746036747621089
12/21/2023 08:57:58 - INFO - utils.common - 计算 accuracy ing...
12/21/2023 08:57:58 - INFO - utils.common - acc = 0.62385
12/21/2023 08:57:58 - INFO - utils.common - 计算 precision ing...
12/21/2023 08:57:58 - INFO - utils.common - precision = 0.6276927265675502
12/21/2023 08:57:58 - INFO - utils.common - 计算 recall ing...
12/21/2023 08:57:58 - INFO - utils.common - result = {'f1score': 0.5746036747621089, 'acc': 0.62385, 'precision': 0.6276927265675502, 'recall': 0.6088015718646013}
12/21/2023 08:57:58 - INFO - __main__ - Epoch:14, Val Accuracy:0.62385, f1:0.5746036747621089

12/21/2023 08:57:58 - INFO - __main__ - lr:0.0003
12/21/2023 08:57:58 - INFO - __main__ - ==========Epoch:15==========
Save best weights
12/21/2023 08:58:03 - INFO - utils.common - 计算 f1 score ing...
12/21/2023 08:58:03 - INFO - utils.common - F1score = 0.5303147349802043
12/21/2023 08:58:03 - INFO - utils.common - 计算 accuracy ing...
12/21/2023 08:58:03 - INFO - utils.common - acc = 0.59375
12/21/2023 08:58:03 - INFO - utils.common - 计算 precision ing...
12/21/2023 08:58:03 - INFO - utils.common - precision = 0.5317382994592693
12/21/2023 08:58:03 - INFO - utils.common - 计算 recall ing...
12/21/2023 08:58:03 - INFO - utils.common - result = {'f1score': 0.5303147349802043, 'acc': 0.59375, 'precision': 0.5317382994592693, 'recall': 0.5632204799798097}
12/21/2023 08:58:03 - INFO - __main__ - Epoch:15, Train Accuracy:0.59375, f1:0.5303147349802043

Epoch: [15][0/7]	
12/21/2023 08:58:22 - INFO - utils.common - 计算 f1 score ing...
12/21/2023 08:58:22 - INFO - utils.common - F1score = 0.6012266170896601
12/21/2023 08:58:22 - INFO - utils.common - 计算 accuracy ing...
12/21/2023 08:58:22 - INFO - utils.common - acc = 0.6498
12/21/2023 08:58:22 - INFO - utils.common - 计算 precision ing...
12/21/2023 08:58:22 - INFO - utils.common - precision = 0.6450393604010374
12/21/2023 08:58:22 - INFO - utils.common - 计算 recall ing...
12/21/2023 08:58:22 - INFO - utils.common - result = {'f1score': 0.6012266170896601, 'acc': 0.6498, 'precision': 0.6450393604010374, 'recall': 0.6350343918022673}
12/21/2023 08:58:22 - INFO - __main__ - Epoch:15, Val Accuracy:0.6498, f1:0.6012266170896601

12/21/2023 08:58:22 - INFO - __main__ - lr:0.00027135636881635457
12/21/2023 08:58:22 - INFO - __main__ - ==========Epoch:16==========
Save best weights
12/21/2023 08:58:29 - INFO - utils.common - 计算 f1 score ing...
12/21/2023 08:58:29 - INFO - utils.common - F1score = 0.5525714248853564
12/21/2023 08:58:29 - INFO - utils.common - 计算 accuracy ing...
12/21/2023 08:58:29 - INFO - utils.common - acc = 0.605
12/21/2023 08:58:29 - INFO - utils.common - 计算 precision ing...
12/21/2023 08:58:29 - INFO - utils.common - precision = 0.5596483335367621
12/21/2023 08:58:29 - INFO - utils.common - 计算 recall ing...
12/21/2023 08:58:29 - INFO - utils.common - result = {'f1score': 0.5525714248853564, 'acc': 0.605, 'precision': 0.5596483335367621, 'recall': 0.5756169606839813}
12/21/2023 08:58:29 - INFO - __main__ - Epoch:16, Train Accuracy:0.605, f1:0.5525714248853564

Epoch: [16][0/7]	
12/21/2023 08:58:48 - INFO - utils.common - 计算 f1 score ing...
12/21/2023 08:58:48 - INFO - utils.common - F1score = 0.6331791220806314
12/21/2023 08:58:48 - INFO - utils.common - 计算 accuracy ing...
12/21/2023 08:58:48 - INFO - utils.common - acc = 0.6745
12/21/2023 08:58:48 - INFO - utils.common - 计算 precision ing...
12/21/2023 08:58:48 - INFO - utils.common - precision = 0.6694816322932987
12/21/2023 08:58:48 - INFO - utils.common - 计算 recall ing...
12/21/2023 08:58:48 - INFO - utils.common - result = {'f1score': 0.6331791220806314, 'acc': 0.6745, 'precision': 0.6694816322932987, 'recall': 0.6594964281217631}
12/21/2023 08:58:48 - INFO - __main__ - Epoch:16, Val Accuracy:0.6745, f1:0.6331791220806314

12/21/2023 08:58:48 - INFO - __main__ - lr:0.0001963663688163546
12/21/2023 08:58:48 - INFO - __main__ - ==========Epoch:17==========
Save best weights
12/21/2023 08:58:53 - INFO - utils.common - 计算 f1 score ing...
12/21/2023 08:58:53 - INFO - utils.common - F1score = 0.586653150563948
12/21/2023 08:58:53 - INFO - utils.common - 计算 accuracy ing...
12/21/2023 08:58:53 - INFO - utils.common - acc = 0.6325
12/21/2023 08:58:53 - INFO - utils.common - 计算 precision ing...
12/21/2023 08:58:53 - INFO - utils.common - precision = 0.5971904518483742
12/21/2023 08:58:53 - INFO - utils.common - 计算 recall ing...
12/21/2023 08:58:53 - INFO - utils.common - result = {'f1score': 0.586653150563948, 'acc': 0.6325, 'precision': 0.5971904518483742, 'recall': 0.605449414006646}
12/21/2023 08:58:53 - INFO - __main__ - Epoch:17, Train Accuracy:0.6325, f1:0.586653150563948

Epoch: [17][0/7]	
12/21/2023 08:59:12 - INFO - utils.common - 计算 f1 score ing...
12/21/2023 08:59:12 - INFO - utils.common - F1score = 0.649105355196683
12/21/2023 08:59:12 - INFO - utils.common - 计算 accuracy ing...
12/21/2023 08:59:13 - INFO - utils.common - acc = 0.6872
12/21/2023 08:59:13 - INFO - utils.common - 计算 precision ing...
12/21/2023 08:59:13 - INFO - utils.common - precision = 0.6851000453113367
12/21/2023 08:59:13 - INFO - utils.common - 计算 recall ing...
12/21/2023 08:59:13 - INFO - utils.common - result = {'f1score': 0.649105355196683, 'acc': 0.6872, 'precision': 0.6851000453113367, 'recall': 0.6719756464456138}
12/21/2023 08:59:13 - INFO - __main__ - Epoch:17, Val Accuracy:0.6872, f1:0.649105355196683

12/21/2023 08:59:13 - INFO - __main__ - lr:0.0001036736311836454
12/21/2023 08:59:13 - INFO - __main__ - ==========Epoch:18==========
Save best weights
12/21/2023 08:59:18 - INFO - utils.common - 计算 f1 score ing...
12/21/2023 08:59:18 - INFO - utils.common - F1score = 0.5974263980108933
12/21/2023 08:59:18 - INFO - utils.common - 计算 accuracy ing...
12/21/2023 08:59:18 - INFO - utils.common - acc = 0.64125
12/21/2023 08:59:18 - INFO - utils.common - 计算 precision ing...
12/21/2023 08:59:18 - INFO - utils.common - precision = 0.6089036399516269
12/21/2023 08:59:18 - INFO - utils.common - 计算 recall ing...
12/21/2023 08:59:18 - INFO - utils.common - result = {'f1score': 0.5974263980108933, 'acc': 0.64125, 'precision': 0.6089036399516269, 'recall': 0.6123842142631437}
12/21/2023 08:59:18 - INFO - __main__ - Epoch:18, Train Accuracy:0.64125, f1:0.5974263980108933

Epoch: [18][0/7]	
12/21/2023 08:59:37 - INFO - utils.common - 计算 f1 score ing...
12/21/2023 08:59:37 - INFO - utils.common - F1score = 0.6575078604343829
12/21/2023 08:59:37 - INFO - utils.common - 计算 accuracy ing...
12/21/2023 08:59:37 - INFO - utils.common - acc = 0.69675
12/21/2023 08:59:37 - INFO - utils.common - 计算 precision ing...
12/21/2023 08:59:37 - INFO - utils.common - precision = 0.6914311908081686
12/21/2023 08:59:37 - INFO - utils.common - 计算 recall ing...
12/21/2023 08:59:37 - INFO - utils.common - result = {'f1score': 0.6575078604343829, 'acc': 0.69675, 'precision': 0.6914311908081686, 'recall': 0.6812016341938079}
12/21/2023 08:59:37 - INFO - __main__ - Epoch:18, Val Accuracy:0.69675, f1:0.6575078604343829

12/21/2023 08:59:37 - INFO - __main__ - lr:2.8683631183645395e-05
12/21/2023 08:59:37 - INFO - __main__ - ==========Epoch:19==========
Save best weights
12/21/2023 08:59:42 - INFO - utils.common - 计算 f1 score ing...
12/21/2023 08:59:42 - INFO - utils.common - F1score = 0.6016142270553496
12/21/2023 08:59:42 - INFO - utils.common - 计算 accuracy ing...
12/21/2023 08:59:42 - INFO - utils.common - acc = 0.64625
12/21/2023 08:59:42 - INFO - utils.common - 计算 precision ing...
12/21/2023 08:59:42 - INFO - utils.common - precision = 0.6179227919551978
12/21/2023 08:59:42 - INFO - utils.common - 计算 recall ing...
12/21/2023 08:59:42 - INFO - utils.common - result = {'f1score': 0.6016142270553496, 'acc': 0.64625, 'precision': 0.6179227919551978, 'recall': 0.6154082573594947}
12/21/2023 08:59:42 - INFO - __main__ - Epoch:19, Train Accuracy:0.64625, f1:0.6016142270553496

Epoch: [19][0/7]	
12/21/2023 09:00:01 - INFO - utils.common - 计算 f1 score ing...
12/21/2023 09:00:01 - INFO - utils.common - F1score = 0.6594893438695484
12/21/2023 09:00:01 - INFO - utils.common - 计算 accuracy ing...
12/21/2023 09:00:01 - INFO - utils.common - acc = 0.69725
12/21/2023 09:00:01 - INFO - utils.common - 计算 precision ing...
12/21/2023 09:00:01 - INFO - utils.common - precision = 0.695405663767836
12/21/2023 09:00:01 - INFO - utils.common - 计算 recall ing...
12/21/2023 09:00:01 - INFO - utils.common - result = {'f1score': 0.6594893438695484, 'acc': 0.69725, 'precision': 0.695405663767836, 'recall': 0.6819170040873676}
12/21/2023 09:00:01 - INFO - __main__ - Epoch:19, Val Accuracy:0.69725, f1:0.6594893438695484

12/21/2023 09:00:01 - INFO - __main__ - lr:0.0003
12/21/2023 09:00:01 - INFO - __main__ - ==========Epoch:20==========
Save best weights
12/21/2023 09:00:07 - INFO - utils.common - 计算 f1 score ing...
12/21/2023 09:00:07 - INFO - utils.common - F1score = 0.60246969916778
12/21/2023 09:00:07 - INFO - utils.common - 计算 accuracy ing...
12/21/2023 09:00:07 - INFO - utils.common - acc = 0.64625
12/21/2023 09:00:07 - INFO - utils.common - 计算 precision ing...
12/21/2023 09:00:07 - INFO - utils.common - precision = 0.6177857335537971
12/21/2023 09:00:07 - INFO - utils.common - 计算 recall ing...
12/21/2023 09:00:07 - INFO - utils.common - result = {'f1score': 0.60246969916778, 'acc': 0.64625, 'precision': 0.6177857335537971, 'recall': 0.6157745446416467}
12/21/2023 09:00:07 - INFO - __main__ - Epoch:20, Train Accuracy:0.64625, f1:0.60246969916778

Epoch: [20][0/7]	
12/21/2023 09:00:24 - INFO - utils.common - 计算 f1 score ing...
12/21/2023 09:00:24 - INFO - utils.common - F1score = 0.6704809437403926
12/21/2023 09:00:24 - INFO - utils.common - 计算 accuracy ing...
12/21/2023 09:00:24 - INFO - utils.common - acc = 0.71275
12/21/2023 09:00:24 - INFO - utils.common - 计算 precision ing...
12/21/2023 09:00:24 - INFO - utils.common - precision = 0.7143981133181307
12/21/2023 09:00:24 - INFO - utils.common - 计算 recall ing...
12/21/2023 09:00:24 - INFO - utils.common - result = {'f1score': 0.6704809437403926, 'acc': 0.71275, 'precision': 0.7143981133181307, 'recall': 0.694235445682107}
12/21/2023 09:00:24 - INFO - __main__ - Epoch:20, Val Accuracy:0.71275, f1:0.6704809437403926

12/21/2023 09:00:24 - INFO - __main__ - lr:0.00027135636881635457
12/21/2023 09:00:24 - INFO - __main__ - ==========Epoch:21==========
Save best weights
12/21/2023 09:00:30 - INFO - utils.common - 计算 f1 score ing...
12/21/2023 09:00:30 - INFO - utils.common - F1score = 0.5991933332650189
12/21/2023 09:00:30 - INFO - utils.common - 计算 accuracy ing...
12/21/2023 09:00:30 - INFO - utils.common - acc = 0.65625
12/21/2023 09:00:30 - INFO - utils.common - 计算 precision ing...
12/21/2023 09:00:30 - INFO - utils.common - precision = 0.6317052696183506
12/21/2023 09:00:30 - INFO - utils.common - 计算 recall ing...
12/21/2023 09:00:30 - INFO - utils.common - result = {'f1score': 0.5991933332650189, 'acc': 0.65625, 'precision': 0.6317052696183506, 'recall': 0.6220364971953743}
12/21/2023 09:00:30 - INFO - __main__ - Epoch:21, Train Accuracy:0.65625, f1:0.5991933332650189

Epoch: [21][0/7]	
12/21/2023 09:00:48 - INFO - utils.common - 计算 f1 score ing...
12/21/2023 09:00:48 - INFO - utils.common - F1score = 0.687094007429348
12/21/2023 09:00:48 - INFO - utils.common - 计算 accuracy ing...
12/21/2023 09:00:48 - INFO - utils.common - acc = 0.72675
12/21/2023 09:00:48 - INFO - utils.common - 计算 precision ing...
12/21/2023 09:00:48 - INFO - utils.common - precision = 0.7338407423109625
12/21/2023 09:00:48 - INFO - utils.common - 计算 recall ing...
12/21/2023 09:00:48 - INFO - utils.common - result = {'f1score': 0.687094007429348, 'acc': 0.72675, 'precision': 0.7338407423109625, 'recall': 0.7072832436654455}
12/21/2023 09:00:48 - INFO - __main__ - Epoch:21, Val Accuracy:0.72675, f1:0.687094007429348

12/21/2023 09:00:48 - INFO - __main__ - lr:0.0001963663688163546
12/21/2023 09:00:48 - INFO - __main__ - ==========Epoch:22==========
Save best weights
12/21/2023 09:00:53 - INFO - utils.common - 计算 f1 score ing...
12/21/2023 09:00:53 - INFO - utils.common - F1score = 0.629341316105644
12/21/2023 09:00:53 - INFO - utils.common - 计算 accuracy ing...
12/21/2023 09:00:53 - INFO - utils.common - acc = 0.6825
12/21/2023 09:00:53 - INFO - utils.common - 计算 precision ing...
12/21/2023 09:00:53 - INFO - utils.common - precision = 0.6673925060654672
12/21/2023 09:00:53 - INFO - utils.common - 计算 recall ing...
12/21/2023 09:00:53 - INFO - utils.common - result = {'f1score': 0.629341316105644, 'acc': 0.6825, 'precision': 0.6673925060654672, 'recall': 0.6485481538059611}
12/21/2023 09:00:53 - INFO - __main__ - Epoch:22, Train Accuracy:0.6825, f1:0.629341316105644

Epoch: [22][0/7]	
12/21/2023 09:01:10 - INFO - utils.common - 计算 f1 score ing...
12/21/2023 09:01:10 - INFO - utils.common - F1score = 0.6915177991404691
12/21/2023 09:01:10 - INFO - utils.common - 计算 accuracy ing...
12/21/2023 09:01:10 - INFO - utils.common - acc = 0.73075
12/21/2023 09:01:10 - INFO - utils.common - 计算 precision ing...
12/21/2023 09:01:11 - INFO - utils.common - precision = 0.7390367300614079
12/21/2023 09:01:11 - INFO - utils.common - 计算 recall ing...
12/21/2023 09:01:11 - INFO - utils.common - result = {'f1score': 0.6915177991404691, 'acc': 0.73075, 'precision': 0.7390367300614079, 'recall': 0.711667698245795}
12/21/2023 09:01:11 - INFO - __main__ - Epoch:22, Val Accuracy:0.73075, f1:0.6915177991404691

12/21/2023 09:01:11 - INFO - __main__ - lr:0.0001036736311836454
12/21/2023 09:01:11 - INFO - __main__ - ==========Epoch:23==========
Save best weights
12/21/2023 09:01:17 - INFO - utils.common - 计算 f1 score ing...
12/21/2023 09:01:17 - INFO - utils.common - F1score = 0.6229491599146412
12/21/2023 09:01:17 - INFO - utils.common - 计算 accuracy ing...
12/21/2023 09:01:17 - INFO - utils.common - acc = 0.67
12/21/2023 09:01:17 - INFO - utils.common - 计算 precision ing...
12/21/2023 09:01:17 - INFO - utils.common - precision = 0.689462697144421
12/21/2023 09:01:17 - INFO - utils.common - 计算 recall ing...
12/21/2023 09:01:17 - INFO - utils.common - result = {'f1score': 0.6229491599146412, 'acc': 0.67, 'precision': 0.689462697144421, 'recall': 0.6391796918764651}
12/21/2023 09:01:17 - INFO - __main__ - Epoch:23, Train Accuracy:0.67, f1:0.6229491599146412

Epoch: [23][0/7]	
12/21/2023 09:01:34 - INFO - utils.common - 计算 f1 score ing...
12/21/2023 09:01:35 - INFO - utils.common - F1score = 0.6916330784023357
12/21/2023 09:01:35 - INFO - utils.common - 计算 accuracy ing...
12/21/2023 09:01:35 - INFO - utils.common - acc = 0.73105
12/21/2023 09:01:35 - INFO - utils.common - 计算 precision ing...
12/21/2023 09:01:35 - INFO - utils.common - precision = 0.7427131288491253
12/21/2023 09:01:35 - INFO - utils.common - 计算 recall ing...
12/21/2023 09:01:35 - INFO - utils.common - result = {'f1score': 0.6916330784023357, 'acc': 0.73105, 'precision': 0.7427131288491253, 'recall': 0.7124797334701009}
12/21/2023 09:01:35 - INFO - __main__ - Epoch:23, Val Accuracy:0.73105, f1:0.6916330784023357

12/21/2023 09:01:35 - INFO - __main__ - lr:2.8683631183645395e-05
12/21/2023 09:01:35 - INFO - __main__ - ==========Epoch:24==========
Save best weights
12/21/2023 09:01:40 - INFO - utils.common - 计算 f1 score ing...
12/21/2023 09:01:40 - INFO - utils.common - F1score = 0.6395353677419886
12/21/2023 09:01:40 - INFO - utils.common - 计算 accuracy ing...
12/21/2023 09:01:40 - INFO - utils.common - acc = 0.68875
12/21/2023 09:01:40 - INFO - utils.common - 计算 precision ing...
12/21/2023 09:01:40 - INFO - utils.common - precision = 0.6936731154530027
12/21/2023 09:01:40 - INFO - utils.common - 计算 recall ing...
12/21/2023 09:01:40 - INFO - utils.common - result = {'f1score': 0.6395353677419886, 'acc': 0.68875, 'precision': 0.6936731154530027, 'recall': 0.6577940501629919}
12/21/2023 09:01:40 - INFO - __main__ - Epoch:24, Train Accuracy:0.68875, f1:0.6395353677419886

Epoch: [24][0/7]	
12/21/2023 09:01:57 - INFO - utils.common - 计算 f1 score ing...
12/21/2023 09:01:57 - INFO - utils.common - F1score = 0.6873026768235435
12/21/2023 09:01:57 - INFO - utils.common - 计算 accuracy ing...
12/21/2023 09:01:57 - INFO - utils.common - acc = 0.72745
12/21/2023 09:01:57 - INFO - utils.common - 计算 precision ing...
12/21/2023 09:01:57 - INFO - utils.common - precision = 0.7426608660584073
12/21/2023 09:01:57 - INFO - utils.common - 计算 recall ing...
12/21/2023 09:01:57 - INFO - utils.common - result = {'f1score': 0.6873026768235435, 'acc': 0.72745, 'precision': 0.7426608660584073, 'recall': 0.7090004891692792}
12/21/2023 09:01:57 - INFO - __main__ - Epoch:24, Val Accuracy:0.72745, f1:0.6873026768235435

12/21/2023 09:01:57 - INFO - __main__ - lr:0.0003
12/21/2023 09:01:57 - INFO - __main__ - ==========Epoch:25==========
early_st 4
12/21/2023 09:02:03 - INFO - utils.common - 计算 f1 score ing...
12/21/2023 09:02:03 - INFO - utils.common - F1score = 0.630227881859702
12/21/2023 09:02:03 - INFO - utils.common - 计算 accuracy ing...
12/21/2023 09:02:03 - INFO - utils.common - acc = 0.6775
12/21/2023 09:02:03 - INFO - utils.common - 计算 precision ing...
12/21/2023 09:02:03 - INFO - utils.common - precision = 0.6807225053861019
12/21/2023 09:02:03 - INFO - utils.common - 计算 recall ing...
12/21/2023 09:02:03 - INFO - utils.common - result = {'f1score': 0.630227881859702, 'acc': 0.6775, 'precision': 0.6807225053861019, 'recall': 0.6466857615355539}
12/21/2023 09:02:03 - INFO - __main__ - Epoch:25, Train Accuracy:0.6775, f1:0.630227881859702

Epoch: [25][0/7]	
12/21/2023 09:02:21 - INFO - utils.common - 计算 f1 score ing...
12/21/2023 09:02:21 - INFO - utils.common - F1score = 0.7178762598083498
12/21/2023 09:02:21 - INFO - utils.common - 计算 accuracy ing...
12/21/2023 09:02:21 - INFO - utils.common - acc = 0.7488
12/21/2023 09:02:21 - INFO - utils.common - 计算 precision ing...
12/21/2023 09:02:21 - INFO - utils.common - precision = 0.7624004544036859
12/21/2023 09:02:21 - INFO - utils.common - 计算 recall ing...
12/21/2023 09:02:21 - INFO - utils.common - result = {'f1score': 0.7178762598083498, 'acc': 0.7488, 'precision': 0.7624004544036859, 'recall': 0.7332082380475627}
12/21/2023 09:02:21 - INFO - __main__ - Epoch:25, Val Accuracy:0.7488, f1:0.7178762598083498

12/21/2023 09:02:21 - INFO - __main__ - lr:0.00027135636881635457
12/21/2023 09:02:21 - INFO - __main__ - ==========Epoch:26==========
Save best weights
12/21/2023 09:02:27 - INFO - utils.common - 计算 f1 score ing...
12/21/2023 09:02:27 - INFO - utils.common - F1score = 0.6632248563981312
12/21/2023 09:02:27 - INFO - utils.common - 计算 accuracy ing...
12/21/2023 09:02:27 - INFO - utils.common - acc = 0.70625
12/21/2023 09:02:27 - INFO - utils.common - 计算 precision ing...
12/21/2023 09:02:27 - INFO - utils.common - precision = 0.6851359507989728
12/21/2023 09:02:27 - INFO - utils.common - 计算 recall ing...
12/21/2023 09:02:27 - INFO - utils.common - result = {'f1score': 0.6632248563981312, 'acc': 0.70625, 'precision': 0.6851359507989728, 'recall': 0.6777521982071933}
12/21/2023 09:02:27 - INFO - __main__ - Epoch:26, Train Accuracy:0.70625, f1:0.6632248563981312

Epoch: [26][0/7]	
12/21/2023 09:02:44 - INFO - utils.common - 计算 f1 score ing...
12/21/2023 09:02:44 - INFO - utils.common - F1score = 0.7350265083025612
12/21/2023 09:02:44 - INFO - utils.common - 计算 accuracy ing...
12/21/2023 09:02:44 - INFO - utils.common - acc = 0.76345
12/21/2023 09:02:44 - INFO - utils.common - 计算 precision ing...
12/21/2023 09:02:44 - INFO - utils.common - precision = 0.7773314478838683
12/21/2023 09:02:44 - INFO - utils.common - 计算 recall ing...
12/21/2023 09:02:44 - INFO - utils.common - result = {'f1score': 0.7350265083025612, 'acc': 0.76345, 'precision': 0.7773314478838683, 'recall': 0.7478553614815647}
12/21/2023 09:02:44 - INFO - __main__ - Epoch:26, Val Accuracy:0.76345, f1:0.7350265083025612

12/21/2023 09:02:44 - INFO - __main__ - lr:0.0001963663688163546
12/21/2023 09:02:44 - INFO - __main__ - ==========Epoch:27==========
Save best weights
12/21/2023 09:02:50 - INFO - utils.common - 计算 f1 score ing...
12/21/2023 09:02:50 - INFO - utils.common - F1score = 0.6664710085179322
12/21/2023 09:02:50 - INFO - utils.common - 计算 accuracy ing...
12/21/2023 09:02:50 - INFO - utils.common - acc = 0.71125
12/21/2023 09:02:50 - INFO - utils.common - 计算 precision ing...
12/21/2023 09:02:50 - INFO - utils.common - precision = 0.674724281901682
12/21/2023 09:02:50 - INFO - utils.common - 计算 recall ing...
12/21/2023 09:02:50 - INFO - utils.common - result = {'f1score': 0.6664710085179322, 'acc': 0.71125, 'precision': 0.674724281901682, 'recall': 0.6819844894469804}
12/21/2023 09:02:50 - INFO - __main__ - Epoch:27, Train Accuracy:0.71125, f1:0.6664710085179322

Epoch: [27][0/7]	
12/21/2023 09:03:07 - INFO - utils.common - 计算 f1 score ing...
12/21/2023 09:03:07 - INFO - utils.common - F1score = 0.7427365891117212
12/21/2023 09:03:07 - INFO - utils.common - 计算 accuracy ing...
12/21/2023 09:03:07 - INFO - utils.common - acc = 0.7681
12/21/2023 09:03:07 - INFO - utils.common - 计算 precision ing...
12/21/2023 09:03:07 - INFO - utils.common - precision = 0.7844678116097487
12/21/2023 09:03:07 - INFO - utils.common - 计算 recall ing...
12/21/2023 09:03:07 - INFO - utils.common - result = {'f1score': 0.7427365891117212, 'acc': 0.7681, 'precision': 0.7844678116097487, 'recall': 0.7529741977212937}
12/21/2023 09:03:07 - INFO - __main__ - Epoch:27, Val Accuracy:0.7681, f1:0.7427365891117212

12/21/2023 09:03:07 - INFO - __main__ - lr:0.0001036736311836454
12/21/2023 09:03:08 - INFO - __main__ - ==========Epoch:28==========
Save best weights
12/21/2023 09:03:13 - INFO - utils.common - 计算 f1 score ing...
12/21/2023 09:03:13 - INFO - utils.common - F1score = 0.6839197923869381
12/21/2023 09:03:13 - INFO - utils.common - 计算 accuracy ing...
12/21/2023 09:03:13 - INFO - utils.common - acc = 0.71625
12/21/2023 09:03:13 - INFO - utils.common - 计算 precision ing...
12/21/2023 09:03:13 - INFO - utils.common - precision = 0.6982233771101576
12/21/2023 09:03:13 - INFO - utils.common - 计算 recall ing...
12/21/2023 09:03:13 - INFO - utils.common - result = {'f1score': 0.6839197923869381, 'acc': 0.71625, 'precision': 0.6982233771101576, 'recall': 0.691600059824834}
12/21/2023 09:03:13 - INFO - __main__ - Epoch:28, Train Accuracy:0.71625, f1:0.6839197923869381

Epoch: [28][0/7]	
12/21/2023 09:03:31 - INFO - utils.common - 计算 f1 score ing...
12/21/2023 09:03:31 - INFO - utils.common - F1score = 0.7487938050284534
12/21/2023 09:03:31 - INFO - utils.common - 计算 accuracy ing...
12/21/2023 09:03:31 - INFO - utils.common - acc = 0.77355
12/21/2023 09:03:31 - INFO - utils.common - 计算 precision ing...
12/21/2023 09:03:31 - INFO - utils.common - precision = 0.789487581808718
12/21/2023 09:03:31 - INFO - utils.common - 计算 recall ing...
12/21/2023 09:03:31 - INFO - utils.common - result = {'f1score': 0.7487938050284534, 'acc': 0.77355, 'precision': 0.789487581808718, 'recall': 0.7579723785442225}
12/21/2023 09:03:31 - INFO - __main__ - Epoch:28, Val Accuracy:0.77355, f1:0.7487938050284534

12/21/2023 09:03:31 - INFO - __main__ - lr:2.8683631183645395e-05
12/21/2023 09:03:31 - INFO - __main__ - ==========Epoch:29==========
Save best weights
12/21/2023 09:03:37 - INFO - utils.common - 计算 f1 score ing...
12/21/2023 09:03:37 - INFO - utils.common - F1score = 0.6444577361669472
12/21/2023 09:03:37 - INFO - utils.common - 计算 accuracy ing...
12/21/2023 09:03:37 - INFO - utils.common - acc = 0.69
12/21/2023 09:03:37 - INFO - utils.common - 计算 precision ing...
12/21/2023 09:03:37 - INFO - utils.common - precision = 0.6570784295502217
12/21/2023 09:03:37 - INFO - utils.common - 计算 recall ing...
12/21/2023 09:03:37 - INFO - utils.common - result = {'f1score': 0.6444577361669472, 'acc': 0.69, 'precision': 0.6570784295502217, 'recall': 0.6617704263263244}
12/21/2023 09:03:37 - INFO - __main__ - Epoch:29, Train Accuracy:0.69, f1:0.6444577361669472

Epoch: [29][0/7]	
12/21/2023 09:03:55 - INFO - utils.common - 计算 f1 score ing...
12/21/2023 09:03:55 - INFO - utils.common - F1score = 0.741227084407683
12/21/2023 09:03:55 - INFO - utils.common - 计算 accuracy ing...
12/21/2023 09:03:55 - INFO - utils.common - acc = 0.7678
12/21/2023 09:03:55 - INFO - utils.common - 计算 precision ing...
12/21/2023 09:03:55 - INFO - utils.common - precision = 0.7879582420715283
12/21/2023 09:03:55 - INFO - utils.common - 计算 recall ing...
12/21/2023 09:03:55 - INFO - utils.common - result = {'f1score': 0.741227084407683, 'acc': 0.7678, 'precision': 0.7879582420715283, 'recall': 0.7521502860863778}
12/21/2023 09:03:55 - INFO - __main__ - Epoch:29, Val Accuracy:0.7678, f1:0.741227084407683

12/21/2023 09:03:55 - INFO - __main__ - lr:0.0003
12/21/2023 09:03:55 - INFO - __main__ - ==========Epoch:30==========
early_st 4
12/21/2023 09:04:00 - INFO - utils.common - 计算 f1 score ing...
12/21/2023 09:04:00 - INFO - utils.common - F1score = 0.6860783677416253
12/21/2023 09:04:00 - INFO - utils.common - 计算 accuracy ing...
12/21/2023 09:04:00 - INFO - utils.common - acc = 0.72375
12/21/2023 09:04:00 - INFO - utils.common - 计算 precision ing...
12/21/2023 09:04:00 - INFO - utils.common - precision = 0.7124535527646471
12/21/2023 09:04:00 - INFO - utils.common - 计算 recall ing...
12/21/2023 09:04:00 - INFO - utils.common - result = {'f1score': 0.6860783677416253, 'acc': 0.72375, 'precision': 0.7124535527646471, 'recall': 0.6971370453386332}
12/21/2023 09:04:00 - INFO - __main__ - Epoch:30, Train Accuracy:0.72375, f1:0.6860783677416253

Epoch: [30][0/7]	
12/21/2023 09:04:18 - INFO - utils.common - 计算 f1 score ing...
12/21/2023 09:04:18 - INFO - utils.common - F1score = 0.7553728474963396
12/21/2023 09:04:18 - INFO - utils.common - 计算 accuracy ing...
12/21/2023 09:04:18 - INFO - utils.common - acc = 0.7802
12/21/2023 09:04:18 - INFO - utils.common - 计算 precision ing...
12/21/2023 09:04:18 - INFO - utils.common - precision = 0.7986049650118527
12/21/2023 09:04:18 - INFO - utils.common - 计算 recall ing...
12/21/2023 09:04:18 - INFO - utils.common - result = {'f1score': 0.7553728474963396, 'acc': 0.7802, 'precision': 0.7986049650118527, 'recall': 0.7647766532188403}
12/21/2023 09:04:18 - INFO - __main__ - Epoch:30, Val Accuracy:0.7802, f1:0.7553728474963396

12/21/2023 09:04:18 - INFO - __main__ - lr:0.00027135636881635457
12/21/2023 09:04:18 - INFO - __main__ - ==========Epoch:31==========
Save best weights
12/21/2023 09:04:24 - INFO - utils.common - 计算 f1 score ing...
12/21/2023 09:04:24 - INFO - utils.common - F1score = 0.6942158807556766
12/21/2023 09:04:24 - INFO - utils.common - 计算 accuracy ing...
12/21/2023 09:04:24 - INFO - utils.common - acc = 0.7325
12/21/2023 09:04:24 - INFO - utils.common - 计算 precision ing...
12/21/2023 09:04:24 - INFO - utils.common - precision = 0.725914286439632
12/21/2023 09:04:24 - INFO - utils.common - 计算 recall ing...
12/21/2023 09:04:24 - INFO - utils.common - result = {'f1score': 0.6942158807556766, 'acc': 0.7325, 'precision': 0.725914286439632, 'recall': 0.7044403196784784}
12/21/2023 09:04:24 - INFO - __main__ - Epoch:31, Train Accuracy:0.7325, f1:0.6942158807556766

Epoch: [31][0/7]	
12/21/2023 09:04:41 - INFO - utils.common - 计算 f1 score ing...
12/21/2023 09:04:41 - INFO - utils.common - F1score = 0.7667061587137758
12/21/2023 09:04:41 - INFO - utils.common - 计算 accuracy ing...
12/21/2023 09:04:41 - INFO - utils.common - acc = 0.7875
12/21/2023 09:04:41 - INFO - utils.common - 计算 precision ing...
12/21/2023 09:04:42 - INFO - utils.common - precision = 0.8051437934377325
12/21/2023 09:04:42 - INFO - utils.common - 计算 recall ing...
12/21/2023 09:04:42 - INFO - utils.common - result = {'f1score': 0.7667061587137758, 'acc': 0.7875, 'precision': 0.8051437934377325, 'recall': 0.7726739666889615}
12/21/2023 09:04:42 - INFO - __main__ - Epoch:31, Val Accuracy:0.7875, f1:0.7667061587137758

12/21/2023 09:04:42 - INFO - __main__ - lr:0.0001963663688163546
12/21/2023 09:04:42 - INFO - __main__ - ==========Epoch:32==========
Save best weights
12/21/2023 09:04:47 - INFO - utils.common - 计算 f1 score ing...
12/21/2023 09:04:47 - INFO - utils.common - F1score = 0.6744641315111952
12/21/2023 09:04:47 - INFO - utils.common - 计算 accuracy ing...
12/21/2023 09:04:47 - INFO - utils.common - acc = 0.71125
12/21/2023 09:04:47 - INFO - utils.common - 计算 precision ing...
12/21/2023 09:04:47 - INFO - utils.common - precision = 0.709610703620587
12/21/2023 09:04:47 - INFO - utils.common - 计算 recall ing...
12/21/2023 09:04:47 - INFO - utils.common - result = {'f1score': 0.6744641315111952, 'acc': 0.71125, 'precision': 0.709610703620587, 'recall': 0.6849376201743866}
12/21/2023 09:04:47 - INFO - __main__ - Epoch:32, Train Accuracy:0.71125, f1:0.6744641315111952

Epoch: [32][0/7]	
12/21/2023 09:05:05 - INFO - utils.common - 计算 f1 score ing...
12/21/2023 09:05:05 - INFO - utils.common - F1score = 0.77296099906778
12/21/2023 09:05:05 - INFO - utils.common - 计算 accuracy ing...
12/21/2023 09:05:05 - INFO - utils.common - acc = 0.79245
12/21/2023 09:05:05 - INFO - utils.common - 计算 precision ing...
12/21/2023 09:05:05 - INFO - utils.common - precision = 0.810663629584645
12/21/2023 09:05:05 - INFO - utils.common - 计算 recall ing...
12/21/2023 09:05:06 - INFO - utils.common - result = {'f1score': 0.77296099906778, 'acc': 0.79245, 'precision': 0.810663629584645, 'recall': 0.7767064579129216}
12/21/2023 09:05:06 - INFO - __main__ - Epoch:32, Val Accuracy:0.79245, f1:0.77296099906778

12/21/2023 09:05:06 - INFO - __main__ - lr:0.0001036736311836454
12/21/2023 09:05:06 - INFO - __main__ - ==========Epoch:33==========
Save best weights
12/21/2023 09:05:11 - INFO - utils.common - 计算 f1 score ing...
12/21/2023 09:05:11 - INFO - utils.common - F1score = 0.7069188327958689
12/21/2023 09:05:11 - INFO - utils.common - 计算 accuracy ing...
12/21/2023 09:05:11 - INFO - utils.common - acc = 0.7375
12/21/2023 09:05:11 - INFO - utils.common - 计算 precision ing...
12/21/2023 09:05:11 - INFO - utils.common - precision = 0.7316255416105665
12/21/2023 09:05:11 - INFO - utils.common - 计算 recall ing...
12/21/2023 09:05:11 - INFO - utils.common - result = {'f1score': 0.7069188327958689, 'acc': 0.7375, 'precision': 0.7316255416105665, 'recall': 0.7123560459577457}
12/21/2023 09:05:11 - INFO - __main__ - Epoch:33, Train Accuracy:0.7375, f1:0.7069188327958689

Epoch: [33][0/7]	
12/21/2023 09:05:30 - INFO - utils.common - 计算 f1 score ing...
12/21/2023 09:05:30 - INFO - utils.common - F1score = 0.7776290244709191
12/21/2023 09:05:30 - INFO - utils.common - 计算 accuracy ing...
12/21/2023 09:05:30 - INFO - utils.common - acc = 0.7967
12/21/2023 09:05:30 - INFO - utils.common - 计算 precision ing...
12/21/2023 09:05:30 - INFO - utils.common - precision = 0.8156776124179252
12/21/2023 09:05:30 - INFO - utils.common - 计算 recall ing...
12/21/2023 09:05:30 - INFO - utils.common - result = {'f1score': 0.7776290244709191, 'acc': 0.7967, 'precision': 0.8156776124179252, 'recall': 0.7813273877972666}
12/21/2023 09:05:30 - INFO - __main__ - Epoch:33, Val Accuracy:0.7967, f1:0.7776290244709191

12/21/2023 09:05:30 - INFO - __main__ - lr:2.8683631183645395e-05
12/21/2023 09:05:30 - INFO - __main__ - ==========Epoch:34==========
Save best weights
12/21/2023 09:05:35 - INFO - utils.common - 计算 f1 score ing...
12/21/2023 09:05:35 - INFO - utils.common - F1score = 0.7041757049156286
12/21/2023 09:05:35 - INFO - utils.common - 计算 accuracy ing...
12/21/2023 09:05:35 - INFO - utils.common - acc = 0.735
12/21/2023 09:05:35 - INFO - utils.common - 计算 precision ing...
12/21/2023 09:05:35 - INFO - utils.common - precision = 0.7296344337993745
12/21/2023 09:05:35 - INFO - utils.common - 计算 recall ing...
12/21/2023 09:05:35 - INFO - utils.common - result = {'f1score': 0.7041757049156286, 'acc': 0.735, 'precision': 0.7296344337993745, 'recall': 0.7079717105567682}
12/21/2023 09:05:35 - INFO - __main__ - Epoch:34, Train Accuracy:0.735, f1:0.7041757049156286

Epoch: [34][0/7]	
12/21/2023 09:05:53 - INFO - utils.common - 计算 f1 score ing...
12/21/2023 09:05:53 - INFO - utils.common - F1score = 0.7772158904435117
12/21/2023 09:05:53 - INFO - utils.common - 计算 accuracy ing...
12/21/2023 09:05:53 - INFO - utils.common - acc = 0.79675
12/21/2023 09:05:53 - INFO - utils.common - 计算 precision ing...
12/21/2023 09:05:53 - INFO - utils.common - precision = 0.8164775070645831
12/21/2023 09:05:53 - INFO - utils.common - 计算 recall ing...
12/21/2023 09:05:53 - INFO - utils.common - result = {'f1score': 0.7772158904435117, 'acc': 0.79675, 'precision': 0.8164775070645831, 'recall': 0.7811156190108928}
12/21/2023 09:05:53 - INFO - __main__ - Epoch:34, Val Accuracy:0.79675, f1:0.7772158904435117

12/21/2023 09:05:53 - INFO - __main__ - lr:0.0003
12/21/2023 09:05:53 - INFO - __main__ - ==========Epoch:35==========
Save best weights
12/21/2023 09:05:58 - INFO - utils.common - 计算 f1 score ing...
12/21/2023 09:05:58 - INFO - utils.common - F1score = 0.7107535399864706
12/21/2023 09:05:58 - INFO - utils.common - 计算 accuracy ing...
12/21/2023 09:05:58 - INFO - utils.common - acc = 0.7375
12/21/2023 09:05:58 - INFO - utils.common - 计算 precision ing...
12/21/2023 09:05:58 - INFO - utils.common - precision = 0.7353692396084783
12/21/2023 09:05:58 - INFO - utils.common - 计算 recall ing...
12/21/2023 09:05:58 - INFO - utils.common - result = {'f1score': 0.7107535399864706, 'acc': 0.7375, 'precision': 0.7353692396084783, 'recall': 0.7134603761933986}
12/21/2023 09:05:58 - INFO - __main__ - Epoch:35, Train Accuracy:0.7375, f1:0.7107535399864706

Epoch: [35][0/7]	
12/21/2023 09:06:16 - INFO - utils.common - 计算 f1 score ing...
12/21/2023 09:06:16 - INFO - utils.common - F1score = 0.7888320313383905
12/21/2023 09:06:16 - INFO - utils.common - 计算 accuracy ing...
12/21/2023 09:06:16 - INFO - utils.common - acc = 0.8054
12/21/2023 09:06:16 - INFO - utils.common - 计算 precision ing...
12/21/2023 09:06:16 - INFO - utils.common - precision = 0.8217356015354168
12/21/2023 09:06:16 - INFO - utils.common - 计算 recall ing...
12/21/2023 09:06:16 - INFO - utils.common - result = {'f1score': 0.7888320313383905, 'acc': 0.8054, 'precision': 0.8217356015354168, 'recall': 0.7919327672696995}
12/21/2023 09:06:16 - INFO - __main__ - Epoch:35, Val Accuracy:0.8054, f1:0.7888320313383905

12/21/2023 09:06:16 - INFO - __main__ - lr:0.00027135636881635457
12/21/2023 09:06:16 - INFO - __main__ - ==========Epoch:36==========
Save best weights
12/21/2023 09:06:22 - INFO - utils.common - 计算 f1 score ing...
12/21/2023 09:06:22 - INFO - utils.common - F1score = 0.7242903896288209
12/21/2023 09:06:22 - INFO - utils.common - 计算 accuracy ing...
12/21/2023 09:06:22 - INFO - utils.common - acc = 0.75125
12/21/2023 09:06:22 - INFO - utils.common - 计算 precision ing...
12/21/2023 09:06:22 - INFO - utils.common - precision = 0.7462530167409424
12/21/2023 09:06:22 - INFO - utils.common - 计算 recall ing...
12/21/2023 09:06:22 - INFO - utils.common - result = {'f1score': 0.7242903896288209, 'acc': 0.75125, 'precision': 0.7462530167409424, 'recall': 0.7276461604744109}
12/21/2023 09:06:22 - INFO - __main__ - Epoch:36, Train Accuracy:0.75125, f1:0.7242903896288209

Epoch: [36][0/7]	
12/21/2023 09:06:40 - INFO - utils.common - 计算 f1 score ing...
12/21/2023 09:06:40 - INFO - utils.common - F1score = 0.7908725413285169
12/21/2023 09:06:40 - INFO - utils.common - 计算 accuracy ing...
12/21/2023 09:06:40 - INFO - utils.common - acc = 0.8056
12/21/2023 09:06:40 - INFO - utils.common - 计算 precision ing...
12/21/2023 09:06:40 - INFO - utils.common - precision = 0.8251393522756172
12/21/2023 09:06:40 - INFO - utils.common - 计算 recall ing...
12/21/2023 09:06:40 - INFO - utils.common - result = {'f1score': 0.7908725413285169, 'acc': 0.8056, 'precision': 0.8251393522756172, 'recall': 0.7934930650729598}
12/21/2023 09:06:40 - INFO - __main__ - Epoch:36, Val Accuracy:0.8056, f1:0.7908725413285169

12/21/2023 09:06:40 - INFO - __main__ - lr:0.0001963663688163546
12/21/2023 09:06:40 - INFO - __main__ - ==========Epoch:37==========
Save best weights
12/21/2023 09:06:46 - INFO - utils.common - 计算 f1 score ing...
12/21/2023 09:06:46 - INFO - utils.common - F1score = 0.7052889625400138
12/21/2023 09:06:46 - INFO - utils.common - 计算 accuracy ing...
12/21/2023 09:06:46 - INFO - utils.common - acc = 0.7275
12/21/2023 09:06:46 - INFO - utils.common - 计算 precision ing...
12/21/2023 09:06:46 - INFO - utils.common - precision = 0.733132030484869
12/21/2023 09:06:46 - INFO - utils.common - 计算 recall ing...
12/21/2023 09:06:46 - INFO - utils.common - result = {'f1score': 0.7052889625400138, 'acc': 0.7275, 'precision': 0.733132030484869, 'recall': 0.7064655035276994}
12/21/2023 09:06:46 - INFO - __main__ - Epoch:37, Train Accuracy:0.7275, f1:0.7052889625400138

Epoch: [37][0/7]	
12/21/2023 09:07:03 - INFO - utils.common - 计算 f1 score ing...
12/21/2023 09:07:03 - INFO - utils.common - F1score = 0.7923487845797124
12/21/2023 09:07:03 - INFO - utils.common - 计算 accuracy ing...
12/21/2023 09:07:03 - INFO - utils.common - acc = 0.80785
12/21/2023 09:07:03 - INFO - utils.common - 计算 precision ing...
12/21/2023 09:07:04 - INFO - utils.common - precision = 0.8295498886144953
12/21/2023 09:07:04 - INFO - utils.common - 计算 recall ing...
12/21/2023 09:07:04 - INFO - utils.common - result = {'f1score': 0.7923487845797124, 'acc': 0.80785, 'precision': 0.8295498886144953, 'recall': 0.7943083432718064}
12/21/2023 09:07:04 - INFO - __main__ - Epoch:37, Val Accuracy:0.80785, f1:0.7923487845797124

12/21/2023 09:07:04 - INFO - __main__ - lr:0.0001036736311836454
12/21/2023 09:07:04 - INFO - __main__ - ==========Epoch:38==========
Save best weights
12/21/2023 09:07:09 - INFO - utils.common - 计算 f1 score ing...
12/21/2023 09:07:09 - INFO - utils.common - F1score = 0.7106519452732117
12/21/2023 09:07:09 - INFO - utils.common - 计算 accuracy ing...
12/21/2023 09:07:09 - INFO - utils.common - acc = 0.7475
12/21/2023 09:07:09 - INFO - utils.common - 计算 precision ing...
12/21/2023 09:07:09 - INFO - utils.common - precision = 0.7374988114684883
12/21/2023 09:07:09 - INFO - utils.common - 计算 recall ing...
12/21/2023 09:07:09 - INFO - utils.common - result = {'f1score': 0.7106519452732117, 'acc': 0.7475, 'precision': 0.7374988114684883, 'recall': 0.7197017052883687}
12/21/2023 09:07:09 - INFO - __main__ - Epoch:38, Train Accuracy:0.7475, f1:0.7106519452732117

Epoch: [38][0/7]	
12/21/2023 09:07:27 - INFO - utils.common - 计算 f1 score ing...
12/21/2023 09:07:27 - INFO - utils.common - F1score = 0.7892586012570829
12/21/2023 09:07:27 - INFO - utils.common - 计算 accuracy ing...
12/21/2023 09:07:27 - INFO - utils.common - acc = 0.80615
12/21/2023 09:07:27 - INFO - utils.common - 计算 precision ing...
12/21/2023 09:07:27 - INFO - utils.common - precision = 0.8297054119305638
12/21/2023 09:07:27 - INFO - utils.common - 计算 recall ing...
12/21/2023 09:07:27 - INFO - utils.common - result = {'f1score': 0.7892586012570829, 'acc': 0.80615, 'precision': 0.8297054119305638, 'recall': 0.7916705530239082}
12/21/2023 09:07:27 - INFO - __main__ - Epoch:38, Val Accuracy:0.80615, f1:0.7892586012570829

12/21/2023 09:07:27 - INFO - __main__ - lr:2.8683631183645395e-05
12/21/2023 09:07:27 - INFO - __main__ - ==========Epoch:39==========
early_st 4
12/21/2023 09:07:33 - INFO - utils.common - 计算 f1 score ing...
12/21/2023 09:07:33 - INFO - utils.common - F1score = 0.7359574683274381
12/21/2023 09:07:33 - INFO - utils.common - 计算 accuracy ing...
12/21/2023 09:07:33 - INFO - utils.common - acc = 0.765
12/21/2023 09:07:33 - INFO - utils.common - 计算 precision ing...
12/21/2023 09:07:33 - INFO - utils.common - precision = 0.7528625269367551
12/21/2023 09:07:33 - INFO - utils.common - 计算 recall ing...
12/21/2023 09:07:33 - INFO - utils.common - result = {'f1score': 0.7359574683274381, 'acc': 0.765, 'precision': 0.7528625269367551, 'recall': 0.7409005550395666}
12/21/2023 09:07:33 - INFO - __main__ - Epoch:39, Train Accuracy:0.765, f1:0.7359574683274381

Epoch: [39][0/7]	
12/21/2023 09:07:52 - INFO - utils.common - 计算 f1 score ing...
12/21/2023 09:07:52 - INFO - utils.common - F1score = 0.7889647141622353
12/21/2023 09:07:52 - INFO - utils.common - 计算 accuracy ing...
12/21/2023 09:07:52 - INFO - utils.common - acc = 0.80565
12/21/2023 09:07:52 - INFO - utils.common - 计算 precision ing...
12/21/2023 09:07:52 - INFO - utils.common - precision = 0.8290528456950752
12/21/2023 09:07:52 - INFO - utils.common - 计算 recall ing...
12/21/2023 09:07:52 - INFO - utils.common - result = {'f1score': 0.7889647141622353, 'acc': 0.80565, 'precision': 0.8290528456950752, 'recall': 0.7911961547702018}
12/21/2023 09:07:52 - INFO - __main__ - Epoch:39, Val Accuracy:0.80565, f1:0.7889647141622353

12/21/2023 09:07:52 - INFO - __main__ - lr:0.0003
early_st 3
Test
12/21/2023 09:07:58 - INFO - utils.common - 计算 f1 score ing...
12/21/2023 09:07:58 - INFO - utils.common - F1score = 0.7742335826771267
12/21/2023 09:07:58 - INFO - utils.common - 计算 accuracy ing...
12/21/2023 09:07:58 - INFO - utils.common - acc = 0.829108635097493
12/21/2023 09:07:58 - INFO - utils.common - 计算 precision ing...
12/21/2023 09:07:58 - INFO - utils.common - precision = 0.8354504452177103
12/21/2023 09:07:58 - INFO - utils.common - 计算 recall ing...
12/21/2023 09:07:58 - INFO - utils.common - result = {'f1score': 0.7742335826771267, 'acc': 0.829108635097493, 'precision': 0.8354504452177103, 'recall': 0.7859932171254173}
12/21/2023 09:07:58 - INFO - __main__ - test_f1:0.7742335826771267, test_acc:0.829108635097493, test_precision:0.8354504452177103, test_recall:0.7859932171254173
12/21/2023 09:07:58 - INFO - __main__ - Finish fine-turning...
