nohup: ignoring input
12/21/2023 09:15:39 - INFO - __main__ - 设置 seed 为:  4
12/21/2023 09:15:39 - INFO - __main__ - Start fine-turning...
12/21/2023 09:15:47 - INFO - __main__ - ==========Epoch:0==========
=> no checkpoint found at '
12/21/2023 09:16:14 - INFO - utils.common - 计算 f1 score ing...
12/21/2023 09:16:14 - INFO - utils.common - F1score = 0.3166593867372596
12/21/2023 09:16:14 - INFO - utils.common - 计算 accuracy ing...
12/21/2023 09:16:14 - INFO - utils.common - acc = 0.34925
12/21/2023 09:16:14 - INFO - utils.common - 计算 precision ing...
12/21/2023 09:16:14 - INFO - utils.common - precision = 0.34074523317105765
12/21/2023 09:16:14 - INFO - utils.common - 计算 recall ing...
12/21/2023 09:16:14 - INFO - utils.common - result = {'f1score': 0.3166593867372596, 'acc': 0.34925, 'precision': 0.34074523317105765, 'recall': 0.335566269207803}
12/21/2023 09:16:14 - INFO - __main__ - Epoch:0, Train Accuracy:0.34925, f1:0.3166593867372596

Epoch: [0][0/63]	
12/21/2023 09:16:34 - INFO - utils.common - 计算 f1 score ing...
12/21/2023 09:16:34 - INFO - utils.common - F1score = 0.5561398534366919
12/21/2023 09:16:34 - INFO - utils.common - 计算 accuracy ing...
12/21/2023 09:16:34 - INFO - utils.common - acc = 0.58795
12/21/2023 09:16:34 - INFO - utils.common - 计算 precision ing...
12/21/2023 09:16:34 - INFO - utils.common - precision = 0.694145066693916
12/21/2023 09:16:34 - INFO - utils.common - 计算 recall ing...
12/21/2023 09:16:34 - INFO - utils.common - result = {'f1score': 0.5561398534366919, 'acc': 0.58795, 'precision': 0.694145066693916, 'recall': 0.5651813262830818}
12/21/2023 09:16:34 - INFO - __main__ - Epoch:0, Val Accuracy:0.58795, f1:0.5561398534366919

12/21/2023 09:16:34 - INFO - __main__ - lr:0.00027135636881635457
12/21/2023 09:16:34 - INFO - __main__ - ==========Epoch:1==========
Save best weights
12/21/2023 09:17:00 - INFO - utils.common - 计算 f1 score ing...
12/21/2023 09:17:00 - INFO - utils.common - F1score = 0.6159147500511324
12/21/2023 09:17:00 - INFO - utils.common - 计算 accuracy ing...
12/21/2023 09:17:00 - INFO - utils.common - acc = 0.64175
12/21/2023 09:17:00 - INFO - utils.common - 计算 precision ing...
12/21/2023 09:17:00 - INFO - utils.common - precision = 0.6411719054625453
12/21/2023 09:17:00 - INFO - utils.common - 计算 recall ing...
12/21/2023 09:17:00 - INFO - utils.common - result = {'f1score': 0.6159147500511324, 'acc': 0.64175, 'precision': 0.6411719054625453, 'recall': 0.6260357205617855}
12/21/2023 09:17:00 - INFO - __main__ - Epoch:1, Train Accuracy:0.64175, f1:0.6159147500511324

Epoch: [1][0/63]	
12/21/2023 09:17:19 - INFO - utils.common - 计算 f1 score ing...
12/21/2023 09:17:19 - INFO - utils.common - F1score = 0.7288903595407299
12/21/2023 09:17:19 - INFO - utils.common - 计算 accuracy ing...
12/21/2023 09:17:19 - INFO - utils.common - acc = 0.74895
12/21/2023 09:17:19 - INFO - utils.common - 计算 precision ing...
12/21/2023 09:17:19 - INFO - utils.common - precision = 0.8102982389903727
12/21/2023 09:17:19 - INFO - utils.common - 计算 recall ing...
12/21/2023 09:17:19 - INFO - utils.common - result = {'f1score': 0.7288903595407299, 'acc': 0.74895, 'precision': 0.8102982389903727, 'recall': 0.7287736874548751}
12/21/2023 09:17:19 - INFO - __main__ - Epoch:1, Val Accuracy:0.74895, f1:0.7288903595407299

12/21/2023 09:17:19 - INFO - __main__ - lr:0.0001963663688163546
12/21/2023 09:17:19 - INFO - __main__ - ==========Epoch:2==========
Save best weights
12/21/2023 09:17:43 - INFO - utils.common - 计算 f1 score ing...
12/21/2023 09:17:43 - INFO - utils.common - F1score = 0.7043074271001958
12/21/2023 09:17:43 - INFO - utils.common - 计算 accuracy ing...
12/21/2023 09:17:43 - INFO - utils.common - acc = 0.72
12/21/2023 09:17:43 - INFO - utils.common - 计算 precision ing...
12/21/2023 09:17:43 - INFO - utils.common - precision = 0.7225254035929782
12/21/2023 09:17:43 - INFO - utils.common - 计算 recall ing...
12/21/2023 09:17:43 - INFO - utils.common - result = {'f1score': 0.7043074271001958, 'acc': 0.72, 'precision': 0.7225254035929782, 'recall': 0.7083663133943506}
12/21/2023 09:17:43 - INFO - __main__ - Epoch:2, Train Accuracy:0.72, f1:0.7043074271001958

Epoch: [2][0/63]	
12/21/2023 09:18:02 - INFO - utils.common - 计算 f1 score ing...
12/21/2023 09:18:02 - INFO - utils.common - F1score = 0.7843273199369355
12/21/2023 09:18:02 - INFO - utils.common - 计算 accuracy ing...
12/21/2023 09:18:02 - INFO - utils.common - acc = 0.79855
12/21/2023 09:18:02 - INFO - utils.common - 计算 precision ing...
12/21/2023 09:18:02 - INFO - utils.common - precision = 0.842995287158525
12/21/2023 09:18:02 - INFO - utils.common - 计算 recall ing...
12/21/2023 09:18:02 - INFO - utils.common - result = {'f1score': 0.7843273199369355, 'acc': 0.79855, 'precision': 0.842995287158525, 'recall': 0.7809973261625262}
12/21/2023 09:18:02 - INFO - __main__ - Epoch:2, Val Accuracy:0.79855, f1:0.7843273199369355

12/21/2023 09:18:02 - INFO - __main__ - lr:0.0001036736311836454
12/21/2023 09:18:02 - INFO - __main__ - ==========Epoch:3==========
Save best weights
12/21/2023 09:18:24 - INFO - utils.common - 计算 f1 score ing...
12/21/2023 09:18:24 - INFO - utils.common - F1score = 0.7425805959123813
12/21/2023 09:18:24 - INFO - utils.common - 计算 accuracy ing...
12/21/2023 09:18:24 - INFO - utils.common - acc = 0.7525
12/21/2023 09:18:24 - INFO - utils.common - 计算 precision ing...
12/21/2023 09:18:24 - INFO - utils.common - precision = 0.7535970046170193
12/21/2023 09:18:24 - INFO - utils.common - 计算 recall ing...
12/21/2023 09:18:24 - INFO - utils.common - result = {'f1score': 0.7425805959123813, 'acc': 0.7525, 'precision': 0.7535970046170193, 'recall': 0.743257947113474}
12/21/2023 09:18:24 - INFO - __main__ - Epoch:3, Train Accuracy:0.7525, f1:0.7425805959123813

Epoch: [3][0/63]	
12/21/2023 09:18:44 - INFO - utils.common - 计算 f1 score ing...
12/21/2023 09:18:44 - INFO - utils.common - F1score = 0.8207702161919128
12/21/2023 09:18:44 - INFO - utils.common - 计算 accuracy ing...
12/21/2023 09:18:44 - INFO - utils.common - acc = 0.8301
12/21/2023 09:18:44 - INFO - utils.common - 计算 precision ing...
12/21/2023 09:18:44 - INFO - utils.common - precision = 0.8610815579177511
12/21/2023 09:18:44 - INFO - utils.common - 计算 recall ing...
12/21/2023 09:18:44 - INFO - utils.common - result = {'f1score': 0.8207702161919128, 'acc': 0.8301, 'precision': 0.8610815579177511, 'recall': 0.815248740733884}
12/21/2023 09:18:44 - INFO - __main__ - Epoch:3, Val Accuracy:0.8301, f1:0.8207702161919128

12/21/2023 09:18:44 - INFO - __main__ - lr:2.8683631183645395e-05
12/21/2023 09:18:44 - INFO - __main__ - ==========Epoch:4==========
Save best weights
12/21/2023 09:19:06 - INFO - utils.common - 计算 f1 score ing...
12/21/2023 09:19:06 - INFO - utils.common - F1score = 0.7497353573053895
12/21/2023 09:19:06 - INFO - utils.common - 计算 accuracy ing...
12/21/2023 09:19:06 - INFO - utils.common - acc = 0.759625
12/21/2023 09:19:06 - INFO - utils.common - 计算 precision ing...
12/21/2023 09:19:06 - INFO - utils.common - precision = 0.7630929189137858
12/21/2023 09:19:06 - INFO - utils.common - 计算 recall ing...
12/21/2023 09:19:06 - INFO - utils.common - result = {'f1score': 0.7497353573053895, 'acc': 0.759625, 'precision': 0.7630929189137858, 'recall': 0.7500369376739415}
12/21/2023 09:19:06 - INFO - __main__ - Epoch:4, Train Accuracy:0.759625, f1:0.7497353573053895

Epoch: [4][0/63]	
12/21/2023 09:19:28 - INFO - utils.common - 计算 f1 score ing...
12/21/2023 09:19:28 - INFO - utils.common - F1score = 0.8255490670933457
12/21/2023 09:19:28 - INFO - utils.common - 计算 accuracy ing...
12/21/2023 09:19:28 - INFO - utils.common - acc = 0.83435
12/21/2023 09:19:28 - INFO - utils.common - 计算 precision ing...
12/21/2023 09:19:28 - INFO - utils.common - precision = 0.8638739464858055
12/21/2023 09:19:28 - INFO - utils.common - 计算 recall ing...
12/21/2023 09:19:28 - INFO - utils.common - result = {'f1score': 0.8255490670933457, 'acc': 0.83435, 'precision': 0.8638739464858055, 'recall': 0.8198427479391612}
12/21/2023 09:19:28 - INFO - __main__ - Epoch:4, Val Accuracy:0.83435, f1:0.8255490670933457

12/21/2023 09:19:28 - INFO - __main__ - lr:0.0003
12/21/2023 09:19:28 - INFO - __main__ - ==========Epoch:5==========
Save best weights
12/21/2023 09:19:51 - INFO - utils.common - 计算 f1 score ing...
12/21/2023 09:19:51 - INFO - utils.common - F1score = 0.7816742060362285
12/21/2023 09:19:51 - INFO - utils.common - 计算 accuracy ing...
12/21/2023 09:19:51 - INFO - utils.common - acc = 0.788875
12/21/2023 09:19:51 - INFO - utils.common - 计算 precision ing...
12/21/2023 09:19:51 - INFO - utils.common - precision = 0.7900538187700139
12/21/2023 09:19:51 - INFO - utils.common - 计算 recall ing...
12/21/2023 09:19:51 - INFO - utils.common - result = {'f1score': 0.7816742060362285, 'acc': 0.788875, 'precision': 0.7900538187700139, 'recall': 0.7813048111994121}
12/21/2023 09:19:51 - INFO - __main__ - Epoch:5, Train Accuracy:0.788875, f1:0.7816742060362285

Epoch: [5][0/63]	
12/21/2023 09:20:13 - INFO - utils.common - 计算 f1 score ing...
12/21/2023 09:20:13 - INFO - utils.common - F1score = 0.8684866571852812
12/21/2023 09:20:13 - INFO - utils.common - 计算 accuracy ing...
12/21/2023 09:20:13 - INFO - utils.common - acc = 0.8722
12/21/2023 09:20:13 - INFO - utils.common - 计算 precision ing...
12/21/2023 09:20:13 - INFO - utils.common - precision = 0.8878920435696787
12/21/2023 09:20:13 - INFO - utils.common - 计算 recall ing...
12/21/2023 09:20:13 - INFO - utils.common - result = {'f1score': 0.8684866571852812, 'acc': 0.8722, 'precision': 0.8878920435696787, 'recall': 0.8623066405078644}
12/21/2023 09:20:13 - INFO - __main__ - Epoch:5, Val Accuracy:0.8722, f1:0.8684866571852812

12/21/2023 09:20:13 - INFO - __main__ - lr:0.00027135636881635457
12/21/2023 09:20:13 - INFO - __main__ - ==========Epoch:6==========
Save best weights
12/21/2023 09:20:38 - INFO - utils.common - 计算 f1 score ing...
12/21/2023 09:20:38 - INFO - utils.common - F1score = 0.8036825350871427
12/21/2023 09:20:38 - INFO - utils.common - 计算 accuracy ing...
12/21/2023 09:20:38 - INFO - utils.common - acc = 0.8085
12/21/2023 09:20:38 - INFO - utils.common - 计算 precision ing...
12/21/2023 09:20:38 - INFO - utils.common - precision = 0.8077705569604374
12/21/2023 09:20:38 - INFO - utils.common - 计算 recall ing...
12/21/2023 09:20:38 - INFO - utils.common - result = {'f1score': 0.8036825350871427, 'acc': 0.8085, 'precision': 0.8077705569604374, 'recall': 0.8033308210796839}
12/21/2023 09:20:38 - INFO - __main__ - Epoch:6, Train Accuracy:0.8085, f1:0.8036825350871427

Epoch: [6][0/63]	
12/21/2023 09:21:00 - INFO - utils.common - 计算 f1 score ing...
12/21/2023 09:21:00 - INFO - utils.common - F1score = 0.8852303819238444
12/21/2023 09:21:00 - INFO - utils.common - 计算 accuracy ing...
12/21/2023 09:21:00 - INFO - utils.common - acc = 0.88795
12/21/2023 09:21:00 - INFO - utils.common - 计算 precision ing...
12/21/2023 09:21:00 - INFO - utils.common - precision = 0.8995240747782342
12/21/2023 09:21:00 - INFO - utils.common - 计算 recall ing...
12/21/2023 09:21:00 - INFO - utils.common - result = {'f1score': 0.8852303819238444, 'acc': 0.88795, 'precision': 0.8995240747782342, 'recall': 0.8797352548591761}
12/21/2023 09:21:00 - INFO - __main__ - Epoch:6, Val Accuracy:0.88795, f1:0.8852303819238444

12/21/2023 09:21:00 - INFO - __main__ - lr:0.0001963663688163546
12/21/2023 09:21:00 - INFO - __main__ - ==========Epoch:7==========
Save best weights
12/21/2023 09:21:25 - INFO - utils.common - 计算 f1 score ing...
12/21/2023 09:21:25 - INFO - utils.common - F1score = 0.8159302523771783
12/21/2023 09:21:25 - INFO - utils.common - 计算 accuracy ing...
12/21/2023 09:21:25 - INFO - utils.common - acc = 0.820375
12/21/2023 09:21:25 - INFO - utils.common - 计算 precision ing...
12/21/2023 09:21:25 - INFO - utils.common - precision = 0.8198125628272821
12/21/2023 09:21:25 - INFO - utils.common - 计算 recall ing...
12/21/2023 09:21:25 - INFO - utils.common - result = {'f1score': 0.8159302523771783, 'acc': 0.820375, 'precision': 0.8198125628272821, 'recall': 0.8150192286072845}
12/21/2023 09:21:25 - INFO - __main__ - Epoch:7, Train Accuracy:0.820375, f1:0.8159302523771783

Epoch: [7][0/63]	
12/21/2023 09:21:46 - INFO - utils.common - 计算 f1 score ing...
12/21/2023 09:21:46 - INFO - utils.common - F1score = 0.9005822179310532
12/21/2023 09:21:46 - INFO - utils.common - 计算 accuracy ing...
12/21/2023 09:21:46 - INFO - utils.common - acc = 0.90235
12/21/2023 09:21:46 - INFO - utils.common - 计算 precision ing...
12/21/2023 09:21:46 - INFO - utils.common - precision = 0.9096769372959737
12/21/2023 09:21:46 - INFO - utils.common - 计算 recall ing...
12/21/2023 09:21:46 - INFO - utils.common - result = {'f1score': 0.9005822179310532, 'acc': 0.90235, 'precision': 0.9096769372959737, 'recall': 0.8962827118664958}
12/21/2023 09:21:46 - INFO - __main__ - Epoch:7, Val Accuracy:0.90235, f1:0.9005822179310532

12/21/2023 09:21:46 - INFO - __main__ - lr:0.0001036736311836454
12/21/2023 09:21:46 - INFO - __main__ - ==========Epoch:8==========
Save best weights
12/21/2023 09:22:11 - INFO - utils.common - 计算 f1 score ing...
12/21/2023 09:22:11 - INFO - utils.common - F1score = 0.8293978591193307
12/21/2023 09:22:11 - INFO - utils.common - 计算 accuracy ing...
12/21/2023 09:22:11 - INFO - utils.common - acc = 0.832
12/21/2023 09:22:11 - INFO - utils.common - 计算 precision ing...
12/21/2023 09:22:11 - INFO - utils.common - precision = 0.8326079617875686
12/21/2023 09:22:11 - INFO - utils.common - 计算 recall ing...
12/21/2023 09:22:11 - INFO - utils.common - result = {'f1score': 0.8293978591193307, 'acc': 0.832, 'precision': 0.8326079617875686, 'recall': 0.8285754867374632}
12/21/2023 09:22:11 - INFO - __main__ - Epoch:8, Train Accuracy:0.832, f1:0.8293978591193307

Epoch: [8][0/63]	
12/21/2023 09:22:31 - INFO - utils.common - 计算 f1 score ing...
12/21/2023 09:22:31 - INFO - utils.common - F1score = 0.9040726351535768
12/21/2023 09:22:31 - INFO - utils.common - 计算 accuracy ing...
12/21/2023 09:22:31 - INFO - utils.common - acc = 0.90555
12/21/2023 09:22:31 - INFO - utils.common - 计算 precision ing...
12/21/2023 09:22:31 - INFO - utils.common - precision = 0.9120664933819188
12/21/2023 09:22:31 - INFO - utils.common - 计算 recall ing...
12/21/2023 09:22:31 - INFO - utils.common - result = {'f1score': 0.9040726351535768, 'acc': 0.90555, 'precision': 0.9120664933819188, 'recall': 0.8999869328929235}
12/21/2023 09:22:31 - INFO - __main__ - Epoch:8, Val Accuracy:0.90555, f1:0.9040726351535768

12/21/2023 09:22:31 - INFO - __main__ - lr:2.8683631183645395e-05
12/21/2023 09:22:31 - INFO - __main__ - ==========Epoch:9==========
Save best weights
12/21/2023 09:22:57 - INFO - utils.common - 计算 f1 score ing...
12/21/2023 09:22:57 - INFO - utils.common - F1score = 0.8306384743179859
12/21/2023 09:22:57 - INFO - utils.common - 计算 accuracy ing...
12/21/2023 09:22:57 - INFO - utils.common - acc = 0.833625
12/21/2023 09:22:57 - INFO - utils.common - 计算 precision ing...
12/21/2023 09:22:57 - INFO - utils.common - precision = 0.8321784784273714
12/21/2023 09:22:57 - INFO - utils.common - 计算 recall ing...
12/21/2023 09:22:57 - INFO - utils.common - result = {'f1score': 0.8306384743179859, 'acc': 0.833625, 'precision': 0.8321784784273714, 'recall': 0.8302061691052436}
12/21/2023 09:22:57 - INFO - __main__ - Epoch:9, Train Accuracy:0.833625, f1:0.8306384743179859

Epoch: [9][0/63]	
12/21/2023 09:23:18 - INFO - utils.common - 计算 f1 score ing...
12/21/2023 09:23:18 - INFO - utils.common - F1score = 0.905419049213417
12/21/2023 09:23:18 - INFO - utils.common - 计算 accuracy ing...
12/21/2023 09:23:18 - INFO - utils.common - acc = 0.9068
12/21/2023 09:23:18 - INFO - utils.common - 计算 precision ing...
12/21/2023 09:23:19 - INFO - utils.common - precision = 0.9128302820660276
12/21/2023 09:23:19 - INFO - utils.common - 计算 recall ing...
12/21/2023 09:23:19 - INFO - utils.common - result = {'f1score': 0.905419049213417, 'acc': 0.9068, 'precision': 0.9128302820660276, 'recall': 0.9016030028119835}
12/21/2023 09:23:19 - INFO - __main__ - Epoch:9, Val Accuracy:0.9068, f1:0.905419049213417

12/21/2023 09:23:19 - INFO - __main__ - lr:0.0003
12/21/2023 09:23:19 - INFO - __main__ - ==========Epoch:10==========
Save best weights
12/21/2023 09:23:44 - INFO - utils.common - 计算 f1 score ing...
12/21/2023 09:23:44 - INFO - utils.common - F1score = 0.8425225448235164
12/21/2023 09:23:44 - INFO - utils.common - 计算 accuracy ing...
12/21/2023 09:23:44 - INFO - utils.common - acc = 0.845625
12/21/2023 09:23:44 - INFO - utils.common - 计算 precision ing...
12/21/2023 09:23:44 - INFO - utils.common - precision = 0.8444469973006189
12/21/2023 09:23:44 - INFO - utils.common - 计算 recall ing...
12/21/2023 09:23:44 - INFO - utils.common - result = {'f1score': 0.8425225448235164, 'acc': 0.845625, 'precision': 0.8444469973006189, 'recall': 0.8416845857257862}
12/21/2023 09:23:44 - INFO - __main__ - Epoch:10, Train Accuracy:0.845625, f1:0.8425225448235164

Epoch: [10][0/63]	
12/21/2023 09:24:05 - INFO - utils.common - 计算 f1 score ing...
12/21/2023 09:24:05 - INFO - utils.common - F1score = 0.9111751822640564
12/21/2023 09:24:05 - INFO - utils.common - 计算 accuracy ing...
12/21/2023 09:24:05 - INFO - utils.common - acc = 0.91245
12/21/2023 09:24:05 - INFO - utils.common - 计算 precision ing...
12/21/2023 09:24:05 - INFO - utils.common - precision = 0.9179722732605793
12/21/2023 09:24:05 - INFO - utils.common - 计算 recall ing...
12/21/2023 09:24:05 - INFO - utils.common - result = {'f1score': 0.9111751822640564, 'acc': 0.91245, 'precision': 0.9179722732605793, 'recall': 0.9073077311120709}
12/21/2023 09:24:05 - INFO - __main__ - Epoch:10, Val Accuracy:0.91245, f1:0.9111751822640564

12/21/2023 09:24:05 - INFO - __main__ - lr:0.00027135636881635457
12/21/2023 09:24:05 - INFO - __main__ - ==========Epoch:11==========
Save best weights
12/21/2023 09:24:30 - INFO - utils.common - 计算 f1 score ing...
12/21/2023 09:24:30 - INFO - utils.common - F1score = 0.8496833051827155
12/21/2023 09:24:30 - INFO - utils.common - 计算 accuracy ing...
12/21/2023 09:24:30 - INFO - utils.common - acc = 0.8525
12/21/2023 09:24:30 - INFO - utils.common - 计算 precision ing...
12/21/2023 09:24:30 - INFO - utils.common - precision = 0.8513721644870309
12/21/2023 09:24:30 - INFO - utils.common - 计算 recall ing...
12/21/2023 09:24:30 - INFO - utils.common - result = {'f1score': 0.8496833051827155, 'acc': 0.8525, 'precision': 0.8513721644870309, 'recall': 0.8493339470227946}
12/21/2023 09:24:30 - INFO - __main__ - Epoch:11, Train Accuracy:0.8525, f1:0.8496833051827155

Epoch: [11][0/63]	
12/21/2023 09:24:51 - INFO - utils.common - 计算 f1 score ing...
12/21/2023 09:24:51 - INFO - utils.common - F1score = 0.9145672119586372
12/21/2023 09:24:51 - INFO - utils.common - 计算 accuracy ing...
12/21/2023 09:24:51 - INFO - utils.common - acc = 0.91565
12/21/2023 09:24:51 - INFO - utils.common - 计算 precision ing...
12/21/2023 09:24:51 - INFO - utils.common - precision = 0.9220034672854734
12/21/2023 09:24:51 - INFO - utils.common - 计算 recall ing...
12/21/2023 09:24:51 - INFO - utils.common - result = {'f1score': 0.9145672119586372, 'acc': 0.91565, 'precision': 0.9220034672854734, 'recall': 0.9105297896491512}
12/21/2023 09:24:51 - INFO - __main__ - Epoch:11, Val Accuracy:0.91565, f1:0.9145672119586372

12/21/2023 09:24:51 - INFO - __main__ - lr:0.0001963663688163546
12/21/2023 09:24:51 - INFO - __main__ - ==========Epoch:12==========
Save best weights
12/21/2023 09:25:17 - INFO - utils.common - 计算 f1 score ing...
12/21/2023 09:25:17 - INFO - utils.common - F1score = 0.8546283704494164
12/21/2023 09:25:17 - INFO - utils.common - 计算 accuracy ing...
12/21/2023 09:25:17 - INFO - utils.common - acc = 0.8565
12/21/2023 09:25:17 - INFO - utils.common - 计算 precision ing...
12/21/2023 09:25:17 - INFO - utils.common - precision = 0.8555948245899357
12/21/2023 09:25:17 - INFO - utils.common - 计算 recall ing...
12/21/2023 09:25:17 - INFO - utils.common - result = {'f1score': 0.8546283704494164, 'acc': 0.8565, 'precision': 0.8555948245899357, 'recall': 0.8543132819911678}
12/21/2023 09:25:17 - INFO - __main__ - Epoch:12, Train Accuracy:0.8565, f1:0.8546283704494164

Epoch: [12][0/63]	
12/21/2023 09:25:39 - INFO - utils.common - 计算 f1 score ing...
12/21/2023 09:25:39 - INFO - utils.common - F1score = 0.9219394734008234
12/21/2023 09:25:39 - INFO - utils.common - 计算 accuracy ing...
12/21/2023 09:25:39 - INFO - utils.common - acc = 0.9229
12/21/2023 09:25:39 - INFO - utils.common - 计算 precision ing...
12/21/2023 09:25:39 - INFO - utils.common - precision = 0.9275184194030124
12/21/2023 09:25:39 - INFO - utils.common - 计算 recall ing...
12/21/2023 09:25:39 - INFO - utils.common - result = {'f1score': 0.9219394734008234, 'acc': 0.9229, 'precision': 0.9275184194030124, 'recall': 0.9186180401384375}
12/21/2023 09:25:39 - INFO - __main__ - Epoch:12, Val Accuracy:0.9229, f1:0.9219394734008234

12/21/2023 09:25:39 - INFO - __main__ - lr:0.0001036736311836454
12/21/2023 09:25:39 - INFO - __main__ - ==========Epoch:13==========
Save best weights
12/21/2023 09:26:05 - INFO - utils.common - 计算 f1 score ing...
12/21/2023 09:26:05 - INFO - utils.common - F1score = 0.8582367308111207
12/21/2023 09:26:05 - INFO - utils.common - 计算 accuracy ing...
12/21/2023 09:26:05 - INFO - utils.common - acc = 0.85975
12/21/2023 09:26:05 - INFO - utils.common - 计算 precision ing...
12/21/2023 09:26:05 - INFO - utils.common - precision = 0.8599877878133362
12/21/2023 09:26:05 - INFO - utils.common - 计算 recall ing...
12/21/2023 09:26:05 - INFO - utils.common - result = {'f1score': 0.8582367308111207, 'acc': 0.85975, 'precision': 0.8599877878133362, 'recall': 0.8572691171037866}
12/21/2023 09:26:05 - INFO - __main__ - Epoch:13, Train Accuracy:0.85975, f1:0.8582367308111207

Epoch: [13][0/63]	
12/21/2023 09:26:27 - INFO - utils.common - 计算 f1 score ing...
12/21/2023 09:26:27 - INFO - utils.common - F1score = 0.9221918745444165
12/21/2023 09:26:27 - INFO - utils.common - 计算 accuracy ing...
12/21/2023 09:26:27 - INFO - utils.common - acc = 0.92305
12/21/2023 09:26:27 - INFO - utils.common - 计算 precision ing...
12/21/2023 09:26:27 - INFO - utils.common - precision = 0.9273242769670946
12/21/2023 09:26:27 - INFO - utils.common - 计算 recall ing...
12/21/2023 09:26:27 - INFO - utils.common - result = {'f1score': 0.9221918745444165, 'acc': 0.92305, 'precision': 0.9273242769670946, 'recall': 0.9192635810315843}
12/21/2023 09:26:27 - INFO - __main__ - Epoch:13, Val Accuracy:0.92305, f1:0.9221918745444165

12/21/2023 09:26:27 - INFO - __main__ - lr:2.8683631183645395e-05
12/21/2023 09:26:27 - INFO - __main__ - ==========Epoch:14==========
Save best weights
12/21/2023 09:26:52 - INFO - utils.common - 计算 f1 score ing...
12/21/2023 09:26:52 - INFO - utils.common - F1score = 0.8614197215811609
12/21/2023 09:26:52 - INFO - utils.common - 计算 accuracy ing...
12/21/2023 09:26:52 - INFO - utils.common - acc = 0.863375
12/21/2023 09:26:52 - INFO - utils.common - 计算 precision ing...
12/21/2023 09:26:52 - INFO - utils.common - precision = 0.8631811200394472
12/21/2023 09:26:52 - INFO - utils.common - 计算 recall ing...
12/21/2023 09:26:52 - INFO - utils.common - result = {'f1score': 0.8614197215811609, 'acc': 0.863375, 'precision': 0.8631811200394472, 'recall': 0.8609008665449684}
12/21/2023 09:26:52 - INFO - __main__ - Epoch:14, Train Accuracy:0.863375, f1:0.8614197215811609

Epoch: [14][0/63]	
12/21/2023 09:27:13 - INFO - utils.common - 计算 f1 score ing...
12/21/2023 09:27:13 - INFO - utils.common - F1score = 0.9249867996958824
12/21/2023 09:27:13 - INFO - utils.common - 计算 accuracy ing...
12/21/2023 09:27:13 - INFO - utils.common - acc = 0.92575
12/21/2023 09:27:13 - INFO - utils.common - 计算 precision ing...
12/21/2023 09:27:13 - INFO - utils.common - precision = 0.9295902121514646
12/21/2023 09:27:13 - INFO - utils.common - 计算 recall ing...
12/21/2023 09:27:13 - INFO - utils.common - result = {'f1score': 0.9249867996958824, 'acc': 0.92575, 'precision': 0.9295902121514646, 'recall': 0.922290954500689}
12/21/2023 09:27:13 - INFO - __main__ - Epoch:14, Val Accuracy:0.92575, f1:0.9249867996958824

12/21/2023 09:27:13 - INFO - __main__ - lr:0.0003
12/21/2023 09:27:13 - INFO - __main__ - ==========Epoch:15==========
Save best weights
12/21/2023 09:27:39 - INFO - utils.common - 计算 f1 score ing...
12/21/2023 09:27:39 - INFO - utils.common - F1score = 0.8662101668969971
12/21/2023 09:27:39 - INFO - utils.common - 计算 accuracy ing...
12/21/2023 09:27:39 - INFO - utils.common - acc = 0.8685
12/21/2023 09:27:39 - INFO - utils.common - 计算 precision ing...
12/21/2023 09:27:39 - INFO - utils.common - precision = 0.8679395286851697
12/21/2023 09:27:39 - INFO - utils.common - 计算 recall ing...
12/21/2023 09:27:39 - INFO - utils.common - result = {'f1score': 0.8662101668969971, 'acc': 0.8685, 'precision': 0.8679395286851697, 'recall': 0.8651144855314067}
12/21/2023 09:27:39 - INFO - __main__ - Epoch:15, Train Accuracy:0.8685, f1:0.8662101668969971

Epoch: [15][0/63]	
12/21/2023 09:28:00 - INFO - utils.common - 计算 f1 score ing...
12/21/2023 09:28:00 - INFO - utils.common - F1score = 0.9278598070380567
12/21/2023 09:28:00 - INFO - utils.common - 计算 accuracy ing...
12/21/2023 09:28:01 - INFO - utils.common - acc = 0.9287
12/21/2023 09:28:01 - INFO - utils.common - 计算 precision ing...
12/21/2023 09:28:01 - INFO - utils.common - precision = 0.9319999415922982
12/21/2023 09:28:01 - INFO - utils.common - 计算 recall ing...
12/21/2023 09:28:01 - INFO - utils.common - result = {'f1score': 0.9278598070380567, 'acc': 0.9287, 'precision': 0.9319999415922982, 'recall': 0.9251496447445781}
12/21/2023 09:28:01 - INFO - __main__ - Epoch:15, Val Accuracy:0.9287, f1:0.9278598070380567

12/21/2023 09:28:01 - INFO - __main__ - lr:0.00027135636881635457
12/21/2023 09:28:01 - INFO - __main__ - ==========Epoch:16==========
Save best weights
12/21/2023 09:28:27 - INFO - utils.common - 计算 f1 score ing...
12/21/2023 09:28:27 - INFO - utils.common - F1score = 0.8693325023870695
12/21/2023 09:28:27 - INFO - utils.common - 计算 accuracy ing...
12/21/2023 09:28:27 - INFO - utils.common - acc = 0.87075
12/21/2023 09:28:27 - INFO - utils.common - 计算 precision ing...
12/21/2023 09:28:27 - INFO - utils.common - precision = 0.8708877886697485
12/21/2023 09:28:27 - INFO - utils.common - 计算 recall ing...
12/21/2023 09:28:27 - INFO - utils.common - result = {'f1score': 0.8693325023870695, 'acc': 0.87075, 'precision': 0.8708877886697485, 'recall': 0.8687196826199214}
12/21/2023 09:28:27 - INFO - __main__ - Epoch:16, Train Accuracy:0.87075, f1:0.8693325023870695

Epoch: [16][0/63]	
12/21/2023 09:28:47 - INFO - utils.common - 计算 f1 score ing...
12/21/2023 09:28:48 - INFO - utils.common - F1score = 0.9320279172260304
12/21/2023 09:28:48 - INFO - utils.common - 计算 accuracy ing...
12/21/2023 09:28:48 - INFO - utils.common - acc = 0.93275
12/21/2023 09:28:48 - INFO - utils.common - 计算 precision ing...
12/21/2023 09:28:48 - INFO - utils.common - precision = 0.9357085663623432
12/21/2023 09:28:48 - INFO - utils.common - 计算 recall ing...
12/21/2023 09:28:48 - INFO - utils.common - result = {'f1score': 0.9320279172260304, 'acc': 0.93275, 'precision': 0.9357085663623432, 'recall': 0.9295647124716786}
12/21/2023 09:28:48 - INFO - __main__ - Epoch:16, Val Accuracy:0.93275, f1:0.9320279172260304

12/21/2023 09:28:48 - INFO - __main__ - lr:0.0001963663688163546
12/21/2023 09:28:48 - INFO - __main__ - ==========Epoch:17==========
Save best weights
12/21/2023 09:29:12 - INFO - utils.common - 计算 f1 score ing...
12/21/2023 09:29:12 - INFO - utils.common - F1score = 0.8722371076260267
12/21/2023 09:29:12 - INFO - utils.common - 计算 accuracy ing...
12/21/2023 09:29:12 - INFO - utils.common - acc = 0.87375
12/21/2023 09:29:12 - INFO - utils.common - 计算 precision ing...
12/21/2023 09:29:12 - INFO - utils.common - precision = 0.8735387538656748
12/21/2023 09:29:12 - INFO - utils.common - 计算 recall ing...
12/21/2023 09:29:12 - INFO - utils.common - result = {'f1score': 0.8722371076260267, 'acc': 0.87375, 'precision': 0.8735387538656748, 'recall': 0.8714219539827499}
12/21/2023 09:29:12 - INFO - __main__ - Epoch:17, Train Accuracy:0.87375, f1:0.8722371076260267

Epoch: [17][0/63]	
12/21/2023 09:29:33 - INFO - utils.common - 计算 f1 score ing...
12/21/2023 09:29:33 - INFO - utils.common - F1score = 0.9330663708483322
12/21/2023 09:29:33 - INFO - utils.common - 计算 accuracy ing...
12/21/2023 09:29:33 - INFO - utils.common - acc = 0.93345
12/21/2023 09:29:33 - INFO - utils.common - 计算 precision ing...
12/21/2023 09:29:33 - INFO - utils.common - precision = 0.9375034929460677
12/21/2023 09:29:33 - INFO - utils.common - 计算 recall ing...
12/21/2023 09:29:33 - INFO - utils.common - result = {'f1score': 0.9330663708483322, 'acc': 0.93345, 'precision': 0.9375034929460677, 'recall': 0.9302805913471823}
12/21/2023 09:29:33 - INFO - __main__ - Epoch:17, Val Accuracy:0.93345, f1:0.9330663708483322

12/21/2023 09:29:33 - INFO - __main__ - lr:0.0001036736311836454
12/21/2023 09:29:33 - INFO - __main__ - ==========Epoch:18==========
Save best weights
12/21/2023 09:29:57 - INFO - utils.common - 计算 f1 score ing...
12/21/2023 09:29:57 - INFO - utils.common - F1score = 0.8785599005277658
12/21/2023 09:29:57 - INFO - utils.common - 计算 accuracy ing...
12/21/2023 09:29:57 - INFO - utils.common - acc = 0.879875
12/21/2023 09:29:57 - INFO - utils.common - 计算 precision ing...
12/21/2023 09:29:57 - INFO - utils.common - precision = 0.8800945188941758
12/21/2023 09:29:57 - INFO - utils.common - 计算 recall ing...
12/21/2023 09:29:57 - INFO - utils.common - result = {'f1score': 0.8785599005277658, 'acc': 0.879875, 'precision': 0.8800945188941758, 'recall': 0.8777948550801121}
12/21/2023 09:29:57 - INFO - __main__ - Epoch:18, Train Accuracy:0.879875, f1:0.8785599005277658

Epoch: [18][0/63]	
12/21/2023 09:30:19 - INFO - utils.common - 计算 f1 score ing...
12/21/2023 09:30:19 - INFO - utils.common - F1score = 0.9316262763313676
12/21/2023 09:30:19 - INFO - utils.common - 计算 accuracy ing...
12/21/2023 09:30:19 - INFO - utils.common - acc = 0.9323
12/21/2023 09:30:19 - INFO - utils.common - 计算 precision ing...
12/21/2023 09:30:19 - INFO - utils.common - precision = 0.9363747387883934
12/21/2023 09:30:19 - INFO - utils.common - 计算 recall ing...
12/21/2023 09:30:19 - INFO - utils.common - result = {'f1score': 0.9316262763313676, 'acc': 0.9323, 'precision': 0.9363747387883934, 'recall': 0.9285508835297078}
12/21/2023 09:30:19 - INFO - __main__ - Epoch:18, Val Accuracy:0.9323, f1:0.9316262763313676

12/21/2023 09:30:19 - INFO - __main__ - lr:2.8683631183645395e-05
12/21/2023 09:30:19 - INFO - __main__ - ==========Epoch:19==========
early_st 4
12/21/2023 09:30:42 - INFO - utils.common - 计算 f1 score ing...
12/21/2023 09:30:42 - INFO - utils.common - F1score = 0.8769494623861251
12/21/2023 09:30:42 - INFO - utils.common - 计算 accuracy ing...
12/21/2023 09:30:42 - INFO - utils.common - acc = 0.878625
12/21/2023 09:30:42 - INFO - utils.common - 计算 precision ing...
12/21/2023 09:30:42 - INFO - utils.common - precision = 0.878484210576078
12/21/2023 09:30:42 - INFO - utils.common - 计算 recall ing...
12/21/2023 09:30:42 - INFO - utils.common - result = {'f1score': 0.8769494623861251, 'acc': 0.878625, 'precision': 0.878484210576078, 'recall': 0.8760712728810279}
12/21/2023 09:30:42 - INFO - __main__ - Epoch:19, Train Accuracy:0.878625, f1:0.8769494623861251

Epoch: [19][0/63]	
12/21/2023 09:31:02 - INFO - utils.common - 计算 f1 score ing...
12/21/2023 09:31:02 - INFO - utils.common - F1score = 0.9364206275352766
12/21/2023 09:31:02 - INFO - utils.common - 计算 accuracy ing...
12/21/2023 09:31:02 - INFO - utils.common - acc = 0.9368
12/21/2023 09:31:02 - INFO - utils.common - 计算 precision ing...
12/21/2023 09:31:03 - INFO - utils.common - precision = 0.9394565321754382
12/21/2023 09:31:03 - INFO - utils.common - 计算 recall ing...
12/21/2023 09:31:03 - INFO - utils.common - result = {'f1score': 0.9364206275352766, 'acc': 0.9368, 'precision': 0.9394565321754382, 'recall': 0.9342818725448766}
12/21/2023 09:31:03 - INFO - __main__ - Epoch:19, Val Accuracy:0.9368, f1:0.9364206275352766

12/21/2023 09:31:03 - INFO - __main__ - lr:0.0003
12/21/2023 09:31:03 - INFO - __main__ - ==========Epoch:20==========
Save best weights
12/21/2023 09:31:27 - INFO - utils.common - 计算 f1 score ing...
12/21/2023 09:31:27 - INFO - utils.common - F1score = 0.8780548147657323
12/21/2023 09:31:27 - INFO - utils.common - 计算 accuracy ing...
12/21/2023 09:31:27 - INFO - utils.common - acc = 0.88
12/21/2023 09:31:27 - INFO - utils.common - 计算 precision ing...
12/21/2023 09:31:27 - INFO - utils.common - precision = 0.8795097228110033
12/21/2023 09:31:27 - INFO - utils.common - 计算 recall ing...
12/21/2023 09:31:27 - INFO - utils.common - result = {'f1score': 0.8780548147657323, 'acc': 0.88, 'precision': 0.8795097228110033, 'recall': 0.8771128813577689}
12/21/2023 09:31:27 - INFO - __main__ - Epoch:20, Train Accuracy:0.88, f1:0.8780548147657323

Epoch: [20][0/63]	
12/21/2023 09:31:48 - INFO - utils.common - 计算 f1 score ing...
12/21/2023 09:31:48 - INFO - utils.common - F1score = 0.9374323142879698
12/21/2023 09:31:48 - INFO - utils.common - 计算 accuracy ing...
12/21/2023 09:31:48 - INFO - utils.common - acc = 0.93795
12/21/2023 09:31:48 - INFO - utils.common - 计算 precision ing...
12/21/2023 09:31:48 - INFO - utils.common - precision = 0.9406134200632725
12/21/2023 09:31:48 - INFO - utils.common - 计算 recall ing...
12/21/2023 09:31:48 - INFO - utils.common - result = {'f1score': 0.9374323142879698, 'acc': 0.93795, 'precision': 0.9406134200632725, 'recall': 0.9352402151699497}
12/21/2023 09:31:48 - INFO - __main__ - Epoch:20, Val Accuracy:0.93795, f1:0.9374323142879698

12/21/2023 09:31:48 - INFO - __main__ - lr:0.00027135636881635457
12/21/2023 09:31:48 - INFO - __main__ - ==========Epoch:21==========
Save best weights
12/21/2023 09:32:13 - INFO - utils.common - 计算 f1 score ing...
12/21/2023 09:32:13 - INFO - utils.common - F1score = 0.8846714906126782
12/21/2023 09:32:13 - INFO - utils.common - 计算 accuracy ing...
12/21/2023 09:32:13 - INFO - utils.common - acc = 0.886
12/21/2023 09:32:13 - INFO - utils.common - 计算 precision ing...
12/21/2023 09:32:13 - INFO - utils.common - precision = 0.8854915615685675
12/21/2023 09:32:13 - INFO - utils.common - 计算 recall ing...
12/21/2023 09:32:13 - INFO - utils.common - result = {'f1score': 0.8846714906126782, 'acc': 0.886, 'precision': 0.8854915615685675, 'recall': 0.8843400880146891}
12/21/2023 09:32:13 - INFO - __main__ - Epoch:21, Train Accuracy:0.886, f1:0.8846714906126782

Epoch: [21][0/63]	
12/21/2023 09:32:34 - INFO - utils.common - 计算 f1 score ing...
12/21/2023 09:32:34 - INFO - utils.common - F1score = 0.9384544194352229
12/21/2023 09:32:34 - INFO - utils.common - 计算 accuracy ing...
12/21/2023 09:32:34 - INFO - utils.common - acc = 0.93895
12/21/2023 09:32:34 - INFO - utils.common - 计算 precision ing...
12/21/2023 09:32:34 - INFO - utils.common - precision = 0.9417073554167195
12/21/2023 09:32:34 - INFO - utils.common - 计算 recall ing...
12/21/2023 09:32:34 - INFO - utils.common - result = {'f1score': 0.9384544194352229, 'acc': 0.93895, 'precision': 0.9417073554167195, 'recall': 0.9362178083586189}
12/21/2023 09:32:34 - INFO - __main__ - Epoch:21, Val Accuracy:0.93895, f1:0.9384544194352229

12/21/2023 09:32:34 - INFO - __main__ - lr:0.0001963663688163546
12/21/2023 09:32:34 - INFO - __main__ - ==========Epoch:22==========
Save best weights
12/21/2023 09:33:00 - INFO - utils.common - 计算 f1 score ing...
12/21/2023 09:33:00 - INFO - utils.common - F1score = 0.8853898615094179
12/21/2023 09:33:00 - INFO - utils.common - 计算 accuracy ing...
12/21/2023 09:33:00 - INFO - utils.common - acc = 0.886875
12/21/2023 09:33:00 - INFO - utils.common - 计算 precision ing...
12/21/2023 09:33:00 - INFO - utils.common - precision = 0.8859295997540303
12/21/2023 09:33:00 - INFO - utils.common - 计算 recall ing...
12/21/2023 09:33:00 - INFO - utils.common - result = {'f1score': 0.8853898615094179, 'acc': 0.886875, 'precision': 0.8859295997540303, 'recall': 0.8851179033209742}
12/21/2023 09:33:00 - INFO - __main__ - Epoch:22, Train Accuracy:0.886875, f1:0.8853898615094179

Epoch: [22][0/63]	
12/21/2023 09:33:20 - INFO - utils.common - 计算 f1 score ing...
12/21/2023 09:33:20 - INFO - utils.common - F1score = 0.9396272427364953
12/21/2023 09:33:20 - INFO - utils.common - 计算 accuracy ing...
12/21/2023 09:33:20 - INFO - utils.common - acc = 0.94005
12/21/2023 09:33:20 - INFO - utils.common - 计算 precision ing...
12/21/2023 09:33:20 - INFO - utils.common - precision = 0.9429848213553359
12/21/2023 09:33:20 - INFO - utils.common - 计算 recall ing...
12/21/2023 09:33:20 - INFO - utils.common - result = {'f1score': 0.9396272427364953, 'acc': 0.94005, 'precision': 0.9429848213553359, 'recall': 0.9373661520696841}
12/21/2023 09:33:20 - INFO - __main__ - Epoch:22, Val Accuracy:0.94005, f1:0.9396272427364953

12/21/2023 09:33:20 - INFO - __main__ - lr:0.0001036736311836454
12/21/2023 09:33:20 - INFO - __main__ - ==========Epoch:23==========
Save best weights
12/21/2023 09:33:45 - INFO - utils.common - 计算 f1 score ing...
12/21/2023 09:33:45 - INFO - utils.common - F1score = 0.8852340949162436
12/21/2023 09:33:45 - INFO - utils.common - 计算 accuracy ing...
12/21/2023 09:33:46 - INFO - utils.common - acc = 0.886875
12/21/2023 09:33:46 - INFO - utils.common - 计算 precision ing...
12/21/2023 09:33:46 - INFO - utils.common - precision = 0.8860811729979916
12/21/2023 09:33:46 - INFO - utils.common - 计算 recall ing...
12/21/2023 09:33:46 - INFO - utils.common - result = {'f1score': 0.8852340949162436, 'acc': 0.886875, 'precision': 0.8860811729979916, 'recall': 0.8846012039946473}
12/21/2023 09:33:46 - INFO - __main__ - Epoch:23, Train Accuracy:0.886875, f1:0.8852340949162436

Epoch: [23][0/63]	
12/21/2023 09:34:06 - INFO - utils.common - 计算 f1 score ing...
12/21/2023 09:34:06 - INFO - utils.common - F1score = 0.94055077596465
12/21/2023 09:34:06 - INFO - utils.common - 计算 accuracy ing...
12/21/2023 09:34:06 - INFO - utils.common - acc = 0.9411
12/21/2023 09:34:06 - INFO - utils.common - 计算 precision ing...
12/21/2023 09:34:06 - INFO - utils.common - precision = 0.94374348401646
12/21/2023 09:34:06 - INFO - utils.common - 计算 recall ing...
12/21/2023 09:34:06 - INFO - utils.common - result = {'f1score': 0.94055077596465, 'acc': 0.9411, 'precision': 0.94374348401646, 'recall': 0.9383123029992064}
12/21/2023 09:34:06 - INFO - __main__ - Epoch:23, Val Accuracy:0.9411, f1:0.94055077596465

12/21/2023 09:34:06 - INFO - __main__ - lr:2.8683631183645395e-05
12/21/2023 09:34:06 - INFO - __main__ - ==========Epoch:24==========
Save best weights
12/21/2023 09:34:32 - INFO - utils.common - 计算 f1 score ing...
12/21/2023 09:34:32 - INFO - utils.common - F1score = 0.8904758561880938
12/21/2023 09:34:32 - INFO - utils.common - 计算 accuracy ing...
12/21/2023 09:34:32 - INFO - utils.common - acc = 0.89175
12/21/2023 09:34:32 - INFO - utils.common - 计算 precision ing...
12/21/2023 09:34:32 - INFO - utils.common - precision = 0.8913723194096086
12/21/2023 09:34:32 - INFO - utils.common - 计算 recall ing...
12/21/2023 09:34:32 - INFO - utils.common - result = {'f1score': 0.8904758561880938, 'acc': 0.89175, 'precision': 0.8913723194096086, 'recall': 0.8900331126668503}
12/21/2023 09:34:32 - INFO - __main__ - Epoch:24, Train Accuracy:0.89175, f1:0.8904758561880938

Epoch: [24][0/63]	
12/21/2023 09:34:52 - INFO - utils.common - 计算 f1 score ing...
12/21/2023 09:34:52 - INFO - utils.common - F1score = 0.9416963334858198
12/21/2023 09:34:52 - INFO - utils.common - 计算 accuracy ing...
12/21/2023 09:34:52 - INFO - utils.common - acc = 0.9423
12/21/2023 09:34:52 - INFO - utils.common - 计算 precision ing...
12/21/2023 09:34:52 - INFO - utils.common - precision = 0.9445301643447996
12/21/2023 09:34:52 - INFO - utils.common - 计算 recall ing...
12/21/2023 09:34:52 - INFO - utils.common - result = {'f1score': 0.9416963334858198, 'acc': 0.9423, 'precision': 0.9445301643447996, 'recall': 0.9396792579473217}
12/21/2023 09:34:52 - INFO - __main__ - Epoch:24, Val Accuracy:0.9423, f1:0.9416963334858198

12/21/2023 09:34:52 - INFO - __main__ - lr:0.0003
12/21/2023 09:34:52 - INFO - __main__ - ==========Epoch:25==========
Save best weights
12/21/2023 09:35:18 - INFO - utils.common - 计算 f1 score ing...
12/21/2023 09:35:18 - INFO - utils.common - F1score = 0.8880670204428296
12/21/2023 09:35:18 - INFO - utils.common - 计算 accuracy ing...
12/21/2023 09:35:18 - INFO - utils.common - acc = 0.889125
12/21/2023 09:35:18 - INFO - utils.common - 计算 precision ing...
12/21/2023 09:35:18 - INFO - utils.common - precision = 0.8888234303659587
12/21/2023 09:35:18 - INFO - utils.common - 计算 recall ing...
12/21/2023 09:35:18 - INFO - utils.common - result = {'f1score': 0.8880670204428296, 'acc': 0.889125, 'precision': 0.8888234303659587, 'recall': 0.8875543529223994}
12/21/2023 09:35:18 - INFO - __main__ - Epoch:25, Train Accuracy:0.889125, f1:0.8880670204428296

Epoch: [25][0/63]	
12/21/2023 09:35:38 - INFO - utils.common - 计算 f1 score ing...
12/21/2023 09:35:38 - INFO - utils.common - F1score = 0.943972287614904
12/21/2023 09:35:38 - INFO - utils.common - 计算 accuracy ing...
12/21/2023 09:35:38 - INFO - utils.common - acc = 0.94445
12/21/2023 09:35:38 - INFO - utils.common - 计算 precision ing...
12/21/2023 09:35:38 - INFO - utils.common - precision = 0.9465947492541571
12/21/2023 09:35:38 - INFO - utils.common - 计算 recall ing...
12/21/2023 09:35:38 - INFO - utils.common - result = {'f1score': 0.943972287614904, 'acc': 0.94445, 'precision': 0.9465947492541571, 'recall': 0.9420487413295198}
12/21/2023 09:35:38 - INFO - __main__ - Epoch:25, Val Accuracy:0.94445, f1:0.943972287614904

12/21/2023 09:35:38 - INFO - __main__ - lr:0.00027135636881635457
12/21/2023 09:35:38 - INFO - __main__ - ==========Epoch:26==========
Save best weights
12/21/2023 09:36:04 - INFO - utils.common - 计算 f1 score ing...
12/21/2023 09:36:04 - INFO - utils.common - F1score = 0.895378316728762
12/21/2023 09:36:04 - INFO - utils.common - 计算 accuracy ing...
12/21/2023 09:36:04 - INFO - utils.common - acc = 0.896625
12/21/2023 09:36:04 - INFO - utils.common - 计算 precision ing...
12/21/2023 09:36:04 - INFO - utils.common - precision = 0.8963770158766127
12/21/2023 09:36:04 - INFO - utils.common - 计算 recall ing...
12/21/2023 09:36:04 - INFO - utils.common - result = {'f1score': 0.895378316728762, 'acc': 0.896625, 'precision': 0.8963770158766127, 'recall': 0.8949534805419075}
12/21/2023 09:36:04 - INFO - __main__ - Epoch:26, Train Accuracy:0.896625, f1:0.895378316728762

Epoch: [26][0/63]	
12/21/2023 09:36:25 - INFO - utils.common - 计算 f1 score ing...
12/21/2023 09:36:25 - INFO - utils.common - F1score = 0.944442848043361
12/21/2023 09:36:25 - INFO - utils.common - 计算 accuracy ing...
12/21/2023 09:36:25 - INFO - utils.common - acc = 0.94475
12/21/2023 09:36:25 - INFO - utils.common - 计算 precision ing...
12/21/2023 09:36:25 - INFO - utils.common - precision = 0.9471155309098884
12/21/2023 09:36:25 - INFO - utils.common - 计算 recall ing...
12/21/2023 09:36:25 - INFO - utils.common - result = {'f1score': 0.944442848043361, 'acc': 0.94475, 'precision': 0.9471155309098884, 'recall': 0.9426720870407345}
12/21/2023 09:36:25 - INFO - __main__ - Epoch:26, Val Accuracy:0.94475, f1:0.944442848043361

12/21/2023 09:36:25 - INFO - __main__ - lr:0.0001963663688163546
12/21/2023 09:36:25 - INFO - __main__ - ==========Epoch:27==========
Save best weights
12/21/2023 09:36:50 - INFO - utils.common - 计算 f1 score ing...
12/21/2023 09:36:50 - INFO - utils.common - F1score = 0.8929655720638175
12/21/2023 09:36:50 - INFO - utils.common - 计算 accuracy ing...
12/21/2023 09:36:50 - INFO - utils.common - acc = 0.894
12/21/2023 09:36:50 - INFO - utils.common - 计算 precision ing...
12/21/2023 09:36:50 - INFO - utils.common - precision = 0.893413881495332
12/21/2023 09:36:50 - INFO - utils.common - 计算 recall ing...
12/21/2023 09:36:50 - INFO - utils.common - result = {'f1score': 0.8929655720638175, 'acc': 0.894, 'precision': 0.893413881495332, 'recall': 0.8926843433662557}
12/21/2023 09:36:50 - INFO - __main__ - Epoch:27, Train Accuracy:0.894, f1:0.8929655720638175

Epoch: [27][0/63]	
12/21/2023 09:37:12 - INFO - utils.common - 计算 f1 score ing...
12/21/2023 09:37:12 - INFO - utils.common - F1score = 0.9461879330494095
12/21/2023 09:37:12 - INFO - utils.common - 计算 accuracy ing...
12/21/2023 09:37:12 - INFO - utils.common - acc = 0.9466
12/21/2023 09:37:12 - INFO - utils.common - 计算 precision ing...
12/21/2023 09:37:12 - INFO - utils.common - precision = 0.9485643206509682
12/21/2023 09:37:12 - INFO - utils.common - 计算 recall ing...
12/21/2023 09:37:12 - INFO - utils.common - result = {'f1score': 0.9461879330494095, 'acc': 0.9466, 'precision': 0.9485643206509682, 'recall': 0.94447149452678}
12/21/2023 09:37:12 - INFO - __main__ - Epoch:27, Val Accuracy:0.9466, f1:0.9461879330494095

12/21/2023 09:37:12 - INFO - __main__ - lr:0.0001036736311836454
12/21/2023 09:37:12 - INFO - __main__ - ==========Epoch:28==========
Save best weights
12/21/2023 09:37:37 - INFO - utils.common - 计算 f1 score ing...
12/21/2023 09:37:37 - INFO - utils.common - F1score = 0.9005809131442564
12/21/2023 09:37:37 - INFO - utils.common - 计算 accuracy ing...
12/21/2023 09:37:37 - INFO - utils.common - acc = 0.901625
12/21/2023 09:37:37 - INFO - utils.common - 计算 precision ing...
12/21/2023 09:37:37 - INFO - utils.common - precision = 0.9013882383845778
12/21/2023 09:37:37 - INFO - utils.common - 计算 recall ing...
12/21/2023 09:37:37 - INFO - utils.common - result = {'f1score': 0.9005809131442564, 'acc': 0.901625, 'precision': 0.9013882383845778, 'recall': 0.900066814642146}
12/21/2023 09:37:37 - INFO - __main__ - Epoch:28, Train Accuracy:0.901625, f1:0.9005809131442564

Epoch: [28][0/63]	
12/21/2023 09:37:57 - INFO - utils.common - 计算 f1 score ing...
12/21/2023 09:37:57 - INFO - utils.common - F1score = 0.9471529671853466
12/21/2023 09:37:57 - INFO - utils.common - 计算 accuracy ing...
12/21/2023 09:37:57 - INFO - utils.common - acc = 0.94745
12/21/2023 09:37:57 - INFO - utils.common - 计算 precision ing...
12/21/2023 09:37:57 - INFO - utils.common - precision = 0.9493534396726128
12/21/2023 09:37:57 - INFO - utils.common - 计算 recall ing...
12/21/2023 09:37:57 - INFO - utils.common - result = {'f1score': 0.9471529671853466, 'acc': 0.94745, 'precision': 0.9493534396726128, 'recall': 0.9455345399545938}
12/21/2023 09:37:57 - INFO - __main__ - Epoch:28, Val Accuracy:0.94745, f1:0.9471529671853466

12/21/2023 09:37:57 - INFO - __main__ - lr:2.8683631183645395e-05
12/21/2023 09:37:57 - INFO - __main__ - ==========Epoch:29==========
Save best weights
12/21/2023 09:38:23 - INFO - utils.common - 计算 f1 score ing...
12/21/2023 09:38:23 - INFO - utils.common - F1score = 0.8978712734818841
12/21/2023 09:38:23 - INFO - utils.common - 计算 accuracy ing...
12/21/2023 09:38:23 - INFO - utils.common - acc = 0.89925
12/21/2023 09:38:23 - INFO - utils.common - 计算 precision ing...
12/21/2023 09:38:23 - INFO - utils.common - precision = 0.8981881215870848
12/21/2023 09:38:23 - INFO - utils.common - 计算 recall ing...
12/21/2023 09:38:23 - INFO - utils.common - result = {'f1score': 0.8978712734818841, 'acc': 0.89925, 'precision': 0.8981881215870848, 'recall': 0.8978436122397309}
12/21/2023 09:38:23 - INFO - __main__ - Epoch:29, Train Accuracy:0.89925, f1:0.8978712734818841

Epoch: [29][0/63]	
12/21/2023 09:38:42 - INFO - utils.common - 计算 f1 score ing...
12/21/2023 09:38:42 - INFO - utils.common - F1score = 0.9475819885031831
12/21/2023 09:38:42 - INFO - utils.common - 计算 accuracy ing...
12/21/2023 09:38:42 - INFO - utils.common - acc = 0.94795
12/21/2023 09:38:42 - INFO - utils.common - 计算 precision ing...
12/21/2023 09:38:42 - INFO - utils.common - precision = 0.9498852065691532
12/21/2023 09:38:42 - INFO - utils.common - 计算 recall ing...
12/21/2023 09:38:42 - INFO - utils.common - result = {'f1score': 0.9475819885031831, 'acc': 0.94795, 'precision': 0.9498852065691532, 'recall': 0.9458987680811999}
12/21/2023 09:38:42 - INFO - __main__ - Epoch:29, Val Accuracy:0.94795, f1:0.9475819885031831

12/21/2023 09:38:42 - INFO - __main__ - lr:0.0003
12/21/2023 09:38:42 - INFO - __main__ - ==========Epoch:30==========
Save best weights
12/21/2023 09:39:08 - INFO - utils.common - 计算 f1 score ing...
12/21/2023 09:39:08 - INFO - utils.common - F1score = 0.8995883515505856
12/21/2023 09:39:08 - INFO - utils.common - 计算 accuracy ing...
12/21/2023 09:39:08 - INFO - utils.common - acc = 0.901625
12/21/2023 09:39:08 - INFO - utils.common - 计算 precision ing...
12/21/2023 09:39:08 - INFO - utils.common - precision = 0.9002740991370888
12/21/2023 09:39:08 - INFO - utils.common - 计算 recall ing...
12/21/2023 09:39:08 - INFO - utils.common - result = {'f1score': 0.8995883515505856, 'acc': 0.901625, 'precision': 0.9002740991370888, 'recall': 0.8992361047263139}
12/21/2023 09:39:08 - INFO - __main__ - Epoch:30, Train Accuracy:0.901625, f1:0.8995883515505856

Epoch: [30][0/63]	
12/21/2023 09:39:29 - INFO - utils.common - 计算 f1 score ing...
12/21/2023 09:39:29 - INFO - utils.common - F1score = 0.9471204303957114
12/21/2023 09:39:29 - INFO - utils.common - 计算 accuracy ing...
12/21/2023 09:39:29 - INFO - utils.common - acc = 0.94765
12/21/2023 09:39:29 - INFO - utils.common - 计算 precision ing...
12/21/2023 09:39:29 - INFO - utils.common - precision = 0.9492872666112544
12/21/2023 09:39:29 - INFO - utils.common - 计算 recall ing...
12/21/2023 09:39:29 - INFO - utils.common - result = {'f1score': 0.9471204303957114, 'acc': 0.94765, 'precision': 0.9492872666112544, 'recall': 0.9455797081058182}
12/21/2023 09:39:29 - INFO - __main__ - Epoch:30, Val Accuracy:0.94765, f1:0.9471204303957114

12/21/2023 09:39:29 - INFO - __main__ - lr:0.00027135636881635457
12/21/2023 09:39:29 - INFO - __main__ - ==========Epoch:31==========
early_st 4
12/21/2023 09:39:54 - INFO - utils.common - 计算 f1 score ing...
12/21/2023 09:39:54 - INFO - utils.common - F1score = 0.8955822942216987
12/21/2023 09:39:54 - INFO - utils.common - 计算 accuracy ing...
12/21/2023 09:39:54 - INFO - utils.common - acc = 0.89675
12/21/2023 09:39:54 - INFO - utils.common - 计算 precision ing...
12/21/2023 09:39:54 - INFO - utils.common - precision = 0.8965816232170896
12/21/2023 09:39:54 - INFO - utils.common - 计算 recall ing...
12/21/2023 09:39:54 - INFO - utils.common - result = {'f1score': 0.8955822942216987, 'acc': 0.89675, 'precision': 0.8965816232170896, 'recall': 0.8949044533544437}
12/21/2023 09:39:54 - INFO - __main__ - Epoch:31, Train Accuracy:0.89675, f1:0.8955822942216987

Epoch: [31][0/63]	
12/21/2023 09:40:14 - INFO - utils.common - 计算 f1 score ing...
12/21/2023 09:40:14 - INFO - utils.common - F1score = 0.9507649190186481
12/21/2023 09:40:14 - INFO - utils.common - 计算 accuracy ing...
12/21/2023 09:40:14 - INFO - utils.common - acc = 0.9511
12/21/2023 09:40:14 - INFO - utils.common - 计算 precision ing...
12/21/2023 09:40:14 - INFO - utils.common - precision = 0.9529093665538267
12/21/2023 09:40:14 - INFO - utils.common - 计算 recall ing...
12/21/2023 09:40:14 - INFO - utils.common - result = {'f1score': 0.9507649190186481, 'acc': 0.9511, 'precision': 0.9529093665538267, 'recall': 0.9491256215542982}
12/21/2023 09:40:14 - INFO - __main__ - Epoch:31, Val Accuracy:0.9511, f1:0.9507649190186481

12/21/2023 09:40:14 - INFO - __main__ - lr:0.0001963663688163546
12/21/2023 09:40:14 - INFO - __main__ - ==========Epoch:32==========
Save best weights
12/21/2023 09:40:39 - INFO - utils.common - 计算 f1 score ing...
12/21/2023 09:40:39 - INFO - utils.common - F1score = 0.9047041045847133
12/21/2023 09:40:39 - INFO - utils.common - 计算 accuracy ing...
12/21/2023 09:40:39 - INFO - utils.common - acc = 0.90575
12/21/2023 09:40:39 - INFO - utils.common - 计算 precision ing...
12/21/2023 09:40:39 - INFO - utils.common - precision = 0.9050199100309366
12/21/2023 09:40:39 - INFO - utils.common - 计算 recall ing...
12/21/2023 09:40:39 - INFO - utils.common - result = {'f1score': 0.9047041045847133, 'acc': 0.90575, 'precision': 0.9050199100309366, 'recall': 0.904585240728226}
12/21/2023 09:40:39 - INFO - __main__ - Epoch:32, Train Accuracy:0.90575, f1:0.9047041045847133

Epoch: [32][0/63]	
12/21/2023 09:41:00 - INFO - utils.common - 计算 f1 score ing...
12/21/2023 09:41:00 - INFO - utils.common - F1score = 0.9509516979215719
12/21/2023 09:41:00 - INFO - utils.common - 计算 accuracy ing...
12/21/2023 09:41:00 - INFO - utils.common - acc = 0.9513
12/21/2023 09:41:00 - INFO - utils.common - 计算 precision ing...
12/21/2023 09:41:00 - INFO - utils.common - precision = 0.9532319427786907
12/21/2023 09:41:00 - INFO - utils.common - 计算 recall ing...
12/21/2023 09:41:00 - INFO - utils.common - result = {'f1score': 0.9509516979215719, 'acc': 0.9513, 'precision': 0.9532319427786907, 'recall': 0.949184406447778}
12/21/2023 09:41:00 - INFO - __main__ - Epoch:32, Val Accuracy:0.9513, f1:0.9509516979215719

12/21/2023 09:41:00 - INFO - __main__ - lr:0.0001036736311836454
12/21/2023 09:41:00 - INFO - __main__ - ==========Epoch:33==========
Save best weights
12/21/2023 09:41:25 - INFO - utils.common - 计算 f1 score ing...
12/21/2023 09:41:25 - INFO - utils.common - F1score = 0.9053335947848312
12/21/2023 09:41:25 - INFO - utils.common - 计算 accuracy ing...
12/21/2023 09:41:25 - INFO - utils.common - acc = 0.9065
12/21/2023 09:41:25 - INFO - utils.common - 计算 precision ing...
12/21/2023 09:41:25 - INFO - utils.common - precision = 0.9058621326558186
12/21/2023 09:41:25 - INFO - utils.common - 计算 recall ing...
12/21/2023 09:41:25 - INFO - utils.common - result = {'f1score': 0.9053335947848312, 'acc': 0.9065, 'precision': 0.9058621326558186, 'recall': 0.9051168905396152}
12/21/2023 09:41:25 - INFO - __main__ - Epoch:33, Train Accuracy:0.9065, f1:0.9053335947848312

Epoch: [33][0/63]	
12/21/2023 09:41:45 - INFO - utils.common - 计算 f1 score ing...
12/21/2023 09:41:45 - INFO - utils.common - F1score = 0.9522764482324777
12/21/2023 09:41:45 - INFO - utils.common - 计算 accuracy ing...
12/21/2023 09:41:46 - INFO - utils.common - acc = 0.9526
12/21/2023 09:41:46 - INFO - utils.common - 计算 precision ing...
12/21/2023 09:41:46 - INFO - utils.common - precision = 0.9539067012859205
12/21/2023 09:41:46 - INFO - utils.common - 计算 recall ing...
12/21/2023 09:41:46 - INFO - utils.common - result = {'f1score': 0.9522764482324777, 'acc': 0.9526, 'precision': 0.9539067012859205, 'recall': 0.9510204483192692}
12/21/2023 09:41:46 - INFO - __main__ - Epoch:33, Val Accuracy:0.9526, f1:0.9522764482324777

12/21/2023 09:41:46 - INFO - __main__ - lr:2.8683631183645395e-05
12/21/2023 09:41:46 - INFO - __main__ - ==========Epoch:34==========
Save best weights
12/21/2023 09:42:11 - INFO - utils.common - 计算 f1 score ing...
12/21/2023 09:42:11 - INFO - utils.common - F1score = 0.9037960574622578
12/21/2023 09:42:11 - INFO - utils.common - 计算 accuracy ing...
12/21/2023 09:42:11 - INFO - utils.common - acc = 0.9045
12/21/2023 09:42:11 - INFO - utils.common - 计算 precision ing...
12/21/2023 09:42:11 - INFO - utils.common - precision = 0.9044847723453125
12/21/2023 09:42:11 - INFO - utils.common - 计算 recall ing...
12/21/2023 09:42:11 - INFO - utils.common - result = {'f1score': 0.9037960574622578, 'acc': 0.9045, 'precision': 0.9044847723453125, 'recall': 0.9033731477857665}
12/21/2023 09:42:11 - INFO - __main__ - Epoch:34, Train Accuracy:0.9045, f1:0.9037960574622578

Epoch: [34][0/63]	
12/21/2023 09:42:31 - INFO - utils.common - 计算 f1 score ing...
12/21/2023 09:42:31 - INFO - utils.common - F1score = 0.9523277500210171
12/21/2023 09:42:31 - INFO - utils.common - 计算 accuracy ing...
12/21/2023 09:42:31 - INFO - utils.common - acc = 0.9526
12/21/2023 09:42:31 - INFO - utils.common - 计算 precision ing...
12/21/2023 09:42:31 - INFO - utils.common - precision = 0.9538737940204274
12/21/2023 09:42:31 - INFO - utils.common - 计算 recall ing...
12/21/2023 09:42:31 - INFO - utils.common - result = {'f1score': 0.9523277500210171, 'acc': 0.9526, 'precision': 0.9538737940204274, 'recall': 0.9511502139767217}
12/21/2023 09:42:31 - INFO - __main__ - Epoch:34, Val Accuracy:0.9526, f1:0.9523277500210171

12/21/2023 09:42:31 - INFO - __main__ - lr:0.0003
12/21/2023 09:42:31 - INFO - __main__ - ==========Epoch:35==========
Save best weights
12/21/2023 09:42:57 - INFO - utils.common - 计算 f1 score ing...
12/21/2023 09:42:57 - INFO - utils.common - F1score = 0.9080480125962695
12/21/2023 09:42:57 - INFO - utils.common - 计算 accuracy ing...
12/21/2023 09:42:57 - INFO - utils.common - acc = 0.909125
12/21/2023 09:42:57 - INFO - utils.common - 计算 precision ing...
12/21/2023 09:42:57 - INFO - utils.common - precision = 0.9087285237122281
12/21/2023 09:42:57 - INFO - utils.common - 计算 recall ing...
12/21/2023 09:42:57 - INFO - utils.common - result = {'f1score': 0.9080480125962695, 'acc': 0.909125, 'precision': 0.9087285237122281, 'recall': 0.9075517904481928}
12/21/2023 09:42:57 - INFO - __main__ - Epoch:35, Train Accuracy:0.909125, f1:0.9080480125962695

Epoch: [35][0/63]	
12/21/2023 09:43:17 - INFO - utils.common - 计算 f1 score ing...
12/21/2023 09:43:17 - INFO - utils.common - F1score = 0.9523417342684285
12/21/2023 09:43:17 - INFO - utils.common - 计算 accuracy ing...
12/21/2023 09:43:17 - INFO - utils.common - acc = 0.9527
12/21/2023 09:43:17 - INFO - utils.common - 计算 precision ing...
12/21/2023 09:43:17 - INFO - utils.common - precision = 0.9543259130205273
12/21/2023 09:43:17 - INFO - utils.common - 计算 recall ing...
12/21/2023 09:43:17 - INFO - utils.common - result = {'f1score': 0.9523417342684285, 'acc': 0.9527, 'precision': 0.9543259130205273, 'recall': 0.950840199812788}
12/21/2023 09:43:17 - INFO - __main__ - Epoch:35, Val Accuracy:0.9527, f1:0.9523417342684285

12/21/2023 09:43:17 - INFO - __main__ - lr:0.00027135636881635457
12/21/2023 09:43:17 - INFO - __main__ - ==========Epoch:36==========
Save best weights
12/21/2023 09:43:42 - INFO - utils.common - 计算 f1 score ing...
12/21/2023 09:43:42 - INFO - utils.common - F1score = 0.9072021126076678
12/21/2023 09:43:42 - INFO - utils.common - 计算 accuracy ing...
12/21/2023 09:43:42 - INFO - utils.common - acc = 0.908125
12/21/2023 09:43:42 - INFO - utils.common - 计算 precision ing...
12/21/2023 09:43:42 - INFO - utils.common - precision = 0.9074884850702227
12/21/2023 09:43:42 - INFO - utils.common - 计算 recall ing...
12/21/2023 09:43:42 - INFO - utils.common - result = {'f1score': 0.9072021126076678, 'acc': 0.908125, 'precision': 0.9074884850702227, 'recall': 0.9071306918230087}
12/21/2023 09:43:42 - INFO - __main__ - Epoch:36, Train Accuracy:0.908125, f1:0.9072021126076678

Epoch: [36][0/63]	
12/21/2023 09:44:02 - INFO - utils.common - 计算 f1 score ing...
12/21/2023 09:44:02 - INFO - utils.common - F1score = 0.9540888970909044
12/21/2023 09:44:02 - INFO - utils.common - 计算 accuracy ing...
12/21/2023 09:44:02 - INFO - utils.common - acc = 0.95445
12/21/2023 09:44:02 - INFO - utils.common - 计算 precision ing...
12/21/2023 09:44:03 - INFO - utils.common - precision = 0.9554918721091022
12/21/2023 09:44:03 - INFO - utils.common - 计算 recall ing...
12/21/2023 09:44:03 - INFO - utils.common - result = {'f1score': 0.9540888970909044, 'acc': 0.95445, 'precision': 0.9554918721091022, 'recall': 0.9530295723990503}
12/21/2023 09:44:03 - INFO - __main__ - Epoch:36, Val Accuracy:0.95445, f1:0.9540888970909044

12/21/2023 09:44:03 - INFO - __main__ - lr:0.0001963663688163546
12/21/2023 09:44:03 - INFO - __main__ - ==========Epoch:37==========
Save best weights
12/21/2023 09:44:27 - INFO - utils.common - 计算 f1 score ing...
12/21/2023 09:44:27 - INFO - utils.common - F1score = 0.9051087654564645
12/21/2023 09:44:27 - INFO - utils.common - 计算 accuracy ing...
12/21/2023 09:44:27 - INFO - utils.common - acc = 0.90625
12/21/2023 09:44:27 - INFO - utils.common - 计算 precision ing...
12/21/2023 09:44:27 - INFO - utils.common - precision = 0.90546148673458
12/21/2023 09:44:27 - INFO - utils.common - 计算 recall ing...
12/21/2023 09:44:27 - INFO - utils.common - result = {'f1score': 0.9051087654564645, 'acc': 0.90625, 'precision': 0.90546148673458, 'recall': 0.9048858630375913}
12/21/2023 09:44:27 - INFO - __main__ - Epoch:37, Train Accuracy:0.90625, f1:0.9051087654564645

Epoch: [37][0/63]	
12/21/2023 09:44:48 - INFO - utils.common - 计算 f1 score ing...
12/21/2023 09:44:48 - INFO - utils.common - F1score = 0.9549585851467195
12/21/2023 09:44:48 - INFO - utils.common - 计算 accuracy ing...
12/21/2023 09:44:48 - INFO - utils.common - acc = 0.9552
12/21/2023 09:44:48 - INFO - utils.common - 计算 precision ing...
12/21/2023 09:44:48 - INFO - utils.common - precision = 0.9564125145045844
12/21/2023 09:44:48 - INFO - utils.common - 计算 recall ing...
12/21/2023 09:44:48 - INFO - utils.common - result = {'f1score': 0.9549585851467195, 'acc': 0.9552, 'precision': 0.9564125145045844, 'recall': 0.9537821577652645}
12/21/2023 09:44:48 - INFO - __main__ - Epoch:37, Val Accuracy:0.9552, f1:0.9549585851467195

12/21/2023 09:44:48 - INFO - __main__ - lr:0.0001036736311836454
12/21/2023 09:44:48 - INFO - __main__ - ==========Epoch:38==========
Save best weights
12/21/2023 09:45:13 - INFO - utils.common - 计算 f1 score ing...
12/21/2023 09:45:13 - INFO - utils.common - F1score = 0.9098143116652001
12/21/2023 09:45:13 - INFO - utils.common - 计算 accuracy ing...
12/21/2023 09:45:13 - INFO - utils.common - acc = 0.911
12/21/2023 09:45:13 - INFO - utils.common - 计算 precision ing...
12/21/2023 09:45:13 - INFO - utils.common - precision = 0.9106045181477186
12/21/2023 09:45:13 - INFO - utils.common - 计算 recall ing...
12/21/2023 09:45:13 - INFO - utils.common - result = {'f1score': 0.9098143116652001, 'acc': 0.911, 'precision': 0.9106045181477186, 'recall': 0.9093715460589914}
12/21/2023 09:45:13 - INFO - __main__ - Epoch:38, Train Accuracy:0.911, f1:0.9098143116652001

Epoch: [38][0/63]	
12/21/2023 09:45:34 - INFO - utils.common - 计算 f1 score ing...
12/21/2023 09:45:34 - INFO - utils.common - F1score = 0.9542789370402338
12/21/2023 09:45:34 - INFO - utils.common - 计算 accuracy ing...
12/21/2023 09:45:34 - INFO - utils.common - acc = 0.95455
12/21/2023 09:45:34 - INFO - utils.common - 计算 precision ing...
12/21/2023 09:45:34 - INFO - utils.common - precision = 0.9562850871142652
12/21/2023 09:45:34 - INFO - utils.common - 计算 recall ing...
12/21/2023 09:45:34 - INFO - utils.common - result = {'f1score': 0.9542789370402338, 'acc': 0.95455, 'precision': 0.9562850871142652, 'recall': 0.9527135125715637}
12/21/2023 09:45:34 - INFO - __main__ - Epoch:38, Val Accuracy:0.95455, f1:0.9542789370402338

12/21/2023 09:45:34 - INFO - __main__ - lr:2.8683631183645395e-05
12/21/2023 09:45:34 - INFO - __main__ - ==========Epoch:39==========
early_st 4
12/21/2023 09:45:59 - INFO - utils.common - 计算 f1 score ing...
12/21/2023 09:45:59 - INFO - utils.common - F1score = 0.9112749739750614
12/21/2023 09:45:59 - INFO - utils.common - 计算 accuracy ing...
12/21/2023 09:45:59 - INFO - utils.common - acc = 0.91275
12/21/2023 09:45:59 - INFO - utils.common - 计算 precision ing...
12/21/2023 09:45:59 - INFO - utils.common - precision = 0.911893828024448
12/21/2023 09:45:59 - INFO - utils.common - 计算 recall ing...
12/21/2023 09:46:00 - INFO - utils.common - result = {'f1score': 0.9112749739750614, 'acc': 0.91275, 'precision': 0.911893828024448, 'recall': 0.9108958124954203}
12/21/2023 09:46:00 - INFO - __main__ - Epoch:39, Train Accuracy:0.91275, f1:0.9112749739750614

Epoch: [39][0/63]	
12/21/2023 09:46:11 - INFO - utils.common - 计算 f1 score ing...
12/21/2023 09:46:11 - INFO - utils.common - F1score = 0.9551081245536408
12/21/2023 09:46:11 - INFO - utils.common - 计算 accuracy ing...
12/21/2023 09:46:11 - INFO - utils.common - acc = 0.95535
12/21/2023 09:46:11 - INFO - utils.common - 计算 precision ing...
12/21/2023 09:46:11 - INFO - utils.common - precision = 0.9568993302096244
12/21/2023 09:46:11 - INFO - utils.common - 计算 recall ing...
12/21/2023 09:46:11 - INFO - utils.common - result = {'f1score': 0.9551081245536408, 'acc': 0.95535, 'precision': 0.9568993302096244, 'recall': 0.953698085498409}
12/21/2023 09:46:11 - INFO - __main__ - Epoch:39, Val Accuracy:0.95535, f1:0.9551081245536408

12/21/2023 09:46:11 - INFO - __main__ - lr:0.0003
Save best weights
Test
12/21/2023 09:46:17 - INFO - utils.common - 计算 f1 score ing...
12/21/2023 09:46:17 - INFO - utils.common - F1score = 0.9096807648077461
12/21/2023 09:46:17 - INFO - utils.common - 计算 accuracy ing...
12/21/2023 09:46:17 - INFO - utils.common - acc = 0.9353760445682451
12/21/2023 09:46:17 - INFO - utils.common - 计算 precision ing...
12/21/2023 09:46:17 - INFO - utils.common - precision = 0.9197009958439715
12/21/2023 09:46:17 - INFO - utils.common - 计算 recall ing...
12/21/2023 09:46:17 - INFO - utils.common - result = {'f1score': 0.9096807648077461, 'acc': 0.9353760445682451, 'precision': 0.9197009958439715, 'recall': 0.9073290222246064}
12/21/2023 09:46:17 - INFO - __main__ - test_f1:0.9096807648077461, test_acc:0.9353760445682451, test_precision:0.9197009958439715, test_recall:0.9073290222246064
12/21/2023 09:46:17 - INFO - __main__ - Finish fine-turning...
