nohup: ignoring input
12/21/2023 09:13:53 - INFO - __main__ - 设置 seed 为:  2
12/21/2023 09:13:53 - INFO - __main__ - Start fine-turning...
12/21/2023 09:13:58 - INFO - __main__ - ==========Epoch:0==========
=> no checkpoint found at '
12/21/2023 09:14:26 - INFO - utils.common - 计算 f1 score ing...
12/21/2023 09:14:27 - INFO - utils.common - F1score = 0.2850543466626983
12/21/2023 09:14:27 - INFO - utils.common - 计算 accuracy ing...
12/21/2023 09:14:27 - INFO - utils.common - acc = 0.315375
12/21/2023 09:14:27 - INFO - utils.common - 计算 precision ing...
12/21/2023 09:14:27 - INFO - utils.common - precision = 0.2980551134356068
12/21/2023 09:14:27 - INFO - utils.common - 计算 recall ing...
12/21/2023 09:14:27 - INFO - utils.common - result = {'f1score': 0.2850543466626983, 'acc': 0.315375, 'precision': 0.2980551134356068, 'recall': 0.29891382319867316}
12/21/2023 09:14:27 - INFO - __main__ - Epoch:0, Train Accuracy:0.315375, f1:0.2850543466626983

Epoch: [0][0/63]	
12/21/2023 09:14:47 - INFO - utils.common - 计算 f1 score ing...
12/21/2023 09:14:47 - INFO - utils.common - F1score = 0.49595345335576674
12/21/2023 09:14:47 - INFO - utils.common - 计算 accuracy ing...
12/21/2023 09:14:47 - INFO - utils.common - acc = 0.5517
12/21/2023 09:14:47 - INFO - utils.common - 计算 precision ing...
12/21/2023 09:14:47 - INFO - utils.common - precision = 0.6008975892037424
12/21/2023 09:14:47 - INFO - utils.common - 计算 recall ing...
12/21/2023 09:14:47 - INFO - utils.common - result = {'f1score': 0.49595345335576674, 'acc': 0.5517, 'precision': 0.6008975892037424, 'recall': 0.5312198374968552}
12/21/2023 09:14:47 - INFO - __main__ - Epoch:0, Val Accuracy:0.5517, f1:0.49595345335576674

12/21/2023 09:14:47 - INFO - __main__ - lr:0.00027135636881635457
12/21/2023 09:14:47 - INFO - __main__ - ==========Epoch:1==========
Save best weights
12/21/2023 09:15:16 - INFO - utils.common - 计算 f1 score ing...
12/21/2023 09:15:16 - INFO - utils.common - F1score = 0.5741865214149652
12/21/2023 09:15:16 - INFO - utils.common - 计算 accuracy ing...
12/21/2023 09:15:16 - INFO - utils.common - acc = 0.609125
12/21/2023 09:15:16 - INFO - utils.common - 计算 precision ing...
12/21/2023 09:15:16 - INFO - utils.common - precision = 0.6081387419337808
12/21/2023 09:15:16 - INFO - utils.common - 计算 recall ing...
12/21/2023 09:15:16 - INFO - utils.common - result = {'f1score': 0.5741865214149652, 'acc': 0.609125, 'precision': 0.6081387419337808, 'recall': 0.5930878855248597}
12/21/2023 09:15:16 - INFO - __main__ - Epoch:1, Train Accuracy:0.609125, f1:0.5741865214149652

Epoch: [1][0/63]	
12/21/2023 09:15:35 - INFO - utils.common - 计算 f1 score ing...
12/21/2023 09:15:35 - INFO - utils.common - F1score = 0.696542997735865
12/21/2023 09:15:35 - INFO - utils.common - 计算 accuracy ing...
12/21/2023 09:15:35 - INFO - utils.common - acc = 0.71015
12/21/2023 09:15:35 - INFO - utils.common - 计算 precision ing...
12/21/2023 09:15:35 - INFO - utils.common - precision = 0.7732445402376623
12/21/2023 09:15:35 - INFO - utils.common - 计算 recall ing...
12/21/2023 09:15:35 - INFO - utils.common - result = {'f1score': 0.696542997735865, 'acc': 0.71015, 'precision': 0.7732445402376623, 'recall': 0.6916053388159222}
12/21/2023 09:15:35 - INFO - __main__ - Epoch:1, Val Accuracy:0.71015, f1:0.696542997735865

12/21/2023 09:15:35 - INFO - __main__ - lr:0.0001963663688163546
12/21/2023 09:15:35 - INFO - __main__ - ==========Epoch:2==========
Save best weights
12/21/2023 09:16:06 - INFO - utils.common - 计算 f1 score ing...
12/21/2023 09:16:06 - INFO - utils.common - F1score = 0.6581433279791365
12/21/2023 09:16:06 - INFO - utils.common - 计算 accuracy ing...
12/21/2023 09:16:06 - INFO - utils.common - acc = 0.679625
12/21/2023 09:16:06 - INFO - utils.common - 计算 precision ing...
12/21/2023 09:16:06 - INFO - utils.common - precision = 0.6848248055897628
12/21/2023 09:16:06 - INFO - utils.common - 计算 recall ing...
12/21/2023 09:16:06 - INFO - utils.common - result = {'f1score': 0.6581433279791365, 'acc': 0.679625, 'precision': 0.6848248055897628, 'recall': 0.6652851663326529}
12/21/2023 09:16:06 - INFO - __main__ - Epoch:2, Train Accuracy:0.679625, f1:0.6581433279791365

Epoch: [2][0/63]	
12/21/2023 09:16:25 - INFO - utils.common - 计算 f1 score ing...
12/21/2023 09:16:25 - INFO - utils.common - F1score = 0.787185515977608
12/21/2023 09:16:25 - INFO - utils.common - 计算 accuracy ing...
12/21/2023 09:16:25 - INFO - utils.common - acc = 0.79245
12/21/2023 09:16:25 - INFO - utils.common - 计算 precision ing...
12/21/2023 09:16:25 - INFO - utils.common - precision = 0.8308552553377078
12/21/2023 09:16:25 - INFO - utils.common - 计算 recall ing...
12/21/2023 09:16:25 - INFO - utils.common - result = {'f1score': 0.787185515977608, 'acc': 0.79245, 'precision': 0.8308552553377078, 'recall': 0.778916806141873}
12/21/2023 09:16:25 - INFO - __main__ - Epoch:2, Val Accuracy:0.79245, f1:0.787185515977608

12/21/2023 09:16:25 - INFO - __main__ - lr:0.0001036736311836454
12/21/2023 09:16:25 - INFO - __main__ - ==========Epoch:3==========
Save best weights
12/21/2023 09:16:56 - INFO - utils.common - 计算 f1 score ing...
12/21/2023 09:16:56 - INFO - utils.common - F1score = 0.715503667018719
12/21/2023 09:16:56 - INFO - utils.common - 计算 accuracy ing...
12/21/2023 09:16:56 - INFO - utils.common - acc = 0.73025
12/21/2023 09:16:56 - INFO - utils.common - 计算 precision ing...
12/21/2023 09:16:56 - INFO - utils.common - precision = 0.7360165490645649
12/21/2023 09:16:56 - INFO - utils.common - 计算 recall ing...
12/21/2023 09:16:56 - INFO - utils.common - result = {'f1score': 0.715503667018719, 'acc': 0.73025, 'precision': 0.7360165490645649, 'recall': 0.7196301625593073}
12/21/2023 09:16:56 - INFO - __main__ - Epoch:3, Train Accuracy:0.73025, f1:0.715503667018719

Epoch: [3][0/63]	
12/21/2023 09:17:16 - INFO - utils.common - 计算 f1 score ing...
12/21/2023 09:17:16 - INFO - utils.common - F1score = 0.8162659315352657
12/21/2023 09:17:16 - INFO - utils.common - 计算 accuracy ing...
12/21/2023 09:17:16 - INFO - utils.common - acc = 0.82
12/21/2023 09:17:16 - INFO - utils.common - 计算 precision ing...
12/21/2023 09:17:16 - INFO - utils.common - precision = 0.8480619644849473
12/21/2023 09:17:16 - INFO - utils.common - 计算 recall ing...
12/21/2023 09:17:16 - INFO - utils.common - result = {'f1score': 0.8162659315352657, 'acc': 0.82, 'precision': 0.8480619644849473, 'recall': 0.8086461741638334}
12/21/2023 09:17:16 - INFO - __main__ - Epoch:3, Val Accuracy:0.82, f1:0.8162659315352657

12/21/2023 09:17:16 - INFO - __main__ - lr:2.8683631183645395e-05
12/21/2023 09:17:16 - INFO - __main__ - ==========Epoch:4==========
Save best weights
12/21/2023 09:17:46 - INFO - utils.common - 计算 f1 score ing...
12/21/2023 09:17:46 - INFO - utils.common - F1score = 0.7243895963325249
12/21/2023 09:17:46 - INFO - utils.common - 计算 accuracy ing...
12/21/2023 09:17:46 - INFO - utils.common - acc = 0.73725
12/21/2023 09:17:46 - INFO - utils.common - 计算 precision ing...
12/21/2023 09:17:46 - INFO - utils.common - precision = 0.7424599412984726
12/21/2023 09:17:46 - INFO - utils.common - 计算 recall ing...
12/21/2023 09:17:46 - INFO - utils.common - result = {'f1score': 0.7243895963325249, 'acc': 0.73725, 'precision': 0.7424599412984726, 'recall': 0.7270269876185801}
12/21/2023 09:17:46 - INFO - __main__ - Epoch:4, Train Accuracy:0.73725, f1:0.7243895963325249

Epoch: [4][0/63]	
12/21/2023 09:18:06 - INFO - utils.common - 计算 f1 score ing...
12/21/2023 09:18:06 - INFO - utils.common - F1score = 0.8247889465593976
12/21/2023 09:18:06 - INFO - utils.common - 计算 accuracy ing...
12/21/2023 09:18:06 - INFO - utils.common - acc = 0.8285
12/21/2023 09:18:06 - INFO - utils.common - 计算 precision ing...
12/21/2023 09:18:06 - INFO - utils.common - precision = 0.8542891614269702
12/21/2023 09:18:06 - INFO - utils.common - 计算 recall ing...
12/21/2023 09:18:06 - INFO - utils.common - result = {'f1score': 0.8247889465593976, 'acc': 0.8285, 'precision': 0.8542891614269702, 'recall': 0.8172413707326425}
12/21/2023 09:18:06 - INFO - __main__ - Epoch:4, Val Accuracy:0.8285, f1:0.8247889465593976

12/21/2023 09:18:06 - INFO - __main__ - lr:0.0003
12/21/2023 09:18:06 - INFO - __main__ - ==========Epoch:5==========
Save best weights
12/21/2023 09:18:35 - INFO - utils.common - 计算 f1 score ing...
12/21/2023 09:18:35 - INFO - utils.common - F1score = 0.7626671393161438
12/21/2023 09:18:35 - INFO - utils.common - 计算 accuracy ing...
12/21/2023 09:18:35 - INFO - utils.common - acc = 0.770875
12/21/2023 09:18:35 - INFO - utils.common - 计算 precision ing...
12/21/2023 09:18:35 - INFO - utils.common - precision = 0.7749514760463095
12/21/2023 09:18:35 - INFO - utils.common - 计算 recall ing...
12/21/2023 09:18:35 - INFO - utils.common - result = {'f1score': 0.7626671393161438, 'acc': 0.770875, 'precision': 0.7749514760463095, 'recall': 0.7628007506174117}
12/21/2023 09:18:35 - INFO - __main__ - Epoch:5, Train Accuracy:0.770875, f1:0.7626671393161438

Epoch: [5][0/63]	
12/21/2023 09:18:55 - INFO - utils.common - 计算 f1 score ing...
12/21/2023 09:18:55 - INFO - utils.common - F1score = 0.8690204560595238
12/21/2023 09:18:55 - INFO - utils.common - 计算 accuracy ing...
12/21/2023 09:18:55 - INFO - utils.common - acc = 0.87055
12/21/2023 09:18:55 - INFO - utils.common - 计算 precision ing...
12/21/2023 09:18:55 - INFO - utils.common - precision = 0.885358091979266
12/21/2023 09:18:55 - INFO - utils.common - 计算 recall ing...
12/21/2023 09:18:55 - INFO - utils.common - result = {'f1score': 0.8690204560595238, 'acc': 0.87055, 'precision': 0.885358091979266, 'recall': 0.8626717296751337}
12/21/2023 09:18:55 - INFO - __main__ - Epoch:5, Val Accuracy:0.87055, f1:0.8690204560595238

12/21/2023 09:18:55 - INFO - __main__ - lr:0.00027135636881635457
12/21/2023 09:18:55 - INFO - __main__ - ==========Epoch:6==========
Save best weights
12/21/2023 09:19:24 - INFO - utils.common - 计算 f1 score ing...
12/21/2023 09:19:25 - INFO - utils.common - F1score = 0.792161133783968
12/21/2023 09:19:25 - INFO - utils.common - 计算 accuracy ing...
12/21/2023 09:19:25 - INFO - utils.common - acc = 0.797375
12/21/2023 09:19:25 - INFO - utils.common - 计算 precision ing...
12/21/2023 09:19:25 - INFO - utils.common - precision = 0.799912247359944
12/21/2023 09:19:25 - INFO - utils.common - 计算 recall ing...
12/21/2023 09:19:25 - INFO - utils.common - result = {'f1score': 0.792161133783968, 'acc': 0.797375, 'precision': 0.799912247359944, 'recall': 0.7908968829314299}
12/21/2023 09:19:25 - INFO - __main__ - Epoch:6, Train Accuracy:0.797375, f1:0.792161133783968

Epoch: [6][0/63]	
12/21/2023 09:19:44 - INFO - utils.common - 计算 f1 score ing...
12/21/2023 09:19:44 - INFO - utils.common - F1score = 0.88821223175269
12/21/2023 09:19:44 - INFO - utils.common - 计算 accuracy ing...
12/21/2023 09:19:45 - INFO - utils.common - acc = 0.889
12/21/2023 09:19:45 - INFO - utils.common - 计算 precision ing...
12/21/2023 09:19:45 - INFO - utils.common - precision = 0.8996008986714763
12/21/2023 09:19:45 - INFO - utils.common - 计算 recall ing...
12/21/2023 09:19:45 - INFO - utils.common - result = {'f1score': 0.88821223175269, 'acc': 0.889, 'precision': 0.8996008986714763, 'recall': 0.8829523183101802}
12/21/2023 09:19:45 - INFO - __main__ - Epoch:6, Val Accuracy:0.889, f1:0.88821223175269

12/21/2023 09:19:45 - INFO - __main__ - lr:0.0001963663688163546
12/21/2023 09:19:45 - INFO - __main__ - ==========Epoch:7==========
Save best weights
12/21/2023 09:20:13 - INFO - utils.common - 计算 f1 score ing...
12/21/2023 09:20:14 - INFO - utils.common - F1score = 0.8107824256644327
12/21/2023 09:20:14 - INFO - utils.common - 计算 accuracy ing...
12/21/2023 09:20:14 - INFO - utils.common - acc = 0.81575
12/21/2023 09:20:14 - INFO - utils.common - 计算 precision ing...
12/21/2023 09:20:14 - INFO - utils.common - precision = 0.8162301146548604
12/21/2023 09:20:14 - INFO - utils.common - 计算 recall ing...
12/21/2023 09:20:14 - INFO - utils.common - result = {'f1score': 0.8107824256644327, 'acc': 0.81575, 'precision': 0.8162301146548604, 'recall': 0.810156479369524}
12/21/2023 09:20:14 - INFO - __main__ - Epoch:7, Train Accuracy:0.81575, f1:0.8107824256644327

Epoch: [7][0/63]	
12/21/2023 09:20:34 - INFO - utils.common - 计算 f1 score ing...
12/21/2023 09:20:34 - INFO - utils.common - F1score = 0.9019100611938298
12/21/2023 09:20:34 - INFO - utils.common - 计算 accuracy ing...
12/21/2023 09:20:34 - INFO - utils.common - acc = 0.9027
12/21/2023 09:20:34 - INFO - utils.common - 计算 precision ing...
12/21/2023 09:20:34 - INFO - utils.common - precision = 0.909930225573777
12/21/2023 09:20:34 - INFO - utils.common - 计算 recall ing...
12/21/2023 09:20:34 - INFO - utils.common - result = {'f1score': 0.9019100611938298, 'acc': 0.9027, 'precision': 0.909930225573777, 'recall': 0.8976963147050271}
12/21/2023 09:20:34 - INFO - __main__ - Epoch:7, Val Accuracy:0.9027, f1:0.9019100611938298

12/21/2023 09:20:34 - INFO - __main__ - lr:0.0001036736311836454
12/21/2023 09:20:34 - INFO - __main__ - ==========Epoch:8==========
Save best weights
12/21/2023 09:21:05 - INFO - utils.common - 计算 f1 score ing...
12/21/2023 09:21:05 - INFO - utils.common - F1score = 0.8212629160964124
12/21/2023 09:21:05 - INFO - utils.common - 计算 accuracy ing...
12/21/2023 09:21:05 - INFO - utils.common - acc = 0.82575
12/21/2023 09:21:05 - INFO - utils.common - 计算 precision ing...
12/21/2023 09:21:05 - INFO - utils.common - precision = 0.8243687009312827
12/21/2023 09:21:05 - INFO - utils.common - 计算 recall ing...
12/21/2023 09:21:05 - INFO - utils.common - result = {'f1score': 0.8212629160964124, 'acc': 0.82575, 'precision': 0.8243687009312827, 'recall': 0.8208175046530142}
12/21/2023 09:21:05 - INFO - __main__ - Epoch:8, Train Accuracy:0.82575, f1:0.8212629160964124

Epoch: [8][0/63]	
12/21/2023 09:21:24 - INFO - utils.common - 计算 f1 score ing...
12/21/2023 09:21:24 - INFO - utils.common - F1score = 0.9050546763083727
12/21/2023 09:21:24 - INFO - utils.common - 计算 accuracy ing...
12/21/2023 09:21:24 - INFO - utils.common - acc = 0.90555
12/21/2023 09:21:24 - INFO - utils.common - 计算 precision ing...
12/21/2023 09:21:25 - INFO - utils.common - precision = 0.9123597871437212
12/21/2023 09:21:25 - INFO - utils.common - 计算 recall ing...
12/21/2023 09:21:25 - INFO - utils.common - result = {'f1score': 0.9050546763083727, 'acc': 0.90555, 'precision': 0.9123597871437212, 'recall': 0.9011886862538044}
12/21/2023 09:21:25 - INFO - __main__ - Epoch:8, Val Accuracy:0.90555, f1:0.9050546763083727

12/21/2023 09:21:25 - INFO - __main__ - lr:2.8683631183645395e-05
12/21/2023 09:21:25 - INFO - __main__ - ==========Epoch:9==========
Save best weights
12/21/2023 09:21:54 - INFO - utils.common - 计算 f1 score ing...
12/21/2023 09:21:54 - INFO - utils.common - F1score = 0.828332101723369
12/21/2023 09:21:54 - INFO - utils.common - 计算 accuracy ing...
12/21/2023 09:21:54 - INFO - utils.common - acc = 0.832625
12/21/2023 09:21:54 - INFO - utils.common - 计算 precision ing...
12/21/2023 09:21:54 - INFO - utils.common - precision = 0.8314546002909196
12/21/2023 09:21:54 - INFO - utils.common - 计算 recall ing...
12/21/2023 09:21:54 - INFO - utils.common - result = {'f1score': 0.828332101723369, 'acc': 0.832625, 'precision': 0.8314546002909196, 'recall': 0.8274946555901801}
12/21/2023 09:21:54 - INFO - __main__ - Epoch:9, Train Accuracy:0.832625, f1:0.828332101723369

Epoch: [9][0/63]	
12/21/2023 09:22:13 - INFO - utils.common - 计算 f1 score ing...
12/21/2023 09:22:13 - INFO - utils.common - F1score = 0.9077458322966798
12/21/2023 09:22:13 - INFO - utils.common - 计算 accuracy ing...
12/21/2023 09:22:13 - INFO - utils.common - acc = 0.90865
12/21/2023 09:22:13 - INFO - utils.common - 计算 precision ing...
12/21/2023 09:22:13 - INFO - utils.common - precision = 0.9143893735517715
12/21/2023 09:22:13 - INFO - utils.common - 计算 recall ing...
12/21/2023 09:22:13 - INFO - utils.common - result = {'f1score': 0.9077458322966798, 'acc': 0.90865, 'precision': 0.9143893735517715, 'recall': 0.90413929656311}
12/21/2023 09:22:13 - INFO - __main__ - Epoch:9, Val Accuracy:0.90865, f1:0.9077458322966798

12/21/2023 09:22:13 - INFO - __main__ - lr:0.0003
12/21/2023 09:22:13 - INFO - __main__ - ==========Epoch:10==========
Save best weights
12/21/2023 09:22:43 - INFO - utils.common - 计算 f1 score ing...
12/21/2023 09:22:44 - INFO - utils.common - F1score = 0.8326486635341596
12/21/2023 09:22:44 - INFO - utils.common - 计算 accuracy ing...
12/21/2023 09:22:44 - INFO - utils.common - acc = 0.836125
12/21/2023 09:22:44 - INFO - utils.common - 计算 precision ing...
12/21/2023 09:22:44 - INFO - utils.common - precision = 0.8353791911686206
12/21/2023 09:22:44 - INFO - utils.common - 计算 recall ing...
12/21/2023 09:22:44 - INFO - utils.common - result = {'f1score': 0.8326486635341596, 'acc': 0.836125, 'precision': 0.8353791911686206, 'recall': 0.8316355828607368}
12/21/2023 09:22:44 - INFO - __main__ - Epoch:10, Train Accuracy:0.836125, f1:0.8326486635341596

Epoch: [10][0/63]	
12/21/2023 09:23:03 - INFO - utils.common - 计算 f1 score ing...
12/21/2023 09:23:03 - INFO - utils.common - F1score = 0.9137540330417391
12/21/2023 09:23:03 - INFO - utils.common - 计算 accuracy ing...
12/21/2023 09:23:03 - INFO - utils.common - acc = 0.91445
12/21/2023 09:23:03 - INFO - utils.common - 计算 precision ing...
12/21/2023 09:23:03 - INFO - utils.common - precision = 0.9205928684767755
12/21/2023 09:23:03 - INFO - utils.common - 计算 recall ing...
12/21/2023 09:23:03 - INFO - utils.common - result = {'f1score': 0.9137540330417391, 'acc': 0.91445, 'precision': 0.9205928684767755, 'recall': 0.9099776980465659}
12/21/2023 09:23:03 - INFO - __main__ - Epoch:10, Val Accuracy:0.91445, f1:0.9137540330417391

12/21/2023 09:23:03 - INFO - __main__ - lr:0.00027135636881635457
12/21/2023 09:23:03 - INFO - __main__ - ==========Epoch:11==========
Save best weights
12/21/2023 09:23:33 - INFO - utils.common - 计算 f1 score ing...
12/21/2023 09:23:33 - INFO - utils.common - F1score = 0.8403223170230508
12/21/2023 09:23:33 - INFO - utils.common - 计算 accuracy ing...
12/21/2023 09:23:33 - INFO - utils.common - acc = 0.84375
12/21/2023 09:23:33 - INFO - utils.common - 计算 precision ing...
12/21/2023 09:23:33 - INFO - utils.common - precision = 0.8429340652103763
12/21/2023 09:23:33 - INFO - utils.common - 计算 recall ing...
12/21/2023 09:23:33 - INFO - utils.common - result = {'f1score': 0.8403223170230508, 'acc': 0.84375, 'precision': 0.8429340652103763, 'recall': 0.8394451223618585}
12/21/2023 09:23:33 - INFO - __main__ - Epoch:11, Train Accuracy:0.84375, f1:0.8403223170230508

Epoch: [11][0/63]	
12/21/2023 09:23:52 - INFO - utils.common - 计算 f1 score ing...
12/21/2023 09:23:52 - INFO - utils.common - F1score = 0.9204764088939014
12/21/2023 09:23:52 - INFO - utils.common - 计算 accuracy ing...
12/21/2023 09:23:52 - INFO - utils.common - acc = 0.92115
12/21/2023 09:23:52 - INFO - utils.common - 计算 precision ing...
12/21/2023 09:23:52 - INFO - utils.common - precision = 0.9250649756533067
12/21/2023 09:23:52 - INFO - utils.common - 计算 recall ing...
12/21/2023 09:23:52 - INFO - utils.common - result = {'f1score': 0.9204764088939014, 'acc': 0.92115, 'precision': 0.9250649756533067, 'recall': 0.9180107409573969}
12/21/2023 09:23:52 - INFO - __main__ - Epoch:11, Val Accuracy:0.92115, f1:0.9204764088939014

12/21/2023 09:23:52 - INFO - __main__ - lr:0.0001963663688163546
12/21/2023 09:23:52 - INFO - __main__ - ==========Epoch:12==========
Save best weights
12/21/2023 09:24:23 - INFO - utils.common - 计算 f1 score ing...
12/21/2023 09:24:23 - INFO - utils.common - F1score = 0.848721385160406
12/21/2023 09:24:23 - INFO - utils.common - 计算 accuracy ing...
12/21/2023 09:24:23 - INFO - utils.common - acc = 0.851
12/21/2023 09:24:23 - INFO - utils.common - 计算 precision ing...
12/21/2023 09:24:23 - INFO - utils.common - precision = 0.8504273404631105
12/21/2023 09:24:23 - INFO - utils.common - 计算 recall ing...
12/21/2023 09:24:23 - INFO - utils.common - result = {'f1score': 0.848721385160406, 'acc': 0.851, 'precision': 0.8504273404631105, 'recall': 0.8480635493381987}
12/21/2023 09:24:23 - INFO - __main__ - Epoch:12, Train Accuracy:0.851, f1:0.848721385160406

Epoch: [12][0/63]	
12/21/2023 09:24:43 - INFO - utils.common - 计算 f1 score ing...
12/21/2023 09:24:43 - INFO - utils.common - F1score = 0.9236693749801917
12/21/2023 09:24:43 - INFO - utils.common - 计算 accuracy ing...
12/21/2023 09:24:43 - INFO - utils.common - acc = 0.92415
12/21/2023 09:24:43 - INFO - utils.common - 计算 precision ing...
12/21/2023 09:24:43 - INFO - utils.common - precision = 0.9281313544196481
12/21/2023 09:24:43 - INFO - utils.common - 计算 recall ing...
12/21/2023 09:24:43 - INFO - utils.common - result = {'f1score': 0.9236693749801917, 'acc': 0.92415, 'precision': 0.9281313544196481, 'recall': 0.9209430186989093}
12/21/2023 09:24:43 - INFO - __main__ - Epoch:12, Val Accuracy:0.92415, f1:0.9236693749801917

12/21/2023 09:24:43 - INFO - __main__ - lr:0.0001036736311836454
12/21/2023 09:24:43 - INFO - __main__ - ==========Epoch:13==========
Save best weights
12/21/2023 09:25:13 - INFO - utils.common - 计算 f1 score ing...
12/21/2023 09:25:13 - INFO - utils.common - F1score = 0.8545838495736783
12/21/2023 09:25:13 - INFO - utils.common - 计算 accuracy ing...
12/21/2023 09:25:13 - INFO - utils.common - acc = 0.857375
12/21/2023 09:25:13 - INFO - utils.common - 计算 precision ing...
12/21/2023 09:25:13 - INFO - utils.common - precision = 0.8564515270423555
12/21/2023 09:25:13 - INFO - utils.common - 计算 recall ing...
12/21/2023 09:25:13 - INFO - utils.common - result = {'f1score': 0.8545838495736783, 'acc': 0.857375, 'precision': 0.8564515270423555, 'recall': 0.8541012500769491}
12/21/2023 09:25:13 - INFO - __main__ - Epoch:13, Train Accuracy:0.857375, f1:0.8545838495736783

Epoch: [13][0/63]	
12/21/2023 09:25:33 - INFO - utils.common - 计算 f1 score ing...
12/21/2023 09:25:33 - INFO - utils.common - F1score = 0.9246522120436802
12/21/2023 09:25:33 - INFO - utils.common - 计算 accuracy ing...
12/21/2023 09:25:33 - INFO - utils.common - acc = 0.92525
12/21/2023 09:25:33 - INFO - utils.common - 计算 precision ing...
12/21/2023 09:25:33 - INFO - utils.common - precision = 0.9286691196226327
12/21/2023 09:25:33 - INFO - utils.common - 计算 recall ing...
12/21/2023 09:25:33 - INFO - utils.common - result = {'f1score': 0.9246522120436802, 'acc': 0.92525, 'precision': 0.9286691196226327, 'recall': 0.922369306405447}
12/21/2023 09:25:33 - INFO - __main__ - Epoch:13, Val Accuracy:0.92525, f1:0.9246522120436802

12/21/2023 09:25:33 - INFO - __main__ - lr:2.8683631183645395e-05
12/21/2023 09:25:33 - INFO - __main__ - ==========Epoch:14==========
Save best weights
12/21/2023 09:26:02 - INFO - utils.common - 计算 f1 score ing...
12/21/2023 09:26:02 - INFO - utils.common - F1score = 0.8564033209939593
12/21/2023 09:26:02 - INFO - utils.common - 计算 accuracy ing...
12/21/2023 09:26:02 - INFO - utils.common - acc = 0.859375
12/21/2023 09:26:02 - INFO - utils.common - 计算 precision ing...
12/21/2023 09:26:02 - INFO - utils.common - precision = 0.8576863897326381
12/21/2023 09:26:02 - INFO - utils.common - 计算 recall ing...
12/21/2023 09:26:02 - INFO - utils.common - result = {'f1score': 0.8564033209939593, 'acc': 0.859375, 'precision': 0.8576863897326381, 'recall': 0.8559541268753982}
12/21/2023 09:26:02 - INFO - __main__ - Epoch:14, Train Accuracy:0.859375, f1:0.8564033209939593

Epoch: [14][0/63]	
12/21/2023 09:26:21 - INFO - utils.common - 计算 f1 score ing...
12/21/2023 09:26:21 - INFO - utils.common - F1score = 0.925554107380204
12/21/2023 09:26:21 - INFO - utils.common - 计算 accuracy ing...
12/21/2023 09:26:21 - INFO - utils.common - acc = 0.9263
12/21/2023 09:26:21 - INFO - utils.common - 计算 precision ing...
12/21/2023 09:26:22 - INFO - utils.common - precision = 0.930257302639387
12/21/2023 09:26:22 - INFO - utils.common - 计算 recall ing...
12/21/2023 09:26:22 - INFO - utils.common - result = {'f1score': 0.925554107380204, 'acc': 0.9263, 'precision': 0.930257302639387, 'recall': 0.9227996848098002}
12/21/2023 09:26:22 - INFO - __main__ - Epoch:14, Val Accuracy:0.9263, f1:0.925554107380204

12/21/2023 09:26:22 - INFO - __main__ - lr:0.0003
12/21/2023 09:26:22 - INFO - __main__ - ==========Epoch:15==========
Save best weights
12/21/2023 09:26:50 - INFO - utils.common - 计算 f1 score ing...
12/21/2023 09:26:50 - INFO - utils.common - F1score = 0.8570934996676298
12/21/2023 09:26:50 - INFO - utils.common - 计算 accuracy ing...
12/21/2023 09:26:50 - INFO - utils.common - acc = 0.85925
12/21/2023 09:26:50 - INFO - utils.common - 计算 precision ing...
12/21/2023 09:26:50 - INFO - utils.common - precision = 0.8582279520346798
12/21/2023 09:26:50 - INFO - utils.common - 计算 recall ing...
12/21/2023 09:26:50 - INFO - utils.common - result = {'f1score': 0.8570934996676298, 'acc': 0.85925, 'precision': 0.8582279520346798, 'recall': 0.8566424749998344}
12/21/2023 09:26:50 - INFO - __main__ - Epoch:15, Train Accuracy:0.85925, f1:0.8570934996676298

Epoch: [15][0/63]	
12/21/2023 09:27:10 - INFO - utils.common - 计算 f1 score ing...
12/21/2023 09:27:10 - INFO - utils.common - F1score = 0.9289798064752159
12/21/2023 09:27:10 - INFO - utils.common - 计算 accuracy ing...
12/21/2023 09:27:10 - INFO - utils.common - acc = 0.92965
12/21/2023 09:27:10 - INFO - utils.common - 计算 precision ing...
12/21/2023 09:27:10 - INFO - utils.common - precision = 0.933452296316815
12/21/2023 09:27:10 - INFO - utils.common - 计算 recall ing...
12/21/2023 09:27:10 - INFO - utils.common - result = {'f1score': 0.9289798064752159, 'acc': 0.92965, 'precision': 0.933452296316815, 'recall': 0.9263447506189427}
12/21/2023 09:27:10 - INFO - __main__ - Epoch:15, Val Accuracy:0.92965, f1:0.9289798064752159

12/21/2023 09:27:10 - INFO - __main__ - lr:0.00027135636881635457
12/21/2023 09:27:10 - INFO - __main__ - ==========Epoch:16==========
Save best weights
12/21/2023 09:27:39 - INFO - utils.common - 计算 f1 score ing...
12/21/2023 09:27:39 - INFO - utils.common - F1score = 0.861901999881405
12/21/2023 09:27:39 - INFO - utils.common - 计算 accuracy ing...
12/21/2023 09:27:39 - INFO - utils.common - acc = 0.864125
12/21/2023 09:27:39 - INFO - utils.common - 计算 precision ing...
12/21/2023 09:27:39 - INFO - utils.common - precision = 0.8634998003287312
12/21/2023 09:27:39 - INFO - utils.common - 计算 recall ing...
12/21/2023 09:27:39 - INFO - utils.common - result = {'f1score': 0.861901999881405, 'acc': 0.864125, 'precision': 0.8634998003287312, 'recall': 0.8610706142318711}
12/21/2023 09:27:39 - INFO - __main__ - Epoch:16, Train Accuracy:0.864125, f1:0.861901999881405

Epoch: [16][0/63]	
12/21/2023 09:27:59 - INFO - utils.common - 计算 f1 score ing...
12/21/2023 09:27:59 - INFO - utils.common - F1score = 0.930272689972323
12/21/2023 09:27:59 - INFO - utils.common - 计算 accuracy ing...
12/21/2023 09:27:59 - INFO - utils.common - acc = 0.931
12/21/2023 09:27:59 - INFO - utils.common - 计算 precision ing...
12/21/2023 09:27:59 - INFO - utils.common - precision = 0.934153315097138
12/21/2023 09:27:59 - INFO - utils.common - 计算 recall ing...
12/21/2023 09:27:59 - INFO - utils.common - result = {'f1score': 0.930272689972323, 'acc': 0.931, 'precision': 0.934153315097138, 'recall': 0.9279959740076554}
12/21/2023 09:27:59 - INFO - __main__ - Epoch:16, Val Accuracy:0.931, f1:0.930272689972323

12/21/2023 09:27:59 - INFO - __main__ - lr:0.0001963663688163546
12/21/2023 09:27:59 - INFO - __main__ - ==========Epoch:17==========
Save best weights
12/21/2023 09:28:30 - INFO - utils.common - 计算 f1 score ing...
12/21/2023 09:28:30 - INFO - utils.common - F1score = 0.8776242052780016
12/21/2023 09:28:30 - INFO - utils.common - 计算 accuracy ing...
12/21/2023 09:28:30 - INFO - utils.common - acc = 0.88
12/21/2023 09:28:30 - INFO - utils.common - 计算 precision ing...
12/21/2023 09:28:30 - INFO - utils.common - precision = 0.8790612789225988
12/21/2023 09:28:30 - INFO - utils.common - 计算 recall ing...
12/21/2023 09:28:30 - INFO - utils.common - result = {'f1score': 0.8776242052780016, 'acc': 0.88, 'precision': 0.8790612789225988, 'recall': 0.8767687497887954}
12/21/2023 09:28:30 - INFO - __main__ - Epoch:17, Train Accuracy:0.88, f1:0.8776242052780016

Epoch: [17][0/63]	
12/21/2023 09:28:49 - INFO - utils.common - 计算 f1 score ing...
12/21/2023 09:28:49 - INFO - utils.common - F1score = 0.9374189482104229
12/21/2023 09:28:49 - INFO - utils.common - 计算 accuracy ing...
12/21/2023 09:28:49 - INFO - utils.common - acc = 0.93805
12/21/2023 09:28:49 - INFO - utils.common - 计算 precision ing...
12/21/2023 09:28:49 - INFO - utils.common - precision = 0.9398159096288049
12/21/2023 09:28:49 - INFO - utils.common - 计算 recall ing...
12/21/2023 09:28:49 - INFO - utils.common - result = {'f1score': 0.9374189482104229, 'acc': 0.93805, 'precision': 0.9398159096288049, 'recall': 0.9357875752110772}
12/21/2023 09:28:49 - INFO - __main__ - Epoch:17, Val Accuracy:0.93805, f1:0.9374189482104229

12/21/2023 09:28:49 - INFO - __main__ - lr:0.0001036736311836454
12/21/2023 09:28:49 - INFO - __main__ - ==========Epoch:18==========
Save best weights
12/21/2023 09:29:20 - INFO - utils.common - 计算 f1 score ing...
12/21/2023 09:29:20 - INFO - utils.common - F1score = 0.8738210887068221
12/21/2023 09:29:20 - INFO - utils.common - 计算 accuracy ing...
12/21/2023 09:29:20 - INFO - utils.common - acc = 0.876
12/21/2023 09:29:20 - INFO - utils.common - 计算 precision ing...
12/21/2023 09:29:20 - INFO - utils.common - precision = 0.8748891614322953
12/21/2023 09:29:20 - INFO - utils.common - 计算 recall ing...
12/21/2023 09:29:20 - INFO - utils.common - result = {'f1score': 0.8738210887068221, 'acc': 0.876, 'precision': 0.8748891614322953, 'recall': 0.8732729626354935}
12/21/2023 09:29:20 - INFO - __main__ - Epoch:18, Train Accuracy:0.876, f1:0.8738210887068221

Epoch: [18][0/63]	
12/21/2023 09:29:39 - INFO - utils.common - 计算 f1 score ing...
12/21/2023 09:29:39 - INFO - utils.common - F1score = 0.9376961402793526
12/21/2023 09:29:39 - INFO - utils.common - 计算 accuracy ing...
12/21/2023 09:29:39 - INFO - utils.common - acc = 0.93825
12/21/2023 09:29:39 - INFO - utils.common - 计算 precision ing...
12/21/2023 09:29:39 - INFO - utils.common - precision = 0.9403669623685548
12/21/2023 09:29:39 - INFO - utils.common - 计算 recall ing...
12/21/2023 09:29:39 - INFO - utils.common - result = {'f1score': 0.9376961402793526, 'acc': 0.93825, 'precision': 0.9403669623685548, 'recall': 0.9358697139844985}
12/21/2023 09:29:39 - INFO - __main__ - Epoch:18, Val Accuracy:0.93825, f1:0.9376961402793526

12/21/2023 09:29:39 - INFO - __main__ - lr:2.8683631183645395e-05
12/21/2023 09:29:39 - INFO - __main__ - ==========Epoch:19==========
Save best weights
12/21/2023 09:30:07 - INFO - utils.common - 计算 f1 score ing...
12/21/2023 09:30:07 - INFO - utils.common - F1score = 0.8749553637545778
12/21/2023 09:30:07 - INFO - utils.common - 计算 accuracy ing...
12/21/2023 09:30:07 - INFO - utils.common - acc = 0.8765
12/21/2023 09:30:07 - INFO - utils.common - 计算 precision ing...
12/21/2023 09:30:07 - INFO - utils.common - precision = 0.8760923831254614
12/21/2023 09:30:07 - INFO - utils.common - 计算 recall ing...
12/21/2023 09:30:07 - INFO - utils.common - result = {'f1score': 0.8749553637545778, 'acc': 0.8765, 'precision': 0.8760923831254614, 'recall': 0.8743306762750015}
12/21/2023 09:30:07 - INFO - __main__ - Epoch:19, Train Accuracy:0.8765, f1:0.8749553637545778

Epoch: [19][0/63]	
12/21/2023 09:30:25 - INFO - utils.common - 计算 f1 score ing...
12/21/2023 09:30:25 - INFO - utils.common - F1score = 0.9368876431747363
12/21/2023 09:30:25 - INFO - utils.common - 计算 accuracy ing...
12/21/2023 09:30:25 - INFO - utils.common - acc = 0.9374
12/21/2023 09:30:25 - INFO - utils.common - 计算 precision ing...
12/21/2023 09:30:25 - INFO - utils.common - precision = 0.9396214633838618
12/21/2023 09:30:25 - INFO - utils.common - 计算 recall ing...
12/21/2023 09:30:25 - INFO - utils.common - result = {'f1score': 0.9368876431747363, 'acc': 0.9374, 'precision': 0.9396214633838618, 'recall': 0.9350808755918205}
12/21/2023 09:30:25 - INFO - __main__ - Epoch:19, Val Accuracy:0.9374, f1:0.9368876431747363

12/21/2023 09:30:25 - INFO - __main__ - lr:0.0003
12/21/2023 09:30:25 - INFO - __main__ - ==========Epoch:20==========
early_st 4
12/21/2023 09:30:53 - INFO - utils.common - 计算 f1 score ing...
12/21/2023 09:30:53 - INFO - utils.common - F1score = 0.8857068628586346
12/21/2023 09:30:53 - INFO - utils.common - 计算 accuracy ing...
12/21/2023 09:30:53 - INFO - utils.common - acc = 0.887125
12/21/2023 09:30:53 - INFO - utils.common - 计算 precision ing...
12/21/2023 09:30:53 - INFO - utils.common - precision = 0.8868553260250166
12/21/2023 09:30:53 - INFO - utils.common - 计算 recall ing...
12/21/2023 09:30:53 - INFO - utils.common - result = {'f1score': 0.8857068628586346, 'acc': 0.887125, 'precision': 0.8868553260250166, 'recall': 0.8852096939289477}
12/21/2023 09:30:53 - INFO - __main__ - Epoch:20, Train Accuracy:0.887125, f1:0.8857068628586346

Epoch: [20][0/63]	
12/21/2023 09:31:12 - INFO - utils.common - 计算 f1 score ing...
12/21/2023 09:31:12 - INFO - utils.common - F1score = 0.9388928077491953
12/21/2023 09:31:12 - INFO - utils.common - 计算 accuracy ing...
12/21/2023 09:31:12 - INFO - utils.common - acc = 0.93945
12/21/2023 09:31:12 - INFO - utils.common - 计算 precision ing...
12/21/2023 09:31:12 - INFO - utils.common - precision = 0.9413880329005393
12/21/2023 09:31:12 - INFO - utils.common - 计算 recall ing...
12/21/2023 09:31:12 - INFO - utils.common - result = {'f1score': 0.9388928077491953, 'acc': 0.93945, 'precision': 0.9413880329005393, 'recall': 0.9373621066900871}
12/21/2023 09:31:12 - INFO - __main__ - Epoch:20, Val Accuracy:0.93945, f1:0.9388928077491953

12/21/2023 09:31:12 - INFO - __main__ - lr:0.00027135636881635457
12/21/2023 09:31:12 - INFO - __main__ - ==========Epoch:21==========
Save best weights
12/21/2023 09:31:40 - INFO - utils.common - 计算 f1 score ing...
12/21/2023 09:31:40 - INFO - utils.common - F1score = 0.8863019819129339
12/21/2023 09:31:40 - INFO - utils.common - 计算 accuracy ing...
12/21/2023 09:31:40 - INFO - utils.common - acc = 0.88825
12/21/2023 09:31:40 - INFO - utils.common - 计算 precision ing...
12/21/2023 09:31:40 - INFO - utils.common - precision = 0.8873510259611253
12/21/2023 09:31:40 - INFO - utils.common - 计算 recall ing...
12/21/2023 09:31:40 - INFO - utils.common - result = {'f1score': 0.8863019819129339, 'acc': 0.88825, 'precision': 0.8873510259611253, 'recall': 0.8858515303580003}
12/21/2023 09:31:40 - INFO - __main__ - Epoch:21, Train Accuracy:0.88825, f1:0.8863019819129339

Epoch: [21][0/63]	
12/21/2023 09:31:58 - INFO - utils.common - 计算 f1 score ing...
12/21/2023 09:31:59 - INFO - utils.common - F1score = 0.9411674688790946
12/21/2023 09:31:59 - INFO - utils.common - 计算 accuracy ing...
12/21/2023 09:31:59 - INFO - utils.common - acc = 0.9416
12/21/2023 09:31:59 - INFO - utils.common - 计算 precision ing...
12/21/2023 09:31:59 - INFO - utils.common - precision = 0.9440127220367125
12/21/2023 09:31:59 - INFO - utils.common - 计算 recall ing...
12/21/2023 09:31:59 - INFO - utils.common - result = {'f1score': 0.9411674688790946, 'acc': 0.9416, 'precision': 0.9440127220367125, 'recall': 0.9392656540445655}
12/21/2023 09:31:59 - INFO - __main__ - Epoch:21, Val Accuracy:0.9416, f1:0.9411674688790946

12/21/2023 09:31:59 - INFO - __main__ - lr:0.0001963663688163546
12/21/2023 09:31:59 - INFO - __main__ - ==========Epoch:22==========
Save best weights
12/21/2023 09:32:26 - INFO - utils.common - 计算 f1 score ing...
12/21/2023 09:32:26 - INFO - utils.common - F1score = 0.8810641132134711
12/21/2023 09:32:26 - INFO - utils.common - 计算 accuracy ing...
12/21/2023 09:32:26 - INFO - utils.common - acc = 0.882375
12/21/2023 09:32:26 - INFO - utils.common - 计算 precision ing...
12/21/2023 09:32:26 - INFO - utils.common - precision = 0.881869556118046
12/21/2023 09:32:26 - INFO - utils.common - 计算 recall ing...
12/21/2023 09:32:26 - INFO - utils.common - result = {'f1score': 0.8810641132134711, 'acc': 0.882375, 'precision': 0.881869556118046, 'recall': 0.8808278529898844}
12/21/2023 09:32:26 - INFO - __main__ - Epoch:22, Train Accuracy:0.882375, f1:0.8810641132134711

Epoch: [22][0/63]	
12/21/2023 09:32:44 - INFO - utils.common - 计算 f1 score ing...
12/21/2023 09:32:44 - INFO - utils.common - F1score = 0.9431774904397057
12/21/2023 09:32:44 - INFO - utils.common - 计算 accuracy ing...
12/21/2023 09:32:44 - INFO - utils.common - acc = 0.9437
12/21/2023 09:32:44 - INFO - utils.common - 计算 precision ing...
12/21/2023 09:32:44 - INFO - utils.common - precision = 0.9457587799602669
12/21/2023 09:32:44 - INFO - utils.common - 计算 recall ing...
12/21/2023 09:32:44 - INFO - utils.common - result = {'f1score': 0.9431774904397057, 'acc': 0.9437, 'precision': 0.9457587799602669, 'recall': 0.9415152917290904}
12/21/2023 09:32:44 - INFO - __main__ - Epoch:22, Val Accuracy:0.9437, f1:0.9431774904397057

12/21/2023 09:32:44 - INFO - __main__ - lr:0.0001036736311836454
12/21/2023 09:32:44 - INFO - __main__ - ==========Epoch:23==========
Save best weights
12/21/2023 09:33:12 - INFO - utils.common - 计算 f1 score ing...
12/21/2023 09:33:12 - INFO - utils.common - F1score = 0.8893317914166889
12/21/2023 09:33:12 - INFO - utils.common - 计算 accuracy ing...
12/21/2023 09:33:12 - INFO - utils.common - acc = 0.891375
12/21/2023 09:33:12 - INFO - utils.common - 计算 precision ing...
12/21/2023 09:33:12 - INFO - utils.common - precision = 0.8910417643399007
12/21/2023 09:33:12 - INFO - utils.common - 计算 recall ing...
12/21/2023 09:33:12 - INFO - utils.common - result = {'f1score': 0.8893317914166889, 'acc': 0.891375, 'precision': 0.8910417643399007, 'recall': 0.8884784184384175}
12/21/2023 09:33:12 - INFO - __main__ - Epoch:23, Train Accuracy:0.891375, f1:0.8893317914166889

Epoch: [23][0/63]	
12/21/2023 09:33:30 - INFO - utils.common - 计算 f1 score ing...
12/21/2023 09:33:30 - INFO - utils.common - F1score = 0.9420744736486232
12/21/2023 09:33:30 - INFO - utils.common - 计算 accuracy ing...
12/21/2023 09:33:30 - INFO - utils.common - acc = 0.94255
12/21/2023 09:33:30 - INFO - utils.common - 计算 precision ing...
12/21/2023 09:33:30 - INFO - utils.common - precision = 0.9443514615825465
12/21/2023 09:33:30 - INFO - utils.common - 计算 recall ing...
12/21/2023 09:33:30 - INFO - utils.common - result = {'f1score': 0.9420744736486232, 'acc': 0.94255, 'precision': 0.9443514615825465, 'recall': 0.9406365375219026}
12/21/2023 09:33:30 - INFO - __main__ - Epoch:23, Val Accuracy:0.94255, f1:0.9420744736486232

12/21/2023 09:33:30 - INFO - __main__ - lr:2.8683631183645395e-05
12/21/2023 09:33:30 - INFO - __main__ - ==========Epoch:24==========
early_st 4
12/21/2023 09:33:58 - INFO - utils.common - 计算 f1 score ing...
12/21/2023 09:33:58 - INFO - utils.common - F1score = 0.8907040094469454
12/21/2023 09:33:58 - INFO - utils.common - 计算 accuracy ing...
12/21/2023 09:33:58 - INFO - utils.common - acc = 0.893
12/21/2023 09:33:58 - INFO - utils.common - 计算 precision ing...
12/21/2023 09:33:58 - INFO - utils.common - precision = 0.8922299953804139
12/21/2023 09:33:58 - INFO - utils.common - 计算 recall ing...
12/21/2023 09:33:58 - INFO - utils.common - result = {'f1score': 0.8907040094469454, 'acc': 0.893, 'precision': 0.8922299953804139, 'recall': 0.8898678222769694}
12/21/2023 09:33:58 - INFO - __main__ - Epoch:24, Train Accuracy:0.893, f1:0.8907040094469454

Epoch: [24][0/63]	
12/21/2023 09:34:15 - INFO - utils.common - 计算 f1 score ing...
12/21/2023 09:34:15 - INFO - utils.common - F1score = 0.9425145723898462
12/21/2023 09:34:15 - INFO - utils.common - 计算 accuracy ing...
12/21/2023 09:34:16 - INFO - utils.common - acc = 0.943
12/21/2023 09:34:16 - INFO - utils.common - 计算 precision ing...
12/21/2023 09:34:16 - INFO - utils.common - precision = 0.9452476887185239
12/21/2023 09:34:16 - INFO - utils.common - 计算 recall ing...
12/21/2023 09:34:16 - INFO - utils.common - result = {'f1score': 0.9425145723898462, 'acc': 0.943, 'precision': 0.9452476887185239, 'recall': 0.94061349691445}
12/21/2023 09:34:16 - INFO - __main__ - Epoch:24, Val Accuracy:0.943, f1:0.9425145723898462

12/21/2023 09:34:16 - INFO - __main__ - lr:0.0003
12/21/2023 09:34:16 - INFO - __main__ - ==========Epoch:25==========
early_st 3
12/21/2023 09:34:44 - INFO - utils.common - 计算 f1 score ing...
12/21/2023 09:34:44 - INFO - utils.common - F1score = 0.8910059820871896
12/21/2023 09:34:44 - INFO - utils.common - 计算 accuracy ing...
12/21/2023 09:34:44 - INFO - utils.common - acc = 0.892375
12/21/2023 09:34:44 - INFO - utils.common - 计算 precision ing...
12/21/2023 09:34:44 - INFO - utils.common - precision = 0.8924887771506462
12/21/2023 09:34:44 - INFO - utils.common - 计算 recall ing...
12/21/2023 09:34:44 - INFO - utils.common - result = {'f1score': 0.8910059820871896, 'acc': 0.892375, 'precision': 0.8924887771506462, 'recall': 0.8902991921743543}
12/21/2023 09:34:44 - INFO - __main__ - Epoch:25, Train Accuracy:0.892375, f1:0.8910059820871896

Epoch: [25][0/63]	
12/21/2023 09:35:02 - INFO - utils.common - 计算 f1 score ing...
12/21/2023 09:35:02 - INFO - utils.common - F1score = 0.9421303896137956
12/21/2023 09:35:02 - INFO - utils.common - 计算 accuracy ing...
12/21/2023 09:35:02 - INFO - utils.common - acc = 0.9428
12/21/2023 09:35:02 - INFO - utils.common - 计算 precision ing...
12/21/2023 09:35:02 - INFO - utils.common - precision = 0.9457229077952376
12/21/2023 09:35:02 - INFO - utils.common - 计算 recall ing...
12/21/2023 09:35:02 - INFO - utils.common - result = {'f1score': 0.9421303896137956, 'acc': 0.9428, 'precision': 0.9457229077952376, 'recall': 0.9400294781039005}
12/21/2023 09:35:02 - INFO - __main__ - Epoch:25, Val Accuracy:0.9428, f1:0.9421303896137956

12/21/2023 09:35:02 - INFO - __main__ - lr:0.00027135636881635457
12/21/2023 09:35:02 - INFO - __main__ - ==========Epoch:26==========
early_st 2
12/21/2023 09:35:30 - INFO - utils.common - 计算 f1 score ing...
12/21/2023 09:35:30 - INFO - utils.common - F1score = 0.8924388128090965
12/21/2023 09:35:30 - INFO - utils.common - 计算 accuracy ing...
12/21/2023 09:35:30 - INFO - utils.common - acc = 0.8945
12/21/2023 09:35:30 - INFO - utils.common - 计算 precision ing...
12/21/2023 09:35:30 - INFO - utils.common - precision = 0.8941259328875513
12/21/2023 09:35:30 - INFO - utils.common - 计算 recall ing...
12/21/2023 09:35:30 - INFO - utils.common - result = {'f1score': 0.8924388128090965, 'acc': 0.8945, 'precision': 0.8941259328875513, 'recall': 0.8914253077027853}
12/21/2023 09:35:30 - INFO - __main__ - Epoch:26, Train Accuracy:0.8945, f1:0.8924388128090965

Epoch: [26][0/63]	
12/21/2023 09:35:47 - INFO - utils.common - 计算 f1 score ing...
12/21/2023 09:35:47 - INFO - utils.common - F1score = 0.9450687550419978
12/21/2023 09:35:47 - INFO - utils.common - 计算 accuracy ing...
12/21/2023 09:35:47 - INFO - utils.common - acc = 0.94545
12/21/2023 09:35:47 - INFO - utils.common - 计算 precision ing...
12/21/2023 09:35:47 - INFO - utils.common - precision = 0.9469865950919905
12/21/2023 09:35:47 - INFO - utils.common - 计算 recall ing...
12/21/2023 09:35:47 - INFO - utils.common - result = {'f1score': 0.9450687550419978, 'acc': 0.94545, 'precision': 0.9469865950919905, 'recall': 0.9438168530368807}
12/21/2023 09:35:47 - INFO - __main__ - Epoch:26, Val Accuracy:0.94545, f1:0.9450687550419978

12/21/2023 09:35:47 - INFO - __main__ - lr:0.0001963663688163546
12/21/2023 09:35:47 - INFO - __main__ - ==========Epoch:27==========
Save best weights
12/21/2023 09:36:15 - INFO - utils.common - 计算 f1 score ing...
12/21/2023 09:36:15 - INFO - utils.common - F1score = 0.896473204800372
12/21/2023 09:36:15 - INFO - utils.common - 计算 accuracy ing...
12/21/2023 09:36:15 - INFO - utils.common - acc = 0.89775
12/21/2023 09:36:15 - INFO - utils.common - 计算 precision ing...
12/21/2023 09:36:15 - INFO - utils.common - precision = 0.8973502538283622
12/21/2023 09:36:15 - INFO - utils.common - 计算 recall ing...
12/21/2023 09:36:15 - INFO - utils.common - result = {'f1score': 0.896473204800372, 'acc': 0.89775, 'precision': 0.8973502538283622, 'recall': 0.8960151122870319}
12/21/2023 09:36:15 - INFO - __main__ - Epoch:27, Train Accuracy:0.89775, f1:0.896473204800372

Epoch: [27][0/63]	
12/21/2023 09:36:33 - INFO - utils.common - 计算 f1 score ing...
12/21/2023 09:36:33 - INFO - utils.common - F1score = 0.9469267087124842
12/21/2023 09:36:33 - INFO - utils.common - 计算 accuracy ing...
12/21/2023 09:36:33 - INFO - utils.common - acc = 0.94735
12/21/2023 09:36:33 - INFO - utils.common - 计算 precision ing...
12/21/2023 09:36:33 - INFO - utils.common - precision = 0.949388326107615
12/21/2023 09:36:33 - INFO - utils.common - 计算 recall ing...
12/21/2023 09:36:33 - INFO - utils.common - result = {'f1score': 0.9469267087124842, 'acc': 0.94735, 'precision': 0.949388326107615, 'recall': 0.9452254737161704}
12/21/2023 09:36:33 - INFO - __main__ - Epoch:27, Val Accuracy:0.94735, f1:0.9469267087124842

12/21/2023 09:36:33 - INFO - __main__ - lr:0.0001036736311836454
12/21/2023 09:36:33 - INFO - __main__ - ==========Epoch:28==========
Save best weights
12/21/2023 09:37:02 - INFO - utils.common - 计算 f1 score ing...
12/21/2023 09:37:02 - INFO - utils.common - F1score = 0.8943905988977762
12/21/2023 09:37:02 - INFO - utils.common - 计算 accuracy ing...
12/21/2023 09:37:02 - INFO - utils.common - acc = 0.896125
12/21/2023 09:37:02 - INFO - utils.common - 计算 precision ing...
12/21/2023 09:37:02 - INFO - utils.common - precision = 0.8960251712313531
12/21/2023 09:37:02 - INFO - utils.common - 计算 recall ing...
12/21/2023 09:37:02 - INFO - utils.common - result = {'f1score': 0.8943905988977762, 'acc': 0.896125, 'precision': 0.8960251712313531, 'recall': 0.8933341210904729}
12/21/2023 09:37:02 - INFO - __main__ - Epoch:28, Train Accuracy:0.896125, f1:0.8943905988977762

Epoch: [28][0/63]	
12/21/2023 09:37:19 - INFO - utils.common - 计算 f1 score ing...
12/21/2023 09:37:19 - INFO - utils.common - F1score = 0.9473786336092572
12/21/2023 09:37:19 - INFO - utils.common - 计算 accuracy ing...
12/21/2023 09:37:19 - INFO - utils.common - acc = 0.9477
12/21/2023 09:37:19 - INFO - utils.common - 计算 precision ing...
12/21/2023 09:37:20 - INFO - utils.common - precision = 0.9494282776944204
12/21/2023 09:37:20 - INFO - utils.common - 计算 recall ing...
12/21/2023 09:37:20 - INFO - utils.common - result = {'f1score': 0.9473786336092572, 'acc': 0.9477, 'precision': 0.9494282776944204, 'recall': 0.9460012583679291}
12/21/2023 09:37:20 - INFO - __main__ - Epoch:28, Val Accuracy:0.9477, f1:0.9473786336092572

12/21/2023 09:37:20 - INFO - __main__ - lr:2.8683631183645395e-05
12/21/2023 09:37:20 - INFO - __main__ - ==========Epoch:29==========
Save best weights
12/21/2023 09:37:49 - INFO - utils.common - 计算 f1 score ing...
12/21/2023 09:37:49 - INFO - utils.common - F1score = 0.8998859658618176
12/21/2023 09:37:49 - INFO - utils.common - 计算 accuracy ing...
12/21/2023 09:37:49 - INFO - utils.common - acc = 0.901375
12/21/2023 09:37:49 - INFO - utils.common - 计算 precision ing...
12/21/2023 09:37:49 - INFO - utils.common - precision = 0.9008355603218506
12/21/2023 09:37:49 - INFO - utils.common - 计算 recall ing...
12/21/2023 09:37:49 - INFO - utils.common - result = {'f1score': 0.8998859658618176, 'acc': 0.901375, 'precision': 0.9008355603218506, 'recall': 0.8994597197085366}
12/21/2023 09:37:49 - INFO - __main__ - Epoch:29, Train Accuracy:0.901375, f1:0.8998859658618176

Epoch: [29][0/63]	
12/21/2023 09:38:06 - INFO - utils.common - 计算 f1 score ing...
12/21/2023 09:38:06 - INFO - utils.common - F1score = 0.9487703177940902
12/21/2023 09:38:06 - INFO - utils.common - 计算 accuracy ing...
12/21/2023 09:38:06 - INFO - utils.common - acc = 0.9492
12/21/2023 09:38:06 - INFO - utils.common - 计算 precision ing...
12/21/2023 09:38:06 - INFO - utils.common - precision = 0.9508537687628296
12/21/2023 09:38:06 - INFO - utils.common - 计算 recall ing...
12/21/2023 09:38:06 - INFO - utils.common - result = {'f1score': 0.9487703177940902, 'acc': 0.9492, 'precision': 0.9508537687628296, 'recall': 0.9473078448125095}
12/21/2023 09:38:06 - INFO - __main__ - Epoch:29, Val Accuracy:0.9492, f1:0.9487703177940902

12/21/2023 09:38:06 - INFO - __main__ - lr:0.0003
12/21/2023 09:38:06 - INFO - __main__ - ==========Epoch:30==========
Save best weights
12/21/2023 09:38:34 - INFO - utils.common - 计算 f1 score ing...
12/21/2023 09:38:34 - INFO - utils.common - F1score = 0.8938021998443408
12/21/2023 09:38:34 - INFO - utils.common - 计算 accuracy ing...
12/21/2023 09:38:34 - INFO - utils.common - acc = 0.8955
12/21/2023 09:38:34 - INFO - utils.common - 计算 precision ing...
12/21/2023 09:38:34 - INFO - utils.common - precision = 0.894564157794879
12/21/2023 09:38:34 - INFO - utils.common - 计算 recall ing...
12/21/2023 09:38:34 - INFO - utils.common - result = {'f1score': 0.8938021998443408, 'acc': 0.8955, 'precision': 0.894564157794879, 'recall': 0.8933878170577232}
12/21/2023 09:38:34 - INFO - __main__ - Epoch:30, Train Accuracy:0.8955, f1:0.8938021998443408

Epoch: [30][0/63]	
12/21/2023 09:38:52 - INFO - utils.common - 计算 f1 score ing...
12/21/2023 09:38:52 - INFO - utils.common - F1score = 0.9500694820055331
12/21/2023 09:38:52 - INFO - utils.common - 计算 accuracy ing...
12/21/2023 09:38:52 - INFO - utils.common - acc = 0.95025
12/21/2023 09:38:52 - INFO - utils.common - 计算 precision ing...
12/21/2023 09:38:52 - INFO - utils.common - precision = 0.9522108590468269
12/21/2023 09:38:52 - INFO - utils.common - 计算 recall ing...
12/21/2023 09:38:52 - INFO - utils.common - result = {'f1score': 0.9500694820055331, 'acc': 0.95025, 'precision': 0.9522108590468269, 'recall': 0.9484484151188275}
12/21/2023 09:38:52 - INFO - __main__ - Epoch:30, Val Accuracy:0.95025, f1:0.9500694820055331

12/21/2023 09:38:52 - INFO - __main__ - lr:0.00027135636881635457
12/21/2023 09:38:52 - INFO - __main__ - ==========Epoch:31==========
Save best weights
12/21/2023 09:39:20 - INFO - utils.common - 计算 f1 score ing...
12/21/2023 09:39:20 - INFO - utils.common - F1score = 0.8953148494537911
12/21/2023 09:39:20 - INFO - utils.common - 计算 accuracy ing...
12/21/2023 09:39:20 - INFO - utils.common - acc = 0.896875
12/21/2023 09:39:20 - INFO - utils.common - 计算 precision ing...
12/21/2023 09:39:20 - INFO - utils.common - precision = 0.8961126611382301
12/21/2023 09:39:20 - INFO - utils.common - 计算 recall ing...
12/21/2023 09:39:20 - INFO - utils.common - result = {'f1score': 0.8953148494537911, 'acc': 0.896875, 'precision': 0.8961126611382301, 'recall': 0.8949529120742287}
12/21/2023 09:39:20 - INFO - __main__ - Epoch:31, Train Accuracy:0.896875, f1:0.8953148494537911

Epoch: [31][0/63]	
12/21/2023 09:39:37 - INFO - utils.common - 计算 f1 score ing...
12/21/2023 09:39:37 - INFO - utils.common - F1score = 0.9497219910047691
12/21/2023 09:39:37 - INFO - utils.common - 计算 accuracy ing...
12/21/2023 09:39:37 - INFO - utils.common - acc = 0.95005
12/21/2023 09:39:37 - INFO - utils.common - 计算 precision ing...
12/21/2023 09:39:38 - INFO - utils.common - precision = 0.9521135473063195
12/21/2023 09:39:38 - INFO - utils.common - 计算 recall ing...
12/21/2023 09:39:38 - INFO - utils.common - result = {'f1score': 0.9497219910047691, 'acc': 0.95005, 'precision': 0.9521135473063195, 'recall': 0.9479487504108182}
12/21/2023 09:39:38 - INFO - __main__ - Epoch:31, Val Accuracy:0.95005, f1:0.9497219910047691

12/21/2023 09:39:38 - INFO - __main__ - lr:0.0001963663688163546
12/21/2023 09:39:38 - INFO - __main__ - ==========Epoch:32==========
early_st 4
12/21/2023 09:40:05 - INFO - utils.common - 计算 f1 score ing...
12/21/2023 09:40:05 - INFO - utils.common - F1score = 0.9006153725190048
12/21/2023 09:40:05 - INFO - utils.common - 计算 accuracy ing...
12/21/2023 09:40:05 - INFO - utils.common - acc = 0.9025
12/21/2023 09:40:05 - INFO - utils.common - 计算 precision ing...
12/21/2023 09:40:05 - INFO - utils.common - precision = 0.9021632513561134
12/21/2023 09:40:05 - INFO - utils.common - 计算 recall ing...
12/21/2023 09:40:05 - INFO - utils.common - result = {'f1score': 0.9006153725190048, 'acc': 0.9025, 'precision': 0.9021632513561134, 'recall': 0.8996004120708473}
12/21/2023 09:40:05 - INFO - __main__ - Epoch:32, Train Accuracy:0.9025, f1:0.9006153725190048

Epoch: [32][0/63]	
12/21/2023 09:40:23 - INFO - utils.common - 计算 f1 score ing...
12/21/2023 09:40:23 - INFO - utils.common - F1score = 0.9517740640966124
12/21/2023 09:40:23 - INFO - utils.common - 计算 accuracy ing...
12/21/2023 09:40:23 - INFO - utils.common - acc = 0.95225
12/21/2023 09:40:23 - INFO - utils.common - 计算 precision ing...
12/21/2023 09:40:23 - INFO - utils.common - precision = 0.9538875884663857
12/21/2023 09:40:23 - INFO - utils.common - 计算 recall ing...
12/21/2023 09:40:23 - INFO - utils.common - result = {'f1score': 0.9517740640966124, 'acc': 0.95225, 'precision': 0.9538875884663857, 'recall': 0.9502232728389727}
12/21/2023 09:40:23 - INFO - __main__ - Epoch:32, Val Accuracy:0.95225, f1:0.9517740640966124

12/21/2023 09:40:23 - INFO - __main__ - lr:0.0001036736311836454
12/21/2023 09:40:23 - INFO - __main__ - ==========Epoch:33==========
Save best weights
12/21/2023 09:40:50 - INFO - utils.common - 计算 f1 score ing...
12/21/2023 09:40:50 - INFO - utils.common - F1score = 0.9055474762305781
12/21/2023 09:40:50 - INFO - utils.common - 计算 accuracy ing...
12/21/2023 09:40:50 - INFO - utils.common - acc = 0.907125
12/21/2023 09:40:50 - INFO - utils.common - 计算 precision ing...
12/21/2023 09:40:50 - INFO - utils.common - precision = 0.906388548349022
12/21/2023 09:40:50 - INFO - utils.common - 计算 recall ing...
12/21/2023 09:40:50 - INFO - utils.common - result = {'f1score': 0.9055474762305781, 'acc': 0.907125, 'precision': 0.906388548349022, 'recall': 0.9049558372599089}
12/21/2023 09:40:50 - INFO - __main__ - Epoch:33, Train Accuracy:0.907125, f1:0.9055474762305781

Epoch: [33][0/63]	
12/21/2023 09:41:07 - INFO - utils.common - 计算 f1 score ing...
12/21/2023 09:41:07 - INFO - utils.common - F1score = 0.9521744020929452
12/21/2023 09:41:07 - INFO - utils.common - 计算 accuracy ing...
12/21/2023 09:41:07 - INFO - utils.common - acc = 0.9525
12/21/2023 09:41:07 - INFO - utils.common - 计算 precision ing...
12/21/2023 09:41:08 - INFO - utils.common - precision = 0.9540900877322278
12/21/2023 09:41:08 - INFO - utils.common - 计算 recall ing...
12/21/2023 09:41:08 - INFO - utils.common - result = {'f1score': 0.9521744020929452, 'acc': 0.9525, 'precision': 0.9540900877322278, 'recall': 0.9507163197839574}
12/21/2023 09:41:08 - INFO - __main__ - Epoch:33, Val Accuracy:0.9525, f1:0.9521744020929452

12/21/2023 09:41:08 - INFO - __main__ - lr:2.8683631183645395e-05
12/21/2023 09:41:08 - INFO - __main__ - ==========Epoch:34==========
Save best weights
12/21/2023 09:41:36 - INFO - utils.common - 计算 f1 score ing...
12/21/2023 09:41:36 - INFO - utils.common - F1score = 0.8973841675539332
12/21/2023 09:41:36 - INFO - utils.common - 计算 accuracy ing...
12/21/2023 09:41:36 - INFO - utils.common - acc = 0.89925
12/21/2023 09:41:36 - INFO - utils.common - 计算 precision ing...
12/21/2023 09:41:36 - INFO - utils.common - precision = 0.8980235973468927
12/21/2023 09:41:36 - INFO - utils.common - 计算 recall ing...
12/21/2023 09:41:36 - INFO - utils.common - result = {'f1score': 0.8973841675539332, 'acc': 0.89925, 'precision': 0.8980235973468927, 'recall': 0.8970661246221658}
12/21/2023 09:41:36 - INFO - __main__ - Epoch:34, Train Accuracy:0.89925, f1:0.8973841675539332

Epoch: [34][0/63]	
12/21/2023 09:41:52 - INFO - utils.common - 计算 f1 score ing...
12/21/2023 09:41:53 - INFO - utils.common - F1score = 0.9502665473850597
12/21/2023 09:41:53 - INFO - utils.common - 计算 accuracy ing...
12/21/2023 09:41:53 - INFO - utils.common - acc = 0.9506
12/21/2023 09:41:53 - INFO - utils.common - 计算 precision ing...
12/21/2023 09:41:53 - INFO - utils.common - precision = 0.952594721138193
12/21/2023 09:41:53 - INFO - utils.common - 计算 recall ing...
12/21/2023 09:41:53 - INFO - utils.common - result = {'f1score': 0.9502665473850597, 'acc': 0.9506, 'precision': 0.952594721138193, 'recall': 0.9485828156377047}
12/21/2023 09:41:53 - INFO - __main__ - Epoch:34, Val Accuracy:0.9506, f1:0.9502665473850597

12/21/2023 09:41:53 - INFO - __main__ - lr:0.0003
12/21/2023 09:41:53 - INFO - __main__ - ==========Epoch:35==========
early_st 4
12/21/2023 09:42:20 - INFO - utils.common - 计算 f1 score ing...
12/21/2023 09:42:20 - INFO - utils.common - F1score = 0.9019478745599301
12/21/2023 09:42:20 - INFO - utils.common - 计算 accuracy ing...
12/21/2023 09:42:20 - INFO - utils.common - acc = 0.90325
12/21/2023 09:42:20 - INFO - utils.common - 计算 precision ing...
12/21/2023 09:42:20 - INFO - utils.common - precision = 0.9031370825477446
12/21/2023 09:42:20 - INFO - utils.common - 计算 recall ing...
12/21/2023 09:42:20 - INFO - utils.common - result = {'f1score': 0.9019478745599301, 'acc': 0.90325, 'precision': 0.9031370825477446, 'recall': 0.9011233882268669}
12/21/2023 09:42:20 - INFO - __main__ - Epoch:35, Train Accuracy:0.90325, f1:0.9019478745599301

Epoch: [35][0/63]	
12/21/2023 09:42:37 - INFO - utils.common - 计算 f1 score ing...
12/21/2023 09:42:37 - INFO - utils.common - F1score = 0.9531602681840032
12/21/2023 09:42:37 - INFO - utils.common - 计算 accuracy ing...
12/21/2023 09:42:37 - INFO - utils.common - acc = 0.95345
12/21/2023 09:42:37 - INFO - utils.common - 计算 precision ing...
12/21/2023 09:42:37 - INFO - utils.common - precision = 0.9548288833052327
12/21/2023 09:42:37 - INFO - utils.common - 计算 recall ing...
12/21/2023 09:42:37 - INFO - utils.common - result = {'f1score': 0.9531602681840032, 'acc': 0.95345, 'precision': 0.9548288833052327, 'recall': 0.9519128093251658}
12/21/2023 09:42:37 - INFO - __main__ - Epoch:35, Val Accuracy:0.95345, f1:0.9531602681840032

12/21/2023 09:42:37 - INFO - __main__ - lr:0.00027135636881635457
12/21/2023 09:42:37 - INFO - __main__ - ==========Epoch:36==========
Save best weights
12/21/2023 09:43:05 - INFO - utils.common - 计算 f1 score ing...
12/21/2023 09:43:05 - INFO - utils.common - F1score = 0.9043847326464048
12/21/2023 09:43:05 - INFO - utils.common - 计算 accuracy ing...
12/21/2023 09:43:05 - INFO - utils.common - acc = 0.904875
12/21/2023 09:43:05 - INFO - utils.common - 计算 precision ing...
12/21/2023 09:43:05 - INFO - utils.common - precision = 0.9049101517128835
12/21/2023 09:43:05 - INFO - utils.common - 计算 recall ing...
12/21/2023 09:43:05 - INFO - utils.common - result = {'f1score': 0.9043847326464048, 'acc': 0.904875, 'precision': 0.9049101517128835, 'recall': 0.9041555545342363}
12/21/2023 09:43:05 - INFO - __main__ - Epoch:36, Train Accuracy:0.904875, f1:0.9043847326464048

Epoch: [36][0/63]	
12/21/2023 09:43:22 - INFO - utils.common - 计算 f1 score ing...
12/21/2023 09:43:22 - INFO - utils.common - F1score = 0.9532375598037682
12/21/2023 09:43:22 - INFO - utils.common - 计算 accuracy ing...
12/21/2023 09:43:22 - INFO - utils.common - acc = 0.9536
12/21/2023 09:43:22 - INFO - utils.common - 计算 precision ing...
12/21/2023 09:43:22 - INFO - utils.common - precision = 0.9546966785071292
12/21/2023 09:43:22 - INFO - utils.common - 计算 recall ing...
12/21/2023 09:43:22 - INFO - utils.common - result = {'f1score': 0.9532375598037682, 'acc': 0.9536, 'precision': 0.9546966785071292, 'recall': 0.9522307653201931}
12/21/2023 09:43:22 - INFO - __main__ - Epoch:36, Val Accuracy:0.9536, f1:0.9532375598037682

12/21/2023 09:43:22 - INFO - __main__ - lr:0.0001963663688163546
12/21/2023 09:43:22 - INFO - __main__ - ==========Epoch:37==========
Save best weights
12/21/2023 09:43:50 - INFO - utils.common - 计算 f1 score ing...
12/21/2023 09:43:50 - INFO - utils.common - F1score = 0.9080632779886688
12/21/2023 09:43:50 - INFO - utils.common - 计算 accuracy ing...
12/21/2023 09:43:50 - INFO - utils.common - acc = 0.90925
12/21/2023 09:43:50 - INFO - utils.common - 计算 precision ing...
12/21/2023 09:43:50 - INFO - utils.common - precision = 0.909107426601817
12/21/2023 09:43:50 - INFO - utils.common - 计算 recall ing...
12/21/2023 09:43:50 - INFO - utils.common - result = {'f1score': 0.9080632779886688, 'acc': 0.90925, 'precision': 0.909107426601817, 'recall': 0.9073515226964418}
12/21/2023 09:43:50 - INFO - __main__ - Epoch:37, Train Accuracy:0.90925, f1:0.9080632779886688

Epoch: [37][0/63]	
12/21/2023 09:44:07 - INFO - utils.common - 计算 f1 score ing...
12/21/2023 09:44:07 - INFO - utils.common - F1score = 0.9521234129393574
12/21/2023 09:44:07 - INFO - utils.common - 计算 accuracy ing...
12/21/2023 09:44:07 - INFO - utils.common - acc = 0.95225
12/21/2023 09:44:07 - INFO - utils.common - 计算 precision ing...
12/21/2023 09:44:07 - INFO - utils.common - precision = 0.9539351798908924
12/21/2023 09:44:07 - INFO - utils.common - 计算 recall ing...
12/21/2023 09:44:07 - INFO - utils.common - result = {'f1score': 0.9521234129393574, 'acc': 0.95225, 'precision': 0.9539351798908924, 'recall': 0.950818542418394}
12/21/2023 09:44:07 - INFO - __main__ - Epoch:37, Val Accuracy:0.95225, f1:0.9521234129393574

12/21/2023 09:44:07 - INFO - __main__ - lr:0.0001036736311836454
12/21/2023 09:44:07 - INFO - __main__ - ==========Epoch:38==========
early_st 4
12/21/2023 09:44:35 - INFO - utils.common - 计算 f1 score ing...
12/21/2023 09:44:35 - INFO - utils.common - F1score = 0.9053930445782485
12/21/2023 09:44:35 - INFO - utils.common - 计算 accuracy ing...
12/21/2023 09:44:35 - INFO - utils.common - acc = 0.906625
12/21/2023 09:44:35 - INFO - utils.common - 计算 precision ing...
12/21/2023 09:44:35 - INFO - utils.common - precision = 0.9055216222388291
12/21/2023 09:44:35 - INFO - utils.common - 计算 recall ing...
12/21/2023 09:44:35 - INFO - utils.common - result = {'f1score': 0.9053930445782485, 'acc': 0.906625, 'precision': 0.9055216222388291, 'recall': 0.9054615388142975}
12/21/2023 09:44:35 - INFO - __main__ - Epoch:38, Train Accuracy:0.906625, f1:0.9053930445782485

Epoch: [38][0/63]	
12/21/2023 09:44:53 - INFO - utils.common - 计算 f1 score ing...
12/21/2023 09:44:53 - INFO - utils.common - F1score = 0.954332161349837
12/21/2023 09:44:53 - INFO - utils.common - 计算 accuracy ing...
12/21/2023 09:44:53 - INFO - utils.common - acc = 0.95465
12/21/2023 09:44:53 - INFO - utils.common - 计算 precision ing...
12/21/2023 09:44:53 - INFO - utils.common - precision = 0.9557103559234186
12/21/2023 09:44:53 - INFO - utils.common - 计算 recall ing...
12/21/2023 09:44:53 - INFO - utils.common - result = {'f1score': 0.954332161349837, 'acc': 0.95465, 'precision': 0.9557103559234186, 'recall': 0.9532640496512855}
12/21/2023 09:44:53 - INFO - __main__ - Epoch:38, Val Accuracy:0.95465, f1:0.954332161349837

12/21/2023 09:44:53 - INFO - __main__ - lr:2.8683631183645395e-05
12/21/2023 09:44:53 - INFO - __main__ - ==========Epoch:39==========
Save best weights
12/21/2023 09:45:10 - INFO - utils.common - 计算 f1 score ing...
12/21/2023 09:45:10 - INFO - utils.common - F1score = 0.9067653920420735
12/21/2023 09:45:10 - INFO - utils.common - 计算 accuracy ing...
12/21/2023 09:45:10 - INFO - utils.common - acc = 0.90825
12/21/2023 09:45:10 - INFO - utils.common - 计算 precision ing...
12/21/2023 09:45:10 - INFO - utils.common - precision = 0.9079007755694462
12/21/2023 09:45:10 - INFO - utils.common - 计算 recall ing...
12/21/2023 09:45:10 - INFO - utils.common - result = {'f1score': 0.9067653920420735, 'acc': 0.90825, 'precision': 0.9079007755694462, 'recall': 0.906021013978926}
12/21/2023 09:45:10 - INFO - __main__ - Epoch:39, Train Accuracy:0.90825, f1:0.9067653920420735

Epoch: [39][0/63]	
12/21/2023 09:45:22 - INFO - utils.common - 计算 f1 score ing...
12/21/2023 09:45:22 - INFO - utils.common - F1score = 0.9556650472617717
12/21/2023 09:45:22 - INFO - utils.common - 计算 accuracy ing...
12/21/2023 09:45:22 - INFO - utils.common - acc = 0.956
12/21/2023 09:45:22 - INFO - utils.common - 计算 precision ing...
12/21/2023 09:45:22 - INFO - utils.common - precision = 0.9570995359443071
12/21/2023 09:45:22 - INFO - utils.common - 计算 recall ing...
12/21/2023 09:45:22 - INFO - utils.common - result = {'f1score': 0.9556650472617717, 'acc': 0.956, 'precision': 0.9570995359443071, 'recall': 0.9545165571018561}
12/21/2023 09:45:22 - INFO - __main__ - Epoch:39, Val Accuracy:0.956, f1:0.9556650472617717

12/21/2023 09:45:22 - INFO - __main__ - lr:0.0003
Save best weights
Test
12/21/2023 09:45:28 - INFO - utils.common - 计算 f1 score ing...
12/21/2023 09:45:28 - INFO - utils.common - F1score = 0.9144402587602658
12/21/2023 09:45:28 - INFO - utils.common - 计算 accuracy ing...
12/21/2023 09:45:28 - INFO - utils.common - acc = 0.9381615598885794
12/21/2023 09:45:28 - INFO - utils.common - 计算 precision ing...
12/21/2023 09:45:28 - INFO - utils.common - precision = 0.927832729985638
12/21/2023 09:45:28 - INFO - utils.common - 计算 recall ing...
12/21/2023 09:45:28 - INFO - utils.common - result = {'f1score': 0.9144402587602658, 'acc': 0.9381615598885794, 'precision': 0.927832729985638, 'recall': 0.9130144272232774}
12/21/2023 09:45:28 - INFO - __main__ - test_f1:0.9144402587602658, test_acc:0.9381615598885794, test_precision:0.927832729985638, test_recall:0.9130144272232774
12/21/2023 09:45:28 - INFO - __main__ - Finish fine-turning...
