nohup: ignoring input
12/21/2023 08:54:07 - INFO - __main__ - 设置 seed 为:  3
12/21/2023 08:54:07 - INFO - __main__ - Start fine-turning...
12/21/2023 08:54:13 - INFO - __main__ - ==========Epoch:0==========
=> no checkpoint found at '
12/21/2023 08:54:19 - INFO - utils.common - 计算 f1 score ing...
12/21/2023 08:54:19 - INFO - utils.common - F1score = 0.07050988400087964
12/21/2023 08:54:19 - INFO - utils.common - 计算 accuracy ing...
12/21/2023 08:54:19 - INFO - utils.common - acc = 0.1125
12/21/2023 08:54:19 - INFO - utils.common - 计算 precision ing...
12/21/2023 08:54:19 - INFO - utils.common - precision = 0.05652989693696623
12/21/2023 08:54:19 - INFO - utils.common - 计算 recall ing...
12/21/2023 08:54:19 - INFO - utils.common - result = {'f1score': 0.07050988400087964, 'acc': 0.1125, 'precision': 0.05652989693696623, 'recall': 0.11553894653218198}
12/21/2023 08:54:19 - INFO - __main__ - Epoch:0, Train Accuracy:0.1125, f1:0.07050988400087964

Epoch: [0][0/7]	
12/21/2023 08:54:39 - INFO - utils.common - 计算 f1 score ing...
12/21/2023 08:54:39 - INFO - utils.common - F1score = 0.07257433735801531
12/21/2023 08:54:39 - INFO - utils.common - 计算 accuracy ing...
12/21/2023 08:54:39 - INFO - utils.common - acc = 0.14025
12/21/2023 08:54:39 - INFO - utils.common - 计算 precision ing...
12/21/2023 08:54:39 - INFO - utils.common - precision = 0.07776176051614309
12/21/2023 08:54:39 - INFO - utils.common - 计算 recall ing...
12/21/2023 08:54:39 - INFO - utils.common - result = {'f1score': 0.07257433735801531, 'acc': 0.14025, 'precision': 0.07776176051614309, 'recall': 0.11951520205675499}
12/21/2023 08:54:39 - INFO - __main__ - Epoch:0, Val Accuracy:0.14025, f1:0.07257433735801531

12/21/2023 08:54:39 - INFO - __main__ - lr:0.00027135636881635457
12/21/2023 08:54:39 - INFO - __main__ - ==========Epoch:1==========
Save best weights
12/21/2023 08:54:45 - INFO - utils.common - 计算 f1 score ing...
12/21/2023 08:54:45 - INFO - utils.common - F1score = 0.09235320567483818
12/21/2023 08:54:45 - INFO - utils.common - 计算 accuracy ing...
12/21/2023 08:54:45 - INFO - utils.common - acc = 0.12
12/21/2023 08:54:45 - INFO - utils.common - 计算 precision ing...
12/21/2023 08:54:45 - INFO - utils.common - precision = 0.08472575609448349
12/21/2023 08:54:45 - INFO - utils.common - 计算 recall ing...
12/21/2023 08:54:45 - INFO - utils.common - result = {'f1score': 0.09235320567483818, 'acc': 0.12, 'precision': 0.08472575609448349, 'recall': 0.11616599757995567}
12/21/2023 08:54:45 - INFO - __main__ - Epoch:1, Train Accuracy:0.12, f1:0.09235320567483818

Epoch: [1][0/7]	
12/21/2023 08:55:04 - INFO - utils.common - 计算 f1 score ing...
12/21/2023 08:55:04 - INFO - utils.common - F1score = 0.0983694401298792
12/21/2023 08:55:04 - INFO - utils.common - 计算 accuracy ing...
12/21/2023 08:55:04 - INFO - utils.common - acc = 0.1121
12/21/2023 08:55:04 - INFO - utils.common - 计算 precision ing...
12/21/2023 08:55:04 - INFO - utils.common - precision = 0.14536427410602734
12/21/2023 08:55:04 - INFO - utils.common - 计算 recall ing...
12/21/2023 08:55:04 - INFO - utils.common - result = {'f1score': 0.0983694401298792, 'acc': 0.1121, 'precision': 0.14536427410602734, 'recall': 0.10126606952280676}
12/21/2023 08:55:04 - INFO - __main__ - Epoch:1, Val Accuracy:0.1121, f1:0.0983694401298792

12/21/2023 08:55:04 - INFO - __main__ - lr:0.0001963663688163546
12/21/2023 08:55:04 - INFO - __main__ - ==========Epoch:2==========
early_st 4
12/21/2023 08:55:09 - INFO - utils.common - 计算 f1 score ing...
12/21/2023 08:55:09 - INFO - utils.common - F1score = 0.12720479160438775
12/21/2023 08:55:09 - INFO - utils.common - 计算 accuracy ing...
12/21/2023 08:55:09 - INFO - utils.common - acc = 0.14375
12/21/2023 08:55:09 - INFO - utils.common - 计算 precision ing...
12/21/2023 08:55:09 - INFO - utils.common - precision = 0.14480484789744674
12/21/2023 08:55:09 - INFO - utils.common - 计算 recall ing...
12/21/2023 08:55:09 - INFO - utils.common - result = {'f1score': 0.12720479160438775, 'acc': 0.14375, 'precision': 0.14480484789744674, 'recall': 0.13221782175750169}
12/21/2023 08:55:09 - INFO - __main__ - Epoch:2, Train Accuracy:0.14375, f1:0.12720479160438775

Epoch: [2][0/7]	
12/21/2023 08:55:27 - INFO - utils.common - 计算 f1 score ing...
12/21/2023 08:55:27 - INFO - utils.common - F1score = 0.14970457464195744
12/21/2023 08:55:27 - INFO - utils.common - 计算 accuracy ing...
12/21/2023 08:55:27 - INFO - utils.common - acc = 0.1593
12/21/2023 08:55:27 - INFO - utils.common - 计算 precision ing...
12/21/2023 08:55:27 - INFO - utils.common - precision = 0.22945070715443824
12/21/2023 08:55:27 - INFO - utils.common - 计算 recall ing...
12/21/2023 08:55:27 - INFO - utils.common - result = {'f1score': 0.14970457464195744, 'acc': 0.1593, 'precision': 0.22945070715443824, 'recall': 0.1498460508550255}
12/21/2023 08:55:27 - INFO - __main__ - Epoch:2, Val Accuracy:0.1593, f1:0.14970457464195744

12/21/2023 08:55:27 - INFO - __main__ - lr:0.0001036736311836454
12/21/2023 08:55:27 - INFO - __main__ - ==========Epoch:3==========
Save best weights
12/21/2023 08:55:34 - INFO - utils.common - 计算 f1 score ing...
12/21/2023 08:55:34 - INFO - utils.common - F1score = 0.19157462039667553
12/21/2023 08:55:34 - INFO - utils.common - 计算 accuracy ing...
12/21/2023 08:55:34 - INFO - utils.common - acc = 0.1875
12/21/2023 08:55:34 - INFO - utils.common - 计算 precision ing...
12/21/2023 08:55:34 - INFO - utils.common - precision = 0.23861493371135037
12/21/2023 08:55:34 - INFO - utils.common - 计算 recall ing...
12/21/2023 08:55:34 - INFO - utils.common - result = {'f1score': 0.19157462039667553, 'acc': 0.1875, 'precision': 0.23861493371135037, 'recall': 0.18171877590290392}
12/21/2023 08:55:34 - INFO - __main__ - Epoch:3, Train Accuracy:0.1875, f1:0.19157462039667553

Epoch: [3][0/7]	
12/21/2023 08:55:52 - INFO - utils.common - 计算 f1 score ing...
12/21/2023 08:55:52 - INFO - utils.common - F1score = 0.18866741625428995
12/21/2023 08:55:52 - INFO - utils.common - 计算 accuracy ing...
12/21/2023 08:55:52 - INFO - utils.common - acc = 0.20595
12/21/2023 08:55:52 - INFO - utils.common - 计算 precision ing...
12/21/2023 08:55:52 - INFO - utils.common - precision = 0.2710725658407651
12/21/2023 08:55:52 - INFO - utils.common - 计算 recall ing...
12/21/2023 08:55:52 - INFO - utils.common - result = {'f1score': 0.18866741625428995, 'acc': 0.20595, 'precision': 0.2710725658407651, 'recall': 0.1957080886273509}
12/21/2023 08:55:52 - INFO - __main__ - Epoch:3, Val Accuracy:0.20595, f1:0.18866741625428995

12/21/2023 08:55:52 - INFO - __main__ - lr:2.8683631183645395e-05
12/21/2023 08:55:52 - INFO - __main__ - ==========Epoch:4==========
Save best weights
12/21/2023 08:55:57 - INFO - utils.common - 计算 f1 score ing...
12/21/2023 08:55:57 - INFO - utils.common - F1score = 0.21083007402555984
12/21/2023 08:55:57 - INFO - utils.common - 计算 accuracy ing...
12/21/2023 08:55:57 - INFO - utils.common - acc = 0.21875
12/21/2023 08:55:57 - INFO - utils.common - 计算 precision ing...
12/21/2023 08:55:57 - INFO - utils.common - precision = 0.24258822086388734
12/21/2023 08:55:57 - INFO - utils.common - 计算 recall ing...
12/21/2023 08:55:57 - INFO - utils.common - result = {'f1score': 0.21083007402555984, 'acc': 0.21875, 'precision': 0.24258822086388734, 'recall': 0.20789340697359174}
12/21/2023 08:55:57 - INFO - __main__ - Epoch:4, Train Accuracy:0.21875, f1:0.21083007402555984

Epoch: [4][0/7]	
12/21/2023 08:56:15 - INFO - utils.common - 计算 f1 score ing...
12/21/2023 08:56:15 - INFO - utils.common - F1score = 0.20273559462258894
12/21/2023 08:56:15 - INFO - utils.common - 计算 accuracy ing...
12/21/2023 08:56:15 - INFO - utils.common - acc = 0.22405
12/21/2023 08:56:15 - INFO - utils.common - 计算 precision ing...
12/21/2023 08:56:15 - INFO - utils.common - precision = 0.28432203585496996
12/21/2023 08:56:15 - INFO - utils.common - 计算 recall ing...
12/21/2023 08:56:15 - INFO - utils.common - result = {'f1score': 0.20273559462258894, 'acc': 0.22405, 'precision': 0.28432203585496996, 'recall': 0.2133368674834314}
12/21/2023 08:56:15 - INFO - __main__ - Epoch:4, Val Accuracy:0.22405, f1:0.20273559462258894

12/21/2023 08:56:15 - INFO - __main__ - lr:0.0003
12/21/2023 08:56:15 - INFO - __main__ - ==========Epoch:5==========
Save best weights
12/21/2023 08:56:21 - INFO - utils.common - 计算 f1 score ing...
12/21/2023 08:56:21 - INFO - utils.common - F1score = 0.22737529284601005
12/21/2023 08:56:21 - INFO - utils.common - 计算 accuracy ing...
12/21/2023 08:56:21 - INFO - utils.common - acc = 0.2225
12/21/2023 08:56:21 - INFO - utils.common - 计算 precision ing...
12/21/2023 08:56:21 - INFO - utils.common - precision = 0.26859763072080733
12/21/2023 08:56:21 - INFO - utils.common - 计算 recall ing...
12/21/2023 08:56:21 - INFO - utils.common - result = {'f1score': 0.22737529284601005, 'acc': 0.2225, 'precision': 0.26859763072080733, 'recall': 0.21593108154319177}
12/21/2023 08:56:21 - INFO - __main__ - Epoch:5, Train Accuracy:0.2225, f1:0.22737529284601005

Epoch: [5][0/7]	
12/21/2023 08:56:40 - INFO - utils.common - 计算 f1 score ing...
12/21/2023 08:56:40 - INFO - utils.common - F1score = 0.28572487049304435
12/21/2023 08:56:40 - INFO - utils.common - 计算 accuracy ing...
12/21/2023 08:56:40 - INFO - utils.common - acc = 0.3176
12/21/2023 08:56:40 - INFO - utils.common - 计算 precision ing...
12/21/2023 08:56:40 - INFO - utils.common - precision = 0.3827243573621237
12/21/2023 08:56:40 - INFO - utils.common - 计算 recall ing...
12/21/2023 08:56:40 - INFO - utils.common - result = {'f1score': 0.28572487049304435, 'acc': 0.3176, 'precision': 0.3827243573621237, 'recall': 0.3027938013814136}
12/21/2023 08:56:40 - INFO - __main__ - Epoch:5, Val Accuracy:0.3176, f1:0.28572487049304435

12/21/2023 08:56:40 - INFO - __main__ - lr:0.00027135636881635457
12/21/2023 08:56:40 - INFO - __main__ - ==========Epoch:6==========
Save best weights
12/21/2023 08:56:47 - INFO - utils.common - 计算 f1 score ing...
12/21/2023 08:56:47 - INFO - utils.common - F1score = 0.30054139386684015
12/21/2023 08:56:47 - INFO - utils.common - 计算 accuracy ing...
12/21/2023 08:56:47 - INFO - utils.common - acc = 0.30625
12/21/2023 08:56:47 - INFO - utils.common - 计算 precision ing...
12/21/2023 08:56:47 - INFO - utils.common - precision = 0.3414809518177109
12/21/2023 08:56:47 - INFO - utils.common - 计算 recall ing...
12/21/2023 08:56:47 - INFO - utils.common - result = {'f1score': 0.30054139386684015, 'acc': 0.30625, 'precision': 0.3414809518177109, 'recall': 0.2940807400178791}
12/21/2023 08:56:47 - INFO - __main__ - Epoch:6, Train Accuracy:0.30625, f1:0.30054139386684015

Epoch: [6][0/7]	
12/21/2023 08:57:06 - INFO - utils.common - 计算 f1 score ing...
12/21/2023 08:57:06 - INFO - utils.common - F1score = 0.35046099708098116
12/21/2023 08:57:06 - INFO - utils.common - 计算 accuracy ing...
12/21/2023 08:57:06 - INFO - utils.common - acc = 0.3886
12/21/2023 08:57:06 - INFO - utils.common - 计算 precision ing...
12/21/2023 08:57:06 - INFO - utils.common - precision = 0.4559830437531971
12/21/2023 08:57:06 - INFO - utils.common - 计算 recall ing...
12/21/2023 08:57:06 - INFO - utils.common - result = {'f1score': 0.35046099708098116, 'acc': 0.3886, 'precision': 0.4559830437531971, 'recall': 0.3685549804128481}
12/21/2023 08:57:06 - INFO - __main__ - Epoch:6, Val Accuracy:0.3886, f1:0.35046099708098116

12/21/2023 08:57:06 - INFO - __main__ - lr:0.0001963663688163546
12/21/2023 08:57:06 - INFO - __main__ - ==========Epoch:7==========
Save best weights
12/21/2023 08:57:12 - INFO - utils.common - 计算 f1 score ing...
12/21/2023 08:57:12 - INFO - utils.common - F1score = 0.3581511632169708
12/21/2023 08:57:12 - INFO - utils.common - 计算 accuracy ing...
12/21/2023 08:57:12 - INFO - utils.common - acc = 0.36875
12/21/2023 08:57:12 - INFO - utils.common - 计算 precision ing...
12/21/2023 08:57:12 - INFO - utils.common - precision = 0.3967827081182223
12/21/2023 08:57:12 - INFO - utils.common - 计算 recall ing...
12/21/2023 08:57:12 - INFO - utils.common - result = {'f1score': 0.3581511632169708, 'acc': 0.36875, 'precision': 0.3967827081182223, 'recall': 0.3547270420558657}
12/21/2023 08:57:12 - INFO - __main__ - Epoch:7, Train Accuracy:0.36875, f1:0.3581511632169708

Epoch: [7][0/7]	
12/21/2023 08:57:31 - INFO - utils.common - 计算 f1 score ing...
12/21/2023 08:57:32 - INFO - utils.common - F1score = 0.39679640145784323
12/21/2023 08:57:32 - INFO - utils.common - 计算 accuracy ing...
12/21/2023 08:57:32 - INFO - utils.common - acc = 0.44535
12/21/2023 08:57:32 - INFO - utils.common - 计算 precision ing...
12/21/2023 08:57:32 - INFO - utils.common - precision = 0.49336536212358073
12/21/2023 08:57:32 - INFO - utils.common - 计算 recall ing...
12/21/2023 08:57:32 - INFO - utils.common - result = {'f1score': 0.39679640145784323, 'acc': 0.44535, 'precision': 0.49336536212358073, 'recall': 0.42158486783524823}
12/21/2023 08:57:32 - INFO - __main__ - Epoch:7, Val Accuracy:0.44535, f1:0.39679640145784323

12/21/2023 08:57:32 - INFO - __main__ - lr:0.0001036736311836454
12/21/2023 08:57:32 - INFO - __main__ - ==========Epoch:8==========
Save best weights
12/21/2023 08:57:37 - INFO - utils.common - 计算 f1 score ing...
12/21/2023 08:57:37 - INFO - utils.common - F1score = 0.39065207787472056
12/21/2023 08:57:37 - INFO - utils.common - 计算 accuracy ing...
12/21/2023 08:57:37 - INFO - utils.common - acc = 0.40875
12/21/2023 08:57:37 - INFO - utils.common - 计算 precision ing...
12/21/2023 08:57:37 - INFO - utils.common - precision = 0.4018450236601906
12/21/2023 08:57:37 - INFO - utils.common - 计算 recall ing...
12/21/2023 08:57:37 - INFO - utils.common - result = {'f1score': 0.39065207787472056, 'acc': 0.40875, 'precision': 0.4018450236601906, 'recall': 0.3974411950117279}
12/21/2023 08:57:37 - INFO - __main__ - Epoch:8, Train Accuracy:0.40875, f1:0.39065207787472056

Epoch: [8][0/7]	
12/21/2023 08:57:55 - INFO - utils.common - 计算 f1 score ing...
12/21/2023 08:57:56 - INFO - utils.common - F1score = 0.42043637833074915
12/21/2023 08:57:56 - INFO - utils.common - 计算 accuracy ing...
12/21/2023 08:57:56 - INFO - utils.common - acc = 0.4743
12/21/2023 08:57:56 - INFO - utils.common - 计算 precision ing...
12/21/2023 08:57:56 - INFO - utils.common - precision = 0.5106660534098537
12/21/2023 08:57:56 - INFO - utils.common - 计算 recall ing...
12/21/2023 08:57:56 - INFO - utils.common - result = {'f1score': 0.42043637833074915, 'acc': 0.4743, 'precision': 0.5106660534098537, 'recall': 0.44907263933511543}
12/21/2023 08:57:56 - INFO - __main__ - Epoch:8, Val Accuracy:0.4743, f1:0.42043637833074915

12/21/2023 08:57:56 - INFO - __main__ - lr:2.8683631183645395e-05
12/21/2023 08:57:56 - INFO - __main__ - ==========Epoch:9==========
Save best weights
12/21/2023 08:58:01 - INFO - utils.common - 计算 f1 score ing...
12/21/2023 08:58:01 - INFO - utils.common - F1score = 0.41261215921984573
12/21/2023 08:58:01 - INFO - utils.common - 计算 accuracy ing...
12/21/2023 08:58:01 - INFO - utils.common - acc = 0.4325
12/21/2023 08:58:01 - INFO - utils.common - 计算 precision ing...
12/21/2023 08:58:01 - INFO - utils.common - precision = 0.4506046910949999
12/21/2023 08:58:01 - INFO - utils.common - 计算 recall ing...
12/21/2023 08:58:01 - INFO - utils.common - result = {'f1score': 0.41261215921984573, 'acc': 0.4325, 'precision': 0.4506046910949999, 'recall': 0.4200073774483938}
12/21/2023 08:58:01 - INFO - __main__ - Epoch:9, Train Accuracy:0.4325, f1:0.41261215921984573

Epoch: [9][0/7]	
12/21/2023 08:58:19 - INFO - utils.common - 计算 f1 score ing...
12/21/2023 08:58:20 - INFO - utils.common - F1score = 0.4269371268062121
12/21/2023 08:58:20 - INFO - utils.common - 计算 accuracy ing...
12/21/2023 08:58:20 - INFO - utils.common - acc = 0.4831
12/21/2023 08:58:20 - INFO - utils.common - 计算 precision ing...
12/21/2023 08:58:20 - INFO - utils.common - precision = 0.5287873695239039
12/21/2023 08:58:20 - INFO - utils.common - 计算 recall ing...
12/21/2023 08:58:20 - INFO - utils.common - result = {'f1score': 0.4269371268062121, 'acc': 0.4831, 'precision': 0.5287873695239039, 'recall': 0.4575063239483992}
12/21/2023 08:58:20 - INFO - __main__ - Epoch:9, Val Accuracy:0.4831, f1:0.4269371268062121

12/21/2023 08:58:20 - INFO - __main__ - lr:0.0003
12/21/2023 08:58:20 - INFO - __main__ - ==========Epoch:10==========
Save best weights
12/21/2023 08:58:25 - INFO - utils.common - 计算 f1 score ing...
12/21/2023 08:58:25 - INFO - utils.common - F1score = 0.4120408652763168
12/21/2023 08:58:25 - INFO - utils.common - 计算 accuracy ing...
12/21/2023 08:58:25 - INFO - utils.common - acc = 0.43625
12/21/2023 08:58:25 - INFO - utils.common - 计算 precision ing...
12/21/2023 08:58:25 - INFO - utils.common - precision = 0.42836721118976784
12/21/2023 08:58:25 - INFO - utils.common - 计算 recall ing...
12/21/2023 08:58:25 - INFO - utils.common - result = {'f1score': 0.4120408652763168, 'acc': 0.43625, 'precision': 0.42836721118976784, 'recall': 0.4248749426525371}
12/21/2023 08:58:25 - INFO - __main__ - Epoch:10, Train Accuracy:0.43625, f1:0.4120408652763168

Epoch: [10][0/7]	
12/21/2023 08:58:43 - INFO - utils.common - 计算 f1 score ing...
12/21/2023 08:58:43 - INFO - utils.common - F1score = 0.4689058532040698
12/21/2023 08:58:43 - INFO - utils.common - 计算 accuracy ing...
12/21/2023 08:58:43 - INFO - utils.common - acc = 0.53375
12/21/2023 08:58:43 - INFO - utils.common - 计算 precision ing...
12/21/2023 08:58:44 - INFO - utils.common - precision = 0.5479241271824077
12/21/2023 08:58:44 - INFO - utils.common - 计算 recall ing...
12/21/2023 08:58:44 - INFO - utils.common - result = {'f1score': 0.4689058532040698, 'acc': 0.53375, 'precision': 0.5479241271824077, 'recall': 0.5046378603861631}
12/21/2023 08:58:44 - INFO - __main__ - Epoch:10, Val Accuracy:0.53375, f1:0.4689058532040698

12/21/2023 08:58:44 - INFO - __main__ - lr:0.00027135636881635457
12/21/2023 08:58:44 - INFO - __main__ - ==========Epoch:11==========
Save best weights
12/21/2023 08:58:49 - INFO - utils.common - 计算 f1 score ing...
12/21/2023 08:58:49 - INFO - utils.common - F1score = 0.4652633369702801
12/21/2023 08:58:49 - INFO - utils.common - 计算 accuracy ing...
12/21/2023 08:58:49 - INFO - utils.common - acc = 0.4925
12/21/2023 08:58:49 - INFO - utils.common - 计算 precision ing...
12/21/2023 08:58:49 - INFO - utils.common - precision = 0.49385344661027375
12/21/2023 08:58:49 - INFO - utils.common - 计算 recall ing...
12/21/2023 08:58:49 - INFO - utils.common - result = {'f1score': 0.4652633369702801, 'acc': 0.4925, 'precision': 0.49385344661027375, 'recall': 0.4798397868188332}
12/21/2023 08:58:49 - INFO - __main__ - Epoch:11, Train Accuracy:0.4925, f1:0.4652633369702801

Epoch: [11][0/7]	
12/21/2023 08:59:06 - INFO - utils.common - 计算 f1 score ing...
12/21/2023 08:59:06 - INFO - utils.common - F1score = 0.4978715559144613
12/21/2023 08:59:06 - INFO - utils.common - 计算 accuracy ing...
12/21/2023 08:59:06 - INFO - utils.common - acc = 0.57035
12/21/2023 08:59:06 - INFO - utils.common - 计算 precision ing...
12/21/2023 08:59:06 - INFO - utils.common - precision = 0.5782178542364073
12/21/2023 08:59:06 - INFO - utils.common - 计算 recall ing...
12/21/2023 08:59:06 - INFO - utils.common - result = {'f1score': 0.4978715559144613, 'acc': 0.57035, 'precision': 0.5782178542364073, 'recall': 0.5385359532394094}
12/21/2023 08:59:06 - INFO - __main__ - Epoch:11, Val Accuracy:0.57035, f1:0.4978715559144613

12/21/2023 08:59:06 - INFO - __main__ - lr:0.0001963663688163546
12/21/2023 08:59:06 - INFO - __main__ - ==========Epoch:12==========
Save best weights
12/21/2023 08:59:13 - INFO - utils.common - 计算 f1 score ing...
12/21/2023 08:59:13 - INFO - utils.common - F1score = 0.48220073005510833
12/21/2023 08:59:13 - INFO - utils.common - 计算 accuracy ing...
12/21/2023 08:59:13 - INFO - utils.common - acc = 0.51875
12/21/2023 08:59:13 - INFO - utils.common - 计算 precision ing...
12/21/2023 08:59:13 - INFO - utils.common - precision = 0.4915035348434887
12/21/2023 08:59:13 - INFO - utils.common - 计算 recall ing...
12/21/2023 08:59:13 - INFO - utils.common - result = {'f1score': 0.48220073005510833, 'acc': 0.51875, 'precision': 0.4915035348434887, 'recall': 0.5034839754399233}
12/21/2023 08:59:13 - INFO - __main__ - Epoch:12, Train Accuracy:0.51875, f1:0.48220073005510833

Epoch: [12][0/7]	
12/21/2023 08:59:31 - INFO - utils.common - 计算 f1 score ing...
12/21/2023 08:59:31 - INFO - utils.common - F1score = 0.5175763110353903
12/21/2023 08:59:31 - INFO - utils.common - 计算 accuracy ing...
12/21/2023 08:59:31 - INFO - utils.common - acc = 0.5907
12/21/2023 08:59:31 - INFO - utils.common - 计算 precision ing...
12/21/2023 08:59:31 - INFO - utils.common - precision = 0.6014014437970414
12/21/2023 08:59:31 - INFO - utils.common - 计算 recall ing...
12/21/2023 08:59:31 - INFO - utils.common - result = {'f1score': 0.5175763110353903, 'acc': 0.5907, 'precision': 0.6014014437970414, 'recall': 0.5576397012043586}
12/21/2023 08:59:31 - INFO - __main__ - Epoch:12, Val Accuracy:0.5907, f1:0.5175763110353903

12/21/2023 08:59:31 - INFO - __main__ - lr:0.0001036736311836454
12/21/2023 08:59:31 - INFO - __main__ - ==========Epoch:13==========
Save best weights
12/21/2023 08:59:37 - INFO - utils.common - 计算 f1 score ing...
12/21/2023 08:59:37 - INFO - utils.common - F1score = 0.4765539632338197
12/21/2023 08:59:37 - INFO - utils.common - 计算 accuracy ing...
12/21/2023 08:59:37 - INFO - utils.common - acc = 0.49625
12/21/2023 08:59:37 - INFO - utils.common - 计算 precision ing...
12/21/2023 08:59:37 - INFO - utils.common - precision = 0.5138448384831118
12/21/2023 08:59:37 - INFO - utils.common - 计算 recall ing...
12/21/2023 08:59:37 - INFO - utils.common - result = {'f1score': 0.4765539632338197, 'acc': 0.49625, 'precision': 0.5138448384831118, 'recall': 0.48728548249254394}
12/21/2023 08:59:37 - INFO - __main__ - Epoch:13, Train Accuracy:0.49625, f1:0.4765539632338197

Epoch: [13][0/7]	
12/21/2023 08:59:56 - INFO - utils.common - 计算 f1 score ing...
12/21/2023 08:59:56 - INFO - utils.common - F1score = 0.5307411659094018
12/21/2023 08:59:56 - INFO - utils.common - 计算 accuracy ing...
12/21/2023 08:59:56 - INFO - utils.common - acc = 0.6051
12/21/2023 08:59:56 - INFO - utils.common - 计算 precision ing...
12/21/2023 08:59:56 - INFO - utils.common - precision = 0.611249641451499
12/21/2023 08:59:56 - INFO - utils.common - 计算 recall ing...
12/21/2023 08:59:56 - INFO - utils.common - result = {'f1score': 0.5307411659094018, 'acc': 0.6051, 'precision': 0.611249641451499, 'recall': 0.5716872993156492}
12/21/2023 08:59:56 - INFO - __main__ - Epoch:13, Val Accuracy:0.6051, f1:0.5307411659094018

12/21/2023 08:59:56 - INFO - __main__ - lr:2.8683631183645395e-05
12/21/2023 08:59:56 - INFO - __main__ - ==========Epoch:14==========
Save best weights
12/21/2023 09:00:03 - INFO - utils.common - 计算 f1 score ing...
12/21/2023 09:00:03 - INFO - utils.common - F1score = 0.4910614087751508
12/21/2023 09:00:03 - INFO - utils.common - 计算 accuracy ing...
12/21/2023 09:00:03 - INFO - utils.common - acc = 0.52375
12/21/2023 09:00:03 - INFO - utils.common - 计算 precision ing...
12/21/2023 09:00:03 - INFO - utils.common - precision = 0.5200096338099167
12/21/2023 09:00:03 - INFO - utils.common - 计算 recall ing...
12/21/2023 09:00:03 - INFO - utils.common - result = {'f1score': 0.4910614087751508, 'acc': 0.52375, 'precision': 0.5200096338099167, 'recall': 0.5123813085246842}
12/21/2023 09:00:03 - INFO - __main__ - Epoch:14, Train Accuracy:0.52375, f1:0.4910614087751508

Epoch: [14][0/7]	
12/21/2023 09:00:22 - INFO - utils.common - 计算 f1 score ing...
12/21/2023 09:00:22 - INFO - utils.common - F1score = 0.5361485683032355
12/21/2023 09:00:22 - INFO - utils.common - 计算 accuracy ing...
12/21/2023 09:00:22 - INFO - utils.common - acc = 0.60925
12/21/2023 09:00:22 - INFO - utils.common - 计算 precision ing...
12/21/2023 09:00:22 - INFO - utils.common - precision = 0.6243372604926626
12/21/2023 09:00:22 - INFO - utils.common - 计算 recall ing...
12/21/2023 09:00:22 - INFO - utils.common - result = {'f1score': 0.5361485683032355, 'acc': 0.60925, 'precision': 0.6243372604926626, 'recall': 0.5763461274517913}
12/21/2023 09:00:22 - INFO - __main__ - Epoch:14, Val Accuracy:0.60925, f1:0.5361485683032355

12/21/2023 09:00:22 - INFO - __main__ - lr:0.0003
12/21/2023 09:00:22 - INFO - __main__ - ==========Epoch:15==========
Save best weights
12/21/2023 09:00:29 - INFO - utils.common - 计算 f1 score ing...
12/21/2023 09:00:29 - INFO - utils.common - F1score = 0.5023020068865708
12/21/2023 09:00:29 - INFO - utils.common - 计算 accuracy ing...
12/21/2023 09:00:29 - INFO - utils.common - acc = 0.5425
12/21/2023 09:00:29 - INFO - utils.common - 计算 precision ing...
12/21/2023 09:00:29 - INFO - utils.common - precision = 0.5130778810810379
12/21/2023 09:00:29 - INFO - utils.common - 计算 recall ing...
12/21/2023 09:00:29 - INFO - utils.common - result = {'f1score': 0.5023020068865708, 'acc': 0.5425, 'precision': 0.5130778810810379, 'recall': 0.5249915332616207}
12/21/2023 09:00:29 - INFO - __main__ - Epoch:15, Train Accuracy:0.5425, f1:0.5023020068865708

Epoch: [15][0/7]	
12/21/2023 09:00:48 - INFO - utils.common - 计算 f1 score ing...
12/21/2023 09:00:48 - INFO - utils.common - F1score = 0.5683044547990104
12/21/2023 09:00:48 - INFO - utils.common - 计算 accuracy ing...
12/21/2023 09:00:48 - INFO - utils.common - acc = 0.6326
12/21/2023 09:00:48 - INFO - utils.common - 计算 precision ing...
12/21/2023 09:00:48 - INFO - utils.common - precision = 0.6601349066703261
12/21/2023 09:00:48 - INFO - utils.common - 计算 recall ing...
12/21/2023 09:00:48 - INFO - utils.common - result = {'f1score': 0.5683044547990104, 'acc': 0.6326, 'precision': 0.6601349066703261, 'recall': 0.6000253868693644}
12/21/2023 09:00:48 - INFO - __main__ - Epoch:15, Val Accuracy:0.6326, f1:0.5683044547990104

12/21/2023 09:00:48 - INFO - __main__ - lr:0.00027135636881635457
12/21/2023 09:00:48 - INFO - __main__ - ==========Epoch:16==========
Save best weights
12/21/2023 09:00:54 - INFO - utils.common - 计算 f1 score ing...
12/21/2023 09:00:54 - INFO - utils.common - F1score = 0.5308711375733813
12/21/2023 09:00:54 - INFO - utils.common - 计算 accuracy ing...
12/21/2023 09:00:54 - INFO - utils.common - acc = 0.5625
12/21/2023 09:00:54 - INFO - utils.common - 计算 precision ing...
12/21/2023 09:00:54 - INFO - utils.common - precision = 0.5557819219243894
12/21/2023 09:00:54 - INFO - utils.common - 计算 recall ing...
12/21/2023 09:00:54 - INFO - utils.common - result = {'f1score': 0.5308711375733813, 'acc': 0.5625, 'precision': 0.5557819219243894, 'recall': 0.5459678947552236}
12/21/2023 09:00:54 - INFO - __main__ - Epoch:16, Train Accuracy:0.5625, f1:0.5308711375733813

Epoch: [16][0/7]	
12/21/2023 09:01:13 - INFO - utils.common - 计算 f1 score ing...
12/21/2023 09:01:13 - INFO - utils.common - F1score = 0.5920521250857349
12/21/2023 09:01:13 - INFO - utils.common - 计算 accuracy ing...
12/21/2023 09:01:13 - INFO - utils.common - acc = 0.65395
12/21/2023 09:01:13 - INFO - utils.common - 计算 precision ing...
12/21/2023 09:01:13 - INFO - utils.common - precision = 0.6806180405175709
12/21/2023 09:01:13 - INFO - utils.common - 计算 recall ing...
12/21/2023 09:01:13 - INFO - utils.common - result = {'f1score': 0.5920521250857349, 'acc': 0.65395, 'precision': 0.6806180405175709, 'recall': 0.6216698248130288}
12/21/2023 09:01:13 - INFO - __main__ - Epoch:16, Val Accuracy:0.65395, f1:0.5920521250857349

12/21/2023 09:01:13 - INFO - __main__ - lr:0.0001963663688163546
12/21/2023 09:01:13 - INFO - __main__ - ==========Epoch:17==========
Save best weights
12/21/2023 09:01:19 - INFO - utils.common - 计算 f1 score ing...
12/21/2023 09:01:19 - INFO - utils.common - F1score = 0.5643941366424287
12/21/2023 09:01:19 - INFO - utils.common - 计算 accuracy ing...
12/21/2023 09:01:19 - INFO - utils.common - acc = 0.59625
12/21/2023 09:01:19 - INFO - utils.common - 计算 precision ing...
12/21/2023 09:01:19 - INFO - utils.common - precision = 0.5763160342245262
12/21/2023 09:01:19 - INFO - utils.common - 计算 recall ing...
12/21/2023 09:01:19 - INFO - utils.common - result = {'f1score': 0.5643941366424287, 'acc': 0.59625, 'precision': 0.5763160342245262, 'recall': 0.5829133593446413}
12/21/2023 09:01:19 - INFO - __main__ - Epoch:17, Train Accuracy:0.59625, f1:0.5643941366424287

Epoch: [17][0/7]	
12/21/2023 09:01:38 - INFO - utils.common - 计算 f1 score ing...
12/21/2023 09:01:38 - INFO - utils.common - F1score = 0.6078006817262
12/21/2023 09:01:38 - INFO - utils.common - 计算 accuracy ing...
12/21/2023 09:01:38 - INFO - utils.common - acc = 0.66475
12/21/2023 09:01:38 - INFO - utils.common - 计算 precision ing...
12/21/2023 09:01:39 - INFO - utils.common - precision = 0.6994236340118886
12/21/2023 09:01:39 - INFO - utils.common - 计算 recall ing...
12/21/2023 09:01:39 - INFO - utils.common - result = {'f1score': 0.6078006817262, 'acc': 0.66475, 'precision': 0.6994236340118886, 'recall': 0.6330745218064797}
12/21/2023 09:01:39 - INFO - __main__ - Epoch:17, Val Accuracy:0.66475, f1:0.6078006817262

12/21/2023 09:01:39 - INFO - __main__ - lr:0.0001036736311836454
12/21/2023 09:01:39 - INFO - __main__ - ==========Epoch:18==========
Save best weights
12/21/2023 09:01:45 - INFO - utils.common - 计算 f1 score ing...
12/21/2023 09:01:45 - INFO - utils.common - F1score = 0.5743810079564863
12/21/2023 09:01:45 - INFO - utils.common - 计算 accuracy ing...
12/21/2023 09:01:45 - INFO - utils.common - acc = 0.61
12/21/2023 09:01:45 - INFO - utils.common - 计算 precision ing...
12/21/2023 09:01:45 - INFO - utils.common - precision = 0.5954684558427132
12/21/2023 09:01:45 - INFO - utils.common - 计算 recall ing...
12/21/2023 09:01:45 - INFO - utils.common - result = {'f1score': 0.5743810079564863, 'acc': 0.61, 'precision': 0.5954684558427132, 'recall': 0.5971512658198024}
12/21/2023 09:01:45 - INFO - __main__ - Epoch:18, Train Accuracy:0.61, f1:0.5743810079564863

Epoch: [18][0/7]	
12/21/2023 09:02:04 - INFO - utils.common - 计算 f1 score ing...
12/21/2023 09:02:04 - INFO - utils.common - F1score = 0.6118877707824548
12/21/2023 09:02:04 - INFO - utils.common - 计算 accuracy ing...
12/21/2023 09:02:04 - INFO - utils.common - acc = 0.6668
12/21/2023 09:02:04 - INFO - utils.common - 计算 precision ing...
12/21/2023 09:02:04 - INFO - utils.common - precision = 0.7077301913904483
12/21/2023 09:02:04 - INFO - utils.common - 计算 recall ing...
12/21/2023 09:02:04 - INFO - utils.common - result = {'f1score': 0.6118877707824548, 'acc': 0.6668, 'precision': 0.7077301913904483, 'recall': 0.6354765044612235}
12/21/2023 09:02:04 - INFO - __main__ - Epoch:18, Val Accuracy:0.6668, f1:0.6118877707824548

12/21/2023 09:02:04 - INFO - __main__ - lr:2.8683631183645395e-05
12/21/2023 09:02:04 - INFO - __main__ - ==========Epoch:19==========
Save best weights
12/21/2023 09:02:10 - INFO - utils.common - 计算 f1 score ing...
12/21/2023 09:02:10 - INFO - utils.common - F1score = 0.5766653603553585
12/21/2023 09:02:10 - INFO - utils.common - 计算 accuracy ing...
12/21/2023 09:02:10 - INFO - utils.common - acc = 0.605
12/21/2023 09:02:10 - INFO - utils.common - 计算 precision ing...
12/21/2023 09:02:10 - INFO - utils.common - precision = 0.6030879494108742
12/21/2023 09:02:10 - INFO - utils.common - 计算 recall ing...
12/21/2023 09:02:10 - INFO - utils.common - result = {'f1score': 0.5766653603553585, 'acc': 0.605, 'precision': 0.6030879494108742, 'recall': 0.5911713371620978}
12/21/2023 09:02:10 - INFO - __main__ - Epoch:19, Train Accuracy:0.605, f1:0.5766653603553585

Epoch: [19][0/7]	
12/21/2023 09:02:29 - INFO - utils.common - 计算 f1 score ing...
12/21/2023 09:02:29 - INFO - utils.common - F1score = 0.6169468494385824
12/21/2023 09:02:29 - INFO - utils.common - 计算 accuracy ing...
12/21/2023 09:02:29 - INFO - utils.common - acc = 0.671
12/21/2023 09:02:29 - INFO - utils.common - 计算 precision ing...
12/21/2023 09:02:29 - INFO - utils.common - precision = 0.7129403372553136
12/21/2023 09:02:29 - INFO - utils.common - 计算 recall ing...
12/21/2023 09:02:29 - INFO - utils.common - result = {'f1score': 0.6169468494385824, 'acc': 0.671, 'precision': 0.7129403372553136, 'recall': 0.639697854764576}
12/21/2023 09:02:29 - INFO - __main__ - Epoch:19, Val Accuracy:0.671, f1:0.6169468494385824

12/21/2023 09:02:29 - INFO - __main__ - lr:0.0003
12/21/2023 09:02:29 - INFO - __main__ - ==========Epoch:20==========
Save best weights
12/21/2023 09:02:35 - INFO - utils.common - 计算 f1 score ing...
12/21/2023 09:02:35 - INFO - utils.common - F1score = 0.6052839340454579
12/21/2023 09:02:35 - INFO - utils.common - 计算 accuracy ing...
12/21/2023 09:02:35 - INFO - utils.common - acc = 0.62125
12/21/2023 09:02:35 - INFO - utils.common - 计算 precision ing...
12/21/2023 09:02:35 - INFO - utils.common - precision = 0.6310666615466753
12/21/2023 09:02:35 - INFO - utils.common - 计算 recall ing...
12/21/2023 09:02:35 - INFO - utils.common - result = {'f1score': 0.6052839340454579, 'acc': 0.62125, 'precision': 0.6310666615466753, 'recall': 0.6122374829848845}
12/21/2023 09:02:35 - INFO - __main__ - Epoch:20, Train Accuracy:0.62125, f1:0.6052839340454579

Epoch: [20][0/7]	
12/21/2023 09:02:54 - INFO - utils.common - 计算 f1 score ing...
12/21/2023 09:02:54 - INFO - utils.common - F1score = 0.633956754181412
12/21/2023 09:02:54 - INFO - utils.common - 计算 accuracy ing...
12/21/2023 09:02:54 - INFO - utils.common - acc = 0.68555
12/21/2023 09:02:54 - INFO - utils.common - 计算 precision ing...
12/21/2023 09:02:54 - INFO - utils.common - precision = 0.7312285392839862
12/21/2023 09:02:54 - INFO - utils.common - 计算 recall ing...
12/21/2023 09:02:54 - INFO - utils.common - result = {'f1score': 0.633956754181412, 'acc': 0.68555, 'precision': 0.7312285392839862, 'recall': 0.6551676322929706}
12/21/2023 09:02:54 - INFO - __main__ - Epoch:20, Val Accuracy:0.68555, f1:0.633956754181412

12/21/2023 09:02:54 - INFO - __main__ - lr:0.00027135636881635457
12/21/2023 09:02:54 - INFO - __main__ - ==========Epoch:21==========
Save best weights
12/21/2023 09:03:00 - INFO - utils.common - 计算 f1 score ing...
12/21/2023 09:03:00 - INFO - utils.common - F1score = 0.575392710177627
12/21/2023 09:03:00 - INFO - utils.common - 计算 accuracy ing...
12/21/2023 09:03:00 - INFO - utils.common - acc = 0.59625
12/21/2023 09:03:00 - INFO - utils.common - 计算 precision ing...
12/21/2023 09:03:00 - INFO - utils.common - precision = 0.6163218101734125
12/21/2023 09:03:00 - INFO - utils.common - 计算 recall ing...
12/21/2023 09:03:00 - INFO - utils.common - result = {'f1score': 0.575392710177627, 'acc': 0.59625, 'precision': 0.6163218101734125, 'recall': 0.5831420554939776}
12/21/2023 09:03:00 - INFO - __main__ - Epoch:21, Train Accuracy:0.59625, f1:0.575392710177627

Epoch: [21][0/7]	
12/21/2023 09:03:19 - INFO - utils.common - 计算 f1 score ing...
12/21/2023 09:03:19 - INFO - utils.common - F1score = 0.640290370015024
12/21/2023 09:03:19 - INFO - utils.common - 计算 accuracy ing...
12/21/2023 09:03:19 - INFO - utils.common - acc = 0.6871
12/21/2023 09:03:19 - INFO - utils.common - 计算 precision ing...
12/21/2023 09:03:19 - INFO - utils.common - precision = 0.7471156415663415
12/21/2023 09:03:19 - INFO - utils.common - 计算 recall ing...
12/21/2023 09:03:19 - INFO - utils.common - result = {'f1score': 0.640290370015024, 'acc': 0.6871, 'precision': 0.7471156415663415, 'recall': 0.6570549902419326}
12/21/2023 09:03:19 - INFO - __main__ - Epoch:21, Val Accuracy:0.6871, f1:0.640290370015024

12/21/2023 09:03:19 - INFO - __main__ - lr:0.0001963663688163546
12/21/2023 09:03:19 - INFO - __main__ - ==========Epoch:22==========
Save best weights
12/21/2023 09:03:24 - INFO - utils.common - 计算 f1 score ing...
12/21/2023 09:03:24 - INFO - utils.common - F1score = 0.6237275498499191
12/21/2023 09:03:24 - INFO - utils.common - 计算 accuracy ing...
12/21/2023 09:03:24 - INFO - utils.common - acc = 0.6425
12/21/2023 09:03:24 - INFO - utils.common - 计算 precision ing...
12/21/2023 09:03:24 - INFO - utils.common - precision = 0.6601125152515517
12/21/2023 09:03:24 - INFO - utils.common - 计算 recall ing...
12/21/2023 09:03:24 - INFO - utils.common - result = {'f1score': 0.6237275498499191, 'acc': 0.6425, 'precision': 0.6601125152515517, 'recall': 0.6338085765201753}
12/21/2023 09:03:24 - INFO - __main__ - Epoch:22, Train Accuracy:0.6425, f1:0.6237275498499191

Epoch: [22][0/7]	
12/21/2023 09:03:43 - INFO - utils.common - 计算 f1 score ing...
12/21/2023 09:03:43 - INFO - utils.common - F1score = 0.6581323834715009
12/21/2023 09:03:43 - INFO - utils.common - 计算 accuracy ing...
12/21/2023 09:03:43 - INFO - utils.common - acc = 0.70175
12/21/2023 09:03:43 - INFO - utils.common - 计算 precision ing...
12/21/2023 09:03:43 - INFO - utils.common - precision = 0.7570292107802585
12/21/2023 09:03:43 - INFO - utils.common - 计算 recall ing...
12/21/2023 09:03:43 - INFO - utils.common - result = {'f1score': 0.6581323834715009, 'acc': 0.70175, 'precision': 0.7570292107802585, 'recall': 0.6721069532756758}
12/21/2023 09:03:43 - INFO - __main__ - Epoch:22, Val Accuracy:0.70175, f1:0.6581323834715009

12/21/2023 09:03:43 - INFO - __main__ - lr:0.0001036736311836454
12/21/2023 09:03:43 - INFO - __main__ - ==========Epoch:23==========
Save best weights
12/21/2023 09:03:49 - INFO - utils.common - 计算 f1 score ing...
12/21/2023 09:03:49 - INFO - utils.common - F1score = 0.6364520759349664
12/21/2023 09:03:49 - INFO - utils.common - 计算 accuracy ing...
12/21/2023 09:03:49 - INFO - utils.common - acc = 0.655
12/21/2023 09:03:49 - INFO - utils.common - 计算 precision ing...
12/21/2023 09:03:49 - INFO - utils.common - precision = 0.6725073024491164
12/21/2023 09:03:49 - INFO - utils.common - 计算 recall ing...
12/21/2023 09:03:49 - INFO - utils.common - result = {'f1score': 0.6364520759349664, 'acc': 0.655, 'precision': 0.6725073024491164, 'recall': 0.6450952408921391}
12/21/2023 09:03:49 - INFO - __main__ - Epoch:23, Train Accuracy:0.655, f1:0.6364520759349664

Epoch: [23][0/7]	
12/21/2023 09:04:08 - INFO - utils.common - 计算 f1 score ing...
12/21/2023 09:04:08 - INFO - utils.common - F1score = 0.6699282463932078
12/21/2023 09:04:08 - INFO - utils.common - 计算 accuracy ing...
12/21/2023 09:04:08 - INFO - utils.common - acc = 0.7122
12/21/2023 09:04:08 - INFO - utils.common - 计算 precision ing...
12/21/2023 09:04:08 - INFO - utils.common - precision = 0.7589067378634476
12/21/2023 09:04:08 - INFO - utils.common - 计算 recall ing...
12/21/2023 09:04:08 - INFO - utils.common - result = {'f1score': 0.6699282463932078, 'acc': 0.7122, 'precision': 0.7589067378634476, 'recall': 0.6830841148986235}
12/21/2023 09:04:08 - INFO - __main__ - Epoch:23, Val Accuracy:0.7122, f1:0.6699282463932078

12/21/2023 09:04:08 - INFO - __main__ - lr:2.8683631183645395e-05
12/21/2023 09:04:08 - INFO - __main__ - ==========Epoch:24==========
Save best weights
12/21/2023 09:04:15 - INFO - utils.common - 计算 f1 score ing...
12/21/2023 09:04:15 - INFO - utils.common - F1score = 0.6552682292808628
12/21/2023 09:04:15 - INFO - utils.common - 计算 accuracy ing...
12/21/2023 09:04:15 - INFO - utils.common - acc = 0.67375
12/21/2023 09:04:15 - INFO - utils.common - 计算 precision ing...
12/21/2023 09:04:15 - INFO - utils.common - precision = 0.6914382730726228
12/21/2023 09:04:15 - INFO - utils.common - 计算 recall ing...
12/21/2023 09:04:15 - INFO - utils.common - result = {'f1score': 0.6552682292808628, 'acc': 0.67375, 'precision': 0.6914382730726228, 'recall': 0.6622772517963081}
12/21/2023 09:04:15 - INFO - __main__ - Epoch:24, Train Accuracy:0.67375, f1:0.6552682292808628

Epoch: [24][0/7]	
12/21/2023 09:04:33 - INFO - utils.common - 计算 f1 score ing...
12/21/2023 09:04:34 - INFO - utils.common - F1score = 0.6679300626662006
12/21/2023 09:04:34 - INFO - utils.common - 计算 accuracy ing...
12/21/2023 09:04:34 - INFO - utils.common - acc = 0.7114
12/21/2023 09:04:34 - INFO - utils.common - 计算 precision ing...
12/21/2023 09:04:34 - INFO - utils.common - precision = 0.7620923605138702
12/21/2023 09:04:34 - INFO - utils.common - 计算 recall ing...
12/21/2023 09:04:34 - INFO - utils.common - result = {'f1score': 0.6679300626662006, 'acc': 0.7114, 'precision': 0.7620923605138702, 'recall': 0.682115009219693}
12/21/2023 09:04:34 - INFO - __main__ - Epoch:24, Val Accuracy:0.7114, f1:0.6679300626662006

12/21/2023 09:04:34 - INFO - __main__ - lr:0.0003
12/21/2023 09:04:34 - INFO - __main__ - ==========Epoch:25==========
early_st 4
12/21/2023 09:04:40 - INFO - utils.common - 计算 f1 score ing...
12/21/2023 09:04:40 - INFO - utils.common - F1score = 0.6545466977781891
12/21/2023 09:04:40 - INFO - utils.common - 计算 accuracy ing...
12/21/2023 09:04:40 - INFO - utils.common - acc = 0.675
12/21/2023 09:04:40 - INFO - utils.common - 计算 precision ing...
12/21/2023 09:04:40 - INFO - utils.common - precision = 0.6790927417642584
12/21/2023 09:04:40 - INFO - utils.common - 计算 recall ing...
12/21/2023 09:04:40 - INFO - utils.common - result = {'f1score': 0.6545466977781891, 'acc': 0.675, 'precision': 0.6790927417642584, 'recall': 0.661412561433185}
12/21/2023 09:04:40 - INFO - __main__ - Epoch:25, Train Accuracy:0.675, f1:0.6545466977781891

Epoch: [25][0/7]	
12/21/2023 09:04:59 - INFO - utils.common - 计算 f1 score ing...
12/21/2023 09:04:59 - INFO - utils.common - F1score = 0.6839419906417802
12/21/2023 09:04:59 - INFO - utils.common - 计算 accuracy ing...
12/21/2023 09:04:59 - INFO - utils.common - acc = 0.7223
12/21/2023 09:04:59 - INFO - utils.common - 计算 precision ing...
12/21/2023 09:04:59 - INFO - utils.common - precision = 0.7796603550524162
12/21/2023 09:04:59 - INFO - utils.common - 计算 recall ing...
12/21/2023 09:04:59 - INFO - utils.common - result = {'f1score': 0.6839419906417802, 'acc': 0.7223, 'precision': 0.7796603550524162, 'recall': 0.694664040905259}
12/21/2023 09:04:59 - INFO - __main__ - Epoch:25, Val Accuracy:0.7223, f1:0.6839419906417802

12/21/2023 09:04:59 - INFO - __main__ - lr:0.00027135636881635457
12/21/2023 09:04:59 - INFO - __main__ - ==========Epoch:26==========
Save best weights
12/21/2023 09:05:06 - INFO - utils.common - 计算 f1 score ing...
12/21/2023 09:05:06 - INFO - utils.common - F1score = 0.6328808443116489
12/21/2023 09:05:06 - INFO - utils.common - 计算 accuracy ing...
12/21/2023 09:05:06 - INFO - utils.common - acc = 0.64625
12/21/2023 09:05:06 - INFO - utils.common - 计算 precision ing...
12/21/2023 09:05:06 - INFO - utils.common - precision = 0.6544478215612238
12/21/2023 09:05:06 - INFO - utils.common - 计算 recall ing...
12/21/2023 09:05:06 - INFO - utils.common - result = {'f1score': 0.6328808443116489, 'acc': 0.64625, 'precision': 0.6544478215612238, 'recall': 0.6379398145855827}
12/21/2023 09:05:06 - INFO - __main__ - Epoch:26, Train Accuracy:0.64625, f1:0.6328808443116489

Epoch: [26][0/7]	
12/21/2023 09:05:24 - INFO - utils.common - 计算 f1 score ing...
12/21/2023 09:05:24 - INFO - utils.common - F1score = 0.6936330207612204
12/21/2023 09:05:24 - INFO - utils.common - 计算 accuracy ing...
12/21/2023 09:05:24 - INFO - utils.common - acc = 0.7274
12/21/2023 09:05:24 - INFO - utils.common - 计算 precision ing...
12/21/2023 09:05:24 - INFO - utils.common - precision = 0.7856283585478671
12/21/2023 09:05:24 - INFO - utils.common - 计算 recall ing...
12/21/2023 09:05:24 - INFO - utils.common - result = {'f1score': 0.6936330207612204, 'acc': 0.7274, 'precision': 0.7856283585478671, 'recall': 0.7005459218877296}
12/21/2023 09:05:24 - INFO - __main__ - Epoch:26, Val Accuracy:0.7274, f1:0.6936330207612204

12/21/2023 09:05:24 - INFO - __main__ - lr:0.0001963663688163546
12/21/2023 09:05:24 - INFO - __main__ - ==========Epoch:27==========
Save best weights
12/21/2023 09:05:31 - INFO - utils.common - 计算 f1 score ing...
12/21/2023 09:05:31 - INFO - utils.common - F1score = 0.6661168945817371
12/21/2023 09:05:31 - INFO - utils.common - 计算 accuracy ing...
12/21/2023 09:05:31 - INFO - utils.common - acc = 0.6775
12/21/2023 09:05:31 - INFO - utils.common - 计算 precision ing...
12/21/2023 09:05:31 - INFO - utils.common - precision = 0.6932938573344353
12/21/2023 09:05:31 - INFO - utils.common - 计算 recall ing...
12/21/2023 09:05:31 - INFO - utils.common - result = {'f1score': 0.6661168945817371, 'acc': 0.6775, 'precision': 0.6932938573344353, 'recall': 0.6675089038560412}
12/21/2023 09:05:31 - INFO - __main__ - Epoch:27, Train Accuracy:0.6775, f1:0.6661168945817371

Epoch: [27][0/7]	
12/21/2023 09:05:50 - INFO - utils.common - 计算 f1 score ing...
12/21/2023 09:05:50 - INFO - utils.common - F1score = 0.7092836087728287
12/21/2023 09:05:50 - INFO - utils.common - 计算 accuracy ing...
12/21/2023 09:05:50 - INFO - utils.common - acc = 0.74165
12/21/2023 09:05:50 - INFO - utils.common - 计算 precision ing...
12/21/2023 09:05:50 - INFO - utils.common - precision = 0.7985213323365482
12/21/2023 09:05:50 - INFO - utils.common - 计算 recall ing...
12/21/2023 09:05:50 - INFO - utils.common - result = {'f1score': 0.7092836087728287, 'acc': 0.74165, 'precision': 0.7985213323365482, 'recall': 0.7157059198207844}
12/21/2023 09:05:50 - INFO - __main__ - Epoch:27, Val Accuracy:0.74165, f1:0.7092836087728287

12/21/2023 09:05:50 - INFO - __main__ - lr:0.0001036736311836454
12/21/2023 09:05:50 - INFO - __main__ - ==========Epoch:28==========
Save best weights
12/21/2023 09:05:56 - INFO - utils.common - 计算 f1 score ing...
12/21/2023 09:05:56 - INFO - utils.common - F1score = 0.6865699566867411
12/21/2023 09:05:56 - INFO - utils.common - 计算 accuracy ing...
12/21/2023 09:05:56 - INFO - utils.common - acc = 0.69875
12/21/2023 09:05:56 - INFO - utils.common - 计算 precision ing...
12/21/2023 09:05:56 - INFO - utils.common - precision = 0.7062692768799256
12/21/2023 09:05:56 - INFO - utils.common - 计算 recall ing...
12/21/2023 09:05:56 - INFO - utils.common - result = {'f1score': 0.6865699566867411, 'acc': 0.69875, 'precision': 0.7062692768799256, 'recall': 0.6895657613443458}
12/21/2023 09:05:56 - INFO - __main__ - Epoch:28, Train Accuracy:0.69875, f1:0.6865699566867411

Epoch: [28][0/7]	
12/21/2023 09:06:14 - INFO - utils.common - 计算 f1 score ing...
12/21/2023 09:06:14 - INFO - utils.common - F1score = 0.712923251731908
12/21/2023 09:06:14 - INFO - utils.common - 计算 accuracy ing...
12/21/2023 09:06:14 - INFO - utils.common - acc = 0.744
12/21/2023 09:06:14 - INFO - utils.common - 计算 precision ing...
12/21/2023 09:06:14 - INFO - utils.common - precision = 0.7989920150169002
12/21/2023 09:06:14 - INFO - utils.common - 计算 recall ing...
12/21/2023 09:06:14 - INFO - utils.common - result = {'f1score': 0.712923251731908, 'acc': 0.744, 'precision': 0.7989920150169002, 'recall': 0.7185792505867925}
12/21/2023 09:06:14 - INFO - __main__ - Epoch:28, Val Accuracy:0.744, f1:0.712923251731908

12/21/2023 09:06:14 - INFO - __main__ - lr:2.8683631183645395e-05
12/21/2023 09:06:14 - INFO - __main__ - ==========Epoch:29==========
Save best weights
12/21/2023 09:06:21 - INFO - utils.common - 计算 f1 score ing...
12/21/2023 09:06:21 - INFO - utils.common - F1score = 0.694931380244891
12/21/2023 09:06:21 - INFO - utils.common - 计算 accuracy ing...
12/21/2023 09:06:21 - INFO - utils.common - acc = 0.7075
12/21/2023 09:06:21 - INFO - utils.common - 计算 precision ing...
12/21/2023 09:06:21 - INFO - utils.common - precision = 0.7203074112960516
12/21/2023 09:06:21 - INFO - utils.common - 计算 recall ing...
12/21/2023 09:06:21 - INFO - utils.common - result = {'f1score': 0.694931380244891, 'acc': 0.7075, 'precision': 0.7203074112960516, 'recall': 0.6960043303427234}
12/21/2023 09:06:21 - INFO - __main__ - Epoch:29, Train Accuracy:0.7075, f1:0.694931380244891

Epoch: [29][0/7]	
12/21/2023 09:06:40 - INFO - utils.common - 计算 f1 score ing...
12/21/2023 09:06:40 - INFO - utils.common - F1score = 0.7172086202676003
12/21/2023 09:06:40 - INFO - utils.common - 计算 accuracy ing...
12/21/2023 09:06:40 - INFO - utils.common - acc = 0.7478
12/21/2023 09:06:40 - INFO - utils.common - 计算 precision ing...
12/21/2023 09:06:40 - INFO - utils.common - precision = 0.8011497449343236
12/21/2023 09:06:40 - INFO - utils.common - 计算 recall ing...
12/21/2023 09:06:40 - INFO - utils.common - result = {'f1score': 0.7172086202676003, 'acc': 0.7478, 'precision': 0.8011497449343236, 'recall': 0.7230974075138019}
12/21/2023 09:06:40 - INFO - __main__ - Epoch:29, Val Accuracy:0.7478, f1:0.7172086202676003

12/21/2023 09:06:40 - INFO - __main__ - lr:0.0003
12/21/2023 09:06:40 - INFO - __main__ - ==========Epoch:30==========
Save best weights
12/21/2023 09:06:46 - INFO - utils.common - 计算 f1 score ing...
12/21/2023 09:06:46 - INFO - utils.common - F1score = 0.6597102259375631
12/21/2023 09:06:46 - INFO - utils.common - 计算 accuracy ing...
12/21/2023 09:06:46 - INFO - utils.common - acc = 0.67875
12/21/2023 09:06:46 - INFO - utils.common - 计算 precision ing...
12/21/2023 09:06:46 - INFO - utils.common - precision = 0.6845312827846146
12/21/2023 09:06:46 - INFO - utils.common - 计算 recall ing...
12/21/2023 09:06:46 - INFO - utils.common - result = {'f1score': 0.6597102259375631, 'acc': 0.67875, 'precision': 0.6845312827846146, 'recall': 0.6651285050641591}
12/21/2023 09:06:46 - INFO - __main__ - Epoch:30, Train Accuracy:0.67875, f1:0.6597102259375631

Epoch: [30][0/7]	
12/21/2023 09:07:05 - INFO - utils.common - 计算 f1 score ing...
12/21/2023 09:07:05 - INFO - utils.common - F1score = 0.7262736327241749
12/21/2023 09:07:05 - INFO - utils.common - 计算 accuracy ing...
12/21/2023 09:07:05 - INFO - utils.common - acc = 0.7542
12/21/2023 09:07:05 - INFO - utils.common - 计算 precision ing...
12/21/2023 09:07:05 - INFO - utils.common - precision = 0.8104750727309935
12/21/2023 09:07:05 - INFO - utils.common - 计算 recall ing...
12/21/2023 09:07:05 - INFO - utils.common - result = {'f1score': 0.7262736327241749, 'acc': 0.7542, 'precision': 0.8104750727309935, 'recall': 0.7296477413950034}
12/21/2023 09:07:05 - INFO - __main__ - Epoch:30, Val Accuracy:0.7542, f1:0.7262736327241749

12/21/2023 09:07:05 - INFO - __main__ - lr:0.00027135636881635457
12/21/2023 09:07:05 - INFO - __main__ - ==========Epoch:31==========
Save best weights
12/21/2023 09:07:11 - INFO - utils.common - 计算 f1 score ing...
12/21/2023 09:07:11 - INFO - utils.common - F1score = 0.6958210767988842
12/21/2023 09:07:11 - INFO - utils.common - 计算 accuracy ing...
12/21/2023 09:07:11 - INFO - utils.common - acc = 0.7075
12/21/2023 09:07:11 - INFO - utils.common - 计算 precision ing...
12/21/2023 09:07:11 - INFO - utils.common - precision = 0.720726980677615
12/21/2023 09:07:11 - INFO - utils.common - 计算 recall ing...
12/21/2023 09:07:11 - INFO - utils.common - result = {'f1score': 0.6958210767988842, 'acc': 0.7075, 'precision': 0.720726980677615, 'recall': 0.6995338991832969}
12/21/2023 09:07:11 - INFO - __main__ - Epoch:31, Train Accuracy:0.7075, f1:0.6958210767988842

Epoch: [31][0/7]	
12/21/2023 09:07:29 - INFO - utils.common - 计算 f1 score ing...
12/21/2023 09:07:30 - INFO - utils.common - F1score = 0.7442693384048908
12/21/2023 09:07:30 - INFO - utils.common - 计算 accuracy ing...
12/21/2023 09:07:30 - INFO - utils.common - acc = 0.76565
12/21/2023 09:07:30 - INFO - utils.common - 计算 precision ing...
12/21/2023 09:07:30 - INFO - utils.common - precision = 0.8171265892426505
12/21/2023 09:07:30 - INFO - utils.common - 计算 recall ing...
12/21/2023 09:07:30 - INFO - utils.common - result = {'f1score': 0.7442693384048908, 'acc': 0.76565, 'precision': 0.8171265892426505, 'recall': 0.7432346335815014}
12/21/2023 09:07:30 - INFO - __main__ - Epoch:31, Val Accuracy:0.76565, f1:0.7442693384048908

12/21/2023 09:07:30 - INFO - __main__ - lr:0.0001963663688163546
12/21/2023 09:07:30 - INFO - __main__ - ==========Epoch:32==========
Save best weights
12/21/2023 09:07:36 - INFO - utils.common - 计算 f1 score ing...
12/21/2023 09:07:36 - INFO - utils.common - F1score = 0.6959409258389208
12/21/2023 09:07:36 - INFO - utils.common - 计算 accuracy ing...
12/21/2023 09:07:36 - INFO - utils.common - acc = 0.7025
12/21/2023 09:07:36 - INFO - utils.common - 计算 precision ing...
12/21/2023 09:07:36 - INFO - utils.common - precision = 0.7145820098018634
12/21/2023 09:07:36 - INFO - utils.common - 计算 recall ing...
12/21/2023 09:07:36 - INFO - utils.common - result = {'f1score': 0.6959409258389208, 'acc': 0.7025, 'precision': 0.7145820098018634, 'recall': 0.697333449494809}
12/21/2023 09:07:36 - INFO - __main__ - Epoch:32, Train Accuracy:0.7025, f1:0.6959409258389208

Epoch: [32][0/7]	
12/21/2023 09:07:55 - INFO - utils.common - 计算 f1 score ing...
12/21/2023 09:07:55 - INFO - utils.common - F1score = 0.75693271981165
12/21/2023 09:07:55 - INFO - utils.common - 计算 accuracy ing...
12/21/2023 09:07:55 - INFO - utils.common - acc = 0.7781
12/21/2023 09:07:55 - INFO - utils.common - 计算 precision ing...
12/21/2023 09:07:55 - INFO - utils.common - precision = 0.8225029201067408
12/21/2023 09:07:55 - INFO - utils.common - 计算 recall ing...
12/21/2023 09:07:55 - INFO - utils.common - result = {'f1score': 0.75693271981165, 'acc': 0.7781, 'precision': 0.8225029201067408, 'recall': 0.7563104523376729}
12/21/2023 09:07:55 - INFO - __main__ - Epoch:32, Val Accuracy:0.7781, f1:0.75693271981165

12/21/2023 09:07:55 - INFO - __main__ - lr:0.0001036736311836454
12/21/2023 09:07:55 - INFO - __main__ - ==========Epoch:33==========
Save best weights
12/21/2023 09:08:00 - INFO - utils.common - 计算 f1 score ing...
12/21/2023 09:08:00 - INFO - utils.common - F1score = 0.6982716395192905
12/21/2023 09:08:00 - INFO - utils.common - 计算 accuracy ing...
12/21/2023 09:08:00 - INFO - utils.common - acc = 0.705
12/21/2023 09:08:00 - INFO - utils.common - 计算 precision ing...
12/21/2023 09:08:00 - INFO - utils.common - precision = 0.7136639665715688
12/21/2023 09:08:00 - INFO - utils.common - 计算 recall ing...
12/21/2023 09:08:00 - INFO - utils.common - result = {'f1score': 0.6982716395192905, 'acc': 0.705, 'precision': 0.7136639665715688, 'recall': 0.7002944868107382}
12/21/2023 09:08:00 - INFO - __main__ - Epoch:33, Train Accuracy:0.705, f1:0.6982716395192905

Epoch: [33][0/7]	
12/21/2023 09:08:19 - INFO - utils.common - 计算 f1 score ing...
12/21/2023 09:08:19 - INFO - utils.common - F1score = 0.7573292072651652
12/21/2023 09:08:19 - INFO - utils.common - 计算 accuracy ing...
12/21/2023 09:08:19 - INFO - utils.common - acc = 0.77755
12/21/2023 09:08:19 - INFO - utils.common - 计算 precision ing...
12/21/2023 09:08:19 - INFO - utils.common - precision = 0.8235146951179428
12/21/2023 09:08:19 - INFO - utils.common - 计算 recall ing...
12/21/2023 09:08:19 - INFO - utils.common - result = {'f1score': 0.7573292072651652, 'acc': 0.77755, 'precision': 0.8235146951179428, 'recall': 0.7558845842468299}
12/21/2023 09:08:19 - INFO - __main__ - Epoch:33, Val Accuracy:0.77755, f1:0.7573292072651652

12/21/2023 09:08:19 - INFO - __main__ - lr:2.8683631183645395e-05
12/21/2023 09:08:19 - INFO - __main__ - ==========Epoch:34==========
early_st 4
12/21/2023 09:08:25 - INFO - utils.common - 计算 f1 score ing...
12/21/2023 09:08:25 - INFO - utils.common - F1score = 0.6967625378551093
12/21/2023 09:08:25 - INFO - utils.common - 计算 accuracy ing...
12/21/2023 09:08:25 - INFO - utils.common - acc = 0.7075
12/21/2023 09:08:25 - INFO - utils.common - 计算 precision ing...
12/21/2023 09:08:25 - INFO - utils.common - precision = 0.712701668432504
12/21/2023 09:08:25 - INFO - utils.common - 计算 recall ing...
12/21/2023 09:08:25 - INFO - utils.common - result = {'f1score': 0.6967625378551093, 'acc': 0.7075, 'precision': 0.712701668432504, 'recall': 0.7005880010870937}
12/21/2023 09:08:25 - INFO - __main__ - Epoch:34, Train Accuracy:0.7075, f1:0.6967625378551093

Epoch: [34][0/7]	
12/21/2023 09:08:44 - INFO - utils.common - 计算 f1 score ing...
12/21/2023 09:08:45 - INFO - utils.common - F1score = 0.7612873000059164
12/21/2023 09:08:45 - INFO - utils.common - 计算 accuracy ing...
12/21/2023 09:08:45 - INFO - utils.common - acc = 0.78125
12/21/2023 09:08:45 - INFO - utils.common - 计算 precision ing...
12/21/2023 09:08:45 - INFO - utils.common - precision = 0.825816450096632
12/21/2023 09:08:45 - INFO - utils.common - 计算 recall ing...
12/21/2023 09:08:45 - INFO - utils.common - result = {'f1score': 0.7612873000059164, 'acc': 0.78125, 'precision': 0.825816450096632, 'recall': 0.7602219706175322}
12/21/2023 09:08:45 - INFO - __main__ - Epoch:34, Val Accuracy:0.78125, f1:0.7612873000059164

12/21/2023 09:08:45 - INFO - __main__ - lr:0.0003
12/21/2023 09:08:45 - INFO - __main__ - ==========Epoch:35==========
Save best weights
12/21/2023 09:08:51 - INFO - utils.common - 计算 f1 score ing...
12/21/2023 09:08:51 - INFO - utils.common - F1score = 0.7107994311181789
12/21/2023 09:08:51 - INFO - utils.common - 计算 accuracy ing...
12/21/2023 09:08:51 - INFO - utils.common - acc = 0.71875
12/21/2023 09:08:51 - INFO - utils.common - 计算 precision ing...
12/21/2023 09:08:51 - INFO - utils.common - precision = 0.7300944397991612
12/21/2023 09:08:51 - INFO - utils.common - 计算 recall ing...
12/21/2023 09:08:51 - INFO - utils.common - result = {'f1score': 0.7107994311181789, 'acc': 0.71875, 'precision': 0.7300944397991612, 'recall': 0.7114385705748517}
12/21/2023 09:08:51 - INFO - __main__ - Epoch:35, Train Accuracy:0.71875, f1:0.7107994311181789

Epoch: [35][0/7]	
12/21/2023 09:09:10 - INFO - utils.common - 计算 f1 score ing...
12/21/2023 09:09:10 - INFO - utils.common - F1score = 0.7716752600419956
12/21/2023 09:09:10 - INFO - utils.common - 计算 accuracy ing...
12/21/2023 09:09:10 - INFO - utils.common - acc = 0.79015
12/21/2023 09:09:10 - INFO - utils.common - 计算 precision ing...
12/21/2023 09:09:10 - INFO - utils.common - precision = 0.8336498659840946
12/21/2023 09:09:10 - INFO - utils.common - 计算 recall ing...
12/21/2023 09:09:10 - INFO - utils.common - result = {'f1score': 0.7716752600419956, 'acc': 0.79015, 'precision': 0.8336498659840946, 'recall': 0.7692130217321984}
12/21/2023 09:09:10 - INFO - __main__ - Epoch:35, Val Accuracy:0.79015, f1:0.7716752600419956

12/21/2023 09:09:10 - INFO - __main__ - lr:0.00027135636881635457
12/21/2023 09:09:10 - INFO - __main__ - ==========Epoch:36==========
Save best weights
12/21/2023 09:09:16 - INFO - utils.common - 计算 f1 score ing...
12/21/2023 09:09:16 - INFO - utils.common - F1score = 0.7071449482385503
12/21/2023 09:09:16 - INFO - utils.common - 计算 accuracy ing...
12/21/2023 09:09:16 - INFO - utils.common - acc = 0.7175
12/21/2023 09:09:16 - INFO - utils.common - 计算 precision ing...
12/21/2023 09:09:16 - INFO - utils.common - precision = 0.727295633172997
12/21/2023 09:09:16 - INFO - utils.common - 计算 recall ing...
12/21/2023 09:09:16 - INFO - utils.common - result = {'f1score': 0.7071449482385503, 'acc': 0.7175, 'precision': 0.727295633172997, 'recall': 0.7084681269098031}
12/21/2023 09:09:16 - INFO - __main__ - Epoch:36, Train Accuracy:0.7175, f1:0.7071449482385503

Epoch: [36][0/7]	
12/21/2023 09:09:35 - INFO - utils.common - 计算 f1 score ing...
12/21/2023 09:09:35 - INFO - utils.common - F1score = 0.778266614968155
12/21/2023 09:09:35 - INFO - utils.common - 计算 accuracy ing...
12/21/2023 09:09:35 - INFO - utils.common - acc = 0.79385
12/21/2023 09:09:35 - INFO - utils.common - 计算 precision ing...
12/21/2023 09:09:35 - INFO - utils.common - precision = 0.8373138163623722
12/21/2023 09:09:35 - INFO - utils.common - 计算 recall ing...
12/21/2023 09:09:35 - INFO - utils.common - result = {'f1score': 0.778266614968155, 'acc': 0.79385, 'precision': 0.8373138163623722, 'recall': 0.7731067774130426}
12/21/2023 09:09:35 - INFO - __main__ - Epoch:36, Val Accuracy:0.79385, f1:0.778266614968155

12/21/2023 09:09:35 - INFO - __main__ - lr:0.0001963663688163546
12/21/2023 09:09:35 - INFO - __main__ - ==========Epoch:37==========
Save best weights
12/21/2023 09:09:40 - INFO - utils.common - 计算 f1 score ing...
12/21/2023 09:09:40 - INFO - utils.common - F1score = 0.7231858815394685
12/21/2023 09:09:40 - INFO - utils.common - 计算 accuracy ing...
12/21/2023 09:09:40 - INFO - utils.common - acc = 0.72625
12/21/2023 09:09:40 - INFO - utils.common - 计算 precision ing...
12/21/2023 09:09:40 - INFO - utils.common - precision = 0.7400105122046384
12/21/2023 09:09:40 - INFO - utils.common - 计算 recall ing...
12/21/2023 09:09:40 - INFO - utils.common - result = {'f1score': 0.7231858815394685, 'acc': 0.72625, 'precision': 0.7400105122046384, 'recall': 0.7235482600645115}
12/21/2023 09:09:40 - INFO - __main__ - Epoch:37, Train Accuracy:0.72625, f1:0.7231858815394685

Epoch: [37][0/7]	
12/21/2023 09:09:59 - INFO - utils.common - 计算 f1 score ing...
12/21/2023 09:09:59 - INFO - utils.common - F1score = 0.7916188616682442
12/21/2023 09:09:59 - INFO - utils.common - 计算 accuracy ing...
12/21/2023 09:09:59 - INFO - utils.common - acc = 0.8051
12/21/2023 09:09:59 - INFO - utils.common - 计算 precision ing...
12/21/2023 09:09:59 - INFO - utils.common - precision = 0.8407581941806839
12/21/2023 09:09:59 - INFO - utils.common - 计算 recall ing...
12/21/2023 09:09:59 - INFO - utils.common - result = {'f1score': 0.7916188616682442, 'acc': 0.8051, 'precision': 0.8407581941806839, 'recall': 0.7861423310313603}
12/21/2023 09:09:59 - INFO - __main__ - Epoch:37, Val Accuracy:0.8051, f1:0.7916188616682442

12/21/2023 09:09:59 - INFO - __main__ - lr:0.0001036736311836454
12/21/2023 09:09:59 - INFO - __main__ - ==========Epoch:38==========
Save best weights
12/21/2023 09:10:06 - INFO - utils.common - 计算 f1 score ing...
12/21/2023 09:10:06 - INFO - utils.common - F1score = 0.7307954668201667
12/21/2023 09:10:06 - INFO - utils.common - 计算 accuracy ing...
12/21/2023 09:10:06 - INFO - utils.common - acc = 0.73875
12/21/2023 09:10:06 - INFO - utils.common - 计算 precision ing...
12/21/2023 09:10:06 - INFO - utils.common - precision = 0.742922388126255
12/21/2023 09:10:06 - INFO - utils.common - 计算 recall ing...
12/21/2023 09:10:06 - INFO - utils.common - result = {'f1score': 0.7307954668201667, 'acc': 0.73875, 'precision': 0.742922388126255, 'recall': 0.7312521596220656}
12/21/2023 09:10:06 - INFO - __main__ - Epoch:38, Train Accuracy:0.73875, f1:0.7307954668201667

Epoch: [38][0/7]	
12/21/2023 09:10:18 - INFO - utils.common - 计算 f1 score ing...
12/21/2023 09:10:18 - INFO - utils.common - F1score = 0.7929128303412925
12/21/2023 09:10:18 - INFO - utils.common - 计算 accuracy ing...
12/21/2023 09:10:18 - INFO - utils.common - acc = 0.8062
12/21/2023 09:10:18 - INFO - utils.common - 计算 precision ing...
12/21/2023 09:10:18 - INFO - utils.common - precision = 0.8416446248562646
12/21/2023 09:10:18 - INFO - utils.common - 计算 recall ing...
12/21/2023 09:10:18 - INFO - utils.common - result = {'f1score': 0.7929128303412925, 'acc': 0.8062, 'precision': 0.8416446248562646, 'recall': 0.7877227442990216}
12/21/2023 09:10:18 - INFO - __main__ - Epoch:38, Val Accuracy:0.8062, f1:0.7929128303412925

12/21/2023 09:10:18 - INFO - __main__ - lr:2.8683631183645395e-05
12/21/2023 09:10:18 - INFO - __main__ - ==========Epoch:39==========
Save best weights
12/21/2023 09:10:23 - INFO - utils.common - 计算 f1 score ing...
12/21/2023 09:10:23 - INFO - utils.common - F1score = 0.717795959338171
12/21/2023 09:10:23 - INFO - utils.common - 计算 accuracy ing...
12/21/2023 09:10:23 - INFO - utils.common - acc = 0.7225
12/21/2023 09:10:23 - INFO - utils.common - 计算 precision ing...
12/21/2023 09:10:23 - INFO - utils.common - precision = 0.7351672572887522
12/21/2023 09:10:23 - INFO - utils.common - 计算 recall ing...
12/21/2023 09:10:23 - INFO - utils.common - result = {'f1score': 0.717795959338171, 'acc': 0.7225, 'precision': 0.7351672572887522, 'recall': 0.7174035581187866}
12/21/2023 09:10:23 - INFO - __main__ - Epoch:39, Train Accuracy:0.7225, f1:0.717795959338171

Epoch: [39][0/7]	
12/21/2023 09:10:35 - INFO - utils.common - 计算 f1 score ing...
12/21/2023 09:10:35 - INFO - utils.common - F1score = 0.7937927949880249
12/21/2023 09:10:35 - INFO - utils.common - 计算 accuracy ing...
12/21/2023 09:10:35 - INFO - utils.common - acc = 0.8069
12/21/2023 09:10:35 - INFO - utils.common - 计算 precision ing...
12/21/2023 09:10:35 - INFO - utils.common - precision = 0.8415256230694775
12/21/2023 09:10:35 - INFO - utils.common - 计算 recall ing...
12/21/2023 09:10:35 - INFO - utils.common - result = {'f1score': 0.7937927949880249, 'acc': 0.8069, 'precision': 0.8415256230694775, 'recall': 0.7885074951689303}
12/21/2023 09:10:35 - INFO - __main__ - Epoch:39, Val Accuracy:0.8069, f1:0.7937927949880249

12/21/2023 09:10:35 - INFO - __main__ - lr:0.0003
Save best weights
Test
12/21/2023 09:10:41 - INFO - utils.common - 计算 f1 score ing...
12/21/2023 09:10:41 - INFO - utils.common - F1score = 0.73667117747612
12/21/2023 09:10:41 - INFO - utils.common - 计算 accuracy ing...
12/21/2023 09:10:41 - INFO - utils.common - acc = 0.7976323119777159
12/21/2023 09:10:41 - INFO - utils.common - 计算 precision ing...
12/21/2023 09:10:41 - INFO - utils.common - precision = 0.8101342976327968
12/21/2023 09:10:41 - INFO - utils.common - 计算 recall ing...
12/21/2023 09:10:41 - INFO - utils.common - result = {'f1score': 0.73667117747612, 'acc': 0.7976323119777159, 'precision': 0.8101342976327968, 'recall': 0.7333159347130461}
12/21/2023 09:10:41 - INFO - __main__ - test_f1:0.73667117747612, test_acc:0.7976323119777159, test_precision:0.8101342976327968, test_recall:0.7333159347130461
12/21/2023 09:10:41 - INFO - __main__ - Finish fine-turning...
