nohup: ignoring input
12/21/2023 14:13:33 - INFO - __main__ - 设置 seed 为:  4
12/21/2023 14:13:33 - INFO - __main__ - Start fine-turning...
12/21/2023 14:13:40 - INFO - __main__ - ==========Epoch:0==========
=> no checkpoint found at '
12/21/2023 14:15:50 - INFO - utils.common - 计算 f1 score ing...
12/21/2023 14:15:50 - INFO - utils.common - F1score = 0.28970316544941127
12/21/2023 14:15:50 - INFO - utils.common - 计算 accuracy ing...
12/21/2023 14:15:50 - INFO - utils.common - acc = 0.36445
12/21/2023 14:15:50 - INFO - utils.common - 计算 precision ing...
12/21/2023 14:15:50 - INFO - utils.common - precision = 0.3235022721208311
12/21/2023 14:15:50 - INFO - utils.common - 计算 recall ing...
12/21/2023 14:15:51 - INFO - utils.common - result = {'f1score': 0.28970316544941127, 'acc': 0.36445, 'precision': 0.3235022721208311, 'recall': 0.3462797847391148}
12/21/2023 14:15:51 - INFO - __main__ - Epoch:0, Train Accuracy:0.36445, f1:0.28970316544941127

Epoch: [0][0/313]	
Epoch: [0][100/313]	
Epoch: [0][200/313]	
Epoch: [0][300/313]	
12/21/2023 14:16:09 - INFO - utils.common - 计算 f1 score ing...
12/21/2023 14:16:09 - INFO - utils.common - F1score = 0.3774257052012021
12/21/2023 14:16:09 - INFO - utils.common - 计算 accuracy ing...
12/21/2023 14:16:09 - INFO - utils.common - acc = 0.4469
12/21/2023 14:16:09 - INFO - utils.common - 计算 precision ing...
12/21/2023 14:16:09 - INFO - utils.common - precision = 0.5016040011747545
12/21/2023 14:16:09 - INFO - utils.common - 计算 recall ing...
12/21/2023 14:16:09 - INFO - utils.common - result = {'f1score': 0.3774257052012021, 'acc': 0.4469, 'precision': 0.5016040011747545, 'recall': 0.4260229129434949}
12/21/2023 14:16:09 - INFO - __main__ - Epoch:0, Val Accuracy:0.4469, f1:0.3774257052012021

12/21/2023 14:16:09 - INFO - __main__ - lr:0.00027135636881635457
12/21/2023 14:16:09 - INFO - __main__ - ==========Epoch:1==========
Save best weights
12/21/2023 14:18:20 - INFO - utils.common - 计算 f1 score ing...
12/21/2023 14:18:20 - INFO - utils.common - F1score = 0.4264685955852108
12/21/2023 14:18:20 - INFO - utils.common - 计算 accuracy ing...
12/21/2023 14:18:20 - INFO - utils.common - acc = 0.4825
12/21/2023 14:18:20 - INFO - utils.common - 计算 precision ing...
12/21/2023 14:18:20 - INFO - utils.common - precision = 0.4593520129115735
12/21/2023 14:18:20 - INFO - utils.common - 计算 recall ing...
12/21/2023 14:18:20 - INFO - utils.common - result = {'f1score': 0.4264685955852108, 'acc': 0.4825, 'precision': 0.4593520129115735, 'recall': 0.4657175226918353}
12/21/2023 14:18:20 - INFO - __main__ - Epoch:1, Train Accuracy:0.4825, f1:0.4264685955852108

Epoch: [1][0/313]	
Epoch: [1][100/313]	
Epoch: [1][200/313]	
Epoch: [1][300/313]	
12/21/2023 14:18:38 - INFO - utils.common - 计算 f1 score ing...
12/21/2023 14:18:38 - INFO - utils.common - F1score = 0.46330625764295963
12/21/2023 14:18:38 - INFO - utils.common - 计算 accuracy ing...
12/21/2023 14:18:38 - INFO - utils.common - acc = 0.51275
12/21/2023 14:18:38 - INFO - utils.common - 计算 precision ing...
12/21/2023 14:18:38 - INFO - utils.common - precision = 0.5756635286550024
12/21/2023 14:18:38 - INFO - utils.common - 计算 recall ing...
12/21/2023 14:18:38 - INFO - utils.common - result = {'f1score': 0.46330625764295963, 'acc': 0.51275, 'precision': 0.5756635286550024, 'recall': 0.4984477205733374}
12/21/2023 14:18:38 - INFO - __main__ - Epoch:1, Val Accuracy:0.51275, f1:0.46330625764295963

12/21/2023 14:18:38 - INFO - __main__ - lr:0.0001963663688163546
12/21/2023 14:18:38 - INFO - __main__ - ==========Epoch:2==========
Save best weights
12/21/2023 14:20:48 - INFO - utils.common - 计算 f1 score ing...
12/21/2023 14:20:48 - INFO - utils.common - F1score = 0.4817418599544788
12/21/2023 14:20:48 - INFO - utils.common - 计算 accuracy ing...
12/21/2023 14:20:48 - INFO - utils.common - acc = 0.525125
12/21/2023 14:20:48 - INFO - utils.common - 计算 precision ing...
12/21/2023 14:20:48 - INFO - utils.common - precision = 0.506895376607153
12/21/2023 14:20:48 - INFO - utils.common - 计算 recall ing...
12/21/2023 14:20:48 - INFO - utils.common - result = {'f1score': 0.4817418599544788, 'acc': 0.525125, 'precision': 0.506895376607153, 'recall': 0.5113695479942356}
12/21/2023 14:20:48 - INFO - __main__ - Epoch:2, Train Accuracy:0.525125, f1:0.4817418599544788

Epoch: [2][0/313]	
Epoch: [2][100/313]	
Epoch: [2][200/313]	
Epoch: [2][300/313]	
12/21/2023 14:21:08 - INFO - utils.common - 计算 f1 score ing...
12/21/2023 14:21:08 - INFO - utils.common - F1score = 0.5167260070118217
12/21/2023 14:21:08 - INFO - utils.common - 计算 accuracy ing...
12/21/2023 14:21:08 - INFO - utils.common - acc = 0.5654
12/21/2023 14:21:08 - INFO - utils.common - 计算 precision ing...
12/21/2023 14:21:08 - INFO - utils.common - precision = 0.5712574107231907
12/21/2023 14:21:08 - INFO - utils.common - 计算 recall ing...
12/21/2023 14:21:08 - INFO - utils.common - result = {'f1score': 0.5167260070118217, 'acc': 0.5654, 'precision': 0.5712574107231907, 'recall': 0.5476515451046522}
12/21/2023 14:21:08 - INFO - __main__ - Epoch:2, Val Accuracy:0.5654, f1:0.5167260070118217

12/21/2023 14:21:08 - INFO - __main__ - lr:0.0001036736311836454
12/21/2023 14:21:08 - INFO - __main__ - ==========Epoch:3==========
Save best weights
12/21/2023 14:23:17 - INFO - utils.common - 计算 f1 score ing...
12/21/2023 14:23:17 - INFO - utils.common - F1score = 0.507719227630699
12/21/2023 14:23:17 - INFO - utils.common - 计算 accuracy ing...
12/21/2023 14:23:18 - INFO - utils.common - acc = 0.54505
12/21/2023 14:23:18 - INFO - utils.common - 计算 precision ing...
12/21/2023 14:23:18 - INFO - utils.common - precision = 0.5282456463256201
12/21/2023 14:23:18 - INFO - utils.common - 计算 recall ing...
12/21/2023 14:23:18 - INFO - utils.common - result = {'f1score': 0.507719227630699, 'acc': 0.54505, 'precision': 0.5282456463256201, 'recall': 0.533174393442954}
12/21/2023 14:23:18 - INFO - __main__ - Epoch:3, Train Accuracy:0.54505, f1:0.507719227630699

Epoch: [3][0/313]	
Epoch: [3][100/313]	
Epoch: [3][200/313]	
Epoch: [3][300/313]	
12/21/2023 14:23:37 - INFO - utils.common - 计算 f1 score ing...
12/21/2023 14:23:37 - INFO - utils.common - F1score = 0.5602237149930508
12/21/2023 14:23:37 - INFO - utils.common - 计算 accuracy ing...
12/21/2023 14:23:37 - INFO - utils.common - acc = 0.5934
12/21/2023 14:23:37 - INFO - utils.common - 计算 precision ing...
12/21/2023 14:23:37 - INFO - utils.common - precision = 0.6037806387400413
12/21/2023 14:23:37 - INFO - utils.common - 计算 recall ing...
12/21/2023 14:23:37 - INFO - utils.common - result = {'f1score': 0.5602237149930508, 'acc': 0.5934, 'precision': 0.6037806387400413, 'recall': 0.5787505251857323}
12/21/2023 14:23:37 - INFO - __main__ - Epoch:3, Val Accuracy:0.5934, f1:0.5602237149930508

12/21/2023 14:23:37 - INFO - __main__ - lr:2.8683631183645395e-05
12/21/2023 14:23:37 - INFO - __main__ - ==========Epoch:4==========
Save best weights
12/21/2023 14:25:45 - INFO - utils.common - 计算 f1 score ing...
12/21/2023 14:25:45 - INFO - utils.common - F1score = 0.5179322638501743
12/21/2023 14:25:45 - INFO - utils.common - 计算 accuracy ing...
12/21/2023 14:25:45 - INFO - utils.common - acc = 0.5558
12/21/2023 14:25:45 - INFO - utils.common - 计算 precision ing...
12/21/2023 14:25:45 - INFO - utils.common - precision = 0.5402851433578021
12/21/2023 14:25:45 - INFO - utils.common - 计算 recall ing...
12/21/2023 14:25:45 - INFO - utils.common - result = {'f1score': 0.5179322638501743, 'acc': 0.5558, 'precision': 0.5402851433578021, 'recall': 0.5434636798629379}
12/21/2023 14:25:45 - INFO - __main__ - Epoch:4, Train Accuracy:0.5558, f1:0.5179322638501743

Epoch: [4][0/313]	
Epoch: [4][100/313]	
Epoch: [4][200/313]	
Epoch: [4][300/313]	
12/21/2023 14:26:04 - INFO - utils.common - 计算 f1 score ing...
12/21/2023 14:26:04 - INFO - utils.common - F1score = 0.6017482277379236
12/21/2023 14:26:04 - INFO - utils.common - 计算 accuracy ing...
12/21/2023 14:26:05 - INFO - utils.common - acc = 0.62825
12/21/2023 14:26:05 - INFO - utils.common - 计算 precision ing...
12/21/2023 14:26:05 - INFO - utils.common - precision = 0.6479223593877693
12/21/2023 14:26:05 - INFO - utils.common - 计算 recall ing...
12/21/2023 14:26:05 - INFO - utils.common - result = {'f1score': 0.6017482277379236, 'acc': 0.62825, 'precision': 0.6479223593877693, 'recall': 0.6159496470718975}
12/21/2023 14:26:05 - INFO - __main__ - Epoch:4, Val Accuracy:0.62825, f1:0.6017482277379236

12/21/2023 14:26:05 - INFO - __main__ - lr:0.0003
12/21/2023 14:26:05 - INFO - __main__ - ==========Epoch:5==========
Save best weights
12/21/2023 14:28:14 - INFO - utils.common - 计算 f1 score ing...
12/21/2023 14:28:14 - INFO - utils.common - F1score = 0.5296856156046322
12/21/2023 14:28:14 - INFO - utils.common - 计算 accuracy ing...
12/21/2023 14:28:14 - INFO - utils.common - acc = 0.561475
12/21/2023 14:28:14 - INFO - utils.common - 计算 precision ing...
12/21/2023 14:28:14 - INFO - utils.common - precision = 0.5468605778951852
12/21/2023 14:28:14 - INFO - utils.common - 计算 recall ing...
12/21/2023 14:28:14 - INFO - utils.common - result = {'f1score': 0.5296856156046322, 'acc': 0.561475, 'precision': 0.5468605778951852, 'recall': 0.5507175074350203}
12/21/2023 14:28:14 - INFO - __main__ - Epoch:5, Train Accuracy:0.561475, f1:0.5296856156046322

Epoch: [5][0/313]	
Epoch: [5][100/313]	
Epoch: [5][200/313]	
Epoch: [5][300/313]	
12/21/2023 14:28:34 - INFO - utils.common - 计算 f1 score ing...
12/21/2023 14:28:34 - INFO - utils.common - F1score = 0.5451924146721393
12/21/2023 14:28:34 - INFO - utils.common - 计算 accuracy ing...
12/21/2023 14:28:34 - INFO - utils.common - acc = 0.56135
12/21/2023 14:28:34 - INFO - utils.common - 计算 precision ing...
12/21/2023 14:28:34 - INFO - utils.common - precision = 0.6101009397476053
12/21/2023 14:28:34 - INFO - utils.common - 计算 recall ing...
12/21/2023 14:28:34 - INFO - utils.common - result = {'f1score': 0.5451924146721393, 'acc': 0.56135, 'precision': 0.6101009397476053, 'recall': 0.5574565385726998}
12/21/2023 14:28:34 - INFO - __main__ - Epoch:5, Val Accuracy:0.56135, f1:0.5451924146721393

12/21/2023 14:28:34 - INFO - __main__ - lr:0.00027135636881635457
12/21/2023 14:28:34 - INFO - __main__ - ==========Epoch:6==========
early_st 4
12/21/2023 14:29:40 - INFO - utils.common - 计算 f1 score ing...
12/21/2023 14:29:40 - INFO - utils.common - F1score = 0.566875219786199
12/21/2023 14:29:40 - INFO - utils.common - 计算 accuracy ing...
12/21/2023 14:29:40 - INFO - utils.common - acc = 0.58915
12/21/2023 14:29:40 - INFO - utils.common - 计算 precision ing...
12/21/2023 14:29:41 - INFO - utils.common - precision = 0.578330854908337
12/21/2023 14:29:41 - INFO - utils.common - 计算 recall ing...
12/21/2023 14:29:41 - INFO - utils.common - result = {'f1score': 0.566875219786199, 'acc': 0.58915, 'precision': 0.578330854908337, 'recall': 0.5804059324280958}
12/21/2023 14:29:41 - INFO - __main__ - Epoch:6, Train Accuracy:0.58915, f1:0.566875219786199

Epoch: [6][0/313]	
Epoch: [6][100/313]	
Epoch: [6][200/313]	
Epoch: [6][300/313]	
12/21/2023 14:29:52 - INFO - utils.common - 计算 f1 score ing...
12/21/2023 14:29:52 - INFO - utils.common - F1score = 0.4659367439227069
12/21/2023 14:29:52 - INFO - utils.common - 计算 accuracy ing...
12/21/2023 14:29:52 - INFO - utils.common - acc = 0.50905
12/21/2023 14:29:52 - INFO - utils.common - 计算 precision ing...
12/21/2023 14:29:52 - INFO - utils.common - precision = 0.540915011250159
12/21/2023 14:29:52 - INFO - utils.common - 计算 recall ing...
12/21/2023 14:29:52 - INFO - utils.common - result = {'f1score': 0.4659367439227069, 'acc': 0.50905, 'precision': 0.540915011250159, 'recall': 0.49120085768190136}
12/21/2023 14:29:52 - INFO - __main__ - Epoch:6, Val Accuracy:0.50905, f1:0.4659367439227069

12/21/2023 14:29:52 - INFO - __main__ - lr:0.0001963663688163546
12/21/2023 14:29:52 - INFO - __main__ - ==========Epoch:7==========
early_st 3
12/21/2023 14:30:57 - INFO - utils.common - 计算 f1 score ing...
12/21/2023 14:30:58 - INFO - utils.common - F1score = 0.6031584424346532
12/21/2023 14:30:58 - INFO - utils.common - 计算 accuracy ing...
12/21/2023 14:30:58 - INFO - utils.common - acc = 0.619925
12/21/2023 14:30:58 - INFO - utils.common - 计算 precision ing...
12/21/2023 14:30:58 - INFO - utils.common - precision = 0.6127030388578638
12/21/2023 14:30:58 - INFO - utils.common - 计算 recall ing...
12/21/2023 14:30:58 - INFO - utils.common - result = {'f1score': 0.6031584424346532, 'acc': 0.619925, 'precision': 0.6127030388578638, 'recall': 0.611805714283327}
12/21/2023 14:30:58 - INFO - __main__ - Epoch:7, Train Accuracy:0.619925, f1:0.6031584424346532

Epoch: [7][0/313]	
Epoch: [7][100/313]	
Epoch: [7][200/313]	
Epoch: [7][300/313]	
12/21/2023 14:31:09 - INFO - utils.common - 计算 f1 score ing...
12/21/2023 14:31:09 - INFO - utils.common - F1score = 0.6393797718381946
12/21/2023 14:31:09 - INFO - utils.common - 计算 accuracy ing...
12/21/2023 14:31:09 - INFO - utils.common - acc = 0.66435
12/21/2023 14:31:09 - INFO - utils.common - 计算 precision ing...
12/21/2023 14:31:09 - INFO - utils.common - precision = 0.7025799793060055
12/21/2023 14:31:09 - INFO - utils.common - 计算 recall ing...
12/21/2023 14:31:10 - INFO - utils.common - result = {'f1score': 0.6393797718381946, 'acc': 0.66435, 'precision': 0.7025799793060055, 'recall': 0.654704685991558}
12/21/2023 14:31:10 - INFO - __main__ - Epoch:7, Val Accuracy:0.66435, f1:0.6393797718381946

12/21/2023 14:31:10 - INFO - __main__ - lr:0.0001036736311836454
12/21/2023 14:31:10 - INFO - __main__ - ==========Epoch:8==========
Save best weights
12/21/2023 14:32:15 - INFO - utils.common - 计算 f1 score ing...
12/21/2023 14:32:16 - INFO - utils.common - F1score = 0.6256972615216815
12/21/2023 14:32:16 - INFO - utils.common - 计算 accuracy ing...
12/21/2023 14:32:16 - INFO - utils.common - acc = 0.639375
12/21/2023 14:32:16 - INFO - utils.common - 计算 precision ing...
12/21/2023 14:32:16 - INFO - utils.common - precision = 0.6341883119198938
12/21/2023 14:32:16 - INFO - utils.common - 计算 recall ing...
12/21/2023 14:32:16 - INFO - utils.common - result = {'f1score': 0.6256972615216815, 'acc': 0.639375, 'precision': 0.6341883119198938, 'recall': 0.631873498755575}
12/21/2023 14:32:16 - INFO - __main__ - Epoch:8, Train Accuracy:0.639375, f1:0.6256972615216815

Epoch: [8][0/313]	
Epoch: [8][100/313]	
Epoch: [8][200/313]	
Epoch: [8][300/313]	
12/21/2023 14:32:28 - INFO - utils.common - 计算 f1 score ing...
12/21/2023 14:32:28 - INFO - utils.common - F1score = 0.6755029333464191
12/21/2023 14:32:28 - INFO - utils.common - 计算 accuracy ing...
12/21/2023 14:32:28 - INFO - utils.common - acc = 0.69795
12/21/2023 14:32:28 - INFO - utils.common - 计算 precision ing...
12/21/2023 14:32:28 - INFO - utils.common - precision = 0.7186097530287765
12/21/2023 14:32:28 - INFO - utils.common - 计算 recall ing...
12/21/2023 14:32:28 - INFO - utils.common - result = {'f1score': 0.6755029333464191, 'acc': 0.69795, 'precision': 0.7186097530287765, 'recall': 0.686499663508153}
12/21/2023 14:32:28 - INFO - __main__ - Epoch:8, Val Accuracy:0.69795, f1:0.6755029333464191

12/21/2023 14:32:28 - INFO - __main__ - lr:2.8683631183645395e-05
12/21/2023 14:32:28 - INFO - __main__ - ==========Epoch:9==========
Save best weights
12/21/2023 14:33:33 - INFO - utils.common - 计算 f1 score ing...
12/21/2023 14:33:33 - INFO - utils.common - F1score = 0.6363112303865074
12/21/2023 14:33:33 - INFO - utils.common - 计算 accuracy ing...
12/21/2023 14:33:33 - INFO - utils.common - acc = 0.650225
12/21/2023 14:33:33 - INFO - utils.common - 计算 precision ing...
12/21/2023 14:33:34 - INFO - utils.common - precision = 0.6452931282758289
12/21/2023 14:33:34 - INFO - utils.common - 计算 recall ing...
12/21/2023 14:33:34 - INFO - utils.common - result = {'f1score': 0.6363112303865074, 'acc': 0.650225, 'precision': 0.6452931282758289, 'recall': 0.641644944410592}
12/21/2023 14:33:34 - INFO - __main__ - Epoch:9, Train Accuracy:0.650225, f1:0.6363112303865074

Epoch: [9][0/313]	
Epoch: [9][100/313]	
Epoch: [9][200/313]	
Epoch: [9][300/313]	
12/21/2023 14:33:46 - INFO - utils.common - 计算 f1 score ing...
12/21/2023 14:33:46 - INFO - utils.common - F1score = 0.6402410352930854
12/21/2023 14:33:46 - INFO - utils.common - 计算 accuracy ing...
12/21/2023 14:33:46 - INFO - utils.common - acc = 0.66325
12/21/2023 14:33:46 - INFO - utils.common - 计算 precision ing...
12/21/2023 14:33:46 - INFO - utils.common - precision = 0.7106456703651519
12/21/2023 14:33:46 - INFO - utils.common - 计算 recall ing...
12/21/2023 14:33:46 - INFO - utils.common - result = {'f1score': 0.6402410352930854, 'acc': 0.66325, 'precision': 0.7106456703651519, 'recall': 0.6588122609872605}
12/21/2023 14:33:46 - INFO - __main__ - Epoch:9, Val Accuracy:0.66325, f1:0.6402410352930854

12/21/2023 14:33:46 - INFO - __main__ - lr:0.0003
early_st 4
Test
12/21/2023 14:33:52 - INFO - utils.common - 计算 f1 score ing...
12/21/2023 14:33:52 - INFO - utils.common - F1score = 0.6594037259751031
12/21/2023 14:33:52 - INFO - utils.common - 计算 accuracy ing...
12/21/2023 14:33:52 - INFO - utils.common - acc = 0.75
12/21/2023 14:33:52 - INFO - utils.common - 计算 precision ing...
12/21/2023 14:33:52 - INFO - utils.common - precision = 0.7611329897118766
12/21/2023 14:33:52 - INFO - utils.common - 计算 recall ing...
12/21/2023 14:33:52 - INFO - utils.common - result = {'f1score': 0.6594037259751031, 'acc': 0.75, 'precision': 0.7611329897118766, 'recall': 0.6993849790571223}
12/21/2023 14:33:52 - INFO - __main__ - test_f1:0.6594037259751031, test_acc:0.75, test_precision:0.7611329897118766, test_recall:0.6993849790571223
12/21/2023 14:33:52 - INFO - __main__ - Finish fine-turning...
