nohup: ignoring input
12/21/2023 13:55:58 - INFO - __main__ - 设置 seed 为:  1
12/21/2023 13:55:58 - INFO - __main__ - Start fine-turning...
12/21/2023 13:56:04 - INFO - __main__ - ==========Epoch:0==========
=> no checkpoint found at '
12/21/2023 13:57:50 - INFO - utils.common - 计算 f1 score ing...
12/21/2023 13:57:50 - INFO - utils.common - F1score = 0.29487195272332234
12/21/2023 13:57:50 - INFO - utils.common - 计算 accuracy ing...
12/21/2023 13:57:51 - INFO - utils.common - acc = 0.360625
12/21/2023 13:57:51 - INFO - utils.common - 计算 precision ing...
12/21/2023 13:57:51 - INFO - utils.common - precision = 0.31870830814233586
12/21/2023 13:57:51 - INFO - utils.common - 计算 recall ing...
12/21/2023 13:57:51 - INFO - utils.common - result = {'f1score': 0.29487195272332234, 'acc': 0.360625, 'precision': 0.31870830814233586, 'recall': 0.3469598927549986}
12/21/2023 13:57:51 - INFO - __main__ - Epoch:0, Train Accuracy:0.360625, f1:0.29487195272332234

Epoch: [0][0/313]	
Epoch: [0][100/313]	
Epoch: [0][200/313]	
Epoch: [0][300/313]	
12/21/2023 13:58:10 - INFO - utils.common - 计算 f1 score ing...
12/21/2023 13:58:10 - INFO - utils.common - F1score = 0.4273288508737203
12/21/2023 13:58:10 - INFO - utils.common - 计算 accuracy ing...
12/21/2023 13:58:10 - INFO - utils.common - acc = 0.4804
12/21/2023 13:58:10 - INFO - utils.common - 计算 precision ing...
12/21/2023 13:58:10 - INFO - utils.common - precision = 0.4680195111518077
12/21/2023 13:58:10 - INFO - utils.common - 计算 recall ing...
12/21/2023 13:58:10 - INFO - utils.common - result = {'f1score': 0.4273288508737203, 'acc': 0.4804, 'precision': 0.4680195111518077, 'recall': 0.4667367167358949}
12/21/2023 13:58:10 - INFO - __main__ - Epoch:0, Val Accuracy:0.4804, f1:0.4273288508737203

12/21/2023 13:58:10 - INFO - __main__ - lr:0.00027135636881635457
12/21/2023 13:58:10 - INFO - __main__ - ==========Epoch:1==========
Save best weights
12/21/2023 13:59:59 - INFO - utils.common - 计算 f1 score ing...
12/21/2023 14:00:00 - INFO - utils.common - F1score = 0.43623655404405526
12/21/2023 14:00:00 - INFO - utils.common - 计算 accuracy ing...
12/21/2023 14:00:00 - INFO - utils.common - acc = 0.483575
12/21/2023 14:00:00 - INFO - utils.common - 计算 precision ing...
12/21/2023 14:00:00 - INFO - utils.common - precision = 0.46575068941587516
12/21/2023 14:00:00 - INFO - utils.common - 计算 recall ing...
12/21/2023 14:00:00 - INFO - utils.common - result = {'f1score': 0.43623655404405526, 'acc': 0.483575, 'precision': 0.46575068941587516, 'recall': 0.47112607176936666}
12/21/2023 14:00:00 - INFO - __main__ - Epoch:1, Train Accuracy:0.483575, f1:0.43623655404405526

Epoch: [1][0/313]	
Epoch: [1][100/313]	
Epoch: [1][200/313]	
Epoch: [1][300/313]	
12/21/2023 14:00:20 - INFO - utils.common - 计算 f1 score ing...
12/21/2023 14:00:20 - INFO - utils.common - F1score = 0.5118444413891184
12/21/2023 14:00:20 - INFO - utils.common - 计算 accuracy ing...
12/21/2023 14:00:20 - INFO - utils.common - acc = 0.55175
12/21/2023 14:00:20 - INFO - utils.common - 计算 precision ing...
12/21/2023 14:00:20 - INFO - utils.common - precision = 0.5847654682830292
12/21/2023 14:00:20 - INFO - utils.common - 计算 recall ing...
12/21/2023 14:00:20 - INFO - utils.common - result = {'f1score': 0.5118444413891184, 'acc': 0.55175, 'precision': 0.5847654682830292, 'recall': 0.5396112986254654}
12/21/2023 14:00:20 - INFO - __main__ - Epoch:1, Val Accuracy:0.55175, f1:0.5118444413891184

12/21/2023 14:00:20 - INFO - __main__ - lr:0.0001963663688163546
12/21/2023 14:00:20 - INFO - __main__ - ==========Epoch:2==========
Save best weights
12/21/2023 14:02:08 - INFO - utils.common - 计算 f1 score ing...
12/21/2023 14:02:08 - INFO - utils.common - F1score = 0.48944376516508686
12/21/2023 14:02:08 - INFO - utils.common - 计算 accuracy ing...
12/21/2023 14:02:08 - INFO - utils.common - acc = 0.52245
12/21/2023 14:02:08 - INFO - utils.common - 计算 precision ing...
12/21/2023 14:02:08 - INFO - utils.common - precision = 0.50960556970504
12/21/2023 14:02:08 - INFO - utils.common - 计算 recall ing...
12/21/2023 14:02:08 - INFO - utils.common - result = {'f1score': 0.48944376516508686, 'acc': 0.52245, 'precision': 0.50960556970504, 'recall': 0.5133147751420704}
12/21/2023 14:02:08 - INFO - __main__ - Epoch:2, Train Accuracy:0.52245, f1:0.48944376516508686

Epoch: [2][0/313]	
Epoch: [2][100/313]	
Epoch: [2][200/313]	
Epoch: [2][300/313]	
12/21/2023 14:02:28 - INFO - utils.common - 计算 f1 score ing...
12/21/2023 14:02:29 - INFO - utils.common - F1score = 0.5528921733448663
12/21/2023 14:02:29 - INFO - utils.common - 计算 accuracy ing...
12/21/2023 14:02:29 - INFO - utils.common - acc = 0.57695
12/21/2023 14:02:29 - INFO - utils.common - 计算 precision ing...
12/21/2023 14:02:29 - INFO - utils.common - precision = 0.6003074280015359
12/21/2023 14:02:29 - INFO - utils.common - 计算 recall ing...
12/21/2023 14:02:29 - INFO - utils.common - result = {'f1score': 0.5528921733448663, 'acc': 0.57695, 'precision': 0.6003074280015359, 'recall': 0.5735180766243771}
12/21/2023 14:02:29 - INFO - __main__ - Epoch:2, Val Accuracy:0.57695, f1:0.5528921733448663

12/21/2023 14:02:29 - INFO - __main__ - lr:0.0001036736311836454
12/21/2023 14:02:29 - INFO - __main__ - ==========Epoch:3==========
Save best weights
12/21/2023 14:04:20 - INFO - utils.common - 计算 f1 score ing...
12/21/2023 14:04:20 - INFO - utils.common - F1score = 0.5122506887250009
12/21/2023 14:04:20 - INFO - utils.common - 计算 accuracy ing...
12/21/2023 14:04:20 - INFO - utils.common - acc = 0.539525
12/21/2023 14:04:20 - INFO - utils.common - 计算 precision ing...
12/21/2023 14:04:20 - INFO - utils.common - precision = 0.5284864164751295
12/21/2023 14:04:20 - INFO - utils.common - 计算 recall ing...
12/21/2023 14:04:20 - INFO - utils.common - result = {'f1score': 0.5122506887250009, 'acc': 0.539525, 'precision': 0.5284864164751295, 'recall': 0.5321101401388952}
12/21/2023 14:04:20 - INFO - __main__ - Epoch:3, Train Accuracy:0.539525, f1:0.5122506887250009

Epoch: [3][0/313]	
Epoch: [3][100/313]	
Epoch: [3][200/313]	
Epoch: [3][300/313]	
12/21/2023 14:04:43 - INFO - utils.common - 计算 f1 score ing...
12/21/2023 14:04:43 - INFO - utils.common - F1score = 0.5457357876345172
12/21/2023 14:04:43 - INFO - utils.common - 计算 accuracy ing...
12/21/2023 14:04:43 - INFO - utils.common - acc = 0.57805
12/21/2023 14:04:43 - INFO - utils.common - 计算 precision ing...
12/21/2023 14:04:43 - INFO - utils.common - precision = 0.6332908321405779
12/21/2023 14:04:43 - INFO - utils.common - 计算 recall ing...
12/21/2023 14:04:43 - INFO - utils.common - result = {'f1score': 0.5457357876345172, 'acc': 0.57805, 'precision': 0.6332908321405779, 'recall': 0.5686912086949345}
12/21/2023 14:04:43 - INFO - __main__ - Epoch:3, Val Accuracy:0.57805, f1:0.5457357876345172

12/21/2023 14:04:43 - INFO - __main__ - lr:2.8683631183645395e-05
12/21/2023 14:04:43 - INFO - __main__ - ==========Epoch:4==========
Save best weights
12/21/2023 14:06:27 - INFO - utils.common - 计算 f1 score ing...
12/21/2023 14:06:27 - INFO - utils.common - F1score = 0.5246280333983528
12/21/2023 14:06:27 - INFO - utils.common - 计算 accuracy ing...
12/21/2023 14:06:27 - INFO - utils.common - acc = 0.55105
12/21/2023 14:06:27 - INFO - utils.common - 计算 precision ing...
12/21/2023 14:06:27 - INFO - utils.common - precision = 0.5405074354940875
12/21/2023 14:06:27 - INFO - utils.common - 计算 recall ing...
12/21/2023 14:06:28 - INFO - utils.common - result = {'f1score': 0.5246280333983528, 'acc': 0.55105, 'precision': 0.5405074354940875, 'recall': 0.5438152423941506}
12/21/2023 14:06:28 - INFO - __main__ - Epoch:4, Train Accuracy:0.55105, f1:0.5246280333983528

Epoch: [4][0/313]	
Epoch: [4][100/313]	
Epoch: [4][200/313]	
Epoch: [4][300/313]	
12/21/2023 14:06:47 - INFO - utils.common - 计算 f1 score ing...
12/21/2023 14:06:47 - INFO - utils.common - F1score = 0.5784946109909983
12/21/2023 14:06:47 - INFO - utils.common - 计算 accuracy ing...
12/21/2023 14:06:48 - INFO - utils.common - acc = 0.6019
12/21/2023 14:06:48 - INFO - utils.common - 计算 precision ing...
12/21/2023 14:06:48 - INFO - utils.common - precision = 0.6344369487352306
12/21/2023 14:06:48 - INFO - utils.common - 计算 recall ing...
12/21/2023 14:06:48 - INFO - utils.common - result = {'f1score': 0.5784946109909983, 'acc': 0.6019, 'precision': 0.6344369487352306, 'recall': 0.5960376246806575}
12/21/2023 14:06:48 - INFO - __main__ - Epoch:4, Val Accuracy:0.6019, f1:0.5784946109909983

12/21/2023 14:06:48 - INFO - __main__ - lr:0.0003
12/21/2023 14:06:48 - INFO - __main__ - ==========Epoch:5==========
Save best weights
12/21/2023 14:08:38 - INFO - utils.common - 计算 f1 score ing...
12/21/2023 14:08:38 - INFO - utils.common - F1score = 0.5332681871264079
12/21/2023 14:08:38 - INFO - utils.common - 计算 accuracy ing...
12/21/2023 14:08:38 - INFO - utils.common - acc = 0.555825
12/21/2023 14:08:38 - INFO - utils.common - 计算 precision ing...
12/21/2023 14:08:38 - INFO - utils.common - precision = 0.5452440387169459
12/21/2023 14:08:38 - INFO - utils.common - 计算 recall ing...
12/21/2023 14:08:38 - INFO - utils.common - result = {'f1score': 0.5332681871264079, 'acc': 0.555825, 'precision': 0.5452440387169459, 'recall': 0.5489379084759123}
12/21/2023 14:08:38 - INFO - __main__ - Epoch:5, Train Accuracy:0.555825, f1:0.5332681871264079

Epoch: [5][0/313]	
Epoch: [5][100/313]	
Epoch: [5][200/313]	
Epoch: [5][300/313]	
12/21/2023 14:08:59 - INFO - utils.common - 计算 f1 score ing...
12/21/2023 14:08:59 - INFO - utils.common - F1score = 0.6341944115142238
12/21/2023 14:08:59 - INFO - utils.common - 计算 accuracy ing...
12/21/2023 14:08:59 - INFO - utils.common - acc = 0.64365
12/21/2023 14:08:59 - INFO - utils.common - 计算 precision ing...
12/21/2023 14:08:59 - INFO - utils.common - precision = 0.6789020888437066
12/21/2023 14:08:59 - INFO - utils.common - 计算 recall ing...
12/21/2023 14:08:59 - INFO - utils.common - result = {'f1score': 0.6341944115142238, 'acc': 0.64365, 'precision': 0.6789020888437066, 'recall': 0.6427482319368766}
12/21/2023 14:08:59 - INFO - __main__ - Epoch:5, Val Accuracy:0.64365, f1:0.6341944115142238

12/21/2023 14:08:59 - INFO - __main__ - lr:0.00027135636881635457
12/21/2023 14:08:59 - INFO - __main__ - ==========Epoch:6==========
Save best weights
12/21/2023 14:10:46 - INFO - utils.common - 计算 f1 score ing...
12/21/2023 14:10:46 - INFO - utils.common - F1score = 0.5486332364628839
12/21/2023 14:10:46 - INFO - utils.common - 计算 accuracy ing...
12/21/2023 14:10:46 - INFO - utils.common - acc = 0.567975
12/21/2023 14:10:46 - INFO - utils.common - 计算 precision ing...
12/21/2023 14:10:46 - INFO - utils.common - precision = 0.5592595476334437
12/21/2023 14:10:46 - INFO - utils.common - 计算 recall ing...
12/21/2023 14:10:46 - INFO - utils.common - result = {'f1score': 0.5486332364628839, 'acc': 0.567975, 'precision': 0.5592595476334437, 'recall': 0.5616745999925549}
12/21/2023 14:10:46 - INFO - __main__ - Epoch:6, Train Accuracy:0.567975, f1:0.5486332364628839

Epoch: [6][0/313]	
Epoch: [6][100/313]	
Epoch: [6][200/313]	
Epoch: [6][300/313]	
12/21/2023 14:11:03 - INFO - utils.common - 计算 f1 score ing...
12/21/2023 14:11:03 - INFO - utils.common - F1score = 0.5157347407675275
12/21/2023 14:11:03 - INFO - utils.common - 计算 accuracy ing...
12/21/2023 14:11:03 - INFO - utils.common - acc = 0.562
12/21/2023 14:11:03 - INFO - utils.common - 计算 precision ing...
12/21/2023 14:11:03 - INFO - utils.common - precision = 0.5574606690328335
12/21/2023 14:11:03 - INFO - utils.common - 计算 recall ing...
12/21/2023 14:11:03 - INFO - utils.common - result = {'f1score': 0.5157347407675275, 'acc': 0.562, 'precision': 0.5574606690328335, 'recall': 0.5437606626281437}
12/21/2023 14:11:03 - INFO - __main__ - Epoch:6, Val Accuracy:0.562, f1:0.5157347407675275

12/21/2023 14:11:03 - INFO - __main__ - lr:0.0001963663688163546
12/21/2023 14:11:03 - INFO - __main__ - ==========Epoch:7==========
early_st 4
12/21/2023 14:12:48 - INFO - utils.common - 计算 f1 score ing...
12/21/2023 14:12:48 - INFO - utils.common - F1score = 0.5827750133088583
12/21/2023 14:12:48 - INFO - utils.common - 计算 accuracy ing...
12/21/2023 14:12:48 - INFO - utils.common - acc = 0.598775
12/21/2023 14:12:48 - INFO - utils.common - 计算 precision ing...
12/21/2023 14:12:49 - INFO - utils.common - precision = 0.5944341796430368
12/21/2023 14:12:49 - INFO - utils.common - 计算 recall ing...
12/21/2023 14:12:49 - INFO - utils.common - result = {'f1score': 0.5827750133088583, 'acc': 0.598775, 'precision': 0.5944341796430368, 'recall': 0.5926778696418755}
12/21/2023 14:12:49 - INFO - __main__ - Epoch:7, Train Accuracy:0.598775, f1:0.5827750133088583

Epoch: [7][0/313]	
Epoch: [7][100/313]	
Epoch: [7][200/313]	
Epoch: [7][300/313]	
12/21/2023 14:13:09 - INFO - utils.common - 计算 f1 score ing...
12/21/2023 14:13:09 - INFO - utils.common - F1score = 0.5991325012518354
12/21/2023 14:13:09 - INFO - utils.common - 计算 accuracy ing...
12/21/2023 14:13:09 - INFO - utils.common - acc = 0.6143
12/21/2023 14:13:09 - INFO - utils.common - 计算 precision ing...
12/21/2023 14:13:09 - INFO - utils.common - precision = 0.6538845900391104
12/21/2023 14:13:09 - INFO - utils.common - 计算 recall ing...
12/21/2023 14:13:09 - INFO - utils.common - result = {'f1score': 0.5991325012518354, 'acc': 0.6143, 'precision': 0.6538845900391104, 'recall': 0.6119530631782021}
12/21/2023 14:13:09 - INFO - __main__ - Epoch:7, Val Accuracy:0.6143, f1:0.5991325012518354

12/21/2023 14:13:09 - INFO - __main__ - lr:0.0001036736311836454
12/21/2023 14:13:09 - INFO - __main__ - ==========Epoch:8==========
early_st 3
12/21/2023 14:14:57 - INFO - utils.common - 计算 f1 score ing...
12/21/2023 14:14:57 - INFO - utils.common - F1score = 0.6061672030099423
12/21/2023 14:14:57 - INFO - utils.common - 计算 accuracy ing...
12/21/2023 14:14:57 - INFO - utils.common - acc = 0.619825
12/21/2023 14:14:57 - INFO - utils.common - 计算 precision ing...
12/21/2023 14:14:57 - INFO - utils.common - precision = 0.6168462544241938
12/21/2023 14:14:57 - INFO - utils.common - 计算 recall ing...
12/21/2023 14:14:57 - INFO - utils.common - result = {'f1score': 0.6061672030099423, 'acc': 0.619825, 'precision': 0.6168462544241938, 'recall': 0.613495809552552}
12/21/2023 14:14:57 - INFO - __main__ - Epoch:8, Train Accuracy:0.619825, f1:0.6061672030099423

Epoch: [8][0/313]	
Epoch: [8][100/313]	
Epoch: [8][200/313]	
Epoch: [8][300/313]	
12/21/2023 14:15:15 - INFO - utils.common - 计算 f1 score ing...
12/21/2023 14:15:15 - INFO - utils.common - F1score = 0.676030187117257
12/21/2023 14:15:15 - INFO - utils.common - 计算 accuracy ing...
12/21/2023 14:15:15 - INFO - utils.common - acc = 0.6947
12/21/2023 14:15:15 - INFO - utils.common - 计算 precision ing...
12/21/2023 14:15:15 - INFO - utils.common - precision = 0.7178231082200256
12/21/2023 14:15:15 - INFO - utils.common - 计算 recall ing...
12/21/2023 14:15:15 - INFO - utils.common - result = {'f1score': 0.676030187117257, 'acc': 0.6947, 'precision': 0.7178231082200256, 'recall': 0.6846394720059683}
12/21/2023 14:15:15 - INFO - __main__ - Epoch:8, Val Accuracy:0.6947, f1:0.676030187117257

12/21/2023 14:15:15 - INFO - __main__ - lr:2.8683631183645395e-05
12/21/2023 14:15:15 - INFO - __main__ - ==========Epoch:9==========
Save best weights
12/21/2023 14:17:02 - INFO - utils.common - 计算 f1 score ing...
12/21/2023 14:17:03 - INFO - utils.common - F1score = 0.6120389438696603
12/21/2023 14:17:03 - INFO - utils.common - 计算 accuracy ing...
12/21/2023 14:17:03 - INFO - utils.common - acc = 0.625675
12/21/2023 14:17:03 - INFO - utils.common - 计算 precision ing...
12/21/2023 14:17:03 - INFO - utils.common - precision = 0.6212736666200682
12/21/2023 14:17:03 - INFO - utils.common - 计算 recall ing...
12/21/2023 14:17:03 - INFO - utils.common - result = {'f1score': 0.6120389438696603, 'acc': 0.625675, 'precision': 0.6212736666200682, 'recall': 0.6192309603826383}
12/21/2023 14:17:03 - INFO - __main__ - Epoch:9, Train Accuracy:0.625675, f1:0.6120389438696603

Epoch: [9][0/313]	
Epoch: [9][100/313]	
Epoch: [9][200/313]	
Epoch: [9][300/313]	
12/21/2023 14:17:25 - INFO - utils.common - 计算 f1 score ing...
12/21/2023 14:17:26 - INFO - utils.common - F1score = 0.6822273047389946
12/21/2023 14:17:26 - INFO - utils.common - 计算 accuracy ing...
12/21/2023 14:17:26 - INFO - utils.common - acc = 0.70265
12/21/2023 14:17:26 - INFO - utils.common - 计算 precision ing...
12/21/2023 14:17:26 - INFO - utils.common - precision = 0.7271790245236031
12/21/2023 14:17:26 - INFO - utils.common - 计算 recall ing...
12/21/2023 14:17:26 - INFO - utils.common - result = {'f1score': 0.6822273047389946, 'acc': 0.70265, 'precision': 0.7271790245236031, 'recall': 0.694367946605343}
12/21/2023 14:17:26 - INFO - __main__ - Epoch:9, Val Accuracy:0.70265, f1:0.6822273047389946

12/21/2023 14:17:26 - INFO - __main__ - lr:0.0003
Save best weights
Test
12/21/2023 14:17:36 - INFO - utils.common - 计算 f1 score ing...
12/21/2023 14:17:36 - INFO - utils.common - F1score = 0.6579397229412105
12/21/2023 14:17:36 - INFO - utils.common - 计算 accuracy ing...
12/21/2023 14:17:36 - INFO - utils.common - acc = 0.7459610027855154
12/21/2023 14:17:36 - INFO - utils.common - 计算 precision ing...
12/21/2023 14:17:36 - INFO - utils.common - precision = 0.7315107233244956
12/21/2023 14:17:36 - INFO - utils.common - 计算 recall ing...
12/21/2023 14:17:36 - INFO - utils.common - result = {'f1score': 0.6579397229412105, 'acc': 0.7459610027855154, 'precision': 0.7315107233244956, 'recall': 0.7000959263841108}
12/21/2023 14:17:36 - INFO - __main__ - test_f1:0.6579397229412105, test_acc:0.7459610027855154, test_precision:0.7315107233244956, test_recall:0.7000959263841108
12/21/2023 14:17:36 - INFO - __main__ - Finish fine-turning...
