nohup: ignoring input
12/21/2023 13:42:50 - INFO - __main__ - 设置 seed 为:  0
12/21/2023 13:42:50 - INFO - __main__ - Start fine-turning...
12/21/2023 13:42:55 - INFO - __main__ - ==========Epoch:0==========
=> no checkpoint found at '
12/21/2023 13:43:13 - INFO - utils.common - 计算 f1 score ing...
12/21/2023 13:43:13 - INFO - utils.common - F1score = 0.18219594954520846
12/21/2023 13:43:13 - INFO - utils.common - 计算 accuracy ing...
12/21/2023 13:43:13 - INFO - utils.common - acc = 0.217
12/21/2023 13:43:13 - INFO - utils.common - 计算 precision ing...
12/21/2023 13:43:13 - INFO - utils.common - precision = 0.24570849882904794
12/21/2023 13:43:13 - INFO - utils.common - 计算 recall ing...
12/21/2023 13:43:13 - INFO - utils.common - result = {'f1score': 0.18219594954520846, 'acc': 0.217, 'precision': 0.24570849882904794, 'recall': 0.19979342434392722}
12/21/2023 13:43:13 - INFO - __main__ - Epoch:0, Train Accuracy:0.217, f1:0.18219594954520846

Epoch: [0][0/63]	
12/21/2023 13:43:33 - INFO - utils.common - 计算 f1 score ing...
12/21/2023 13:43:33 - INFO - utils.common - F1score = 0.24260957250953386
12/21/2023 13:43:33 - INFO - utils.common - 计算 accuracy ing...
12/21/2023 13:43:33 - INFO - utils.common - acc = 0.3348
12/21/2023 13:43:33 - INFO - utils.common - 计算 precision ing...
12/21/2023 13:43:33 - INFO - utils.common - precision = 0.23407205819635596
12/21/2023 13:43:33 - INFO - utils.common - 计算 recall ing...
12/21/2023 13:43:33 - INFO - utils.common - result = {'f1score': 0.24260957250953386, 'acc': 0.3348, 'precision': 0.23407205819635596, 'recall': 0.3160548880146053}
12/21/2023 13:43:33 - INFO - __main__ - Epoch:0, Val Accuracy:0.3348, f1:0.24260957250953386

12/21/2023 13:43:33 - INFO - __main__ - lr:0.00027135636881635457
12/21/2023 13:43:33 - INFO - __main__ - ==========Epoch:1==========
Save best weights
12/21/2023 13:43:57 - INFO - utils.common - 计算 f1 score ing...
12/21/2023 13:43:57 - INFO - utils.common - F1score = 0.25381649619862245
12/21/2023 13:43:57 - INFO - utils.common - 计算 accuracy ing...
12/21/2023 13:43:57 - INFO - utils.common - acc = 0.33725
12/21/2023 13:43:57 - INFO - utils.common - 计算 precision ing...
12/21/2023 13:43:57 - INFO - utils.common - precision = 0.22909756330944087
12/21/2023 13:43:57 - INFO - utils.common - 计算 recall ing...
12/21/2023 13:43:57 - INFO - utils.common - result = {'f1score': 0.25381649619862245, 'acc': 0.33725, 'precision': 0.22909756330944087, 'recall': 0.32311026376430513}
12/21/2023 13:43:57 - INFO - __main__ - Epoch:1, Train Accuracy:0.33725, f1:0.25381649619862245

Epoch: [1][0/63]	
12/21/2023 13:44:14 - INFO - utils.common - 计算 f1 score ing...
12/21/2023 13:44:14 - INFO - utils.common - F1score = 0.2618027763571151
12/21/2023 13:44:14 - INFO - utils.common - 计算 accuracy ing...
12/21/2023 13:44:14 - INFO - utils.common - acc = 0.3454
12/21/2023 13:44:14 - INFO - utils.common - 计算 precision ing...
12/21/2023 13:44:14 - INFO - utils.common - precision = 0.3987787607171857
12/21/2023 13:44:14 - INFO - utils.common - 计算 recall ing...
12/21/2023 13:44:14 - INFO - utils.common - result = {'f1score': 0.2618027763571151, 'acc': 0.3454, 'precision': 0.3987787607171857, 'recall': 0.32781379108882447}
12/21/2023 13:44:14 - INFO - __main__ - Epoch:1, Val Accuracy:0.3454, f1:0.2618027763571151

12/21/2023 13:44:14 - INFO - __main__ - lr:0.0001963663688163546
12/21/2023 13:44:14 - INFO - __main__ - ==========Epoch:2==========
Save best weights
12/21/2023 13:44:40 - INFO - utils.common - 计算 f1 score ing...
12/21/2023 13:44:40 - INFO - utils.common - F1score = 0.2865064385899522
12/21/2023 13:44:40 - INFO - utils.common - 计算 accuracy ing...
12/21/2023 13:44:40 - INFO - utils.common - acc = 0.379125
12/21/2023 13:44:40 - INFO - utils.common - 计算 precision ing...
12/21/2023 13:44:40 - INFO - utils.common - precision = 0.28986995697182155
12/21/2023 13:44:40 - INFO - utils.common - 计算 recall ing...
12/21/2023 13:44:40 - INFO - utils.common - result = {'f1score': 0.2865064385899522, 'acc': 0.379125, 'precision': 0.28986995697182155, 'recall': 0.36030617111793284}
12/21/2023 13:44:40 - INFO - __main__ - Epoch:2, Train Accuracy:0.379125, f1:0.2865064385899522

Epoch: [2][0/63]	
12/21/2023 13:44:58 - INFO - utils.common - 计算 f1 score ing...
12/21/2023 13:44:58 - INFO - utils.common - F1score = 0.30435495190655515
12/21/2023 13:44:58 - INFO - utils.common - 计算 accuracy ing...
12/21/2023 13:44:58 - INFO - utils.common - acc = 0.3824
12/21/2023 13:44:58 - INFO - utils.common - 计算 precision ing...
12/21/2023 13:44:58 - INFO - utils.common - precision = 0.4179158925590046
12/21/2023 13:44:58 - INFO - utils.common - 计算 recall ing...
12/21/2023 13:44:58 - INFO - utils.common - result = {'f1score': 0.30435495190655515, 'acc': 0.3824, 'precision': 0.4179158925590046, 'recall': 0.3596240849208545}
12/21/2023 13:44:58 - INFO - __main__ - Epoch:2, Val Accuracy:0.3824, f1:0.30435495190655515

12/21/2023 13:44:58 - INFO - __main__ - lr:0.0001036736311836454
12/21/2023 13:44:58 - INFO - __main__ - ==========Epoch:3==========
Save best weights
12/21/2023 13:45:24 - INFO - utils.common - 计算 f1 score ing...
12/21/2023 13:45:24 - INFO - utils.common - F1score = 0.30764961482120323
12/21/2023 13:45:24 - INFO - utils.common - 计算 accuracy ing...
12/21/2023 13:45:24 - INFO - utils.common - acc = 0.39275
12/21/2023 13:45:24 - INFO - utils.common - 计算 precision ing...
12/21/2023 13:45:24 - INFO - utils.common - precision = 0.31134394241464075
12/21/2023 13:45:24 - INFO - utils.common - 计算 recall ing...
12/21/2023 13:45:24 - INFO - utils.common - result = {'f1score': 0.30764961482120323, 'acc': 0.39275, 'precision': 0.31134394241464075, 'recall': 0.3726258342843705}
12/21/2023 13:45:24 - INFO - __main__ - Epoch:3, Train Accuracy:0.39275, f1:0.30764961482120323

Epoch: [3][0/63]	
12/21/2023 13:45:42 - INFO - utils.common - 计算 f1 score ing...
12/21/2023 13:45:42 - INFO - utils.common - F1score = 0.34742249433600847
12/21/2023 13:45:42 - INFO - utils.common - 计算 accuracy ing...
12/21/2023 13:45:42 - INFO - utils.common - acc = 0.4168
12/21/2023 13:45:42 - INFO - utils.common - 计算 precision ing...
12/21/2023 13:45:42 - INFO - utils.common - precision = 0.4284077085287456
12/21/2023 13:45:42 - INFO - utils.common - 计算 recall ing...
12/21/2023 13:45:42 - INFO - utils.common - result = {'f1score': 0.34742249433600847, 'acc': 0.4168, 'precision': 0.4284077085287456, 'recall': 0.3933485900216691}
12/21/2023 13:45:42 - INFO - __main__ - Epoch:3, Val Accuracy:0.4168, f1:0.34742249433600847

12/21/2023 13:45:42 - INFO - __main__ - lr:2.8683631183645395e-05
12/21/2023 13:45:43 - INFO - __main__ - ==========Epoch:4==========
Save best weights
12/21/2023 13:46:07 - INFO - utils.common - 计算 f1 score ing...
12/21/2023 13:46:07 - INFO - utils.common - F1score = 0.3215397442452336
12/21/2023 13:46:07 - INFO - utils.common - 计算 accuracy ing...
12/21/2023 13:46:07 - INFO - utils.common - acc = 0.40925
12/21/2023 13:46:07 - INFO - utils.common - 计算 precision ing...
12/21/2023 13:46:07 - INFO - utils.common - precision = 0.3251328016555578
12/21/2023 13:46:07 - INFO - utils.common - 计算 recall ing...
12/21/2023 13:46:07 - INFO - utils.common - result = {'f1score': 0.3215397442452336, 'acc': 0.40925, 'precision': 0.3251328016555578, 'recall': 0.3884524978233232}
12/21/2023 13:46:07 - INFO - __main__ - Epoch:4, Train Accuracy:0.40925, f1:0.3215397442452336

Epoch: [4][0/63]	
12/21/2023 13:46:25 - INFO - utils.common - 计算 f1 score ing...
12/21/2023 13:46:25 - INFO - utils.common - F1score = 0.36735618553367977
12/21/2023 13:46:25 - INFO - utils.common - 计算 accuracy ing...
12/21/2023 13:46:25 - INFO - utils.common - acc = 0.4363
12/21/2023 13:46:25 - INFO - utils.common - 计算 precision ing...
12/21/2023 13:46:25 - INFO - utils.common - precision = 0.44049126881291545
12/21/2023 13:46:25 - INFO - utils.common - 计算 recall ing...
12/21/2023 13:46:25 - INFO - utils.common - result = {'f1score': 0.36735618553367977, 'acc': 0.4363, 'precision': 0.44049126881291545, 'recall': 0.41158321546670323}
12/21/2023 13:46:25 - INFO - __main__ - Epoch:4, Val Accuracy:0.4363, f1:0.36735618553367977

12/21/2023 13:46:25 - INFO - __main__ - lr:0.0003
12/21/2023 13:46:25 - INFO - __main__ - ==========Epoch:5==========
Save best weights
12/21/2023 13:46:50 - INFO - utils.common - 计算 f1 score ing...
12/21/2023 13:46:50 - INFO - utils.common - F1score = 0.33707328147380633
12/21/2023 13:46:50 - INFO - utils.common - 计算 accuracy ing...
12/21/2023 13:46:50 - INFO - utils.common - acc = 0.416875
12/21/2023 13:46:50 - INFO - utils.common - 计算 precision ing...
12/21/2023 13:46:50 - INFO - utils.common - precision = 0.3405420288451585
12/21/2023 13:46:50 - INFO - utils.common - 计算 recall ing...
12/21/2023 13:46:50 - INFO - utils.common - result = {'f1score': 0.33707328147380633, 'acc': 0.416875, 'precision': 0.3405420288451585, 'recall': 0.3977350997468756}
12/21/2023 13:46:50 - INFO - __main__ - Epoch:5, Train Accuracy:0.416875, f1:0.33707328147380633

Epoch: [5][0/63]	
12/21/2023 13:47:07 - INFO - utils.common - 计算 f1 score ing...
12/21/2023 13:47:07 - INFO - utils.common - F1score = 0.4122904479619369
12/21/2023 13:47:07 - INFO - utils.common - 计算 accuracy ing...
12/21/2023 13:47:07 - INFO - utils.common - acc = 0.4724
12/21/2023 13:47:07 - INFO - utils.common - 计算 precision ing...
12/21/2023 13:47:07 - INFO - utils.common - precision = 0.4613713419881612
12/21/2023 13:47:07 - INFO - utils.common - 计算 recall ing...
12/21/2023 13:47:07 - INFO - utils.common - result = {'f1score': 0.4122904479619369, 'acc': 0.4724, 'precision': 0.4613713419881612, 'recall': 0.45101631213078885}
12/21/2023 13:47:07 - INFO - __main__ - Epoch:5, Val Accuracy:0.4724, f1:0.4122904479619369

12/21/2023 13:47:07 - INFO - __main__ - lr:0.00027135636881635457
12/21/2023 13:47:07 - INFO - __main__ - ==========Epoch:6==========
Save best weights
12/21/2023 13:47:32 - INFO - utils.common - 计算 f1 score ing...
12/21/2023 13:47:32 - INFO - utils.common - F1score = 0.37767642423177455
12/21/2023 13:47:32 - INFO - utils.common - 计算 accuracy ing...
12/21/2023 13:47:32 - INFO - utils.common - acc = 0.4495
12/21/2023 13:47:32 - INFO - utils.common - 计算 precision ing...
12/21/2023 13:47:32 - INFO - utils.common - precision = 0.4168779452443206
12/21/2023 13:47:32 - INFO - utils.common - 计算 recall ing...
12/21/2023 13:47:33 - INFO - utils.common - result = {'f1score': 0.37767642423177455, 'acc': 0.4495, 'precision': 0.4168779452443206, 'recall': 0.42899734982388504}
12/21/2023 13:47:33 - INFO - __main__ - Epoch:6, Train Accuracy:0.4495, f1:0.37767642423177455

Epoch: [6][0/63]	
12/21/2023 13:47:49 - INFO - utils.common - 计算 f1 score ing...
12/21/2023 13:47:49 - INFO - utils.common - F1score = 0.47681465387674343
12/21/2023 13:47:49 - INFO - utils.common - 计算 accuracy ing...
12/21/2023 13:47:49 - INFO - utils.common - acc = 0.523
12/21/2023 13:47:49 - INFO - utils.common - 计算 precision ing...
12/21/2023 13:47:49 - INFO - utils.common - precision = 0.5629867994124594
12/21/2023 13:47:49 - INFO - utils.common - 计算 recall ing...
12/21/2023 13:47:49 - INFO - utils.common - result = {'f1score': 0.47681465387674343, 'acc': 0.523, 'precision': 0.5629867994124594, 'recall': 0.5043336832799548}
12/21/2023 13:47:49 - INFO - __main__ - Epoch:6, Val Accuracy:0.523, f1:0.47681465387674343

12/21/2023 13:47:49 - INFO - __main__ - lr:0.0001963663688163546
12/21/2023 13:47:49 - INFO - __main__ - ==========Epoch:7==========
Save best weights
12/21/2023 13:48:14 - INFO - utils.common - 计算 f1 score ing...
12/21/2023 13:48:14 - INFO - utils.common - F1score = 0.4146900829739677
12/21/2023 13:48:14 - INFO - utils.common - 计算 accuracy ing...
12/21/2023 13:48:14 - INFO - utils.common - acc = 0.475125
12/21/2023 13:48:14 - INFO - utils.common - 计算 precision ing...
12/21/2023 13:48:14 - INFO - utils.common - precision = 0.46354597029039507
12/21/2023 13:48:14 - INFO - utils.common - 计算 recall ing...
12/21/2023 13:48:14 - INFO - utils.common - result = {'f1score': 0.4146900829739677, 'acc': 0.475125, 'precision': 0.46354597029039507, 'recall': 0.45767026059696003}
12/21/2023 13:48:14 - INFO - __main__ - Epoch:7, Train Accuracy:0.475125, f1:0.4146900829739677

Epoch: [7][0/63]	
12/21/2023 13:48:31 - INFO - utils.common - 计算 f1 score ing...
12/21/2023 13:48:31 - INFO - utils.common - F1score = 0.47358072855207184
12/21/2023 13:48:31 - INFO - utils.common - 计算 accuracy ing...
12/21/2023 13:48:31 - INFO - utils.common - acc = 0.5261
12/21/2023 13:48:31 - INFO - utils.common - 计算 precision ing...
12/21/2023 13:48:31 - INFO - utils.common - precision = 0.5712344096112649
12/21/2023 13:48:31 - INFO - utils.common - 计算 recall ing...
12/21/2023 13:48:31 - INFO - utils.common - result = {'f1score': 0.47358072855207184, 'acc': 0.5261, 'precision': 0.5712344096112649, 'recall': 0.5050929208638538}
12/21/2023 13:48:31 - INFO - __main__ - Epoch:7, Val Accuracy:0.5261, f1:0.47358072855207184

12/21/2023 13:48:31 - INFO - __main__ - lr:0.0001036736311836454
12/21/2023 13:48:31 - INFO - __main__ - ==========Epoch:8==========
Save best weights
12/21/2023 13:48:56 - INFO - utils.common - 计算 f1 score ing...
12/21/2023 13:48:56 - INFO - utils.common - F1score = 0.41640451173967896
12/21/2023 13:48:56 - INFO - utils.common - 计算 accuracy ing...
12/21/2023 13:48:56 - INFO - utils.common - acc = 0.475375
12/21/2023 13:48:56 - INFO - utils.common - 计算 precision ing...
12/21/2023 13:48:56 - INFO - utils.common - precision = 0.443792571889733
12/21/2023 13:48:56 - INFO - utils.common - 计算 recall ing...
12/21/2023 13:48:56 - INFO - utils.common - result = {'f1score': 0.41640451173967896, 'acc': 0.475375, 'precision': 0.443792571889733, 'recall': 0.459220945959225}
12/21/2023 13:48:56 - INFO - __main__ - Epoch:8, Train Accuracy:0.475375, f1:0.41640451173967896

Epoch: [8][0/63]	
12/21/2023 13:49:13 - INFO - utils.common - 计算 f1 score ing...
12/21/2023 13:49:13 - INFO - utils.common - F1score = 0.4889289090789178
12/21/2023 13:49:13 - INFO - utils.common - 计算 accuracy ing...
12/21/2023 13:49:13 - INFO - utils.common - acc = 0.5429
12/21/2023 13:49:13 - INFO - utils.common - 计算 precision ing...
12/21/2023 13:49:13 - INFO - utils.common - precision = 0.5843208799569978
12/21/2023 13:49:13 - INFO - utils.common - 计算 recall ing...
12/21/2023 13:49:13 - INFO - utils.common - result = {'f1score': 0.4889289090789178, 'acc': 0.5429, 'precision': 0.5843208799569978, 'recall': 0.5225118004968926}
12/21/2023 13:49:13 - INFO - __main__ - Epoch:8, Val Accuracy:0.5429, f1:0.4889289090789178

12/21/2023 13:49:13 - INFO - __main__ - lr:2.8683631183645395e-05
12/21/2023 13:49:13 - INFO - __main__ - ==========Epoch:9==========
Save best weights
12/21/2023 13:49:39 - INFO - utils.common - 计算 f1 score ing...
12/21/2023 13:49:39 - INFO - utils.common - F1score = 0.42460033476902503
12/21/2023 13:49:39 - INFO - utils.common - 计算 accuracy ing...
12/21/2023 13:49:39 - INFO - utils.common - acc = 0.487
12/21/2023 13:49:39 - INFO - utils.common - 计算 precision ing...
12/21/2023 13:49:39 - INFO - utils.common - precision = 0.47469704288567655
12/21/2023 13:49:39 - INFO - utils.common - 计算 recall ing...
12/21/2023 13:49:39 - INFO - utils.common - result = {'f1score': 0.42460033476902503, 'acc': 0.487, 'precision': 0.47469704288567655, 'recall': 0.46931241467148355}
12/21/2023 13:49:39 - INFO - __main__ - Epoch:9, Train Accuracy:0.487, f1:0.42460033476902503

Epoch: [9][0/63]	
12/21/2023 13:49:55 - INFO - utils.common - 计算 f1 score ing...
12/21/2023 13:49:55 - INFO - utils.common - F1score = 0.49207455741532447
12/21/2023 13:49:55 - INFO - utils.common - 计算 accuracy ing...
12/21/2023 13:49:55 - INFO - utils.common - acc = 0.55065
12/21/2023 13:49:55 - INFO - utils.common - 计算 precision ing...
12/21/2023 13:49:56 - INFO - utils.common - precision = 0.5766636549399828
12/21/2023 13:49:56 - INFO - utils.common - 计算 recall ing...
12/21/2023 13:49:56 - INFO - utils.common - result = {'f1score': 0.49207455741532447, 'acc': 0.55065, 'precision': 0.5766636549399828, 'recall': 0.528135132050942}
12/21/2023 13:49:56 - INFO - __main__ - Epoch:9, Val Accuracy:0.55065, f1:0.49207455741532447

12/21/2023 13:49:56 - INFO - __main__ - lr:0.0003
12/21/2023 13:49:56 - INFO - __main__ - ==========Epoch:10==========
Save best weights
12/21/2023 13:50:22 - INFO - utils.common - 计算 f1 score ing...
12/21/2023 13:50:22 - INFO - utils.common - F1score = 0.4227238520288049
12/21/2023 13:50:22 - INFO - utils.common - 计算 accuracy ing...
12/21/2023 13:50:22 - INFO - utils.common - acc = 0.479875
12/21/2023 13:50:22 - INFO - utils.common - 计算 precision ing...
12/21/2023 13:50:22 - INFO - utils.common - precision = 0.45736478716326306
12/21/2023 13:50:22 - INFO - utils.common - 计算 recall ing...
12/21/2023 13:50:22 - INFO - utils.common - result = {'f1score': 0.4227238520288049, 'acc': 0.479875, 'precision': 0.45736478716326306, 'recall': 0.463661027088733}
12/21/2023 13:50:22 - INFO - __main__ - Epoch:10, Train Accuracy:0.479875, f1:0.4227238520288049

Epoch: [10][0/63]	
12/21/2023 13:50:38 - INFO - utils.common - 计算 f1 score ing...
12/21/2023 13:50:38 - INFO - utils.common - F1score = 0.4731854238318771
12/21/2023 13:50:38 - INFO - utils.common - 计算 accuracy ing...
12/21/2023 13:50:38 - INFO - utils.common - acc = 0.5272
12/21/2023 13:50:38 - INFO - utils.common - 计算 precision ing...
12/21/2023 13:50:38 - INFO - utils.common - precision = 0.5286252051006151
12/21/2023 13:50:38 - INFO - utils.common - 计算 recall ing...
12/21/2023 13:50:38 - INFO - utils.common - result = {'f1score': 0.4731854238318771, 'acc': 0.5272, 'precision': 0.5286252051006151, 'recall': 0.5083573221962935}
12/21/2023 13:50:38 - INFO - __main__ - Epoch:10, Val Accuracy:0.5272, f1:0.4731854238318771

12/21/2023 13:50:38 - INFO - __main__ - lr:0.00027135636881635457
12/21/2023 13:50:38 - INFO - __main__ - ==========Epoch:11==========
early_st 4
12/21/2023 13:51:06 - INFO - utils.common - 计算 f1 score ing...
12/21/2023 13:51:06 - INFO - utils.common - F1score = 0.44738419898498044
12/21/2023 13:51:06 - INFO - utils.common - 计算 accuracy ing...
12/21/2023 13:51:06 - INFO - utils.common - acc = 0.495625
12/21/2023 13:51:06 - INFO - utils.common - 计算 precision ing...
12/21/2023 13:51:06 - INFO - utils.common - precision = 0.4746380987636178
12/21/2023 13:51:06 - INFO - utils.common - 计算 recall ing...
12/21/2023 13:51:06 - INFO - utils.common - result = {'f1score': 0.44738419898498044, 'acc': 0.495625, 'precision': 0.4746380987636178, 'recall': 0.4817845384110494}
12/21/2023 13:51:06 - INFO - __main__ - Epoch:11, Train Accuracy:0.495625, f1:0.44738419898498044

Epoch: [11][0/63]	
12/21/2023 13:51:23 - INFO - utils.common - 计算 f1 score ing...
12/21/2023 13:51:23 - INFO - utils.common - F1score = 0.5145195157922895
12/21/2023 13:51:23 - INFO - utils.common - 计算 accuracy ing...
12/21/2023 13:51:23 - INFO - utils.common - acc = 0.5433
12/21/2023 13:51:23 - INFO - utils.common - 计算 precision ing...
12/21/2023 13:51:23 - INFO - utils.common - precision = 0.5538332434362782
12/21/2023 13:51:23 - INFO - utils.common - 计算 recall ing...
12/21/2023 13:51:23 - INFO - utils.common - result = {'f1score': 0.5145195157922895, 'acc': 0.5433, 'precision': 0.5538332434362782, 'recall': 0.5285040151414354}
12/21/2023 13:51:23 - INFO - __main__ - Epoch:11, Val Accuracy:0.5433, f1:0.5145195157922895

12/21/2023 13:51:23 - INFO - __main__ - lr:0.0001963663688163546
12/21/2023 13:51:23 - INFO - __main__ - ==========Epoch:12==========
early_st 3
12/21/2023 13:51:50 - INFO - utils.common - 计算 f1 score ing...
12/21/2023 13:51:50 - INFO - utils.common - F1score = 0.46374218177148374
12/21/2023 13:51:50 - INFO - utils.common - 计算 accuracy ing...
12/21/2023 13:51:50 - INFO - utils.common - acc = 0.51
12/21/2023 13:51:50 - INFO - utils.common - 计算 precision ing...
12/21/2023 13:51:50 - INFO - utils.common - precision = 0.49074222849736315
12/21/2023 13:51:50 - INFO - utils.common - 计算 recall ing...
12/21/2023 13:51:50 - INFO - utils.common - result = {'f1score': 0.46374218177148374, 'acc': 0.51, 'precision': 0.49074222849736315, 'recall': 0.4958808236813883}
12/21/2023 13:51:50 - INFO - __main__ - Epoch:12, Train Accuracy:0.51, f1:0.46374218177148374

Epoch: [12][0/63]	
12/21/2023 13:52:10 - INFO - utils.common - 计算 f1 score ing...
12/21/2023 13:52:10 - INFO - utils.common - F1score = 0.5008891248219658
12/21/2023 13:52:10 - INFO - utils.common - 计算 accuracy ing...
12/21/2023 13:52:10 - INFO - utils.common - acc = 0.5634
12/21/2023 13:52:10 - INFO - utils.common - 计算 precision ing...
12/21/2023 13:52:10 - INFO - utils.common - precision = 0.5927900957046023
12/21/2023 13:52:10 - INFO - utils.common - 计算 recall ing...
12/21/2023 13:52:10 - INFO - utils.common - result = {'f1score': 0.5008891248219658, 'acc': 0.5634, 'precision': 0.5927900957046023, 'recall': 0.5411700834210103}
12/21/2023 13:52:10 - INFO - __main__ - Epoch:12, Val Accuracy:0.5634, f1:0.5008891248219658

12/21/2023 13:52:10 - INFO - __main__ - lr:0.0001036736311836454
12/21/2023 13:52:10 - INFO - __main__ - ==========Epoch:13==========
Save best weights
12/21/2023 13:52:37 - INFO - utils.common - 计算 f1 score ing...
12/21/2023 13:52:37 - INFO - utils.common - F1score = 0.4626683147917764
12/21/2023 13:52:37 - INFO - utils.common - 计算 accuracy ing...
12/21/2023 13:52:37 - INFO - utils.common - acc = 0.51025
12/21/2023 13:52:37 - INFO - utils.common - 计算 precision ing...
12/21/2023 13:52:37 - INFO - utils.common - precision = 0.5067433750569821
12/21/2023 13:52:37 - INFO - utils.common - 计算 recall ing...
12/21/2023 13:52:37 - INFO - utils.common - result = {'f1score': 0.4626683147917764, 'acc': 0.51025, 'precision': 0.5067433750569821, 'recall': 0.49587208984229925}
12/21/2023 13:52:37 - INFO - __main__ - Epoch:13, Train Accuracy:0.51025, f1:0.4626683147917764

Epoch: [13][0/63]	
12/21/2023 13:52:55 - INFO - utils.common - 计算 f1 score ing...
12/21/2023 13:52:55 - INFO - utils.common - F1score = 0.5246502939927535
12/21/2023 13:52:55 - INFO - utils.common - 计算 accuracy ing...
12/21/2023 13:52:55 - INFO - utils.common - acc = 0.5586
12/21/2023 13:52:55 - INFO - utils.common - 计算 precision ing...
12/21/2023 13:52:55 - INFO - utils.common - precision = 0.5889771272725021
12/21/2023 13:52:55 - INFO - utils.common - 计算 recall ing...
12/21/2023 13:52:56 - INFO - utils.common - result = {'f1score': 0.5246502939927535, 'acc': 0.5586, 'precision': 0.5889771272725021, 'recall': 0.5423778614939017}
12/21/2023 13:52:56 - INFO - __main__ - Epoch:13, Val Accuracy:0.5586, f1:0.5246502939927535

12/21/2023 13:52:56 - INFO - __main__ - lr:2.8683631183645395e-05
12/21/2023 13:52:56 - INFO - __main__ - ==========Epoch:14==========
early_st 4
12/21/2023 13:53:22 - INFO - utils.common - 计算 f1 score ing...
12/21/2023 13:53:22 - INFO - utils.common - F1score = 0.46528984256078854
12/21/2023 13:53:22 - INFO - utils.common - 计算 accuracy ing...
12/21/2023 13:53:22 - INFO - utils.common - acc = 0.50875
12/21/2023 13:53:22 - INFO - utils.common - 计算 precision ing...
12/21/2023 13:53:22 - INFO - utils.common - precision = 0.4980597887742158
12/21/2023 13:53:22 - INFO - utils.common - 计算 recall ing...
12/21/2023 13:53:22 - INFO - utils.common - result = {'f1score': 0.46528984256078854, 'acc': 0.50875, 'precision': 0.4980597887742158, 'recall': 0.49665938571366336}
12/21/2023 13:53:22 - INFO - __main__ - Epoch:14, Train Accuracy:0.50875, f1:0.46528984256078854

Epoch: [14][0/63]	
12/21/2023 13:53:41 - INFO - utils.common - 计算 f1 score ing...
12/21/2023 13:53:41 - INFO - utils.common - F1score = 0.5136872334769463
12/21/2023 13:53:41 - INFO - utils.common - 计算 accuracy ing...
12/21/2023 13:53:41 - INFO - utils.common - acc = 0.55965
12/21/2023 13:53:41 - INFO - utils.common - 计算 precision ing...
12/21/2023 13:53:42 - INFO - utils.common - precision = 0.5839998710532919
12/21/2023 13:53:42 - INFO - utils.common - 计算 recall ing...
12/21/2023 13:53:42 - INFO - utils.common - result = {'f1score': 0.5136872334769463, 'acc': 0.55965, 'precision': 0.5839998710532919, 'recall': 0.5417572926785157}
12/21/2023 13:53:42 - INFO - __main__ - Epoch:14, Val Accuracy:0.55965, f1:0.5136872334769463

12/21/2023 13:53:42 - INFO - __main__ - lr:0.0003
12/21/2023 13:53:42 - INFO - __main__ - ==========Epoch:15==========
early_st 3
12/21/2023 13:54:08 - INFO - utils.common - 计算 f1 score ing...
12/21/2023 13:54:08 - INFO - utils.common - F1score = 0.471776681300195
12/21/2023 13:54:08 - INFO - utils.common - 计算 accuracy ing...
12/21/2023 13:54:08 - INFO - utils.common - acc = 0.513125
12/21/2023 13:54:08 - INFO - utils.common - 计算 precision ing...
12/21/2023 13:54:08 - INFO - utils.common - precision = 0.49302062516400524
12/21/2023 13:54:08 - INFO - utils.common - 计算 recall ing...
12/21/2023 13:54:08 - INFO - utils.common - result = {'f1score': 0.471776681300195, 'acc': 0.513125, 'precision': 0.49302062516400524, 'recall': 0.5013993609900662}
12/21/2023 13:54:08 - INFO - __main__ - Epoch:15, Train Accuracy:0.513125, f1:0.471776681300195

Epoch: [15][0/63]	
12/21/2023 13:54:26 - INFO - utils.common - 计算 f1 score ing...
12/21/2023 13:54:26 - INFO - utils.common - F1score = 0.5291803067616435
12/21/2023 13:54:26 - INFO - utils.common - 计算 accuracy ing...
12/21/2023 13:54:26 - INFO - utils.common - acc = 0.56965
12/21/2023 13:54:26 - INFO - utils.common - 计算 precision ing...
12/21/2023 13:54:26 - INFO - utils.common - precision = 0.593951802744374
12/21/2023 13:54:26 - INFO - utils.common - 计算 recall ing...
12/21/2023 13:54:27 - INFO - utils.common - result = {'f1score': 0.5291803067616435, 'acc': 0.56965, 'precision': 0.593951802744374, 'recall': 0.5513500347476774}
12/21/2023 13:54:27 - INFO - __main__ - Epoch:15, Val Accuracy:0.56965, f1:0.5291803067616435

12/21/2023 13:54:27 - INFO - __main__ - lr:0.00027135636881635457
12/21/2023 13:54:27 - INFO - __main__ - ==========Epoch:16==========
Save best weights
12/21/2023 13:54:52 - INFO - utils.common - 计算 f1 score ing...
12/21/2023 13:54:53 - INFO - utils.common - F1score = 0.480594761756825
12/21/2023 13:54:53 - INFO - utils.common - 计算 accuracy ing...
12/21/2023 13:54:53 - INFO - utils.common - acc = 0.52125
12/21/2023 13:54:53 - INFO - utils.common - 计算 precision ing...
12/21/2023 13:54:53 - INFO - utils.common - precision = 0.5064132929892611
12/21/2023 13:54:53 - INFO - utils.common - 计算 recall ing...
12/21/2023 13:54:53 - INFO - utils.common - result = {'f1score': 0.480594761756825, 'acc': 0.52125, 'precision': 0.5064132929892611, 'recall': 0.5105167959920621}
12/21/2023 13:54:53 - INFO - __main__ - Epoch:16, Train Accuracy:0.52125, f1:0.480594761756825

Epoch: [16][0/63]	
12/21/2023 13:55:10 - INFO - utils.common - 计算 f1 score ing...
12/21/2023 13:55:10 - INFO - utils.common - F1score = 0.572140802606568
12/21/2023 13:55:10 - INFO - utils.common - 计算 accuracy ing...
12/21/2023 13:55:10 - INFO - utils.common - acc = 0.6074
12/21/2023 13:55:10 - INFO - utils.common - 计算 precision ing...
12/21/2023 13:55:10 - INFO - utils.common - precision = 0.6217493226470254
12/21/2023 13:55:10 - INFO - utils.common - 计算 recall ing...
12/21/2023 13:55:10 - INFO - utils.common - result = {'f1score': 0.572140802606568, 'acc': 0.6074, 'precision': 0.6217493226470254, 'recall': 0.5934505005960077}
12/21/2023 13:55:10 - INFO - __main__ - Epoch:16, Val Accuracy:0.6074, f1:0.572140802606568

12/21/2023 13:55:10 - INFO - __main__ - lr:0.0001963663688163546
12/21/2023 13:55:10 - INFO - __main__ - ==========Epoch:17==========
Save best weights
12/21/2023 13:55:37 - INFO - utils.common - 计算 f1 score ing...
12/21/2023 13:55:37 - INFO - utils.common - F1score = 0.48867443802956667
12/21/2023 13:55:37 - INFO - utils.common - 计算 accuracy ing...
12/21/2023 13:55:37 - INFO - utils.common - acc = 0.530375
12/21/2023 13:55:37 - INFO - utils.common - 计算 precision ing...
12/21/2023 13:55:37 - INFO - utils.common - precision = 0.5273595891520864
12/21/2023 13:55:37 - INFO - utils.common - 计算 recall ing...
12/21/2023 13:55:37 - INFO - utils.common - result = {'f1score': 0.48867443802956667, 'acc': 0.530375, 'precision': 0.5273595891520864, 'recall': 0.5172862856016591}
12/21/2023 13:55:37 - INFO - __main__ - Epoch:17, Train Accuracy:0.530375, f1:0.48867443802956667

Epoch: [17][0/63]	
12/21/2023 13:55:57 - INFO - utils.common - 计算 f1 score ing...
12/21/2023 13:55:57 - INFO - utils.common - F1score = 0.5589633498197087
12/21/2023 13:55:57 - INFO - utils.common - 计算 accuracy ing...
12/21/2023 13:55:57 - INFO - utils.common - acc = 0.58535
12/21/2023 13:55:57 - INFO - utils.common - 计算 precision ing...
12/21/2023 13:55:57 - INFO - utils.common - precision = 0.6041628039511817
12/21/2023 13:55:57 - INFO - utils.common - 计算 recall ing...
12/21/2023 13:55:57 - INFO - utils.common - result = {'f1score': 0.5589633498197087, 'acc': 0.58535, 'precision': 0.6041628039511817, 'recall': 0.5689395683068889}
12/21/2023 13:55:57 - INFO - __main__ - Epoch:17, Val Accuracy:0.58535, f1:0.5589633498197087

12/21/2023 13:55:57 - INFO - __main__ - lr:0.0001036736311836454
12/21/2023 13:55:57 - INFO - __main__ - ==========Epoch:18==========
early_st 4
12/21/2023 13:56:25 - INFO - utils.common - 计算 f1 score ing...
12/21/2023 13:56:25 - INFO - utils.common - F1score = 0.4909151470349611
12/21/2023 13:56:25 - INFO - utils.common - 计算 accuracy ing...
12/21/2023 13:56:25 - INFO - utils.common - acc = 0.53475
12/21/2023 13:56:25 - INFO - utils.common - 计算 precision ing...
12/21/2023 13:56:25 - INFO - utils.common - precision = 0.5122667611489569
12/21/2023 13:56:25 - INFO - utils.common - 计算 recall ing...
12/21/2023 13:56:25 - INFO - utils.common - result = {'f1score': 0.4909151470349611, 'acc': 0.53475, 'precision': 0.5122667611489569, 'recall': 0.5219071461416094}
12/21/2023 13:56:25 - INFO - __main__ - Epoch:18, Train Accuracy:0.53475, f1:0.4909151470349611

Epoch: [18][0/63]	
12/21/2023 13:56:48 - INFO - utils.common - 计算 f1 score ing...
12/21/2023 13:56:48 - INFO - utils.common - F1score = 0.5478622440976629
12/21/2023 13:56:48 - INFO - utils.common - 计算 accuracy ing...
12/21/2023 13:56:48 - INFO - utils.common - acc = 0.5902
12/21/2023 13:56:48 - INFO - utils.common - 计算 precision ing...
12/21/2023 13:56:48 - INFO - utils.common - precision = 0.6030095300423282
12/21/2023 13:56:48 - INFO - utils.common - 计算 recall ing...
12/21/2023 13:56:49 - INFO - utils.common - result = {'f1score': 0.5478622440976629, 'acc': 0.5902, 'precision': 0.6030095300423282, 'recall': 0.5722681535574167}
12/21/2023 13:56:49 - INFO - __main__ - Epoch:18, Val Accuracy:0.5902, f1:0.5478622440976629

12/21/2023 13:56:49 - INFO - __main__ - lr:2.8683631183645395e-05
12/21/2023 13:56:49 - INFO - __main__ - ==========Epoch:19==========
early_st 3
12/21/2023 13:57:18 - INFO - utils.common - 计算 f1 score ing...
12/21/2023 13:57:18 - INFO - utils.common - F1score = 0.49398730312399153
12/21/2023 13:57:18 - INFO - utils.common - 计算 accuracy ing...
12/21/2023 13:57:18 - INFO - utils.common - acc = 0.537
12/21/2023 13:57:18 - INFO - utils.common - 计算 precision ing...
12/21/2023 13:57:18 - INFO - utils.common - precision = 0.5153804343095825
12/21/2023 13:57:18 - INFO - utils.common - 计算 recall ing...
12/21/2023 13:57:18 - INFO - utils.common - result = {'f1score': 0.49398730312399153, 'acc': 0.537, 'precision': 0.5153804343095825, 'recall': 0.5248498322349822}
12/21/2023 13:57:18 - INFO - __main__ - Epoch:19, Train Accuracy:0.537, f1:0.49398730312399153

Epoch: [19][0/63]	
12/21/2023 13:57:41 - INFO - utils.common - 计算 f1 score ing...
12/21/2023 13:57:41 - INFO - utils.common - F1score = 0.5818744118985371
12/21/2023 13:57:41 - INFO - utils.common - 计算 accuracy ing...
12/21/2023 13:57:41 - INFO - utils.common - acc = 0.6102
12/21/2023 13:57:41 - INFO - utils.common - 计算 precision ing...
12/21/2023 13:57:41 - INFO - utils.common - precision = 0.6251091291351195
12/21/2023 13:57:41 - INFO - utils.common - 计算 recall ing...
12/21/2023 13:57:41 - INFO - utils.common - result = {'f1score': 0.5818744118985371, 'acc': 0.6102, 'precision': 0.6251091291351195, 'recall': 0.5959152346047563}
12/21/2023 13:57:41 - INFO - __main__ - Epoch:19, Val Accuracy:0.6102, f1:0.5818744118985371

12/21/2023 13:57:41 - INFO - __main__ - lr:0.0003
12/21/2023 13:57:41 - INFO - __main__ - ==========Epoch:20==========
Save best weights
12/21/2023 13:58:08 - INFO - utils.common - 计算 f1 score ing...
12/21/2023 13:58:08 - INFO - utils.common - F1score = 0.500715343388833
12/21/2023 13:58:08 - INFO - utils.common - 计算 accuracy ing...
12/21/2023 13:58:08 - INFO - utils.common - acc = 0.541375
12/21/2023 13:58:08 - INFO - utils.common - 计算 precision ing...
12/21/2023 13:58:08 - INFO - utils.common - precision = 0.5191656844927817
12/21/2023 13:58:08 - INFO - utils.common - 计算 recall ing...
12/21/2023 13:58:08 - INFO - utils.common - result = {'f1score': 0.500715343388833, 'acc': 0.541375, 'precision': 0.5191656844927817, 'recall': 0.5291827345772258}
12/21/2023 13:58:08 - INFO - __main__ - Epoch:20, Train Accuracy:0.541375, f1:0.500715343388833

Epoch: [20][0/63]	
12/21/2023 13:58:31 - INFO - utils.common - 计算 f1 score ing...
12/21/2023 13:58:31 - INFO - utils.common - F1score = 0.5404601877928957
12/21/2023 13:58:31 - INFO - utils.common - 计算 accuracy ing...
12/21/2023 13:58:31 - INFO - utils.common - acc = 0.597
12/21/2023 13:58:31 - INFO - utils.common - 计算 precision ing...
12/21/2023 13:58:31 - INFO - utils.common - precision = 0.6134029995383181
12/21/2023 13:58:31 - INFO - utils.common - 计算 recall ing...
12/21/2023 13:58:31 - INFO - utils.common - result = {'f1score': 0.5404601877928957, 'acc': 0.597, 'precision': 0.6134029995383181, 'recall': 0.5748759395963217}
12/21/2023 13:58:31 - INFO - __main__ - Epoch:20, Val Accuracy:0.597, f1:0.5404601877928957

12/21/2023 13:58:31 - INFO - __main__ - lr:0.00027135636881635457
12/21/2023 13:58:31 - INFO - __main__ - ==========Epoch:21==========
early_st 4
12/21/2023 13:58:57 - INFO - utils.common - 计算 f1 score ing...
12/21/2023 13:58:57 - INFO - utils.common - F1score = 0.4940916603276802
12/21/2023 13:58:57 - INFO - utils.common - 计算 accuracy ing...
12/21/2023 13:58:57 - INFO - utils.common - acc = 0.531
12/21/2023 13:58:57 - INFO - utils.common - 计算 precision ing...
12/21/2023 13:58:58 - INFO - utils.common - precision = 0.5161845025863602
12/21/2023 13:58:58 - INFO - utils.common - 计算 recall ing...
12/21/2023 13:58:58 - INFO - utils.common - result = {'f1score': 0.4940916603276802, 'acc': 0.531, 'precision': 0.5161845025863602, 'recall': 0.5203040487256527}
12/21/2023 13:58:58 - INFO - __main__ - Epoch:21, Train Accuracy:0.531, f1:0.4940916603276802

Epoch: [21][0/63]	
12/21/2023 13:59:21 - INFO - utils.common - 计算 f1 score ing...
12/21/2023 13:59:21 - INFO - utils.common - F1score = 0.5110766775596224
12/21/2023 13:59:21 - INFO - utils.common - 计算 accuracy ing...
12/21/2023 13:59:21 - INFO - utils.common - acc = 0.55485
12/21/2023 13:59:21 - INFO - utils.common - 计算 precision ing...
12/21/2023 13:59:21 - INFO - utils.common - precision = 0.6024189314998989
12/21/2023 13:59:21 - INFO - utils.common - 计算 recall ing...
12/21/2023 13:59:21 - INFO - utils.common - result = {'f1score': 0.5110766775596224, 'acc': 0.55485, 'precision': 0.6024189314998989, 'recall': 0.5399406579623965}
12/21/2023 13:59:21 - INFO - __main__ - Epoch:21, Val Accuracy:0.55485, f1:0.5110766775596224

12/21/2023 13:59:21 - INFO - __main__ - lr:0.0001963663688163546
12/21/2023 13:59:21 - INFO - __main__ - ==========Epoch:22==========
early_st 3
12/21/2023 13:59:48 - INFO - utils.common - 计算 f1 score ing...
12/21/2023 13:59:48 - INFO - utils.common - F1score = 0.500838276350019
12/21/2023 13:59:48 - INFO - utils.common - 计算 accuracy ing...
12/21/2023 13:59:48 - INFO - utils.common - acc = 0.539625
12/21/2023 13:59:48 - INFO - utils.common - 计算 precision ing...
12/21/2023 13:59:48 - INFO - utils.common - precision = 0.5307542051576227
12/21/2023 13:59:48 - INFO - utils.common - 计算 recall ing...
12/21/2023 13:59:48 - INFO - utils.common - result = {'f1score': 0.500838276350019, 'acc': 0.539625, 'precision': 0.5307542051576227, 'recall': 0.5282815968836909}
12/21/2023 13:59:48 - INFO - __main__ - Epoch:22, Train Accuracy:0.539625, f1:0.500838276350019

Epoch: [22][0/63]	
12/21/2023 14:00:10 - INFO - utils.common - 计算 f1 score ing...
12/21/2023 14:00:10 - INFO - utils.common - F1score = 0.5238887405113568
12/21/2023 14:00:10 - INFO - utils.common - 计算 accuracy ing...
12/21/2023 14:00:10 - INFO - utils.common - acc = 0.5406
12/21/2023 14:00:10 - INFO - utils.common - 计算 precision ing...
12/21/2023 14:00:10 - INFO - utils.common - precision = 0.5773771350741934
12/21/2023 14:00:10 - INFO - utils.common - 计算 recall ing...
12/21/2023 14:00:10 - INFO - utils.common - result = {'f1score': 0.5238887405113568, 'acc': 0.5406, 'precision': 0.5773771350741934, 'recall': 0.5326133193303836}
12/21/2023 14:00:10 - INFO - __main__ - Epoch:22, Val Accuracy:0.5406, f1:0.5238887405113568

12/21/2023 14:00:10 - INFO - __main__ - lr:0.0001036736311836454
12/21/2023 14:00:10 - INFO - __main__ - ==========Epoch:23==========
early_st 2
12/21/2023 14:00:37 - INFO - utils.common - 计算 f1 score ing...
12/21/2023 14:00:37 - INFO - utils.common - F1score = 0.5041628608950224
12/21/2023 14:00:37 - INFO - utils.common - 计算 accuracy ing...
12/21/2023 14:00:37 - INFO - utils.common - acc = 0.545125
12/21/2023 14:00:37 - INFO - utils.common - 计算 precision ing...
12/21/2023 14:00:37 - INFO - utils.common - precision = 0.5264862275001062
12/21/2023 14:00:37 - INFO - utils.common - 计算 recall ing...
12/21/2023 14:00:37 - INFO - utils.common - result = {'f1score': 0.5041628608950224, 'acc': 0.545125, 'precision': 0.5264862275001062, 'recall': 0.532724256444608}
12/21/2023 14:00:37 - INFO - __main__ - Epoch:23, Train Accuracy:0.545125, f1:0.5041628608950224

Epoch: [23][0/63]	
12/21/2023 14:01:00 - INFO - utils.common - 计算 f1 score ing...
12/21/2023 14:01:00 - INFO - utils.common - F1score = 0.5914670520750924
12/21/2023 14:01:00 - INFO - utils.common - 计算 accuracy ing...
12/21/2023 14:01:00 - INFO - utils.common - acc = 0.6101
12/21/2023 14:01:00 - INFO - utils.common - 计算 precision ing...
12/21/2023 14:01:00 - INFO - utils.common - precision = 0.6135279169696095
12/21/2023 14:01:00 - INFO - utils.common - 计算 recall ing...
12/21/2023 14:01:00 - INFO - utils.common - result = {'f1score': 0.5914670520750924, 'acc': 0.6101, 'precision': 0.6135279169696095, 'recall': 0.6034787716697323}
12/21/2023 14:01:00 - INFO - __main__ - Epoch:23, Val Accuracy:0.6101, f1:0.5914670520750924

12/21/2023 14:01:00 - INFO - __main__ - lr:2.8683631183645395e-05
12/21/2023 14:01:00 - INFO - __main__ - ==========Epoch:24==========
early_st 1
12/21/2023 14:01:30 - INFO - utils.common - 计算 f1 score ing...
12/21/2023 14:01:30 - INFO - utils.common - F1score = 0.5145279192201966
12/21/2023 14:01:30 - INFO - utils.common - 计算 accuracy ing...
12/21/2023 14:01:30 - INFO - utils.common - acc = 0.548625
12/21/2023 14:01:30 - INFO - utils.common - 计算 precision ing...
12/21/2023 14:01:30 - INFO - utils.common - precision = 0.5458329589075385
12/21/2023 14:01:30 - INFO - utils.common - 计算 recall ing...
12/21/2023 14:01:30 - INFO - utils.common - result = {'f1score': 0.5145279192201966, 'acc': 0.548625, 'precision': 0.5458329589075385, 'recall': 0.5380881545831735}
12/21/2023 14:01:30 - INFO - __main__ - Epoch:24, Train Accuracy:0.548625, f1:0.5145279192201966

Epoch: [24][0/63]	
12/21/2023 14:01:43 - INFO - utils.common - 计算 f1 score ing...
12/21/2023 14:01:43 - INFO - utils.common - F1score = 0.5902290319486618
12/21/2023 14:01:43 - INFO - utils.common - 计算 accuracy ing...
12/21/2023 14:01:43 - INFO - utils.common - acc = 0.62005
12/21/2023 14:01:43 - INFO - utils.common - 计算 precision ing...
12/21/2023 14:01:43 - INFO - utils.common - precision = 0.6211296389705996
12/21/2023 14:01:43 - INFO - utils.common - 计算 recall ing...
12/21/2023 14:01:44 - INFO - utils.common - result = {'f1score': 0.5902290319486618, 'acc': 0.62005, 'precision': 0.6211296389705996, 'recall': 0.6075075586890298}
12/21/2023 14:01:44 - INFO - __main__ - Epoch:24, Val Accuracy:0.62005, f1:0.5902290319486618

12/21/2023 14:01:44 - INFO - __main__ - lr:0.0003
12/21/2023 14:01:44 - INFO - __main__ - ==========Epoch:25==========
Save best weights
12/21/2023 14:02:08 - INFO - utils.common - 计算 f1 score ing...
12/21/2023 14:02:08 - INFO - utils.common - F1score = 0.516839357286845
12/21/2023 14:02:08 - INFO - utils.common - 计算 accuracy ing...
12/21/2023 14:02:08 - INFO - utils.common - acc = 0.55125
12/21/2023 14:02:08 - INFO - utils.common - 计算 precision ing...
12/21/2023 14:02:08 - INFO - utils.common - precision = 0.5405685190282811
12/21/2023 14:02:08 - INFO - utils.common - 计算 recall ing...
12/21/2023 14:02:08 - INFO - utils.common - result = {'f1score': 0.516839357286845, 'acc': 0.55125, 'precision': 0.5405685190282811, 'recall': 0.5395425006959229}
12/21/2023 14:02:08 - INFO - __main__ - Epoch:25, Train Accuracy:0.55125, f1:0.516839357286845

Epoch: [25][0/63]	
12/21/2023 14:02:22 - INFO - utils.common - 计算 f1 score ing...
12/21/2023 14:02:22 - INFO - utils.common - F1score = 0.5442945768854653
12/21/2023 14:02:22 - INFO - utils.common - 计算 accuracy ing...
12/21/2023 14:02:22 - INFO - utils.common - acc = 0.56785
12/21/2023 14:02:22 - INFO - utils.common - 计算 precision ing...
12/21/2023 14:02:22 - INFO - utils.common - precision = 0.5719714136191008
12/21/2023 14:02:22 - INFO - utils.common - 计算 recall ing...
12/21/2023 14:02:23 - INFO - utils.common - result = {'f1score': 0.5442945768854653, 'acc': 0.56785, 'precision': 0.5719714136191008, 'recall': 0.5544144379812762}
12/21/2023 14:02:23 - INFO - __main__ - Epoch:25, Val Accuracy:0.56785, f1:0.5442945768854653

12/21/2023 14:02:23 - INFO - __main__ - lr:0.00027135636881635457
12/21/2023 14:02:23 - INFO - __main__ - ==========Epoch:26==========
early_st 4
12/21/2023 14:02:43 - INFO - utils.common - 计算 f1 score ing...
12/21/2023 14:02:44 - INFO - utils.common - F1score = 0.520594479665503
12/21/2023 14:02:44 - INFO - utils.common - 计算 accuracy ing...
12/21/2023 14:02:44 - INFO - utils.common - acc = 0.553125
12/21/2023 14:02:44 - INFO - utils.common - 计算 precision ing...
12/21/2023 14:02:44 - INFO - utils.common - precision = 0.5427282539836615
12/21/2023 14:02:44 - INFO - utils.common - 计算 recall ing...
12/21/2023 14:02:44 - INFO - utils.common - result = {'f1score': 0.520594479665503, 'acc': 0.553125, 'precision': 0.5427282539836615, 'recall': 0.544129129166398}
12/21/2023 14:02:44 - INFO - __main__ - Epoch:26, Train Accuracy:0.553125, f1:0.520594479665503

Epoch: [26][0/63]	
12/21/2023 14:02:59 - INFO - utils.common - 计算 f1 score ing...
12/21/2023 14:02:59 - INFO - utils.common - F1score = 0.5831667621733275
12/21/2023 14:02:59 - INFO - utils.common - 计算 accuracy ing...
12/21/2023 14:02:59 - INFO - utils.common - acc = 0.60955
12/21/2023 14:02:59 - INFO - utils.common - 计算 precision ing...
12/21/2023 14:02:59 - INFO - utils.common - precision = 0.6165308471947073
12/21/2023 14:02:59 - INFO - utils.common - 计算 recall ing...
12/21/2023 14:02:59 - INFO - utils.common - result = {'f1score': 0.5831667621733275, 'acc': 0.60955, 'precision': 0.6165308471947073, 'recall': 0.6039016934268442}
12/21/2023 14:02:59 - INFO - __main__ - Epoch:26, Val Accuracy:0.60955, f1:0.5831667621733275

12/21/2023 14:02:59 - INFO - __main__ - lr:0.0001963663688163546
12/21/2023 14:02:59 - INFO - __main__ - ==========Epoch:27==========
early_st 3
12/21/2023 14:03:18 - INFO - utils.common - 计算 f1 score ing...
12/21/2023 14:03:18 - INFO - utils.common - F1score = 0.5261534446183984
12/21/2023 14:03:18 - INFO - utils.common - 计算 accuracy ing...
12/21/2023 14:03:18 - INFO - utils.common - acc = 0.556125
12/21/2023 14:03:18 - INFO - utils.common - 计算 precision ing...
12/21/2023 14:03:18 - INFO - utils.common - precision = 0.5422795944275387
12/21/2023 14:03:18 - INFO - utils.common - 计算 recall ing...
12/21/2023 14:03:18 - INFO - utils.common - result = {'f1score': 0.5261534446183984, 'acc': 0.556125, 'precision': 0.5422795944275387, 'recall': 0.5469558874882997}
12/21/2023 14:03:18 - INFO - __main__ - Epoch:27, Train Accuracy:0.556125, f1:0.5261534446183984

Epoch: [27][0/63]	
12/21/2023 14:03:34 - INFO - utils.common - 计算 f1 score ing...
12/21/2023 14:03:34 - INFO - utils.common - F1score = 0.5507504839666091
12/21/2023 14:03:34 - INFO - utils.common - 计算 accuracy ing...
12/21/2023 14:03:34 - INFO - utils.common - acc = 0.59255
12/21/2023 14:03:34 - INFO - utils.common - 计算 precision ing...
12/21/2023 14:03:35 - INFO - utils.common - precision = 0.6018647879796938
12/21/2023 14:03:35 - INFO - utils.common - 计算 recall ing...
12/21/2023 14:03:35 - INFO - utils.common - result = {'f1score': 0.5507504839666091, 'acc': 0.59255, 'precision': 0.6018647879796938, 'recall': 0.5756362586764004}
12/21/2023 14:03:35 - INFO - __main__ - Epoch:27, Val Accuracy:0.59255, f1:0.5507504839666091

12/21/2023 14:03:35 - INFO - __main__ - lr:0.0001036736311836454
12/21/2023 14:03:35 - INFO - __main__ - ==========Epoch:28==========
early_st 2
12/21/2023 14:03:57 - INFO - utils.common - 计算 f1 score ing...
12/21/2023 14:03:57 - INFO - utils.common - F1score = 0.5207740266063203
12/21/2023 14:03:57 - INFO - utils.common - 计算 accuracy ing...
12/21/2023 14:03:57 - INFO - utils.common - acc = 0.553625
12/21/2023 14:03:57 - INFO - utils.common - 计算 precision ing...
12/21/2023 14:03:57 - INFO - utils.common - precision = 0.5431469979503053
12/21/2023 14:03:57 - INFO - utils.common - 计算 recall ing...
12/21/2023 14:03:57 - INFO - utils.common - result = {'f1score': 0.5207740266063203, 'acc': 0.553625, 'precision': 0.5431469979503053, 'recall': 0.5428839669979154}
12/21/2023 14:03:57 - INFO - __main__ - Epoch:28, Train Accuracy:0.553625, f1:0.5207740266063203

Epoch: [28][0/63]	
12/21/2023 14:04:12 - INFO - utils.common - 计算 f1 score ing...
12/21/2023 14:04:12 - INFO - utils.common - F1score = 0.6229262688735584
12/21/2023 14:04:12 - INFO - utils.common - 计算 accuracy ing...
12/21/2023 14:04:12 - INFO - utils.common - acc = 0.6489
12/21/2023 14:04:12 - INFO - utils.common - 计算 precision ing...
12/21/2023 14:04:12 - INFO - utils.common - precision = 0.6514221115994174
12/21/2023 14:04:12 - INFO - utils.common - 计算 recall ing...
12/21/2023 14:04:12 - INFO - utils.common - result = {'f1score': 0.6229262688735584, 'acc': 0.6489, 'precision': 0.6514221115994174, 'recall': 0.6387912006240395}
12/21/2023 14:04:12 - INFO - __main__ - Epoch:28, Val Accuracy:0.6489, f1:0.6229262688735584

12/21/2023 14:04:12 - INFO - __main__ - lr:2.8683631183645395e-05
12/21/2023 14:04:12 - INFO - __main__ - ==========Epoch:29==========
Save best weights
12/21/2023 14:04:33 - INFO - utils.common - 计算 f1 score ing...
12/21/2023 14:04:33 - INFO - utils.common - F1score = 0.5403610892957706
12/21/2023 14:04:33 - INFO - utils.common - 计算 accuracy ing...
12/21/2023 14:04:33 - INFO - utils.common - acc = 0.5685
12/21/2023 14:04:33 - INFO - utils.common - 计算 precision ing...
12/21/2023 14:04:33 - INFO - utils.common - precision = 0.5579979900924814
12/21/2023 14:04:33 - INFO - utils.common - 计算 recall ing...
12/21/2023 14:04:33 - INFO - utils.common - result = {'f1score': 0.5403610892957706, 'acc': 0.5685, 'precision': 0.5579979900924814, 'recall': 0.558989129595772}
12/21/2023 14:04:33 - INFO - __main__ - Epoch:29, Train Accuracy:0.5685, f1:0.5403610892957706

Epoch: [29][0/63]	
12/21/2023 14:04:47 - INFO - utils.common - 计算 f1 score ing...
12/21/2023 14:04:47 - INFO - utils.common - F1score = 0.6095301161104438
12/21/2023 14:04:47 - INFO - utils.common - 计算 accuracy ing...
12/21/2023 14:04:47 - INFO - utils.common - acc = 0.6267
12/21/2023 14:04:47 - INFO - utils.common - 计算 precision ing...
12/21/2023 14:04:47 - INFO - utils.common - precision = 0.6460710451526132
12/21/2023 14:04:47 - INFO - utils.common - 计算 recall ing...
12/21/2023 14:04:47 - INFO - utils.common - result = {'f1score': 0.6095301161104438, 'acc': 0.6267, 'precision': 0.6460710451526132, 'recall': 0.6189179436454171}
12/21/2023 14:04:47 - INFO - __main__ - Epoch:29, Val Accuracy:0.6267, f1:0.6095301161104438

12/21/2023 14:04:47 - INFO - __main__ - lr:0.0003
12/21/2023 14:04:47 - INFO - __main__ - ==========Epoch:30==========
early_st 4
12/21/2023 14:05:07 - INFO - utils.common - 计算 f1 score ing...
12/21/2023 14:05:07 - INFO - utils.common - F1score = 0.5275304491700624
12/21/2023 14:05:07 - INFO - utils.common - 计算 accuracy ing...
12/21/2023 14:05:07 - INFO - utils.common - acc = 0.5605
12/21/2023 14:05:07 - INFO - utils.common - 计算 precision ing...
12/21/2023 14:05:07 - INFO - utils.common - precision = 0.5553804440368384
12/21/2023 14:05:07 - INFO - utils.common - 计算 recall ing...
12/21/2023 14:05:07 - INFO - utils.common - result = {'f1score': 0.5275304491700624, 'acc': 0.5605, 'precision': 0.5553804440368384, 'recall': 0.5497933205806702}
12/21/2023 14:05:07 - INFO - __main__ - Epoch:30, Train Accuracy:0.5605, f1:0.5275304491700624

Epoch: [30][0/63]	
12/21/2023 14:05:23 - INFO - utils.common - 计算 f1 score ing...
12/21/2023 14:05:23 - INFO - utils.common - F1score = 0.34711717332116715
12/21/2023 14:05:23 - INFO - utils.common - 计算 accuracy ing...
12/21/2023 14:05:23 - INFO - utils.common - acc = 0.3924
12/21/2023 14:05:23 - INFO - utils.common - 计算 precision ing...
12/21/2023 14:05:24 - INFO - utils.common - precision = 0.4928186767213881
12/21/2023 14:05:24 - INFO - utils.common - 计算 recall ing...
12/21/2023 14:05:24 - INFO - utils.common - result = {'f1score': 0.34711717332116715, 'acc': 0.3924, 'precision': 0.4928186767213881, 'recall': 0.3829876134099708}
12/21/2023 14:05:24 - INFO - __main__ - Epoch:30, Val Accuracy:0.3924, f1:0.34711717332116715

12/21/2023 14:05:24 - INFO - __main__ - lr:0.00027135636881635457
12/21/2023 14:05:24 - INFO - __main__ - ==========Epoch:31==========
early_st 3
12/21/2023 14:05:50 - INFO - utils.common - 计算 f1 score ing...
12/21/2023 14:05:50 - INFO - utils.common - F1score = 0.5441194451388828
12/21/2023 14:05:50 - INFO - utils.common - 计算 accuracy ing...
12/21/2023 14:05:50 - INFO - utils.common - acc = 0.570875
12/21/2023 14:05:50 - INFO - utils.common - 计算 precision ing...
12/21/2023 14:05:50 - INFO - utils.common - precision = 0.5626218289679717
12/21/2023 14:05:50 - INFO - utils.common - 计算 recall ing...
12/21/2023 14:05:50 - INFO - utils.common - result = {'f1score': 0.5441194451388828, 'acc': 0.570875, 'precision': 0.5626218289679717, 'recall': 0.5608347168472685}
12/21/2023 14:05:50 - INFO - __main__ - Epoch:31, Train Accuracy:0.570875, f1:0.5441194451388828

Epoch: [31][0/63]	
12/21/2023 14:06:14 - INFO - utils.common - 计算 f1 score ing...
12/21/2023 14:06:14 - INFO - utils.common - F1score = 0.5898047247464877
12/21/2023 14:06:14 - INFO - utils.common - 计算 accuracy ing...
12/21/2023 14:06:14 - INFO - utils.common - acc = 0.61465
12/21/2023 14:06:14 - INFO - utils.common - 计算 precision ing...
12/21/2023 14:06:14 - INFO - utils.common - precision = 0.6330896494903052
12/21/2023 14:06:14 - INFO - utils.common - 计算 recall ing...
12/21/2023 14:06:14 - INFO - utils.common - result = {'f1score': 0.5898047247464877, 'acc': 0.61465, 'precision': 0.6330896494903052, 'recall': 0.6085504560792591}
12/21/2023 14:06:14 - INFO - __main__ - Epoch:31, Val Accuracy:0.61465, f1:0.5898047247464877

12/21/2023 14:06:14 - INFO - __main__ - lr:0.0001963663688163546
12/21/2023 14:06:14 - INFO - __main__ - ==========Epoch:32==========
early_st 2
12/21/2023 14:06:47 - INFO - utils.common - 计算 f1 score ing...
12/21/2023 14:06:47 - INFO - utils.common - F1score = 0.54238390917272
12/21/2023 14:06:47 - INFO - utils.common - 计算 accuracy ing...
12/21/2023 14:06:47 - INFO - utils.common - acc = 0.57075
12/21/2023 14:06:47 - INFO - utils.common - 计算 precision ing...
12/21/2023 14:06:47 - INFO - utils.common - precision = 0.5547614844050653
12/21/2023 14:06:47 - INFO - utils.common - 计算 recall ing...
12/21/2023 14:06:47 - INFO - utils.common - result = {'f1score': 0.54238390917272, 'acc': 0.57075, 'precision': 0.5547614844050653, 'recall': 0.5610348182159128}
12/21/2023 14:06:47 - INFO - __main__ - Epoch:32, Train Accuracy:0.57075, f1:0.54238390917272

Epoch: [32][0/63]	
12/21/2023 14:07:10 - INFO - utils.common - 计算 f1 score ing...
12/21/2023 14:07:10 - INFO - utils.common - F1score = 0.5913657450588634
12/21/2023 14:07:10 - INFO - utils.common - 计算 accuracy ing...
12/21/2023 14:07:10 - INFO - utils.common - acc = 0.6101
12/21/2023 14:07:10 - INFO - utils.common - 计算 precision ing...
12/21/2023 14:07:10 - INFO - utils.common - precision = 0.6367439619602177
12/21/2023 14:07:10 - INFO - utils.common - 计算 recall ing...
12/21/2023 14:07:10 - INFO - utils.common - result = {'f1score': 0.5913657450588634, 'acc': 0.6101, 'precision': 0.6367439619602177, 'recall': 0.5977441143819145}
12/21/2023 14:07:10 - INFO - __main__ - Epoch:32, Val Accuracy:0.6101, f1:0.5913657450588634

12/21/2023 14:07:10 - INFO - __main__ - lr:0.0001036736311836454
12/21/2023 14:07:10 - INFO - __main__ - ==========Epoch:33==========
early_st 1
12/21/2023 14:07:36 - INFO - utils.common - 计算 f1 score ing...
12/21/2023 14:07:36 - INFO - utils.common - F1score = 0.549677055171416
12/21/2023 14:07:36 - INFO - utils.common - 计算 accuracy ing...
12/21/2023 14:07:36 - INFO - utils.common - acc = 0.577875
12/21/2023 14:07:36 - INFO - utils.common - 计算 precision ing...
12/21/2023 14:07:36 - INFO - utils.common - precision = 0.566469492843352
12/21/2023 14:07:36 - INFO - utils.common - 计算 recall ing...
12/21/2023 14:07:36 - INFO - utils.common - result = {'f1score': 0.549677055171416, 'acc': 0.577875, 'precision': 0.566469492843352, 'recall': 0.5677618332579425}
12/21/2023 14:07:36 - INFO - __main__ - Epoch:33, Train Accuracy:0.577875, f1:0.549677055171416

Epoch: [33][0/63]	
12/21/2023 14:07:54 - INFO - utils.common - 计算 f1 score ing...
12/21/2023 14:07:54 - INFO - utils.common - F1score = 0.6390720496856718
12/21/2023 14:07:54 - INFO - utils.common - 计算 accuracy ing...
12/21/2023 14:07:54 - INFO - utils.common - acc = 0.6674
12/21/2023 14:07:54 - INFO - utils.common - 计算 precision ing...
12/21/2023 14:07:54 - INFO - utils.common - precision = 0.6711462496896267
12/21/2023 14:07:54 - INFO - utils.common - 计算 recall ing...
12/21/2023 14:07:54 - INFO - utils.common - result = {'f1score': 0.6390720496856718, 'acc': 0.6674, 'precision': 0.6711462496896267, 'recall': 0.6536331675678821}
12/21/2023 14:07:54 - INFO - __main__ - Epoch:33, Val Accuracy:0.6674, f1:0.6390720496856718

12/21/2023 14:07:54 - INFO - __main__ - lr:2.8683631183645395e-05
12/21/2023 14:07:54 - INFO - __main__ - ==========Epoch:34==========
Save best weights
12/21/2023 14:08:30 - INFO - utils.common - 计算 f1 score ing...
12/21/2023 14:08:30 - INFO - utils.common - F1score = 0.5552297360329702
12/21/2023 14:08:30 - INFO - utils.common - 计算 accuracy ing...
12/21/2023 14:08:30 - INFO - utils.common - acc = 0.584
12/21/2023 14:08:30 - INFO - utils.common - 计算 precision ing...
12/21/2023 14:08:30 - INFO - utils.common - precision = 0.5765678270335274
12/21/2023 14:08:30 - INFO - utils.common - 计算 recall ing...
12/21/2023 14:08:30 - INFO - utils.common - result = {'f1score': 0.5552297360329702, 'acc': 0.584, 'precision': 0.5765678270335274, 'recall': 0.5735146440382639}
12/21/2023 14:08:30 - INFO - __main__ - Epoch:34, Train Accuracy:0.584, f1:0.5552297360329702

Epoch: [34][0/63]	
12/21/2023 14:08:51 - INFO - utils.common - 计算 f1 score ing...
12/21/2023 14:08:51 - INFO - utils.common - F1score = 0.6392386062053645
12/21/2023 14:08:51 - INFO - utils.common - 计算 accuracy ing...
12/21/2023 14:08:51 - INFO - utils.common - acc = 0.6632
12/21/2023 14:08:51 - INFO - utils.common - 计算 precision ing...
12/21/2023 14:08:51 - INFO - utils.common - precision = 0.6735827275956294
12/21/2023 14:08:51 - INFO - utils.common - 计算 recall ing...
12/21/2023 14:08:51 - INFO - utils.common - result = {'f1score': 0.6392386062053645, 'acc': 0.6632, 'precision': 0.6735827275956294, 'recall': 0.6506658931121566}
12/21/2023 14:08:51 - INFO - __main__ - Epoch:34, Val Accuracy:0.6632, f1:0.6392386062053645

12/21/2023 14:08:51 - INFO - __main__ - lr:0.0003
12/21/2023 14:08:51 - INFO - __main__ - ==========Epoch:35==========
early_st 4
12/21/2023 14:09:21 - INFO - utils.common - 计算 f1 score ing...
12/21/2023 14:09:21 - INFO - utils.common - F1score = 0.5593025127437645
12/21/2023 14:09:21 - INFO - utils.common - 计算 accuracy ing...
12/21/2023 14:09:21 - INFO - utils.common - acc = 0.581625
12/21/2023 14:09:21 - INFO - utils.common - 计算 precision ing...
12/21/2023 14:09:21 - INFO - utils.common - precision = 0.5726501336546105
12/21/2023 14:09:21 - INFO - utils.common - 计算 recall ing...
12/21/2023 14:09:21 - INFO - utils.common - result = {'f1score': 0.5593025127437645, 'acc': 0.581625, 'precision': 0.5726501336546105, 'recall': 0.573502037998594}
12/21/2023 14:09:21 - INFO - __main__ - Epoch:35, Train Accuracy:0.581625, f1:0.5593025127437645

Epoch: [35][0/63]	
12/21/2023 14:09:40 - INFO - utils.common - 计算 f1 score ing...
12/21/2023 14:09:40 - INFO - utils.common - F1score = 0.5728284623924687
12/21/2023 14:09:40 - INFO - utils.common - 计算 accuracy ing...
12/21/2023 14:09:40 - INFO - utils.common - acc = 0.60135
12/21/2023 14:09:40 - INFO - utils.common - 计算 precision ing...
12/21/2023 14:09:40 - INFO - utils.common - precision = 0.6199836190789593
12/21/2023 14:09:40 - INFO - utils.common - 计算 recall ing...
12/21/2023 14:09:40 - INFO - utils.common - result = {'f1score': 0.5728284623924687, 'acc': 0.60135, 'precision': 0.6199836190789593, 'recall': 0.5848372110634967}
12/21/2023 14:09:40 - INFO - __main__ - Epoch:35, Val Accuracy:0.60135, f1:0.5728284623924687

12/21/2023 14:09:40 - INFO - __main__ - lr:0.00027135636881635457
12/21/2023 14:09:40 - INFO - __main__ - ==========Epoch:36==========
early_st 3
12/21/2023 14:10:03 - INFO - utils.common - 计算 f1 score ing...
12/21/2023 14:10:03 - INFO - utils.common - F1score = 0.5498111695881606
12/21/2023 14:10:03 - INFO - utils.common - 计算 accuracy ing...
12/21/2023 14:10:03 - INFO - utils.common - acc = 0.575125
12/21/2023 14:10:03 - INFO - utils.common - 计算 precision ing...
12/21/2023 14:10:03 - INFO - utils.common - precision = 0.5632324751315418
12/21/2023 14:10:03 - INFO - utils.common - 计算 recall ing...
12/21/2023 14:10:03 - INFO - utils.common - result = {'f1score': 0.5498111695881606, 'acc': 0.575125, 'precision': 0.5632324751315418, 'recall': 0.5665325905841893}
12/21/2023 14:10:03 - INFO - __main__ - Epoch:36, Train Accuracy:0.575125, f1:0.5498111695881606

Epoch: [36][0/63]	
12/21/2023 14:10:24 - INFO - utils.common - 计算 f1 score ing...
12/21/2023 14:10:24 - INFO - utils.common - F1score = 0.6349830042734064
12/21/2023 14:10:24 - INFO - utils.common - 计算 accuracy ing...
12/21/2023 14:10:24 - INFO - utils.common - acc = 0.6571
12/21/2023 14:10:24 - INFO - utils.common - 计算 precision ing...
12/21/2023 14:10:24 - INFO - utils.common - precision = 0.6694257642612336
12/21/2023 14:10:24 - INFO - utils.common - 计算 recall ing...
12/21/2023 14:10:25 - INFO - utils.common - result = {'f1score': 0.6349830042734064, 'acc': 0.6571, 'precision': 0.6694257642612336, 'recall': 0.645680895230191}
12/21/2023 14:10:25 - INFO - __main__ - Epoch:36, Val Accuracy:0.6571, f1:0.6349830042734064

12/21/2023 14:10:25 - INFO - __main__ - lr:0.0001963663688163546
12/21/2023 14:10:25 - INFO - __main__ - ==========Epoch:37==========
early_st 2
12/21/2023 14:10:57 - INFO - utils.common - 计算 f1 score ing...
12/21/2023 14:10:57 - INFO - utils.common - F1score = 0.557943433316413
12/21/2023 14:10:57 - INFO - utils.common - 计算 accuracy ing...
12/21/2023 14:10:57 - INFO - utils.common - acc = 0.582
12/21/2023 14:10:57 - INFO - utils.common - 计算 precision ing...
12/21/2023 14:10:57 - INFO - utils.common - precision = 0.5671359045183318
12/21/2023 14:10:57 - INFO - utils.common - 计算 recall ing...
12/21/2023 14:10:57 - INFO - utils.common - result = {'f1score': 0.557943433316413, 'acc': 0.582, 'precision': 0.5671359045183318, 'recall': 0.5727840065471406}
12/21/2023 14:10:57 - INFO - __main__ - Epoch:37, Train Accuracy:0.582, f1:0.557943433316413

Epoch: [37][0/63]	
12/21/2023 14:11:18 - INFO - utils.common - 计算 f1 score ing...
12/21/2023 14:11:18 - INFO - utils.common - F1score = 0.6215496820022923
12/21/2023 14:11:18 - INFO - utils.common - 计算 accuracy ing...
12/21/2023 14:11:18 - INFO - utils.common - acc = 0.65365
12/21/2023 14:11:18 - INFO - utils.common - 计算 precision ing...
12/21/2023 14:11:18 - INFO - utils.common - precision = 0.6630393735903866
12/21/2023 14:11:18 - INFO - utils.common - 计算 recall ing...
12/21/2023 14:11:18 - INFO - utils.common - result = {'f1score': 0.6215496820022923, 'acc': 0.65365, 'precision': 0.6630393735903866, 'recall': 0.6392975351718522}
12/21/2023 14:11:18 - INFO - __main__ - Epoch:37, Val Accuracy:0.65365, f1:0.6215496820022923

12/21/2023 14:11:18 - INFO - __main__ - lr:0.0001036736311836454
12/21/2023 14:11:18 - INFO - __main__ - ==========Epoch:38==========
early_st 1
12/21/2023 14:11:46 - INFO - utils.common - 计算 f1 score ing...
12/21/2023 14:11:46 - INFO - utils.common - F1score = 0.5713677458947184
12/21/2023 14:11:46 - INFO - utils.common - 计算 accuracy ing...
12/21/2023 14:11:46 - INFO - utils.common - acc = 0.598
12/21/2023 14:11:46 - INFO - utils.common - 计算 precision ing...
12/21/2023 14:11:46 - INFO - utils.common - precision = 0.5850723408188481
12/21/2023 14:11:46 - INFO - utils.common - 计算 recall ing...
12/21/2023 14:11:46 - INFO - utils.common - result = {'f1score': 0.5713677458947184, 'acc': 0.598, 'precision': 0.5850723408188481, 'recall': 0.5868320596653183}
12/21/2023 14:11:46 - INFO - __main__ - Epoch:38, Train Accuracy:0.598, f1:0.5713677458947184

Epoch: [38][0/63]	
12/21/2023 14:12:06 - INFO - utils.common - 计算 f1 score ing...
12/21/2023 14:12:06 - INFO - utils.common - F1score = 0.6337326939755926
12/21/2023 14:12:06 - INFO - utils.common - 计算 accuracy ing...
12/21/2023 14:12:06 - INFO - utils.common - acc = 0.65995
12/21/2023 14:12:06 - INFO - utils.common - 计算 precision ing...
12/21/2023 14:12:06 - INFO - utils.common - precision = 0.6647564221327144
12/21/2023 14:12:06 - INFO - utils.common - 计算 recall ing...
12/21/2023 14:12:06 - INFO - utils.common - result = {'f1score': 0.6337326939755926, 'acc': 0.65995, 'precision': 0.6647564221327144, 'recall': 0.6444454328997896}
12/21/2023 14:12:06 - INFO - __main__ - Epoch:38, Val Accuracy:0.65995, f1:0.6337326939755926

12/21/2023 14:12:06 - INFO - __main__ - lr:2.8683631183645395e-05
early_st 0
early_stop
Test
12/21/2023 14:12:14 - INFO - utils.common - 计算 f1 score ing...
12/21/2023 14:12:14 - INFO - utils.common - F1score = 0.6831727341637489
12/21/2023 14:12:14 - INFO - utils.common - 计算 accuracy ing...
12/21/2023 14:12:14 - INFO - utils.common - acc = 0.7525069637883008
12/21/2023 14:12:14 - INFO - utils.common - 计算 precision ing...
12/21/2023 14:12:14 - INFO - utils.common - precision = 0.7409597695910437
12/21/2023 14:12:14 - INFO - utils.common - 计算 recall ing...
12/21/2023 14:12:14 - INFO - utils.common - result = {'f1score': 0.6831727341637489, 'acc': 0.7525069637883008, 'precision': 0.7409597695910437, 'recall': 0.7202327100771289}
12/21/2023 14:12:14 - INFO - __main__ - test_f1:0.6831727341637489, test_acc:0.7525069637883008, test_precision:0.7409597695910437, test_recall:0.7202327100771289
12/21/2023 14:12:14 - INFO - __main__ - Finish fine-turning...
