nohup: ignoring input
12/21/2023 13:51:32 - INFO - __main__ - 设置 seed 为:  0
12/21/2023 13:51:32 - INFO - __main__ - Start fine-turning...
12/21/2023 13:51:37 - INFO - __main__ - ==========Epoch:0==========
=> no checkpoint found at '
12/21/2023 13:52:58 - INFO - utils.common - 计算 f1 score ing...
12/21/2023 13:52:59 - INFO - utils.common - F1score = 0.30183265968695494
12/21/2023 13:52:59 - INFO - utils.common - 计算 accuracy ing...
12/21/2023 13:52:59 - INFO - utils.common - acc = 0.3648
12/21/2023 13:52:59 - INFO - utils.common - 计算 precision ing...
12/21/2023 13:52:59 - INFO - utils.common - precision = 0.33951536846067437
12/21/2023 13:52:59 - INFO - utils.common - 计算 recall ing...
12/21/2023 13:52:59 - INFO - utils.common - result = {'f1score': 0.30183265968695494, 'acc': 0.3648, 'precision': 0.33951536846067437, 'recall': 0.3479126815090188}
12/21/2023 13:52:59 - INFO - __main__ - Epoch:0, Train Accuracy:0.3648, f1:0.30183265968695494

Epoch: [0][0/313]	
Epoch: [0][100/313]	
Epoch: [0][200/313]	
Epoch: [0][300/313]	
12/21/2023 13:53:13 - INFO - utils.common - 计算 f1 score ing...
12/21/2023 13:53:13 - INFO - utils.common - F1score = 0.5184308988443762
12/21/2023 13:53:13 - INFO - utils.common - 计算 accuracy ing...
12/21/2023 13:53:13 - INFO - utils.common - acc = 0.5499
12/21/2023 13:53:13 - INFO - utils.common - 计算 precision ing...
12/21/2023 13:53:13 - INFO - utils.common - precision = 0.5719587974732492
12/21/2023 13:53:13 - INFO - utils.common - 计算 recall ing...
12/21/2023 13:53:13 - INFO - utils.common - result = {'f1score': 0.5184308988443762, 'acc': 0.5499, 'precision': 0.5719587974732492, 'recall': 0.534543962081872}
12/21/2023 13:53:13 - INFO - __main__ - Epoch:0, Val Accuracy:0.5499, f1:0.5184308988443762

12/21/2023 13:53:13 - INFO - __main__ - lr:0.00027135636881635457
12/21/2023 13:53:13 - INFO - __main__ - ==========Epoch:1==========
Save best weights
12/21/2023 13:54:32 - INFO - utils.common - 计算 f1 score ing...
12/21/2023 13:54:32 - INFO - utils.common - F1score = 0.4418975969883647
12/21/2023 13:54:32 - INFO - utils.common - 计算 accuracy ing...
12/21/2023 13:54:32 - INFO - utils.common - acc = 0.49045
12/21/2023 13:54:32 - INFO - utils.common - 计算 precision ing...
12/21/2023 13:54:32 - INFO - utils.common - precision = 0.47299700585453686
12/21/2023 13:54:32 - INFO - utils.common - 计算 recall ing...
12/21/2023 13:54:32 - INFO - utils.common - result = {'f1score': 0.4418975969883647, 'acc': 0.49045, 'precision': 0.47299700585453686, 'recall': 0.4762080196515483}
12/21/2023 13:54:32 - INFO - __main__ - Epoch:1, Train Accuracy:0.49045, f1:0.4418975969883647

Epoch: [1][0/313]	
Epoch: [1][100/313]	
Epoch: [1][200/313]	
Epoch: [1][300/313]	
12/21/2023 13:54:46 - INFO - utils.common - 计算 f1 score ing...
12/21/2023 13:54:46 - INFO - utils.common - F1score = 0.5390564223019869
12/21/2023 13:54:46 - INFO - utils.common - 计算 accuracy ing...
12/21/2023 13:54:46 - INFO - utils.common - acc = 0.58265
12/21/2023 13:54:46 - INFO - utils.common - 计算 precision ing...
12/21/2023 13:54:46 - INFO - utils.common - precision = 0.608365896291358
12/21/2023 13:54:46 - INFO - utils.common - 计算 recall ing...
12/21/2023 13:54:46 - INFO - utils.common - result = {'f1score': 0.5390564223019869, 'acc': 0.58265, 'precision': 0.608365896291358, 'recall': 0.5649351108879168}
12/21/2023 13:54:46 - INFO - __main__ - Epoch:1, Val Accuracy:0.58265, f1:0.5390564223019869

12/21/2023 13:54:46 - INFO - __main__ - lr:0.0001963663688163546
12/21/2023 13:54:46 - INFO - __main__ - ==========Epoch:2==========
Save best weights
12/21/2023 13:56:06 - INFO - utils.common - 计算 f1 score ing...
12/21/2023 13:56:06 - INFO - utils.common - F1score = 0.48521333183824794
12/21/2023 13:56:06 - INFO - utils.common - 计算 accuracy ing...
12/21/2023 13:56:06 - INFO - utils.common - acc = 0.523075
12/21/2023 13:56:06 - INFO - utils.common - 计算 precision ing...
12/21/2023 13:56:06 - INFO - utils.common - precision = 0.5069213372880305
12/21/2023 13:56:06 - INFO - utils.common - 计算 recall ing...
12/21/2023 13:56:06 - INFO - utils.common - result = {'f1score': 0.48521333183824794, 'acc': 0.523075, 'precision': 0.5069213372880305, 'recall': 0.5120622095408548}
12/21/2023 13:56:06 - INFO - __main__ - Epoch:2, Train Accuracy:0.523075, f1:0.48521333183824794

Epoch: [2][0/313]	
Epoch: [2][100/313]	
Epoch: [2][200/313]	
Epoch: [2][300/313]	
12/21/2023 13:56:22 - INFO - utils.common - 计算 f1 score ing...
12/21/2023 13:56:22 - INFO - utils.common - F1score = 0.5190430880918547
12/21/2023 13:56:22 - INFO - utils.common - 计算 accuracy ing...
12/21/2023 13:56:22 - INFO - utils.common - acc = 0.5526
12/21/2023 13:56:22 - INFO - utils.common - 计算 precision ing...
12/21/2023 13:56:22 - INFO - utils.common - precision = 0.5761626889079072
12/21/2023 13:56:22 - INFO - utils.common - 计算 recall ing...
12/21/2023 13:56:22 - INFO - utils.common - result = {'f1score': 0.5190430880918547, 'acc': 0.5526, 'precision': 0.5761626889079072, 'recall': 0.5375163611284072}
12/21/2023 13:56:22 - INFO - __main__ - Epoch:2, Val Accuracy:0.5526, f1:0.5190430880918547

12/21/2023 13:56:22 - INFO - __main__ - lr:0.0001036736311836454
12/21/2023 13:56:22 - INFO - __main__ - ==========Epoch:3==========
early_st 4
12/21/2023 13:57:51 - INFO - utils.common - 计算 f1 score ing...
12/21/2023 13:57:51 - INFO - utils.common - F1score = 0.5076215141239111
12/21/2023 13:57:51 - INFO - utils.common - 计算 accuracy ing...
12/21/2023 13:57:51 - INFO - utils.common - acc = 0.54085
12/21/2023 13:57:51 - INFO - utils.common - 计算 precision ing...
12/21/2023 13:57:51 - INFO - utils.common - precision = 0.5276950296515918
12/21/2023 13:57:51 - INFO - utils.common - 计算 recall ing...
12/21/2023 13:57:52 - INFO - utils.common - result = {'f1score': 0.5076215141239111, 'acc': 0.54085, 'precision': 0.5276950296515918, 'recall': 0.5308367483623951}
12/21/2023 13:57:52 - INFO - __main__ - Epoch:3, Train Accuracy:0.54085, f1:0.5076215141239111

Epoch: [3][0/313]	
Epoch: [3][100/313]	
Epoch: [3][200/313]	
Epoch: [3][300/313]	
12/21/2023 13:58:04 - INFO - utils.common - 计算 f1 score ing...
12/21/2023 13:58:04 - INFO - utils.common - F1score = 0.615886820539511
12/21/2023 13:58:04 - INFO - utils.common - 计算 accuracy ing...
12/21/2023 13:58:04 - INFO - utils.common - acc = 0.63355
12/21/2023 13:58:04 - INFO - utils.common - 计算 precision ing...
12/21/2023 13:58:04 - INFO - utils.common - precision = 0.6400576936742319
12/21/2023 13:58:04 - INFO - utils.common - 计算 recall ing...
12/21/2023 13:58:04 - INFO - utils.common - result = {'f1score': 0.615886820539511, 'acc': 0.63355, 'precision': 0.6400576936742319, 'recall': 0.6242932567200854}
12/21/2023 13:58:04 - INFO - __main__ - Epoch:3, Val Accuracy:0.63355, f1:0.615886820539511

12/21/2023 13:58:04 - INFO - __main__ - lr:2.8683631183645395e-05
12/21/2023 13:58:04 - INFO - __main__ - ==========Epoch:4==========
Save best weights
12/21/2023 13:59:38 - INFO - utils.common - 计算 f1 score ing...
12/21/2023 13:59:38 - INFO - utils.common - F1score = 0.516087287382937
12/21/2023 13:59:38 - INFO - utils.common - 计算 accuracy ing...
12/21/2023 13:59:38 - INFO - utils.common - acc = 0.5496
12/21/2023 13:59:38 - INFO - utils.common - 计算 precision ing...
12/21/2023 13:59:38 - INFO - utils.common - precision = 0.5370465915081135
12/21/2023 13:59:38 - INFO - utils.common - 计算 recall ing...
12/21/2023 13:59:39 - INFO - utils.common - result = {'f1score': 0.516087287382937, 'acc': 0.5496, 'precision': 0.5370465915081135, 'recall': 0.5390268699266948}
12/21/2023 13:59:39 - INFO - __main__ - Epoch:4, Train Accuracy:0.5496, f1:0.516087287382937

Epoch: [4][0/313]	
Epoch: [4][100/313]	
Epoch: [4][200/313]	
Epoch: [4][300/313]	
12/21/2023 13:59:53 - INFO - utils.common - 计算 f1 score ing...
12/21/2023 13:59:53 - INFO - utils.common - F1score = 0.6157646339910433
12/21/2023 13:59:53 - INFO - utils.common - 计算 accuracy ing...
12/21/2023 13:59:53 - INFO - utils.common - acc = 0.6319
12/21/2023 13:59:53 - INFO - utils.common - 计算 precision ing...
12/21/2023 13:59:54 - INFO - utils.common - precision = 0.638497186738419
12/21/2023 13:59:54 - INFO - utils.common - 计算 recall ing...
12/21/2023 13:59:54 - INFO - utils.common - result = {'f1score': 0.6157646339910433, 'acc': 0.6319, 'precision': 0.638497186738419, 'recall': 0.6252777126066753}
12/21/2023 13:59:54 - INFO - __main__ - Epoch:4, Val Accuracy:0.6319, f1:0.6157646339910433

12/21/2023 13:59:54 - INFO - __main__ - lr:0.0003
12/21/2023 13:59:54 - INFO - __main__ - ==========Epoch:5==========
early_st 4
12/21/2023 14:01:23 - INFO - utils.common - 计算 f1 score ing...
12/21/2023 14:01:23 - INFO - utils.common - F1score = 0.5250134361430024
12/21/2023 14:01:23 - INFO - utils.common - 计算 accuracy ing...
12/21/2023 14:01:23 - INFO - utils.common - acc = 0.5535
12/21/2023 14:01:23 - INFO - utils.common - 计算 precision ing...
12/21/2023 14:01:23 - INFO - utils.common - precision = 0.5406510436547172
12/21/2023 14:01:23 - INFO - utils.common - 计算 recall ing...
12/21/2023 14:01:23 - INFO - utils.common - result = {'f1score': 0.5250134361430024, 'acc': 0.5535, 'precision': 0.5406510436547172, 'recall': 0.5442052283471559}
12/21/2023 14:01:23 - INFO - __main__ - Epoch:5, Train Accuracy:0.5535, f1:0.5250134361430024

Epoch: [5][0/313]	
Epoch: [5][100/313]	
Epoch: [5][200/313]	
Epoch: [5][300/313]	
12/21/2023 14:01:37 - INFO - utils.common - 计算 f1 score ing...
12/21/2023 14:01:37 - INFO - utils.common - F1score = 0.5595637757803205
12/21/2023 14:01:37 - INFO - utils.common - 计算 accuracy ing...
12/21/2023 14:01:37 - INFO - utils.common - acc = 0.57895
12/21/2023 14:01:37 - INFO - utils.common - 计算 precision ing...
12/21/2023 14:01:37 - INFO - utils.common - precision = 0.5986683124682035
12/21/2023 14:01:37 - INFO - utils.common - 计算 recall ing...
12/21/2023 14:01:37 - INFO - utils.common - result = {'f1score': 0.5595637757803205, 'acc': 0.57895, 'precision': 0.5986683124682035, 'recall': 0.5767930283273024}
12/21/2023 14:01:37 - INFO - __main__ - Epoch:5, Val Accuracy:0.57895, f1:0.5595637757803205

12/21/2023 14:01:37 - INFO - __main__ - lr:0.00027135636881635457
12/21/2023 14:01:37 - INFO - __main__ - ==========Epoch:6==========
early_st 3
12/21/2023 14:02:59 - INFO - utils.common - 计算 f1 score ing...
12/21/2023 14:02:59 - INFO - utils.common - F1score = 0.5614461931876026
12/21/2023 14:02:59 - INFO - utils.common - 计算 accuracy ing...
12/21/2023 14:02:59 - INFO - utils.common - acc = 0.583625
12/21/2023 14:02:59 - INFO - utils.common - 计算 precision ing...
12/21/2023 14:02:59 - INFO - utils.common - precision = 0.5726701851516334
12/21/2023 14:02:59 - INFO - utils.common - 计算 recall ing...
12/21/2023 14:02:59 - INFO - utils.common - result = {'f1score': 0.5614461931876026, 'acc': 0.583625, 'precision': 0.5726701851516334, 'recall': 0.5758950366163457}
12/21/2023 14:02:59 - INFO - __main__ - Epoch:6, Train Accuracy:0.583625, f1:0.5614461931876026

Epoch: [6][0/313]	
Epoch: [6][100/313]	
Epoch: [6][200/313]	
Epoch: [6][300/313]	
12/21/2023 14:03:13 - INFO - utils.common - 计算 f1 score ing...
12/21/2023 14:03:13 - INFO - utils.common - F1score = 0.5772319225377911
12/21/2023 14:03:13 - INFO - utils.common - 计算 accuracy ing...
12/21/2023 14:03:14 - INFO - utils.common - acc = 0.59775
12/21/2023 14:03:14 - INFO - utils.common - 计算 precision ing...
12/21/2023 14:03:14 - INFO - utils.common - precision = 0.6216693227006526
12/21/2023 14:03:14 - INFO - utils.common - 计算 recall ing...
12/21/2023 14:03:14 - INFO - utils.common - result = {'f1score': 0.5772319225377911, 'acc': 0.59775, 'precision': 0.6216693227006526, 'recall': 0.5945374804695713}
12/21/2023 14:03:14 - INFO - __main__ - Epoch:6, Val Accuracy:0.59775, f1:0.5772319225377911

12/21/2023 14:03:14 - INFO - __main__ - lr:0.0001963663688163546
12/21/2023 14:03:14 - INFO - __main__ - ==========Epoch:7==========
early_st 2
12/21/2023 14:04:34 - INFO - utils.common - 计算 f1 score ing...
12/21/2023 14:04:34 - INFO - utils.common - F1score = 0.5886547375701814
12/21/2023 14:04:34 - INFO - utils.common - 计算 accuracy ing...
12/21/2023 14:04:34 - INFO - utils.common - acc = 0.607125
12/21/2023 14:04:34 - INFO - utils.common - 计算 precision ing...
12/21/2023 14:04:35 - INFO - utils.common - precision = 0.597466701156482
12/21/2023 14:04:35 - INFO - utils.common - 计算 recall ing...
12/21/2023 14:04:35 - INFO - utils.common - result = {'f1score': 0.5886547375701814, 'acc': 0.607125, 'precision': 0.597466701156482, 'recall': 0.5993374605095818}
12/21/2023 14:04:35 - INFO - __main__ - Epoch:7, Train Accuracy:0.607125, f1:0.5886547375701814

Epoch: [7][0/313]	
Epoch: [7][100/313]	
Epoch: [7][200/313]	
Epoch: [7][300/313]	
12/21/2023 14:04:49 - INFO - utils.common - 计算 f1 score ing...
12/21/2023 14:04:49 - INFO - utils.common - F1score = 0.6329009163315695
12/21/2023 14:04:49 - INFO - utils.common - 计算 accuracy ing...
12/21/2023 14:04:49 - INFO - utils.common - acc = 0.6635
12/21/2023 14:04:49 - INFO - utils.common - 计算 precision ing...
12/21/2023 14:04:49 - INFO - utils.common - precision = 0.6831288668523217
12/21/2023 14:04:49 - INFO - utils.common - 计算 recall ing...
12/21/2023 14:04:49 - INFO - utils.common - result = {'f1score': 0.6329009163315695, 'acc': 0.6635, 'precision': 0.6831288668523217, 'recall': 0.644986600363486}
12/21/2023 14:04:49 - INFO - __main__ - Epoch:7, Val Accuracy:0.6635, f1:0.6329009163315695

12/21/2023 14:04:49 - INFO - __main__ - lr:0.0001036736311836454
12/21/2023 14:04:49 - INFO - __main__ - ==========Epoch:8==========
Save best weights
12/21/2023 14:06:24 - INFO - utils.common - 计算 f1 score ing...
12/21/2023 14:06:24 - INFO - utils.common - F1score = 0.6126569870870564
12/21/2023 14:06:24 - INFO - utils.common - 计算 accuracy ing...
12/21/2023 14:06:24 - INFO - utils.common - acc = 0.6295
12/21/2023 14:06:24 - INFO - utils.common - 计算 precision ing...
12/21/2023 14:06:24 - INFO - utils.common - precision = 0.6208362537727372
12/21/2023 14:06:24 - INFO - utils.common - 计算 recall ing...
12/21/2023 14:06:24 - INFO - utils.common - result = {'f1score': 0.6126569870870564, 'acc': 0.6295, 'precision': 0.6208362537727372, 'recall': 0.6217170386923323}
12/21/2023 14:06:24 - INFO - __main__ - Epoch:8, Train Accuracy:0.6295, f1:0.6126569870870564

Epoch: [8][0/313]	
Epoch: [8][100/313]	
Epoch: [8][200/313]	
Epoch: [8][300/313]	
12/21/2023 14:06:38 - INFO - utils.common - 计算 f1 score ing...
12/21/2023 14:06:38 - INFO - utils.common - F1score = 0.5966292479163415
12/21/2023 14:06:38 - INFO - utils.common - 计算 accuracy ing...
12/21/2023 14:06:38 - INFO - utils.common - acc = 0.62145
12/21/2023 14:06:38 - INFO - utils.common - 计算 precision ing...
12/21/2023 14:06:38 - INFO - utils.common - precision = 0.6569041221057783
12/21/2023 14:06:38 - INFO - utils.common - 计算 recall ing...
12/21/2023 14:06:38 - INFO - utils.common - result = {'f1score': 0.5966292479163415, 'acc': 0.62145, 'precision': 0.6569041221057783, 'recall': 0.6050812915104767}
12/21/2023 14:06:38 - INFO - __main__ - Epoch:8, Val Accuracy:0.62145, f1:0.5966292479163415

12/21/2023 14:06:38 - INFO - __main__ - lr:2.8683631183645395e-05
12/21/2023 14:06:38 - INFO - __main__ - ==========Epoch:9==========
early_st 4
12/21/2023 14:08:16 - INFO - utils.common - 计算 f1 score ing...
12/21/2023 14:08:16 - INFO - utils.common - F1score = 0.6236459093436284
12/21/2023 14:08:17 - INFO - utils.common - 计算 accuracy ing...
12/21/2023 14:08:17 - INFO - utils.common - acc = 0.639725
12/21/2023 14:08:17 - INFO - utils.common - 计算 precision ing...
12/21/2023 14:08:17 - INFO - utils.common - precision = 0.6321433991743379
12/21/2023 14:08:17 - INFO - utils.common - 计算 recall ing...
12/21/2023 14:08:17 - INFO - utils.common - result = {'f1score': 0.6236459093436284, 'acc': 0.639725, 'precision': 0.6321433991743379, 'recall': 0.6315138467124466}
12/21/2023 14:08:17 - INFO - __main__ - Epoch:9, Train Accuracy:0.639725, f1:0.6236459093436284

Epoch: [9][0/313]	
Epoch: [9][100/313]	
Epoch: [9][200/313]	
Epoch: [9][300/313]	
12/21/2023 14:08:33 - INFO - utils.common - 计算 f1 score ing...
12/21/2023 14:08:33 - INFO - utils.common - F1score = 0.6605877339430335
12/21/2023 14:08:33 - INFO - utils.common - 计算 accuracy ing...
12/21/2023 14:08:33 - INFO - utils.common - acc = 0.68345
12/21/2023 14:08:33 - INFO - utils.common - 计算 precision ing...
12/21/2023 14:08:33 - INFO - utils.common - precision = 0.7088735276013715
12/21/2023 14:08:33 - INFO - utils.common - 计算 recall ing...
12/21/2023 14:08:33 - INFO - utils.common - result = {'f1score': 0.6605877339430335, 'acc': 0.68345, 'precision': 0.7088735276013715, 'recall': 0.670922417099689}
12/21/2023 14:08:33 - INFO - __main__ - Epoch:9, Val Accuracy:0.68345, f1:0.6605877339430335

12/21/2023 14:08:33 - INFO - __main__ - lr:0.0003
Save best weights
Test
12/21/2023 14:08:40 - INFO - utils.common - 计算 f1 score ing...
12/21/2023 14:08:40 - INFO - utils.common - F1score = 0.6267576392197257
12/21/2023 14:08:40 - INFO - utils.common - 计算 accuracy ing...
12/21/2023 14:08:40 - INFO - utils.common - acc = 0.7281337047353761
12/21/2023 14:08:40 - INFO - utils.common - 计算 precision ing...
12/21/2023 14:08:40 - INFO - utils.common - precision = 0.717871828017453
12/21/2023 14:08:40 - INFO - utils.common - 计算 recall ing...
12/21/2023 14:08:40 - INFO - utils.common - result = {'f1score': 0.6267576392197257, 'acc': 0.7281337047353761, 'precision': 0.717871828017453, 'recall': 0.6766629059338016}
12/21/2023 14:08:40 - INFO - __main__ - test_f1:0.6267576392197257, test_acc:0.7281337047353761, test_precision:0.717871828017453, test_recall:0.6766629059338016
12/21/2023 14:08:40 - INFO - __main__ - Finish fine-turning...
