nohup: ignoring input
12/21/2023 13:43:08 - INFO - __main__ - 设置 seed 为:  1
12/21/2023 13:43:08 - INFO - __main__ - Start fine-turning...
12/21/2023 13:43:14 - INFO - __main__ - ==========Epoch:0==========
=> no checkpoint found at '
12/21/2023 13:43:39 - INFO - utils.common - 计算 f1 score ing...
12/21/2023 13:43:39 - INFO - utils.common - F1score = 0.18295737607085405
12/21/2023 13:43:39 - INFO - utils.common - 计算 accuracy ing...
12/21/2023 13:43:39 - INFO - utils.common - acc = 0.2295
12/21/2023 13:43:39 - INFO - utils.common - 计算 precision ing...
12/21/2023 13:43:39 - INFO - utils.common - precision = 0.17937432805801562
12/21/2023 13:43:39 - INFO - utils.common - 计算 recall ing...
12/21/2023 13:43:39 - INFO - utils.common - result = {'f1score': 0.18295737607085405, 'acc': 0.2295, 'precision': 0.17937432805801562, 'recall': 0.22048785626593037}
12/21/2023 13:43:39 - INFO - __main__ - Epoch:0, Train Accuracy:0.2295, f1:0.18295737607085405

Epoch: [0][0/63]	
12/21/2023 13:44:00 - INFO - utils.common - 计算 f1 score ing...
12/21/2023 13:44:00 - INFO - utils.common - F1score = 0.17258581915708837
12/21/2023 13:44:00 - INFO - utils.common - 计算 accuracy ing...
12/21/2023 13:44:00 - INFO - utils.common - acc = 0.2815
12/21/2023 13:44:00 - INFO - utils.common - 计算 precision ing...
12/21/2023 13:44:00 - INFO - utils.common - precision = 0.22874276544220784
12/21/2023 13:44:00 - INFO - utils.common - 计算 recall ing...
12/21/2023 13:44:00 - INFO - utils.common - result = {'f1score': 0.17258581915708837, 'acc': 0.2815, 'precision': 0.22874276544220784, 'recall': 0.27078187521169833}
12/21/2023 13:44:00 - INFO - __main__ - Epoch:0, Val Accuracy:0.2815, f1:0.17258581915708837

12/21/2023 13:44:00 - INFO - __main__ - lr:0.00027135636881635457
12/21/2023 13:44:00 - INFO - __main__ - ==========Epoch:1==========
Save best weights
12/21/2023 13:44:23 - INFO - utils.common - 计算 f1 score ing...
12/21/2023 13:44:23 - INFO - utils.common - F1score = 0.25331238356425695
12/21/2023 13:44:23 - INFO - utils.common - 计算 accuracy ing...
12/21/2023 13:44:23 - INFO - utils.common - acc = 0.328375
12/21/2023 13:44:23 - INFO - utils.common - 计算 precision ing...
12/21/2023 13:44:23 - INFO - utils.common - precision = 0.23875902674883984
12/21/2023 13:44:23 - INFO - utils.common - 计算 recall ing...
12/21/2023 13:44:23 - INFO - utils.common - result = {'f1score': 0.25331238356425695, 'acc': 0.328375, 'precision': 0.23875902674883984, 'recall': 0.32006120408312605}
12/21/2023 13:44:23 - INFO - __main__ - Epoch:1, Train Accuracy:0.328375, f1:0.25331238356425695

Epoch: [1][0/63]	
12/21/2023 13:44:43 - INFO - utils.common - 计算 f1 score ing...
12/21/2023 13:44:43 - INFO - utils.common - F1score = 0.243264780826672
12/21/2023 13:44:43 - INFO - utils.common - 计算 accuracy ing...
12/21/2023 13:44:43 - INFO - utils.common - acc = 0.3519
12/21/2023 13:44:43 - INFO - utils.common - 计算 precision ing...
12/21/2023 13:44:43 - INFO - utils.common - precision = 0.31643619200731143
12/21/2023 13:44:43 - INFO - utils.common - 计算 recall ing...
12/21/2023 13:44:43 - INFO - utils.common - result = {'f1score': 0.243264780826672, 'acc': 0.3519, 'precision': 0.31643619200731143, 'recall': 0.3333202330725252}
12/21/2023 13:44:43 - INFO - __main__ - Epoch:1, Val Accuracy:0.3519, f1:0.243264780826672

12/21/2023 13:44:43 - INFO - __main__ - lr:0.0001963663688163546
12/21/2023 13:44:43 - INFO - __main__ - ==========Epoch:2==========
Save best weights
12/21/2023 13:45:06 - INFO - utils.common - 计算 f1 score ing...
12/21/2023 13:45:06 - INFO - utils.common - F1score = 0.2978484821874183
12/21/2023 13:45:06 - INFO - utils.common - 计算 accuracy ing...
12/21/2023 13:45:06 - INFO - utils.common - acc = 0.372125
12/21/2023 13:45:06 - INFO - utils.common - 计算 precision ing...
12/21/2023 13:45:06 - INFO - utils.common - precision = 0.3228566719688295
12/21/2023 13:45:06 - INFO - utils.common - 计算 recall ing...
12/21/2023 13:45:06 - INFO - utils.common - result = {'f1score': 0.2978484821874183, 'acc': 0.372125, 'precision': 0.3228566719688295, 'recall': 0.36289832856069026}
12/21/2023 13:45:06 - INFO - __main__ - Epoch:2, Train Accuracy:0.372125, f1:0.2978484821874183

Epoch: [2][0/63]	
12/21/2023 13:45:26 - INFO - utils.common - 计算 f1 score ing...
12/21/2023 13:45:26 - INFO - utils.common - F1score = 0.31537979748295314
12/21/2023 13:45:26 - INFO - utils.common - 计算 accuracy ing...
12/21/2023 13:45:26 - INFO - utils.common - acc = 0.3994
12/21/2023 13:45:26 - INFO - utils.common - 计算 precision ing...
12/21/2023 13:45:26 - INFO - utils.common - precision = 0.3981216540018127
12/21/2023 13:45:26 - INFO - utils.common - 计算 recall ing...
12/21/2023 13:45:26 - INFO - utils.common - result = {'f1score': 0.31537979748295314, 'acc': 0.3994, 'precision': 0.3981216540018127, 'recall': 0.37847246369062465}
12/21/2023 13:45:26 - INFO - __main__ - Epoch:2, Val Accuracy:0.3994, f1:0.31537979748295314

12/21/2023 13:45:26 - INFO - __main__ - lr:0.0001036736311836454
12/21/2023 13:45:26 - INFO - __main__ - ==========Epoch:3==========
Save best weights
12/21/2023 13:45:49 - INFO - utils.common - 计算 f1 score ing...
12/21/2023 13:45:49 - INFO - utils.common - F1score = 0.318949136319028
12/21/2023 13:45:49 - INFO - utils.common - 计算 accuracy ing...
12/21/2023 13:45:49 - INFO - utils.common - acc = 0.39275
12/21/2023 13:45:49 - INFO - utils.common - 计算 precision ing...
12/21/2023 13:45:49 - INFO - utils.common - precision = 0.32199402406516675
12/21/2023 13:45:49 - INFO - utils.common - 计算 recall ing...
12/21/2023 13:45:49 - INFO - utils.common - result = {'f1score': 0.318949136319028, 'acc': 0.39275, 'precision': 0.32199402406516675, 'recall': 0.3804897533740832}
12/21/2023 13:45:49 - INFO - __main__ - Epoch:3, Train Accuracy:0.39275, f1:0.318949136319028

Epoch: [3][0/63]	
12/21/2023 13:46:09 - INFO - utils.common - 计算 f1 score ing...
12/21/2023 13:46:09 - INFO - utils.common - F1score = 0.31508401448867984
12/21/2023 13:46:09 - INFO - utils.common - 计算 accuracy ing...
12/21/2023 13:46:09 - INFO - utils.common - acc = 0.3892
12/21/2023 13:46:09 - INFO - utils.common - 计算 precision ing...
12/21/2023 13:46:09 - INFO - utils.common - precision = 0.40095714675498173
12/21/2023 13:46:09 - INFO - utils.common - 计算 recall ing...
12/21/2023 13:46:09 - INFO - utils.common - result = {'f1score': 0.31508401448867984, 'acc': 0.3892, 'precision': 0.40095714675498173, 'recall': 0.3728346601212897}
12/21/2023 13:46:09 - INFO - __main__ - Epoch:3, Val Accuracy:0.3892, f1:0.31508401448867984

12/21/2023 13:46:09 - INFO - __main__ - lr:2.8683631183645395e-05
12/21/2023 13:46:09 - INFO - __main__ - ==========Epoch:4==========
early_st 4
12/21/2023 13:46:34 - INFO - utils.common - 计算 f1 score ing...
12/21/2023 13:46:34 - INFO - utils.common - F1score = 0.337517628588622
12/21/2023 13:46:34 - INFO - utils.common - 计算 accuracy ing...
12/21/2023 13:46:34 - INFO - utils.common - acc = 0.406
12/21/2023 13:46:34 - INFO - utils.common - 计算 precision ing...
12/21/2023 13:46:34 - INFO - utils.common - precision = 0.40609211856123895
12/21/2023 13:46:34 - INFO - utils.common - 计算 recall ing...
12/21/2023 13:46:34 - INFO - utils.common - result = {'f1score': 0.337517628588622, 'acc': 0.406, 'precision': 0.40609211856123895, 'recall': 0.3956372159403304}
12/21/2023 13:46:34 - INFO - __main__ - Epoch:4, Train Accuracy:0.406, f1:0.337517628588622

Epoch: [4][0/63]	
12/21/2023 13:46:53 - INFO - utils.common - 计算 f1 score ing...
12/21/2023 13:46:53 - INFO - utils.common - F1score = 0.3475363329521093
12/21/2023 13:46:53 - INFO - utils.common - 计算 accuracy ing...
12/21/2023 13:46:53 - INFO - utils.common - acc = 0.42095
12/21/2023 13:46:53 - INFO - utils.common - 计算 precision ing...
12/21/2023 13:46:53 - INFO - utils.common - precision = 0.392662694013441
12/21/2023 13:46:53 - INFO - utils.common - 计算 recall ing...
12/21/2023 13:46:53 - INFO - utils.common - result = {'f1score': 0.3475363329521093, 'acc': 0.42095, 'precision': 0.392662694013441, 'recall': 0.40216892605789967}
12/21/2023 13:46:53 - INFO - __main__ - Epoch:4, Val Accuracy:0.42095, f1:0.3475363329521093

12/21/2023 13:46:53 - INFO - __main__ - lr:0.0003
12/21/2023 13:46:53 - INFO - __main__ - ==========Epoch:5==========
Save best weights
12/21/2023 13:47:17 - INFO - utils.common - 计算 f1 score ing...
12/21/2023 13:47:17 - INFO - utils.common - F1score = 0.35137853485773357
12/21/2023 13:47:17 - INFO - utils.common - 计算 accuracy ing...
12/21/2023 13:47:17 - INFO - utils.common - acc = 0.41275
12/21/2023 13:47:17 - INFO - utils.common - 计算 precision ing...
12/21/2023 13:47:17 - INFO - utils.common - precision = 0.3551886797839952
12/21/2023 13:47:17 - INFO - utils.common - 计算 recall ing...
12/21/2023 13:47:17 - INFO - utils.common - result = {'f1score': 0.35137853485773357, 'acc': 0.41275, 'precision': 0.3551886797839952, 'recall': 0.4031144045127293}
12/21/2023 13:47:17 - INFO - __main__ - Epoch:5, Train Accuracy:0.41275, f1:0.35137853485773357

Epoch: [5][0/63]	
12/21/2023 13:47:36 - INFO - utils.common - 计算 f1 score ing...
12/21/2023 13:47:36 - INFO - utils.common - F1score = 0.41606768138447
12/21/2023 13:47:36 - INFO - utils.common - 计算 accuracy ing...
12/21/2023 13:47:36 - INFO - utils.common - acc = 0.47025
12/21/2023 13:47:36 - INFO - utils.common - 计算 precision ing...
12/21/2023 13:47:36 - INFO - utils.common - precision = 0.46192061810609786
12/21/2023 13:47:36 - INFO - utils.common - 计算 recall ing...
12/21/2023 13:47:36 - INFO - utils.common - result = {'f1score': 0.41606768138447, 'acc': 0.47025, 'precision': 0.46192061810609786, 'recall': 0.45420155816288116}
12/21/2023 13:47:36 - INFO - __main__ - Epoch:5, Val Accuracy:0.47025, f1:0.41606768138447

12/21/2023 13:47:36 - INFO - __main__ - lr:0.00027135636881635457
12/21/2023 13:47:36 - INFO - __main__ - ==========Epoch:6==========
Save best weights
12/21/2023 13:48:00 - INFO - utils.common - 计算 f1 score ing...
12/21/2023 13:48:00 - INFO - utils.common - F1score = 0.38170086771113954
12/21/2023 13:48:00 - INFO - utils.common - 计算 accuracy ing...
12/21/2023 13:48:00 - INFO - utils.common - acc = 0.43875
12/21/2023 13:48:00 - INFO - utils.common - 计算 precision ing...
12/21/2023 13:48:00 - INFO - utils.common - precision = 0.3982321565103171
12/21/2023 13:48:00 - INFO - utils.common - 计算 recall ing...
12/21/2023 13:48:00 - INFO - utils.common - result = {'f1score': 0.38170086771113954, 'acc': 0.43875, 'precision': 0.3982321565103171, 'recall': 0.42870971028586463}
12/21/2023 13:48:00 - INFO - __main__ - Epoch:6, Train Accuracy:0.43875, f1:0.38170086771113954

Epoch: [6][0/63]	
12/21/2023 13:48:19 - INFO - utils.common - 计算 f1 score ing...
12/21/2023 13:48:19 - INFO - utils.common - F1score = 0.47888534470548194
12/21/2023 13:48:19 - INFO - utils.common - 计算 accuracy ing...
12/21/2023 13:48:20 - INFO - utils.common - acc = 0.52295
12/21/2023 13:48:20 - INFO - utils.common - 计算 precision ing...
12/21/2023 13:48:20 - INFO - utils.common - precision = 0.5065927019642061
12/21/2023 13:48:20 - INFO - utils.common - 计算 recall ing...
12/21/2023 13:48:20 - INFO - utils.common - result = {'f1score': 0.47888534470548194, 'acc': 0.52295, 'precision': 0.5065927019642061, 'recall': 0.5111532316173988}
12/21/2023 13:48:20 - INFO - __main__ - Epoch:6, Val Accuracy:0.52295, f1:0.47888534470548194

12/21/2023 13:48:20 - INFO - __main__ - lr:0.0001963663688163546
12/21/2023 13:48:20 - INFO - __main__ - ==========Epoch:7==========
Save best weights
12/21/2023 13:48:43 - INFO - utils.common - 计算 f1 score ing...
12/21/2023 13:48:43 - INFO - utils.common - F1score = 0.41054603824499397
12/21/2023 13:48:43 - INFO - utils.common - 计算 accuracy ing...
12/21/2023 13:48:43 - INFO - utils.common - acc = 0.464625
12/21/2023 13:48:43 - INFO - utils.common - 计算 precision ing...
12/21/2023 13:48:43 - INFO - utils.common - precision = 0.44286603674684083
12/21/2023 13:48:43 - INFO - utils.common - 计算 recall ing...
12/21/2023 13:48:43 - INFO - utils.common - result = {'f1score': 0.41054603824499397, 'acc': 0.464625, 'precision': 0.44286603674684083, 'recall': 0.45440884604981474}
12/21/2023 13:48:43 - INFO - __main__ - Epoch:7, Train Accuracy:0.464625, f1:0.41054603824499397

Epoch: [7][0/63]	
12/21/2023 13:49:02 - INFO - utils.common - 计算 f1 score ing...
12/21/2023 13:49:02 - INFO - utils.common - F1score = 0.4563916510430002
12/21/2023 13:49:02 - INFO - utils.common - 计算 accuracy ing...
12/21/2023 13:49:02 - INFO - utils.common - acc = 0.51375
12/21/2023 13:49:02 - INFO - utils.common - 计算 precision ing...
12/21/2023 13:49:02 - INFO - utils.common - precision = 0.5306416311096233
12/21/2023 13:49:02 - INFO - utils.common - 计算 recall ing...
12/21/2023 13:49:03 - INFO - utils.common - result = {'f1score': 0.4563916510430002, 'acc': 0.51375, 'precision': 0.5306416311096233, 'recall': 0.49976793696951827}
12/21/2023 13:49:03 - INFO - __main__ - Epoch:7, Val Accuracy:0.51375, f1:0.4563916510430002

12/21/2023 13:49:03 - INFO - __main__ - lr:0.0001036736311836454
12/21/2023 13:49:03 - INFO - __main__ - ==========Epoch:8==========
early_st 4
12/21/2023 13:49:27 - INFO - utils.common - 计算 f1 score ing...
12/21/2023 13:49:27 - INFO - utils.common - F1score = 0.40873904306582814
12/21/2023 13:49:27 - INFO - utils.common - 计算 accuracy ing...
12/21/2023 13:49:27 - INFO - utils.common - acc = 0.459
12/21/2023 13:49:27 - INFO - utils.common - 计算 precision ing...
12/21/2023 13:49:27 - INFO - utils.common - precision = 0.45022166334001873
12/21/2023 13:49:27 - INFO - utils.common - 计算 recall ing...
12/21/2023 13:49:27 - INFO - utils.common - result = {'f1score': 0.40873904306582814, 'acc': 0.459, 'precision': 0.45022166334001873, 'recall': 0.45054132598224483}
12/21/2023 13:49:27 - INFO - __main__ - Epoch:8, Train Accuracy:0.459, f1:0.40873904306582814

Epoch: [8][0/63]	
12/21/2023 13:49:45 - INFO - utils.common - 计算 f1 score ing...
12/21/2023 13:49:45 - INFO - utils.common - F1score = 0.41856605266223085
12/21/2023 13:49:45 - INFO - utils.common - 计算 accuracy ing...
12/21/2023 13:49:45 - INFO - utils.common - acc = 0.47865
12/21/2023 13:49:45 - INFO - utils.common - 计算 precision ing...
12/21/2023 13:49:45 - INFO - utils.common - precision = 0.4703120987641778
12/21/2023 13:49:45 - INFO - utils.common - 计算 recall ing...
12/21/2023 13:49:45 - INFO - utils.common - result = {'f1score': 0.41856605266223085, 'acc': 0.47865, 'precision': 0.4703120987641778, 'recall': 0.46273373780366456}
12/21/2023 13:49:45 - INFO - __main__ - Epoch:8, Val Accuracy:0.47865, f1:0.41856605266223085

12/21/2023 13:49:45 - INFO - __main__ - lr:2.8683631183645395e-05
12/21/2023 13:49:45 - INFO - __main__ - ==========Epoch:9==========
early_st 3
12/21/2023 13:50:10 - INFO - utils.common - 计算 f1 score ing...
12/21/2023 13:50:10 - INFO - utils.common - F1score = 0.41986803796266586
12/21/2023 13:50:10 - INFO - utils.common - 计算 accuracy ing...
12/21/2023 13:50:10 - INFO - utils.common - acc = 0.4725
12/21/2023 13:50:10 - INFO - utils.common - 计算 precision ing...
12/21/2023 13:50:10 - INFO - utils.common - precision = 0.46219285564495954
12/21/2023 13:50:10 - INFO - utils.common - 计算 recall ing...
12/21/2023 13:50:10 - INFO - utils.common - result = {'f1score': 0.41986803796266586, 'acc': 0.4725, 'precision': 0.46219285564495954, 'recall': 0.4619532123466629}
12/21/2023 13:50:10 - INFO - __main__ - Epoch:9, Train Accuracy:0.4725, f1:0.41986803796266586

Epoch: [9][0/63]	
12/21/2023 13:50:28 - INFO - utils.common - 计算 f1 score ing...
12/21/2023 13:50:28 - INFO - utils.common - F1score = 0.4913391653850127
12/21/2023 13:50:28 - INFO - utils.common - 计算 accuracy ing...
12/21/2023 13:50:28 - INFO - utils.common - acc = 0.53785
12/21/2023 13:50:28 - INFO - utils.common - 计算 precision ing...
12/21/2023 13:50:28 - INFO - utils.common - precision = 0.531131664635431
12/21/2023 13:50:28 - INFO - utils.common - 计算 recall ing...
12/21/2023 13:50:28 - INFO - utils.common - result = {'f1score': 0.4913391653850127, 'acc': 0.53785, 'precision': 0.531131664635431, 'recall': 0.524894020237586}
12/21/2023 13:50:28 - INFO - __main__ - Epoch:9, Val Accuracy:0.53785, f1:0.4913391653850127

12/21/2023 13:50:28 - INFO - __main__ - lr:0.0003
12/21/2023 13:50:28 - INFO - __main__ - ==========Epoch:10==========
Save best weights
12/21/2023 13:50:51 - INFO - utils.common - 计算 f1 score ing...
12/21/2023 13:50:51 - INFO - utils.common - F1score = 0.43011973374733015
12/21/2023 13:50:51 - INFO - utils.common - 计算 accuracy ing...
12/21/2023 13:50:51 - INFO - utils.common - acc = 0.47525
12/21/2023 13:50:51 - INFO - utils.common - 计算 precision ing...
12/21/2023 13:50:51 - INFO - utils.common - precision = 0.4559284926850904
12/21/2023 13:50:51 - INFO - utils.common - 计算 recall ing...
12/21/2023 13:50:51 - INFO - utils.common - result = {'f1score': 0.43011973374733015, 'acc': 0.47525, 'precision': 0.4559284926850904, 'recall': 0.46757958681942985}
12/21/2023 13:50:51 - INFO - __main__ - Epoch:10, Train Accuracy:0.47525, f1:0.43011973374733015

Epoch: [10][0/63]	
12/21/2023 13:51:09 - INFO - utils.common - 计算 f1 score ing...
12/21/2023 13:51:10 - INFO - utils.common - F1score = 0.52254606919338
12/21/2023 13:51:10 - INFO - utils.common - 计算 accuracy ing...
12/21/2023 13:51:10 - INFO - utils.common - acc = 0.5598
12/21/2023 13:51:10 - INFO - utils.common - 计算 precision ing...
12/21/2023 13:51:10 - INFO - utils.common - precision = 0.5743465251048018
12/21/2023 13:51:10 - INFO - utils.common - 计算 recall ing...
12/21/2023 13:51:10 - INFO - utils.common - result = {'f1score': 0.52254606919338, 'acc': 0.5598, 'precision': 0.5743465251048018, 'recall': 0.5513267801216386}
12/21/2023 13:51:10 - INFO - __main__ - Epoch:10, Val Accuracy:0.5598, f1:0.52254606919338

12/21/2023 13:51:10 - INFO - __main__ - lr:0.00027135636881635457
12/21/2023 13:51:10 - INFO - __main__ - ==========Epoch:11==========
Save best weights
12/21/2023 13:51:32 - INFO - utils.common - 计算 f1 score ing...
12/21/2023 13:51:32 - INFO - utils.common - F1score = 0.44405444513731407
12/21/2023 13:51:32 - INFO - utils.common - 计算 accuracy ing...
12/21/2023 13:51:32 - INFO - utils.common - acc = 0.48275
12/21/2023 13:51:32 - INFO - utils.common - 计算 precision ing...
12/21/2023 13:51:32 - INFO - utils.common - precision = 0.46859542234701546
12/21/2023 13:51:32 - INFO - utils.common - 计算 recall ing...
12/21/2023 13:51:32 - INFO - utils.common - result = {'f1score': 0.44405444513731407, 'acc': 0.48275, 'precision': 0.46859542234701546, 'recall': 0.47661121813534}
12/21/2023 13:51:32 - INFO - __main__ - Epoch:11, Train Accuracy:0.48275, f1:0.44405444513731407

Epoch: [11][0/63]	
12/21/2023 13:51:52 - INFO - utils.common - 计算 f1 score ing...
12/21/2023 13:51:52 - INFO - utils.common - F1score = 0.5099786516578323
12/21/2023 13:51:52 - INFO - utils.common - 计算 accuracy ing...
12/21/2023 13:51:52 - INFO - utils.common - acc = 0.54465
12/21/2023 13:51:52 - INFO - utils.common - 计算 precision ing...
12/21/2023 13:51:52 - INFO - utils.common - precision = 0.5806884295566399
12/21/2023 13:51:52 - INFO - utils.common - 计算 recall ing...
12/21/2023 13:51:52 - INFO - utils.common - result = {'f1score': 0.5099786516578323, 'acc': 0.54465, 'precision': 0.5806884295566399, 'recall': 0.5341742706643426}
12/21/2023 13:51:52 - INFO - __main__ - Epoch:11, Val Accuracy:0.54465, f1:0.5099786516578323

12/21/2023 13:51:52 - INFO - __main__ - lr:0.0001963663688163546
12/21/2023 13:51:52 - INFO - __main__ - ==========Epoch:12==========
early_st 4
12/21/2023 13:52:16 - INFO - utils.common - 计算 f1 score ing...
12/21/2023 13:52:16 - INFO - utils.common - F1score = 0.4694866945928231
12/21/2023 13:52:16 - INFO - utils.common - 计算 accuracy ing...
12/21/2023 13:52:16 - INFO - utils.common - acc = 0.50275
12/21/2023 13:52:16 - INFO - utils.common - 计算 precision ing...
12/21/2023 13:52:16 - INFO - utils.common - precision = 0.4916373200349206
12/21/2023 13:52:16 - INFO - utils.common - 计算 recall ing...
12/21/2023 13:52:17 - INFO - utils.common - result = {'f1score': 0.4694866945928231, 'acc': 0.50275, 'precision': 0.4916373200349206, 'recall': 0.4967602027462217}
12/21/2023 13:52:17 - INFO - __main__ - Epoch:12, Train Accuracy:0.50275, f1:0.4694866945928231

Epoch: [12][0/63]	
12/21/2023 13:52:38 - INFO - utils.common - 计算 f1 score ing...
12/21/2023 13:52:38 - INFO - utils.common - F1score = 0.5176534690922074
12/21/2023 13:52:38 - INFO - utils.common - 计算 accuracy ing...
12/21/2023 13:52:38 - INFO - utils.common - acc = 0.53835
12/21/2023 13:52:38 - INFO - utils.common - 计算 precision ing...
12/21/2023 13:52:38 - INFO - utils.common - precision = 0.5602100683707915
12/21/2023 13:52:38 - INFO - utils.common - 计算 recall ing...
12/21/2023 13:52:38 - INFO - utils.common - result = {'f1score': 0.5176534690922074, 'acc': 0.53835, 'precision': 0.5602100683707915, 'recall': 0.5334168454497425}
12/21/2023 13:52:38 - INFO - __main__ - Epoch:12, Val Accuracy:0.53835, f1:0.5176534690922074

12/21/2023 13:52:38 - INFO - __main__ - lr:0.0001036736311836454
12/21/2023 13:52:38 - INFO - __main__ - ==========Epoch:13==========
early_st 3
12/21/2023 13:53:03 - INFO - utils.common - 计算 f1 score ing...
12/21/2023 13:53:03 - INFO - utils.common - F1score = 0.4742883048921237
12/21/2023 13:53:03 - INFO - utils.common - 计算 accuracy ing...
12/21/2023 13:53:03 - INFO - utils.common - acc = 0.502625
12/21/2023 13:53:03 - INFO - utils.common - 计算 precision ing...
12/21/2023 13:53:03 - INFO - utils.common - precision = 0.4962916282233447
12/21/2023 13:53:03 - INFO - utils.common - 计算 recall ing...
12/21/2023 13:53:03 - INFO - utils.common - result = {'f1score': 0.4742883048921237, 'acc': 0.502625, 'precision': 0.4962916282233447, 'recall': 0.4978231198984704}
12/21/2023 13:53:03 - INFO - __main__ - Epoch:13, Train Accuracy:0.502625, f1:0.4742883048921237

Epoch: [13][0/63]	
12/21/2023 13:53:24 - INFO - utils.common - 计算 f1 score ing...
12/21/2023 13:53:24 - INFO - utils.common - F1score = 0.5248678631015559
12/21/2023 13:53:24 - INFO - utils.common - 计算 accuracy ing...
12/21/2023 13:53:24 - INFO - utils.common - acc = 0.55195
12/21/2023 13:53:24 - INFO - utils.common - 计算 precision ing...
12/21/2023 13:53:24 - INFO - utils.common - precision = 0.5847949522159342
12/21/2023 13:53:24 - INFO - utils.common - 计算 recall ing...
12/21/2023 13:53:24 - INFO - utils.common - result = {'f1score': 0.5248678631015559, 'acc': 0.55195, 'precision': 0.5847949522159342, 'recall': 0.5457318545755852}
12/21/2023 13:53:24 - INFO - __main__ - Epoch:13, Val Accuracy:0.55195, f1:0.5248678631015559

12/21/2023 13:53:24 - INFO - __main__ - lr:2.8683631183645395e-05
12/21/2023 13:53:24 - INFO - __main__ - ==========Epoch:14==========
early_st 2
12/21/2023 13:53:48 - INFO - utils.common - 计算 f1 score ing...
12/21/2023 13:53:48 - INFO - utils.common - F1score = 0.48235759576407083
12/21/2023 13:53:48 - INFO - utils.common - 计算 accuracy ing...
12/21/2023 13:53:48 - INFO - utils.common - acc = 0.515875
12/21/2023 13:53:48 - INFO - utils.common - 计算 precision ing...
12/21/2023 13:53:48 - INFO - utils.common - precision = 0.5003072591120875
12/21/2023 13:53:48 - INFO - utils.common - 计算 recall ing...
12/21/2023 13:53:48 - INFO - utils.common - result = {'f1score': 0.48235759576407083, 'acc': 0.515875, 'precision': 0.5003072591120875, 'recall': 0.5101375614642307}
12/21/2023 13:53:48 - INFO - __main__ - Epoch:14, Train Accuracy:0.515875, f1:0.48235759576407083

Epoch: [14][0/63]	
12/21/2023 13:54:09 - INFO - utils.common - 计算 f1 score ing...
12/21/2023 13:54:09 - INFO - utils.common - F1score = 0.5326200795751511
12/21/2023 13:54:09 - INFO - utils.common - 计算 accuracy ing...
12/21/2023 13:54:09 - INFO - utils.common - acc = 0.56545
12/21/2023 13:54:09 - INFO - utils.common - 计算 precision ing...
12/21/2023 13:54:09 - INFO - utils.common - precision = 0.5994385925670385
12/21/2023 13:54:09 - INFO - utils.common - 计算 recall ing...
12/21/2023 13:54:09 - INFO - utils.common - result = {'f1score': 0.5326200795751511, 'acc': 0.56545, 'precision': 0.5994385925670385, 'recall': 0.5584414057509505}
12/21/2023 13:54:09 - INFO - __main__ - Epoch:14, Val Accuracy:0.56545, f1:0.5326200795751511

12/21/2023 13:54:09 - INFO - __main__ - lr:0.0003
12/21/2023 13:54:09 - INFO - __main__ - ==========Epoch:15==========
Save best weights
12/21/2023 13:54:34 - INFO - utils.common - 计算 f1 score ing...
12/21/2023 13:54:34 - INFO - utils.common - F1score = 0.47756241504040653
12/21/2023 13:54:34 - INFO - utils.common - 计算 accuracy ing...
12/21/2023 13:54:34 - INFO - utils.common - acc = 0.504
12/21/2023 13:54:34 - INFO - utils.common - 计算 precision ing...
12/21/2023 13:54:34 - INFO - utils.common - precision = 0.5005142550282969
12/21/2023 13:54:34 - INFO - utils.common - 计算 recall ing...
12/21/2023 13:54:34 - INFO - utils.common - result = {'f1score': 0.47756241504040653, 'acc': 0.504, 'precision': 0.5005142550282969, 'recall': 0.4997713975716537}
12/21/2023 13:54:34 - INFO - __main__ - Epoch:15, Train Accuracy:0.504, f1:0.47756241504040653

Epoch: [15][0/63]	
12/21/2023 13:54:54 - INFO - utils.common - 计算 f1 score ing...
12/21/2023 13:54:54 - INFO - utils.common - F1score = 0.5058708442743203
12/21/2023 13:54:54 - INFO - utils.common - 计算 accuracy ing...
12/21/2023 13:54:54 - INFO - utils.common - acc = 0.53125
12/21/2023 13:54:54 - INFO - utils.common - 计算 precision ing...
12/21/2023 13:54:54 - INFO - utils.common - precision = 0.5613731151723022
12/21/2023 13:54:54 - INFO - utils.common - 计算 recall ing...
12/21/2023 13:54:54 - INFO - utils.common - result = {'f1score': 0.5058708442743203, 'acc': 0.53125, 'precision': 0.5613731151723022, 'recall': 0.5242241989908687}
12/21/2023 13:54:54 - INFO - __main__ - Epoch:15, Val Accuracy:0.53125, f1:0.5058708442743203

12/21/2023 13:54:54 - INFO - __main__ - lr:0.00027135636881635457
12/21/2023 13:54:54 - INFO - __main__ - ==========Epoch:16==========
early_st 4
12/21/2023 13:55:17 - INFO - utils.common - 计算 f1 score ing...
12/21/2023 13:55:17 - INFO - utils.common - F1score = 0.4975466775242842
12/21/2023 13:55:17 - INFO - utils.common - 计算 accuracy ing...
12/21/2023 13:55:17 - INFO - utils.common - acc = 0.516875
12/21/2023 13:55:17 - INFO - utils.common - 计算 precision ing...
12/21/2023 13:55:17 - INFO - utils.common - precision = 0.5109105075641867
12/21/2023 13:55:17 - INFO - utils.common - 计算 recall ing...
12/21/2023 13:55:17 - INFO - utils.common - result = {'f1score': 0.4975466775242842, 'acc': 0.516875, 'precision': 0.5109105075641867, 'recall': 0.5147730731909179}
12/21/2023 13:55:17 - INFO - __main__ - Epoch:16, Train Accuracy:0.516875, f1:0.4975466775242842

Epoch: [16][0/63]	
12/21/2023 13:55:38 - INFO - utils.common - 计算 f1 score ing...
12/21/2023 13:55:38 - INFO - utils.common - F1score = 0.5265375123014041
12/21/2023 13:55:38 - INFO - utils.common - 计算 accuracy ing...
12/21/2023 13:55:38 - INFO - utils.common - acc = 0.54975
12/21/2023 13:55:38 - INFO - utils.common - 计算 precision ing...
12/21/2023 13:55:38 - INFO - utils.common - precision = 0.5881892998462388
12/21/2023 13:55:38 - INFO - utils.common - 计算 recall ing...
12/21/2023 13:55:38 - INFO - utils.common - result = {'f1score': 0.5265375123014041, 'acc': 0.54975, 'precision': 0.5881892998462388, 'recall': 0.5430209877090688}
12/21/2023 13:55:38 - INFO - __main__ - Epoch:16, Val Accuracy:0.54975, f1:0.5265375123014041

12/21/2023 13:55:38 - INFO - __main__ - lr:0.0001963663688163546
12/21/2023 13:55:38 - INFO - __main__ - ==========Epoch:17==========
early_st 3
12/21/2023 13:56:02 - INFO - utils.common - 计算 f1 score ing...
12/21/2023 13:56:02 - INFO - utils.common - F1score = 0.5026277347975593
12/21/2023 13:56:02 - INFO - utils.common - 计算 accuracy ing...
12/21/2023 13:56:02 - INFO - utils.common - acc = 0.525125
12/21/2023 13:56:02 - INFO - utils.common - 计算 precision ing...
12/21/2023 13:56:02 - INFO - utils.common - precision = 0.5230526070950767
12/21/2023 13:56:02 - INFO - utils.common - 计算 recall ing...
12/21/2023 13:56:02 - INFO - utils.common - result = {'f1score': 0.5026277347975593, 'acc': 0.525125, 'precision': 0.5230526070950767, 'recall': 0.5228476681661902}
12/21/2023 13:56:02 - INFO - __main__ - Epoch:17, Train Accuracy:0.525125, f1:0.5026277347975593

Epoch: [17][0/63]	
12/21/2023 13:56:24 - INFO - utils.common - 计算 f1 score ing...
12/21/2023 13:56:24 - INFO - utils.common - F1score = 0.47312474589990244
12/21/2023 13:56:24 - INFO - utils.common - 计算 accuracy ing...
12/21/2023 13:56:24 - INFO - utils.common - acc = 0.51615
12/21/2023 13:56:24 - INFO - utils.common - 计算 precision ing...
12/21/2023 13:56:24 - INFO - utils.common - precision = 0.5288201204408385
12/21/2023 13:56:24 - INFO - utils.common - 计算 recall ing...
12/21/2023 13:56:24 - INFO - utils.common - result = {'f1score': 0.47312474589990244, 'acc': 0.51615, 'precision': 0.5288201204408385, 'recall': 0.5040982677928505}
12/21/2023 13:56:24 - INFO - __main__ - Epoch:17, Val Accuracy:0.51615, f1:0.47312474589990244

12/21/2023 13:56:24 - INFO - __main__ - lr:0.0001036736311836454
12/21/2023 13:56:24 - INFO - __main__ - ==========Epoch:18==========
early_st 2
12/21/2023 13:56:50 - INFO - utils.common - 计算 f1 score ing...
12/21/2023 13:56:50 - INFO - utils.common - F1score = 0.5100254444928093
12/21/2023 13:56:50 - INFO - utils.common - 计算 accuracy ing...
12/21/2023 13:56:50 - INFO - utils.common - acc = 0.526875
12/21/2023 13:56:50 - INFO - utils.common - 计算 precision ing...
12/21/2023 13:56:50 - INFO - utils.common - precision = 0.5238533532899456
12/21/2023 13:56:50 - INFO - utils.common - 计算 recall ing...
12/21/2023 13:56:51 - INFO - utils.common - result = {'f1score': 0.5100254444928093, 'acc': 0.526875, 'precision': 0.5238533532899456, 'recall': 0.5246939526468569}
12/21/2023 13:56:51 - INFO - __main__ - Epoch:18, Train Accuracy:0.526875, f1:0.5100254444928093

Epoch: [18][0/63]	
12/21/2023 13:57:14 - INFO - utils.common - 计算 f1 score ing...
12/21/2023 13:57:14 - INFO - utils.common - F1score = 0.5648000855765243
12/21/2023 13:57:14 - INFO - utils.common - 计算 accuracy ing...
12/21/2023 13:57:15 - INFO - utils.common - acc = 0.58825
12/21/2023 13:57:15 - INFO - utils.common - 计算 precision ing...
12/21/2023 13:57:15 - INFO - utils.common - precision = 0.6144697929871435
12/21/2023 13:57:15 - INFO - utils.common - 计算 recall ing...
12/21/2023 13:57:15 - INFO - utils.common - result = {'f1score': 0.5648000855765243, 'acc': 0.58825, 'precision': 0.6144697929871435, 'recall': 0.583029010231127}
12/21/2023 13:57:15 - INFO - __main__ - Epoch:18, Val Accuracy:0.58825, f1:0.5648000855765243

12/21/2023 13:57:15 - INFO - __main__ - lr:2.8683631183645395e-05
12/21/2023 13:57:15 - INFO - __main__ - ==========Epoch:19==========
Save best weights
12/21/2023 13:57:43 - INFO - utils.common - 计算 f1 score ing...
12/21/2023 13:57:43 - INFO - utils.common - F1score = 0.5171980653084244
12/21/2023 13:57:43 - INFO - utils.common - 计算 accuracy ing...
12/21/2023 13:57:43 - INFO - utils.common - acc = 0.538625
12/21/2023 13:57:43 - INFO - utils.common - 计算 precision ing...
12/21/2023 13:57:43 - INFO - utils.common - precision = 0.5335652706874203
12/21/2023 13:57:43 - INFO - utils.common - 计算 recall ing...
12/21/2023 13:57:43 - INFO - utils.common - result = {'f1score': 0.5171980653084244, 'acc': 0.538625, 'precision': 0.5335652706874203, 'recall': 0.5371202611851548}
12/21/2023 13:57:43 - INFO - __main__ - Epoch:19, Train Accuracy:0.538625, f1:0.5171980653084244

Epoch: [19][0/63]	
12/21/2023 13:58:04 - INFO - utils.common - 计算 f1 score ing...
12/21/2023 13:58:04 - INFO - utils.common - F1score = 0.5525079227374246
12/21/2023 13:58:04 - INFO - utils.common - 计算 accuracy ing...
12/21/2023 13:58:04 - INFO - utils.common - acc = 0.57875
12/21/2023 13:58:04 - INFO - utils.common - 计算 precision ing...
12/21/2023 13:58:04 - INFO - utils.common - precision = 0.6083005514394797
12/21/2023 13:58:04 - INFO - utils.common - 计算 recall ing...
12/21/2023 13:58:04 - INFO - utils.common - result = {'f1score': 0.5525079227374246, 'acc': 0.57875, 'precision': 0.6083005514394797, 'recall': 0.5728786352599029}
12/21/2023 13:58:04 - INFO - __main__ - Epoch:19, Val Accuracy:0.57875, f1:0.5525079227374246

12/21/2023 13:58:04 - INFO - __main__ - lr:0.0003
12/21/2023 13:58:04 - INFO - __main__ - ==========Epoch:20==========
early_st 4
12/21/2023 13:58:30 - INFO - utils.common - 计算 f1 score ing...
12/21/2023 13:58:30 - INFO - utils.common - F1score = 0.5145719201260208
12/21/2023 13:58:30 - INFO - utils.common - 计算 accuracy ing...
12/21/2023 13:58:30 - INFO - utils.common - acc = 0.534375
12/21/2023 13:58:30 - INFO - utils.common - 计算 precision ing...
12/21/2023 13:58:30 - INFO - utils.common - precision = 0.5290607738351173
12/21/2023 13:58:30 - INFO - utils.common - 计算 recall ing...
12/21/2023 13:58:30 - INFO - utils.common - result = {'f1score': 0.5145719201260208, 'acc': 0.534375, 'precision': 0.5290607738351173, 'recall': 0.5316836982584986}
12/21/2023 13:58:30 - INFO - __main__ - Epoch:20, Train Accuracy:0.534375, f1:0.5145719201260208

Epoch: [20][0/63]	
12/21/2023 13:58:52 - INFO - utils.common - 计算 f1 score ing...
12/21/2023 13:58:52 - INFO - utils.common - F1score = 0.39228399186754537
12/21/2023 13:58:52 - INFO - utils.common - 计算 accuracy ing...
12/21/2023 13:58:52 - INFO - utils.common - acc = 0.4516
12/21/2023 13:58:52 - INFO - utils.common - 计算 precision ing...
12/21/2023 13:58:52 - INFO - utils.common - precision = 0.4642190726638826
12/21/2023 13:58:52 - INFO - utils.common - 计算 recall ing...
12/21/2023 13:58:53 - INFO - utils.common - result = {'f1score': 0.39228399186754537, 'acc': 0.4516, 'precision': 0.4642190726638826, 'recall': 0.43872514329538614}
12/21/2023 13:58:53 - INFO - __main__ - Epoch:20, Val Accuracy:0.4516, f1:0.39228399186754537

12/21/2023 13:58:53 - INFO - __main__ - lr:0.00027135636881635457
12/21/2023 13:58:53 - INFO - __main__ - ==========Epoch:21==========
early_st 3
12/21/2023 13:59:21 - INFO - utils.common - 计算 f1 score ing...
12/21/2023 13:59:21 - INFO - utils.common - F1score = 0.5159390707401893
12/21/2023 13:59:21 - INFO - utils.common - 计算 accuracy ing...
12/21/2023 13:59:21 - INFO - utils.common - acc = 0.534
12/21/2023 13:59:21 - INFO - utils.common - 计算 precision ing...
12/21/2023 13:59:21 - INFO - utils.common - precision = 0.5304397453112148
12/21/2023 13:59:21 - INFO - utils.common - 计算 recall ing...
12/21/2023 13:59:21 - INFO - utils.common - result = {'f1score': 0.5159390707401893, 'acc': 0.534, 'precision': 0.5304397453112148, 'recall': 0.5325078802609224}
12/21/2023 13:59:21 - INFO - __main__ - Epoch:21, Train Accuracy:0.534, f1:0.5159390707401893

Epoch: [21][0/63]	
12/21/2023 13:59:43 - INFO - utils.common - 计算 f1 score ing...
12/21/2023 13:59:43 - INFO - utils.common - F1score = 0.5310803021978034
12/21/2023 13:59:43 - INFO - utils.common - 计算 accuracy ing...
12/21/2023 13:59:44 - INFO - utils.common - acc = 0.55845
12/21/2023 13:59:44 - INFO - utils.common - 计算 precision ing...
12/21/2023 13:59:44 - INFO - utils.common - precision = 0.5918346194389397
12/21/2023 13:59:44 - INFO - utils.common - 计算 recall ing...
12/21/2023 13:59:44 - INFO - utils.common - result = {'f1score': 0.5310803021978034, 'acc': 0.55845, 'precision': 0.5918346194389397, 'recall': 0.5555549223343853}
12/21/2023 13:59:44 - INFO - __main__ - Epoch:21, Val Accuracy:0.55845, f1:0.5310803021978034

12/21/2023 13:59:44 - INFO - __main__ - lr:0.0001963663688163546
12/21/2023 13:59:44 - INFO - __main__ - ==========Epoch:22==========
early_st 2
12/21/2023 14:00:11 - INFO - utils.common - 计算 f1 score ing...
12/21/2023 14:00:11 - INFO - utils.common - F1score = 0.5319131474431827
12/21/2023 14:00:11 - INFO - utils.common - 计算 accuracy ing...
12/21/2023 14:00:11 - INFO - utils.common - acc = 0.547875
12/21/2023 14:00:11 - INFO - utils.common - 计算 precision ing...
12/21/2023 14:00:11 - INFO - utils.common - precision = 0.544573554178417
12/21/2023 14:00:11 - INFO - utils.common - 计算 recall ing...
12/21/2023 14:00:11 - INFO - utils.common - result = {'f1score': 0.5319131474431827, 'acc': 0.547875, 'precision': 0.544573554178417, 'recall': 0.5468708887932423}
12/21/2023 14:00:11 - INFO - __main__ - Epoch:22, Train Accuracy:0.547875, f1:0.5319131474431827

Epoch: [22][0/63]	
12/21/2023 14:00:33 - INFO - utils.common - 计算 f1 score ing...
12/21/2023 14:00:33 - INFO - utils.common - F1score = 0.44712422762131676
12/21/2023 14:00:33 - INFO - utils.common - 计算 accuracy ing...
12/21/2023 14:00:33 - INFO - utils.common - acc = 0.4766
12/21/2023 14:00:33 - INFO - utils.common - 计算 precision ing...
12/21/2023 14:00:33 - INFO - utils.common - precision = 0.5232555186202674
12/21/2023 14:00:33 - INFO - utils.common - 计算 recall ing...
12/21/2023 14:00:33 - INFO - utils.common - result = {'f1score': 0.44712422762131676, 'acc': 0.4766, 'precision': 0.5232555186202674, 'recall': 0.4662933898930637}
12/21/2023 14:00:33 - INFO - __main__ - Epoch:22, Val Accuracy:0.4766, f1:0.44712422762131676

12/21/2023 14:00:33 - INFO - __main__ - lr:0.0001036736311836454
12/21/2023 14:00:33 - INFO - __main__ - ==========Epoch:23==========
early_st 1
12/21/2023 14:01:01 - INFO - utils.common - 计算 f1 score ing...
12/21/2023 14:01:01 - INFO - utils.common - F1score = 0.5202672261906001
12/21/2023 14:01:01 - INFO - utils.common - 计算 accuracy ing...
12/21/2023 14:01:01 - INFO - utils.common - acc = 0.542375
12/21/2023 14:01:01 - INFO - utils.common - 计算 precision ing...
12/21/2023 14:01:01 - INFO - utils.common - precision = 0.5395779369374843
12/21/2023 14:01:01 - INFO - utils.common - 计算 recall ing...
12/21/2023 14:01:01 - INFO - utils.common - result = {'f1score': 0.5202672261906001, 'acc': 0.542375, 'precision': 0.5395779369374843, 'recall': 0.5401028003345533}
12/21/2023 14:01:01 - INFO - __main__ - Epoch:23, Train Accuracy:0.542375, f1:0.5202672261906001

Epoch: [23][0/63]	
12/21/2023 14:01:24 - INFO - utils.common - 计算 f1 score ing...
12/21/2023 14:01:24 - INFO - utils.common - F1score = 0.5417099506370033
12/21/2023 14:01:24 - INFO - utils.common - 计算 accuracy ing...
12/21/2023 14:01:24 - INFO - utils.common - acc = 0.55805
12/21/2023 14:01:24 - INFO - utils.common - 计算 precision ing...
12/21/2023 14:01:24 - INFO - utils.common - precision = 0.6159113068661597
12/21/2023 14:01:24 - INFO - utils.common - 计算 recall ing...
12/21/2023 14:01:24 - INFO - utils.common - result = {'f1score': 0.5417099506370033, 'acc': 0.55805, 'precision': 0.6159113068661597, 'recall': 0.553829813114805}
12/21/2023 14:01:24 - INFO - __main__ - Epoch:23, Val Accuracy:0.55805, f1:0.5417099506370033

12/21/2023 14:01:24 - INFO - __main__ - lr:2.8683631183645395e-05
early_st 0
early_stop
Test
12/21/2023 14:01:32 - INFO - utils.common - 计算 f1 score ing...
12/21/2023 14:01:32 - INFO - utils.common - F1score = 0.6318739579483177
12/21/2023 14:01:32 - INFO - utils.common - 计算 accuracy ing...
12/21/2023 14:01:32 - INFO - utils.common - acc = 0.6924791086350975
12/21/2023 14:01:32 - INFO - utils.common - 计算 precision ing...
12/21/2023 14:01:32 - INFO - utils.common - precision = 0.6872046071723813
12/21/2023 14:01:32 - INFO - utils.common - 计算 recall ing...
12/21/2023 14:01:32 - INFO - utils.common - result = {'f1score': 0.6318739579483177, 'acc': 0.6924791086350975, 'precision': 0.6872046071723813, 'recall': 0.6751117480791572}
12/21/2023 14:01:32 - INFO - __main__ - test_f1:0.6318739579483177, test_acc:0.6924791086350975, test_precision:0.6872046071723813, test_recall:0.6751117480791572
12/21/2023 14:01:32 - INFO - __main__ - Finish fine-turning...
