nohup: ignoring input
12/21/2023 13:50:27 - INFO - __main__ - 设置 seed 为:  3
12/21/2023 13:50:27 - INFO - __main__ - Start fine-turning...
12/21/2023 13:50:32 - INFO - __main__ - ==========Epoch:0==========
=> no checkpoint found at '
12/21/2023 13:50:58 - INFO - utils.common - 计算 f1 score ing...
12/21/2023 13:50:58 - INFO - utils.common - F1score = 0.1834750380343431
12/21/2023 13:50:58 - INFO - utils.common - 计算 accuracy ing...
12/21/2023 13:50:58 - INFO - utils.common - acc = 0.21775
12/21/2023 13:50:58 - INFO - utils.common - 计算 precision ing...
12/21/2023 13:50:58 - INFO - utils.common - precision = 0.1910066375284604
12/21/2023 13:50:58 - INFO - utils.common - 计算 recall ing...
12/21/2023 13:50:58 - INFO - utils.common - result = {'f1score': 0.1834750380343431, 'acc': 0.21775, 'precision': 0.1910066375284604, 'recall': 0.20167042935349364}
12/21/2023 13:50:58 - INFO - __main__ - Epoch:0, Train Accuracy:0.21775, f1:0.1834750380343431

Epoch: [0][0/63]	
12/21/2023 13:51:20 - INFO - utils.common - 计算 f1 score ing...
12/21/2023 13:51:20 - INFO - utils.common - F1score = 0.20095627681090847
12/21/2023 13:51:20 - INFO - utils.common - 计算 accuracy ing...
12/21/2023 13:51:20 - INFO - utils.common - acc = 0.2986
12/21/2023 13:51:20 - INFO - utils.common - 计算 precision ing...
12/21/2023 13:51:20 - INFO - utils.common - precision = 0.29593974286049557
12/21/2023 13:51:20 - INFO - utils.common - 计算 recall ing...
12/21/2023 13:51:20 - INFO - utils.common - result = {'f1score': 0.20095627681090847, 'acc': 0.2986, 'precision': 0.29593974286049557, 'recall': 0.28664328919312554}
12/21/2023 13:51:20 - INFO - __main__ - Epoch:0, Val Accuracy:0.2986, f1:0.20095627681090847

12/21/2023 13:51:20 - INFO - __main__ - lr:0.00027135636881635457
12/21/2023 13:51:20 - INFO - __main__ - ==========Epoch:1==========
Save best weights
12/21/2023 13:51:45 - INFO - utils.common - 计算 f1 score ing...
12/21/2023 13:51:45 - INFO - utils.common - F1score = 0.23530317288300268
12/21/2023 13:51:45 - INFO - utils.common - 计算 accuracy ing...
12/21/2023 13:51:45 - INFO - utils.common - acc = 0.3175
12/21/2023 13:51:45 - INFO - utils.common - 计算 precision ing...
12/21/2023 13:51:45 - INFO - utils.common - precision = 0.27371037193517384
12/21/2023 13:51:45 - INFO - utils.common - 计算 recall ing...
12/21/2023 13:51:45 - INFO - utils.common - result = {'f1score': 0.23530317288300268, 'acc': 0.3175, 'precision': 0.27371037193517384, 'recall': 0.3004918859882425}
12/21/2023 13:51:45 - INFO - __main__ - Epoch:1, Train Accuracy:0.3175, f1:0.23530317288300268

Epoch: [1][0/63]	
12/21/2023 13:52:08 - INFO - utils.common - 计算 f1 score ing...
12/21/2023 13:52:08 - INFO - utils.common - F1score = 0.21420414002488786
12/21/2023 13:52:08 - INFO - utils.common - 计算 accuracy ing...
12/21/2023 13:52:08 - INFO - utils.common - acc = 0.3185
12/21/2023 13:52:08 - INFO - utils.common - 计算 precision ing...
12/21/2023 13:52:08 - INFO - utils.common - precision = 0.3543685569208812
12/21/2023 13:52:08 - INFO - utils.common - 计算 recall ing...
12/21/2023 13:52:08 - INFO - utils.common - result = {'f1score': 0.21420414002488786, 'acc': 0.3185, 'precision': 0.3543685569208812, 'recall': 0.305363031163216}
12/21/2023 13:52:08 - INFO - __main__ - Epoch:1, Val Accuracy:0.3185, f1:0.21420414002488786

12/21/2023 13:52:08 - INFO - __main__ - lr:0.0001963663688163546
12/21/2023 13:52:08 - INFO - __main__ - ==========Epoch:2==========
Save best weights
12/21/2023 13:52:34 - INFO - utils.common - 计算 f1 score ing...
12/21/2023 13:52:34 - INFO - utils.common - F1score = 0.26682251617723574
12/21/2023 13:52:34 - INFO - utils.common - 计算 accuracy ing...
12/21/2023 13:52:34 - INFO - utils.common - acc = 0.3575
12/21/2023 13:52:34 - INFO - utils.common - 计算 precision ing...
12/21/2023 13:52:34 - INFO - utils.common - precision = 0.3797958433563767
12/21/2023 13:52:34 - INFO - utils.common - 计算 recall ing...
12/21/2023 13:52:34 - INFO - utils.common - result = {'f1score': 0.26682251617723574, 'acc': 0.3575, 'precision': 0.3797958433563767, 'recall': 0.3375305599699575}
12/21/2023 13:52:34 - INFO - __main__ - Epoch:2, Train Accuracy:0.3575, f1:0.26682251617723574

Epoch: [2][0/63]	
12/21/2023 13:52:55 - INFO - utils.common - 计算 f1 score ing...
12/21/2023 13:52:55 - INFO - utils.common - F1score = 0.25070987257780003
12/21/2023 13:52:55 - INFO - utils.common - 计算 accuracy ing...
12/21/2023 13:52:55 - INFO - utils.common - acc = 0.33235
12/21/2023 13:52:55 - INFO - utils.common - 计算 precision ing...
12/21/2023 13:52:55 - INFO - utils.common - precision = 0.353981763322875
12/21/2023 13:52:55 - INFO - utils.common - 计算 recall ing...
12/21/2023 13:52:55 - INFO - utils.common - result = {'f1score': 0.25070987257780003, 'acc': 0.33235, 'precision': 0.353981763322875, 'recall': 0.32278750905569303}
12/21/2023 13:52:55 - INFO - __main__ - Epoch:2, Val Accuracy:0.33235, f1:0.25070987257780003

12/21/2023 13:52:55 - INFO - __main__ - lr:0.0001036736311836454
12/21/2023 13:52:55 - INFO - __main__ - ==========Epoch:3==========
Save best weights
12/21/2023 13:53:22 - INFO - utils.common - 计算 f1 score ing...
12/21/2023 13:53:22 - INFO - utils.common - F1score = 0.28824180071545746
12/21/2023 13:53:22 - INFO - utils.common - 计算 accuracy ing...
12/21/2023 13:53:22 - INFO - utils.common - acc = 0.381625
12/21/2023 13:53:22 - INFO - utils.common - 计算 precision ing...
12/21/2023 13:53:22 - INFO - utils.common - precision = 0.34534813888856863
12/21/2023 13:53:22 - INFO - utils.common - 计算 recall ing...
12/21/2023 13:53:22 - INFO - utils.common - result = {'f1score': 0.28824180071545746, 'acc': 0.381625, 'precision': 0.34534813888856863, 'recall': 0.3595090799131439}
12/21/2023 13:53:22 - INFO - __main__ - Epoch:3, Train Accuracy:0.381625, f1:0.28824180071545746

Epoch: [3][0/63]	
12/21/2023 13:53:44 - INFO - utils.common - 计算 f1 score ing...
12/21/2023 13:53:44 - INFO - utils.common - F1score = 0.2542315400392896
12/21/2023 13:53:44 - INFO - utils.common - 计算 accuracy ing...
12/21/2023 13:53:44 - INFO - utils.common - acc = 0.335
12/21/2023 13:53:44 - INFO - utils.common - 计算 precision ing...
12/21/2023 13:53:44 - INFO - utils.common - precision = 0.3477844575427816
12/21/2023 13:53:44 - INFO - utils.common - 计算 recall ing...
12/21/2023 13:53:44 - INFO - utils.common - result = {'f1score': 0.2542315400392896, 'acc': 0.335, 'precision': 0.3477844575427816, 'recall': 0.32510002508387414}
12/21/2023 13:53:44 - INFO - __main__ - Epoch:3, Val Accuracy:0.335, f1:0.2542315400392896

12/21/2023 13:53:44 - INFO - __main__ - lr:2.8683631183645395e-05
12/21/2023 13:53:44 - INFO - __main__ - ==========Epoch:4==========
Save best weights
12/21/2023 13:54:12 - INFO - utils.common - 计算 f1 score ing...
12/21/2023 13:54:12 - INFO - utils.common - F1score = 0.30283924343820023
12/21/2023 13:54:12 - INFO - utils.common - 计算 accuracy ing...
12/21/2023 13:54:12 - INFO - utils.common - acc = 0.39275
12/21/2023 13:54:12 - INFO - utils.common - 计算 precision ing...
12/21/2023 13:54:12 - INFO - utils.common - precision = 0.3125811667773726
12/21/2023 13:54:12 - INFO - utils.common - 计算 recall ing...
12/21/2023 13:54:12 - INFO - utils.common - result = {'f1score': 0.30283924343820023, 'acc': 0.39275, 'precision': 0.3125811667773726, 'recall': 0.3705200324150621}
12/21/2023 13:54:12 - INFO - __main__ - Epoch:4, Train Accuracy:0.39275, f1:0.30283924343820023

Epoch: [4][0/63]	
12/21/2023 13:54:34 - INFO - utils.common - 计算 f1 score ing...
12/21/2023 13:54:34 - INFO - utils.common - F1score = 0.2703720704476449
12/21/2023 13:54:34 - INFO - utils.common - 计算 accuracy ing...
12/21/2023 13:54:35 - INFO - utils.common - acc = 0.3436
12/21/2023 13:54:35 - INFO - utils.common - 计算 precision ing...
12/21/2023 13:54:35 - INFO - utils.common - precision = 0.35735991020951846
12/21/2023 13:54:35 - INFO - utils.common - 计算 recall ing...
12/21/2023 13:54:35 - INFO - utils.common - result = {'f1score': 0.2703720704476449, 'acc': 0.3436, 'precision': 0.35735991020951846, 'recall': 0.33484707536598657}
12/21/2023 13:54:35 - INFO - __main__ - Epoch:4, Val Accuracy:0.3436, f1:0.2703720704476449

12/21/2023 13:54:35 - INFO - __main__ - lr:0.0003
12/21/2023 13:54:35 - INFO - __main__ - ==========Epoch:5==========
Save best weights
12/21/2023 13:55:01 - INFO - utils.common - 计算 f1 score ing...
12/21/2023 13:55:01 - INFO - utils.common - F1score = 0.3286805972551039
12/21/2023 13:55:01 - INFO - utils.common - 计算 accuracy ing...
12/21/2023 13:55:01 - INFO - utils.common - acc = 0.41225
12/21/2023 13:55:01 - INFO - utils.common - 计算 precision ing...
12/21/2023 13:55:01 - INFO - utils.common - precision = 0.38895459425389817
12/21/2023 13:55:01 - INFO - utils.common - 计算 recall ing...
12/21/2023 13:55:01 - INFO - utils.common - result = {'f1score': 0.3286805972551039, 'acc': 0.41225, 'precision': 0.38895459425389817, 'recall': 0.3886531880489573}
12/21/2023 13:55:01 - INFO - __main__ - Epoch:5, Train Accuracy:0.41225, f1:0.3286805972551039

Epoch: [5][0/63]	
12/21/2023 13:55:22 - INFO - utils.common - 计算 f1 score ing...
12/21/2023 13:55:23 - INFO - utils.common - F1score = 0.3198592765355205
12/21/2023 13:55:23 - INFO - utils.common - 计算 accuracy ing...
12/21/2023 13:55:23 - INFO - utils.common - acc = 0.38205
12/21/2023 13:55:23 - INFO - utils.common - 计算 precision ing...
12/21/2023 13:55:23 - INFO - utils.common - precision = 0.4197204599687748
12/21/2023 13:55:23 - INFO - utils.common - 计算 recall ing...
12/21/2023 13:55:23 - INFO - utils.common - result = {'f1score': 0.3198592765355205, 'acc': 0.38205, 'precision': 0.4197204599687748, 'recall': 0.3709047936153923}
12/21/2023 13:55:23 - INFO - __main__ - Epoch:5, Val Accuracy:0.38205, f1:0.3198592765355205

12/21/2023 13:55:23 - INFO - __main__ - lr:0.00027135636881635457
12/21/2023 13:55:23 - INFO - __main__ - ==========Epoch:6==========
Save best weights
12/21/2023 13:55:50 - INFO - utils.common - 计算 f1 score ing...
12/21/2023 13:55:50 - INFO - utils.common - F1score = 0.3612079619789807
12/21/2023 13:55:50 - INFO - utils.common - 计算 accuracy ing...
12/21/2023 13:55:50 - INFO - utils.common - acc = 0.4405
12/21/2023 13:55:50 - INFO - utils.common - 计算 precision ing...
12/21/2023 13:55:50 - INFO - utils.common - precision = 0.38465712219851134
12/21/2023 13:55:50 - INFO - utils.common - 计算 recall ing...
12/21/2023 13:55:50 - INFO - utils.common - result = {'f1score': 0.3612079619789807, 'acc': 0.4405, 'precision': 0.38465712219851134, 'recall': 0.415720130561442}
12/21/2023 13:55:50 - INFO - __main__ - Epoch:6, Train Accuracy:0.4405, f1:0.3612079619789807

Epoch: [6][0/63]	
12/21/2023 13:56:12 - INFO - utils.common - 计算 f1 score ing...
12/21/2023 13:56:12 - INFO - utils.common - F1score = 0.39141028338430467
12/21/2023 13:56:12 - INFO - utils.common - 计算 accuracy ing...
12/21/2023 13:56:12 - INFO - utils.common - acc = 0.4466
12/21/2023 13:56:12 - INFO - utils.common - 计算 precision ing...
12/21/2023 13:56:12 - INFO - utils.common - precision = 0.4495079685900056
12/21/2023 13:56:12 - INFO - utils.common - 计算 recall ing...
12/21/2023 13:56:12 - INFO - utils.common - result = {'f1score': 0.39141028338430467, 'acc': 0.4466, 'precision': 0.4495079685900056, 'recall': 0.4368317444722259}
12/21/2023 13:56:12 - INFO - __main__ - Epoch:6, Val Accuracy:0.4466, f1:0.39141028338430467

12/21/2023 13:56:12 - INFO - __main__ - lr:0.0001963663688163546
12/21/2023 13:56:12 - INFO - __main__ - ==========Epoch:7==========
Save best weights
12/21/2023 13:56:39 - INFO - utils.common - 计算 f1 score ing...
12/21/2023 13:56:39 - INFO - utils.common - F1score = 0.37786079669693173
12/21/2023 13:56:39 - INFO - utils.common - 计算 accuracy ing...
12/21/2023 13:56:39 - INFO - utils.common - acc = 0.45175
12/21/2023 13:56:39 - INFO - utils.common - 计算 precision ing...
12/21/2023 13:56:39 - INFO - utils.common - precision = 0.4125323683742067
12/21/2023 13:56:39 - INFO - utils.common - 计算 recall ing...
12/21/2023 13:56:39 - INFO - utils.common - result = {'f1score': 0.37786079669693173, 'acc': 0.45175, 'precision': 0.4125323683742067, 'recall': 0.43051865826112}
12/21/2023 13:56:39 - INFO - __main__ - Epoch:7, Train Accuracy:0.45175, f1:0.37786079669693173

Epoch: [7][0/63]	
12/21/2023 13:57:02 - INFO - utils.common - 计算 f1 score ing...
12/21/2023 13:57:02 - INFO - utils.common - F1score = 0.4295193795869743
12/21/2023 13:57:02 - INFO - utils.common - 计算 accuracy ing...
12/21/2023 13:57:02 - INFO - utils.common - acc = 0.47215
12/21/2023 13:57:02 - INFO - utils.common - 计算 precision ing...
12/21/2023 13:57:02 - INFO - utils.common - precision = 0.4885031603370883
12/21/2023 13:57:02 - INFO - utils.common - 计算 recall ing...
12/21/2023 13:57:02 - INFO - utils.common - result = {'f1score': 0.4295193795869743, 'acc': 0.47215, 'precision': 0.4885031603370883, 'recall': 0.46293109609516936}
12/21/2023 13:57:02 - INFO - __main__ - Epoch:7, Val Accuracy:0.47215, f1:0.4295193795869743

12/21/2023 13:57:02 - INFO - __main__ - lr:0.0001036736311836454
12/21/2023 13:57:02 - INFO - __main__ - ==========Epoch:8==========
Save best weights
12/21/2023 13:57:30 - INFO - utils.common - 计算 f1 score ing...
12/21/2023 13:57:31 - INFO - utils.common - F1score = 0.39660063417505625
12/21/2023 13:57:31 - INFO - utils.common - 计算 accuracy ing...
12/21/2023 13:57:31 - INFO - utils.common - acc = 0.469875
12/21/2023 13:57:31 - INFO - utils.common - 计算 precision ing...
12/21/2023 13:57:31 - INFO - utils.common - precision = 0.4605314373741359
12/21/2023 13:57:31 - INFO - utils.common - 计算 recall ing...
12/21/2023 13:57:31 - INFO - utils.common - result = {'f1score': 0.39660063417505625, 'acc': 0.469875, 'precision': 0.4605314373741359, 'recall': 0.4470381507197523}
12/21/2023 13:57:31 - INFO - __main__ - Epoch:8, Train Accuracy:0.469875, f1:0.39660063417505625

Epoch: [8][0/63]	
12/21/2023 13:57:53 - INFO - utils.common - 计算 f1 score ing...
12/21/2023 13:57:53 - INFO - utils.common - F1score = 0.4483791398417515
12/21/2023 13:57:53 - INFO - utils.common - 计算 accuracy ing...
12/21/2023 13:57:53 - INFO - utils.common - acc = 0.4947
12/21/2023 13:57:53 - INFO - utils.common - 计算 precision ing...
12/21/2023 13:57:53 - INFO - utils.common - precision = 0.5095940587097704
12/21/2023 13:57:53 - INFO - utils.common - 计算 recall ing...
12/21/2023 13:57:53 - INFO - utils.common - result = {'f1score': 0.4483791398417515, 'acc': 0.4947, 'precision': 0.5095940587097704, 'recall': 0.485173361708004}
12/21/2023 13:57:53 - INFO - __main__ - Epoch:8, Val Accuracy:0.4947, f1:0.4483791398417515

12/21/2023 13:57:53 - INFO - __main__ - lr:2.8683631183645395e-05
12/21/2023 13:57:53 - INFO - __main__ - ==========Epoch:9==========
Save best weights
12/21/2023 13:58:20 - INFO - utils.common - 计算 f1 score ing...
12/21/2023 13:58:20 - INFO - utils.common - F1score = 0.4024988055940228
12/21/2023 13:58:20 - INFO - utils.common - 计算 accuracy ing...
12/21/2023 13:58:20 - INFO - utils.common - acc = 0.475
12/21/2023 13:58:20 - INFO - utils.common - 计算 precision ing...
12/21/2023 13:58:20 - INFO - utils.common - precision = 0.454340088141721
12/21/2023 13:58:20 - INFO - utils.common - 计算 recall ing...
12/21/2023 13:58:20 - INFO - utils.common - result = {'f1score': 0.4024988055940228, 'acc': 0.475, 'precision': 0.454340088141721, 'recall': 0.4532181253500556}
12/21/2023 13:58:20 - INFO - __main__ - Epoch:9, Train Accuracy:0.475, f1:0.4024988055940228

Epoch: [9][0/63]	
12/21/2023 13:58:43 - INFO - utils.common - 计算 f1 score ing...
12/21/2023 13:58:43 - INFO - utils.common - F1score = 0.4580716765310793
12/21/2023 13:58:43 - INFO - utils.common - 计算 accuracy ing...
12/21/2023 13:58:43 - INFO - utils.common - acc = 0.5054
12/21/2023 13:58:43 - INFO - utils.common - 计算 precision ing...
12/21/2023 13:58:43 - INFO - utils.common - precision = 0.5493476577736636
12/21/2023 13:58:43 - INFO - utils.common - 计算 recall ing...
12/21/2023 13:58:43 - INFO - utils.common - result = {'f1score': 0.4580716765310793, 'acc': 0.5054, 'precision': 0.5493476577736636, 'recall': 0.49513927415312825}
12/21/2023 13:58:43 - INFO - __main__ - Epoch:9, Val Accuracy:0.5054, f1:0.4580716765310793

12/21/2023 13:58:43 - INFO - __main__ - lr:0.0003
12/21/2023 13:58:44 - INFO - __main__ - ==========Epoch:10==========
Save best weights
12/21/2023 13:59:11 - INFO - utils.common - 计算 f1 score ing...
12/21/2023 13:59:11 - INFO - utils.common - F1score = 0.4077611755614465
12/21/2023 13:59:11 - INFO - utils.common - 计算 accuracy ing...
12/21/2023 13:59:11 - INFO - utils.common - acc = 0.479625
12/21/2023 13:59:11 - INFO - utils.common - 计算 precision ing...
12/21/2023 13:59:11 - INFO - utils.common - precision = 0.4444882186471669
12/21/2023 13:59:11 - INFO - utils.common - 计算 recall ing...
12/21/2023 13:59:11 - INFO - utils.common - result = {'f1score': 0.4077611755614465, 'acc': 0.479625, 'precision': 0.4444882186471669, 'recall': 0.45742768218003527}
12/21/2023 13:59:11 - INFO - __main__ - Epoch:10, Train Accuracy:0.479625, f1:0.4077611755614465

Epoch: [10][0/63]	
12/21/2023 13:59:34 - INFO - utils.common - 计算 f1 score ing...
12/21/2023 13:59:34 - INFO - utils.common - F1score = 0.4425827230997791
12/21/2023 13:59:34 - INFO - utils.common - 计算 accuracy ing...
12/21/2023 13:59:34 - INFO - utils.common - acc = 0.50555
12/21/2023 13:59:34 - INFO - utils.common - 计算 precision ing...
12/21/2023 13:59:34 - INFO - utils.common - precision = 0.5608552709597592
12/21/2023 13:59:34 - INFO - utils.common - 计算 recall ing...
12/21/2023 13:59:34 - INFO - utils.common - result = {'f1score': 0.4425827230997791, 'acc': 0.50555, 'precision': 0.5608552709597592, 'recall': 0.49209939808411385}
12/21/2023 13:59:34 - INFO - __main__ - Epoch:10, Val Accuracy:0.50555, f1:0.4425827230997791

12/21/2023 13:59:34 - INFO - __main__ - lr:0.00027135636881635457
12/21/2023 13:59:34 - INFO - __main__ - ==========Epoch:11==========
Save best weights
12/21/2023 14:00:00 - INFO - utils.common - 计算 f1 score ing...
12/21/2023 14:00:00 - INFO - utils.common - F1score = 0.43585995168351593
12/21/2023 14:00:00 - INFO - utils.common - 计算 accuracy ing...
12/21/2023 14:00:00 - INFO - utils.common - acc = 0.496
12/21/2023 14:00:00 - INFO - utils.common - 计算 precision ing...
12/21/2023 14:00:00 - INFO - utils.common - precision = 0.4840621400146513
12/21/2023 14:00:00 - INFO - utils.common - 计算 recall ing...
12/21/2023 14:00:00 - INFO - utils.common - result = {'f1score': 0.43585995168351593, 'acc': 0.496, 'precision': 0.4840621400146513, 'recall': 0.4764447500481108}
12/21/2023 14:00:00 - INFO - __main__ - Epoch:11, Train Accuracy:0.496, f1:0.43585995168351593

Epoch: [11][0/63]	
12/21/2023 14:00:22 - INFO - utils.common - 计算 f1 score ing...
12/21/2023 14:00:22 - INFO - utils.common - F1score = 0.48998829051435006
12/21/2023 14:00:22 - INFO - utils.common - 计算 accuracy ing...
12/21/2023 14:00:22 - INFO - utils.common - acc = 0.5366
12/21/2023 14:00:22 - INFO - utils.common - 计算 precision ing...
12/21/2023 14:00:22 - INFO - utils.common - precision = 0.5909820892874871
12/21/2023 14:00:22 - INFO - utils.common - 计算 recall ing...
12/21/2023 14:00:22 - INFO - utils.common - result = {'f1score': 0.48998829051435006, 'acc': 0.5366, 'precision': 0.5909820892874871, 'recall': 0.5250188364084781}
12/21/2023 14:00:22 - INFO - __main__ - Epoch:11, Val Accuracy:0.5366, f1:0.48998829051435006

12/21/2023 14:00:22 - INFO - __main__ - lr:0.0001963663688163546
12/21/2023 14:00:22 - INFO - __main__ - ==========Epoch:12==========
Save best weights
12/21/2023 14:00:51 - INFO - utils.common - 计算 f1 score ing...
12/21/2023 14:00:51 - INFO - utils.common - F1score = 0.4431756875102814
12/21/2023 14:00:51 - INFO - utils.common - 计算 accuracy ing...
12/21/2023 14:00:51 - INFO - utils.common - acc = 0.500125
12/21/2023 14:00:51 - INFO - utils.common - 计算 precision ing...
12/21/2023 14:00:51 - INFO - utils.common - precision = 0.485236003094553
12/21/2023 14:00:51 - INFO - utils.common - 计算 recall ing...
12/21/2023 14:00:51 - INFO - utils.common - result = {'f1score': 0.4431756875102814, 'acc': 0.500125, 'precision': 0.485236003094553, 'recall': 0.48231379423806026}
12/21/2023 14:00:51 - INFO - __main__ - Epoch:12, Train Accuracy:0.500125, f1:0.4431756875102814

Epoch: [12][0/63]	
12/21/2023 14:01:14 - INFO - utils.common - 计算 f1 score ing...
12/21/2023 14:01:14 - INFO - utils.common - F1score = 0.4891269719679229
12/21/2023 14:01:14 - INFO - utils.common - 计算 accuracy ing...
12/21/2023 14:01:14 - INFO - utils.common - acc = 0.5297
12/21/2023 14:01:14 - INFO - utils.common - 计算 precision ing...
12/21/2023 14:01:14 - INFO - utils.common - precision = 0.6064641673391774
12/21/2023 14:01:14 - INFO - utils.common - 计算 recall ing...
12/21/2023 14:01:14 - INFO - utils.common - result = {'f1score': 0.4891269719679229, 'acc': 0.5297, 'precision': 0.6064641673391774, 'recall': 0.5199290903364067}
12/21/2023 14:01:14 - INFO - __main__ - Epoch:12, Val Accuracy:0.5297, f1:0.4891269719679229

12/21/2023 14:01:14 - INFO - __main__ - lr:0.0001036736311836454
12/21/2023 14:01:14 - INFO - __main__ - ==========Epoch:13==========
early_st 4
12/21/2023 14:01:41 - INFO - utils.common - 计算 f1 score ing...
12/21/2023 14:01:41 - INFO - utils.common - F1score = 0.4569051584231017
12/21/2023 14:01:41 - INFO - utils.common - 计算 accuracy ing...
12/21/2023 14:01:41 - INFO - utils.common - acc = 0.5145
12/21/2023 14:01:41 - INFO - utils.common - 计算 precision ing...
12/21/2023 14:01:41 - INFO - utils.common - precision = 0.5018730508716531
12/21/2023 14:01:41 - INFO - utils.common - 计算 recall ing...
12/21/2023 14:01:41 - INFO - utils.common - result = {'f1score': 0.4569051584231017, 'acc': 0.5145, 'precision': 0.5018730508716531, 'recall': 0.4955386817946117}
12/21/2023 14:01:41 - INFO - __main__ - Epoch:13, Train Accuracy:0.5145, f1:0.4569051584231017

Epoch: [13][0/63]	
12/21/2023 14:02:04 - INFO - utils.common - 计算 f1 score ing...
12/21/2023 14:02:04 - INFO - utils.common - F1score = 0.5252823030472018
12/21/2023 14:02:04 - INFO - utils.common - 计算 accuracy ing...
12/21/2023 14:02:04 - INFO - utils.common - acc = 0.56265
12/21/2023 14:02:04 - INFO - utils.common - 计算 precision ing...
12/21/2023 14:02:04 - INFO - utils.common - precision = 0.6310539882010464
12/21/2023 14:02:04 - INFO - utils.common - 计算 recall ing...
12/21/2023 14:02:04 - INFO - utils.common - result = {'f1score': 0.5252823030472018, 'acc': 0.56265, 'precision': 0.6310539882010464, 'recall': 0.551208407402269}
12/21/2023 14:02:04 - INFO - __main__ - Epoch:13, Val Accuracy:0.56265, f1:0.5252823030472018

12/21/2023 14:02:04 - INFO - __main__ - lr:2.8683631183645395e-05
12/21/2023 14:02:04 - INFO - __main__ - ==========Epoch:14==========
Save best weights
12/21/2023 14:02:30 - INFO - utils.common - 计算 f1 score ing...
12/21/2023 14:02:30 - INFO - utils.common - F1score = 0.45381133875637
12/21/2023 14:02:30 - INFO - utils.common - 计算 accuracy ing...
12/21/2023 14:02:30 - INFO - utils.common - acc = 0.509
12/21/2023 14:02:30 - INFO - utils.common - 计算 precision ing...
12/21/2023 14:02:30 - INFO - utils.common - precision = 0.5008728644793532
12/21/2023 14:02:30 - INFO - utils.common - 计算 recall ing...
12/21/2023 14:02:30 - INFO - utils.common - result = {'f1score': 0.45381133875637, 'acc': 0.509, 'precision': 0.5008728644793532, 'recall': 0.4901550119339355}
12/21/2023 14:02:30 - INFO - __main__ - Epoch:14, Train Accuracy:0.509, f1:0.45381133875637

Epoch: [14][0/63]	
12/21/2023 14:02:53 - INFO - utils.common - 计算 f1 score ing...
12/21/2023 14:02:53 - INFO - utils.common - F1score = 0.5248825355774828
12/21/2023 14:02:53 - INFO - utils.common - 计算 accuracy ing...
12/21/2023 14:02:53 - INFO - utils.common - acc = 0.5607
12/21/2023 14:02:53 - INFO - utils.common - 计算 precision ing...
12/21/2023 14:02:53 - INFO - utils.common - precision = 0.6164489026686295
12/21/2023 14:02:53 - INFO - utils.common - 计算 recall ing...
12/21/2023 14:02:53 - INFO - utils.common - result = {'f1score': 0.5248825355774828, 'acc': 0.5607, 'precision': 0.6164489026686295, 'recall': 0.5508864107396498}
12/21/2023 14:02:53 - INFO - __main__ - Epoch:14, Val Accuracy:0.5607, f1:0.5248825355774828

12/21/2023 14:02:53 - INFO - __main__ - lr:0.0003
12/21/2023 14:02:53 - INFO - __main__ - ==========Epoch:15==========
early_st 4
12/21/2023 14:03:19 - INFO - utils.common - 计算 f1 score ing...
12/21/2023 14:03:19 - INFO - utils.common - F1score = 0.46833107127979356
12/21/2023 14:03:19 - INFO - utils.common - 计算 accuracy ing...
12/21/2023 14:03:19 - INFO - utils.common - acc = 0.516875
12/21/2023 14:03:19 - INFO - utils.common - 计算 precision ing...
12/21/2023 14:03:19 - INFO - utils.common - precision = 0.5191643367317462
12/21/2023 14:03:19 - INFO - utils.common - 计算 recall ing...
12/21/2023 14:03:19 - INFO - utils.common - result = {'f1score': 0.46833107127979356, 'acc': 0.516875, 'precision': 0.5191643367317462, 'recall': 0.49966827996267427}
12/21/2023 14:03:19 - INFO - __main__ - Epoch:15, Train Accuracy:0.516875, f1:0.46833107127979356

Epoch: [15][0/63]	
12/21/2023 14:03:41 - INFO - utils.common - 计算 f1 score ing...
12/21/2023 14:03:41 - INFO - utils.common - F1score = 0.5440558438943762
12/21/2023 14:03:41 - INFO - utils.common - 计算 accuracy ing...
12/21/2023 14:03:41 - INFO - utils.common - acc = 0.5703
12/21/2023 14:03:41 - INFO - utils.common - 计算 precision ing...
12/21/2023 14:03:41 - INFO - utils.common - precision = 0.5762103159458414
12/21/2023 14:03:41 - INFO - utils.common - 计算 recall ing...
12/21/2023 14:03:41 - INFO - utils.common - result = {'f1score': 0.5440558438943762, 'acc': 0.5703, 'precision': 0.5762103159458414, 'recall': 0.5625574112426306}
12/21/2023 14:03:41 - INFO - __main__ - Epoch:15, Val Accuracy:0.5703, f1:0.5440558438943762

12/21/2023 14:03:41 - INFO - __main__ - lr:0.00027135636881635457
12/21/2023 14:03:41 - INFO - __main__ - ==========Epoch:16==========
Save best weights
12/21/2023 14:04:08 - INFO - utils.common - 计算 f1 score ing...
12/21/2023 14:04:08 - INFO - utils.common - F1score = 0.48085680825494515
12/21/2023 14:04:08 - INFO - utils.common - 计算 accuracy ing...
12/21/2023 14:04:08 - INFO - utils.common - acc = 0.5245
12/21/2023 14:04:08 - INFO - utils.common - 计算 precision ing...
12/21/2023 14:04:08 - INFO - utils.common - precision = 0.5115744591311825
12/21/2023 14:04:08 - INFO - utils.common - 计算 recall ing...
12/21/2023 14:04:08 - INFO - utils.common - result = {'f1score': 0.48085680825494515, 'acc': 0.5245, 'precision': 0.5115744591311825, 'recall': 0.5095482510824573}
12/21/2023 14:04:08 - INFO - __main__ - Epoch:16, Train Accuracy:0.5245, f1:0.48085680825494515

Epoch: [16][0/63]	
12/21/2023 14:04:29 - INFO - utils.common - 计算 f1 score ing...
12/21/2023 14:04:29 - INFO - utils.common - F1score = 0.5424993692325771
12/21/2023 14:04:29 - INFO - utils.common - 计算 accuracy ing...
12/21/2023 14:04:29 - INFO - utils.common - acc = 0.5774
12/21/2023 14:04:29 - INFO - utils.common - 计算 precision ing...
12/21/2023 14:04:29 - INFO - utils.common - precision = 0.6402649873883033
12/21/2023 14:04:29 - INFO - utils.common - 计算 recall ing...
12/21/2023 14:04:29 - INFO - utils.common - result = {'f1score': 0.5424993692325771, 'acc': 0.5774, 'precision': 0.6402649873883033, 'recall': 0.5694329450872737}
12/21/2023 14:04:29 - INFO - __main__ - Epoch:16, Val Accuracy:0.5774, f1:0.5424993692325771

12/21/2023 14:04:29 - INFO - __main__ - lr:0.0001963663688163546
12/21/2023 14:04:29 - INFO - __main__ - ==========Epoch:17==========
Save best weights
12/21/2023 14:04:55 - INFO - utils.common - 计算 f1 score ing...
12/21/2023 14:04:55 - INFO - utils.common - F1score = 0.4870254834719652
12/21/2023 14:04:55 - INFO - utils.common - 计算 accuracy ing...
12/21/2023 14:04:55 - INFO - utils.common - acc = 0.53175
12/21/2023 14:04:55 - INFO - utils.common - 计算 precision ing...
12/21/2023 14:04:55 - INFO - utils.common - precision = 0.5314549632717648
12/21/2023 14:04:55 - INFO - utils.common - 计算 recall ing...
12/21/2023 14:04:55 - INFO - utils.common - result = {'f1score': 0.4870254834719652, 'acc': 0.53175, 'precision': 0.5314549632717648, 'recall': 0.5143596566985364}
12/21/2023 14:04:55 - INFO - __main__ - Epoch:17, Train Accuracy:0.53175, f1:0.4870254834719652

Epoch: [17][0/63]	
12/21/2023 14:05:15 - INFO - utils.common - 计算 f1 score ing...
12/21/2023 14:05:15 - INFO - utils.common - F1score = 0.5535484708951357
12/21/2023 14:05:15 - INFO - utils.common - 计算 accuracy ing...
12/21/2023 14:05:15 - INFO - utils.common - acc = 0.58115
12/21/2023 14:05:15 - INFO - utils.common - 计算 precision ing...
12/21/2023 14:05:16 - INFO - utils.common - precision = 0.6190501832693451
12/21/2023 14:05:16 - INFO - utils.common - 计算 recall ing...
12/21/2023 14:05:16 - INFO - utils.common - result = {'f1score': 0.5535484708951357, 'acc': 0.58115, 'precision': 0.6190501832693451, 'recall': 0.5732819921971002}
12/21/2023 14:05:16 - INFO - __main__ - Epoch:17, Val Accuracy:0.58115, f1:0.5535484708951357

12/21/2023 14:05:16 - INFO - __main__ - lr:0.0001036736311836454
12/21/2023 14:05:16 - INFO - __main__ - ==========Epoch:18==========
Save best weights
12/21/2023 14:05:43 - INFO - utils.common - 计算 f1 score ing...
12/21/2023 14:05:43 - INFO - utils.common - F1score = 0.4887837022164484
12/21/2023 14:05:43 - INFO - utils.common - 计算 accuracy ing...
12/21/2023 14:05:43 - INFO - utils.common - acc = 0.53275
12/21/2023 14:05:43 - INFO - utils.common - 计算 precision ing...
12/21/2023 14:05:43 - INFO - utils.common - precision = 0.5227711214349797
12/21/2023 14:05:43 - INFO - utils.common - 计算 recall ing...
12/21/2023 14:05:44 - INFO - utils.common - result = {'f1score': 0.4887837022164484, 'acc': 0.53275, 'precision': 0.5227711214349797, 'recall': 0.515772440615378}
12/21/2023 14:05:44 - INFO - __main__ - Epoch:18, Train Accuracy:0.53275, f1:0.4887837022164484

Epoch: [18][0/63]	
12/21/2023 14:06:04 - INFO - utils.common - 计算 f1 score ing...
12/21/2023 14:06:04 - INFO - utils.common - F1score = 0.5197685121780482
12/21/2023 14:06:04 - INFO - utils.common - 计算 accuracy ing...
12/21/2023 14:06:05 - INFO - utils.common - acc = 0.55725
12/21/2023 14:06:05 - INFO - utils.common - 计算 precision ing...
12/21/2023 14:06:05 - INFO - utils.common - precision = 0.6181597202179435
12/21/2023 14:06:05 - INFO - utils.common - 计算 recall ing...
12/21/2023 14:06:05 - INFO - utils.common - result = {'f1score': 0.5197685121780482, 'acc': 0.55725, 'precision': 0.6181597202179435, 'recall': 0.5470136702568981}
12/21/2023 14:06:05 - INFO - __main__ - Epoch:18, Val Accuracy:0.55725, f1:0.5197685121780482

12/21/2023 14:06:05 - INFO - __main__ - lr:2.8683631183645395e-05
12/21/2023 14:06:05 - INFO - __main__ - ==========Epoch:19==========
early_st 4
12/21/2023 14:06:34 - INFO - utils.common - 计算 f1 score ing...
12/21/2023 14:06:34 - INFO - utils.common - F1score = 0.49074857014832735
12/21/2023 14:06:34 - INFO - utils.common - 计算 accuracy ing...
12/21/2023 14:06:34 - INFO - utils.common - acc = 0.53175
12/21/2023 14:06:34 - INFO - utils.common - 计算 precision ing...
12/21/2023 14:06:34 - INFO - utils.common - precision = 0.5199455406979174
12/21/2023 14:06:34 - INFO - utils.common - 计算 recall ing...
12/21/2023 14:06:34 - INFO - utils.common - result = {'f1score': 0.49074857014832735, 'acc': 0.53175, 'precision': 0.5199455406979174, 'recall': 0.5163041292473599}
12/21/2023 14:06:34 - INFO - __main__ - Epoch:19, Train Accuracy:0.53175, f1:0.49074857014832735

Epoch: [19][0/63]	
12/21/2023 14:06:54 - INFO - utils.common - 计算 f1 score ing...
12/21/2023 14:06:54 - INFO - utils.common - F1score = 0.5538985300616271
12/21/2023 14:06:54 - INFO - utils.common - 计算 accuracy ing...
12/21/2023 14:06:54 - INFO - utils.common - acc = 0.59005
12/21/2023 14:06:54 - INFO - utils.common - 计算 precision ing...
12/21/2023 14:06:54 - INFO - utils.common - precision = 0.6449934287773477
12/21/2023 14:06:54 - INFO - utils.common - 计算 recall ing...
12/21/2023 14:06:55 - INFO - utils.common - result = {'f1score': 0.5538985300616271, 'acc': 0.59005, 'precision': 0.6449934287773477, 'recall': 0.5778276631323489}
12/21/2023 14:06:55 - INFO - __main__ - Epoch:19, Val Accuracy:0.59005, f1:0.5538985300616271

12/21/2023 14:06:55 - INFO - __main__ - lr:0.0003
12/21/2023 14:06:55 - INFO - __main__ - ==========Epoch:20==========
Save best weights
12/21/2023 14:07:24 - INFO - utils.common - 计算 f1 score ing...
12/21/2023 14:07:24 - INFO - utils.common - F1score = 0.5059320135288696
12/21/2023 14:07:24 - INFO - utils.common - 计算 accuracy ing...
12/21/2023 14:07:24 - INFO - utils.common - acc = 0.541
12/21/2023 14:07:24 - INFO - utils.common - 计算 precision ing...
12/21/2023 14:07:24 - INFO - utils.common - precision = 0.5335715704616343
12/21/2023 14:07:24 - INFO - utils.common - 计算 recall ing...
12/21/2023 14:07:24 - INFO - utils.common - result = {'f1score': 0.5059320135288696, 'acc': 0.541, 'precision': 0.5335715704616343, 'recall': 0.5272777877757455}
12/21/2023 14:07:24 - INFO - __main__ - Epoch:20, Train Accuracy:0.541, f1:0.5059320135288696

Epoch: [20][0/63]	
12/21/2023 14:07:45 - INFO - utils.common - 计算 f1 score ing...
12/21/2023 14:07:45 - INFO - utils.common - F1score = 0.5895357798000361
12/21/2023 14:07:45 - INFO - utils.common - 计算 accuracy ing...
12/21/2023 14:07:45 - INFO - utils.common - acc = 0.6137
12/21/2023 14:07:45 - INFO - utils.common - 计算 precision ing...
12/21/2023 14:07:45 - INFO - utils.common - precision = 0.6429532934721166
12/21/2023 14:07:45 - INFO - utils.common - 计算 recall ing...
12/21/2023 14:07:46 - INFO - utils.common - result = {'f1score': 0.5895357798000361, 'acc': 0.6137, 'precision': 0.6429532934721166, 'recall': 0.6051515503070721}
12/21/2023 14:07:46 - INFO - __main__ - Epoch:20, Val Accuracy:0.6137, f1:0.5895357798000361

12/21/2023 14:07:46 - INFO - __main__ - lr:0.00027135636881635457
12/21/2023 14:07:46 - INFO - __main__ - ==========Epoch:21==========
Save best weights
12/21/2023 14:08:16 - INFO - utils.common - 计算 f1 score ing...
12/21/2023 14:08:16 - INFO - utils.common - F1score = 0.4984615661967482
12/21/2023 14:08:16 - INFO - utils.common - 计算 accuracy ing...
12/21/2023 14:08:16 - INFO - utils.common - acc = 0.539125
12/21/2023 14:08:16 - INFO - utils.common - 计算 precision ing...
12/21/2023 14:08:16 - INFO - utils.common - precision = 0.5212640963410672
12/21/2023 14:08:16 - INFO - utils.common - 计算 recall ing...
12/21/2023 14:08:16 - INFO - utils.common - result = {'f1score': 0.4984615661967482, 'acc': 0.539125, 'precision': 0.5212640963410672, 'recall': 0.5253634210946059}
12/21/2023 14:08:16 - INFO - __main__ - Epoch:21, Train Accuracy:0.539125, f1:0.4984615661967482

Epoch: [21][0/63]	
12/21/2023 14:08:38 - INFO - utils.common - 计算 f1 score ing...
12/21/2023 14:08:38 - INFO - utils.common - F1score = 0.6152270324097042
12/21/2023 14:08:38 - INFO - utils.common - 计算 accuracy ing...
12/21/2023 14:08:38 - INFO - utils.common - acc = 0.6364
12/21/2023 14:08:38 - INFO - utils.common - 计算 precision ing...
12/21/2023 14:08:38 - INFO - utils.common - precision = 0.658681527215642
12/21/2023 14:08:38 - INFO - utils.common - 计算 recall ing...
12/21/2023 14:08:38 - INFO - utils.common - result = {'f1score': 0.6152270324097042, 'acc': 0.6364, 'precision': 0.658681527215642, 'recall': 0.6297805793517439}
12/21/2023 14:08:38 - INFO - __main__ - Epoch:21, Val Accuracy:0.6364, f1:0.6152270324097042

12/21/2023 14:08:38 - INFO - __main__ - lr:0.0001963663688163546
12/21/2023 14:08:38 - INFO - __main__ - ==========Epoch:22==========
Save best weights
12/21/2023 14:09:05 - INFO - utils.common - 计算 f1 score ing...
12/21/2023 14:09:05 - INFO - utils.common - F1score = 0.5124643834382719
12/21/2023 14:09:05 - INFO - utils.common - 计算 accuracy ing...
12/21/2023 14:09:05 - INFO - utils.common - acc = 0.550375
12/21/2023 14:09:05 - INFO - utils.common - 计算 precision ing...
12/21/2023 14:09:05 - INFO - utils.common - precision = 0.5400284415196198
12/21/2023 14:09:05 - INFO - utils.common - 计算 recall ing...
12/21/2023 14:09:05 - INFO - utils.common - result = {'f1score': 0.5124643834382719, 'acc': 0.550375, 'precision': 0.5400284415196198, 'recall': 0.534779327043331}
12/21/2023 14:09:05 - INFO - __main__ - Epoch:22, Train Accuracy:0.550375, f1:0.5124643834382719

Epoch: [22][0/63]	
12/21/2023 14:09:26 - INFO - utils.common - 计算 f1 score ing...
12/21/2023 14:09:26 - INFO - utils.common - F1score = 0.5947107961609239
12/21/2023 14:09:26 - INFO - utils.common - 计算 accuracy ing...
12/21/2023 14:09:26 - INFO - utils.common - acc = 0.6174
12/21/2023 14:09:26 - INFO - utils.common - 计算 precision ing...
12/21/2023 14:09:26 - INFO - utils.common - precision = 0.6725951796802402
12/21/2023 14:09:26 - INFO - utils.common - 计算 recall ing...
12/21/2023 14:09:26 - INFO - utils.common - result = {'f1score': 0.5947107961609239, 'acc': 0.6174, 'precision': 0.6725951796802402, 'recall': 0.6081038204401928}
12/21/2023 14:09:26 - INFO - __main__ - Epoch:22, Val Accuracy:0.6174, f1:0.5947107961609239

12/21/2023 14:09:26 - INFO - __main__ - lr:0.0001036736311836454
12/21/2023 14:09:26 - INFO - __main__ - ==========Epoch:23==========
early_st 4
12/21/2023 14:09:53 - INFO - utils.common - 计算 f1 score ing...
12/21/2023 14:09:53 - INFO - utils.common - F1score = 0.5200668194707192
12/21/2023 14:09:53 - INFO - utils.common - 计算 accuracy ing...
12/21/2023 14:09:53 - INFO - utils.common - acc = 0.5555
12/21/2023 14:09:53 - INFO - utils.common - 计算 precision ing...
12/21/2023 14:09:53 - INFO - utils.common - precision = 0.5439664759804411
12/21/2023 14:09:53 - INFO - utils.common - 计算 recall ing...
12/21/2023 14:09:53 - INFO - utils.common - result = {'f1score': 0.5200668194707192, 'acc': 0.5555, 'precision': 0.5439664759804411, 'recall': 0.5417507415344529}
12/21/2023 14:09:53 - INFO - __main__ - Epoch:23, Train Accuracy:0.5555, f1:0.5200668194707192

Epoch: [23][0/63]	
12/21/2023 14:10:15 - INFO - utils.common - 计算 f1 score ing...
12/21/2023 14:10:15 - INFO - utils.common - F1score = 0.6253415692569562
12/21/2023 14:10:15 - INFO - utils.common - 计算 accuracy ing...
12/21/2023 14:10:15 - INFO - utils.common - acc = 0.6466
12/21/2023 14:10:15 - INFO - utils.common - 计算 precision ing...
12/21/2023 14:10:15 - INFO - utils.common - precision = 0.6638170979636396
12/21/2023 14:10:15 - INFO - utils.common - 计算 recall ing...
12/21/2023 14:10:15 - INFO - utils.common - result = {'f1score': 0.6253415692569562, 'acc': 0.6466, 'precision': 0.6638170979636396, 'recall': 0.6401732907026388}
12/21/2023 14:10:15 - INFO - __main__ - Epoch:23, Val Accuracy:0.6466, f1:0.6253415692569562

12/21/2023 14:10:15 - INFO - __main__ - lr:2.8683631183645395e-05
12/21/2023 14:10:15 - INFO - __main__ - ==========Epoch:24==========
Save best weights
12/21/2023 14:10:42 - INFO - utils.common - 计算 f1 score ing...
12/21/2023 14:10:42 - INFO - utils.common - F1score = 0.5246827916534577
12/21/2023 14:10:42 - INFO - utils.common - 计算 accuracy ing...
12/21/2023 14:10:42 - INFO - utils.common - acc = 0.559875
12/21/2023 14:10:42 - INFO - utils.common - 计算 precision ing...
12/21/2023 14:10:42 - INFO - utils.common - precision = 0.5512348428860964
12/21/2023 14:10:42 - INFO - utils.common - 计算 recall ing...
12/21/2023 14:10:42 - INFO - utils.common - result = {'f1score': 0.5246827916534577, 'acc': 0.559875, 'precision': 0.5512348428860964, 'recall': 0.5461670909149976}
12/21/2023 14:10:42 - INFO - __main__ - Epoch:24, Train Accuracy:0.559875, f1:0.5246827916534577

Epoch: [24][0/63]	
12/21/2023 14:11:03 - INFO - utils.common - 计算 f1 score ing...
12/21/2023 14:11:03 - INFO - utils.common - F1score = 0.6081345735964643
12/21/2023 14:11:03 - INFO - utils.common - 计算 accuracy ing...
12/21/2023 14:11:03 - INFO - utils.common - acc = 0.63335
12/21/2023 14:11:03 - INFO - utils.common - 计算 precision ing...
12/21/2023 14:11:03 - INFO - utils.common - precision = 0.6738731536856031
12/21/2023 14:11:03 - INFO - utils.common - 计算 recall ing...
12/21/2023 14:11:03 - INFO - utils.common - result = {'f1score': 0.6081345735964643, 'acc': 0.63335, 'precision': 0.6738731536856031, 'recall': 0.6236646404424485}
12/21/2023 14:11:03 - INFO - __main__ - Epoch:24, Val Accuracy:0.63335, f1:0.6081345735964643

12/21/2023 14:11:03 - INFO - __main__ - lr:0.0003
12/21/2023 14:11:03 - INFO - __main__ - ==========Epoch:25==========
early_st 4
12/21/2023 14:11:31 - INFO - utils.common - 计算 f1 score ing...
12/21/2023 14:11:31 - INFO - utils.common - F1score = 0.5158199907574509
12/21/2023 14:11:31 - INFO - utils.common - 计算 accuracy ing...
12/21/2023 14:11:31 - INFO - utils.common - acc = 0.55025
12/21/2023 14:11:31 - INFO - utils.common - 计算 precision ing...
12/21/2023 14:11:31 - INFO - utils.common - precision = 0.5426832961422732
12/21/2023 14:11:31 - INFO - utils.common - 计算 recall ing...
12/21/2023 14:11:31 - INFO - utils.common - result = {'f1score': 0.5158199907574509, 'acc': 0.55025, 'precision': 0.5426832961422732, 'recall': 0.5365940157708823}
12/21/2023 14:11:31 - INFO - __main__ - Epoch:25, Train Accuracy:0.55025, f1:0.5158199907574509

Epoch: [25][0/63]	
12/21/2023 14:11:53 - INFO - utils.common - 计算 f1 score ing...
12/21/2023 14:11:53 - INFO - utils.common - F1score = 0.5917682784855949
12/21/2023 14:11:53 - INFO - utils.common - 计算 accuracy ing...
12/21/2023 14:11:53 - INFO - utils.common - acc = 0.60705
12/21/2023 14:11:53 - INFO - utils.common - 计算 precision ing...
12/21/2023 14:11:53 - INFO - utils.common - precision = 0.6496081215518021
12/21/2023 14:11:53 - INFO - utils.common - 计算 recall ing...
12/21/2023 14:11:53 - INFO - utils.common - result = {'f1score': 0.5917682784855949, 'acc': 0.60705, 'precision': 0.6496081215518021, 'recall': 0.605944202178009}
12/21/2023 14:11:53 - INFO - __main__ - Epoch:25, Val Accuracy:0.60705, f1:0.5917682784855949

12/21/2023 14:11:53 - INFO - __main__ - lr:0.00027135636881635457
12/21/2023 14:11:53 - INFO - __main__ - ==========Epoch:26==========
early_st 3
12/21/2023 14:12:22 - INFO - utils.common - 计算 f1 score ing...
12/21/2023 14:12:22 - INFO - utils.common - F1score = 0.5159083520838909
12/21/2023 14:12:22 - INFO - utils.common - 计算 accuracy ing...
12/21/2023 14:12:22 - INFO - utils.common - acc = 0.548
12/21/2023 14:12:22 - INFO - utils.common - 计算 precision ing...
12/21/2023 14:12:22 - INFO - utils.common - precision = 0.5362433059552196
12/21/2023 14:12:22 - INFO - utils.common - 计算 recall ing...
12/21/2023 14:12:22 - INFO - utils.common - result = {'f1score': 0.5159083520838909, 'acc': 0.548, 'precision': 0.5362433059552196, 'recall': 0.5346426639641337}
12/21/2023 14:12:22 - INFO - __main__ - Epoch:26, Train Accuracy:0.548, f1:0.5159083520838909

Epoch: [26][0/63]	
12/21/2023 14:12:44 - INFO - utils.common - 计算 f1 score ing...
12/21/2023 14:12:44 - INFO - utils.common - F1score = 0.5290619896789548
12/21/2023 14:12:44 - INFO - utils.common - 计算 accuracy ing...
12/21/2023 14:12:44 - INFO - utils.common - acc = 0.57475
12/21/2023 14:12:44 - INFO - utils.common - 计算 precision ing...
12/21/2023 14:12:44 - INFO - utils.common - precision = 0.6003818440489149
12/21/2023 14:12:44 - INFO - utils.common - 计算 recall ing...
12/21/2023 14:12:44 - INFO - utils.common - result = {'f1score': 0.5290619896789548, 'acc': 0.57475, 'precision': 0.6003818440489149, 'recall': 0.557968753398806}
12/21/2023 14:12:44 - INFO - __main__ - Epoch:26, Val Accuracy:0.57475, f1:0.5290619896789548

12/21/2023 14:12:44 - INFO - __main__ - lr:0.0001963663688163546
12/21/2023 14:12:44 - INFO - __main__ - ==========Epoch:27==========
early_st 2
12/21/2023 14:13:12 - INFO - utils.common - 计算 f1 score ing...
12/21/2023 14:13:12 - INFO - utils.common - F1score = 0.5199597685329085
12/21/2023 14:13:12 - INFO - utils.common - 计算 accuracy ing...
12/21/2023 14:13:12 - INFO - utils.common - acc = 0.554625
12/21/2023 14:13:12 - INFO - utils.common - 计算 precision ing...
12/21/2023 14:13:12 - INFO - utils.common - precision = 0.5426018853327048
12/21/2023 14:13:12 - INFO - utils.common - 计算 recall ing...
12/21/2023 14:13:12 - INFO - utils.common - result = {'f1score': 0.5199597685329085, 'acc': 0.554625, 'precision': 0.5426018853327048, 'recall': 0.5405115419008959}
12/21/2023 14:13:12 - INFO - __main__ - Epoch:27, Train Accuracy:0.554625, f1:0.5199597685329085

Epoch: [27][0/63]	
12/21/2023 14:13:34 - INFO - utils.common - 计算 f1 score ing...
12/21/2023 14:13:34 - INFO - utils.common - F1score = 0.4709403537293084
12/21/2023 14:13:34 - INFO - utils.common - 计算 accuracy ing...
12/21/2023 14:13:34 - INFO - utils.common - acc = 0.5064
12/21/2023 14:13:34 - INFO - utils.common - 计算 precision ing...
12/21/2023 14:13:35 - INFO - utils.common - precision = 0.5803734631667129
12/21/2023 14:13:35 - INFO - utils.common - 计算 recall ing...
12/21/2023 14:13:35 - INFO - utils.common - result = {'f1score': 0.4709403537293084, 'acc': 0.5064, 'precision': 0.5803734631667129, 'recall': 0.5013852032069199}
12/21/2023 14:13:35 - INFO - __main__ - Epoch:27, Val Accuracy:0.5064, f1:0.4709403537293084

12/21/2023 14:13:35 - INFO - __main__ - lr:0.0001036736311836454
12/21/2023 14:13:35 - INFO - __main__ - ==========Epoch:28==========
early_st 1
12/21/2023 14:14:02 - INFO - utils.common - 计算 f1 score ing...
12/21/2023 14:14:03 - INFO - utils.common - F1score = 0.5371261232376303
12/21/2023 14:14:03 - INFO - utils.common - 计算 accuracy ing...
12/21/2023 14:14:03 - INFO - utils.common - acc = 0.567875
12/21/2023 14:14:03 - INFO - utils.common - 计算 precision ing...
12/21/2023 14:14:03 - INFO - utils.common - precision = 0.559727045988271
12/21/2023 14:14:03 - INFO - utils.common - 计算 recall ing...
12/21/2023 14:14:03 - INFO - utils.common - result = {'f1score': 0.5371261232376303, 'acc': 0.567875, 'precision': 0.559727045988271, 'recall': 0.5538927415712526}
12/21/2023 14:14:03 - INFO - __main__ - Epoch:28, Train Accuracy:0.567875, f1:0.5371261232376303

Epoch: [28][0/63]	
12/21/2023 14:14:27 - INFO - utils.common - 计算 f1 score ing...
12/21/2023 14:14:27 - INFO - utils.common - F1score = 0.5617300006292824
12/21/2023 14:14:27 - INFO - utils.common - 计算 accuracy ing...
12/21/2023 14:14:27 - INFO - utils.common - acc = 0.5984
12/21/2023 14:14:27 - INFO - utils.common - 计算 precision ing...
12/21/2023 14:14:27 - INFO - utils.common - precision = 0.6485314141026791
12/21/2023 14:14:27 - INFO - utils.common - 计算 recall ing...
12/21/2023 14:14:27 - INFO - utils.common - result = {'f1score': 0.5617300006292824, 'acc': 0.5984, 'precision': 0.6485314141026791, 'recall': 0.5857850099890312}
12/21/2023 14:14:27 - INFO - __main__ - Epoch:28, Val Accuracy:0.5984, f1:0.5617300006292824

12/21/2023 14:14:27 - INFO - __main__ - lr:2.8683631183645395e-05
early_st 0
early_stop
Test
12/21/2023 14:14:37 - INFO - utils.common - 计算 f1 score ing...
12/21/2023 14:14:37 - INFO - utils.common - F1score = 0.6547369891580578
12/21/2023 14:14:37 - INFO - utils.common - 计算 accuracy ing...
12/21/2023 14:14:37 - INFO - utils.common - acc = 0.7270194986072424
12/21/2023 14:14:37 - INFO - utils.common - 计算 precision ing...
12/21/2023 14:14:37 - INFO - utils.common - precision = 0.7238212955755365
12/21/2023 14:14:37 - INFO - utils.common - 计算 recall ing...
12/21/2023 14:14:37 - INFO - utils.common - result = {'f1score': 0.6547369891580578, 'acc': 0.7270194986072424, 'precision': 0.7238212955755365, 'recall': 0.6931364612686972}
12/21/2023 14:14:37 - INFO - __main__ - test_f1:0.6547369891580578, test_acc:0.7270194986072424, test_precision:0.7238212955755365, test_recall:0.6931364612686972
12/21/2023 14:14:37 - INFO - __main__ - Finish fine-turning...
