nohup: ignoring input
12/21/2023 13:50:49 - INFO - __main__ - 设置 seed 为:  4
12/21/2023 13:50:49 - INFO - __main__ - Start fine-turning...
12/21/2023 13:50:53 - INFO - __main__ - ==========Epoch:0==========
=> no checkpoint found at '
12/21/2023 13:51:17 - INFO - utils.common - 计算 f1 score ing...
12/21/2023 13:51:17 - INFO - utils.common - F1score = 0.1804375813003522
12/21/2023 13:51:17 - INFO - utils.common - 计算 accuracy ing...
12/21/2023 13:51:17 - INFO - utils.common - acc = 0.2265
12/21/2023 13:51:17 - INFO - utils.common - 计算 precision ing...
12/21/2023 13:51:18 - INFO - utils.common - precision = 0.16792660975502227
12/21/2023 13:51:18 - INFO - utils.common - 计算 recall ing...
12/21/2023 13:51:18 - INFO - utils.common - result = {'f1score': 0.1804375813003522, 'acc': 0.2265, 'precision': 0.16792660975502227, 'recall': 0.2164521103206955}
12/21/2023 13:51:18 - INFO - __main__ - Epoch:0, Train Accuracy:0.2265, f1:0.1804375813003522

Epoch: [0][0/63]	
12/21/2023 13:51:35 - INFO - utils.common - 计算 f1 score ing...
12/21/2023 13:51:36 - INFO - utils.common - F1score = 0.2479666319657913
12/21/2023 13:51:36 - INFO - utils.common - 计算 accuracy ing...
12/21/2023 13:51:36 - INFO - utils.common - acc = 0.33105
12/21/2023 13:51:36 - INFO - utils.common - 计算 precision ing...
12/21/2023 13:51:36 - INFO - utils.common - precision = 0.2830865633731963
12/21/2023 13:51:36 - INFO - utils.common - 计算 recall ing...
12/21/2023 13:51:36 - INFO - utils.common - result = {'f1score': 0.2479666319657913, 'acc': 0.33105, 'precision': 0.2830865633731963, 'recall': 0.31681721774891236}
12/21/2023 13:51:36 - INFO - __main__ - Epoch:0, Val Accuracy:0.33105, f1:0.2479666319657913

12/21/2023 13:51:36 - INFO - __main__ - lr:0.00027135636881635457
12/21/2023 13:51:36 - INFO - __main__ - ==========Epoch:1==========
Save best weights
12/21/2023 13:52:02 - INFO - utils.common - 计算 f1 score ing...
12/21/2023 13:52:02 - INFO - utils.common - F1score = 0.26109041081813433
12/21/2023 13:52:02 - INFO - utils.common - 计算 accuracy ing...
12/21/2023 13:52:02 - INFO - utils.common - acc = 0.342375
12/21/2023 13:52:02 - INFO - utils.common - 计算 precision ing...
12/21/2023 13:52:02 - INFO - utils.common - precision = 0.3534352304732533
12/21/2023 13:52:02 - INFO - utils.common - 计算 recall ing...
12/21/2023 13:52:02 - INFO - utils.common - result = {'f1score': 0.26109041081813433, 'acc': 0.342375, 'precision': 0.3534352304732533, 'recall': 0.3296718902590996}
12/21/2023 13:52:02 - INFO - __main__ - Epoch:1, Train Accuracy:0.342375, f1:0.26109041081813433

Epoch: [1][0/63]	
12/21/2023 13:52:18 - INFO - utils.common - 计算 f1 score ing...
12/21/2023 13:52:18 - INFO - utils.common - F1score = 0.25584119331400135
12/21/2023 13:52:18 - INFO - utils.common - 计算 accuracy ing...
12/21/2023 13:52:18 - INFO - utils.common - acc = 0.34025
12/21/2023 13:52:18 - INFO - utils.common - 计算 precision ing...
12/21/2023 13:52:18 - INFO - utils.common - precision = 0.294487705230511
12/21/2023 13:52:18 - INFO - utils.common - 计算 recall ing...
12/21/2023 13:52:18 - INFO - utils.common - result = {'f1score': 0.25584119331400135, 'acc': 0.34025, 'precision': 0.294487705230511, 'recall': 0.32408779509640845}
12/21/2023 13:52:18 - INFO - __main__ - Epoch:1, Val Accuracy:0.34025, f1:0.25584119331400135

12/21/2023 13:52:18 - INFO - __main__ - lr:0.0001963663688163546
12/21/2023 13:52:18 - INFO - __main__ - ==========Epoch:2==========
Save best weights
12/21/2023 13:52:39 - INFO - utils.common - 计算 f1 score ing...
12/21/2023 13:52:39 - INFO - utils.common - F1score = 0.28086315413909835
12/21/2023 13:52:39 - INFO - utils.common - 计算 accuracy ing...
12/21/2023 13:52:39 - INFO - utils.common - acc = 0.36575
12/21/2023 13:52:39 - INFO - utils.common - 计算 precision ing...
12/21/2023 13:52:39 - INFO - utils.common - precision = 0.34427262354429217
12/21/2023 13:52:39 - INFO - utils.common - 计算 recall ing...
12/21/2023 13:52:39 - INFO - utils.common - result = {'f1score': 0.28086315413909835, 'acc': 0.36575, 'precision': 0.34427262354429217, 'recall': 0.35195627262484913}
12/21/2023 13:52:39 - INFO - __main__ - Epoch:2, Train Accuracy:0.36575, f1:0.28086315413909835

Epoch: [2][0/63]	
12/21/2023 13:52:54 - INFO - utils.common - 计算 f1 score ing...
12/21/2023 13:52:54 - INFO - utils.common - F1score = 0.2538894834487945
12/21/2023 13:52:54 - INFO - utils.common - 计算 accuracy ing...
12/21/2023 13:52:54 - INFO - utils.common - acc = 0.344
12/21/2023 13:52:54 - INFO - utils.common - 计算 precision ing...
12/21/2023 13:52:54 - INFO - utils.common - precision = 0.41864470371516016
12/21/2023 13:52:54 - INFO - utils.common - 计算 recall ing...
12/21/2023 13:52:54 - INFO - utils.common - result = {'f1score': 0.2538894834487945, 'acc': 0.344, 'precision': 0.41864470371516016, 'recall': 0.32558106652310215}
12/21/2023 13:52:54 - INFO - __main__ - Epoch:2, Val Accuracy:0.344, f1:0.2538894834487945

12/21/2023 13:52:54 - INFO - __main__ - lr:0.0001036736311836454
12/21/2023 13:52:54 - INFO - __main__ - ==========Epoch:3==========
Save best weights
12/21/2023 13:53:14 - INFO - utils.common - 计算 f1 score ing...
12/21/2023 13:53:14 - INFO - utils.common - F1score = 0.30811749115003
12/21/2023 13:53:14 - INFO - utils.common - 计算 accuracy ing...
12/21/2023 13:53:14 - INFO - utils.common - acc = 0.38725
12/21/2023 13:53:14 - INFO - utils.common - 计算 precision ing...
12/21/2023 13:53:15 - INFO - utils.common - precision = 0.31228326297416564
12/21/2023 13:53:15 - INFO - utils.common - 计算 recall ing...
12/21/2023 13:53:15 - INFO - utils.common - result = {'f1score': 0.30811749115003, 'acc': 0.38725, 'precision': 0.31228326297416564, 'recall': 0.3709198578278555}
12/21/2023 13:53:15 - INFO - __main__ - Epoch:3, Train Accuracy:0.38725, f1:0.30811749115003

Epoch: [3][0/63]	
12/21/2023 13:53:29 - INFO - utils.common - 计算 f1 score ing...
12/21/2023 13:53:29 - INFO - utils.common - F1score = 0.26430478680797176
12/21/2023 13:53:29 - INFO - utils.common - 计算 accuracy ing...
12/21/2023 13:53:29 - INFO - utils.common - acc = 0.35465
12/21/2023 13:53:29 - INFO - utils.common - 计算 precision ing...
12/21/2023 13:53:29 - INFO - utils.common - precision = 0.36976528783178375
12/21/2023 13:53:29 - INFO - utils.common - 计算 recall ing...
12/21/2023 13:53:29 - INFO - utils.common - result = {'f1score': 0.26430478680797176, 'acc': 0.35465, 'precision': 0.36976528783178375, 'recall': 0.3349236887173383}
12/21/2023 13:53:29 - INFO - __main__ - Epoch:3, Val Accuracy:0.35465, f1:0.26430478680797176

12/21/2023 13:53:29 - INFO - __main__ - lr:2.8683631183645395e-05
12/21/2023 13:53:29 - INFO - __main__ - ==========Epoch:4==========
Save best weights
12/21/2023 13:53:52 - INFO - utils.common - 计算 f1 score ing...
12/21/2023 13:53:52 - INFO - utils.common - F1score = 0.3180371014404491
12/21/2023 13:53:52 - INFO - utils.common - 计算 accuracy ing...
12/21/2023 13:53:52 - INFO - utils.common - acc = 0.3965
12/21/2023 13:53:52 - INFO - utils.common - 计算 precision ing...
12/21/2023 13:53:52 - INFO - utils.common - precision = 0.3252650826736445
12/21/2023 13:53:52 - INFO - utils.common - 计算 recall ing...
12/21/2023 13:53:52 - INFO - utils.common - result = {'f1score': 0.3180371014404491, 'acc': 0.3965, 'precision': 0.3252650826736445, 'recall': 0.3803780036800892}
12/21/2023 13:53:52 - INFO - __main__ - Epoch:4, Train Accuracy:0.3965, f1:0.3180371014404491

Epoch: [4][0/63]	
12/21/2023 13:54:07 - INFO - utils.common - 计算 f1 score ing...
12/21/2023 13:54:07 - INFO - utils.common - F1score = 0.27093276992408505
12/21/2023 13:54:07 - INFO - utils.common - 计算 accuracy ing...
12/21/2023 13:54:07 - INFO - utils.common - acc = 0.35695
12/21/2023 13:54:07 - INFO - utils.common - 计算 precision ing...
12/21/2023 13:54:07 - INFO - utils.common - precision = 0.4044403780611089
12/21/2023 13:54:07 - INFO - utils.common - 计算 recall ing...
12/21/2023 13:54:08 - INFO - utils.common - result = {'f1score': 0.27093276992408505, 'acc': 0.35695, 'precision': 0.4044403780611089, 'recall': 0.3376232010642105}
12/21/2023 13:54:08 - INFO - __main__ - Epoch:4, Val Accuracy:0.35695, f1:0.27093276992408505

12/21/2023 13:54:08 - INFO - __main__ - lr:0.0003
12/21/2023 13:54:08 - INFO - __main__ - ==========Epoch:5==========
Save best weights
12/21/2023 13:54:30 - INFO - utils.common - 计算 f1 score ing...
12/21/2023 13:54:30 - INFO - utils.common - F1score = 0.3418028358289564
12/21/2023 13:54:30 - INFO - utils.common - 计算 accuracy ing...
12/21/2023 13:54:30 - INFO - utils.common - acc = 0.413375
12/21/2023 13:54:30 - INFO - utils.common - 计算 precision ing...
12/21/2023 13:54:30 - INFO - utils.common - precision = 0.36205654868303344
12/21/2023 13:54:30 - INFO - utils.common - 计算 recall ing...
12/21/2023 13:54:30 - INFO - utils.common - result = {'f1score': 0.3418028358289564, 'acc': 0.413375, 'precision': 0.36205654868303344, 'recall': 0.39656168906774997}
12/21/2023 13:54:30 - INFO - __main__ - Epoch:5, Train Accuracy:0.413375, f1:0.3418028358289564

Epoch: [5][0/63]	
12/21/2023 13:54:43 - INFO - utils.common - 计算 f1 score ing...
12/21/2023 13:54:43 - INFO - utils.common - F1score = 0.29463478813709343
12/21/2023 13:54:43 - INFO - utils.common - 计算 accuracy ing...
12/21/2023 13:54:43 - INFO - utils.common - acc = 0.37085
12/21/2023 13:54:43 - INFO - utils.common - 计算 precision ing...
12/21/2023 13:54:43 - INFO - utils.common - precision = 0.3938792929229493
12/21/2023 13:54:43 - INFO - utils.common - 计算 recall ing...
12/21/2023 13:54:43 - INFO - utils.common - result = {'f1score': 0.29463478813709343, 'acc': 0.37085, 'precision': 0.3938792929229493, 'recall': 0.3521886189104506}
12/21/2023 13:54:43 - INFO - __main__ - Epoch:5, Val Accuracy:0.37085, f1:0.29463478813709343

12/21/2023 13:54:43 - INFO - __main__ - lr:0.00027135636881635457
12/21/2023 13:54:43 - INFO - __main__ - ==========Epoch:6==========
Save best weights
12/21/2023 13:55:02 - INFO - utils.common - 计算 f1 score ing...
12/21/2023 13:55:03 - INFO - utils.common - F1score = 0.373148553763572
12/21/2023 13:55:03 - INFO - utils.common - 计算 accuracy ing...
12/21/2023 13:55:03 - INFO - utils.common - acc = 0.435375
12/21/2023 13:55:03 - INFO - utils.common - 计算 precision ing...
12/21/2023 13:55:03 - INFO - utils.common - precision = 0.38786827524379613
12/21/2023 13:55:03 - INFO - utils.common - 计算 recall ing...
12/21/2023 13:55:03 - INFO - utils.common - result = {'f1score': 0.373148553763572, 'acc': 0.435375, 'precision': 0.38786827524379613, 'recall': 0.42027930053227647}
12/21/2023 13:55:03 - INFO - __main__ - Epoch:6, Train Accuracy:0.435375, f1:0.373148553763572

Epoch: [6][0/63]	
12/21/2023 13:55:18 - INFO - utils.common - 计算 f1 score ing...
12/21/2023 13:55:18 - INFO - utils.common - F1score = 0.2955354013120978
12/21/2023 13:55:18 - INFO - utils.common - 计算 accuracy ing...
12/21/2023 13:55:18 - INFO - utils.common - acc = 0.36795
12/21/2023 13:55:18 - INFO - utils.common - 计算 precision ing...
12/21/2023 13:55:18 - INFO - utils.common - precision = 0.4027573155675873
12/21/2023 13:55:18 - INFO - utils.common - 计算 recall ing...
12/21/2023 13:55:19 - INFO - utils.common - result = {'f1score': 0.2955354013120978, 'acc': 0.36795, 'precision': 0.4027573155675873, 'recall': 0.35053207463626523}
12/21/2023 13:55:19 - INFO - __main__ - Epoch:6, Val Accuracy:0.36795, f1:0.2955354013120978

12/21/2023 13:55:19 - INFO - __main__ - lr:0.0001963663688163546
12/21/2023 13:55:19 - INFO - __main__ - ==========Epoch:7==========
early_st 4
12/21/2023 13:55:39 - INFO - utils.common - 计算 f1 score ing...
12/21/2023 13:55:39 - INFO - utils.common - F1score = 0.37736318011571435
12/21/2023 13:55:39 - INFO - utils.common - 计算 accuracy ing...
12/21/2023 13:55:39 - INFO - utils.common - acc = 0.437
12/21/2023 13:55:39 - INFO - utils.common - 计算 precision ing...
12/21/2023 13:55:39 - INFO - utils.common - precision = 0.44259132610472324
12/21/2023 13:55:39 - INFO - utils.common - 计算 recall ing...
12/21/2023 13:55:39 - INFO - utils.common - result = {'f1score': 0.37736318011571435, 'acc': 0.437, 'precision': 0.44259132610472324, 'recall': 0.42195877709672525}
12/21/2023 13:55:39 - INFO - __main__ - Epoch:7, Train Accuracy:0.437, f1:0.37736318011571435

Epoch: [7][0/63]	
12/21/2023 13:55:54 - INFO - utils.common - 计算 f1 score ing...
12/21/2023 13:55:54 - INFO - utils.common - F1score = 0.4102418666135443
12/21/2023 13:55:54 - INFO - utils.common - 计算 accuracy ing...
12/21/2023 13:55:54 - INFO - utils.common - acc = 0.45705
12/21/2023 13:55:54 - INFO - utils.common - 计算 precision ing...
12/21/2023 13:55:54 - INFO - utils.common - precision = 0.4838014526701374
12/21/2023 13:55:54 - INFO - utils.common - 计算 recall ing...
12/21/2023 13:55:54 - INFO - utils.common - result = {'f1score': 0.4102418666135443, 'acc': 0.45705, 'precision': 0.4838014526701374, 'recall': 0.4391430541728004}
12/21/2023 13:55:54 - INFO - __main__ - Epoch:7, Val Accuracy:0.45705, f1:0.4102418666135443

12/21/2023 13:55:54 - INFO - __main__ - lr:0.0001036736311836454
12/21/2023 13:55:54 - INFO - __main__ - ==========Epoch:8==========
Save best weights
12/21/2023 13:56:17 - INFO - utils.common - 计算 f1 score ing...
12/21/2023 13:56:17 - INFO - utils.common - F1score = 0.40191620749282103
12/21/2023 13:56:17 - INFO - utils.common - 计算 accuracy ing...
12/21/2023 13:56:17 - INFO - utils.common - acc = 0.458375
12/21/2023 13:56:17 - INFO - utils.common - 计算 precision ing...
12/21/2023 13:56:17 - INFO - utils.common - precision = 0.43517501635557815
12/21/2023 13:56:17 - INFO - utils.common - 计算 recall ing...
12/21/2023 13:56:17 - INFO - utils.common - result = {'f1score': 0.40191620749282103, 'acc': 0.458375, 'precision': 0.43517501635557815, 'recall': 0.4440791605365534}
12/21/2023 13:56:17 - INFO - __main__ - Epoch:8, Train Accuracy:0.458375, f1:0.40191620749282103

Epoch: [8][0/63]	
12/21/2023 13:56:39 - INFO - utils.common - 计算 f1 score ing...
12/21/2023 13:56:39 - INFO - utils.common - F1score = 0.35710029509014063
12/21/2023 13:56:39 - INFO - utils.common - 计算 accuracy ing...
12/21/2023 13:56:39 - INFO - utils.common - acc = 0.4226
12/21/2023 13:56:39 - INFO - utils.common - 计算 precision ing...
12/21/2023 13:56:39 - INFO - utils.common - precision = 0.4500540004190796
12/21/2023 13:56:39 - INFO - utils.common - 计算 recall ing...
12/21/2023 13:56:39 - INFO - utils.common - result = {'f1score': 0.35710029509014063, 'acc': 0.4226, 'precision': 0.4500540004190796, 'recall': 0.4033633873896594}
12/21/2023 13:56:39 - INFO - __main__ - Epoch:8, Val Accuracy:0.4226, f1:0.35710029509014063

12/21/2023 13:56:39 - INFO - __main__ - lr:2.8683631183645395e-05
12/21/2023 13:56:39 - INFO - __main__ - ==========Epoch:9==========
early_st 4
12/21/2023 13:57:12 - INFO - utils.common - 计算 f1 score ing...
12/21/2023 13:57:12 - INFO - utils.common - F1score = 0.40599235208307655
12/21/2023 13:57:12 - INFO - utils.common - 计算 accuracy ing...
12/21/2023 13:57:12 - INFO - utils.common - acc = 0.4655
12/21/2023 13:57:12 - INFO - utils.common - 计算 precision ing...
12/21/2023 13:57:12 - INFO - utils.common - precision = 0.42520552023842534
12/21/2023 13:57:12 - INFO - utils.common - 计算 recall ing...
12/21/2023 13:57:12 - INFO - utils.common - result = {'f1score': 0.40599235208307655, 'acc': 0.4655, 'precision': 0.42520552023842534, 'recall': 0.45012129515672394}
12/21/2023 13:57:12 - INFO - __main__ - Epoch:9, Train Accuracy:0.4655, f1:0.40599235208307655

Epoch: [9][0/63]	
12/21/2023 13:57:33 - INFO - utils.common - 计算 f1 score ing...
12/21/2023 13:57:33 - INFO - utils.common - F1score = 0.4220261570254263
12/21/2023 13:57:33 - INFO - utils.common - 计算 accuracy ing...
12/21/2023 13:57:33 - INFO - utils.common - acc = 0.47995
12/21/2023 13:57:33 - INFO - utils.common - 计算 precision ing...
12/21/2023 13:57:34 - INFO - utils.common - precision = 0.5051353302561447
12/21/2023 13:57:34 - INFO - utils.common - 计算 recall ing...
12/21/2023 13:57:34 - INFO - utils.common - result = {'f1score': 0.4220261570254263, 'acc': 0.47995, 'precision': 0.5051353302561447, 'recall': 0.46160061017215676}
12/21/2023 13:57:34 - INFO - __main__ - Epoch:9, Val Accuracy:0.47995, f1:0.4220261570254263

12/21/2023 13:57:34 - INFO - __main__ - lr:0.0003
12/21/2023 13:57:34 - INFO - __main__ - ==========Epoch:10==========
Save best weights
12/21/2023 13:58:01 - INFO - utils.common - 计算 f1 score ing...
12/21/2023 13:58:01 - INFO - utils.common - F1score = 0.4147577639401309
12/21/2023 13:58:01 - INFO - utils.common - 计算 accuracy ing...
12/21/2023 13:58:01 - INFO - utils.common - acc = 0.467625
12/21/2023 13:58:01 - INFO - utils.common - 计算 precision ing...
12/21/2023 13:58:01 - INFO - utils.common - precision = 0.46175256193916614
12/21/2023 13:58:01 - INFO - utils.common - 计算 recall ing...
12/21/2023 13:58:01 - INFO - utils.common - result = {'f1score': 0.4147577639401309, 'acc': 0.467625, 'precision': 0.46175256193916614, 'recall': 0.45395900605368567}
12/21/2023 13:58:01 - INFO - __main__ - Epoch:10, Train Accuracy:0.467625, f1:0.4147577639401309

Epoch: [10][0/63]	
12/21/2023 13:58:17 - INFO - utils.common - 计算 f1 score ing...
12/21/2023 13:58:17 - INFO - utils.common - F1score = 0.39568919627573323
12/21/2023 13:58:17 - INFO - utils.common - 计算 accuracy ing...
12/21/2023 13:58:17 - INFO - utils.common - acc = 0.44895
12/21/2023 13:58:17 - INFO - utils.common - 计算 precision ing...
12/21/2023 13:58:17 - INFO - utils.common - precision = 0.48656103261572464
12/21/2023 13:58:17 - INFO - utils.common - 计算 recall ing...
12/21/2023 13:58:18 - INFO - utils.common - result = {'f1score': 0.39568919627573323, 'acc': 0.44895, 'precision': 0.48656103261572464, 'recall': 0.43127964804050095}
12/21/2023 13:58:18 - INFO - __main__ - Epoch:10, Val Accuracy:0.44895, f1:0.39568919627573323

12/21/2023 13:58:18 - INFO - __main__ - lr:0.00027135636881635457
12/21/2023 13:58:18 - INFO - __main__ - ==========Epoch:11==========
early_st 4
12/21/2023 13:58:47 - INFO - utils.common - 计算 f1 score ing...
12/21/2023 13:58:47 - INFO - utils.common - F1score = 0.4274698213982984
12/21/2023 13:58:47 - INFO - utils.common - 计算 accuracy ing...
12/21/2023 13:58:47 - INFO - utils.common - acc = 0.48475
12/21/2023 13:58:47 - INFO - utils.common - 计算 precision ing...
12/21/2023 13:58:47 - INFO - utils.common - precision = 0.46468623672497894
12/21/2023 13:58:47 - INFO - utils.common - 计算 recall ing...
12/21/2023 13:58:47 - INFO - utils.common - result = {'f1score': 0.4274698213982984, 'acc': 0.48475, 'precision': 0.46468623672497894, 'recall': 0.4710146034063847}
12/21/2023 13:58:47 - INFO - __main__ - Epoch:11, Train Accuracy:0.48475, f1:0.4274698213982984

Epoch: [11][0/63]	
12/21/2023 13:59:10 - INFO - utils.common - 计算 f1 score ing...
12/21/2023 13:59:10 - INFO - utils.common - F1score = 0.4290509307199322
12/21/2023 13:59:10 - INFO - utils.common - 计算 accuracy ing...
12/21/2023 13:59:10 - INFO - utils.common - acc = 0.48375
12/21/2023 13:59:10 - INFO - utils.common - 计算 precision ing...
12/21/2023 13:59:10 - INFO - utils.common - precision = 0.5075104548959156
12/21/2023 13:59:10 - INFO - utils.common - 计算 recall ing...
12/21/2023 13:59:10 - INFO - utils.common - result = {'f1score': 0.4290509307199322, 'acc': 0.48375, 'precision': 0.5075104548959156, 'recall': 0.46503580561174257}
12/21/2023 13:59:10 - INFO - __main__ - Epoch:11, Val Accuracy:0.48375, f1:0.4290509307199322

12/21/2023 13:59:10 - INFO - __main__ - lr:0.0001963663688163546
12/21/2023 13:59:10 - INFO - __main__ - ==========Epoch:12==========
Save best weights
12/21/2023 13:59:42 - INFO - utils.common - 计算 f1 score ing...
12/21/2023 13:59:42 - INFO - utils.common - F1score = 0.4511975473730062
12/21/2023 13:59:42 - INFO - utils.common - 计算 accuracy ing...
12/21/2023 13:59:42 - INFO - utils.common - acc = 0.49625
12/21/2023 13:59:42 - INFO - utils.common - 计算 precision ing...
12/21/2023 13:59:42 - INFO - utils.common - precision = 0.4826055728771537
12/21/2023 13:59:42 - INFO - utils.common - 计算 recall ing...
12/21/2023 13:59:42 - INFO - utils.common - result = {'f1score': 0.4511975473730062, 'acc': 0.49625, 'precision': 0.4826055728771537, 'recall': 0.48349607411397816}
12/21/2023 13:59:42 - INFO - __main__ - Epoch:12, Train Accuracy:0.49625, f1:0.4511975473730062

Epoch: [12][0/63]	
12/21/2023 14:00:01 - INFO - utils.common - 计算 f1 score ing...
12/21/2023 14:00:01 - INFO - utils.common - F1score = 0.5162643596039205
12/21/2023 14:00:01 - INFO - utils.common - 计算 accuracy ing...
12/21/2023 14:00:01 - INFO - utils.common - acc = 0.5577
12/21/2023 14:00:01 - INFO - utils.common - 计算 precision ing...
12/21/2023 14:00:01 - INFO - utils.common - precision = 0.5964115526158522
12/21/2023 14:00:01 - INFO - utils.common - 计算 recall ing...
12/21/2023 14:00:01 - INFO - utils.common - result = {'f1score': 0.5162643596039205, 'acc': 0.5577, 'precision': 0.5964115526158522, 'recall': 0.5438676996077478}
12/21/2023 14:00:01 - INFO - __main__ - Epoch:12, Val Accuracy:0.5577, f1:0.5162643596039205

12/21/2023 14:00:01 - INFO - __main__ - lr:0.0001036736311836454
12/21/2023 14:00:01 - INFO - __main__ - ==========Epoch:13==========
Save best weights
12/21/2023 14:00:25 - INFO - utils.common - 计算 f1 score ing...
12/21/2023 14:00:25 - INFO - utils.common - F1score = 0.456652338259565
12/21/2023 14:00:25 - INFO - utils.common - 计算 accuracy ing...
12/21/2023 14:00:25 - INFO - utils.common - acc = 0.5045
12/21/2023 14:00:25 - INFO - utils.common - 计算 precision ing...
12/21/2023 14:00:25 - INFO - utils.common - precision = 0.47911542869401125
12/21/2023 14:00:25 - INFO - utils.common - 计算 recall ing...
12/21/2023 14:00:25 - INFO - utils.common - result = {'f1score': 0.456652338259565, 'acc': 0.5045, 'precision': 0.47911542869401125, 'recall': 0.4918376429569676}
12/21/2023 14:00:25 - INFO - __main__ - Epoch:13, Train Accuracy:0.5045, f1:0.456652338259565

Epoch: [13][0/63]	
12/21/2023 14:00:47 - INFO - utils.common - 计算 f1 score ing...
12/21/2023 14:00:48 - INFO - utils.common - F1score = 0.42296437071683785
12/21/2023 14:00:48 - INFO - utils.common - 计算 accuracy ing...
12/21/2023 14:00:48 - INFO - utils.common - acc = 0.4913
12/21/2023 14:00:48 - INFO - utils.common - 计算 precision ing...
12/21/2023 14:00:48 - INFO - utils.common - precision = 0.5254835246145746
12/21/2023 14:00:48 - INFO - utils.common - 计算 recall ing...
12/21/2023 14:00:48 - INFO - utils.common - result = {'f1score': 0.42296437071683785, 'acc': 0.4913, 'precision': 0.5254835246145746, 'recall': 0.47016336184886387}
12/21/2023 14:00:48 - INFO - __main__ - Epoch:13, Val Accuracy:0.4913, f1:0.42296437071683785

12/21/2023 14:00:48 - INFO - __main__ - lr:2.8683631183645395e-05
12/21/2023 14:00:48 - INFO - __main__ - ==========Epoch:14==========
early_st 4
12/21/2023 14:01:19 - INFO - utils.common - 计算 f1 score ing...
12/21/2023 14:01:19 - INFO - utils.common - F1score = 0.4601732082442387
12/21/2023 14:01:19 - INFO - utils.common - 计算 accuracy ing...
12/21/2023 14:01:19 - INFO - utils.common - acc = 0.510375
12/21/2023 14:01:19 - INFO - utils.common - 计算 precision ing...
12/21/2023 14:01:19 - INFO - utils.common - precision = 0.4831398338762249
12/21/2023 14:01:19 - INFO - utils.common - 计算 recall ing...
12/21/2023 14:01:19 - INFO - utils.common - result = {'f1score': 0.4601732082442387, 'acc': 0.510375, 'precision': 0.4831398338762249, 'recall': 0.49831312282956575}
12/21/2023 14:01:19 - INFO - __main__ - Epoch:14, Train Accuracy:0.510375, f1:0.4601732082442387

Epoch: [14][0/63]	
12/21/2023 14:01:40 - INFO - utils.common - 计算 f1 score ing...
12/21/2023 14:01:40 - INFO - utils.common - F1score = 0.5062563348713774
12/21/2023 14:01:40 - INFO - utils.common - 计算 accuracy ing...
12/21/2023 14:01:40 - INFO - utils.common - acc = 0.55905
12/21/2023 14:01:40 - INFO - utils.common - 计算 precision ing...
12/21/2023 14:01:40 - INFO - utils.common - precision = 0.5942579662927645
12/21/2023 14:01:40 - INFO - utils.common - 计算 recall ing...
12/21/2023 14:01:40 - INFO - utils.common - result = {'f1score': 0.5062563348713774, 'acc': 0.55905, 'precision': 0.5942579662927645, 'recall': 0.5395452880811211}
12/21/2023 14:01:40 - INFO - __main__ - Epoch:14, Val Accuracy:0.55905, f1:0.5062563348713774

12/21/2023 14:01:40 - INFO - __main__ - lr:0.0003
12/21/2023 14:01:40 - INFO - __main__ - ==========Epoch:15==========
Save best weights
12/21/2023 14:02:10 - INFO - utils.common - 计算 f1 score ing...
12/21/2023 14:02:10 - INFO - utils.common - F1score = 0.46011806544926936
12/21/2023 14:02:10 - INFO - utils.common - 计算 accuracy ing...
12/21/2023 14:02:10 - INFO - utils.common - acc = 0.504625
12/21/2023 14:02:10 - INFO - utils.common - 计算 precision ing...
12/21/2023 14:02:10 - INFO - utils.common - precision = 0.48758160324239785
12/21/2023 14:02:10 - INFO - utils.common - 计算 recall ing...
12/21/2023 14:02:10 - INFO - utils.common - result = {'f1score': 0.46011806544926936, 'acc': 0.504625, 'precision': 0.48758160324239785, 'recall': 0.4931874919370153}
12/21/2023 14:02:10 - INFO - __main__ - Epoch:15, Train Accuracy:0.504625, f1:0.46011806544926936

Epoch: [15][0/63]	
12/21/2023 14:02:29 - INFO - utils.common - 计算 f1 score ing...
12/21/2023 14:02:29 - INFO - utils.common - F1score = 0.45579940602137736
12/21/2023 14:02:29 - INFO - utils.common - 计算 accuracy ing...
12/21/2023 14:02:29 - INFO - utils.common - acc = 0.5159
12/21/2023 14:02:29 - INFO - utils.common - 计算 precision ing...
12/21/2023 14:02:29 - INFO - utils.common - precision = 0.5445017571587577
12/21/2023 14:02:29 - INFO - utils.common - 计算 recall ing...
12/21/2023 14:02:29 - INFO - utils.common - result = {'f1score': 0.45579940602137736, 'acc': 0.5159, 'precision': 0.5445017571587577, 'recall': 0.4952691733045779}
12/21/2023 14:02:29 - INFO - __main__ - Epoch:15, Val Accuracy:0.5159, f1:0.45579940602137736

12/21/2023 14:02:29 - INFO - __main__ - lr:0.00027135636881635457
12/21/2023 14:02:29 - INFO - __main__ - ==========Epoch:16==========
early_st 4
12/21/2023 14:03:03 - INFO - utils.common - 计算 f1 score ing...
12/21/2023 14:03:03 - INFO - utils.common - F1score = 0.4695650285660979
12/21/2023 14:03:03 - INFO - utils.common - 计算 accuracy ing...
12/21/2023 14:03:03 - INFO - utils.common - acc = 0.5155
12/21/2023 14:03:03 - INFO - utils.common - 计算 precision ing...
12/21/2023 14:03:03 - INFO - utils.common - precision = 0.49300773391642316
12/21/2023 14:03:03 - INFO - utils.common - 计算 recall ing...
12/21/2023 14:03:03 - INFO - utils.common - result = {'f1score': 0.4695650285660979, 'acc': 0.5155, 'precision': 0.49300773391642316, 'recall': 0.504358344589291}
12/21/2023 14:03:03 - INFO - __main__ - Epoch:16, Train Accuracy:0.5155, f1:0.4695650285660979

Epoch: [16][0/63]	
12/21/2023 14:03:25 - INFO - utils.common - 计算 f1 score ing...
12/21/2023 14:03:25 - INFO - utils.common - F1score = 0.4562513533092145
12/21/2023 14:03:25 - INFO - utils.common - 计算 accuracy ing...
12/21/2023 14:03:25 - INFO - utils.common - acc = 0.5149
12/21/2023 14:03:25 - INFO - utils.common - 计算 precision ing...
12/21/2023 14:03:25 - INFO - utils.common - precision = 0.5730975679093906
12/21/2023 14:03:25 - INFO - utils.common - 计算 recall ing...
12/21/2023 14:03:25 - INFO - utils.common - result = {'f1score': 0.4562513533092145, 'acc': 0.5149, 'precision': 0.5730975679093906, 'recall': 0.4968732038369173}
12/21/2023 14:03:25 - INFO - __main__ - Epoch:16, Val Accuracy:0.5149, f1:0.4562513533092145

12/21/2023 14:03:25 - INFO - __main__ - lr:0.0001963663688163546
12/21/2023 14:03:25 - INFO - __main__ - ==========Epoch:17==========
early_st 3
12/21/2023 14:03:56 - INFO - utils.common - 计算 f1 score ing...
12/21/2023 14:03:56 - INFO - utils.common - F1score = 0.4928565722395252
12/21/2023 14:03:56 - INFO - utils.common - 计算 accuracy ing...
12/21/2023 14:03:56 - INFO - utils.common - acc = 0.531375
12/21/2023 14:03:56 - INFO - utils.common - 计算 precision ing...
12/21/2023 14:03:56 - INFO - utils.common - precision = 0.5158803352060727
12/21/2023 14:03:56 - INFO - utils.common - 计算 recall ing...
12/21/2023 14:03:56 - INFO - utils.common - result = {'f1score': 0.4928565722395252, 'acc': 0.531375, 'precision': 0.5158803352060727, 'recall': 0.5202612071061314}
12/21/2023 14:03:56 - INFO - __main__ - Epoch:17, Train Accuracy:0.531375, f1:0.4928565722395252

Epoch: [17][0/63]	
12/21/2023 14:04:18 - INFO - utils.common - 计算 f1 score ing...
12/21/2023 14:04:18 - INFO - utils.common - F1score = 0.534701254301891
12/21/2023 14:04:18 - INFO - utils.common - 计算 accuracy ing...
12/21/2023 14:04:18 - INFO - utils.common - acc = 0.5569
12/21/2023 14:04:18 - INFO - utils.common - 计算 precision ing...
12/21/2023 14:04:18 - INFO - utils.common - precision = 0.6024369034673714
12/21/2023 14:04:18 - INFO - utils.common - 计算 recall ing...
12/21/2023 14:04:18 - INFO - utils.common - result = {'f1score': 0.534701254301891, 'acc': 0.5569, 'precision': 0.6024369034673714, 'recall': 0.5435096847740719}
12/21/2023 14:04:18 - INFO - __main__ - Epoch:17, Val Accuracy:0.5569, f1:0.534701254301891

12/21/2023 14:04:18 - INFO - __main__ - lr:0.0001036736311836454
12/21/2023 14:04:18 - INFO - __main__ - ==========Epoch:18==========
early_st 2
12/21/2023 14:04:45 - INFO - utils.common - 计算 f1 score ing...
12/21/2023 14:04:45 - INFO - utils.common - F1score = 0.48679719922510567
12/21/2023 14:04:45 - INFO - utils.common - 计算 accuracy ing...
12/21/2023 14:04:45 - INFO - utils.common - acc = 0.529125
12/21/2023 14:04:45 - INFO - utils.common - 计算 precision ing...
12/21/2023 14:04:45 - INFO - utils.common - precision = 0.5107312189244813
12/21/2023 14:04:45 - INFO - utils.common - 计算 recall ing...
12/21/2023 14:04:45 - INFO - utils.common - result = {'f1score': 0.48679719922510567, 'acc': 0.529125, 'precision': 0.5107312189244813, 'recall': 0.518013607830293}
12/21/2023 14:04:45 - INFO - __main__ - Epoch:18, Train Accuracy:0.529125, f1:0.48679719922510567

Epoch: [18][0/63]	
12/21/2023 14:05:05 - INFO - utils.common - 计算 f1 score ing...
12/21/2023 14:05:05 - INFO - utils.common - F1score = 0.5614576529684331
12/21/2023 14:05:05 - INFO - utils.common - 计算 accuracy ing...
12/21/2023 14:05:05 - INFO - utils.common - acc = 0.5939
12/21/2023 14:05:05 - INFO - utils.common - 计算 precision ing...
12/21/2023 14:05:05 - INFO - utils.common - precision = 0.6261706593695217
12/21/2023 14:05:05 - INFO - utils.common - 计算 recall ing...
12/21/2023 14:05:05 - INFO - utils.common - result = {'f1score': 0.5614576529684331, 'acc': 0.5939, 'precision': 0.6261706593695217, 'recall': 0.5783399476717038}
12/21/2023 14:05:05 - INFO - __main__ - Epoch:18, Val Accuracy:0.5939, f1:0.5614576529684331

12/21/2023 14:05:05 - INFO - __main__ - lr:2.8683631183645395e-05
12/21/2023 14:05:05 - INFO - __main__ - ==========Epoch:19==========
Save best weights
12/21/2023 14:05:37 - INFO - utils.common - 计算 f1 score ing...
12/21/2023 14:05:37 - INFO - utils.common - F1score = 0.4953273183058735
12/21/2023 14:05:37 - INFO - utils.common - 计算 accuracy ing...
12/21/2023 14:05:37 - INFO - utils.common - acc = 0.53775
12/21/2023 14:05:37 - INFO - utils.common - 计算 precision ing...
12/21/2023 14:05:37 - INFO - utils.common - precision = 0.522100170364494
12/21/2023 14:05:37 - INFO - utils.common - 计算 recall ing...
12/21/2023 14:05:37 - INFO - utils.common - result = {'f1score': 0.4953273183058735, 'acc': 0.53775, 'precision': 0.522100170364494, 'recall': 0.5262495428788315}
12/21/2023 14:05:37 - INFO - __main__ - Epoch:19, Train Accuracy:0.53775, f1:0.4953273183058735

Epoch: [19][0/63]	
12/21/2023 14:05:59 - INFO - utils.common - 计算 f1 score ing...
12/21/2023 14:06:00 - INFO - utils.common - F1score = 0.5732943165117177
12/21/2023 14:06:00 - INFO - utils.common - 计算 accuracy ing...
12/21/2023 14:06:00 - INFO - utils.common - acc = 0.60645
12/21/2023 14:06:00 - INFO - utils.common - 计算 precision ing...
12/21/2023 14:06:00 - INFO - utils.common - precision = 0.6329603005459881
12/21/2023 14:06:00 - INFO - utils.common - 计算 recall ing...
12/21/2023 14:06:00 - INFO - utils.common - result = {'f1score': 0.5732943165117177, 'acc': 0.60645, 'precision': 0.6329603005459881, 'recall': 0.5904684998453403}
12/21/2023 14:06:00 - INFO - __main__ - Epoch:19, Val Accuracy:0.60645, f1:0.5732943165117177

12/21/2023 14:06:00 - INFO - __main__ - lr:0.0003
12/21/2023 14:06:00 - INFO - __main__ - ==========Epoch:20==========
Save best weights
12/21/2023 14:06:30 - INFO - utils.common - 计算 f1 score ing...
12/21/2023 14:06:30 - INFO - utils.common - F1score = 0.4981448287915826
12/21/2023 14:06:30 - INFO - utils.common - 计算 accuracy ing...
12/21/2023 14:06:30 - INFO - utils.common - acc = 0.536375
12/21/2023 14:06:30 - INFO - utils.common - 计算 precision ing...
12/21/2023 14:06:30 - INFO - utils.common - precision = 0.5141872266150641
12/21/2023 14:06:30 - INFO - utils.common - 计算 recall ing...
12/21/2023 14:06:30 - INFO - utils.common - result = {'f1score': 0.4981448287915826, 'acc': 0.536375, 'precision': 0.5141872266150641, 'recall': 0.5250854451219161}
12/21/2023 14:06:30 - INFO - __main__ - Epoch:20, Train Accuracy:0.536375, f1:0.4981448287915826

Epoch: [20][0/63]	
12/21/2023 14:06:48 - INFO - utils.common - 计算 f1 score ing...
12/21/2023 14:06:49 - INFO - utils.common - F1score = 0.43154229062404853
12/21/2023 14:06:49 - INFO - utils.common - 计算 accuracy ing...
12/21/2023 14:06:49 - INFO - utils.common - acc = 0.4923
12/21/2023 14:06:49 - INFO - utils.common - 计算 precision ing...
12/21/2023 14:06:49 - INFO - utils.common - precision = 0.5239815359092695
12/21/2023 14:06:49 - INFO - utils.common - 计算 recall ing...
12/21/2023 14:06:49 - INFO - utils.common - result = {'f1score': 0.43154229062404853, 'acc': 0.4923, 'precision': 0.5239815359092695, 'recall': 0.47187052531971285}
12/21/2023 14:06:49 - INFO - __main__ - Epoch:20, Val Accuracy:0.4923, f1:0.43154229062404853

12/21/2023 14:06:49 - INFO - __main__ - lr:0.00027135636881635457
12/21/2023 14:06:49 - INFO - __main__ - ==========Epoch:21==========
early_st 4
12/21/2023 14:07:20 - INFO - utils.common - 计算 f1 score ing...
12/21/2023 14:07:20 - INFO - utils.common - F1score = 0.5030108681536405
12/21/2023 14:07:20 - INFO - utils.common - 计算 accuracy ing...
12/21/2023 14:07:20 - INFO - utils.common - acc = 0.542
12/21/2023 14:07:20 - INFO - utils.common - 计算 precision ing...
12/21/2023 14:07:20 - INFO - utils.common - precision = 0.5332023329490756
12/21/2023 14:07:20 - INFO - utils.common - 计算 recall ing...
12/21/2023 14:07:20 - INFO - utils.common - result = {'f1score': 0.5030108681536405, 'acc': 0.542, 'precision': 0.5332023329490756, 'recall': 0.5311535651077557}
12/21/2023 14:07:20 - INFO - __main__ - Epoch:21, Train Accuracy:0.542, f1:0.5030108681536405

Epoch: [21][0/63]	
12/21/2023 14:07:41 - INFO - utils.common - 计算 f1 score ing...
12/21/2023 14:07:41 - INFO - utils.common - F1score = 0.4251712084924473
12/21/2023 14:07:41 - INFO - utils.common - 计算 accuracy ing...
12/21/2023 14:07:41 - INFO - utils.common - acc = 0.45225
12/21/2023 14:07:41 - INFO - utils.common - 计算 precision ing...
12/21/2023 14:07:41 - INFO - utils.common - precision = 0.5123700209620582
12/21/2023 14:07:41 - INFO - utils.common - 计算 recall ing...
12/21/2023 14:07:41 - INFO - utils.common - result = {'f1score': 0.4251712084924473, 'acc': 0.45225, 'precision': 0.5123700209620582, 'recall': 0.44570461120342764}
12/21/2023 14:07:41 - INFO - __main__ - Epoch:21, Val Accuracy:0.45225, f1:0.4251712084924473

12/21/2023 14:07:41 - INFO - __main__ - lr:0.0001963663688163546
12/21/2023 14:07:41 - INFO - __main__ - ==========Epoch:22==========
early_st 3
12/21/2023 14:08:13 - INFO - utils.common - 计算 f1 score ing...
12/21/2023 14:08:13 - INFO - utils.common - F1score = 0.5123405239917498
12/21/2023 14:08:13 - INFO - utils.common - 计算 accuracy ing...
12/21/2023 14:08:13 - INFO - utils.common - acc = 0.5455
12/21/2023 14:08:13 - INFO - utils.common - 计算 precision ing...
12/21/2023 14:08:13 - INFO - utils.common - precision = 0.5305454072784163
12/21/2023 14:08:13 - INFO - utils.common - 计算 recall ing...
12/21/2023 14:08:13 - INFO - utils.common - result = {'f1score': 0.5123405239917498, 'acc': 0.5455, 'precision': 0.5305454072784163, 'recall': 0.5358793084757303}
12/21/2023 14:08:13 - INFO - __main__ - Epoch:22, Train Accuracy:0.5455, f1:0.5123405239917498

Epoch: [22][0/63]	
12/21/2023 14:08:35 - INFO - utils.common - 计算 f1 score ing...
12/21/2023 14:08:35 - INFO - utils.common - F1score = 0.5023111114459178
12/21/2023 14:08:35 - INFO - utils.common - 计算 accuracy ing...
12/21/2023 14:08:35 - INFO - utils.common - acc = 0.53085
12/21/2023 14:08:35 - INFO - utils.common - 计算 precision ing...
12/21/2023 14:08:35 - INFO - utils.common - precision = 0.6004203305214543
12/21/2023 14:08:35 - INFO - utils.common - 计算 recall ing...
12/21/2023 14:08:35 - INFO - utils.common - result = {'f1score': 0.5023111114459178, 'acc': 0.53085, 'precision': 0.6004203305214543, 'recall': 0.5228913588466436}
12/21/2023 14:08:35 - INFO - __main__ - Epoch:22, Val Accuracy:0.53085, f1:0.5023111114459178

12/21/2023 14:08:35 - INFO - __main__ - lr:0.0001036736311836454
12/21/2023 14:08:35 - INFO - __main__ - ==========Epoch:23==========
early_st 2
12/21/2023 14:09:00 - INFO - utils.common - 计算 f1 score ing...
12/21/2023 14:09:00 - INFO - utils.common - F1score = 0.5137509969380891
12/21/2023 14:09:00 - INFO - utils.common - 计算 accuracy ing...
12/21/2023 14:09:00 - INFO - utils.common - acc = 0.548125
12/21/2023 14:09:00 - INFO - utils.common - 计算 precision ing...
12/21/2023 14:09:00 - INFO - utils.common - precision = 0.5320601913879576
12/21/2023 14:09:00 - INFO - utils.common - 计算 recall ing...
12/21/2023 14:09:00 - INFO - utils.common - result = {'f1score': 0.5137509969380891, 'acc': 0.548125, 'precision': 0.5320601913879576, 'recall': 0.5387710710447058}
12/21/2023 14:09:00 - INFO - __main__ - Epoch:23, Train Accuracy:0.548125, f1:0.5137509969380891

Epoch: [23][0/63]	
12/21/2023 14:09:19 - INFO - utils.common - 计算 f1 score ing...
12/21/2023 14:09:19 - INFO - utils.common - F1score = 0.5911170590409792
12/21/2023 14:09:19 - INFO - utils.common - 计算 accuracy ing...
12/21/2023 14:09:19 - INFO - utils.common - acc = 0.6202
12/21/2023 14:09:19 - INFO - utils.common - 计算 precision ing...
12/21/2023 14:09:19 - INFO - utils.common - precision = 0.6434312282525915
12/21/2023 14:09:19 - INFO - utils.common - 计算 recall ing...
12/21/2023 14:09:19 - INFO - utils.common - result = {'f1score': 0.5911170590409792, 'acc': 0.6202, 'precision': 0.6434312282525915, 'recall': 0.6070271694126119}
12/21/2023 14:09:19 - INFO - __main__ - Epoch:23, Val Accuracy:0.6202, f1:0.5911170590409792

12/21/2023 14:09:19 - INFO - __main__ - lr:2.8683631183645395e-05
12/21/2023 14:09:19 - INFO - __main__ - ==========Epoch:24==========
Save best weights
12/21/2023 14:09:50 - INFO - utils.common - 计算 f1 score ing...
12/21/2023 14:09:50 - INFO - utils.common - F1score = 0.5285554982784039
12/21/2023 14:09:50 - INFO - utils.common - 计算 accuracy ing...
12/21/2023 14:09:50 - INFO - utils.common - acc = 0.559625
12/21/2023 14:09:50 - INFO - utils.common - 计算 precision ing...
12/21/2023 14:09:50 - INFO - utils.common - precision = 0.552736900274187
12/21/2023 14:09:50 - INFO - utils.common - 计算 recall ing...
12/21/2023 14:09:50 - INFO - utils.common - result = {'f1score': 0.5285554982784039, 'acc': 0.559625, 'precision': 0.552736900274187, 'recall': 0.5506119379172753}
12/21/2023 14:09:50 - INFO - __main__ - Epoch:24, Train Accuracy:0.559625, f1:0.5285554982784039

Epoch: [24][0/63]	
12/21/2023 14:10:10 - INFO - utils.common - 计算 f1 score ing...
12/21/2023 14:10:10 - INFO - utils.common - F1score = 0.590121374656803
12/21/2023 14:10:10 - INFO - utils.common - 计算 accuracy ing...
12/21/2023 14:10:10 - INFO - utils.common - acc = 0.6128
12/21/2023 14:10:10 - INFO - utils.common - 计算 precision ing...
12/21/2023 14:10:10 - INFO - utils.common - precision = 0.631506573464995
12/21/2023 14:10:10 - INFO - utils.common - 计算 recall ing...
12/21/2023 14:10:11 - INFO - utils.common - result = {'f1score': 0.590121374656803, 'acc': 0.6128, 'precision': 0.631506573464995, 'recall': 0.6030056080344379}
12/21/2023 14:10:11 - INFO - __main__ - Epoch:24, Val Accuracy:0.6128, f1:0.590121374656803

12/21/2023 14:10:11 - INFO - __main__ - lr:0.0003
12/21/2023 14:10:11 - INFO - __main__ - ==========Epoch:25==========
early_st 4
12/21/2023 14:10:41 - INFO - utils.common - 计算 f1 score ing...
12/21/2023 14:10:41 - INFO - utils.common - F1score = 0.5237847964750061
12/21/2023 14:10:41 - INFO - utils.common - 计算 accuracy ing...
12/21/2023 14:10:41 - INFO - utils.common - acc = 0.55475
12/21/2023 14:10:41 - INFO - utils.common - 计算 precision ing...
12/21/2023 14:10:41 - INFO - utils.common - precision = 0.5406846663797
12/21/2023 14:10:41 - INFO - utils.common - 计算 recall ing...
12/21/2023 14:10:41 - INFO - utils.common - result = {'f1score': 0.5237847964750061, 'acc': 0.55475, 'precision': 0.5406846663797, 'recall': 0.5467349947010873}
12/21/2023 14:10:41 - INFO - __main__ - Epoch:25, Train Accuracy:0.55475, f1:0.5237847964750061

Epoch: [25][0/63]	
12/21/2023 14:10:58 - INFO - utils.common - 计算 f1 score ing...
12/21/2023 14:10:58 - INFO - utils.common - F1score = 0.5336806616091182
12/21/2023 14:10:58 - INFO - utils.common - 计算 accuracy ing...
12/21/2023 14:10:58 - INFO - utils.common - acc = 0.58085
12/21/2023 14:10:58 - INFO - utils.common - 计算 precision ing...
12/21/2023 14:10:58 - INFO - utils.common - precision = 0.5868610340413524
12/21/2023 14:10:58 - INFO - utils.common - 计算 recall ing...
12/21/2023 14:10:58 - INFO - utils.common - result = {'f1score': 0.5336806616091182, 'acc': 0.58085, 'precision': 0.5868610340413524, 'recall': 0.5628387500272595}
12/21/2023 14:10:58 - INFO - __main__ - Epoch:25, Val Accuracy:0.58085, f1:0.5336806616091182

12/21/2023 14:10:58 - INFO - __main__ - lr:0.00027135636881635457
12/21/2023 14:10:58 - INFO - __main__ - ==========Epoch:26==========
early_st 3
12/21/2023 14:11:23 - INFO - utils.common - 计算 f1 score ing...
12/21/2023 14:11:23 - INFO - utils.common - F1score = 0.5224805755670633
12/21/2023 14:11:23 - INFO - utils.common - 计算 accuracy ing...
12/21/2023 14:11:23 - INFO - utils.common - acc = 0.553125
12/21/2023 14:11:23 - INFO - utils.common - 计算 precision ing...
12/21/2023 14:11:23 - INFO - utils.common - precision = 0.5418238517167137
12/21/2023 14:11:23 - INFO - utils.common - 计算 recall ing...
12/21/2023 14:11:23 - INFO - utils.common - result = {'f1score': 0.5224805755670633, 'acc': 0.553125, 'precision': 0.5418238517167137, 'recall': 0.5440497458815154}
12/21/2023 14:11:23 - INFO - __main__ - Epoch:26, Train Accuracy:0.553125, f1:0.5224805755670633

Epoch: [26][0/63]	
12/21/2023 14:11:45 - INFO - utils.common - 计算 f1 score ing...
12/21/2023 14:11:45 - INFO - utils.common - F1score = 0.36964101128684335
12/21/2023 14:11:45 - INFO - utils.common - 计算 accuracy ing...
12/21/2023 14:11:45 - INFO - utils.common - acc = 0.39995
12/21/2023 14:11:45 - INFO - utils.common - 计算 precision ing...
12/21/2023 14:11:45 - INFO - utils.common - precision = 0.5286212445120586
12/21/2023 14:11:45 - INFO - utils.common - 计算 recall ing...
12/21/2023 14:11:45 - INFO - utils.common - result = {'f1score': 0.36964101128684335, 'acc': 0.39995, 'precision': 0.5286212445120586, 'recall': 0.3981074733574579}
12/21/2023 14:11:45 - INFO - __main__ - Epoch:26, Val Accuracy:0.39995, f1:0.36964101128684335

12/21/2023 14:11:45 - INFO - __main__ - lr:0.0001963663688163546
12/21/2023 14:11:45 - INFO - __main__ - ==========Epoch:27==========
early_st 2
12/21/2023 14:12:16 - INFO - utils.common - 计算 f1 score ing...
12/21/2023 14:12:16 - INFO - utils.common - F1score = 0.5391607750607141
12/21/2023 14:12:16 - INFO - utils.common - 计算 accuracy ing...
12/21/2023 14:12:16 - INFO - utils.common - acc = 0.565625
12/21/2023 14:12:16 - INFO - utils.common - 计算 precision ing...
12/21/2023 14:12:16 - INFO - utils.common - precision = 0.5543617913863746
12/21/2023 14:12:16 - INFO - utils.common - 计算 recall ing...
12/21/2023 14:12:16 - INFO - utils.common - result = {'f1score': 0.5391607750607141, 'acc': 0.565625, 'precision': 0.5543617913863746, 'recall': 0.5571212044935316}
12/21/2023 14:12:16 - INFO - __main__ - Epoch:27, Train Accuracy:0.565625, f1:0.5391607750607141

Epoch: [27][0/63]	
12/21/2023 14:12:38 - INFO - utils.common - 计算 f1 score ing...
12/21/2023 14:12:38 - INFO - utils.common - F1score = 0.4609502816101203
12/21/2023 14:12:38 - INFO - utils.common - 计算 accuracy ing...
12/21/2023 14:12:38 - INFO - utils.common - acc = 0.5264
12/21/2023 14:12:38 - INFO - utils.common - 计算 precision ing...
12/21/2023 14:12:38 - INFO - utils.common - precision = 0.5355155056922825
12/21/2023 14:12:38 - INFO - utils.common - 计算 recall ing...
12/21/2023 14:12:38 - INFO - utils.common - result = {'f1score': 0.4609502816101203, 'acc': 0.5264, 'precision': 0.5355155056922825, 'recall': 0.5034432385690866}
12/21/2023 14:12:38 - INFO - __main__ - Epoch:27, Val Accuracy:0.5264, f1:0.4609502816101203

12/21/2023 14:12:38 - INFO - __main__ - lr:0.0001036736311836454
12/21/2023 14:12:38 - INFO - __main__ - ==========Epoch:28==========
early_st 1
12/21/2023 14:13:03 - INFO - utils.common - 计算 f1 score ing...
12/21/2023 14:13:03 - INFO - utils.common - F1score = 0.5371239953642183
12/21/2023 14:13:03 - INFO - utils.common - 计算 accuracy ing...
12/21/2023 14:13:03 - INFO - utils.common - acc = 0.563375
12/21/2023 14:13:03 - INFO - utils.common - 计算 precision ing...
12/21/2023 14:13:03 - INFO - utils.common - precision = 0.5535289040781775
12/21/2023 14:13:03 - INFO - utils.common - 计算 recall ing...
12/21/2023 14:13:03 - INFO - utils.common - result = {'f1score': 0.5371239953642183, 'acc': 0.563375, 'precision': 0.5535289040781775, 'recall': 0.5546616847992486}
12/21/2023 14:13:03 - INFO - __main__ - Epoch:28, Train Accuracy:0.563375, f1:0.5371239953642183

Epoch: [28][0/63]	
12/21/2023 14:13:20 - INFO - utils.common - 计算 f1 score ing...
12/21/2023 14:13:20 - INFO - utils.common - F1score = 0.6377914627383857
12/21/2023 14:13:20 - INFO - utils.common - 计算 accuracy ing...
12/21/2023 14:13:20 - INFO - utils.common - acc = 0.66165
12/21/2023 14:13:20 - INFO - utils.common - 计算 precision ing...
12/21/2023 14:13:20 - INFO - utils.common - precision = 0.6718837760024365
12/21/2023 14:13:20 - INFO - utils.common - 计算 recall ing...
12/21/2023 14:13:20 - INFO - utils.common - result = {'f1score': 0.6377914627383857, 'acc': 0.66165, 'precision': 0.6718837760024365, 'recall': 0.6538112028317832}
12/21/2023 14:13:20 - INFO - __main__ - Epoch:28, Val Accuracy:0.66165, f1:0.6377914627383857

12/21/2023 14:13:20 - INFO - __main__ - lr:2.8683631183645395e-05
12/21/2023 14:13:20 - INFO - __main__ - ==========Epoch:29==========
Save best weights
12/21/2023 14:13:51 - INFO - utils.common - 计算 f1 score ing...
12/21/2023 14:13:51 - INFO - utils.common - F1score = 0.5478217152624582
12/21/2023 14:13:51 - INFO - utils.common - 计算 accuracy ing...
12/21/2023 14:13:51 - INFO - utils.common - acc = 0.57425
12/21/2023 14:13:51 - INFO - utils.common - 计算 precision ing...
12/21/2023 14:13:51 - INFO - utils.common - precision = 0.5629188929754417
12/21/2023 14:13:51 - INFO - utils.common - 计算 recall ing...
12/21/2023 14:13:51 - INFO - utils.common - result = {'f1score': 0.5478217152624582, 'acc': 0.57425, 'precision': 0.5629188929754417, 'recall': 0.566473238639285}
12/21/2023 14:13:51 - INFO - __main__ - Epoch:29, Train Accuracy:0.57425, f1:0.5478217152624582

Epoch: [29][0/63]	
12/21/2023 14:14:14 - INFO - utils.common - 计算 f1 score ing...
12/21/2023 14:14:14 - INFO - utils.common - F1score = 0.6060635227018837
12/21/2023 14:14:14 - INFO - utils.common - 计算 accuracy ing...
12/21/2023 14:14:14 - INFO - utils.common - acc = 0.6213
12/21/2023 14:14:14 - INFO - utils.common - 计算 precision ing...
12/21/2023 14:14:15 - INFO - utils.common - precision = 0.6526999528747234
12/21/2023 14:14:15 - INFO - utils.common - 计算 recall ing...
12/21/2023 14:14:15 - INFO - utils.common - result = {'f1score': 0.6060635227018837, 'acc': 0.6213, 'precision': 0.6526999528747234, 'recall': 0.6174712804529979}
12/21/2023 14:14:15 - INFO - __main__ - Epoch:29, Val Accuracy:0.6213, f1:0.6060635227018837

12/21/2023 14:14:15 - INFO - __main__ - lr:0.0003
12/21/2023 14:14:15 - INFO - __main__ - ==========Epoch:30==========
early_st 4
12/21/2023 14:14:49 - INFO - utils.common - 计算 f1 score ing...
12/21/2023 14:14:49 - INFO - utils.common - F1score = 0.555192226500676
12/21/2023 14:14:49 - INFO - utils.common - 计算 accuracy ing...
12/21/2023 14:14:49 - INFO - utils.common - acc = 0.578625
12/21/2023 14:14:49 - INFO - utils.common - 计算 precision ing...
12/21/2023 14:14:49 - INFO - utils.common - precision = 0.5711246338192594
12/21/2023 14:14:49 - INFO - utils.common - 计算 recall ing...
12/21/2023 14:14:49 - INFO - utils.common - result = {'f1score': 0.555192226500676, 'acc': 0.578625, 'precision': 0.5711246338192594, 'recall': 0.572200026434445}
12/21/2023 14:14:49 - INFO - __main__ - Epoch:30, Train Accuracy:0.578625, f1:0.555192226500676

Epoch: [30][0/63]	
12/21/2023 14:15:07 - INFO - utils.common - 计算 f1 score ing...
12/21/2023 14:15:07 - INFO - utils.common - F1score = 0.6020582632873432
12/21/2023 14:15:07 - INFO - utils.common - 计算 accuracy ing...
12/21/2023 14:15:07 - INFO - utils.common - acc = 0.62905
12/21/2023 14:15:07 - INFO - utils.common - 计算 precision ing...
12/21/2023 14:15:07 - INFO - utils.common - precision = 0.6550201831111748
12/21/2023 14:15:07 - INFO - utils.common - 计算 recall ing...
12/21/2023 14:15:07 - INFO - utils.common - result = {'f1score': 0.6020582632873432, 'acc': 0.62905, 'precision': 0.6550201831111748, 'recall': 0.6208248755483383}
12/21/2023 14:15:07 - INFO - __main__ - Epoch:30, Val Accuracy:0.62905, f1:0.6020582632873432

12/21/2023 14:15:07 - INFO - __main__ - lr:0.00027135636881635457
12/21/2023 14:15:07 - INFO - __main__ - ==========Epoch:31==========
early_st 3
12/21/2023 14:15:35 - INFO - utils.common - 计算 f1 score ing...
12/21/2023 14:15:35 - INFO - utils.common - F1score = 0.5463702823579605
12/21/2023 14:15:35 - INFO - utils.common - 计算 accuracy ing...
12/21/2023 14:15:35 - INFO - utils.common - acc = 0.569875
12/21/2023 14:15:35 - INFO - utils.common - 计算 precision ing...
12/21/2023 14:15:35 - INFO - utils.common - precision = 0.5606706571812736
12/21/2023 14:15:35 - INFO - utils.common - 计算 recall ing...
12/21/2023 14:15:35 - INFO - utils.common - result = {'f1score': 0.5463702823579605, 'acc': 0.569875, 'precision': 0.5606706571812736, 'recall': 0.5619403370722726}
12/21/2023 14:15:35 - INFO - __main__ - Epoch:31, Train Accuracy:0.569875, f1:0.5463702823579605

Epoch: [31][0/63]	
12/21/2023 14:15:57 - INFO - utils.common - 计算 f1 score ing...
12/21/2023 14:15:57 - INFO - utils.common - F1score = 0.5786853550469913
12/21/2023 14:15:57 - INFO - utils.common - 计算 accuracy ing...
12/21/2023 14:15:57 - INFO - utils.common - acc = 0.5999
12/21/2023 14:15:57 - INFO - utils.common - 计算 precision ing...
12/21/2023 14:15:57 - INFO - utils.common - precision = 0.64650561989142
12/21/2023 14:15:57 - INFO - utils.common - 计算 recall ing...
12/21/2023 14:15:57 - INFO - utils.common - result = {'f1score': 0.5786853550469913, 'acc': 0.5999, 'precision': 0.64650561989142, 'recall': 0.5963261018249699}
12/21/2023 14:15:57 - INFO - __main__ - Epoch:31, Val Accuracy:0.5999, f1:0.5786853550469913

12/21/2023 14:15:57 - INFO - __main__ - lr:0.0001963663688163546
12/21/2023 14:15:57 - INFO - __main__ - ==========Epoch:32==========
early_st 2
12/21/2023 14:16:28 - INFO - utils.common - 计算 f1 score ing...
12/21/2023 14:16:28 - INFO - utils.common - F1score = 0.5536616767437972
12/21/2023 14:16:28 - INFO - utils.common - 计算 accuracy ing...
12/21/2023 14:16:28 - INFO - utils.common - acc = 0.579
12/21/2023 14:16:28 - INFO - utils.common - 计算 precision ing...
12/21/2023 14:16:28 - INFO - utils.common - precision = 0.565428389604821
12/21/2023 14:16:28 - INFO - utils.common - 计算 recall ing...
12/21/2023 14:16:28 - INFO - utils.common - result = {'f1score': 0.5536616767437972, 'acc': 0.579, 'precision': 0.565428389604821, 'recall': 0.5712378070078247}
12/21/2023 14:16:28 - INFO - __main__ - Epoch:32, Train Accuracy:0.579, f1:0.5536616767437972

Epoch: [32][0/63]	
12/21/2023 14:16:50 - INFO - utils.common - 计算 f1 score ing...
12/21/2023 14:16:50 - INFO - utils.common - F1score = 0.4542710500268736
12/21/2023 14:16:50 - INFO - utils.common - 计算 accuracy ing...
12/21/2023 14:16:50 - INFO - utils.common - acc = 0.48245
12/21/2023 14:16:50 - INFO - utils.common - 计算 precision ing...
12/21/2023 14:16:50 - INFO - utils.common - precision = 0.5726188693632426
12/21/2023 14:16:50 - INFO - utils.common - 计算 recall ing...
12/21/2023 14:16:50 - INFO - utils.common - result = {'f1score': 0.4542710500268736, 'acc': 0.48245, 'precision': 0.5726188693632426, 'recall': 0.48524791488050933}
12/21/2023 14:16:50 - INFO - __main__ - Epoch:32, Val Accuracy:0.48245, f1:0.4542710500268736

12/21/2023 14:16:50 - INFO - __main__ - lr:0.0001036736311836454
12/21/2023 14:16:50 - INFO - __main__ - ==========Epoch:33==========
early_st 1
12/21/2023 14:17:22 - INFO - utils.common - 计算 f1 score ing...
12/21/2023 14:17:22 - INFO - utils.common - F1score = 0.5664864794195851
12/21/2023 14:17:22 - INFO - utils.common - 计算 accuracy ing...
12/21/2023 14:17:22 - INFO - utils.common - acc = 0.588
12/21/2023 14:17:22 - INFO - utils.common - 计算 precision ing...
12/21/2023 14:17:22 - INFO - utils.common - precision = 0.5834269890363986
12/21/2023 14:17:22 - INFO - utils.common - 计算 recall ing...
12/21/2023 14:17:22 - INFO - utils.common - result = {'f1score': 0.5664864794195851, 'acc': 0.588, 'precision': 0.5834269890363986, 'recall': 0.5807998730172542}
12/21/2023 14:17:22 - INFO - __main__ - Epoch:33, Train Accuracy:0.588, f1:0.5664864794195851

Epoch: [33][0/63]	
12/21/2023 14:17:39 - INFO - utils.common - 计算 f1 score ing...
12/21/2023 14:17:40 - INFO - utils.common - F1score = 0.6476326511276511
12/21/2023 14:17:40 - INFO - utils.common - 计算 accuracy ing...
12/21/2023 14:17:40 - INFO - utils.common - acc = 0.6617
12/21/2023 14:17:40 - INFO - utils.common - 计算 precision ing...
12/21/2023 14:17:40 - INFO - utils.common - precision = 0.6934840085805503
12/21/2023 14:17:40 - INFO - utils.common - 计算 recall ing...
12/21/2023 14:17:40 - INFO - utils.common - result = {'f1score': 0.6476326511276511, 'acc': 0.6617, 'precision': 0.6934840085805503, 'recall': 0.6586842868903872}
12/21/2023 14:17:40 - INFO - __main__ - Epoch:33, Val Accuracy:0.6617, f1:0.6476326511276511

12/21/2023 14:17:40 - INFO - __main__ - lr:2.8683631183645395e-05
12/21/2023 14:17:40 - INFO - __main__ - ==========Epoch:34==========
Save best weights
12/21/2023 14:18:09 - INFO - utils.common - 计算 f1 score ing...
12/21/2023 14:18:09 - INFO - utils.common - F1score = 0.5737816516693881
12/21/2023 14:18:09 - INFO - utils.common - 计算 accuracy ing...
12/21/2023 14:18:09 - INFO - utils.common - acc = 0.594375
12/21/2023 14:18:09 - INFO - utils.common - 计算 precision ing...
12/21/2023 14:18:09 - INFO - utils.common - precision = 0.5857256325625686
12/21/2023 14:18:09 - INFO - utils.common - 计算 recall ing...
12/21/2023 14:18:09 - INFO - utils.common - result = {'f1score': 0.5737816516693881, 'acc': 0.594375, 'precision': 0.5857256325625686, 'recall': 0.5869959689555779}
12/21/2023 14:18:09 - INFO - __main__ - Epoch:34, Train Accuracy:0.594375, f1:0.5737816516693881

Epoch: [34][0/63]	
12/21/2023 14:18:22 - INFO - utils.common - 计算 f1 score ing...
12/21/2023 14:18:22 - INFO - utils.common - F1score = 0.6493834625220403
12/21/2023 14:18:22 - INFO - utils.common - 计算 accuracy ing...
12/21/2023 14:18:22 - INFO - utils.common - acc = 0.66795
12/21/2023 14:18:22 - INFO - utils.common - 计算 precision ing...
12/21/2023 14:18:22 - INFO - utils.common - precision = 0.6905752015286462
12/21/2023 14:18:22 - INFO - utils.common - 计算 recall ing...
12/21/2023 14:18:22 - INFO - utils.common - result = {'f1score': 0.6493834625220403, 'acc': 0.66795, 'precision': 0.6905752015286462, 'recall': 0.6612605595218984}
12/21/2023 14:18:22 - INFO - __main__ - Epoch:34, Val Accuracy:0.66795, f1:0.6493834625220403

12/21/2023 14:18:22 - INFO - __main__ - lr:0.0003
12/21/2023 14:18:22 - INFO - __main__ - ==========Epoch:35==========
Save best weights
12/21/2023 14:18:40 - INFO - utils.common - 计算 f1 score ing...
12/21/2023 14:18:41 - INFO - utils.common - F1score = 0.5661879767066799
12/21/2023 14:18:41 - INFO - utils.common - 计算 accuracy ing...
12/21/2023 14:18:41 - INFO - utils.common - acc = 0.584625
12/21/2023 14:18:41 - INFO - utils.common - 计算 precision ing...
12/21/2023 14:18:41 - INFO - utils.common - precision = 0.5791428345657678
12/21/2023 14:18:41 - INFO - utils.common - 计算 recall ing...
12/21/2023 14:18:41 - INFO - utils.common - result = {'f1score': 0.5661879767066799, 'acc': 0.584625, 'precision': 0.5791428345657678, 'recall': 0.5770184188541795}
12/21/2023 14:18:41 - INFO - __main__ - Epoch:35, Train Accuracy:0.584625, f1:0.5661879767066799

Epoch: [35][0/63]	
12/21/2023 14:18:59 - INFO - utils.common - 计算 f1 score ing...
12/21/2023 14:18:59 - INFO - utils.common - F1score = 0.48636792299055376
12/21/2023 14:18:59 - INFO - utils.common - 计算 accuracy ing...
12/21/2023 14:18:59 - INFO - utils.common - acc = 0.5559
12/21/2023 14:18:59 - INFO - utils.common - 计算 precision ing...
12/21/2023 14:19:00 - INFO - utils.common - precision = 0.5385883451273661
12/21/2023 14:19:00 - INFO - utils.common - 计算 recall ing...
12/21/2023 14:19:00 - INFO - utils.common - result = {'f1score': 0.48636792299055376, 'acc': 0.5559, 'precision': 0.5385883451273661, 'recall': 0.5311552312575906}
12/21/2023 14:19:00 - INFO - __main__ - Epoch:35, Val Accuracy:0.5559, f1:0.48636792299055376

12/21/2023 14:19:00 - INFO - __main__ - lr:0.00027135636881635457
12/21/2023 14:19:00 - INFO - __main__ - ==========Epoch:36==========
early_st 4
12/21/2023 14:19:23 - INFO - utils.common - 计算 f1 score ing...
12/21/2023 14:19:23 - INFO - utils.common - F1score = 0.5751963451411493
12/21/2023 14:19:23 - INFO - utils.common - 计算 accuracy ing...
12/21/2023 14:19:23 - INFO - utils.common - acc = 0.59375
12/21/2023 14:19:23 - INFO - utils.common - 计算 precision ing...
12/21/2023 14:19:23 - INFO - utils.common - precision = 0.5873507060812
12/21/2023 14:19:23 - INFO - utils.common - 计算 recall ing...
12/21/2023 14:19:23 - INFO - utils.common - result = {'f1score': 0.5751963451411493, 'acc': 0.59375, 'precision': 0.5873507060812, 'recall': 0.5883472833055113}
12/21/2023 14:19:23 - INFO - __main__ - Epoch:36, Train Accuracy:0.59375, f1:0.5751963451411493

Epoch: [36][0/63]	
12/21/2023 14:19:40 - INFO - utils.common - 计算 f1 score ing...
12/21/2023 14:19:40 - INFO - utils.common - F1score = 0.3825466876732588
12/21/2023 14:19:40 - INFO - utils.common - 计算 accuracy ing...
12/21/2023 14:19:40 - INFO - utils.common - acc = 0.4108
12/21/2023 14:19:40 - INFO - utils.common - 计算 precision ing...
12/21/2023 14:19:41 - INFO - utils.common - precision = 0.5428254026741055
12/21/2023 14:19:41 - INFO - utils.common - 计算 recall ing...
12/21/2023 14:19:41 - INFO - utils.common - result = {'f1score': 0.3825466876732588, 'acc': 0.4108, 'precision': 0.5428254026741055, 'recall': 0.4093773739247307}
12/21/2023 14:19:41 - INFO - __main__ - Epoch:36, Val Accuracy:0.4108, f1:0.3825466876732588

12/21/2023 14:19:41 - INFO - __main__ - lr:0.0001963663688163546
12/21/2023 14:19:41 - INFO - __main__ - ==========Epoch:37==========
early_st 3
12/21/2023 14:20:04 - INFO - utils.common - 计算 f1 score ing...
12/21/2023 14:20:04 - INFO - utils.common - F1score = 0.5928132887948696
12/21/2023 14:20:04 - INFO - utils.common - 计算 accuracy ing...
12/21/2023 14:20:04 - INFO - utils.common - acc = 0.608375
12/21/2023 14:20:04 - INFO - utils.common - 计算 precision ing...
12/21/2023 14:20:04 - INFO - utils.common - precision = 0.6018222395211323
12/21/2023 14:20:04 - INFO - utils.common - 计算 recall ing...
12/21/2023 14:20:04 - INFO - utils.common - result = {'f1score': 0.5928132887948696, 'acc': 0.608375, 'precision': 0.6018222395211323, 'recall': 0.60185485559794}
12/21/2023 14:20:04 - INFO - __main__ - Epoch:37, Train Accuracy:0.608375, f1:0.5928132887948696

Epoch: [37][0/63]	
12/21/2023 14:20:18 - INFO - utils.common - 计算 f1 score ing...
12/21/2023 14:20:18 - INFO - utils.common - F1score = 0.5944786706461151
12/21/2023 14:20:18 - INFO - utils.common - 计算 accuracy ing...
12/21/2023 14:20:18 - INFO - utils.common - acc = 0.63235
12/21/2023 14:20:18 - INFO - utils.common - 计算 precision ing...
12/21/2023 14:20:18 - INFO - utils.common - precision = 0.6548966969479321
12/21/2023 14:20:18 - INFO - utils.common - 计算 recall ing...
12/21/2023 14:20:18 - INFO - utils.common - result = {'f1score': 0.5944786706461151, 'acc': 0.63235, 'precision': 0.6548966969479321, 'recall': 0.617034557275617}
12/21/2023 14:20:18 - INFO - __main__ - Epoch:37, Val Accuracy:0.63235, f1:0.5944786706461151

12/21/2023 14:20:18 - INFO - __main__ - lr:0.0001036736311836454
12/21/2023 14:20:18 - INFO - __main__ - ==========Epoch:38==========
early_st 2
12/21/2023 14:20:42 - INFO - utils.common - 计算 f1 score ing...
12/21/2023 14:20:42 - INFO - utils.common - F1score = 0.5881069139122199
12/21/2023 14:20:42 - INFO - utils.common - 计算 accuracy ing...
12/21/2023 14:20:42 - INFO - utils.common - acc = 0.609375
12/21/2023 14:20:42 - INFO - utils.common - 计算 precision ing...
12/21/2023 14:20:42 - INFO - utils.common - precision = 0.6014878408354732
12/21/2023 14:20:42 - INFO - utils.common - 计算 recall ing...
12/21/2023 14:20:42 - INFO - utils.common - result = {'f1score': 0.5881069139122199, 'acc': 0.609375, 'precision': 0.6014878408354732, 'recall': 0.6011071543451767}
12/21/2023 14:20:42 - INFO - __main__ - Epoch:38, Train Accuracy:0.609375, f1:0.5881069139122199

Epoch: [38][0/63]	
12/21/2023 14:20:55 - INFO - utils.common - 计算 f1 score ing...
12/21/2023 14:20:55 - INFO - utils.common - F1score = 0.5917895706101969
12/21/2023 14:20:55 - INFO - utils.common - 计算 accuracy ing...
12/21/2023 14:20:55 - INFO - utils.common - acc = 0.60525
12/21/2023 14:20:55 - INFO - utils.common - 计算 precision ing...
12/21/2023 14:20:56 - INFO - utils.common - precision = 0.6703415247385706
12/21/2023 14:20:56 - INFO - utils.common - 计算 recall ing...
12/21/2023 14:20:56 - INFO - utils.common - result = {'f1score': 0.5917895706101969, 'acc': 0.60525, 'precision': 0.6703415247385706, 'recall': 0.6028287165686357}
12/21/2023 14:20:56 - INFO - __main__ - Epoch:38, Val Accuracy:0.60525, f1:0.5917895706101969

12/21/2023 14:20:56 - INFO - __main__ - lr:2.8683631183645395e-05
12/21/2023 14:20:56 - INFO - __main__ - ==========Epoch:39==========
early_st 1
12/21/2023 14:21:16 - INFO - utils.common - 计算 f1 score ing...
12/21/2023 14:21:16 - INFO - utils.common - F1score = 0.6014714129563709
12/21/2023 14:21:16 - INFO - utils.common - 计算 accuracy ing...
12/21/2023 14:21:16 - INFO - utils.common - acc = 0.616
12/21/2023 14:21:16 - INFO - utils.common - 计算 precision ing...
12/21/2023 14:21:16 - INFO - utils.common - precision = 0.6109167808761921
12/21/2023 14:21:16 - INFO - utils.common - 计算 recall ing...
12/21/2023 14:21:17 - INFO - utils.common - result = {'f1score': 0.6014714129563709, 'acc': 0.616, 'precision': 0.6109167808761921, 'recall': 0.6102719851282985}
12/21/2023 14:21:17 - INFO - __main__ - Epoch:39, Train Accuracy:0.616, f1:0.6014714129563709

Epoch: [39][0/63]	
12/21/2023 14:21:39 - INFO - utils.common - 计算 f1 score ing...
12/21/2023 14:21:39 - INFO - utils.common - F1score = 0.6272180256811386
12/21/2023 14:21:39 - INFO - utils.common - 计算 accuracy ing...
12/21/2023 14:21:39 - INFO - utils.common - acc = 0.65865
12/21/2023 14:21:39 - INFO - utils.common - 计算 precision ing...
12/21/2023 14:21:39 - INFO - utils.common - precision = 0.6709773909246989
12/21/2023 14:21:39 - INFO - utils.common - 计算 recall ing...
12/21/2023 14:21:39 - INFO - utils.common - result = {'f1score': 0.6272180256811386, 'acc': 0.65865, 'precision': 0.6709773909246989, 'recall': 0.6483287192003495}
12/21/2023 14:21:39 - INFO - __main__ - Epoch:39, Val Accuracy:0.65865, f1:0.6272180256811386

12/21/2023 14:21:39 - INFO - __main__ - lr:0.0003
early_st 0
early_stop
Test
12/21/2023 14:21:46 - INFO - utils.common - 计算 f1 score ing...
12/21/2023 14:21:46 - INFO - utils.common - F1score = 0.6646709648784411
12/21/2023 14:21:46 - INFO - utils.common - 计算 accuracy ing...
12/21/2023 14:21:46 - INFO - utils.common - acc = 0.7370473537604457
12/21/2023 14:21:46 - INFO - utils.common - 计算 precision ing...
12/21/2023 14:21:46 - INFO - utils.common - precision = 0.7427429201115677
12/21/2023 14:21:46 - INFO - utils.common - 计算 recall ing...
12/21/2023 14:21:46 - INFO - utils.common - result = {'f1score': 0.6646709648784411, 'acc': 0.7370473537604457, 'precision': 0.7427429201115677, 'recall': 0.7044212905865739}
12/21/2023 14:21:46 - INFO - __main__ - test_f1:0.6646709648784411, test_acc:0.7370473537604457, test_precision:0.7427429201115677, test_recall:0.7044212905865739
12/21/2023 14:21:46 - INFO - __main__ - Finish fine-turning...
