nohup: ignoring input
12/21/2023 14:11:20 - INFO - __main__ - 设置 seed 为:  3
12/21/2023 14:11:20 - INFO - __main__ - Start fine-turning...
12/21/2023 14:11:26 - INFO - __main__ - ==========Epoch:0==========
=> no checkpoint found at '
12/21/2023 14:12:56 - INFO - utils.common - 计算 f1 score ing...
12/21/2023 14:12:57 - INFO - utils.common - F1score = 0.2937433765810911
12/21/2023 14:12:57 - INFO - utils.common - 计算 accuracy ing...
12/21/2023 14:12:57 - INFO - utils.common - acc = 0.354625
12/21/2023 14:12:57 - INFO - utils.common - 计算 precision ing...
12/21/2023 14:12:57 - INFO - utils.common - precision = 0.34043732214956485
12/21/2023 14:12:57 - INFO - utils.common - 计算 recall ing...
12/21/2023 14:12:57 - INFO - utils.common - result = {'f1score': 0.2937433765810911, 'acc': 0.354625, 'precision': 0.34043732214956485, 'recall': 0.33762617465565914}
12/21/2023 14:12:57 - INFO - __main__ - Epoch:0, Train Accuracy:0.354625, f1:0.2937433765810911

Epoch: [0][0/313]	
Epoch: [0][100/313]	
Epoch: [0][200/313]	
Epoch: [0][300/313]	
12/21/2023 14:13:11 - INFO - utils.common - 计算 f1 score ing...
12/21/2023 14:13:11 - INFO - utils.common - F1score = 0.4294822600950269
12/21/2023 14:13:11 - INFO - utils.common - 计算 accuracy ing...
12/21/2023 14:13:11 - INFO - utils.common - acc = 0.45255
12/21/2023 14:13:11 - INFO - utils.common - 计算 precision ing...
12/21/2023 14:13:11 - INFO - utils.common - precision = 0.485517061298442
12/21/2023 14:13:11 - INFO - utils.common - 计算 recall ing...
12/21/2023 14:13:11 - INFO - utils.common - result = {'f1score': 0.4294822600950269, 'acc': 0.45255, 'precision': 0.485517061298442, 'recall': 0.44601408843591067}
12/21/2023 14:13:11 - INFO - __main__ - Epoch:0, Val Accuracy:0.45255, f1:0.4294822600950269

12/21/2023 14:13:11 - INFO - __main__ - lr:0.00027135636881635457
12/21/2023 14:13:11 - INFO - __main__ - ==========Epoch:1==========
Save best weights
12/21/2023 14:14:48 - INFO - utils.common - 计算 f1 score ing...
12/21/2023 14:14:48 - INFO - utils.common - F1score = 0.43482072833269264
12/21/2023 14:14:48 - INFO - utils.common - 计算 accuracy ing...
12/21/2023 14:14:48 - INFO - utils.common - acc = 0.488675
12/21/2023 14:14:48 - INFO - utils.common - 计算 precision ing...
12/21/2023 14:14:48 - INFO - utils.common - precision = 0.47670326940367747
12/21/2023 14:14:48 - INFO - utils.common - 计算 recall ing...
12/21/2023 14:14:49 - INFO - utils.common - result = {'f1score': 0.43482072833269264, 'acc': 0.488675, 'precision': 0.47670326940367747, 'recall': 0.4726686931239745}
12/21/2023 14:14:49 - INFO - __main__ - Epoch:1, Train Accuracy:0.488675, f1:0.43482072833269264

Epoch: [1][0/313]	
Epoch: [1][100/313]	
Epoch: [1][200/313]	
Epoch: [1][300/313]	
12/21/2023 14:15:04 - INFO - utils.common - 计算 f1 score ing...
12/21/2023 14:15:04 - INFO - utils.common - F1score = 0.5189859896032085
12/21/2023 14:15:04 - INFO - utils.common - 计算 accuracy ing...
12/21/2023 14:15:04 - INFO - utils.common - acc = 0.5562
12/21/2023 14:15:04 - INFO - utils.common - 计算 precision ing...
12/21/2023 14:15:04 - INFO - utils.common - precision = 0.5880927981938703
12/21/2023 14:15:04 - INFO - utils.common - 计算 recall ing...
12/21/2023 14:15:04 - INFO - utils.common - result = {'f1score': 0.5189859896032085, 'acc': 0.5562, 'precision': 0.5880927981938703, 'recall': 0.5473456783363265}
12/21/2023 14:15:04 - INFO - __main__ - Epoch:1, Val Accuracy:0.5562, f1:0.5189859896032085

12/21/2023 14:15:04 - INFO - __main__ - lr:0.0001963663688163546
12/21/2023 14:15:04 - INFO - __main__ - ==========Epoch:2==========
Save best weights
12/21/2023 14:16:30 - INFO - utils.common - 计算 f1 score ing...
12/21/2023 14:16:30 - INFO - utils.common - F1score = 0.4888419934523647
12/21/2023 14:16:30 - INFO - utils.common - 计算 accuracy ing...
12/21/2023 14:16:30 - INFO - utils.common - acc = 0.526675
12/21/2023 14:16:30 - INFO - utils.common - 计算 precision ing...
12/21/2023 14:16:30 - INFO - utils.common - precision = 0.5196849022346678
12/21/2023 14:16:30 - INFO - utils.common - 计算 recall ing...
12/21/2023 14:16:31 - INFO - utils.common - result = {'f1score': 0.4888419934523647, 'acc': 0.526675, 'precision': 0.5196849022346678, 'recall': 0.5145809391527788}
12/21/2023 14:16:31 - INFO - __main__ - Epoch:2, Train Accuracy:0.526675, f1:0.4888419934523647

Epoch: [2][0/313]	
Epoch: [2][100/313]	
Epoch: [2][200/313]	
Epoch: [2][300/313]	
12/21/2023 14:16:48 - INFO - utils.common - 计算 f1 score ing...
12/21/2023 14:16:48 - INFO - utils.common - F1score = 0.5508367790064461
12/21/2023 14:16:48 - INFO - utils.common - 计算 accuracy ing...
12/21/2023 14:16:48 - INFO - utils.common - acc = 0.57715
12/21/2023 14:16:48 - INFO - utils.common - 计算 precision ing...
12/21/2023 14:16:48 - INFO - utils.common - precision = 0.6143507853866171
12/21/2023 14:16:48 - INFO - utils.common - 计算 recall ing...
12/21/2023 14:16:48 - INFO - utils.common - result = {'f1score': 0.5508367790064461, 'acc': 0.57715, 'precision': 0.6143507853866171, 'recall': 0.5699680558529449}
12/21/2023 14:16:48 - INFO - __main__ - Epoch:2, Val Accuracy:0.57715, f1:0.5508367790064461

12/21/2023 14:16:48 - INFO - __main__ - lr:0.0001036736311836454
12/21/2023 14:16:48 - INFO - __main__ - ==========Epoch:3==========
Save best weights
12/21/2023 14:18:25 - INFO - utils.common - 计算 f1 score ing...
12/21/2023 14:18:25 - INFO - utils.common - F1score = 0.514486072404559
12/21/2023 14:18:25 - INFO - utils.common - 计算 accuracy ing...
12/21/2023 14:18:25 - INFO - utils.common - acc = 0.546425
12/21/2023 14:18:25 - INFO - utils.common - 计算 precision ing...
12/21/2023 14:18:25 - INFO - utils.common - precision = 0.5367931350745261
12/21/2023 14:18:25 - INFO - utils.common - 计算 recall ing...
12/21/2023 14:18:25 - INFO - utils.common - result = {'f1score': 0.514486072404559, 'acc': 0.546425, 'precision': 0.5367931350745261, 'recall': 0.5359932118574294}
12/21/2023 14:18:25 - INFO - __main__ - Epoch:3, Train Accuracy:0.546425, f1:0.514486072404559

Epoch: [3][0/313]	
Epoch: [3][100/313]	
Epoch: [3][200/313]	
Epoch: [3][300/313]	
12/21/2023 14:18:39 - INFO - utils.common - 计算 f1 score ing...
12/21/2023 14:18:39 - INFO - utils.common - F1score = 0.5977362117590741
12/21/2023 14:18:39 - INFO - utils.common - 计算 accuracy ing...
12/21/2023 14:18:39 - INFO - utils.common - acc = 0.62235
12/21/2023 14:18:39 - INFO - utils.common - 计算 precision ing...
12/21/2023 14:18:40 - INFO - utils.common - precision = 0.6525311809218692
12/21/2023 14:18:40 - INFO - utils.common - 计算 recall ing...
12/21/2023 14:18:40 - INFO - utils.common - result = {'f1score': 0.5977362117590741, 'acc': 0.62235, 'precision': 0.6525311809218692, 'recall': 0.6127176873827271}
12/21/2023 14:18:40 - INFO - __main__ - Epoch:3, Val Accuracy:0.62235, f1:0.5977362117590741

12/21/2023 14:18:40 - INFO - __main__ - lr:2.8683631183645395e-05
12/21/2023 14:18:40 - INFO - __main__ - ==========Epoch:4==========
Save best weights
12/21/2023 14:20:10 - INFO - utils.common - 计算 f1 score ing...
12/21/2023 14:20:10 - INFO - utils.common - F1score = 0.5273106987598144
12/21/2023 14:20:10 - INFO - utils.common - 计算 accuracy ing...
12/21/2023 14:20:10 - INFO - utils.common - acc = 0.557475
12/21/2023 14:20:10 - INFO - utils.common - 计算 precision ing...
12/21/2023 14:20:11 - INFO - utils.common - precision = 0.5486931299954776
12/21/2023 14:20:11 - INFO - utils.common - 计算 recall ing...
12/21/2023 14:20:11 - INFO - utils.common - result = {'f1score': 0.5273106987598144, 'acc': 0.557475, 'precision': 0.5486931299954776, 'recall': 0.5472069480988182}
12/21/2023 14:20:11 - INFO - __main__ - Epoch:4, Train Accuracy:0.557475, f1:0.5273106987598144

Epoch: [4][0/313]	
Epoch: [4][100/313]	
Epoch: [4][200/313]	
Epoch: [4][300/313]	
12/21/2023 14:20:24 - INFO - utils.common - 计算 f1 score ing...
12/21/2023 14:20:24 - INFO - utils.common - F1score = 0.6150476671614091
12/21/2023 14:20:24 - INFO - utils.common - 计算 accuracy ing...
12/21/2023 14:20:24 - INFO - utils.common - acc = 0.638
12/21/2023 14:20:24 - INFO - utils.common - 计算 precision ing...
12/21/2023 14:20:24 - INFO - utils.common - precision = 0.6605420199804687
12/21/2023 14:20:24 - INFO - utils.common - 计算 recall ing...
12/21/2023 14:20:24 - INFO - utils.common - result = {'f1score': 0.6150476671614091, 'acc': 0.638, 'precision': 0.6605420199804687, 'recall': 0.6289696372319161}
12/21/2023 14:20:24 - INFO - __main__ - Epoch:4, Val Accuracy:0.638, f1:0.6150476671614091

12/21/2023 14:20:24 - INFO - __main__ - lr:0.0003
12/21/2023 14:20:24 - INFO - __main__ - ==========Epoch:5==========
Save best weights
12/21/2023 14:21:51 - INFO - utils.common - 计算 f1 score ing...
12/21/2023 14:21:51 - INFO - utils.common - F1score = 0.5333062694720327
12/21/2023 14:21:51 - INFO - utils.common - 计算 accuracy ing...
12/21/2023 14:21:51 - INFO - utils.common - acc = 0.5597
12/21/2023 14:21:51 - INFO - utils.common - 计算 precision ing...
12/21/2023 14:21:51 - INFO - utils.common - precision = 0.5507734941101811
12/21/2023 14:21:51 - INFO - utils.common - 计算 recall ing...
12/21/2023 14:21:51 - INFO - utils.common - result = {'f1score': 0.5333062694720327, 'acc': 0.5597, 'precision': 0.5507734941101811, 'recall': 0.5502062247842593}
12/21/2023 14:21:51 - INFO - __main__ - Epoch:5, Train Accuracy:0.5597, f1:0.5333062694720327

Epoch: [5][0/313]	
Epoch: [5][100/313]	
Epoch: [5][200/313]	
Epoch: [5][300/313]	
12/21/2023 14:22:04 - INFO - utils.common - 计算 f1 score ing...
12/21/2023 14:22:04 - INFO - utils.common - F1score = 0.3819068405721859
12/21/2023 14:22:04 - INFO - utils.common - 计算 accuracy ing...
12/21/2023 14:22:05 - INFO - utils.common - acc = 0.4455
12/21/2023 14:22:05 - INFO - utils.common - 计算 precision ing...
12/21/2023 14:22:05 - INFO - utils.common - precision = 0.4560896557604074
12/21/2023 14:22:05 - INFO - utils.common - 计算 recall ing...
12/21/2023 14:22:05 - INFO - utils.common - result = {'f1score': 0.3819068405721859, 'acc': 0.4455, 'precision': 0.4560896557604074, 'recall': 0.43360912385970163}
12/21/2023 14:22:05 - INFO - __main__ - Epoch:5, Val Accuracy:0.4455, f1:0.3819068405721859

12/21/2023 14:22:05 - INFO - __main__ - lr:0.00027135636881635457
12/21/2023 14:22:05 - INFO - __main__ - ==========Epoch:6==========
early_st 4
12/21/2023 14:23:22 - INFO - utils.common - 计算 f1 score ing...
12/21/2023 14:23:23 - INFO - utils.common - F1score = 0.5692385156341814
12/21/2023 14:23:23 - INFO - utils.common - 计算 accuracy ing...
12/21/2023 14:23:23 - INFO - utils.common - acc = 0.5895
12/21/2023 14:23:23 - INFO - utils.common - 计算 precision ing...
12/21/2023 14:23:23 - INFO - utils.common - precision = 0.5824879292842686
12/21/2023 14:23:23 - INFO - utils.common - 计算 recall ing...
12/21/2023 14:23:23 - INFO - utils.common - result = {'f1score': 0.5692385156341814, 'acc': 0.5895, 'precision': 0.5824879292842686, 'recall': 0.580952989755684}
12/21/2023 14:23:23 - INFO - __main__ - Epoch:6, Train Accuracy:0.5895, f1:0.5692385156341814

Epoch: [6][0/313]	
Epoch: [6][100/313]	
Epoch: [6][200/313]	
Epoch: [6][300/313]	
12/21/2023 14:23:35 - INFO - utils.common - 计算 f1 score ing...
12/21/2023 14:23:36 - INFO - utils.common - F1score = 0.46806026104061327
12/21/2023 14:23:36 - INFO - utils.common - 计算 accuracy ing...
12/21/2023 14:23:36 - INFO - utils.common - acc = 0.4983
12/21/2023 14:23:36 - INFO - utils.common - 计算 precision ing...
12/21/2023 14:23:36 - INFO - utils.common - precision = 0.5939732546400239
12/21/2023 14:23:36 - INFO - utils.common - 计算 recall ing...
12/21/2023 14:23:36 - INFO - utils.common - result = {'f1score': 0.46806026104061327, 'acc': 0.4983, 'precision': 0.5939732546400239, 'recall': 0.4973763662898615}
12/21/2023 14:23:36 - INFO - __main__ - Epoch:6, Val Accuracy:0.4983, f1:0.46806026104061327

12/21/2023 14:23:36 - INFO - __main__ - lr:0.0001963663688163546
12/21/2023 14:23:36 - INFO - __main__ - ==========Epoch:7==========
early_st 3
12/21/2023 14:24:53 - INFO - utils.common - 计算 f1 score ing...
12/21/2023 14:24:53 - INFO - utils.common - F1score = 0.6008471692380297
12/21/2023 14:24:53 - INFO - utils.common - 计算 accuracy ing...
12/21/2023 14:24:53 - INFO - utils.common - acc = 0.6159
12/21/2023 14:24:53 - INFO - utils.common - 计算 precision ing...
12/21/2023 14:24:53 - INFO - utils.common - precision = 0.6123324468874504
12/21/2023 14:24:53 - INFO - utils.common - 计算 recall ing...
12/21/2023 14:24:53 - INFO - utils.common - result = {'f1score': 0.6008471692380297, 'acc': 0.6159, 'precision': 0.6123324468874504, 'recall': 0.6082587711033017}
12/21/2023 14:24:53 - INFO - __main__ - Epoch:7, Train Accuracy:0.6159, f1:0.6008471692380297

Epoch: [7][0/313]	
Epoch: [7][100/313]	
Epoch: [7][200/313]	
Epoch: [7][300/313]	
12/21/2023 14:25:07 - INFO - utils.common - 计算 f1 score ing...
12/21/2023 14:25:07 - INFO - utils.common - F1score = 0.5992418780096047
12/21/2023 14:25:07 - INFO - utils.common - 计算 accuracy ing...
12/21/2023 14:25:07 - INFO - utils.common - acc = 0.6202
12/21/2023 14:25:07 - INFO - utils.common - 计算 precision ing...
12/21/2023 14:25:07 - INFO - utils.common - precision = 0.6927171658349065
12/21/2023 14:25:07 - INFO - utils.common - 计算 recall ing...
12/21/2023 14:25:07 - INFO - utils.common - result = {'f1score': 0.5992418780096047, 'acc': 0.6202, 'precision': 0.6927171658349065, 'recall': 0.6156287308926924}
12/21/2023 14:25:07 - INFO - __main__ - Epoch:7, Val Accuracy:0.6202, f1:0.5992418780096047

12/21/2023 14:25:07 - INFO - __main__ - lr:0.0001036736311836454
12/21/2023 14:25:07 - INFO - __main__ - ==========Epoch:8==========
early_st 2
12/21/2023 14:26:20 - INFO - utils.common - 计算 f1 score ing...
12/21/2023 14:26:20 - INFO - utils.common - F1score = 0.6207954633942253
12/21/2023 14:26:20 - INFO - utils.common - 计算 accuracy ing...
12/21/2023 14:26:20 - INFO - utils.common - acc = 0.6348
12/21/2023 14:26:20 - INFO - utils.common - 计算 precision ing...
12/21/2023 14:26:20 - INFO - utils.common - precision = 0.6322547714823104
12/21/2023 14:26:20 - INFO - utils.common - 计算 recall ing...
12/21/2023 14:26:20 - INFO - utils.common - result = {'f1score': 0.6207954633942253, 'acc': 0.6348, 'precision': 0.6322547714823104, 'recall': 0.6267426353389414}
12/21/2023 14:26:20 - INFO - __main__ - Epoch:8, Train Accuracy:0.6348, f1:0.6207954633942253

Epoch: [8][0/313]	
Epoch: [8][100/313]	
Epoch: [8][200/313]	
Epoch: [8][300/313]	
12/21/2023 14:26:32 - INFO - utils.common - 计算 f1 score ing...
12/21/2023 14:26:33 - INFO - utils.common - F1score = 0.7170496244882428
12/21/2023 14:26:33 - INFO - utils.common - 计算 accuracy ing...
12/21/2023 14:26:33 - INFO - utils.common - acc = 0.73285
12/21/2023 14:26:33 - INFO - utils.common - 计算 precision ing...
12/21/2023 14:26:33 - INFO - utils.common - precision = 0.7486639902758107
12/21/2023 14:26:33 - INFO - utils.common - 计算 recall ing...
12/21/2023 14:26:33 - INFO - utils.common - result = {'f1score': 0.7170496244882428, 'acc': 0.73285, 'precision': 0.7486639902758107, 'recall': 0.7235068874833086}
12/21/2023 14:26:33 - INFO - __main__ - Epoch:8, Val Accuracy:0.73285, f1:0.7170496244882428

12/21/2023 14:26:33 - INFO - __main__ - lr:2.8683631183645395e-05
12/21/2023 14:26:33 - INFO - __main__ - ==========Epoch:9==========
Save best weights
12/21/2023 14:27:51 - INFO - utils.common - 计算 f1 score ing...
12/21/2023 14:27:51 - INFO - utils.common - F1score = 0.6358023336110816
12/21/2023 14:27:51 - INFO - utils.common - 计算 accuracy ing...
12/21/2023 14:27:51 - INFO - utils.common - acc = 0.647975
12/21/2023 14:27:51 - INFO - utils.common - 计算 precision ing...
12/21/2023 14:27:51 - INFO - utils.common - precision = 0.6448689689233594
12/21/2023 14:27:51 - INFO - utils.common - 计算 recall ing...
12/21/2023 14:27:51 - INFO - utils.common - result = {'f1score': 0.6358023336110816, 'acc': 0.647975, 'precision': 0.6448689689233594, 'recall': 0.6409367412624942}
12/21/2023 14:27:51 - INFO - __main__ - Epoch:9, Train Accuracy:0.647975, f1:0.6358023336110816

Epoch: [9][0/313]	
Epoch: [9][100/313]	
Epoch: [9][200/313]	
Epoch: [9][300/313]	
12/21/2023 14:28:04 - INFO - utils.common - 计算 f1 score ing...
12/21/2023 14:28:04 - INFO - utils.common - F1score = 0.6550374401547745
12/21/2023 14:28:04 - INFO - utils.common - 计算 accuracy ing...
12/21/2023 14:28:05 - INFO - utils.common - acc = 0.67715
12/21/2023 14:28:05 - INFO - utils.common - 计算 precision ing...
12/21/2023 14:28:05 - INFO - utils.common - precision = 0.7301109232840831
12/21/2023 14:28:05 - INFO - utils.common - 计算 recall ing...
12/21/2023 14:28:05 - INFO - utils.common - result = {'f1score': 0.6550374401547745, 'acc': 0.67715, 'precision': 0.7301109232840831, 'recall': 0.6673033266431854}
12/21/2023 14:28:05 - INFO - __main__ - Epoch:9, Val Accuracy:0.67715, f1:0.6550374401547745

12/21/2023 14:28:05 - INFO - __main__ - lr:0.0003
early_st 4
Test
12/21/2023 14:28:11 - INFO - utils.common - 计算 f1 score ing...
12/21/2023 14:28:11 - INFO - utils.common - F1score = 0.6980400415261198
12/21/2023 14:28:11 - INFO - utils.common - 计算 accuracy ing...
12/21/2023 14:28:11 - INFO - utils.common - acc = 0.7763231197771587
12/21/2023 14:28:11 - INFO - utils.common - 计算 precision ing...
12/21/2023 14:28:11 - INFO - utils.common - precision = 0.7639811805988697
12/21/2023 14:28:11 - INFO - utils.common - 计算 recall ing...
12/21/2023 14:28:11 - INFO - utils.common - result = {'f1score': 0.6980400415261198, 'acc': 0.7763231197771587, 'precision': 0.7639811805988697, 'recall': 0.7296577650988516}
12/21/2023 14:28:11 - INFO - __main__ - test_f1:0.6980400415261198, test_acc:0.7763231197771587, test_precision:0.7639811805988697, test_recall:0.7296577650988516
12/21/2023 14:28:11 - INFO - __main__ - Finish fine-turning...
