nohup: ignoring input
12/21/2023 13:41:52 - INFO - __main__ - 设置 seed 为:  3
12/21/2023 13:41:52 - INFO - __main__ - Start fine-turning...
12/21/2023 13:41:56 - INFO - __main__ - ==========Epoch:0==========
=> no checkpoint found at '
12/21/2023 13:42:03 - INFO - utils.common - 计算 f1 score ing...
12/21/2023 13:42:03 - INFO - utils.common - F1score = 0.06860798955705588
12/21/2023 13:42:03 - INFO - utils.common - 计算 accuracy ing...
12/21/2023 13:42:03 - INFO - utils.common - acc = 0.13625
12/21/2023 13:42:03 - INFO - utils.common - 计算 precision ing...
12/21/2023 13:42:03 - INFO - utils.common - precision = 0.05624061124061124
12/21/2023 13:42:03 - INFO - utils.common - 计算 recall ing...
12/21/2023 13:42:03 - INFO - utils.common - result = {'f1score': 0.06860798955705588, 'acc': 0.13625, 'precision': 0.05624061124061124, 'recall': 0.12421573067506081}
12/21/2023 13:42:03 - INFO - __main__ - Epoch:0, Train Accuracy:0.13625, f1:0.06860798955705588

Epoch: [0][0/7]	
12/21/2023 13:42:21 - INFO - utils.common - 计算 f1 score ing...
12/21/2023 13:42:21 - INFO - utils.common - F1score = 0.052816567524145985
12/21/2023 13:42:21 - INFO - utils.common - 计算 accuracy ing...
12/21/2023 13:42:21 - INFO - utils.common - acc = 0.13815
12/21/2023 13:42:21 - INFO - utils.common - 计算 precision ing...
12/21/2023 13:42:21 - INFO - utils.common - precision = 0.1979145149555114
12/21/2023 13:42:21 - INFO - utils.common - 计算 recall ing...
12/21/2023 13:42:21 - INFO - utils.common - result = {'f1score': 0.052816567524145985, 'acc': 0.13815, 'precision': 0.1979145149555114, 'recall': 0.13191711384436974}
12/21/2023 13:42:21 - INFO - __main__ - Epoch:0, Val Accuracy:0.13815, f1:0.052816567524145985

12/21/2023 13:42:21 - INFO - __main__ - lr:0.00027135636881635457
12/21/2023 13:42:21 - INFO - __main__ - ==========Epoch:1==========
Save best weights
12/21/2023 13:42:28 - INFO - utils.common - 计算 f1 score ing...
12/21/2023 13:42:28 - INFO - utils.common - F1score = 0.07806312035387387
12/21/2023 13:42:28 - INFO - utils.common - 计算 accuracy ing...
12/21/2023 13:42:28 - INFO - utils.common - acc = 0.15125
12/21/2023 13:42:28 - INFO - utils.common - 计算 precision ing...
12/21/2023 13:42:28 - INFO - utils.common - precision = 0.13083568561836972
12/21/2023 13:42:28 - INFO - utils.common - 计算 recall ing...
12/21/2023 13:42:28 - INFO - utils.common - result = {'f1score': 0.07806312035387387, 'acc': 0.15125, 'precision': 0.13083568561836972, 'recall': 0.12556116670949208}
12/21/2023 13:42:28 - INFO - __main__ - Epoch:1, Train Accuracy:0.15125, f1:0.07806312035387387

Epoch: [1][0/7]	
12/21/2023 13:42:44 - INFO - utils.common - 计算 f1 score ing...
12/21/2023 13:42:44 - INFO - utils.common - F1score = 0.12823142998800574
12/21/2023 13:42:44 - INFO - utils.common - 计算 accuracy ing...
12/21/2023 13:42:44 - INFO - utils.common - acc = 0.2138
12/21/2023 13:42:44 - INFO - utils.common - 计算 precision ing...
12/21/2023 13:42:44 - INFO - utils.common - precision = 0.15988612189525633
12/21/2023 13:42:44 - INFO - utils.common - 计算 recall ing...
12/21/2023 13:42:44 - INFO - utils.common - result = {'f1score': 0.12823142998800574, 'acc': 0.2138, 'precision': 0.15988612189525633, 'recall': 0.19749335328562345}
12/21/2023 13:42:44 - INFO - __main__ - Epoch:1, Val Accuracy:0.2138, f1:0.12823142998800574

12/21/2023 13:42:44 - INFO - __main__ - lr:0.0001963663688163546
12/21/2023 13:42:44 - INFO - __main__ - ==========Epoch:2==========
Save best weights
12/21/2023 13:42:51 - INFO - utils.common - 计算 f1 score ing...
12/21/2023 13:42:51 - INFO - utils.common - F1score = 0.09352509352563108
12/21/2023 13:42:51 - INFO - utils.common - 计算 accuracy ing...
12/21/2023 13:42:51 - INFO - utils.common - acc = 0.17125
12/21/2023 13:42:51 - INFO - utils.common - 计算 precision ing...
12/21/2023 13:42:51 - INFO - utils.common - precision = 0.2154370212849745
12/21/2023 13:42:51 - INFO - utils.common - 计算 recall ing...
12/21/2023 13:42:51 - INFO - utils.common - result = {'f1score': 0.09352509352563108, 'acc': 0.17125, 'precision': 0.2154370212849745, 'recall': 0.13622911389781545}
12/21/2023 13:42:51 - INFO - __main__ - Epoch:2, Train Accuracy:0.17125, f1:0.09352509352563108

Epoch: [2][0/7]	
12/21/2023 13:43:07 - INFO - utils.common - 计算 f1 score ing...
12/21/2023 13:43:07 - INFO - utils.common - F1score = 0.1886614393745333
12/21/2023 13:43:07 - INFO - utils.common - 计算 accuracy ing...
12/21/2023 13:43:07 - INFO - utils.common - acc = 0.2527
12/21/2023 13:43:07 - INFO - utils.common - 计算 precision ing...
12/21/2023 13:43:07 - INFO - utils.common - precision = 0.28149890520216386
12/21/2023 13:43:07 - INFO - utils.common - 计算 recall ing...
12/21/2023 13:43:07 - INFO - utils.common - result = {'f1score': 0.1886614393745333, 'acc': 0.2527, 'precision': 0.28149890520216386, 'recall': 0.2284554494742087}
12/21/2023 13:43:07 - INFO - __main__ - Epoch:2, Val Accuracy:0.2527, f1:0.1886614393745333

12/21/2023 13:43:07 - INFO - __main__ - lr:0.0001036736311836454
12/21/2023 13:43:07 - INFO - __main__ - ==========Epoch:3==========
Save best weights
12/21/2023 13:43:14 - INFO - utils.common - 计算 f1 score ing...
12/21/2023 13:43:14 - INFO - utils.common - F1score = 0.09911256432440467
12/21/2023 13:43:14 - INFO - utils.common - 计算 accuracy ing...
12/21/2023 13:43:14 - INFO - utils.common - acc = 0.165
12/21/2023 13:43:14 - INFO - utils.common - 计算 precision ing...
12/21/2023 13:43:14 - INFO - utils.common - precision = 0.157934357601258
12/21/2023 13:43:14 - INFO - utils.common - 计算 recall ing...
12/21/2023 13:43:14 - INFO - utils.common - result = {'f1score': 0.09911256432440467, 'acc': 0.165, 'precision': 0.157934357601258, 'recall': 0.1355965540918519}
12/21/2023 13:43:14 - INFO - __main__ - Epoch:3, Train Accuracy:0.165, f1:0.09911256432440467

Epoch: [3][0/7]	
12/21/2023 13:43:31 - INFO - utils.common - 计算 f1 score ing...
12/21/2023 13:43:31 - INFO - utils.common - F1score = 0.20883453873825814
12/21/2023 13:43:31 - INFO - utils.common - 计算 accuracy ing...
12/21/2023 13:43:31 - INFO - utils.common - acc = 0.27675
12/21/2023 13:43:31 - INFO - utils.common - 计算 precision ing...
12/21/2023 13:43:31 - INFO - utils.common - precision = 0.26546354426455737
12/21/2023 13:43:31 - INFO - utils.common - 计算 recall ing...
12/21/2023 13:43:31 - INFO - utils.common - result = {'f1score': 0.20883453873825814, 'acc': 0.27675, 'precision': 0.26546354426455737, 'recall': 0.251819138210081}
12/21/2023 13:43:31 - INFO - __main__ - Epoch:3, Val Accuracy:0.27675, f1:0.20883453873825814

12/21/2023 13:43:31 - INFO - __main__ - lr:2.8683631183645395e-05
12/21/2023 13:43:31 - INFO - __main__ - ==========Epoch:4==========
Save best weights
12/21/2023 13:43:37 - INFO - utils.common - 计算 f1 score ing...
12/21/2023 13:43:37 - INFO - utils.common - F1score = 0.1110816852601069
12/21/2023 13:43:37 - INFO - utils.common - 计算 accuracy ing...
12/21/2023 13:43:37 - INFO - utils.common - acc = 0.18
12/21/2023 13:43:37 - INFO - utils.common - 计算 precision ing...
12/21/2023 13:43:37 - INFO - utils.common - precision = 0.2201630587729367
12/21/2023 13:43:37 - INFO - utils.common - 计算 recall ing...
12/21/2023 13:43:37 - INFO - utils.common - result = {'f1score': 0.1110816852601069, 'acc': 0.18, 'precision': 0.2201630587729367, 'recall': 0.14826531846000582}
12/21/2023 13:43:37 - INFO - __main__ - Epoch:4, Train Accuracy:0.18, f1:0.1110816852601069

Epoch: [4][0/7]	
12/21/2023 13:43:54 - INFO - utils.common - 计算 f1 score ing...
12/21/2023 13:43:54 - INFO - utils.common - F1score = 0.20719312660305433
12/21/2023 13:43:54 - INFO - utils.common - 计算 accuracy ing...
12/21/2023 13:43:54 - INFO - utils.common - acc = 0.2763
12/21/2023 13:43:54 - INFO - utils.common - 计算 precision ing...
12/21/2023 13:43:54 - INFO - utils.common - precision = 0.2563027031538899
12/21/2023 13:43:54 - INFO - utils.common - 计算 recall ing...
12/21/2023 13:43:54 - INFO - utils.common - result = {'f1score': 0.20719312660305433, 'acc': 0.2763, 'precision': 0.2563027031538899, 'recall': 0.2505620847492337}
12/21/2023 13:43:54 - INFO - __main__ - Epoch:4, Val Accuracy:0.2763, f1:0.20719312660305433

12/21/2023 13:43:54 - INFO - __main__ - lr:0.0003
12/21/2023 13:43:54 - INFO - __main__ - ==========Epoch:5==========
early_st 4
12/21/2023 13:44:01 - INFO - utils.common - 计算 f1 score ing...
12/21/2023 13:44:01 - INFO - utils.common - F1score = 0.14040890706821862
12/21/2023 13:44:01 - INFO - utils.common - 计算 accuracy ing...
12/21/2023 13:44:01 - INFO - utils.common - acc = 0.18875
12/21/2023 13:44:01 - INFO - utils.common - 计算 precision ing...
12/21/2023 13:44:01 - INFO - utils.common - precision = 0.2896284191288035
12/21/2023 13:44:01 - INFO - utils.common - 计算 recall ing...
12/21/2023 13:44:01 - INFO - utils.common - result = {'f1score': 0.14040890706821862, 'acc': 0.18875, 'precision': 0.2896284191288035, 'recall': 0.1632536385671182}
12/21/2023 13:44:01 - INFO - __main__ - Epoch:5, Train Accuracy:0.18875, f1:0.14040890706821862

Epoch: [5][0/7]	
12/21/2023 13:44:18 - INFO - utils.common - 计算 f1 score ing...
12/21/2023 13:44:18 - INFO - utils.common - F1score = 0.21659539593068547
12/21/2023 13:44:18 - INFO - utils.common - 计算 accuracy ing...
12/21/2023 13:44:18 - INFO - utils.common - acc = 0.293
12/21/2023 13:44:18 - INFO - utils.common - 计算 precision ing...
12/21/2023 13:44:18 - INFO - utils.common - precision = 0.278786221216067
12/21/2023 13:44:18 - INFO - utils.common - 计算 recall ing...
12/21/2023 13:44:18 - INFO - utils.common - result = {'f1score': 0.21659539593068547, 'acc': 0.293, 'precision': 0.278786221216067, 'recall': 0.26822676941622253}
12/21/2023 13:44:18 - INFO - __main__ - Epoch:5, Val Accuracy:0.293, f1:0.21659539593068547

12/21/2023 13:44:18 - INFO - __main__ - lr:0.00027135636881635457
12/21/2023 13:44:18 - INFO - __main__ - ==========Epoch:6==========
Save best weights
12/21/2023 13:44:25 - INFO - utils.common - 计算 f1 score ing...
12/21/2023 13:44:25 - INFO - utils.common - F1score = 0.14244877269696168
12/21/2023 13:44:25 - INFO - utils.common - 计算 accuracy ing...
12/21/2023 13:44:25 - INFO - utils.common - acc = 0.19875
12/21/2023 13:44:25 - INFO - utils.common - 计算 precision ing...
12/21/2023 13:44:25 - INFO - utils.common - precision = 0.179219603525924
12/21/2023 13:44:25 - INFO - utils.common - 计算 recall ing...
12/21/2023 13:44:25 - INFO - utils.common - result = {'f1score': 0.14244877269696168, 'acc': 0.19875, 'precision': 0.179219603525924, 'recall': 0.1761400542748505}
12/21/2023 13:44:25 - INFO - __main__ - Epoch:6, Train Accuracy:0.19875, f1:0.14244877269696168

Epoch: [6][0/7]	
12/21/2023 13:44:42 - INFO - utils.common - 计算 f1 score ing...
12/21/2023 13:44:42 - INFO - utils.common - F1score = 0.21167779518290597
12/21/2023 13:44:42 - INFO - utils.common - 计算 accuracy ing...
12/21/2023 13:44:42 - INFO - utils.common - acc = 0.29295
12/21/2023 13:44:42 - INFO - utils.common - 计算 precision ing...
12/21/2023 13:44:42 - INFO - utils.common - precision = 0.26363440566402724
12/21/2023 13:44:42 - INFO - utils.common - 计算 recall ing...
12/21/2023 13:44:42 - INFO - utils.common - result = {'f1score': 0.21167779518290597, 'acc': 0.29295, 'precision': 0.26363440566402724, 'recall': 0.2680487585501243}
12/21/2023 13:44:42 - INFO - __main__ - Epoch:6, Val Accuracy:0.29295, f1:0.21167779518290597

12/21/2023 13:44:42 - INFO - __main__ - lr:0.0001963663688163546
12/21/2023 13:44:42 - INFO - __main__ - ==========Epoch:7==========
early_st 4
12/21/2023 13:44:49 - INFO - utils.common - 计算 f1 score ing...
12/21/2023 13:44:49 - INFO - utils.common - F1score = 0.153018263988762
12/21/2023 13:44:50 - INFO - utils.common - 计算 accuracy ing...
12/21/2023 13:44:50 - INFO - utils.common - acc = 0.225
12/21/2023 13:44:50 - INFO - utils.common - 计算 precision ing...
12/21/2023 13:44:50 - INFO - utils.common - precision = 0.20839016975140168
12/21/2023 13:44:50 - INFO - utils.common - 计算 recall ing...
12/21/2023 13:44:50 - INFO - utils.common - result = {'f1score': 0.153018263988762, 'acc': 0.225, 'precision': 0.20839016975140168, 'recall': 0.198242959606596}
12/21/2023 13:44:50 - INFO - __main__ - Epoch:7, Train Accuracy:0.225, f1:0.153018263988762

Epoch: [7][0/7]	
12/21/2023 13:45:06 - INFO - utils.common - 计算 f1 score ing...
12/21/2023 13:45:06 - INFO - utils.common - F1score = 0.22230587703451032
12/21/2023 13:45:06 - INFO - utils.common - 计算 accuracy ing...
12/21/2023 13:45:06 - INFO - utils.common - acc = 0.31545
12/21/2023 13:45:06 - INFO - utils.common - 计算 precision ing...
12/21/2023 13:45:06 - INFO - utils.common - precision = 0.2479854887458687
12/21/2023 13:45:06 - INFO - utils.common - 计算 recall ing...
12/21/2023 13:45:06 - INFO - utils.common - result = {'f1score': 0.22230587703451032, 'acc': 0.31545, 'precision': 0.2479854887458687, 'recall': 0.29284782126955805}
12/21/2023 13:45:06 - INFO - __main__ - Epoch:7, Val Accuracy:0.31545, f1:0.22230587703451032

12/21/2023 13:45:06 - INFO - __main__ - lr:0.0001036736311836454
12/21/2023 13:45:06 - INFO - __main__ - ==========Epoch:8==========
Save best weights
12/21/2023 13:45:14 - INFO - utils.common - 计算 f1 score ing...
12/21/2023 13:45:14 - INFO - utils.common - F1score = 0.17109275382381772
12/21/2023 13:45:14 - INFO - utils.common - 计算 accuracy ing...
12/21/2023 13:45:14 - INFO - utils.common - acc = 0.23125
12/21/2023 13:45:14 - INFO - utils.common - 计算 precision ing...
12/21/2023 13:45:14 - INFO - utils.common - precision = 0.18287853462653605
12/21/2023 13:45:14 - INFO - utils.common - 计算 recall ing...
12/21/2023 13:45:14 - INFO - utils.common - result = {'f1score': 0.17109275382381772, 'acc': 0.23125, 'precision': 0.18287853462653605, 'recall': 0.20901380149029053}
12/21/2023 13:45:14 - INFO - __main__ - Epoch:8, Train Accuracy:0.23125, f1:0.17109275382381772

Epoch: [8][0/7]	
12/21/2023 13:45:31 - INFO - utils.common - 计算 f1 score ing...
12/21/2023 13:45:31 - INFO - utils.common - F1score = 0.2222129569715171
12/21/2023 13:45:31 - INFO - utils.common - 计算 accuracy ing...
12/21/2023 13:45:31 - INFO - utils.common - acc = 0.3175
12/21/2023 13:45:31 - INFO - utils.common - 计算 precision ing...
12/21/2023 13:45:31 - INFO - utils.common - precision = 0.2650863174047442
12/21/2023 13:45:31 - INFO - utils.common - 计算 recall ing...
12/21/2023 13:45:31 - INFO - utils.common - result = {'f1score': 0.2222129569715171, 'acc': 0.3175, 'precision': 0.2650863174047442, 'recall': 0.29683870727474543}
12/21/2023 13:45:31 - INFO - __main__ - Epoch:8, Val Accuracy:0.3175, f1:0.2222129569715171

12/21/2023 13:45:31 - INFO - __main__ - lr:2.8683631183645395e-05
12/21/2023 13:45:31 - INFO - __main__ - ==========Epoch:9==========
Save best weights
12/21/2023 13:45:37 - INFO - utils.common - 计算 f1 score ing...
12/21/2023 13:45:37 - INFO - utils.common - F1score = 0.16930145599195012
12/21/2023 13:45:37 - INFO - utils.common - 计算 accuracy ing...
12/21/2023 13:45:37 - INFO - utils.common - acc = 0.22125
12/21/2023 13:45:37 - INFO - utils.common - 计算 precision ing...
12/21/2023 13:45:37 - INFO - utils.common - precision = 0.17511877435541556
12/21/2023 13:45:37 - INFO - utils.common - 计算 recall ing...
12/21/2023 13:45:37 - INFO - utils.common - result = {'f1score': 0.16930145599195012, 'acc': 0.22125, 'precision': 0.17511877435541556, 'recall': 0.2035797909622361}
12/21/2023 13:45:37 - INFO - __main__ - Epoch:9, Train Accuracy:0.22125, f1:0.16930145599195012

Epoch: [9][0/7]	
12/21/2023 13:45:55 - INFO - utils.common - 计算 f1 score ing...
12/21/2023 13:45:55 - INFO - utils.common - F1score = 0.22102183087183935
12/21/2023 13:45:55 - INFO - utils.common - 计算 accuracy ing...
12/21/2023 13:45:55 - INFO - utils.common - acc = 0.3162
12/21/2023 13:45:55 - INFO - utils.common - 计算 precision ing...
12/21/2023 13:45:55 - INFO - utils.common - precision = 0.26855777083413085
12/21/2023 13:45:55 - INFO - utils.common - 计算 recall ing...
12/21/2023 13:45:55 - INFO - utils.common - result = {'f1score': 0.22102183087183935, 'acc': 0.3162, 'precision': 0.26855777083413085, 'recall': 0.2957181072361593}
12/21/2023 13:45:55 - INFO - __main__ - Epoch:9, Val Accuracy:0.3162, f1:0.22102183087183935

12/21/2023 13:45:55 - INFO - __main__ - lr:0.0003
12/21/2023 13:45:55 - INFO - __main__ - ==========Epoch:10==========
early_st 4
12/21/2023 13:46:02 - INFO - utils.common - 计算 f1 score ing...
12/21/2023 13:46:02 - INFO - utils.common - F1score = 0.1816074907863721
12/21/2023 13:46:02 - INFO - utils.common - 计算 accuracy ing...
12/21/2023 13:46:02 - INFO - utils.common - acc = 0.24125
12/21/2023 13:46:02 - INFO - utils.common - 计算 precision ing...
12/21/2023 13:46:02 - INFO - utils.common - precision = 0.24361667523661293
12/21/2023 13:46:02 - INFO - utils.common - 计算 recall ing...
12/21/2023 13:46:02 - INFO - utils.common - result = {'f1score': 0.1816074907863721, 'acc': 0.24125, 'precision': 0.24361667523661293, 'recall': 0.22194334851074662}
12/21/2023 13:46:02 - INFO - __main__ - Epoch:10, Train Accuracy:0.24125, f1:0.1816074907863721

Epoch: [10][0/7]	
12/21/2023 13:46:19 - INFO - utils.common - 计算 f1 score ing...
12/21/2023 13:46:19 - INFO - utils.common - F1score = 0.23007933656787596
12/21/2023 13:46:19 - INFO - utils.common - 计算 accuracy ing...
12/21/2023 13:46:19 - INFO - utils.common - acc = 0.3204
12/21/2023 13:46:19 - INFO - utils.common - 计算 precision ing...
12/21/2023 13:46:19 - INFO - utils.common - precision = 0.3513902171225025
12/21/2023 13:46:19 - INFO - utils.common - 计算 recall ing...
12/21/2023 13:46:19 - INFO - utils.common - result = {'f1score': 0.23007933656787596, 'acc': 0.3204, 'precision': 0.3513902171225025, 'recall': 0.29936472703013417}
12/21/2023 13:46:19 - INFO - __main__ - Epoch:10, Val Accuracy:0.3204, f1:0.23007933656787596

12/21/2023 13:46:19 - INFO - __main__ - lr:0.00027135636881635457
12/21/2023 13:46:19 - INFO - __main__ - ==========Epoch:11==========
Save best weights
12/21/2023 13:46:26 - INFO - utils.common - 计算 f1 score ing...
12/21/2023 13:46:26 - INFO - utils.common - F1score = 0.2028031366910802
12/21/2023 13:46:26 - INFO - utils.common - 计算 accuracy ing...
12/21/2023 13:46:26 - INFO - utils.common - acc = 0.26125
12/21/2023 13:46:26 - INFO - utils.common - 计算 precision ing...
12/21/2023 13:46:26 - INFO - utils.common - precision = 0.22659008503650227
12/21/2023 13:46:26 - INFO - utils.common - 计算 recall ing...
12/21/2023 13:46:26 - INFO - utils.common - result = {'f1score': 0.2028031366910802, 'acc': 0.26125, 'precision': 0.22659008503650227, 'recall': 0.2397185556812681}
12/21/2023 13:46:26 - INFO - __main__ - Epoch:11, Train Accuracy:0.26125, f1:0.2028031366910802

Epoch: [11][0/7]	
12/21/2023 13:46:43 - INFO - utils.common - 计算 f1 score ing...
12/21/2023 13:46:43 - INFO - utils.common - F1score = 0.22693018699179085
12/21/2023 13:46:43 - INFO - utils.common - 计算 accuracy ing...
12/21/2023 13:46:43 - INFO - utils.common - acc = 0.3191
12/21/2023 13:46:43 - INFO - utils.common - 计算 precision ing...
12/21/2023 13:46:43 - INFO - utils.common - precision = 0.24616094786728412
12/21/2023 13:46:43 - INFO - utils.common - 计算 recall ing...
12/21/2023 13:46:43 - INFO - utils.common - result = {'f1score': 0.22693018699179085, 'acc': 0.3191, 'precision': 0.24616094786728412, 'recall': 0.29953309210972195}
12/21/2023 13:46:43 - INFO - __main__ - Epoch:11, Val Accuracy:0.3191, f1:0.22693018699179085

12/21/2023 13:46:43 - INFO - __main__ - lr:0.0001963663688163546
12/21/2023 13:46:43 - INFO - __main__ - ==========Epoch:12==========
early_st 4
12/21/2023 13:46:50 - INFO - utils.common - 计算 f1 score ing...
12/21/2023 13:46:50 - INFO - utils.common - F1score = 0.19921897131927963
12/21/2023 13:46:50 - INFO - utils.common - 计算 accuracy ing...
12/21/2023 13:46:50 - INFO - utils.common - acc = 0.25625
12/21/2023 13:46:50 - INFO - utils.common - 计算 precision ing...
12/21/2023 13:46:50 - INFO - utils.common - precision = 0.19796484651776566
12/21/2023 13:46:50 - INFO - utils.common - 计算 recall ing...
12/21/2023 13:46:50 - INFO - utils.common - result = {'f1score': 0.19921897131927963, 'acc': 0.25625, 'precision': 0.19796484651776566, 'recall': 0.2376080453419176}
12/21/2023 13:46:50 - INFO - __main__ - Epoch:12, Train Accuracy:0.25625, f1:0.19921897131927963

Epoch: [12][0/7]	
12/21/2023 13:47:06 - INFO - utils.common - 计算 f1 score ing...
12/21/2023 13:47:06 - INFO - utils.common - F1score = 0.22207101457572087
12/21/2023 13:47:06 - INFO - utils.common - 计算 accuracy ing...
12/21/2023 13:47:07 - INFO - utils.common - acc = 0.3279
12/21/2023 13:47:07 - INFO - utils.common - 计算 precision ing...
12/21/2023 13:47:07 - INFO - utils.common - precision = 0.22783027527805352
12/21/2023 13:47:07 - INFO - utils.common - 计算 recall ing...
12/21/2023 13:47:07 - INFO - utils.common - result = {'f1score': 0.22207101457572087, 'acc': 0.3279, 'precision': 0.22783027527805352, 'recall': 0.309075480090742}
12/21/2023 13:47:07 - INFO - __main__ - Epoch:12, Val Accuracy:0.3279, f1:0.22207101457572087

12/21/2023 13:47:07 - INFO - __main__ - lr:0.0001036736311836454
12/21/2023 13:47:07 - INFO - __main__ - ==========Epoch:13==========
Save best weights
12/21/2023 13:47:13 - INFO - utils.common - 计算 f1 score ing...
12/21/2023 13:47:13 - INFO - utils.common - F1score = 0.2208782033627536
12/21/2023 13:47:13 - INFO - utils.common - 计算 accuracy ing...
12/21/2023 13:47:13 - INFO - utils.common - acc = 0.2775
12/21/2023 13:47:13 - INFO - utils.common - 计算 precision ing...
12/21/2023 13:47:13 - INFO - utils.common - precision = 0.23647895035971928
12/21/2023 13:47:13 - INFO - utils.common - 计算 recall ing...
12/21/2023 13:47:13 - INFO - utils.common - result = {'f1score': 0.2208782033627536, 'acc': 0.2775, 'precision': 0.23647895035971928, 'recall': 0.2653571559032704}
12/21/2023 13:47:13 - INFO - __main__ - Epoch:13, Train Accuracy:0.2775, f1:0.2208782033627536

Epoch: [13][0/7]	
12/21/2023 13:47:30 - INFO - utils.common - 计算 f1 score ing...
12/21/2023 13:47:30 - INFO - utils.common - F1score = 0.22513009895123626
12/21/2023 13:47:30 - INFO - utils.common - 计算 accuracy ing...
12/21/2023 13:47:30 - INFO - utils.common - acc = 0.3287
12/21/2023 13:47:30 - INFO - utils.common - 计算 precision ing...
12/21/2023 13:47:30 - INFO - utils.common - precision = 0.22933287097998648
12/21/2023 13:47:30 - INFO - utils.common - 计算 recall ing...
12/21/2023 13:47:30 - INFO - utils.common - result = {'f1score': 0.22513009895123626, 'acc': 0.3287, 'precision': 0.22933287097998648, 'recall': 0.3104498098096528}
12/21/2023 13:47:30 - INFO - __main__ - Epoch:13, Val Accuracy:0.3287, f1:0.22513009895123626

12/21/2023 13:47:30 - INFO - __main__ - lr:2.8683631183645395e-05
12/21/2023 13:47:30 - INFO - __main__ - ==========Epoch:14==========
Save best weights
12/21/2023 13:47:36 - INFO - utils.common - 计算 f1 score ing...
12/21/2023 13:47:36 - INFO - utils.common - F1score = 0.21728194192722597
12/21/2023 13:47:36 - INFO - utils.common - 计算 accuracy ing...
12/21/2023 13:47:36 - INFO - utils.common - acc = 0.27375
12/21/2023 13:47:36 - INFO - utils.common - 计算 precision ing...
12/21/2023 13:47:36 - INFO - utils.common - precision = 0.209967266918108
12/21/2023 13:47:36 - INFO - utils.common - 计算 recall ing...
12/21/2023 13:47:36 - INFO - utils.common - result = {'f1score': 0.21728194192722597, 'acc': 0.27375, 'precision': 0.209967266918108, 'recall': 0.26445382610619367}
12/21/2023 13:47:36 - INFO - __main__ - Epoch:14, Train Accuracy:0.27375, f1:0.21728194192722597

Epoch: [14][0/7]	
12/21/2023 13:47:53 - INFO - utils.common - 计算 f1 score ing...
12/21/2023 13:47:53 - INFO - utils.common - F1score = 0.22703625895130303
12/21/2023 13:47:53 - INFO - utils.common - 计算 accuracy ing...
12/21/2023 13:47:53 - INFO - utils.common - acc = 0.3291
12/21/2023 13:47:53 - INFO - utils.common - 计算 precision ing...
12/21/2023 13:47:53 - INFO - utils.common - precision = 0.23845533074520964
12/21/2023 13:47:53 - INFO - utils.common - 计算 recall ing...
12/21/2023 13:47:53 - INFO - utils.common - result = {'f1score': 0.22703625895130303, 'acc': 0.3291, 'precision': 0.23845533074520964, 'recall': 0.31140752000821537}
12/21/2023 13:47:53 - INFO - __main__ - Epoch:14, Val Accuracy:0.3291, f1:0.22703625895130303

12/21/2023 13:47:53 - INFO - __main__ - lr:0.0003
12/21/2023 13:47:53 - INFO - __main__ - ==========Epoch:15==========
Save best weights
12/21/2023 13:47:59 - INFO - utils.common - 计算 f1 score ing...
12/21/2023 13:47:59 - INFO - utils.common - F1score = 0.2169046034370197
12/21/2023 13:47:59 - INFO - utils.common - 计算 accuracy ing...
12/21/2023 13:47:59 - INFO - utils.common - acc = 0.27625
12/21/2023 13:47:59 - INFO - utils.common - 计算 precision ing...
12/21/2023 13:47:59 - INFO - utils.common - precision = 0.1988368384170118
12/21/2023 13:48:00 - INFO - utils.common - 计算 recall ing...
12/21/2023 13:48:00 - INFO - utils.common - result = {'f1score': 0.2169046034370197, 'acc': 0.27625, 'precision': 0.1988368384170118, 'recall': 0.2651206230153599}
12/21/2023 13:48:00 - INFO - __main__ - Epoch:15, Train Accuracy:0.27625, f1:0.2169046034370197

Epoch: [15][0/7]	
12/21/2023 13:48:16 - INFO - utils.common - 计算 f1 score ing...
12/21/2023 13:48:16 - INFO - utils.common - F1score = 0.25502761516180417
12/21/2023 13:48:16 - INFO - utils.common - 计算 accuracy ing...
12/21/2023 13:48:16 - INFO - utils.common - acc = 0.3447
12/21/2023 13:48:16 - INFO - utils.common - 计算 precision ing...
12/21/2023 13:48:16 - INFO - utils.common - precision = 0.3655942492002512
12/21/2023 13:48:16 - INFO - utils.common - 计算 recall ing...
12/21/2023 13:48:16 - INFO - utils.common - result = {'f1score': 0.25502761516180417, 'acc': 0.3447, 'precision': 0.3655942492002512, 'recall': 0.32468676792622564}
12/21/2023 13:48:16 - INFO - __main__ - Epoch:15, Val Accuracy:0.3447, f1:0.25502761516180417

12/21/2023 13:48:16 - INFO - __main__ - lr:0.00027135636881635457
12/21/2023 13:48:16 - INFO - __main__ - ==========Epoch:16==========
Save best weights
12/21/2023 13:48:23 - INFO - utils.common - 计算 f1 score ing...
12/21/2023 13:48:23 - INFO - utils.common - F1score = 0.22381187100456396
12/21/2023 13:48:23 - INFO - utils.common - 计算 accuracy ing...
12/21/2023 13:48:23 - INFO - utils.common - acc = 0.28875
12/21/2023 13:48:23 - INFO - utils.common - 计算 precision ing...
12/21/2023 13:48:23 - INFO - utils.common - precision = 0.25391012151460446
12/21/2023 13:48:23 - INFO - utils.common - 计算 recall ing...
12/21/2023 13:48:23 - INFO - utils.common - result = {'f1score': 0.22381187100456396, 'acc': 0.28875, 'precision': 0.25391012151460446, 'recall': 0.27466130301058533}
12/21/2023 13:48:23 - INFO - __main__ - Epoch:16, Train Accuracy:0.28875, f1:0.22381187100456396

Epoch: [16][0/7]	
12/21/2023 13:48:40 - INFO - utils.common - 计算 f1 score ing...
12/21/2023 13:48:40 - INFO - utils.common - F1score = 0.255490969911864
12/21/2023 13:48:40 - INFO - utils.common - 计算 accuracy ing...
12/21/2023 13:48:40 - INFO - utils.common - acc = 0.34795
12/21/2023 13:48:40 - INFO - utils.common - 计算 precision ing...
12/21/2023 13:48:41 - INFO - utils.common - precision = 0.3497992237542822
12/21/2023 13:48:41 - INFO - utils.common - 计算 recall ing...
12/21/2023 13:48:41 - INFO - utils.common - result = {'f1score': 0.255490969911864, 'acc': 0.34795, 'precision': 0.3497992237542822, 'recall': 0.32875021659899945}
12/21/2023 13:48:41 - INFO - __main__ - Epoch:16, Val Accuracy:0.34795, f1:0.255490969911864

12/21/2023 13:48:41 - INFO - __main__ - lr:0.0001963663688163546
12/21/2023 13:48:41 - INFO - __main__ - ==========Epoch:17==========
Save best weights
12/21/2023 13:48:46 - INFO - utils.common - 计算 f1 score ing...
12/21/2023 13:48:46 - INFO - utils.common - F1score = 0.21609128425673893
12/21/2023 13:48:46 - INFO - utils.common - 计算 accuracy ing...
12/21/2023 13:48:46 - INFO - utils.common - acc = 0.285
12/21/2023 13:48:46 - INFO - utils.common - 计算 precision ing...
12/21/2023 13:48:46 - INFO - utils.common - precision = 0.1902570541667443
12/21/2023 13:48:46 - INFO - utils.common - 计算 recall ing...
12/21/2023 13:48:46 - INFO - utils.common - result = {'f1score': 0.21609128425673893, 'acc': 0.285, 'precision': 0.1902570541667443, 'recall': 0.2710767163497736}
12/21/2023 13:48:46 - INFO - __main__ - Epoch:17, Train Accuracy:0.285, f1:0.21609128425673893

Epoch: [17][0/7]	
12/21/2023 13:48:58 - INFO - utils.common - 计算 f1 score ing...
12/21/2023 13:48:58 - INFO - utils.common - F1score = 0.26007356110477065
12/21/2023 13:48:58 - INFO - utils.common - 计算 accuracy ing...
12/21/2023 13:48:58 - INFO - utils.common - acc = 0.3559
12/21/2023 13:48:58 - INFO - utils.common - 计算 precision ing...
12/21/2023 13:48:58 - INFO - utils.common - precision = 0.3504524325688466
12/21/2023 13:48:58 - INFO - utils.common - 计算 recall ing...
12/21/2023 13:48:58 - INFO - utils.common - result = {'f1score': 0.26007356110477065, 'acc': 0.3559, 'precision': 0.3504524325688466, 'recall': 0.3352441667884697}
12/21/2023 13:48:58 - INFO - __main__ - Epoch:17, Val Accuracy:0.3559, f1:0.26007356110477065

12/21/2023 13:48:58 - INFO - __main__ - lr:0.0001036736311836454
12/21/2023 13:48:58 - INFO - __main__ - ==========Epoch:18==========
Save best weights
12/21/2023 13:49:04 - INFO - utils.common - 计算 f1 score ing...
12/21/2023 13:49:04 - INFO - utils.common - F1score = 0.2598889893116424
12/21/2023 13:49:04 - INFO - utils.common - 计算 accuracy ing...
12/21/2023 13:49:04 - INFO - utils.common - acc = 0.335
12/21/2023 13:49:04 - INFO - utils.common - 计算 precision ing...
12/21/2023 13:49:04 - INFO - utils.common - precision = 0.30223972112821507
12/21/2023 13:49:04 - INFO - utils.common - 计算 recall ing...
12/21/2023 13:49:04 - INFO - utils.common - result = {'f1score': 0.2598889893116424, 'acc': 0.335, 'precision': 0.30223972112821507, 'recall': 0.3144886380326077}
12/21/2023 13:49:04 - INFO - __main__ - Epoch:18, Train Accuracy:0.335, f1:0.2598889893116424

Epoch: [18][0/7]	
12/21/2023 13:49:16 - INFO - utils.common - 计算 f1 score ing...
12/21/2023 13:49:16 - INFO - utils.common - F1score = 0.2556900104659172
12/21/2023 13:49:16 - INFO - utils.common - 计算 accuracy ing...
12/21/2023 13:49:16 - INFO - utils.common - acc = 0.3541
12/21/2023 13:49:16 - INFO - utils.common - 计算 precision ing...
12/21/2023 13:49:16 - INFO - utils.common - precision = 0.3335004867413854
12/21/2023 13:49:16 - INFO - utils.common - 计算 recall ing...
12/21/2023 13:49:16 - INFO - utils.common - result = {'f1score': 0.2556900104659172, 'acc': 0.3541, 'precision': 0.3335004867413854, 'recall': 0.33454486026734903}
12/21/2023 13:49:16 - INFO - __main__ - Epoch:18, Val Accuracy:0.3541, f1:0.2556900104659172

12/21/2023 13:49:16 - INFO - __main__ - lr:2.8683631183645395e-05
12/21/2023 13:49:16 - INFO - __main__ - ==========Epoch:19==========
early_st 4
12/21/2023 13:49:21 - INFO - utils.common - 计算 f1 score ing...
12/21/2023 13:49:21 - INFO - utils.common - F1score = 0.23014641200295316
12/21/2023 13:49:21 - INFO - utils.common - 计算 accuracy ing...
12/21/2023 13:49:21 - INFO - utils.common - acc = 0.30125
12/21/2023 13:49:21 - INFO - utils.common - 计算 precision ing...
12/21/2023 13:49:21 - INFO - utils.common - precision = 0.21103222588568327
12/21/2023 13:49:21 - INFO - utils.common - 计算 recall ing...
12/21/2023 13:49:21 - INFO - utils.common - result = {'f1score': 0.23014641200295316, 'acc': 0.30125, 'precision': 0.21103222588568327, 'recall': 0.28552952991989455}
12/21/2023 13:49:21 - INFO - __main__ - Epoch:19, Train Accuracy:0.30125, f1:0.23014641200295316

Epoch: [19][0/7]	
12/21/2023 13:49:33 - INFO - utils.common - 计算 f1 score ing...
12/21/2023 13:49:33 - INFO - utils.common - F1score = 0.25328461657642687
12/21/2023 13:49:33 - INFO - utils.common - 计算 accuracy ing...
12/21/2023 13:49:33 - INFO - utils.common - acc = 0.3526
12/21/2023 13:49:33 - INFO - utils.common - 计算 precision ing...
12/21/2023 13:49:33 - INFO - utils.common - precision = 0.3407271075356897
12/21/2023 13:49:33 - INFO - utils.common - 计算 recall ing...
12/21/2023 13:49:33 - INFO - utils.common - result = {'f1score': 0.25328461657642687, 'acc': 0.3526, 'precision': 0.3407271075356897, 'recall': 0.33360098980132175}
12/21/2023 13:49:33 - INFO - __main__ - Epoch:19, Val Accuracy:0.3526, f1:0.25328461657642687

12/21/2023 13:49:33 - INFO - __main__ - lr:0.0003
12/21/2023 13:49:33 - INFO - __main__ - ==========Epoch:20==========
early_st 3
12/21/2023 13:49:38 - INFO - utils.common - 计算 f1 score ing...
12/21/2023 13:49:38 - INFO - utils.common - F1score = 0.2280375021452955
12/21/2023 13:49:38 - INFO - utils.common - 计算 accuracy ing...
12/21/2023 13:49:38 - INFO - utils.common - acc = 0.29375
12/21/2023 13:49:38 - INFO - utils.common - 计算 precision ing...
12/21/2023 13:49:38 - INFO - utils.common - precision = 0.2704770720673837
12/21/2023 13:49:38 - INFO - utils.common - 计算 recall ing...
12/21/2023 13:49:38 - INFO - utils.common - result = {'f1score': 0.2280375021452955, 'acc': 0.29375, 'precision': 0.2704770720673837, 'recall': 0.27964534391279156}
12/21/2023 13:49:38 - INFO - __main__ - Epoch:20, Train Accuracy:0.29375, f1:0.2280375021452955

Epoch: [20][0/7]	
12/21/2023 13:49:50 - INFO - utils.common - 计算 f1 score ing...
12/21/2023 13:49:50 - INFO - utils.common - F1score = 0.26108678627210236
12/21/2023 13:49:50 - INFO - utils.common - 计算 accuracy ing...
12/21/2023 13:49:50 - INFO - utils.common - acc = 0.35395
12/21/2023 13:49:50 - INFO - utils.common - 计算 precision ing...
12/21/2023 13:49:50 - INFO - utils.common - precision = 0.384176646289783
12/21/2023 13:49:50 - INFO - utils.common - 计算 recall ing...
12/21/2023 13:49:50 - INFO - utils.common - result = {'f1score': 0.26108678627210236, 'acc': 0.35395, 'precision': 0.384176646289783, 'recall': 0.33427503512691736}
12/21/2023 13:49:50 - INFO - __main__ - Epoch:20, Val Accuracy:0.35395, f1:0.26108678627210236

12/21/2023 13:49:50 - INFO - __main__ - lr:0.00027135636881635457
12/21/2023 13:49:50 - INFO - __main__ - ==========Epoch:21==========
early_st 2
12/21/2023 13:49:55 - INFO - utils.common - 计算 f1 score ing...
12/21/2023 13:49:55 - INFO - utils.common - F1score = 0.2509782823887426
12/21/2023 13:49:55 - INFO - utils.common - 计算 accuracy ing...
12/21/2023 13:49:55 - INFO - utils.common - acc = 0.32875
12/21/2023 13:49:55 - INFO - utils.common - 计算 precision ing...
12/21/2023 13:49:55 - INFO - utils.common - precision = 0.2333888131600135
12/21/2023 13:49:55 - INFO - utils.common - 计算 recall ing...
12/21/2023 13:49:55 - INFO - utils.common - result = {'f1score': 0.2509782823887426, 'acc': 0.32875, 'precision': 0.2333888131600135, 'recall': 0.3099371663964965}
12/21/2023 13:49:55 - INFO - __main__ - Epoch:21, Train Accuracy:0.32875, f1:0.2509782823887426

Epoch: [21][0/7]	
12/21/2023 13:50:07 - INFO - utils.common - 计算 f1 score ing...
12/21/2023 13:50:07 - INFO - utils.common - F1score = 0.2621100344850896
12/21/2023 13:50:07 - INFO - utils.common - 计算 accuracy ing...
12/21/2023 13:50:07 - INFO - utils.common - acc = 0.3587
12/21/2023 13:50:07 - INFO - utils.common - 计算 precision ing...
12/21/2023 13:50:07 - INFO - utils.common - precision = 0.40331351915704045
12/21/2023 13:50:07 - INFO - utils.common - 计算 recall ing...
12/21/2023 13:50:07 - INFO - utils.common - result = {'f1score': 0.2621100344850896, 'acc': 0.3587, 'precision': 0.40331351915704045, 'recall': 0.3371996329028602}
12/21/2023 13:50:07 - INFO - __main__ - Epoch:21, Val Accuracy:0.3587, f1:0.2621100344850896

12/21/2023 13:50:07 - INFO - __main__ - lr:0.0001963663688163546
12/21/2023 13:50:07 - INFO - __main__ - ==========Epoch:22==========
Save best weights
12/21/2023 13:50:12 - INFO - utils.common - 计算 f1 score ing...
12/21/2023 13:50:12 - INFO - utils.common - F1score = 0.250084330491415
12/21/2023 13:50:12 - INFO - utils.common - 计算 accuracy ing...
12/21/2023 13:50:12 - INFO - utils.common - acc = 0.32375
12/21/2023 13:50:12 - INFO - utils.common - 计算 precision ing...
12/21/2023 13:50:12 - INFO - utils.common - precision = 0.25417284567183324
12/21/2023 13:50:12 - INFO - utils.common - 计算 recall ing...
12/21/2023 13:50:12 - INFO - utils.common - result = {'f1score': 0.250084330491415, 'acc': 0.32375, 'precision': 0.25417284567183324, 'recall': 0.30256202866333204}
12/21/2023 13:50:12 - INFO - __main__ - Epoch:22, Train Accuracy:0.32375, f1:0.250084330491415

Epoch: [22][0/7]	
12/21/2023 13:50:25 - INFO - utils.common - 计算 f1 score ing...
12/21/2023 13:50:25 - INFO - utils.common - F1score = 0.261626664091346
12/21/2023 13:50:25 - INFO - utils.common - 计算 accuracy ing...
12/21/2023 13:50:25 - INFO - utils.common - acc = 0.35625
12/21/2023 13:50:25 - INFO - utils.common - 计算 precision ing...
12/21/2023 13:50:25 - INFO - utils.common - precision = 0.40738260589788916
12/21/2023 13:50:25 - INFO - utils.common - 计算 recall ing...
12/21/2023 13:50:25 - INFO - utils.common - result = {'f1score': 0.261626664091346, 'acc': 0.35625, 'precision': 0.40738260589788916, 'recall': 0.3363638785055187}
12/21/2023 13:50:25 - INFO - __main__ - Epoch:22, Val Accuracy:0.35625, f1:0.261626664091346

12/21/2023 13:50:25 - INFO - __main__ - lr:0.0001036736311836454
12/21/2023 13:50:25 - INFO - __main__ - ==========Epoch:23==========
early_st 4
12/21/2023 13:50:32 - INFO - utils.common - 计算 f1 score ing...
12/21/2023 13:50:32 - INFO - utils.common - F1score = 0.2510156912457897
12/21/2023 13:50:32 - INFO - utils.common - 计算 accuracy ing...
12/21/2023 13:50:32 - INFO - utils.common - acc = 0.33125
12/21/2023 13:50:32 - INFO - utils.common - 计算 precision ing...
12/21/2023 13:50:32 - INFO - utils.common - precision = 0.2934952603239461
12/21/2023 13:50:32 - INFO - utils.common - 计算 recall ing...
12/21/2023 13:50:32 - INFO - utils.common - result = {'f1score': 0.2510156912457897, 'acc': 0.33125, 'precision': 0.2934952603239461, 'recall': 0.31036639696926777}
12/21/2023 13:50:32 - INFO - __main__ - Epoch:23, Train Accuracy:0.33125, f1:0.2510156912457897

Epoch: [23][0/7]	
12/21/2023 13:50:45 - INFO - utils.common - 计算 f1 score ing...
12/21/2023 13:50:45 - INFO - utils.common - F1score = 0.2561278424886775
12/21/2023 13:50:45 - INFO - utils.common - 计算 accuracy ing...
12/21/2023 13:50:46 - INFO - utils.common - acc = 0.3507
12/21/2023 13:50:46 - INFO - utils.common - 计算 precision ing...
12/21/2023 13:50:46 - INFO - utils.common - precision = 0.3872503406883199
12/21/2023 13:50:46 - INFO - utils.common - 计算 recall ing...
12/21/2023 13:50:46 - INFO - utils.common - result = {'f1score': 0.2561278424886775, 'acc': 0.3507, 'precision': 0.3872503406883199, 'recall': 0.3323207035312328}
12/21/2023 13:50:46 - INFO - __main__ - Epoch:23, Val Accuracy:0.3507, f1:0.2561278424886775

12/21/2023 13:50:46 - INFO - __main__ - lr:2.8683631183645395e-05
12/21/2023 13:50:46 - INFO - __main__ - ==========Epoch:24==========
early_st 3
12/21/2023 13:50:52 - INFO - utils.common - 计算 f1 score ing...
12/21/2023 13:50:52 - INFO - utils.common - F1score = 0.2544644912289288
12/21/2023 13:50:52 - INFO - utils.common - 计算 accuracy ing...
12/21/2023 13:50:52 - INFO - utils.common - acc = 0.335
12/21/2023 13:50:52 - INFO - utils.common - 计算 precision ing...
12/21/2023 13:50:52 - INFO - utils.common - precision = 0.23632935220668136
12/21/2023 13:50:52 - INFO - utils.common - 计算 recall ing...
12/21/2023 13:50:52 - INFO - utils.common - result = {'f1score': 0.2544644912289288, 'acc': 0.335, 'precision': 0.23632935220668136, 'recall': 0.31591832454313895}
12/21/2023 13:50:52 - INFO - __main__ - Epoch:24, Train Accuracy:0.335, f1:0.2544644912289288

Epoch: [24][0/7]	
12/21/2023 13:51:07 - INFO - utils.common - 计算 f1 score ing...
12/21/2023 13:51:08 - INFO - utils.common - F1score = 0.24967677327167184
12/21/2023 13:51:08 - INFO - utils.common - 计算 accuracy ing...
12/21/2023 13:51:08 - INFO - utils.common - acc = 0.34535
12/21/2023 13:51:08 - INFO - utils.common - 计算 precision ing...
12/21/2023 13:51:08 - INFO - utils.common - precision = 0.3782179709543759
12/21/2023 13:51:08 - INFO - utils.common - 计算 recall ing...
12/21/2023 13:51:08 - INFO - utils.common - result = {'f1score': 0.24967677327167184, 'acc': 0.34535, 'precision': 0.3782179709543759, 'recall': 0.3281487042533567}
12/21/2023 13:51:08 - INFO - __main__ - Epoch:24, Val Accuracy:0.34535, f1:0.24967677327167184

12/21/2023 13:51:08 - INFO - __main__ - lr:0.0003
12/21/2023 13:51:08 - INFO - __main__ - ==========Epoch:25==========
early_st 2
12/21/2023 13:51:15 - INFO - utils.common - 计算 f1 score ing...
12/21/2023 13:51:15 - INFO - utils.common - F1score = 0.26175579948140215
12/21/2023 13:51:15 - INFO - utils.common - 计算 accuracy ing...
12/21/2023 13:51:15 - INFO - utils.common - acc = 0.3425
12/21/2023 13:51:15 - INFO - utils.common - 计算 precision ing...
12/21/2023 13:51:15 - INFO - utils.common - precision = 0.24396717175117377
12/21/2023 13:51:15 - INFO - utils.common - 计算 recall ing...
12/21/2023 13:51:15 - INFO - utils.common - result = {'f1score': 0.26175579948140215, 'acc': 0.3425, 'precision': 0.24396717175117377, 'recall': 0.32261517528387684}
12/21/2023 13:51:15 - INFO - __main__ - Epoch:25, Train Accuracy:0.3425, f1:0.26175579948140215

Epoch: [25][0/7]	
12/21/2023 13:51:33 - INFO - utils.common - 计算 f1 score ing...
12/21/2023 13:51:33 - INFO - utils.common - F1score = 0.2708779967060858
12/21/2023 13:51:33 - INFO - utils.common - 计算 accuracy ing...
12/21/2023 13:51:33 - INFO - utils.common - acc = 0.3487
12/21/2023 13:51:33 - INFO - utils.common - 计算 precision ing...
12/21/2023 13:51:33 - INFO - utils.common - precision = 0.42249082423510936
12/21/2023 13:51:33 - INFO - utils.common - 计算 recall ing...
12/21/2023 13:51:33 - INFO - utils.common - result = {'f1score': 0.2708779967060858, 'acc': 0.3487, 'precision': 0.42249082423510936, 'recall': 0.3340163088628511}
12/21/2023 13:51:33 - INFO - __main__ - Epoch:25, Val Accuracy:0.3487, f1:0.2708779967060858

12/21/2023 13:51:33 - INFO - __main__ - lr:0.00027135636881635457
12/21/2023 13:51:33 - INFO - __main__ - ==========Epoch:26==========
early_st 1
12/21/2023 13:51:39 - INFO - utils.common - 计算 f1 score ing...
12/21/2023 13:51:39 - INFO - utils.common - F1score = 0.2699365604335367
12/21/2023 13:51:39 - INFO - utils.common - 计算 accuracy ing...
12/21/2023 13:51:39 - INFO - utils.common - acc = 0.34625
12/21/2023 13:51:39 - INFO - utils.common - 计算 precision ing...
12/21/2023 13:51:39 - INFO - utils.common - precision = 0.24818335214983817
12/21/2023 13:51:39 - INFO - utils.common - 计算 recall ing...
12/21/2023 13:51:39 - INFO - utils.common - result = {'f1score': 0.2699365604335367, 'acc': 0.34625, 'precision': 0.24818335214983817, 'recall': 0.33010973280730743}
12/21/2023 13:51:39 - INFO - __main__ - Epoch:26, Train Accuracy:0.34625, f1:0.2699365604335367

Epoch: [26][0/7]	
12/21/2023 13:52:01 - INFO - utils.common - 计算 f1 score ing...
12/21/2023 13:52:01 - INFO - utils.common - F1score = 0.2626646630703563
12/21/2023 13:52:01 - INFO - utils.common - 计算 accuracy ing...
12/21/2023 13:52:01 - INFO - utils.common - acc = 0.3502
12/21/2023 13:52:01 - INFO - utils.common - 计算 precision ing...
12/21/2023 13:52:01 - INFO - utils.common - precision = 0.390592123444567
12/21/2023 13:52:01 - INFO - utils.common - 计算 recall ing...
12/21/2023 13:52:01 - INFO - utils.common - result = {'f1score': 0.2626646630703563, 'acc': 0.3502, 'precision': 0.390592123444567, 'recall': 0.33461819963578315}
12/21/2023 13:52:01 - INFO - __main__ - Epoch:26, Val Accuracy:0.3502, f1:0.2626646630703563

12/21/2023 13:52:01 - INFO - __main__ - lr:0.0001963663688163546
early_st 0
early_stop
Test
12/21/2023 13:52:10 - INFO - utils.common - 计算 f1 score ing...
12/21/2023 13:52:10 - INFO - utils.common - F1score = 0.30824821766032323
12/21/2023 13:52:10 - INFO - utils.common - 计算 accuracy ing...
12/21/2023 13:52:10 - INFO - utils.common - acc = 0.4658774373259053
12/21/2023 13:52:10 - INFO - utils.common - 计算 precision ing...
12/21/2023 13:52:10 - INFO - utils.common - precision = 0.4865192027999373
12/21/2023 13:52:10 - INFO - utils.common - 计算 recall ing...
12/21/2023 13:52:10 - INFO - utils.common - result = {'f1score': 0.30824821766032323, 'acc': 0.4658774373259053, 'precision': 0.4865192027999373, 'recall': 0.35798364443035285}
12/21/2023 13:52:10 - INFO - __main__ - test_f1:0.30824821766032323, test_acc:0.4658774373259053, test_precision:0.4865192027999373, test_recall:0.35798364443035285
12/21/2023 13:52:10 - INFO - __main__ - Finish fine-turning...
