nohup: ignoring input
12/21/2023 13:50:12 - INFO - __main__ - 设置 seed 为:  2
12/21/2023 13:50:12 - INFO - __main__ - Start fine-turning...
12/21/2023 13:50:15 - INFO - __main__ - ==========Epoch:0==========
=> no checkpoint found at '
12/21/2023 13:50:34 - INFO - utils.common - 计算 f1 score ing...
12/21/2023 13:50:34 - INFO - utils.common - F1score = 0.17876930193754503
12/21/2023 13:50:34 - INFO - utils.common - 计算 accuracy ing...
12/21/2023 13:50:34 - INFO - utils.common - acc = 0.2325
12/21/2023 13:50:34 - INFO - utils.common - 计算 precision ing...
12/21/2023 13:50:34 - INFO - utils.common - precision = 0.2052634057693838
12/21/2023 13:50:34 - INFO - utils.common - 计算 recall ing...
12/21/2023 13:50:34 - INFO - utils.common - result = {'f1score': 0.17876930193754503, 'acc': 0.2325, 'precision': 0.2052634057693838, 'recall': 0.21772769429481031}
12/21/2023 13:50:34 - INFO - __main__ - Epoch:0, Train Accuracy:0.2325, f1:0.17876930193754503

Epoch: [0][0/63]	
12/21/2023 13:50:54 - INFO - utils.common - 计算 f1 score ing...
12/21/2023 13:50:54 - INFO - utils.common - F1score = 0.21335662597949429
12/21/2023 13:50:54 - INFO - utils.common - 计算 accuracy ing...
12/21/2023 13:50:54 - INFO - utils.common - acc = 0.30065
12/21/2023 13:50:54 - INFO - utils.common - 计算 precision ing...
12/21/2023 13:50:54 - INFO - utils.common - precision = 0.22196896673967925
12/21/2023 13:50:54 - INFO - utils.common - 计算 recall ing...
12/21/2023 13:50:54 - INFO - utils.common - result = {'f1score': 0.21335662597949429, 'acc': 0.30065, 'precision': 0.22196896673967925, 'recall': 0.2889712518628535}
12/21/2023 13:50:54 - INFO - __main__ - Epoch:0, Val Accuracy:0.30065, f1:0.21335662597949429

12/21/2023 13:50:54 - INFO - __main__ - lr:0.00027135636881635457
12/21/2023 13:50:54 - INFO - __main__ - ==========Epoch:1==========
Save best weights
12/21/2023 13:51:20 - INFO - utils.common - 计算 f1 score ing...
12/21/2023 13:51:20 - INFO - utils.common - F1score = 0.2355934971297138
12/21/2023 13:51:20 - INFO - utils.common - 计算 accuracy ing...
12/21/2023 13:51:20 - INFO - utils.common - acc = 0.31525
12/21/2023 13:51:20 - INFO - utils.common - 计算 precision ing...
12/21/2023 13:51:20 - INFO - utils.common - precision = 0.2827955907201444
12/21/2023 13:51:20 - INFO - utils.common - 计算 recall ing...
12/21/2023 13:51:20 - INFO - utils.common - result = {'f1score': 0.2355934971297138, 'acc': 0.31525, 'precision': 0.2827955907201444, 'recall': 0.30213534884063203}
12/21/2023 13:51:20 - INFO - __main__ - Epoch:1, Train Accuracy:0.31525, f1:0.2355934971297138

Epoch: [1][0/63]	
12/21/2023 13:51:41 - INFO - utils.common - 计算 f1 score ing...
12/21/2023 13:51:41 - INFO - utils.common - F1score = 0.24434795998366438
12/21/2023 13:51:41 - INFO - utils.common - 计算 accuracy ing...
12/21/2023 13:51:41 - INFO - utils.common - acc = 0.3576
12/21/2023 13:51:41 - INFO - utils.common - 计算 precision ing...
12/21/2023 13:51:42 - INFO - utils.common - precision = 0.3413084121191873
12/21/2023 13:51:42 - INFO - utils.common - 计算 recall ing...
12/21/2023 13:51:42 - INFO - utils.common - result = {'f1score': 0.24434795998366438, 'acc': 0.3576, 'precision': 0.3413084121191873, 'recall': 0.3361280026636708}
12/21/2023 13:51:42 - INFO - __main__ - Epoch:1, Val Accuracy:0.3576, f1:0.24434795998366438

12/21/2023 13:51:42 - INFO - __main__ - lr:0.0001963663688163546
12/21/2023 13:51:42 - INFO - __main__ - ==========Epoch:2==========
Save best weights
12/21/2023 13:52:09 - INFO - utils.common - 计算 f1 score ing...
12/21/2023 13:52:09 - INFO - utils.common - F1score = 0.27099502907730616
12/21/2023 13:52:09 - INFO - utils.common - 计算 accuracy ing...
12/21/2023 13:52:09 - INFO - utils.common - acc = 0.35875
12/21/2023 13:52:09 - INFO - utils.common - 计算 precision ing...
12/21/2023 13:52:09 - INFO - utils.common - precision = 0.2808037188923381
12/21/2023 13:52:09 - INFO - utils.common - 计算 recall ing...
12/21/2023 13:52:09 - INFO - utils.common - result = {'f1score': 0.27099502907730616, 'acc': 0.35875, 'precision': 0.2808037188923381, 'recall': 0.3417266917419809}
12/21/2023 13:52:09 - INFO - __main__ - Epoch:2, Train Accuracy:0.35875, f1:0.27099502907730616

Epoch: [2][0/63]	
12/21/2023 13:52:31 - INFO - utils.common - 计算 f1 score ing...
12/21/2023 13:52:31 - INFO - utils.common - F1score = 0.2899648579819016
12/21/2023 13:52:31 - INFO - utils.common - 计算 accuracy ing...
12/21/2023 13:52:31 - INFO - utils.common - acc = 0.39375
12/21/2023 13:52:31 - INFO - utils.common - 计算 precision ing...
12/21/2023 13:52:31 - INFO - utils.common - precision = 0.40921978894909644
12/21/2023 13:52:31 - INFO - utils.common - 计算 recall ing...
12/21/2023 13:52:31 - INFO - utils.common - result = {'f1score': 0.2899648579819016, 'acc': 0.39375, 'precision': 0.40921978894909644, 'recall': 0.36761461783469007}
12/21/2023 13:52:31 - INFO - __main__ - Epoch:2, Val Accuracy:0.39375, f1:0.2899648579819016

12/21/2023 13:52:31 - INFO - __main__ - lr:0.0001036736311836454
12/21/2023 13:52:31 - INFO - __main__ - ==========Epoch:3==========
Save best weights
12/21/2023 13:52:57 - INFO - utils.common - 计算 f1 score ing...
12/21/2023 13:52:57 - INFO - utils.common - F1score = 0.29331856129211137
12/21/2023 13:52:57 - INFO - utils.common - 计算 accuracy ing...
12/21/2023 13:52:57 - INFO - utils.common - acc = 0.376125
12/21/2023 13:52:57 - INFO - utils.common - 计算 precision ing...
12/21/2023 13:52:57 - INFO - utils.common - precision = 0.31638533212442144
12/21/2023 13:52:57 - INFO - utils.common - 计算 recall ing...
12/21/2023 13:52:57 - INFO - utils.common - result = {'f1score': 0.29331856129211137, 'acc': 0.376125, 'precision': 0.31638533212442144, 'recall': 0.3579618930789584}
12/21/2023 13:52:57 - INFO - __main__ - Epoch:3, Train Accuracy:0.376125, f1:0.29331856129211137

Epoch: [3][0/63]	
12/21/2023 13:53:21 - INFO - utils.common - 计算 f1 score ing...
12/21/2023 13:53:21 - INFO - utils.common - F1score = 0.2980293407288683
12/21/2023 13:53:21 - INFO - utils.common - 计算 accuracy ing...
12/21/2023 13:53:21 - INFO - utils.common - acc = 0.399
12/21/2023 13:53:21 - INFO - utils.common - 计算 precision ing...
12/21/2023 13:53:21 - INFO - utils.common - precision = 0.41624984492484773
12/21/2023 13:53:21 - INFO - utils.common - 计算 recall ing...
12/21/2023 13:53:21 - INFO - utils.common - result = {'f1score': 0.2980293407288683, 'acc': 0.399, 'precision': 0.41624984492484773, 'recall': 0.3741685207392268}
12/21/2023 13:53:21 - INFO - __main__ - Epoch:3, Val Accuracy:0.399, f1:0.2980293407288683

12/21/2023 13:53:21 - INFO - __main__ - lr:2.8683631183645395e-05
12/21/2023 13:53:21 - INFO - __main__ - ==========Epoch:4==========
Save best weights
12/21/2023 13:53:47 - INFO - utils.common - 计算 f1 score ing...
12/21/2023 13:53:47 - INFO - utils.common - F1score = 0.30128500773374933
12/21/2023 13:53:47 - INFO - utils.common - 计算 accuracy ing...
12/21/2023 13:53:47 - INFO - utils.common - acc = 0.388625
12/21/2023 13:53:47 - INFO - utils.common - 计算 precision ing...
12/21/2023 13:53:47 - INFO - utils.common - precision = 0.34536116433438785
12/21/2023 13:53:47 - INFO - utils.common - 计算 recall ing...
12/21/2023 13:53:47 - INFO - utils.common - result = {'f1score': 0.30128500773374933, 'acc': 0.388625, 'precision': 0.34536116433438785, 'recall': 0.36748171887410475}
12/21/2023 13:53:47 - INFO - __main__ - Epoch:4, Train Accuracy:0.388625, f1:0.30128500773374933

Epoch: [4][0/63]	
12/21/2023 13:54:09 - INFO - utils.common - 计算 f1 score ing...
12/21/2023 13:54:09 - INFO - utils.common - F1score = 0.30433694231862407
12/21/2023 13:54:09 - INFO - utils.common - 计算 accuracy ing...
12/21/2023 13:54:09 - INFO - utils.common - acc = 0.3962
12/21/2023 13:54:09 - INFO - utils.common - 计算 precision ing...
12/21/2023 13:54:09 - INFO - utils.common - precision = 0.431352452284557
12/21/2023 13:54:09 - INFO - utils.common - 计算 recall ing...
12/21/2023 13:54:09 - INFO - utils.common - result = {'f1score': 0.30433694231862407, 'acc': 0.3962, 'precision': 0.431352452284557, 'recall': 0.37316228400647744}
12/21/2023 13:54:09 - INFO - __main__ - Epoch:4, Val Accuracy:0.3962, f1:0.30433694231862407

12/21/2023 13:54:09 - INFO - __main__ - lr:0.0003
12/21/2023 13:54:09 - INFO - __main__ - ==========Epoch:5==========
early_st 4
12/21/2023 13:54:37 - INFO - utils.common - 计算 f1 score ing...
12/21/2023 13:54:37 - INFO - utils.common - F1score = 0.33519090221647924
12/21/2023 13:54:37 - INFO - utils.common - 计算 accuracy ing...
12/21/2023 13:54:37 - INFO - utils.common - acc = 0.41875
12/21/2023 13:54:37 - INFO - utils.common - 计算 precision ing...
12/21/2023 13:54:37 - INFO - utils.common - precision = 0.3367709420242752
12/21/2023 13:54:37 - INFO - utils.common - 计算 recall ing...
12/21/2023 13:54:37 - INFO - utils.common - result = {'f1score': 0.33519090221647924, 'acc': 0.41875, 'precision': 0.3367709420242752, 'recall': 0.39748498979915153}
12/21/2023 13:54:37 - INFO - __main__ - Epoch:5, Train Accuracy:0.41875, f1:0.33519090221647924

Epoch: [5][0/63]	
12/21/2023 13:54:59 - INFO - utils.common - 计算 f1 score ing...
12/21/2023 13:54:59 - INFO - utils.common - F1score = 0.34299274338776864
12/21/2023 13:54:59 - INFO - utils.common - 计算 accuracy ing...
12/21/2023 13:54:59 - INFO - utils.common - acc = 0.40975
12/21/2023 13:54:59 - INFO - utils.common - 计算 precision ing...
12/21/2023 13:54:59 - INFO - utils.common - precision = 0.43880358734570013
12/21/2023 13:54:59 - INFO - utils.common - 计算 recall ing...
12/21/2023 13:54:59 - INFO - utils.common - result = {'f1score': 0.34299274338776864, 'acc': 0.40975, 'precision': 0.43880358734570013, 'recall': 0.3928437732239756}
12/21/2023 13:54:59 - INFO - __main__ - Epoch:5, Val Accuracy:0.40975, f1:0.34299274338776864

12/21/2023 13:54:59 - INFO - __main__ - lr:0.00027135636881635457
12/21/2023 13:54:59 - INFO - __main__ - ==========Epoch:6==========
Save best weights
12/21/2023 13:55:26 - INFO - utils.common - 计算 f1 score ing...
12/21/2023 13:55:26 - INFO - utils.common - F1score = 0.36703394880513157
12/21/2023 13:55:26 - INFO - utils.common - 计算 accuracy ing...
12/21/2023 13:55:26 - INFO - utils.common - acc = 0.440875
12/21/2023 13:55:26 - INFO - utils.common - 计算 precision ing...
12/21/2023 13:55:26 - INFO - utils.common - precision = 0.38033497530070315
12/21/2023 13:55:26 - INFO - utils.common - 计算 recall ing...
12/21/2023 13:55:26 - INFO - utils.common - result = {'f1score': 0.36703394880513157, 'acc': 0.440875, 'precision': 0.38033497530070315, 'recall': 0.42010510999221873}
12/21/2023 13:55:26 - INFO - __main__ - Epoch:6, Train Accuracy:0.440875, f1:0.36703394880513157

Epoch: [6][0/63]	
12/21/2023 13:55:49 - INFO - utils.common - 计算 f1 score ing...
12/21/2023 13:55:49 - INFO - utils.common - F1score = 0.3971398537142738
12/21/2023 13:55:49 - INFO - utils.common - 计算 accuracy ing...
12/21/2023 13:55:49 - INFO - utils.common - acc = 0.4607
12/21/2023 13:55:49 - INFO - utils.common - 计算 precision ing...
12/21/2023 13:55:49 - INFO - utils.common - precision = 0.5392740215023966
12/21/2023 13:55:49 - INFO - utils.common - 计算 recall ing...
12/21/2023 13:55:49 - INFO - utils.common - result = {'f1score': 0.3971398537142738, 'acc': 0.4607, 'precision': 0.5392740215023966, 'recall': 0.44124431949320714}
12/21/2023 13:55:49 - INFO - __main__ - Epoch:6, Val Accuracy:0.4607, f1:0.3971398537142738

12/21/2023 13:55:49 - INFO - __main__ - lr:0.0001963663688163546
12/21/2023 13:55:49 - INFO - __main__ - ==========Epoch:7==========
Save best weights
12/21/2023 13:56:15 - INFO - utils.common - 计算 f1 score ing...
12/21/2023 13:56:15 - INFO - utils.common - F1score = 0.38207143030099877
12/21/2023 13:56:15 - INFO - utils.common - 计算 accuracy ing...
12/21/2023 13:56:15 - INFO - utils.common - acc = 0.459625
12/21/2023 13:56:15 - INFO - utils.common - 计算 precision ing...
12/21/2023 13:56:15 - INFO - utils.common - precision = 0.41602831529275464
12/21/2023 13:56:15 - INFO - utils.common - 计算 recall ing...
12/21/2023 13:56:15 - INFO - utils.common - result = {'f1score': 0.38207143030099877, 'acc': 0.459625, 'precision': 0.41602831529275464, 'recall': 0.4383043951463641}
12/21/2023 13:56:15 - INFO - __main__ - Epoch:7, Train Accuracy:0.459625, f1:0.38207143030099877

Epoch: [7][0/63]	
12/21/2023 13:56:37 - INFO - utils.common - 计算 f1 score ing...
12/21/2023 13:56:37 - INFO - utils.common - F1score = 0.42883812772600755
12/21/2023 13:56:37 - INFO - utils.common - 计算 accuracy ing...
12/21/2023 13:56:37 - INFO - utils.common - acc = 0.4896
12/21/2023 13:56:37 - INFO - utils.common - 计算 precision ing...
12/21/2023 13:56:37 - INFO - utils.common - precision = 0.5714787462533626
12/21/2023 13:56:37 - INFO - utils.common - 计算 recall ing...
12/21/2023 13:56:37 - INFO - utils.common - result = {'f1score': 0.42883812772600755, 'acc': 0.4896, 'precision': 0.5714787462533626, 'recall': 0.47170069138847714}
12/21/2023 13:56:37 - INFO - __main__ - Epoch:7, Val Accuracy:0.4896, f1:0.42883812772600755

12/21/2023 13:56:37 - INFO - __main__ - lr:0.0001036736311836454
12/21/2023 13:56:37 - INFO - __main__ - ==========Epoch:8==========
Save best weights
12/21/2023 13:57:05 - INFO - utils.common - 计算 f1 score ing...
12/21/2023 13:57:05 - INFO - utils.common - F1score = 0.3936740940488254
12/21/2023 13:57:05 - INFO - utils.common - 计算 accuracy ing...
12/21/2023 13:57:05 - INFO - utils.common - acc = 0.465375
12/21/2023 13:57:05 - INFO - utils.common - 计算 precision ing...
12/21/2023 13:57:05 - INFO - utils.common - precision = 0.4429565524306452
12/21/2023 13:57:05 - INFO - utils.common - 计算 recall ing...
12/21/2023 13:57:05 - INFO - utils.common - result = {'f1score': 0.3936740940488254, 'acc': 0.465375, 'precision': 0.4429565524306452, 'recall': 0.44551776720488756}
12/21/2023 13:57:05 - INFO - __main__ - Epoch:8, Train Accuracy:0.465375, f1:0.3936740940488254

Epoch: [8][0/63]	
12/21/2023 13:57:28 - INFO - utils.common - 计算 f1 score ing...
12/21/2023 13:57:28 - INFO - utils.common - F1score = 0.42808614793310523
12/21/2023 13:57:28 - INFO - utils.common - 计算 accuracy ing...
12/21/2023 13:57:28 - INFO - utils.common - acc = 0.4876
12/21/2023 13:57:28 - INFO - utils.common - 计算 precision ing...
12/21/2023 13:57:28 - INFO - utils.common - precision = 0.5745700858620075
12/21/2023 13:57:28 - INFO - utils.common - 计算 recall ing...
12/21/2023 13:57:28 - INFO - utils.common - result = {'f1score': 0.42808614793310523, 'acc': 0.4876, 'precision': 0.5745700858620075, 'recall': 0.4713516595233864}
12/21/2023 13:57:28 - INFO - __main__ - Epoch:8, Val Accuracy:0.4876, f1:0.42808614793310523

12/21/2023 13:57:28 - INFO - __main__ - lr:2.8683631183645395e-05
12/21/2023 13:57:28 - INFO - __main__ - ==========Epoch:9==========
early_st 4
12/21/2023 13:57:55 - INFO - utils.common - 计算 f1 score ing...
12/21/2023 13:57:55 - INFO - utils.common - F1score = 0.408765157632099
12/21/2023 13:57:55 - INFO - utils.common - 计算 accuracy ing...
12/21/2023 13:57:55 - INFO - utils.common - acc = 0.478375
12/21/2023 13:57:55 - INFO - utils.common - 计算 precision ing...
12/21/2023 13:57:55 - INFO - utils.common - precision = 0.4974704346401426
12/21/2023 13:57:55 - INFO - utils.common - 计算 recall ing...
12/21/2023 13:57:55 - INFO - utils.common - result = {'f1score': 0.408765157632099, 'acc': 0.478375, 'precision': 0.4974704346401426, 'recall': 0.4586984959360057}
12/21/2023 13:57:55 - INFO - __main__ - Epoch:9, Train Accuracy:0.478375, f1:0.408765157632099

Epoch: [9][0/63]	
12/21/2023 13:58:17 - INFO - utils.common - 计算 f1 score ing...
12/21/2023 13:58:17 - INFO - utils.common - F1score = 0.4427930753105193
12/21/2023 13:58:17 - INFO - utils.common - 计算 accuracy ing...
12/21/2023 13:58:17 - INFO - utils.common - acc = 0.50255
12/21/2023 13:58:17 - INFO - utils.common - 计算 precision ing...
12/21/2023 13:58:17 - INFO - utils.common - precision = 0.5783303702985801
12/21/2023 13:58:17 - INFO - utils.common - 计算 recall ing...
12/21/2023 13:58:17 - INFO - utils.common - result = {'f1score': 0.4427930753105193, 'acc': 0.50255, 'precision': 0.5783303702985801, 'recall': 0.4847121939104863}
12/21/2023 13:58:17 - INFO - __main__ - Epoch:9, Val Accuracy:0.50255, f1:0.4427930753105193

12/21/2023 13:58:17 - INFO - __main__ - lr:0.0003
12/21/2023 13:58:17 - INFO - __main__ - ==========Epoch:10==========
Save best weights
12/21/2023 13:58:46 - INFO - utils.common - 计算 f1 score ing...
12/21/2023 13:58:46 - INFO - utils.common - F1score = 0.4120187712998302
12/21/2023 13:58:46 - INFO - utils.common - 计算 accuracy ing...
12/21/2023 13:58:46 - INFO - utils.common - acc = 0.478625
12/21/2023 13:58:46 - INFO - utils.common - 计算 precision ing...
12/21/2023 13:58:46 - INFO - utils.common - precision = 0.46605361660023803
12/21/2023 13:58:46 - INFO - utils.common - 计算 recall ing...
12/21/2023 13:58:46 - INFO - utils.common - result = {'f1score': 0.4120187712998302, 'acc': 0.478625, 'precision': 0.46605361660023803, 'recall': 0.4595345950847122}
12/21/2023 13:58:46 - INFO - __main__ - Epoch:10, Train Accuracy:0.478625, f1:0.4120187712998302

Epoch: [10][0/63]	
12/21/2023 13:59:08 - INFO - utils.common - 计算 f1 score ing...
12/21/2023 13:59:09 - INFO - utils.common - F1score = 0.42829034464069865
12/21/2023 13:59:09 - INFO - utils.common - 计算 accuracy ing...
12/21/2023 13:59:09 - INFO - utils.common - acc = 0.4685
12/21/2023 13:59:09 - INFO - utils.common - 计算 precision ing...
12/21/2023 13:59:09 - INFO - utils.common - precision = 0.5262128280297022
12/21/2023 13:59:09 - INFO - utils.common - 计算 recall ing...
12/21/2023 13:59:09 - INFO - utils.common - result = {'f1score': 0.42829034464069865, 'acc': 0.4685, 'precision': 0.5262128280297022, 'recall': 0.4588814919197424}
12/21/2023 13:59:09 - INFO - __main__ - Epoch:10, Val Accuracy:0.4685, f1:0.42829034464069865

12/21/2023 13:59:09 - INFO - __main__ - lr:0.00027135636881635457
12/21/2023 13:59:09 - INFO - __main__ - ==========Epoch:11==========
early_st 4
12/21/2023 13:59:36 - INFO - utils.common - 计算 f1 score ing...
12/21/2023 13:59:36 - INFO - utils.common - F1score = 0.42828976585507467
12/21/2023 13:59:36 - INFO - utils.common - 计算 accuracy ing...
12/21/2023 13:59:36 - INFO - utils.common - acc = 0.49175
12/21/2023 13:59:36 - INFO - utils.common - 计算 precision ing...
12/21/2023 13:59:36 - INFO - utils.common - precision = 0.46161040527136443
12/21/2023 13:59:36 - INFO - utils.common - 计算 recall ing...
12/21/2023 13:59:36 - INFO - utils.common - result = {'f1score': 0.42828976585507467, 'acc': 0.49175, 'precision': 0.46161040527136443, 'recall': 0.4735124334500389}
12/21/2023 13:59:36 - INFO - __main__ - Epoch:11, Train Accuracy:0.49175, f1:0.42828976585507467

Epoch: [11][0/63]	
12/21/2023 13:59:58 - INFO - utils.common - 计算 f1 score ing...
12/21/2023 13:59:58 - INFO - utils.common - F1score = 0.4595471163051188
12/21/2023 13:59:58 - INFO - utils.common - 计算 accuracy ing...
12/21/2023 13:59:58 - INFO - utils.common - acc = 0.511
12/21/2023 13:59:58 - INFO - utils.common - 计算 precision ing...
12/21/2023 13:59:58 - INFO - utils.common - precision = 0.5737918996058777
12/21/2023 13:59:58 - INFO - utils.common - 计算 recall ing...
12/21/2023 13:59:58 - INFO - utils.common - result = {'f1score': 0.4595471163051188, 'acc': 0.511, 'precision': 0.5737918996058777, 'recall': 0.49938496250384495}
12/21/2023 13:59:58 - INFO - __main__ - Epoch:11, Val Accuracy:0.511, f1:0.4595471163051188

12/21/2023 13:59:58 - INFO - __main__ - lr:0.0001963663688163546
12/21/2023 13:59:58 - INFO - __main__ - ==========Epoch:12==========
Save best weights
12/21/2023 14:00:25 - INFO - utils.common - 计算 f1 score ing...
12/21/2023 14:00:25 - INFO - utils.common - F1score = 0.44095030651441464
12/21/2023 14:00:25 - INFO - utils.common - 计算 accuracy ing...
12/21/2023 14:00:25 - INFO - utils.common - acc = 0.498625
12/21/2023 14:00:25 - INFO - utils.common - 计算 precision ing...
12/21/2023 14:00:25 - INFO - utils.common - precision = 0.5042596313768367
12/21/2023 14:00:25 - INFO - utils.common - 计算 recall ing...
12/21/2023 14:00:25 - INFO - utils.common - result = {'f1score': 0.44095030651441464, 'acc': 0.498625, 'precision': 0.5042596313768367, 'recall': 0.48209217273770183}
12/21/2023 14:00:25 - INFO - __main__ - Epoch:12, Train Accuracy:0.498625, f1:0.44095030651441464

Epoch: [12][0/63]	
12/21/2023 14:00:49 - INFO - utils.common - 计算 f1 score ing...
12/21/2023 14:00:49 - INFO - utils.common - F1score = 0.5250905646185225
12/21/2023 14:00:49 - INFO - utils.common - 计算 accuracy ing...
12/21/2023 14:00:49 - INFO - utils.common - acc = 0.57295
12/21/2023 14:00:49 - INFO - utils.common - 计算 precision ing...
12/21/2023 14:00:49 - INFO - utils.common - precision = 0.6099056196467486
12/21/2023 14:00:49 - INFO - utils.common - 计算 recall ing...
12/21/2023 14:00:49 - INFO - utils.common - result = {'f1score': 0.5250905646185225, 'acc': 0.57295, 'precision': 0.6099056196467486, 'recall': 0.5545838258032452}
12/21/2023 14:00:49 - INFO - __main__ - Epoch:12, Val Accuracy:0.57295, f1:0.5250905646185225

12/21/2023 14:00:49 - INFO - __main__ - lr:0.0001036736311836454
12/21/2023 14:00:49 - INFO - __main__ - ==========Epoch:13==========
Save best weights
12/21/2023 14:01:17 - INFO - utils.common - 计算 f1 score ing...
12/21/2023 14:01:17 - INFO - utils.common - F1score = 0.46092277308118823
12/21/2023 14:01:17 - INFO - utils.common - 计算 accuracy ing...
12/21/2023 14:01:17 - INFO - utils.common - acc = 0.517
12/21/2023 14:01:17 - INFO - utils.common - 计算 precision ing...
12/21/2023 14:01:17 - INFO - utils.common - precision = 0.5328704080450101
12/21/2023 14:01:17 - INFO - utils.common - 计算 recall ing...
12/21/2023 14:01:17 - INFO - utils.common - result = {'f1score': 0.46092277308118823, 'acc': 0.517, 'precision': 0.5328704080450101, 'recall': 0.4993684297623742}
12/21/2023 14:01:17 - INFO - __main__ - Epoch:13, Train Accuracy:0.517, f1:0.46092277308118823

Epoch: [13][0/63]	
12/21/2023 14:01:39 - INFO - utils.common - 计算 f1 score ing...
12/21/2023 14:01:39 - INFO - utils.common - F1score = 0.4964661218440948
12/21/2023 14:01:39 - INFO - utils.common - 计算 accuracy ing...
12/21/2023 14:01:39 - INFO - utils.common - acc = 0.5486
12/21/2023 14:01:39 - INFO - utils.common - 计算 precision ing...
12/21/2023 14:01:39 - INFO - utils.common - precision = 0.5816350227647278
12/21/2023 14:01:39 - INFO - utils.common - 计算 recall ing...
12/21/2023 14:01:39 - INFO - utils.common - result = {'f1score': 0.4964661218440948, 'acc': 0.5486, 'precision': 0.5816350227647278, 'recall': 0.5311055106435129}
12/21/2023 14:01:39 - INFO - __main__ - Epoch:13, Val Accuracy:0.5486, f1:0.4964661218440948

12/21/2023 14:01:39 - INFO - __main__ - lr:2.8683631183645395e-05
12/21/2023 14:01:39 - INFO - __main__ - ==========Epoch:14==========
early_st 4
12/21/2023 14:02:06 - INFO - utils.common - 计算 f1 score ing...
12/21/2023 14:02:06 - INFO - utils.common - F1score = 0.45044166987381895
12/21/2023 14:02:06 - INFO - utils.common - 计算 accuracy ing...
12/21/2023 14:02:06 - INFO - utils.common - acc = 0.5055
12/21/2023 14:02:06 - INFO - utils.common - 计算 precision ing...
12/21/2023 14:02:06 - INFO - utils.common - precision = 0.47989203043673434
12/21/2023 14:02:06 - INFO - utils.common - 计算 recall ing...
12/21/2023 14:02:06 - INFO - utils.common - result = {'f1score': 0.45044166987381895, 'acc': 0.5055, 'precision': 0.47989203043673434, 'recall': 0.49026493146441397}
12/21/2023 14:02:06 - INFO - __main__ - Epoch:14, Train Accuracy:0.5055, f1:0.45044166987381895

Epoch: [14][0/63]	
12/21/2023 14:02:28 - INFO - utils.common - 计算 f1 score ing...
12/21/2023 14:02:28 - INFO - utils.common - F1score = 0.5353975300318231
12/21/2023 14:02:28 - INFO - utils.common - 计算 accuracy ing...
12/21/2023 14:02:28 - INFO - utils.common - acc = 0.57405
12/21/2023 14:02:28 - INFO - utils.common - 计算 precision ing...
12/21/2023 14:02:28 - INFO - utils.common - precision = 0.6229380555366635
12/21/2023 14:02:28 - INFO - utils.common - 计算 recall ing...
12/21/2023 14:02:28 - INFO - utils.common - result = {'f1score': 0.5353975300318231, 'acc': 0.57405, 'precision': 0.6229380555366635, 'recall': 0.5579628021337542}
12/21/2023 14:02:28 - INFO - __main__ - Epoch:14, Val Accuracy:0.57405, f1:0.5353975300318231

12/21/2023 14:02:28 - INFO - __main__ - lr:0.0003
12/21/2023 14:02:28 - INFO - __main__ - ==========Epoch:15==========
Save best weights
12/21/2023 14:02:55 - INFO - utils.common - 计算 f1 score ing...
12/21/2023 14:02:55 - INFO - utils.common - F1score = 0.461766243315773
12/21/2023 14:02:55 - INFO - utils.common - 计算 accuracy ing...
12/21/2023 14:02:55 - INFO - utils.common - acc = 0.510375
12/21/2023 14:02:55 - INFO - utils.common - 计算 precision ing...
12/21/2023 14:02:55 - INFO - utils.common - precision = 0.506478654674014
12/21/2023 14:02:55 - INFO - utils.common - 计算 recall ing...
12/21/2023 14:02:55 - INFO - utils.common - result = {'f1score': 0.461766243315773, 'acc': 0.510375, 'precision': 0.506478654674014, 'recall': 0.49437409491507656}
12/21/2023 14:02:55 - INFO - __main__ - Epoch:15, Train Accuracy:0.510375, f1:0.461766243315773

Epoch: [15][0/63]	
12/21/2023 14:03:17 - INFO - utils.common - 计算 f1 score ing...
12/21/2023 14:03:17 - INFO - utils.common - F1score = 0.5294039034705875
12/21/2023 14:03:17 - INFO - utils.common - 计算 accuracy ing...
12/21/2023 14:03:17 - INFO - utils.common - acc = 0.56585
12/21/2023 14:03:17 - INFO - utils.common - 计算 precision ing...
12/21/2023 14:03:17 - INFO - utils.common - precision = 0.6288481014334341
12/21/2023 14:03:17 - INFO - utils.common - 计算 recall ing...
12/21/2023 14:03:17 - INFO - utils.common - result = {'f1score': 0.5294039034705875, 'acc': 0.56585, 'precision': 0.6288481014334341, 'recall': 0.5563510742008159}
12/21/2023 14:03:17 - INFO - __main__ - Epoch:15, Val Accuracy:0.56585, f1:0.5294039034705875

12/21/2023 14:03:17 - INFO - __main__ - lr:0.00027135636881635457
12/21/2023 14:03:17 - INFO - __main__ - ==========Epoch:16==========
early_st 4
12/21/2023 14:03:43 - INFO - utils.common - 计算 f1 score ing...
12/21/2023 14:03:44 - INFO - utils.common - F1score = 0.4807579012664134
12/21/2023 14:03:44 - INFO - utils.common - 计算 accuracy ing...
12/21/2023 14:03:44 - INFO - utils.common - acc = 0.526625
12/21/2023 14:03:44 - INFO - utils.common - 计算 precision ing...
12/21/2023 14:03:44 - INFO - utils.common - precision = 0.5137129357002235
12/21/2023 14:03:44 - INFO - utils.common - 计算 recall ing...
12/21/2023 14:03:44 - INFO - utils.common - result = {'f1score': 0.4807579012664134, 'acc': 0.526625, 'precision': 0.5137129357002235, 'recall': 0.5128484480235415}
12/21/2023 14:03:44 - INFO - __main__ - Epoch:16, Train Accuracy:0.526625, f1:0.4807579012664134

Epoch: [16][0/63]	
12/21/2023 14:04:06 - INFO - utils.common - 计算 f1 score ing...
12/21/2023 14:04:06 - INFO - utils.common - F1score = 0.48434385383412093
12/21/2023 14:04:06 - INFO - utils.common - 计算 accuracy ing...
12/21/2023 14:04:06 - INFO - utils.common - acc = 0.5197
12/21/2023 14:04:06 - INFO - utils.common - 计算 precision ing...
12/21/2023 14:04:06 - INFO - utils.common - precision = 0.5838010706900931
12/21/2023 14:04:06 - INFO - utils.common - 计算 recall ing...
12/21/2023 14:04:06 - INFO - utils.common - result = {'f1score': 0.48434385383412093, 'acc': 0.5197, 'precision': 0.5838010706900931, 'recall': 0.5073635707856159}
12/21/2023 14:04:06 - INFO - __main__ - Epoch:16, Val Accuracy:0.5197, f1:0.48434385383412093

12/21/2023 14:04:06 - INFO - __main__ - lr:0.0001963663688163546
12/21/2023 14:04:06 - INFO - __main__ - ==========Epoch:17==========
early_st 3
12/21/2023 14:04:32 - INFO - utils.common - 计算 f1 score ing...
12/21/2023 14:04:32 - INFO - utils.common - F1score = 0.4908866978605141
12/21/2023 14:04:32 - INFO - utils.common - 计算 accuracy ing...
12/21/2023 14:04:32 - INFO - utils.common - acc = 0.533375
12/21/2023 14:04:32 - INFO - utils.common - 计算 precision ing...
12/21/2023 14:04:32 - INFO - utils.common - precision = 0.5293329217681678
12/21/2023 14:04:32 - INFO - utils.common - 计算 recall ing...
12/21/2023 14:04:32 - INFO - utils.common - result = {'f1score': 0.4908866978605141, 'acc': 0.533375, 'precision': 0.5293329217681678, 'recall': 0.5197206181271207}
12/21/2023 14:04:32 - INFO - __main__ - Epoch:17, Train Accuracy:0.533375, f1:0.4908866978605141

Epoch: [17][0/63]	
12/21/2023 14:04:55 - INFO - utils.common - 计算 f1 score ing...
12/21/2023 14:04:55 - INFO - utils.common - F1score = 0.573537074736393
12/21/2023 14:04:55 - INFO - utils.common - 计算 accuracy ing...
12/21/2023 14:04:55 - INFO - utils.common - acc = 0.60345
12/21/2023 14:04:55 - INFO - utils.common - 计算 precision ing...
12/21/2023 14:04:55 - INFO - utils.common - precision = 0.6234739020524612
12/21/2023 14:04:55 - INFO - utils.common - 计算 recall ing...
12/21/2023 14:04:55 - INFO - utils.common - result = {'f1score': 0.573537074736393, 'acc': 0.60345, 'precision': 0.6234739020524612, 'recall': 0.5892862982374596}
12/21/2023 14:04:55 - INFO - __main__ - Epoch:17, Val Accuracy:0.60345, f1:0.573537074736393

12/21/2023 14:04:55 - INFO - __main__ - lr:0.0001036736311836454
12/21/2023 14:04:55 - INFO - __main__ - ==========Epoch:18==========
Save best weights
12/21/2023 14:05:21 - INFO - utils.common - 计算 f1 score ing...
12/21/2023 14:05:21 - INFO - utils.common - F1score = 0.4909573045226996
12/21/2023 14:05:21 - INFO - utils.common - 计算 accuracy ing...
12/21/2023 14:05:21 - INFO - utils.common - acc = 0.53175
12/21/2023 14:05:21 - INFO - utils.common - 计算 precision ing...
12/21/2023 14:05:21 - INFO - utils.common - precision = 0.5256783427683137
12/21/2023 14:05:21 - INFO - utils.common - 计算 recall ing...
12/21/2023 14:05:21 - INFO - utils.common - result = {'f1score': 0.4909573045226996, 'acc': 0.53175, 'precision': 0.5256783427683137, 'recall': 0.5192320092307338}
12/21/2023 14:05:21 - INFO - __main__ - Epoch:18, Train Accuracy:0.53175, f1:0.4909573045226996

Epoch: [18][0/63]	
12/21/2023 14:05:43 - INFO - utils.common - 计算 f1 score ing...
12/21/2023 14:05:43 - INFO - utils.common - F1score = 0.5788516753767965
12/21/2023 14:05:43 - INFO - utils.common - 计算 accuracy ing...
12/21/2023 14:05:44 - INFO - utils.common - acc = 0.60935
12/21/2023 14:05:44 - INFO - utils.common - 计算 precision ing...
12/21/2023 14:05:44 - INFO - utils.common - precision = 0.6382595642306659
12/21/2023 14:05:44 - INFO - utils.common - 计算 recall ing...
12/21/2023 14:05:44 - INFO - utils.common - result = {'f1score': 0.5788516753767965, 'acc': 0.60935, 'precision': 0.6382595642306659, 'recall': 0.595405014204709}
12/21/2023 14:05:44 - INFO - __main__ - Epoch:18, Val Accuracy:0.60935, f1:0.5788516753767965

12/21/2023 14:05:44 - INFO - __main__ - lr:2.8683631183645395e-05
12/21/2023 14:05:44 - INFO - __main__ - ==========Epoch:19==========
Save best weights
12/21/2023 14:06:09 - INFO - utils.common - 计算 f1 score ing...
12/21/2023 14:06:09 - INFO - utils.common - F1score = 0.49744283440500514
12/21/2023 14:06:09 - INFO - utils.common - 计算 accuracy ing...
12/21/2023 14:06:09 - INFO - utils.common - acc = 0.537875
12/21/2023 14:06:09 - INFO - utils.common - 计算 precision ing...
12/21/2023 14:06:09 - INFO - utils.common - precision = 0.5328306333364166
12/21/2023 14:06:09 - INFO - utils.common - 计算 recall ing...
12/21/2023 14:06:10 - INFO - utils.common - result = {'f1score': 0.49744283440500514, 'acc': 0.537875, 'precision': 0.5328306333364166, 'recall': 0.5257109889390048}
12/21/2023 14:06:10 - INFO - __main__ - Epoch:19, Train Accuracy:0.537875, f1:0.49744283440500514

Epoch: [19][0/63]	
12/21/2023 14:06:34 - INFO - utils.common - 计算 f1 score ing...
12/21/2023 14:06:34 - INFO - utils.common - F1score = 0.55930072050186
12/21/2023 14:06:34 - INFO - utils.common - 计算 accuracy ing...
12/21/2023 14:06:34 - INFO - utils.common - acc = 0.5915
12/21/2023 14:06:34 - INFO - utils.common - 计算 precision ing...
12/21/2023 14:06:34 - INFO - utils.common - precision = 0.629817205059116
12/21/2023 14:06:34 - INFO - utils.common - 计算 recall ing...
12/21/2023 14:06:34 - INFO - utils.common - result = {'f1score': 0.55930072050186, 'acc': 0.5915, 'precision': 0.629817205059116, 'recall': 0.5775578711609454}
12/21/2023 14:06:34 - INFO - __main__ - Epoch:19, Val Accuracy:0.5915, f1:0.55930072050186

12/21/2023 14:06:34 - INFO - __main__ - lr:0.0003
12/21/2023 14:06:34 - INFO - __main__ - ==========Epoch:20==========
early_st 4
12/21/2023 14:06:59 - INFO - utils.common - 计算 f1 score ing...
12/21/2023 14:06:59 - INFO - utils.common - F1score = 0.4890748154904595
12/21/2023 14:06:59 - INFO - utils.common - 计算 accuracy ing...
12/21/2023 14:06:59 - INFO - utils.common - acc = 0.53225
12/21/2023 14:06:59 - INFO - utils.common - 计算 precision ing...
12/21/2023 14:06:59 - INFO - utils.common - precision = 0.5104204641824652
12/21/2023 14:06:59 - INFO - utils.common - 计算 recall ing...
12/21/2023 14:06:59 - INFO - utils.common - result = {'f1score': 0.4890748154904595, 'acc': 0.53225, 'precision': 0.5104204641824652, 'recall': 0.5195021278111753}
12/21/2023 14:06:59 - INFO - __main__ - Epoch:20, Train Accuracy:0.53225, f1:0.4890748154904595

Epoch: [20][0/63]	
12/21/2023 14:07:23 - INFO - utils.common - 计算 f1 score ing...
12/21/2023 14:07:23 - INFO - utils.common - F1score = 0.5498573171812671
12/21/2023 14:07:23 - INFO - utils.common - 计算 accuracy ing...
12/21/2023 14:07:23 - INFO - utils.common - acc = 0.58005
12/21/2023 14:07:23 - INFO - utils.common - 计算 precision ing...
12/21/2023 14:07:23 - INFO - utils.common - precision = 0.6124428601543215
12/21/2023 14:07:23 - INFO - utils.common - 计算 recall ing...
12/21/2023 14:07:24 - INFO - utils.common - result = {'f1score': 0.5498573171812671, 'acc': 0.58005, 'precision': 0.6124428601543215, 'recall': 0.5692042902244314}
12/21/2023 14:07:24 - INFO - __main__ - Epoch:20, Val Accuracy:0.58005, f1:0.5498573171812671

12/21/2023 14:07:24 - INFO - __main__ - lr:0.00027135636881635457
12/21/2023 14:07:24 - INFO - __main__ - ==========Epoch:21==========
early_st 3
12/21/2023 14:07:50 - INFO - utils.common - 计算 f1 score ing...
12/21/2023 14:07:50 - INFO - utils.common - F1score = 0.5056670231687255
12/21/2023 14:07:50 - INFO - utils.common - 计算 accuracy ing...
12/21/2023 14:07:50 - INFO - utils.common - acc = 0.54225
12/21/2023 14:07:50 - INFO - utils.common - 计算 precision ing...
12/21/2023 14:07:50 - INFO - utils.common - precision = 0.5421928770278216
12/21/2023 14:07:50 - INFO - utils.common - 计算 recall ing...
12/21/2023 14:07:50 - INFO - utils.common - result = {'f1score': 0.5056670231687255, 'acc': 0.54225, 'precision': 0.5421928770278216, 'recall': 0.529845355930767}
12/21/2023 14:07:50 - INFO - __main__ - Epoch:21, Train Accuracy:0.54225, f1:0.5056670231687255

Epoch: [21][0/63]	
12/21/2023 14:08:15 - INFO - utils.common - 计算 f1 score ing...
12/21/2023 14:08:15 - INFO - utils.common - F1score = 0.5934621736287319
12/21/2023 14:08:15 - INFO - utils.common - 计算 accuracy ing...
12/21/2023 14:08:15 - INFO - utils.common - acc = 0.61435
12/21/2023 14:08:15 - INFO - utils.common - 计算 precision ing...
12/21/2023 14:08:15 - INFO - utils.common - precision = 0.6385943204492962
12/21/2023 14:08:15 - INFO - utils.common - 计算 recall ing...
12/21/2023 14:08:15 - INFO - utils.common - result = {'f1score': 0.5934621736287319, 'acc': 0.61435, 'precision': 0.6385943204492962, 'recall': 0.6056566302321268}
12/21/2023 14:08:15 - INFO - __main__ - Epoch:21, Val Accuracy:0.61435, f1:0.5934621736287319

12/21/2023 14:08:15 - INFO - __main__ - lr:0.0001963663688163546
12/21/2023 14:08:15 - INFO - __main__ - ==========Epoch:22==========
Save best weights
12/21/2023 14:08:41 - INFO - utils.common - 计算 f1 score ing...
12/21/2023 14:08:41 - INFO - utils.common - F1score = 0.5129940512324357
12/21/2023 14:08:41 - INFO - utils.common - 计算 accuracy ing...
12/21/2023 14:08:41 - INFO - utils.common - acc = 0.5485
12/21/2023 14:08:41 - INFO - utils.common - 计算 precision ing...
12/21/2023 14:08:41 - INFO - utils.common - precision = 0.5342661471028362
12/21/2023 14:08:41 - INFO - utils.common - 计算 recall ing...
12/21/2023 14:08:41 - INFO - utils.common - result = {'f1score': 0.5129940512324357, 'acc': 0.5485, 'precision': 0.5342661471028362, 'recall': 0.5369788875165958}
12/21/2023 14:08:41 - INFO - __main__ - Epoch:22, Train Accuracy:0.5485, f1:0.5129940512324357

Epoch: [22][0/63]	
12/21/2023 14:09:04 - INFO - utils.common - 计算 f1 score ing...
12/21/2023 14:09:04 - INFO - utils.common - F1score = 0.5856854149456736
12/21/2023 14:09:04 - INFO - utils.common - 计算 accuracy ing...
12/21/2023 14:09:04 - INFO - utils.common - acc = 0.61555
12/21/2023 14:09:04 - INFO - utils.common - 计算 precision ing...
12/21/2023 14:09:04 - INFO - utils.common - precision = 0.6510331970947307
12/21/2023 14:09:04 - INFO - utils.common - 计算 recall ing...
12/21/2023 14:09:04 - INFO - utils.common - result = {'f1score': 0.5856854149456736, 'acc': 0.61555, 'precision': 0.6510331970947307, 'recall': 0.6030108832844627}
12/21/2023 14:09:04 - INFO - __main__ - Epoch:22, Val Accuracy:0.61555, f1:0.5856854149456736

12/21/2023 14:09:04 - INFO - __main__ - lr:0.0001036736311836454
12/21/2023 14:09:04 - INFO - __main__ - ==========Epoch:23==========
Save best weights
12/21/2023 14:09:30 - INFO - utils.common - 计算 f1 score ing...
12/21/2023 14:09:30 - INFO - utils.common - F1score = 0.5136447100244457
12/21/2023 14:09:30 - INFO - utils.common - 计算 accuracy ing...
12/21/2023 14:09:30 - INFO - utils.common - acc = 0.554375
12/21/2023 14:09:30 - INFO - utils.common - 计算 precision ing...
12/21/2023 14:09:30 - INFO - utils.common - precision = 0.5448944962021502
12/21/2023 14:09:30 - INFO - utils.common - 计算 recall ing...
12/21/2023 14:09:30 - INFO - utils.common - result = {'f1score': 0.5136447100244457, 'acc': 0.554375, 'precision': 0.5448944962021502, 'recall': 0.5408472621836462}
12/21/2023 14:09:30 - INFO - __main__ - Epoch:23, Train Accuracy:0.554375, f1:0.5136447100244457

Epoch: [23][0/63]	
12/21/2023 14:09:52 - INFO - utils.common - 计算 f1 score ing...
12/21/2023 14:09:52 - INFO - utils.common - F1score = 0.5927060938950959
12/21/2023 14:09:52 - INFO - utils.common - 计算 accuracy ing...
12/21/2023 14:09:52 - INFO - utils.common - acc = 0.60885
12/21/2023 14:09:52 - INFO - utils.common - 计算 precision ing...
12/21/2023 14:09:52 - INFO - utils.common - precision = 0.6368352246464059
12/21/2023 14:09:52 - INFO - utils.common - 计算 recall ing...
12/21/2023 14:09:52 - INFO - utils.common - result = {'f1score': 0.5927060938950959, 'acc': 0.60885, 'precision': 0.6368352246464059, 'recall': 0.6017795300114606}
12/21/2023 14:09:52 - INFO - __main__ - Epoch:23, Val Accuracy:0.60885, f1:0.5927060938950959

12/21/2023 14:09:52 - INFO - __main__ - lr:2.8683631183645395e-05
12/21/2023 14:09:52 - INFO - __main__ - ==========Epoch:24==========
early_st 4
12/21/2023 14:10:17 - INFO - utils.common - 计算 f1 score ing...
12/21/2023 14:10:17 - INFO - utils.common - F1score = 0.5258073801115972
12/21/2023 14:10:17 - INFO - utils.common - 计算 accuracy ing...
12/21/2023 14:10:18 - INFO - utils.common - acc = 0.564
12/21/2023 14:10:18 - INFO - utils.common - 计算 precision ing...
12/21/2023 14:10:18 - INFO - utils.common - precision = 0.5560753395320572
12/21/2023 14:10:18 - INFO - utils.common - 计算 recall ing...
12/21/2023 14:10:18 - INFO - utils.common - result = {'f1score': 0.5258073801115972, 'acc': 0.564, 'precision': 0.5560753395320572, 'recall': 0.5500519590576454}
12/21/2023 14:10:18 - INFO - __main__ - Epoch:24, Train Accuracy:0.564, f1:0.5258073801115972

Epoch: [24][0/63]	
12/21/2023 14:10:40 - INFO - utils.common - 计算 f1 score ing...
12/21/2023 14:10:40 - INFO - utils.common - F1score = 0.5929521760812952
12/21/2023 14:10:40 - INFO - utils.common - 计算 accuracy ing...
12/21/2023 14:10:40 - INFO - utils.common - acc = 0.6191
12/21/2023 14:10:40 - INFO - utils.common - 计算 precision ing...
12/21/2023 14:10:40 - INFO - utils.common - precision = 0.6454886842177653
12/21/2023 14:10:40 - INFO - utils.common - 计算 recall ing...
12/21/2023 14:10:40 - INFO - utils.common - result = {'f1score': 0.5929521760812952, 'acc': 0.6191, 'precision': 0.6454886842177653, 'recall': 0.6089081196411112}
12/21/2023 14:10:40 - INFO - __main__ - Epoch:24, Val Accuracy:0.6191, f1:0.5929521760812952

12/21/2023 14:10:40 - INFO - __main__ - lr:0.0003
12/21/2023 14:10:40 - INFO - __main__ - ==========Epoch:25==========
Save best weights
12/21/2023 14:11:06 - INFO - utils.common - 计算 f1 score ing...
12/21/2023 14:11:06 - INFO - utils.common - F1score = 0.5203381573970657
12/21/2023 14:11:06 - INFO - utils.common - 计算 accuracy ing...
12/21/2023 14:11:06 - INFO - utils.common - acc = 0.55575
12/21/2023 14:11:06 - INFO - utils.common - 计算 precision ing...
12/21/2023 14:11:06 - INFO - utils.common - precision = 0.5419710361930528
12/21/2023 14:11:06 - INFO - utils.common - 计算 recall ing...
12/21/2023 14:11:06 - INFO - utils.common - result = {'f1score': 0.5203381573970657, 'acc': 0.55575, 'precision': 0.5419710361930528, 'recall': 0.5444042839498122}
12/21/2023 14:11:06 - INFO - __main__ - Epoch:25, Train Accuracy:0.55575, f1:0.5203381573970657

Epoch: [25][0/63]	
12/21/2023 14:11:29 - INFO - utils.common - 计算 f1 score ing...
12/21/2023 14:11:29 - INFO - utils.common - F1score = 0.5696181569397105
12/21/2023 14:11:29 - INFO - utils.common - 计算 accuracy ing...
12/21/2023 14:11:29 - INFO - utils.common - acc = 0.597
12/21/2023 14:11:29 - INFO - utils.common - 计算 precision ing...
12/21/2023 14:11:29 - INFO - utils.common - precision = 0.6334987838146369
12/21/2023 14:11:29 - INFO - utils.common - 计算 recall ing...
12/21/2023 14:11:29 - INFO - utils.common - result = {'f1score': 0.5696181569397105, 'acc': 0.597, 'precision': 0.6334987838146369, 'recall': 0.5884159780345479}
12/21/2023 14:11:29 - INFO - __main__ - Epoch:25, Val Accuracy:0.597, f1:0.5696181569397105

12/21/2023 14:11:29 - INFO - __main__ - lr:0.00027135636881635457
12/21/2023 14:11:29 - INFO - __main__ - ==========Epoch:26==========
early_st 4
12/21/2023 14:11:56 - INFO - utils.common - 计算 f1 score ing...
12/21/2023 14:11:56 - INFO - utils.common - F1score = 0.5079198885519679
12/21/2023 14:11:56 - INFO - utils.common - 计算 accuracy ing...
12/21/2023 14:11:56 - INFO - utils.common - acc = 0.547125
12/21/2023 14:11:56 - INFO - utils.common - 计算 precision ing...
12/21/2023 14:11:56 - INFO - utils.common - precision = 0.5276848029900926
12/21/2023 14:11:56 - INFO - utils.common - 计算 recall ing...
12/21/2023 14:11:56 - INFO - utils.common - result = {'f1score': 0.5079198885519679, 'acc': 0.547125, 'precision': 0.5276848029900926, 'recall': 0.5343115297952299}
12/21/2023 14:11:56 - INFO - __main__ - Epoch:26, Train Accuracy:0.547125, f1:0.5079198885519679

Epoch: [26][0/63]	
12/21/2023 14:12:20 - INFO - utils.common - 计算 f1 score ing...
12/21/2023 14:12:20 - INFO - utils.common - F1score = 0.5710148174534564
12/21/2023 14:12:20 - INFO - utils.common - 计算 accuracy ing...
12/21/2023 14:12:20 - INFO - utils.common - acc = 0.58295
12/21/2023 14:12:20 - INFO - utils.common - 计算 precision ing...
12/21/2023 14:12:20 - INFO - utils.common - precision = 0.629578395854968
12/21/2023 14:12:20 - INFO - utils.common - 计算 recall ing...
12/21/2023 14:12:20 - INFO - utils.common - result = {'f1score': 0.5710148174534564, 'acc': 0.58295, 'precision': 0.629578395854968, 'recall': 0.5841656892006724}
12/21/2023 14:12:20 - INFO - __main__ - Epoch:26, Val Accuracy:0.58295, f1:0.5710148174534564

12/21/2023 14:12:20 - INFO - __main__ - lr:0.0001963663688163546
12/21/2023 14:12:20 - INFO - __main__ - ==========Epoch:27==========
early_st 3
12/21/2023 14:12:47 - INFO - utils.common - 计算 f1 score ing...
12/21/2023 14:12:47 - INFO - utils.common - F1score = 0.527540029839392
12/21/2023 14:12:47 - INFO - utils.common - 计算 accuracy ing...
12/21/2023 14:12:47 - INFO - utils.common - acc = 0.560875
12/21/2023 14:12:47 - INFO - utils.common - 计算 precision ing...
12/21/2023 14:12:47 - INFO - utils.common - precision = 0.5499945430780387
12/21/2023 14:12:47 - INFO - utils.common - 计算 recall ing...
12/21/2023 14:12:47 - INFO - utils.common - result = {'f1score': 0.527540029839392, 'acc': 0.560875, 'precision': 0.5499945430780387, 'recall': 0.5496133851963383}
12/21/2023 14:12:47 - INFO - __main__ - Epoch:27, Train Accuracy:0.560875, f1:0.527540029839392

Epoch: [27][0/63]	
12/21/2023 14:13:09 - INFO - utils.common - 计算 f1 score ing...
12/21/2023 14:13:10 - INFO - utils.common - F1score = 0.5153923151438047
12/21/2023 14:13:10 - INFO - utils.common - 计算 accuracy ing...
12/21/2023 14:13:10 - INFO - utils.common - acc = 0.53655
12/21/2023 14:13:10 - INFO - utils.common - 计算 precision ing...
12/21/2023 14:13:10 - INFO - utils.common - precision = 0.5981080477318941
12/21/2023 14:13:10 - INFO - utils.common - 计算 recall ing...
12/21/2023 14:13:10 - INFO - utils.common - result = {'f1score': 0.5153923151438047, 'acc': 0.53655, 'precision': 0.5981080477318941, 'recall': 0.5324461440649645}
12/21/2023 14:13:10 - INFO - __main__ - Epoch:27, Val Accuracy:0.53655, f1:0.5153923151438047

12/21/2023 14:13:10 - INFO - __main__ - lr:0.0001036736311836454
12/21/2023 14:13:10 - INFO - __main__ - ==========Epoch:28==========
early_st 2
12/21/2023 14:13:38 - INFO - utils.common - 计算 f1 score ing...
12/21/2023 14:13:38 - INFO - utils.common - F1score = 0.5397055669502606
12/21/2023 14:13:38 - INFO - utils.common - 计算 accuracy ing...
12/21/2023 14:13:38 - INFO - utils.common - acc = 0.57075
12/21/2023 14:13:38 - INFO - utils.common - 计算 precision ing...
12/21/2023 14:13:38 - INFO - utils.common - precision = 0.5702872059097008
12/21/2023 14:13:38 - INFO - utils.common - 计算 recall ing...
12/21/2023 14:13:38 - INFO - utils.common - result = {'f1score': 0.5397055669502606, 'acc': 0.57075, 'precision': 0.5702872059097008, 'recall': 0.5590618767067109}
12/21/2023 14:13:38 - INFO - __main__ - Epoch:28, Train Accuracy:0.57075, f1:0.5397055669502606

Epoch: [28][0/63]	
12/21/2023 14:14:00 - INFO - utils.common - 计算 f1 score ing...
12/21/2023 14:14:01 - INFO - utils.common - F1score = 0.5775413367943121
12/21/2023 14:14:01 - INFO - utils.common - 计算 accuracy ing...
12/21/2023 14:14:01 - INFO - utils.common - acc = 0.5999
12/21/2023 14:14:01 - INFO - utils.common - 计算 precision ing...
12/21/2023 14:14:01 - INFO - utils.common - precision = 0.6218086117612347
12/21/2023 14:14:01 - INFO - utils.common - 计算 recall ing...
12/21/2023 14:14:01 - INFO - utils.common - result = {'f1score': 0.5775413367943121, 'acc': 0.5999, 'precision': 0.6218086117612347, 'recall': 0.590558691938743}
12/21/2023 14:14:01 - INFO - __main__ - Epoch:28, Val Accuracy:0.5999, f1:0.5775413367943121

12/21/2023 14:14:01 - INFO - __main__ - lr:2.8683631183645395e-05
12/21/2023 14:14:01 - INFO - __main__ - ==========Epoch:29==========
early_st 1
12/21/2023 14:14:30 - INFO - utils.common - 计算 f1 score ing...
12/21/2023 14:14:30 - INFO - utils.common - F1score = 0.5467020716610802
12/21/2023 14:14:30 - INFO - utils.common - 计算 accuracy ing...
12/21/2023 14:14:30 - INFO - utils.common - acc = 0.578375
12/21/2023 14:14:30 - INFO - utils.common - 计算 precision ing...
12/21/2023 14:14:30 - INFO - utils.common - precision = 0.5658466323959084
12/21/2023 14:14:30 - INFO - utils.common - 计算 recall ing...
12/21/2023 14:14:30 - INFO - utils.common - result = {'f1score': 0.5467020716610802, 'acc': 0.578375, 'precision': 0.5658466323959084, 'recall': 0.5677680153830893}
12/21/2023 14:14:30 - INFO - __main__ - Epoch:29, Train Accuracy:0.578375, f1:0.5467020716610802

Epoch: [29][0/63]	
12/21/2023 14:14:47 - INFO - utils.common - 计算 f1 score ing...
12/21/2023 14:14:47 - INFO - utils.common - F1score = 0.6089331900097185
12/21/2023 14:14:47 - INFO - utils.common - 计算 accuracy ing...
12/21/2023 14:14:47 - INFO - utils.common - acc = 0.62805
12/21/2023 14:14:47 - INFO - utils.common - 计算 precision ing...
12/21/2023 14:14:48 - INFO - utils.common - precision = 0.6532550067580376
12/21/2023 14:14:48 - INFO - utils.common - 计算 recall ing...
12/21/2023 14:14:48 - INFO - utils.common - result = {'f1score': 0.6089331900097185, 'acc': 0.62805, 'precision': 0.6532550067580376, 'recall': 0.6205824748824164}
12/21/2023 14:14:48 - INFO - __main__ - Epoch:29, Val Accuracy:0.62805, f1:0.6089331900097185

12/21/2023 14:14:48 - INFO - __main__ - lr:0.0003
12/21/2023 14:14:48 - INFO - __main__ - ==========Epoch:30==========
Save best weights
12/21/2023 14:15:06 - INFO - utils.common - 计算 f1 score ing...
12/21/2023 14:15:06 - INFO - utils.common - F1score = 0.545840650558651
12/21/2023 14:15:06 - INFO - utils.common - 计算 accuracy ing...
12/21/2023 14:15:06 - INFO - utils.common - acc = 0.571875
12/21/2023 14:15:06 - INFO - utils.common - 计算 precision ing...
12/21/2023 14:15:06 - INFO - utils.common - precision = 0.5666078436572383
12/21/2023 14:15:06 - INFO - utils.common - 计算 recall ing...
12/21/2023 14:15:06 - INFO - utils.common - result = {'f1score': 0.545840650558651, 'acc': 0.571875, 'precision': 0.5666078436572383, 'recall': 0.5621233244242442}
12/21/2023 14:15:06 - INFO - __main__ - Epoch:30, Train Accuracy:0.571875, f1:0.545840650558651

Epoch: [30][0/63]	
12/21/2023 14:15:22 - INFO - utils.common - 计算 f1 score ing...
12/21/2023 14:15:22 - INFO - utils.common - F1score = 0.5740132297445373
12/21/2023 14:15:22 - INFO - utils.common - 计算 accuracy ing...
12/21/2023 14:15:23 - INFO - utils.common - acc = 0.60445
12/21/2023 14:15:23 - INFO - utils.common - 计算 precision ing...
12/21/2023 14:15:23 - INFO - utils.common - precision = 0.6397916198722864
12/21/2023 14:15:23 - INFO - utils.common - 计算 recall ing...
12/21/2023 14:15:23 - INFO - utils.common - result = {'f1score': 0.5740132297445373, 'acc': 0.60445, 'precision': 0.6397916198722864, 'recall': 0.5940266952319534}
12/21/2023 14:15:23 - INFO - __main__ - Epoch:30, Val Accuracy:0.60445, f1:0.5740132297445373

12/21/2023 14:15:23 - INFO - __main__ - lr:0.00027135636881635457
12/21/2023 14:15:23 - INFO - __main__ - ==========Epoch:31==========
early_st 4
12/21/2023 14:15:47 - INFO - utils.common - 计算 f1 score ing...
12/21/2023 14:15:47 - INFO - utils.common - F1score = 0.5422988291278509
12/21/2023 14:15:47 - INFO - utils.common - 计算 accuracy ing...
12/21/2023 14:15:47 - INFO - utils.common - acc = 0.57225
12/21/2023 14:15:47 - INFO - utils.common - 计算 precision ing...
12/21/2023 14:15:47 - INFO - utils.common - precision = 0.5653526138978707
12/21/2023 14:15:47 - INFO - utils.common - 计算 recall ing...
12/21/2023 14:15:47 - INFO - utils.common - result = {'f1score': 0.5422988291278509, 'acc': 0.57225, 'precision': 0.5653526138978707, 'recall': 0.5615390923477388}
12/21/2023 14:15:47 - INFO - __main__ - Epoch:31, Train Accuracy:0.57225, f1:0.5422988291278509

Epoch: [31][0/63]	
12/21/2023 14:16:01 - INFO - utils.common - 计算 f1 score ing...
12/21/2023 14:16:01 - INFO - utils.common - F1score = 0.4944218080258225
12/21/2023 14:16:01 - INFO - utils.common - 计算 accuracy ing...
12/21/2023 14:16:01 - INFO - utils.common - acc = 0.5228
12/21/2023 14:16:01 - INFO - utils.common - 计算 precision ing...
12/21/2023 14:16:01 - INFO - utils.common - precision = 0.5700424199975914
12/21/2023 14:16:01 - INFO - utils.common - 计算 recall ing...
12/21/2023 14:16:01 - INFO - utils.common - result = {'f1score': 0.4944218080258225, 'acc': 0.5228, 'precision': 0.5700424199975914, 'recall': 0.5142979731578502}
12/21/2023 14:16:01 - INFO - __main__ - Epoch:31, Val Accuracy:0.5228, f1:0.4944218080258225

12/21/2023 14:16:01 - INFO - __main__ - lr:0.0001963663688163546
12/21/2023 14:16:01 - INFO - __main__ - ==========Epoch:32==========
early_st 3
12/21/2023 14:16:25 - INFO - utils.common - 计算 f1 score ing...
12/21/2023 14:16:26 - INFO - utils.common - F1score = 0.5458645337877003
12/21/2023 14:16:26 - INFO - utils.common - 计算 accuracy ing...
12/21/2023 14:16:26 - INFO - utils.common - acc = 0.57575
12/21/2023 14:16:26 - INFO - utils.common - 计算 precision ing...
12/21/2023 14:16:26 - INFO - utils.common - precision = 0.5687277258673861
12/21/2023 14:16:26 - INFO - utils.common - 计算 recall ing...
12/21/2023 14:16:26 - INFO - utils.common - result = {'f1score': 0.5458645337877003, 'acc': 0.57575, 'precision': 0.5687277258673861, 'recall': 0.5640370932159522}
12/21/2023 14:16:26 - INFO - __main__ - Epoch:32, Train Accuracy:0.57575, f1:0.5458645337877003

Epoch: [32][0/63]	
12/21/2023 14:16:43 - INFO - utils.common - 计算 f1 score ing...
12/21/2023 14:16:43 - INFO - utils.common - F1score = 0.5791634907006947
12/21/2023 14:16:43 - INFO - utils.common - 计算 accuracy ing...
12/21/2023 14:16:43 - INFO - utils.common - acc = 0.5991
12/21/2023 14:16:43 - INFO - utils.common - 计算 precision ing...
12/21/2023 14:16:43 - INFO - utils.common - precision = 0.6512892954988461
12/21/2023 14:16:43 - INFO - utils.common - 计算 recall ing...
12/21/2023 14:16:43 - INFO - utils.common - result = {'f1score': 0.5791634907006947, 'acc': 0.5991, 'precision': 0.6512892954988461, 'recall': 0.5908631844327595}
12/21/2023 14:16:43 - INFO - __main__ - Epoch:32, Val Accuracy:0.5991, f1:0.5791634907006947

12/21/2023 14:16:43 - INFO - __main__ - lr:0.0001036736311836454
12/21/2023 14:16:43 - INFO - __main__ - ==========Epoch:33==========
early_st 2
12/21/2023 14:17:14 - INFO - utils.common - 计算 f1 score ing...
12/21/2023 14:17:14 - INFO - utils.common - F1score = 0.5600322383149052
12/21/2023 14:17:14 - INFO - utils.common - 计算 accuracy ing...
12/21/2023 14:17:14 - INFO - utils.common - acc = 0.585625
12/21/2023 14:17:14 - INFO - utils.common - 计算 precision ing...
12/21/2023 14:17:14 - INFO - utils.common - precision = 0.5831052844594341
12/21/2023 14:17:14 - INFO - utils.common - 计算 recall ing...
12/21/2023 14:17:14 - INFO - utils.common - result = {'f1score': 0.5600322383149052, 'acc': 0.585625, 'precision': 0.5831052844594341, 'recall': 0.5749709674089393}
12/21/2023 14:17:14 - INFO - __main__ - Epoch:33, Train Accuracy:0.585625, f1:0.5600322383149052

Epoch: [33][0/63]	
12/21/2023 14:17:37 - INFO - utils.common - 计算 f1 score ing...
12/21/2023 14:17:37 - INFO - utils.common - F1score = 0.5731632665443297
12/21/2023 14:17:37 - INFO - utils.common - 计算 accuracy ing...
12/21/2023 14:17:37 - INFO - utils.common - acc = 0.58755
12/21/2023 14:17:37 - INFO - utils.common - 计算 precision ing...
12/21/2023 14:17:37 - INFO - utils.common - precision = 0.631170529623681
12/21/2023 14:17:37 - INFO - utils.common - 计算 recall ing...
12/21/2023 14:17:37 - INFO - utils.common - result = {'f1score': 0.5731632665443297, 'acc': 0.58755, 'precision': 0.631170529623681, 'recall': 0.5808796463374224}
12/21/2023 14:17:37 - INFO - __main__ - Epoch:33, Val Accuracy:0.58755, f1:0.5731632665443297

12/21/2023 14:17:37 - INFO - __main__ - lr:2.8683631183645395e-05
12/21/2023 14:17:37 - INFO - __main__ - ==========Epoch:34==========
early_st 1
12/21/2023 14:18:11 - INFO - utils.common - 计算 f1 score ing...
12/21/2023 14:18:11 - INFO - utils.common - F1score = 0.5671725191837093
12/21/2023 14:18:11 - INFO - utils.common - 计算 accuracy ing...
12/21/2023 14:18:11 - INFO - utils.common - acc = 0.591
12/21/2023 14:18:11 - INFO - utils.common - 计算 precision ing...
12/21/2023 14:18:11 - INFO - utils.common - precision = 0.5842702969508395
12/21/2023 14:18:11 - INFO - utils.common - 计算 recall ing...
12/21/2023 14:18:11 - INFO - utils.common - result = {'f1score': 0.5671725191837093, 'acc': 0.591, 'precision': 0.5842702969508395, 'recall': 0.5818003683597723}
12/21/2023 14:18:11 - INFO - __main__ - Epoch:34, Train Accuracy:0.591, f1:0.5671725191837093

Epoch: [34][0/63]	
12/21/2023 14:18:33 - INFO - utils.common - 计算 f1 score ing...
12/21/2023 14:18:33 - INFO - utils.common - F1score = 0.6214297577544906
12/21/2023 14:18:33 - INFO - utils.common - 计算 accuracy ing...
12/21/2023 14:18:33 - INFO - utils.common - acc = 0.6406
12/21/2023 14:18:33 - INFO - utils.common - 计算 precision ing...
12/21/2023 14:18:33 - INFO - utils.common - precision = 0.6672804937738004
12/21/2023 14:18:33 - INFO - utils.common - 计算 recall ing...
12/21/2023 14:18:33 - INFO - utils.common - result = {'f1score': 0.6214297577544906, 'acc': 0.6406, 'precision': 0.6672804937738004, 'recall': 0.6308214747748423}
12/21/2023 14:18:33 - INFO - __main__ - Epoch:34, Val Accuracy:0.6406, f1:0.6214297577544906

12/21/2023 14:18:33 - INFO - __main__ - lr:0.0003
12/21/2023 14:18:33 - INFO - __main__ - ==========Epoch:35==========
Save best weights
12/21/2023 14:19:04 - INFO - utils.common - 计算 f1 score ing...
12/21/2023 14:19:04 - INFO - utils.common - F1score = 0.5576586296586918
12/21/2023 14:19:04 - INFO - utils.common - 计算 accuracy ing...
12/21/2023 14:19:04 - INFO - utils.common - acc = 0.587
12/21/2023 14:19:04 - INFO - utils.common - 计算 precision ing...
12/21/2023 14:19:04 - INFO - utils.common - precision = 0.5789347236125418
12/21/2023 14:19:04 - INFO - utils.common - 计算 recall ing...
12/21/2023 14:19:04 - INFO - utils.common - result = {'f1score': 0.5576586296586918, 'acc': 0.587, 'precision': 0.5789347236125418, 'recall': 0.5760336531314971}
12/21/2023 14:19:04 - INFO - __main__ - Epoch:35, Train Accuracy:0.587, f1:0.5576586296586918

Epoch: [35][0/63]	
12/21/2023 14:19:28 - INFO - utils.common - 计算 f1 score ing...
12/21/2023 14:19:28 - INFO - utils.common - F1score = 0.6061736984875169
12/21/2023 14:19:28 - INFO - utils.common - 计算 accuracy ing...
12/21/2023 14:19:28 - INFO - utils.common - acc = 0.6246
12/21/2023 14:19:28 - INFO - utils.common - 计算 precision ing...
12/21/2023 14:19:28 - INFO - utils.common - precision = 0.6512994360218856
12/21/2023 14:19:28 - INFO - utils.common - 计算 recall ing...
12/21/2023 14:19:28 - INFO - utils.common - result = {'f1score': 0.6061736984875169, 'acc': 0.6246, 'precision': 0.6512994360218856, 'recall': 0.6179337494352999}
12/21/2023 14:19:28 - INFO - __main__ - Epoch:35, Val Accuracy:0.6246, f1:0.6061736984875169

12/21/2023 14:19:28 - INFO - __main__ - lr:0.00027135636881635457
12/21/2023 14:19:28 - INFO - __main__ - ==========Epoch:36==========
early_st 4
12/21/2023 14:20:01 - INFO - utils.common - 计算 f1 score ing...
12/21/2023 14:20:01 - INFO - utils.common - F1score = 0.563159904873398
12/21/2023 14:20:01 - INFO - utils.common - 计算 accuracy ing...
12/21/2023 14:20:01 - INFO - utils.common - acc = 0.586875
12/21/2023 14:20:01 - INFO - utils.common - 计算 precision ing...
12/21/2023 14:20:01 - INFO - utils.common - precision = 0.5781764768489704
12/21/2023 14:20:01 - INFO - utils.common - 计算 recall ing...
12/21/2023 14:20:01 - INFO - utils.common - result = {'f1score': 0.563159904873398, 'acc': 0.586875, 'precision': 0.5781764768489704, 'recall': 0.5780250804191164}
12/21/2023 14:20:01 - INFO - __main__ - Epoch:36, Train Accuracy:0.586875, f1:0.563159904873398

Epoch: [36][0/63]	
12/21/2023 14:20:21 - INFO - utils.common - 计算 f1 score ing...
12/21/2023 14:20:21 - INFO - utils.common - F1score = 0.5202942257806824
12/21/2023 14:20:21 - INFO - utils.common - 计算 accuracy ing...
12/21/2023 14:20:21 - INFO - utils.common - acc = 0.5465
12/21/2023 14:20:21 - INFO - utils.common - 计算 precision ing...
12/21/2023 14:20:21 - INFO - utils.common - precision = 0.582845020202006
12/21/2023 14:20:21 - INFO - utils.common - 计算 recall ing...
12/21/2023 14:20:21 - INFO - utils.common - result = {'f1score': 0.5202942257806824, 'acc': 0.5465, 'precision': 0.582845020202006, 'recall': 0.540898816605872}
12/21/2023 14:20:21 - INFO - __main__ - Epoch:36, Val Accuracy:0.5465, f1:0.5202942257806824

12/21/2023 14:20:21 - INFO - __main__ - lr:0.0001963663688163546
12/21/2023 14:20:21 - INFO - __main__ - ==========Epoch:37==========
early_st 3
12/21/2023 14:20:51 - INFO - utils.common - 计算 f1 score ing...
12/21/2023 14:20:51 - INFO - utils.common - F1score = 0.5723098704244587
12/21/2023 14:20:51 - INFO - utils.common - 计算 accuracy ing...
12/21/2023 14:20:51 - INFO - utils.common - acc = 0.598625
12/21/2023 14:20:51 - INFO - utils.common - 计算 precision ing...
12/21/2023 14:20:51 - INFO - utils.common - precision = 0.593873533531973
12/21/2023 14:20:51 - INFO - utils.common - 计算 recall ing...
12/21/2023 14:20:51 - INFO - utils.common - result = {'f1score': 0.5723098704244587, 'acc': 0.598625, 'precision': 0.593873533531973, 'recall': 0.5873865249521638}
12/21/2023 14:20:51 - INFO - __main__ - Epoch:37, Train Accuracy:0.598625, f1:0.5723098704244587

Epoch: [37][0/63]	
12/21/2023 14:21:14 - INFO - utils.common - 计算 f1 score ing...
12/21/2023 14:21:14 - INFO - utils.common - F1score = 0.5569826614535198
12/21/2023 14:21:14 - INFO - utils.common - 计算 accuracy ing...
12/21/2023 14:21:14 - INFO - utils.common - acc = 0.58215
12/21/2023 14:21:14 - INFO - utils.common - 计算 precision ing...
12/21/2023 14:21:14 - INFO - utils.common - precision = 0.6490030174860865
12/21/2023 14:21:14 - INFO - utils.common - 计算 recall ing...
12/21/2023 14:21:14 - INFO - utils.common - result = {'f1score': 0.5569826614535198, 'acc': 0.58215, 'precision': 0.6490030174860865, 'recall': 0.5725309397617324}
12/21/2023 14:21:14 - INFO - __main__ - Epoch:37, Val Accuracy:0.58215, f1:0.5569826614535198

12/21/2023 14:21:14 - INFO - __main__ - lr:0.0001036736311836454
12/21/2023 14:21:14 - INFO - __main__ - ==========Epoch:38==========
early_st 2
12/21/2023 14:21:47 - INFO - utils.common - 计算 f1 score ing...
12/21/2023 14:21:47 - INFO - utils.common - F1score = 0.5760109387962072
12/21/2023 14:21:47 - INFO - utils.common - 计算 accuracy ing...
12/21/2023 14:21:47 - INFO - utils.common - acc = 0.5975
12/21/2023 14:21:47 - INFO - utils.common - 计算 precision ing...
12/21/2023 14:21:47 - INFO - utils.common - precision = 0.5887722720601508
12/21/2023 14:21:47 - INFO - utils.common - 计算 recall ing...
12/21/2023 14:21:47 - INFO - utils.common - result = {'f1score': 0.5760109387962072, 'acc': 0.5975, 'precision': 0.5887722720601508, 'recall': 0.5884212770998296}
12/21/2023 14:21:47 - INFO - __main__ - Epoch:38, Train Accuracy:0.5975, f1:0.5760109387962072

Epoch: [38][0/63]	
12/21/2023 14:22:08 - INFO - utils.common - 计算 f1 score ing...
12/21/2023 14:22:08 - INFO - utils.common - F1score = 0.6012322053827415
12/21/2023 14:22:08 - INFO - utils.common - 计算 accuracy ing...
12/21/2023 14:22:08 - INFO - utils.common - acc = 0.61675
12/21/2023 14:22:08 - INFO - utils.common - 计算 precision ing...
12/21/2023 14:22:08 - INFO - utils.common - precision = 0.6573727854022411
12/21/2023 14:22:08 - INFO - utils.common - 计算 recall ing...
12/21/2023 14:22:08 - INFO - utils.common - result = {'f1score': 0.6012322053827415, 'acc': 0.61675, 'precision': 0.6573727854022411, 'recall': 0.6063142476288242}
12/21/2023 14:22:08 - INFO - __main__ - Epoch:38, Val Accuracy:0.61675, f1:0.6012322053827415

12/21/2023 14:22:08 - INFO - __main__ - lr:2.8683631183645395e-05
12/21/2023 14:22:08 - INFO - __main__ - ==========Epoch:39==========
early_st 1
12/21/2023 14:22:39 - INFO - utils.common - 计算 f1 score ing...
12/21/2023 14:22:39 - INFO - utils.common - F1score = 0.5733595535754111
12/21/2023 14:22:39 - INFO - utils.common - 计算 accuracy ing...
12/21/2023 14:22:39 - INFO - utils.common - acc = 0.599625
12/21/2023 14:22:39 - INFO - utils.common - 计算 precision ing...
12/21/2023 14:22:39 - INFO - utils.common - precision = 0.5893167148571249
12/21/2023 14:22:39 - INFO - utils.common - 计算 recall ing...
12/21/2023 14:22:39 - INFO - utils.common - result = {'f1score': 0.5733595535754111, 'acc': 0.599625, 'precision': 0.5893167148571249, 'recall': 0.5886552406129496}
12/21/2023 14:22:39 - INFO - __main__ - Epoch:39, Train Accuracy:0.599625, f1:0.5733595535754111

Epoch: [39][0/63]	
12/21/2023 14:23:00 - INFO - utils.common - 计算 f1 score ing...
12/21/2023 14:23:00 - INFO - utils.common - F1score = 0.6474382716668161
12/21/2023 14:23:00 - INFO - utils.common - 计算 accuracy ing...
12/21/2023 14:23:00 - INFO - utils.common - acc = 0.66715
12/21/2023 14:23:00 - INFO - utils.common - 计算 precision ing...
12/21/2023 14:23:01 - INFO - utils.common - precision = 0.69757453032136
12/21/2023 14:23:01 - INFO - utils.common - 计算 recall ing...
12/21/2023 14:23:01 - INFO - utils.common - result = {'f1score': 0.6474382716668161, 'acc': 0.66715, 'precision': 0.69757453032136, 'recall': 0.6564720486891511}
12/21/2023 14:23:01 - INFO - __main__ - Epoch:39, Val Accuracy:0.66715, f1:0.6474382716668161

12/21/2023 14:23:01 - INFO - __main__ - lr:0.0003
Save best weights
Test
12/21/2023 14:23:11 - INFO - utils.common - 计算 f1 score ing...
12/21/2023 14:23:11 - INFO - utils.common - F1score = 0.6776977967387228
12/21/2023 14:23:11 - INFO - utils.common - 计算 accuracy ing...
12/21/2023 14:23:11 - INFO - utils.common - acc = 0.7445682451253481
12/21/2023 14:23:11 - INFO - utils.common - 计算 precision ing...
12/21/2023 14:23:11 - INFO - utils.common - precision = 0.7420119859768753
12/21/2023 14:23:11 - INFO - utils.common - 计算 recall ing...
12/21/2023 14:23:11 - INFO - utils.common - result = {'f1score': 0.6776977967387228, 'acc': 0.7445682451253481, 'precision': 0.7420119859768753, 'recall': 0.7131536952228542}
12/21/2023 14:23:11 - INFO - __main__ - test_f1:0.6776977967387228, test_acc:0.7445682451253481, test_precision:0.7420119859768753, test_recall:0.7131536952228542
12/21/2023 14:23:11 - INFO - __main__ - Finish fine-turning...
