nohup: ignoring input
12/21/2023 13:42:22 - INFO - __main__ - 设置 seed 为:  4
12/21/2023 13:42:22 - INFO - __main__ - Start fine-turning...
12/21/2023 13:42:26 - INFO - __main__ - ==========Epoch:0==========
=> no checkpoint found at '
12/21/2023 13:42:33 - INFO - utils.common - 计算 f1 score ing...
12/21/2023 13:42:33 - INFO - utils.common - F1score = 0.03304078666742162
12/21/2023 13:42:33 - INFO - utils.common - 计算 accuracy ing...
12/21/2023 13:42:33 - INFO - utils.common - acc = 0.11875
12/21/2023 13:42:33 - INFO - utils.common - 计算 precision ing...
12/21/2023 13:42:33 - INFO - utils.common - precision = 0.029023134076325563
12/21/2023 13:42:33 - INFO - utils.common - 计算 recall ing...
12/21/2023 13:42:33 - INFO - utils.common - result = {'f1score': 0.03304078666742162, 'acc': 0.11875, 'precision': 0.029023134076325563, 'recall': 0.11791383219954649}
12/21/2023 13:42:33 - INFO - __main__ - Epoch:0, Train Accuracy:0.11875, f1:0.03304078666742162

Epoch: [0][0/7]	
12/21/2023 13:42:45 - INFO - utils.common - 计算 f1 score ing...
12/21/2023 13:42:45 - INFO - utils.common - F1score = 0.058736800062486355
12/21/2023 13:42:45 - INFO - utils.common - 计算 accuracy ing...
12/21/2023 13:42:45 - INFO - utils.common - acc = 0.1551
12/21/2023 13:42:45 - INFO - utils.common - 计算 precision ing...
12/21/2023 13:42:45 - INFO - utils.common - precision = 0.10872144187135362
12/21/2023 13:42:45 - INFO - utils.common - 计算 recall ing...
12/21/2023 13:42:45 - INFO - utils.common - result = {'f1score': 0.058736800062486355, 'acc': 0.1551, 'precision': 0.10872144187135362, 'recall': 0.1619987071195511}
12/21/2023 13:42:45 - INFO - __main__ - Epoch:0, Val Accuracy:0.1551, f1:0.058736800062486355

12/21/2023 13:42:45 - INFO - __main__ - lr:0.00027135636881635457
12/21/2023 13:42:45 - INFO - __main__ - ==========Epoch:1==========
Save best weights
12/21/2023 13:42:50 - INFO - utils.common - 计算 f1 score ing...
12/21/2023 13:42:50 - INFO - utils.common - F1score = 0.05535661711378442
12/21/2023 13:42:50 - INFO - utils.common - 计算 accuracy ing...
12/21/2023 13:42:50 - INFO - utils.common - acc = 0.14375
12/21/2023 13:42:50 - INFO - utils.common - 计算 precision ing...
12/21/2023 13:42:50 - INFO - utils.common - precision = 0.04918814633339364
12/21/2023 13:42:50 - INFO - utils.common - 计算 recall ing...
12/21/2023 13:42:50 - INFO - utils.common - result = {'f1score': 0.05535661711378442, 'acc': 0.14375, 'precision': 0.04918814633339364, 'recall': 0.13757275141669806}
12/21/2023 13:42:50 - INFO - __main__ - Epoch:1, Train Accuracy:0.14375, f1:0.05535661711378442

Epoch: [1][0/7]	
12/21/2023 13:43:03 - INFO - utils.common - 计算 f1 score ing...
12/21/2023 13:43:03 - INFO - utils.common - F1score = 0.06549494253901271
12/21/2023 13:43:03 - INFO - utils.common - 计算 accuracy ing...
12/21/2023 13:43:03 - INFO - utils.common - acc = 0.12065
12/21/2023 13:43:03 - INFO - utils.common - 计算 precision ing...
12/21/2023 13:43:03 - INFO - utils.common - precision = 0.056663074277090796
12/21/2023 13:43:03 - INFO - utils.common - 计算 recall ing...
12/21/2023 13:43:03 - INFO - utils.common - result = {'f1score': 0.06549494253901271, 'acc': 0.12065, 'precision': 0.056663074277090796, 'recall': 0.10576642017263915}
12/21/2023 13:43:03 - INFO - __main__ - Epoch:1, Val Accuracy:0.12065, f1:0.06549494253901271

12/21/2023 13:43:03 - INFO - __main__ - lr:0.0001963663688163546
12/21/2023 13:43:03 - INFO - __main__ - ==========Epoch:2==========
early_st 4
12/21/2023 13:43:09 - INFO - utils.common - 计算 f1 score ing...
12/21/2023 13:43:09 - INFO - utils.common - F1score = 0.10871553347088653
12/21/2023 13:43:09 - INFO - utils.common - 计算 accuracy ing...
12/21/2023 13:43:09 - INFO - utils.common - acc = 0.1675
12/21/2023 13:43:09 - INFO - utils.common - 计算 precision ing...
12/21/2023 13:43:09 - INFO - utils.common - precision = 0.09620761781340377
12/21/2023 13:43:09 - INFO - utils.common - 计算 recall ing...
12/21/2023 13:43:09 - INFO - utils.common - result = {'f1score': 0.10871553347088653, 'acc': 0.1675, 'precision': 0.09620761781340377, 'recall': 0.14944182243127516}
12/21/2023 13:43:09 - INFO - __main__ - Epoch:2, Train Accuracy:0.1675, f1:0.10871553347088653

Epoch: [2][0/7]	
12/21/2023 13:43:22 - INFO - utils.common - 计算 f1 score ing...
12/21/2023 13:43:22 - INFO - utils.common - F1score = 0.08078208797815471
12/21/2023 13:43:22 - INFO - utils.common - 计算 accuracy ing...
12/21/2023 13:43:22 - INFO - utils.common - acc = 0.1938
12/21/2023 13:43:22 - INFO - utils.common - 计算 precision ing...
12/21/2023 13:43:22 - INFO - utils.common - precision = 0.08093707598786384
12/21/2023 13:43:22 - INFO - utils.common - 计算 recall ing...
12/21/2023 13:43:22 - INFO - utils.common - result = {'f1score': 0.08078208797815471, 'acc': 0.1938, 'precision': 0.08093707598786384, 'recall': 0.15411120278076337}
12/21/2023 13:43:22 - INFO - __main__ - Epoch:2, Val Accuracy:0.1938, f1:0.08078208797815471

12/21/2023 13:43:22 - INFO - __main__ - lr:0.0001036736311836454
12/21/2023 13:43:22 - INFO - __main__ - ==========Epoch:3==========
Save best weights
12/21/2023 13:43:28 - INFO - utils.common - 计算 f1 score ing...
12/21/2023 13:43:28 - INFO - utils.common - F1score = 0.0924415944665598
12/21/2023 13:43:28 - INFO - utils.common - 计算 accuracy ing...
12/21/2023 13:43:28 - INFO - utils.common - acc = 0.16625
12/21/2023 13:43:28 - INFO - utils.common - 计算 precision ing...
12/21/2023 13:43:28 - INFO - utils.common - precision = 0.1358540100160555
12/21/2023 13:43:28 - INFO - utils.common - 计算 recall ing...
12/21/2023 13:43:28 - INFO - utils.common - result = {'f1score': 0.0924415944665598, 'acc': 0.16625, 'precision': 0.1358540100160555, 'recall': 0.13971059839431552}
12/21/2023 13:43:28 - INFO - __main__ - Epoch:3, Train Accuracy:0.16625, f1:0.0924415944665598

Epoch: [3][0/7]	
12/21/2023 13:43:41 - INFO - utils.common - 计算 f1 score ing...
12/21/2023 13:43:41 - INFO - utils.common - F1score = 0.07658247721298128
12/21/2023 13:43:41 - INFO - utils.common - 计算 accuracy ing...
12/21/2023 13:43:41 - INFO - utils.common - acc = 0.18295
12/21/2023 13:43:41 - INFO - utils.common - 计算 precision ing...
12/21/2023 13:43:41 - INFO - utils.common - precision = 0.153786836268853
12/21/2023 13:43:41 - INFO - utils.common - 计算 recall ing...
12/21/2023 13:43:42 - INFO - utils.common - result = {'f1score': 0.07658247721298128, 'acc': 0.18295, 'precision': 0.153786836268853, 'recall': 0.14631451925545488}
12/21/2023 13:43:42 - INFO - __main__ - Epoch:3, Val Accuracy:0.18295, f1:0.07658247721298128

12/21/2023 13:43:42 - INFO - __main__ - lr:2.8683631183645395e-05
12/21/2023 13:43:42 - INFO - __main__ - ==========Epoch:4==========
early_st 4
12/21/2023 13:43:47 - INFO - utils.common - 计算 f1 score ing...
12/21/2023 13:43:47 - INFO - utils.common - F1score = 0.09673796597135481
12/21/2023 13:43:47 - INFO - utils.common - 计算 accuracy ing...
12/21/2023 13:43:47 - INFO - utils.common - acc = 0.17125
12/21/2023 13:43:47 - INFO - utils.common - 计算 precision ing...
12/21/2023 13:43:47 - INFO - utils.common - precision = 0.26033887437810543
12/21/2023 13:43:47 - INFO - utils.common - 计算 recall ing...
12/21/2023 13:43:47 - INFO - utils.common - result = {'f1score': 0.09673796597135481, 'acc': 0.17125, 'precision': 0.26033887437810543, 'recall': 0.14350176193123118}
12/21/2023 13:43:47 - INFO - __main__ - Epoch:4, Train Accuracy:0.17125, f1:0.09673796597135481

Epoch: [4][0/7]	
12/21/2023 13:44:01 - INFO - utils.common - 计算 f1 score ing...
12/21/2023 13:44:01 - INFO - utils.common - F1score = 0.06925119309787219
12/21/2023 13:44:01 - INFO - utils.common - 计算 accuracy ing...
12/21/2023 13:44:02 - INFO - utils.common - acc = 0.1732
12/21/2023 13:44:02 - INFO - utils.common - 计算 precision ing...
12/21/2023 13:44:02 - INFO - utils.common - precision = 0.19901729771310983
12/21/2023 13:44:02 - INFO - utils.common - 计算 recall ing...
12/21/2023 13:44:02 - INFO - utils.common - result = {'f1score': 0.06925119309787219, 'acc': 0.1732, 'precision': 0.19901729771310983, 'recall': 0.13868654979413636}
12/21/2023 13:44:02 - INFO - __main__ - Epoch:4, Val Accuracy:0.1732, f1:0.06925119309787219

12/21/2023 13:44:02 - INFO - __main__ - lr:0.0003
12/21/2023 13:44:02 - INFO - __main__ - ==========Epoch:5==========
early_st 3
12/21/2023 13:44:08 - INFO - utils.common - 计算 f1 score ing...
12/21/2023 13:44:08 - INFO - utils.common - F1score = 0.1232206964239568
12/21/2023 13:44:08 - INFO - utils.common - 计算 accuracy ing...
12/21/2023 13:44:08 - INFO - utils.common - acc = 0.1925
12/21/2023 13:44:08 - INFO - utils.common - 计算 precision ing...
12/21/2023 13:44:08 - INFO - utils.common - precision = 0.15065003367217672
12/21/2023 13:44:08 - INFO - utils.common - 计算 recall ing...
12/21/2023 13:44:08 - INFO - utils.common - result = {'f1score': 0.1232206964239568, 'acc': 0.1925, 'precision': 0.15065003367217672, 'recall': 0.1643958818998237}
12/21/2023 13:44:08 - INFO - __main__ - Epoch:5, Train Accuracy:0.1925, f1:0.1232206964239568

Epoch: [5][0/7]	
12/21/2023 13:44:20 - INFO - utils.common - 计算 f1 score ing...
12/21/2023 13:44:20 - INFO - utils.common - F1score = 0.13170139515601112
12/21/2023 13:44:20 - INFO - utils.common - 计算 accuracy ing...
12/21/2023 13:44:20 - INFO - utils.common - acc = 0.21005
12/21/2023 13:44:20 - INFO - utils.common - 计算 precision ing...
12/21/2023 13:44:20 - INFO - utils.common - precision = 0.2988037060951199
12/21/2023 13:44:20 - INFO - utils.common - 计算 recall ing...
12/21/2023 13:44:20 - INFO - utils.common - result = {'f1score': 0.13170139515601112, 'acc': 0.21005, 'precision': 0.2988037060951199, 'recall': 0.184545394245478}
12/21/2023 13:44:20 - INFO - __main__ - Epoch:5, Val Accuracy:0.21005, f1:0.13170139515601112

12/21/2023 13:44:20 - INFO - __main__ - lr:0.00027135636881635457
12/21/2023 13:44:20 - INFO - __main__ - ==========Epoch:6==========
Save best weights
12/21/2023 13:44:26 - INFO - utils.common - 计算 f1 score ing...
12/21/2023 13:44:26 - INFO - utils.common - F1score = 0.14980563512592074
12/21/2023 13:44:26 - INFO - utils.common - 计算 accuracy ing...
12/21/2023 13:44:26 - INFO - utils.common - acc = 0.2025
12/21/2023 13:44:26 - INFO - utils.common - 计算 precision ing...
12/21/2023 13:44:26 - INFO - utils.common - precision = 0.2507882828369606
12/21/2023 13:44:26 - INFO - utils.common - 计算 recall ing...
12/21/2023 13:44:26 - INFO - utils.common - result = {'f1score': 0.14980563512592074, 'acc': 0.2025, 'precision': 0.2507882828369606, 'recall': 0.17971050208212547}
12/21/2023 13:44:26 - INFO - __main__ - Epoch:6, Train Accuracy:0.2025, f1:0.14980563512592074

Epoch: [6][0/7]	
12/21/2023 13:44:39 - INFO - utils.common - 计算 f1 score ing...
12/21/2023 13:44:39 - INFO - utils.common - F1score = 0.15711213856540035
12/21/2023 13:44:39 - INFO - utils.common - 计算 accuracy ing...
12/21/2023 13:44:39 - INFO - utils.common - acc = 0.2367
12/21/2023 13:44:39 - INFO - utils.common - 计算 precision ing...
12/21/2023 13:44:39 - INFO - utils.common - precision = 0.35497187510737155
12/21/2023 13:44:39 - INFO - utils.common - 计算 recall ing...
12/21/2023 13:44:39 - INFO - utils.common - result = {'f1score': 0.15711213856540035, 'acc': 0.2367, 'precision': 0.35497187510737155, 'recall': 0.2163539114290746}
12/21/2023 13:44:39 - INFO - __main__ - Epoch:6, Val Accuracy:0.2367, f1:0.15711213856540035

12/21/2023 13:44:39 - INFO - __main__ - lr:0.0001963663688163546
12/21/2023 13:44:39 - INFO - __main__ - ==========Epoch:7==========
Save best weights
12/21/2023 13:44:44 - INFO - utils.common - 计算 f1 score ing...
12/21/2023 13:44:44 - INFO - utils.common - F1score = 0.20319117376018417
12/21/2023 13:44:44 - INFO - utils.common - 计算 accuracy ing...
12/21/2023 13:44:44 - INFO - utils.common - acc = 0.25
12/21/2023 13:44:44 - INFO - utils.common - 计算 precision ing...
12/21/2023 13:44:44 - INFO - utils.common - precision = 0.2519161138072945
12/21/2023 13:44:44 - INFO - utils.common - 计算 recall ing...
12/21/2023 13:44:44 - INFO - utils.common - result = {'f1score': 0.20319117376018417, 'acc': 0.25, 'precision': 0.2519161138072945, 'recall': 0.23040618260833734}
12/21/2023 13:44:44 - INFO - __main__ - Epoch:7, Train Accuracy:0.25, f1:0.20319117376018417

Epoch: [7][0/7]	
12/21/2023 13:45:00 - INFO - utils.common - 计算 f1 score ing...
12/21/2023 13:45:00 - INFO - utils.common - F1score = 0.19471593086229236
12/21/2023 13:45:00 - INFO - utils.common - 计算 accuracy ing...
12/21/2023 13:45:00 - INFO - utils.common - acc = 0.2678
12/21/2023 13:45:00 - INFO - utils.common - 计算 precision ing...
12/21/2023 13:45:00 - INFO - utils.common - precision = 0.30930076259066563
12/21/2023 13:45:00 - INFO - utils.common - 计算 recall ing...
12/21/2023 13:45:00 - INFO - utils.common - result = {'f1score': 0.19471593086229236, 'acc': 0.2678, 'precision': 0.30930076259066563, 'recall': 0.25063190423491527}
12/21/2023 13:45:00 - INFO - __main__ - Epoch:7, Val Accuracy:0.2678, f1:0.19471593086229236

12/21/2023 13:45:00 - INFO - __main__ - lr:0.0001036736311836454
12/21/2023 13:45:00 - INFO - __main__ - ==========Epoch:8==========
Save best weights
12/21/2023 13:45:05 - INFO - utils.common - 计算 f1 score ing...
12/21/2023 13:45:05 - INFO - utils.common - F1score = 0.20960686951271126
12/21/2023 13:45:05 - INFO - utils.common - 计算 accuracy ing...
12/21/2023 13:45:05 - INFO - utils.common - acc = 0.28
12/21/2023 13:45:05 - INFO - utils.common - 计算 precision ing...
12/21/2023 13:45:05 - INFO - utils.common - precision = 0.25372469639260786
12/21/2023 13:45:05 - INFO - utils.common - 计算 recall ing...
12/21/2023 13:45:06 - INFO - utils.common - result = {'f1score': 0.20960686951271126, 'acc': 0.28, 'precision': 0.25372469639260786, 'recall': 0.25841370771670963}
12/21/2023 13:45:06 - INFO - __main__ - Epoch:8, Train Accuracy:0.28, f1:0.20960686951271126

Epoch: [8][0/7]	
12/21/2023 13:45:18 - INFO - utils.common - 计算 f1 score ing...
12/21/2023 13:45:18 - INFO - utils.common - F1score = 0.22280608064561258
12/21/2023 13:45:18 - INFO - utils.common - 计算 accuracy ing...
12/21/2023 13:45:18 - INFO - utils.common - acc = 0.29415
12/21/2023 13:45:18 - INFO - utils.common - 计算 precision ing...
12/21/2023 13:45:18 - INFO - utils.common - precision = 0.3195860450446304
12/21/2023 13:45:18 - INFO - utils.common - 计算 recall ing...
12/21/2023 13:45:18 - INFO - utils.common - result = {'f1score': 0.22280608064561258, 'acc': 0.29415, 'precision': 0.3195860450446304, 'recall': 0.2789974860097527}
12/21/2023 13:45:18 - INFO - __main__ - Epoch:8, Val Accuracy:0.29415, f1:0.22280608064561258

12/21/2023 13:45:18 - INFO - __main__ - lr:2.8683631183645395e-05
12/21/2023 13:45:18 - INFO - __main__ - ==========Epoch:9==========
Save best weights
12/21/2023 13:45:24 - INFO - utils.common - 计算 f1 score ing...
12/21/2023 13:45:24 - INFO - utils.common - F1score = 0.23571337176877702
12/21/2023 13:45:24 - INFO - utils.common - 计算 accuracy ing...
12/21/2023 13:45:24 - INFO - utils.common - acc = 0.28625
12/21/2023 13:45:24 - INFO - utils.common - 计算 precision ing...
12/21/2023 13:45:24 - INFO - utils.common - precision = 0.30567921948014154
12/21/2023 13:45:24 - INFO - utils.common - 计算 recall ing...
12/21/2023 13:45:24 - INFO - utils.common - result = {'f1score': 0.23571337176877702, 'acc': 0.28625, 'precision': 0.30567921948014154, 'recall': 0.27145556006523325}
12/21/2023 13:45:24 - INFO - __main__ - Epoch:9, Train Accuracy:0.28625, f1:0.23571337176877702

Epoch: [9][0/7]	
12/21/2023 13:45:37 - INFO - utils.common - 计算 f1 score ing...
12/21/2023 13:45:37 - INFO - utils.common - F1score = 0.22923252204105504
12/21/2023 13:45:37 - INFO - utils.common - 计算 accuracy ing...
12/21/2023 13:45:37 - INFO - utils.common - acc = 0.30345
12/21/2023 13:45:37 - INFO - utils.common - 计算 precision ing...
12/21/2023 13:45:37 - INFO - utils.common - precision = 0.2879328925846201
12/21/2023 13:45:37 - INFO - utils.common - 计算 recall ing...
12/21/2023 13:45:37 - INFO - utils.common - result = {'f1score': 0.22923252204105504, 'acc': 0.30345, 'precision': 0.2879328925846201, 'recall': 0.28890158269676675}
12/21/2023 13:45:37 - INFO - __main__ - Epoch:9, Val Accuracy:0.30345, f1:0.22923252204105504

12/21/2023 13:45:37 - INFO - __main__ - lr:0.0003
12/21/2023 13:45:37 - INFO - __main__ - ==========Epoch:10==========
Save best weights
12/21/2023 13:45:42 - INFO - utils.common - 计算 f1 score ing...
12/21/2023 13:45:42 - INFO - utils.common - F1score = 0.23001345465790474
12/21/2023 13:45:42 - INFO - utils.common - 计算 accuracy ing...
12/21/2023 13:45:42 - INFO - utils.common - acc = 0.29
12/21/2023 13:45:42 - INFO - utils.common - 计算 precision ing...
12/21/2023 13:45:42 - INFO - utils.common - precision = 0.22782988533947637
12/21/2023 13:45:42 - INFO - utils.common - 计算 recall ing...
12/21/2023 13:45:42 - INFO - utils.common - result = {'f1score': 0.23001345465790474, 'acc': 0.29, 'precision': 0.22782988533947637, 'recall': 0.27834091341252815}
12/21/2023 13:45:42 - INFO - __main__ - Epoch:10, Train Accuracy:0.29, f1:0.23001345465790474

Epoch: [10][0/7]	
12/21/2023 13:45:55 - INFO - utils.common - 计算 f1 score ing...
12/21/2023 13:45:55 - INFO - utils.common - F1score = 0.24649320583813317
12/21/2023 13:45:55 - INFO - utils.common - 计算 accuracy ing...
12/21/2023 13:45:55 - INFO - utils.common - acc = 0.3204
12/21/2023 13:45:55 - INFO - utils.common - 计算 precision ing...
12/21/2023 13:45:55 - INFO - utils.common - precision = 0.33460155376521833
12/21/2023 13:45:55 - INFO - utils.common - 计算 recall ing...
12/21/2023 13:45:55 - INFO - utils.common - result = {'f1score': 0.24649320583813317, 'acc': 0.3204, 'precision': 0.33460155376521833, 'recall': 0.30592922599410755}
12/21/2023 13:45:55 - INFO - __main__ - Epoch:10, Val Accuracy:0.3204, f1:0.24649320583813317

12/21/2023 13:45:55 - INFO - __main__ - lr:0.00027135636881635457
12/21/2023 13:45:55 - INFO - __main__ - ==========Epoch:11==========
Save best weights
12/21/2023 13:46:01 - INFO - utils.common - 计算 f1 score ing...
12/21/2023 13:46:01 - INFO - utils.common - F1score = 0.233410413066241
12/21/2023 13:46:01 - INFO - utils.common - 计算 accuracy ing...
12/21/2023 13:46:01 - INFO - utils.common - acc = 0.28125
12/21/2023 13:46:01 - INFO - utils.common - 计算 precision ing...
12/21/2023 13:46:01 - INFO - utils.common - precision = 0.23082555087397028
12/21/2023 13:46:01 - INFO - utils.common - 计算 recall ing...
12/21/2023 13:46:01 - INFO - utils.common - result = {'f1score': 0.233410413066241, 'acc': 0.28125, 'precision': 0.23082555087397028, 'recall': 0.27739963799380574}
12/21/2023 13:46:01 - INFO - __main__ - Epoch:11, Train Accuracy:0.28125, f1:0.233410413066241

Epoch: [11][0/7]	
12/21/2023 13:46:13 - INFO - utils.common - 计算 f1 score ing...
12/21/2023 13:46:13 - INFO - utils.common - F1score = 0.25479043733989687
12/21/2023 13:46:13 - INFO - utils.common - 计算 accuracy ing...
12/21/2023 13:46:13 - INFO - utils.common - acc = 0.32895
12/21/2023 13:46:13 - INFO - utils.common - 计算 precision ing...
12/21/2023 13:46:13 - INFO - utils.common - precision = 0.33075001500221846
12/21/2023 13:46:13 - INFO - utils.common - 计算 recall ing...
12/21/2023 13:46:13 - INFO - utils.common - result = {'f1score': 0.25479043733989687, 'acc': 0.32895, 'precision': 0.33075001500221846, 'recall': 0.3144562319144881}
12/21/2023 13:46:13 - INFO - __main__ - Epoch:11, Val Accuracy:0.32895, f1:0.25479043733989687

12/21/2023 13:46:13 - INFO - __main__ - lr:0.0001963663688163546
12/21/2023 13:46:13 - INFO - __main__ - ==========Epoch:12==========
Save best weights
12/21/2023 13:46:20 - INFO - utils.common - 计算 f1 score ing...
12/21/2023 13:46:20 - INFO - utils.common - F1score = 0.2447670577368819
12/21/2023 13:46:20 - INFO - utils.common - 计算 accuracy ing...
12/21/2023 13:46:20 - INFO - utils.common - acc = 0.29625
12/21/2023 13:46:20 - INFO - utils.common - 计算 precision ing...
12/21/2023 13:46:20 - INFO - utils.common - precision = 0.2492916972452622
12/21/2023 13:46:20 - INFO - utils.common - 计算 recall ing...
12/21/2023 13:46:20 - INFO - utils.common - result = {'f1score': 0.2447670577368819, 'acc': 0.29625, 'precision': 0.2492916972452622, 'recall': 0.2910495500483827}
12/21/2023 13:46:20 - INFO - __main__ - Epoch:12, Train Accuracy:0.29625, f1:0.2447670577368819

Epoch: [12][0/7]	
12/21/2023 13:46:33 - INFO - utils.common - 计算 f1 score ing...
12/21/2023 13:46:33 - INFO - utils.common - F1score = 0.2649648469932449
12/21/2023 13:46:33 - INFO - utils.common - 计算 accuracy ing...
12/21/2023 13:46:33 - INFO - utils.common - acc = 0.33775
12/21/2023 13:46:33 - INFO - utils.common - 计算 precision ing...
12/21/2023 13:46:33 - INFO - utils.common - precision = 0.3647594014166821
12/21/2023 13:46:33 - INFO - utils.common - 计算 recall ing...
12/21/2023 13:46:33 - INFO - utils.common - result = {'f1score': 0.2649648469932449, 'acc': 0.33775, 'precision': 0.3647594014166821, 'recall': 0.32512755847882874}
12/21/2023 13:46:33 - INFO - __main__ - Epoch:12, Val Accuracy:0.33775, f1:0.2649648469932449

12/21/2023 13:46:33 - INFO - __main__ - lr:0.0001036736311836454
12/21/2023 13:46:33 - INFO - __main__ - ==========Epoch:13==========
Save best weights
12/21/2023 13:46:39 - INFO - utils.common - 计算 f1 score ing...
12/21/2023 13:46:39 - INFO - utils.common - F1score = 0.23713905624822912
12/21/2023 13:46:39 - INFO - utils.common - 计算 accuracy ing...
12/21/2023 13:46:39 - INFO - utils.common - acc = 0.2925
12/21/2023 13:46:39 - INFO - utils.common - 计算 precision ing...
12/21/2023 13:46:39 - INFO - utils.common - precision = 0.2753381146860508
12/21/2023 13:46:39 - INFO - utils.common - 计算 recall ing...
12/21/2023 13:46:39 - INFO - utils.common - result = {'f1score': 0.23713905624822912, 'acc': 0.2925, 'precision': 0.2753381146860508, 'recall': 0.2902454555149285}
12/21/2023 13:46:39 - INFO - __main__ - Epoch:13, Train Accuracy:0.2925, f1:0.23713905624822912

Epoch: [13][0/7]	
12/21/2023 13:46:52 - INFO - utils.common - 计算 f1 score ing...
12/21/2023 13:46:52 - INFO - utils.common - F1score = 0.26048230038940345
12/21/2023 13:46:52 - INFO - utils.common - 计算 accuracy ing...
12/21/2023 13:46:52 - INFO - utils.common - acc = 0.3359
12/21/2023 13:46:52 - INFO - utils.common - 计算 precision ing...
12/21/2023 13:46:52 - INFO - utils.common - precision = 0.3340853313190562
12/21/2023 13:46:52 - INFO - utils.common - 计算 recall ing...
12/21/2023 13:46:52 - INFO - utils.common - result = {'f1score': 0.26048230038940345, 'acc': 0.3359, 'precision': 0.3340853313190562, 'recall': 0.32355010053676936}
12/21/2023 13:46:52 - INFO - __main__ - Epoch:13, Val Accuracy:0.3359, f1:0.26048230038940345

12/21/2023 13:46:52 - INFO - __main__ - lr:2.8683631183645395e-05
12/21/2023 13:46:52 - INFO - __main__ - ==========Epoch:14==========
early_st 4
12/21/2023 13:46:57 - INFO - utils.common - 计算 f1 score ing...
12/21/2023 13:46:57 - INFO - utils.common - F1score = 0.2518990678924687
12/21/2023 13:46:57 - INFO - utils.common - 计算 accuracy ing...
12/21/2023 13:46:57 - INFO - utils.common - acc = 0.3075
12/21/2023 13:46:57 - INFO - utils.common - 计算 precision ing...
12/21/2023 13:46:57 - INFO - utils.common - precision = 0.23579820840755567
12/21/2023 13:46:57 - INFO - utils.common - 计算 recall ing...
12/21/2023 13:46:57 - INFO - utils.common - result = {'f1score': 0.2518990678924687, 'acc': 0.3075, 'precision': 0.23579820840755567, 'recall': 0.308803870963326}
12/21/2023 13:46:57 - INFO - __main__ - Epoch:14, Train Accuracy:0.3075, f1:0.2518990678924687

Epoch: [14][0/7]	
12/21/2023 13:47:09 - INFO - utils.common - 计算 f1 score ing...
12/21/2023 13:47:09 - INFO - utils.common - F1score = 0.2544510801332828
12/21/2023 13:47:09 - INFO - utils.common - 计算 accuracy ing...
12/21/2023 13:47:09 - INFO - utils.common - acc = 0.3323
12/21/2023 13:47:09 - INFO - utils.common - 计算 precision ing...
12/21/2023 13:47:09 - INFO - utils.common - precision = 0.3314027280451002
12/21/2023 13:47:09 - INFO - utils.common - 计算 recall ing...
12/21/2023 13:47:09 - INFO - utils.common - result = {'f1score': 0.2544510801332828, 'acc': 0.3323, 'precision': 0.3314027280451002, 'recall': 0.31942172682562064}
12/21/2023 13:47:09 - INFO - __main__ - Epoch:14, Val Accuracy:0.3323, f1:0.2544510801332828

12/21/2023 13:47:09 - INFO - __main__ - lr:0.0003
12/21/2023 13:47:09 - INFO - __main__ - ==========Epoch:15==========
early_st 3
12/21/2023 13:47:15 - INFO - utils.common - 计算 f1 score ing...
12/21/2023 13:47:15 - INFO - utils.common - F1score = 0.2406221167042705
12/21/2023 13:47:15 - INFO - utils.common - 计算 accuracy ing...
12/21/2023 13:47:15 - INFO - utils.common - acc = 0.30125
12/21/2023 13:47:15 - INFO - utils.common - 计算 precision ing...
12/21/2023 13:47:15 - INFO - utils.common - precision = 0.21631568319689354
12/21/2023 13:47:15 - INFO - utils.common - 计算 recall ing...
12/21/2023 13:47:15 - INFO - utils.common - result = {'f1score': 0.2406221167042705, 'acc': 0.30125, 'precision': 0.21631568319689354, 'recall': 0.296270749996211}
12/21/2023 13:47:15 - INFO - __main__ - Epoch:15, Train Accuracy:0.30125, f1:0.2406221167042705

Epoch: [15][0/7]	
12/21/2023 13:47:27 - INFO - utils.common - 计算 f1 score ing...
12/21/2023 13:47:27 - INFO - utils.common - F1score = 0.23714168946331154
12/21/2023 13:47:27 - INFO - utils.common - 计算 accuracy ing...
12/21/2023 13:47:27 - INFO - utils.common - acc = 0.3191
12/21/2023 13:47:27 - INFO - utils.common - 计算 precision ing...
12/21/2023 13:47:27 - INFO - utils.common - precision = 0.31472588661984174
12/21/2023 13:47:27 - INFO - utils.common - 计算 recall ing...
12/21/2023 13:47:27 - INFO - utils.common - result = {'f1score': 0.23714168946331154, 'acc': 0.3191, 'precision': 0.31472588661984174, 'recall': 0.30321207218655466}
12/21/2023 13:47:27 - INFO - __main__ - Epoch:15, Val Accuracy:0.3191, f1:0.23714168946331154

12/21/2023 13:47:27 - INFO - __main__ - lr:0.00027135636881635457
12/21/2023 13:47:27 - INFO - __main__ - ==========Epoch:16==========
early_st 2
12/21/2023 13:47:32 - INFO - utils.common - 计算 f1 score ing...
12/21/2023 13:47:32 - INFO - utils.common - F1score = 0.25707043179200717
12/21/2023 13:47:32 - INFO - utils.common - 计算 accuracy ing...
12/21/2023 13:47:32 - INFO - utils.common - acc = 0.31625
12/21/2023 13:47:32 - INFO - utils.common - 计算 precision ing...
12/21/2023 13:47:32 - INFO - utils.common - precision = 0.2315063964503625
12/21/2023 13:47:32 - INFO - utils.common - 计算 recall ing...
12/21/2023 13:47:32 - INFO - utils.common - result = {'f1score': 0.25707043179200717, 'acc': 0.31625, 'precision': 0.2315063964503625, 'recall': 0.3121734308248104}
12/21/2023 13:47:32 - INFO - __main__ - Epoch:16, Train Accuracy:0.31625, f1:0.25707043179200717

Epoch: [16][0/7]	
12/21/2023 13:47:44 - INFO - utils.common - 计算 f1 score ing...
12/21/2023 13:47:44 - INFO - utils.common - F1score = 0.24288264231693374
12/21/2023 13:47:44 - INFO - utils.common - 计算 accuracy ing...
12/21/2023 13:47:44 - INFO - utils.common - acc = 0.32325
12/21/2023 13:47:44 - INFO - utils.common - 计算 precision ing...
12/21/2023 13:47:44 - INFO - utils.common - precision = 0.31643933008741426
12/21/2023 13:47:44 - INFO - utils.common - 计算 recall ing...
12/21/2023 13:47:44 - INFO - utils.common - result = {'f1score': 0.24288264231693374, 'acc': 0.32325, 'precision': 0.31643933008741426, 'recall': 0.3089588271388154}
12/21/2023 13:47:44 - INFO - __main__ - Epoch:16, Val Accuracy:0.32325, f1:0.24288264231693374

12/21/2023 13:47:44 - INFO - __main__ - lr:0.0001963663688163546
12/21/2023 13:47:44 - INFO - __main__ - ==========Epoch:17==========
early_st 1
12/21/2023 13:47:50 - INFO - utils.common - 计算 f1 score ing...
12/21/2023 13:47:50 - INFO - utils.common - F1score = 0.26222733406801524
12/21/2023 13:47:50 - INFO - utils.common - 计算 accuracy ing...
12/21/2023 13:47:50 - INFO - utils.common - acc = 0.3225
12/21/2023 13:47:50 - INFO - utils.common - 计算 precision ing...
12/21/2023 13:47:50 - INFO - utils.common - precision = 0.28847913879848186
12/21/2023 13:47:50 - INFO - utils.common - 计算 recall ing...
12/21/2023 13:47:50 - INFO - utils.common - result = {'f1score': 0.26222733406801524, 'acc': 0.3225, 'precision': 0.28847913879848186, 'recall': 0.320893797550287}
12/21/2023 13:47:50 - INFO - __main__ - Epoch:17, Train Accuracy:0.3225, f1:0.26222733406801524

Epoch: [17][0/7]	
12/21/2023 13:48:01 - INFO - utils.common - 计算 f1 score ing...
12/21/2023 13:48:01 - INFO - utils.common - F1score = 0.2404609563493542
12/21/2023 13:48:01 - INFO - utils.common - 计算 accuracy ing...
12/21/2023 13:48:02 - INFO - utils.common - acc = 0.3226
12/21/2023 13:48:02 - INFO - utils.common - 计算 precision ing...
12/21/2023 13:48:02 - INFO - utils.common - precision = 0.30935000601799484
12/21/2023 13:48:02 - INFO - utils.common - 计算 recall ing...
12/21/2023 13:48:02 - INFO - utils.common - result = {'f1score': 0.2404609563493542, 'acc': 0.3226, 'precision': 0.30935000601799484, 'recall': 0.3085442201542108}
12/21/2023 13:48:02 - INFO - __main__ - Epoch:17, Val Accuracy:0.3226, f1:0.2404609563493542

12/21/2023 13:48:02 - INFO - __main__ - lr:0.0001036736311836454
early_st 0
early_stop
Test
12/21/2023 13:48:07 - INFO - utils.common - 计算 f1 score ing...
12/21/2023 13:48:08 - INFO - utils.common - F1score = 0.31240916325567253
12/21/2023 13:48:08 - INFO - utils.common - 计算 accuracy ing...
12/21/2023 13:48:08 - INFO - utils.common - acc = 0.42089136490250695
12/21/2023 13:48:08 - INFO - utils.common - 计算 precision ing...
12/21/2023 13:48:08 - INFO - utils.common - precision = 0.33678824479446323
12/21/2023 13:48:08 - INFO - utils.common - 计算 recall ing...
12/21/2023 13:48:08 - INFO - utils.common - result = {'f1score': 0.31240916325567253, 'acc': 0.42089136490250695, 'precision': 0.33678824479446323, 'recall': 0.3817581206648497}
12/21/2023 13:48:08 - INFO - __main__ - test_f1:0.31240916325567253, test_acc:0.42089136490250695, test_precision:0.33678824479446323, test_recall:0.3817581206648497
12/21/2023 13:48:08 - INFO - __main__ - Finish fine-turning...
