nohup: ignoring input
12/21/2023 13:40:46 - INFO - __main__ - 设置 seed 为:  0
12/21/2023 13:40:46 - INFO - __main__ - Start fine-turning...
12/21/2023 13:40:49 - INFO - __main__ - ==========Epoch:0==========
=> no checkpoint found at '
12/21/2023 13:40:55 - INFO - utils.common - 计算 f1 score ing...
12/21/2023 13:40:55 - INFO - utils.common - F1score = 0.02753604420271087
12/21/2023 13:40:55 - INFO - utils.common - 计算 accuracy ing...
12/21/2023 13:40:55 - INFO - utils.common - acc = 0.12
12/21/2023 13:40:55 - INFO - utils.common - 计算 precision ing...
12/21/2023 13:40:55 - INFO - utils.common - precision = 0.041133844842284745
12/21/2023 13:40:55 - INFO - utils.common - 计算 recall ing...
12/21/2023 13:40:55 - INFO - utils.common - result = {'f1score': 0.02753604420271087, 'acc': 0.12, 'precision': 0.041133844842284745, 'recall': 0.10861469970251098}
12/21/2023 13:40:55 - INFO - __main__ - Epoch:0, Train Accuracy:0.12, f1:0.02753604420271087

Epoch: [0][0/7]	
12/21/2023 13:41:07 - INFO - utils.common - 计算 f1 score ing...
12/21/2023 13:41:07 - INFO - utils.common - F1score = 0.024482405940500617
12/21/2023 13:41:07 - INFO - utils.common - 计算 accuracy ing...
12/21/2023 13:41:07 - INFO - utils.common - acc = 0.11295
12/21/2023 13:41:07 - INFO - utils.common - 计算 precision ing...
12/21/2023 13:41:07 - INFO - utils.common - precision = 0.12481893842317869
12/21/2023 13:41:07 - INFO - utils.common - 计算 recall ing...
12/21/2023 13:41:07 - INFO - utils.common - result = {'f1score': 0.024482405940500617, 'acc': 0.11295, 'precision': 0.12481893842317869, 'recall': 0.11043111245954787}
12/21/2023 13:41:07 - INFO - __main__ - Epoch:0, Val Accuracy:0.11295, f1:0.024482405940500617

12/21/2023 13:41:07 - INFO - __main__ - lr:0.00027135636881635457
12/21/2023 13:41:07 - INFO - __main__ - ==========Epoch:1==========
Save best weights
12/21/2023 13:41:12 - INFO - utils.common - 计算 f1 score ing...
12/21/2023 13:41:12 - INFO - utils.common - F1score = 0.07388683954005064
12/21/2023 13:41:12 - INFO - utils.common - 计算 accuracy ing...
12/21/2023 13:41:12 - INFO - utils.common - acc = 0.145
12/21/2023 13:41:12 - INFO - utils.common - 计算 precision ing...
12/21/2023 13:41:12 - INFO - utils.common - precision = 0.2905034572964791
12/21/2023 13:41:12 - INFO - utils.common - 计算 recall ing...
12/21/2023 13:41:12 - INFO - utils.common - result = {'f1score': 0.07388683954005064, 'acc': 0.145, 'precision': 0.2905034572964791, 'recall': 0.12607920098298678}
12/21/2023 13:41:12 - INFO - __main__ - Epoch:1, Train Accuracy:0.145, f1:0.07388683954005064

Epoch: [1][0/7]	
12/21/2023 13:41:24 - INFO - utils.common - 计算 f1 score ing...
12/21/2023 13:41:24 - INFO - utils.common - F1score = 0.16590122751257852
12/21/2023 13:41:24 - INFO - utils.common - 计算 accuracy ing...
12/21/2023 13:41:24 - INFO - utils.common - acc = 0.23115
12/21/2023 13:41:24 - INFO - utils.common - 计算 precision ing...
12/21/2023 13:41:24 - INFO - utils.common - precision = 0.1903372912586163
12/21/2023 13:41:24 - INFO - utils.common - 计算 recall ing...
12/21/2023 13:41:24 - INFO - utils.common - result = {'f1score': 0.16590122751257852, 'acc': 0.23115, 'precision': 0.1903372912586163, 'recall': 0.23283850326224348}
12/21/2023 13:41:24 - INFO - __main__ - Epoch:1, Val Accuracy:0.23115, f1:0.16590122751257852

12/21/2023 13:41:24 - INFO - __main__ - lr:0.0001963663688163546
12/21/2023 13:41:24 - INFO - __main__ - ==========Epoch:2==========
Save best weights
12/21/2023 13:41:29 - INFO - utils.common - 计算 f1 score ing...
12/21/2023 13:41:29 - INFO - utils.common - F1score = 0.09439950873086457
12/21/2023 13:41:29 - INFO - utils.common - 计算 accuracy ing...
12/21/2023 13:41:29 - INFO - utils.common - acc = 0.1725
12/21/2023 13:41:29 - INFO - utils.common - 计算 precision ing...
12/21/2023 13:41:29 - INFO - utils.common - precision = 0.21152445770362768
12/21/2023 13:41:29 - INFO - utils.common - 计算 recall ing...
12/21/2023 13:41:29 - INFO - utils.common - result = {'f1score': 0.09439950873086457, 'acc': 0.1725, 'precision': 0.21152445770362768, 'recall': 0.1410923843604819}
12/21/2023 13:41:29 - INFO - __main__ - Epoch:2, Train Accuracy:0.1725, f1:0.09439950873086457

Epoch: [2][0/7]	
12/21/2023 13:41:47 - INFO - utils.common - 计算 f1 score ing...
12/21/2023 13:41:47 - INFO - utils.common - F1score = 0.20052539462728305
12/21/2023 13:41:47 - INFO - utils.common - 计算 accuracy ing...
12/21/2023 13:41:47 - INFO - utils.common - acc = 0.27445
12/21/2023 13:41:47 - INFO - utils.common - 计算 precision ing...
12/21/2023 13:41:47 - INFO - utils.common - precision = 0.31822033318350357
12/21/2023 13:41:47 - INFO - utils.common - 计算 recall ing...
12/21/2023 13:41:47 - INFO - utils.common - result = {'f1score': 0.20052539462728305, 'acc': 0.27445, 'precision': 0.31822033318350357, 'recall': 0.2784524470948151}
12/21/2023 13:41:47 - INFO - __main__ - Epoch:2, Val Accuracy:0.27445, f1:0.20052539462728305

12/21/2023 13:41:47 - INFO - __main__ - lr:0.0001036736311836454
12/21/2023 13:41:47 - INFO - __main__ - ==========Epoch:3==========
Save best weights
12/21/2023 13:41:53 - INFO - utils.common - 计算 f1 score ing...
12/21/2023 13:41:53 - INFO - utils.common - F1score = 0.1082927507620324
12/21/2023 13:41:53 - INFO - utils.common - 计算 accuracy ing...
12/21/2023 13:41:53 - INFO - utils.common - acc = 0.18625
12/21/2023 13:41:53 - INFO - utils.common - 计算 precision ing...
12/21/2023 13:41:53 - INFO - utils.common - precision = 0.19691871900148697
12/21/2023 13:41:53 - INFO - utils.common - 计算 recall ing...
12/21/2023 13:41:53 - INFO - utils.common - result = {'f1score': 0.1082927507620324, 'acc': 0.18625, 'precision': 0.19691871900148697, 'recall': 0.15512924030983288}
12/21/2023 13:41:53 - INFO - __main__ - Epoch:3, Train Accuracy:0.18625, f1:0.1082927507620324

Epoch: [3][0/7]	
12/21/2023 13:42:11 - INFO - utils.common - 计算 f1 score ing...
12/21/2023 13:42:11 - INFO - utils.common - F1score = 0.23400306989662015
12/21/2023 13:42:11 - INFO - utils.common - 计算 accuracy ing...
12/21/2023 13:42:11 - INFO - utils.common - acc = 0.29935
12/21/2023 13:42:11 - INFO - utils.common - 计算 precision ing...
12/21/2023 13:42:11 - INFO - utils.common - precision = 0.3015070709849374
12/21/2023 13:42:11 - INFO - utils.common - 计算 recall ing...
12/21/2023 13:42:11 - INFO - utils.common - result = {'f1score': 0.23400306989662015, 'acc': 0.29935, 'precision': 0.3015070709849374, 'recall': 0.29625987002905657}
12/21/2023 13:42:11 - INFO - __main__ - Epoch:3, Val Accuracy:0.29935, f1:0.23400306989662015

12/21/2023 13:42:11 - INFO - __main__ - lr:2.8683631183645395e-05
12/21/2023 13:42:11 - INFO - __main__ - ==========Epoch:4==========
Save best weights
12/21/2023 13:42:17 - INFO - utils.common - 计算 f1 score ing...
12/21/2023 13:42:17 - INFO - utils.common - F1score = 0.1363644707639682
12/21/2023 13:42:17 - INFO - utils.common - 计算 accuracy ing...
12/21/2023 13:42:17 - INFO - utils.common - acc = 0.2
12/21/2023 13:42:17 - INFO - utils.common - 计算 precision ing...
12/21/2023 13:42:17 - INFO - utils.common - precision = 0.2245336584485408
12/21/2023 13:42:17 - INFO - utils.common - 计算 recall ing...
12/21/2023 13:42:17 - INFO - utils.common - result = {'f1score': 0.1363644707639682, 'acc': 0.2, 'precision': 0.2245336584485408, 'recall': 0.1711533063236987}
12/21/2023 13:42:17 - INFO - __main__ - Epoch:4, Train Accuracy:0.2, f1:0.1363644707639682

Epoch: [4][0/7]	
12/21/2023 13:42:34 - INFO - utils.common - 计算 f1 score ing...
12/21/2023 13:42:34 - INFO - utils.common - F1score = 0.2499879895030661
12/21/2023 13:42:34 - INFO - utils.common - 计算 accuracy ing...
12/21/2023 13:42:34 - INFO - utils.common - acc = 0.31235
12/21/2023 13:42:34 - INFO - utils.common - 计算 precision ing...
12/21/2023 13:42:34 - INFO - utils.common - precision = 0.2768669140365777
12/21/2023 13:42:34 - INFO - utils.common - 计算 recall ing...
12/21/2023 13:42:34 - INFO - utils.common - result = {'f1score': 0.2499879895030661, 'acc': 0.31235, 'precision': 0.2768669140365777, 'recall': 0.30481041889225985}
12/21/2023 13:42:34 - INFO - __main__ - Epoch:4, Val Accuracy:0.31235, f1:0.2499879895030661

12/21/2023 13:42:34 - INFO - __main__ - lr:0.0003
12/21/2023 13:42:34 - INFO - __main__ - ==========Epoch:5==========
Save best weights
12/21/2023 13:42:41 - INFO - utils.common - 计算 f1 score ing...
12/21/2023 13:42:41 - INFO - utils.common - F1score = 0.16910140348873434
12/21/2023 13:42:41 - INFO - utils.common - 计算 accuracy ing...
12/21/2023 13:42:41 - INFO - utils.common - acc = 0.22375
12/21/2023 13:42:41 - INFO - utils.common - 计算 precision ing...
12/21/2023 13:42:41 - INFO - utils.common - precision = 0.23539643010539532
12/21/2023 13:42:41 - INFO - utils.common - 计算 recall ing...
12/21/2023 13:42:41 - INFO - utils.common - result = {'f1score': 0.16910140348873434, 'acc': 0.22375, 'precision': 0.23539643010539532, 'recall': 0.19862589826223445}
12/21/2023 13:42:41 - INFO - __main__ - Epoch:5, Train Accuracy:0.22375, f1:0.16910140348873434

Epoch: [5][0/7]	
12/21/2023 13:42:58 - INFO - utils.common - 计算 f1 score ing...
12/21/2023 13:42:58 - INFO - utils.common - F1score = 0.2619810998570386
12/21/2023 13:42:58 - INFO - utils.common - 计算 accuracy ing...
12/21/2023 13:42:58 - INFO - utils.common - acc = 0.32705
12/21/2023 13:42:58 - INFO - utils.common - 计算 precision ing...
12/21/2023 13:42:58 - INFO - utils.common - precision = 0.28990124068309436
12/21/2023 13:42:58 - INFO - utils.common - 计算 recall ing...
12/21/2023 13:42:58 - INFO - utils.common - result = {'f1score': 0.2619810998570386, 'acc': 0.32705, 'precision': 0.28990124068309436, 'recall': 0.31368051607841907}
12/21/2023 13:42:58 - INFO - __main__ - Epoch:5, Val Accuracy:0.32705, f1:0.2619810998570386

12/21/2023 13:42:58 - INFO - __main__ - lr:0.00027135636881635457
12/21/2023 13:42:58 - INFO - __main__ - ==========Epoch:6==========
Save best weights
12/21/2023 13:43:04 - INFO - utils.common - 计算 f1 score ing...
12/21/2023 13:43:04 - INFO - utils.common - F1score = 0.18543216406132024
12/21/2023 13:43:04 - INFO - utils.common - 计算 accuracy ing...
12/21/2023 13:43:04 - INFO - utils.common - acc = 0.24625
12/21/2023 13:43:04 - INFO - utils.common - 计算 precision ing...
12/21/2023 13:43:04 - INFO - utils.common - precision = 0.19590811666633512
12/21/2023 13:43:04 - INFO - utils.common - 计算 recall ing...
12/21/2023 13:43:04 - INFO - utils.common - result = {'f1score': 0.18543216406132024, 'acc': 0.24625, 'precision': 0.19590811666633512, 'recall': 0.22405641794085124}
12/21/2023 13:43:04 - INFO - __main__ - Epoch:6, Train Accuracy:0.24625, f1:0.18543216406132024

Epoch: [6][0/7]	
12/21/2023 13:43:22 - INFO - utils.common - 计算 f1 score ing...
12/21/2023 13:43:22 - INFO - utils.common - F1score = 0.2632905969787397
12/21/2023 13:43:22 - INFO - utils.common - 计算 accuracy ing...
12/21/2023 13:43:22 - INFO - utils.common - acc = 0.327
12/21/2023 13:43:22 - INFO - utils.common - 计算 precision ing...
12/21/2023 13:43:22 - INFO - utils.common - precision = 0.24016085836233295
12/21/2023 13:43:22 - INFO - utils.common - 计算 recall ing...
12/21/2023 13:43:22 - INFO - utils.common - result = {'f1score': 0.2632905969787397, 'acc': 0.327, 'precision': 0.24016085836233295, 'recall': 0.3136856250810611}
12/21/2023 13:43:22 - INFO - __main__ - Epoch:6, Val Accuracy:0.327, f1:0.2632905969787397

12/21/2023 13:43:22 - INFO - __main__ - lr:0.0001963663688163546
12/21/2023 13:43:22 - INFO - __main__ - ==========Epoch:7==========
early_st 4
12/21/2023 13:43:29 - INFO - utils.common - 计算 f1 score ing...
12/21/2023 13:43:29 - INFO - utils.common - F1score = 0.21620079293622516
12/21/2023 13:43:29 - INFO - utils.common - 计算 accuracy ing...
12/21/2023 13:43:29 - INFO - utils.common - acc = 0.275
12/21/2023 13:43:29 - INFO - utils.common - 计算 precision ing...
12/21/2023 13:43:29 - INFO - utils.common - precision = 0.22673576859724148
12/21/2023 13:43:29 - INFO - utils.common - 计算 recall ing...
12/21/2023 13:43:29 - INFO - utils.common - result = {'f1score': 0.21620079293622516, 'acc': 0.275, 'precision': 0.22673576859724148, 'recall': 0.25528244494178165}
12/21/2023 13:43:29 - INFO - __main__ - Epoch:7, Train Accuracy:0.275, f1:0.21620079293622516

Epoch: [7][0/7]	
12/21/2023 13:43:47 - INFO - utils.common - 计算 f1 score ing...
12/21/2023 13:43:47 - INFO - utils.common - F1score = 0.26203297430918016
12/21/2023 13:43:47 - INFO - utils.common - 计算 accuracy ing...
12/21/2023 13:43:47 - INFO - utils.common - acc = 0.32155
12/21/2023 13:43:47 - INFO - utils.common - 计算 precision ing...
12/21/2023 13:43:47 - INFO - utils.common - precision = 0.281677280434265
12/21/2023 13:43:47 - INFO - utils.common - 计算 recall ing...
12/21/2023 13:43:47 - INFO - utils.common - result = {'f1score': 0.26203297430918016, 'acc': 0.32155, 'precision': 0.281677280434265, 'recall': 0.3104187880399555}
12/21/2023 13:43:47 - INFO - __main__ - Epoch:7, Val Accuracy:0.32155, f1:0.26203297430918016

12/21/2023 13:43:47 - INFO - __main__ - lr:0.0001036736311836454
12/21/2023 13:43:47 - INFO - __main__ - ==========Epoch:8==========
early_st 3
12/21/2023 13:43:53 - INFO - utils.common - 计算 f1 score ing...
12/21/2023 13:43:53 - INFO - utils.common - F1score = 0.2115871054210979
12/21/2023 13:43:53 - INFO - utils.common - 计算 accuracy ing...
12/21/2023 13:43:53 - INFO - utils.common - acc = 0.27875
12/21/2023 13:43:53 - INFO - utils.common - 计算 precision ing...
12/21/2023 13:43:53 - INFO - utils.common - precision = 0.20603227463515328
12/21/2023 13:43:53 - INFO - utils.common - 计算 recall ing...
12/21/2023 13:43:53 - INFO - utils.common - result = {'f1score': 0.2115871054210979, 'acc': 0.27875, 'precision': 0.20603227463515328, 'recall': 0.25908557732225274}
12/21/2023 13:43:53 - INFO - __main__ - Epoch:8, Train Accuracy:0.27875, f1:0.2115871054210979

Epoch: [8][0/7]	
12/21/2023 13:44:11 - INFO - utils.common - 计算 f1 score ing...
12/21/2023 13:44:11 - INFO - utils.common - F1score = 0.2604911335135867
12/21/2023 13:44:11 - INFO - utils.common - 计算 accuracy ing...
12/21/2023 13:44:11 - INFO - utils.common - acc = 0.31755
12/21/2023 13:44:11 - INFO - utils.common - 计算 precision ing...
12/21/2023 13:44:11 - INFO - utils.common - precision = 0.26241903362642915
12/21/2023 13:44:11 - INFO - utils.common - 计算 recall ing...
12/21/2023 13:44:11 - INFO - utils.common - result = {'f1score': 0.2604911335135867, 'acc': 0.31755, 'precision': 0.26241903362642915, 'recall': 0.30573270268016633}
12/21/2023 13:44:11 - INFO - __main__ - Epoch:8, Val Accuracy:0.31755, f1:0.2604911335135867

12/21/2023 13:44:11 - INFO - __main__ - lr:2.8683631183645395e-05
12/21/2023 13:44:11 - INFO - __main__ - ==========Epoch:9==========
early_st 2
12/21/2023 13:44:19 - INFO - utils.common - 计算 f1 score ing...
12/21/2023 13:44:19 - INFO - utils.common - F1score = 0.22633301805865993
12/21/2023 13:44:19 - INFO - utils.common - 计算 accuracy ing...
12/21/2023 13:44:19 - INFO - utils.common - acc = 0.2925
12/21/2023 13:44:19 - INFO - utils.common - 计算 precision ing...
12/21/2023 13:44:19 - INFO - utils.common - precision = 0.22216316641051642
12/21/2023 13:44:19 - INFO - utils.common - 计算 recall ing...
12/21/2023 13:44:19 - INFO - utils.common - result = {'f1score': 0.22633301805865993, 'acc': 0.2925, 'precision': 0.22216316641051642, 'recall': 0.27155276405499384}
12/21/2023 13:44:19 - INFO - __main__ - Epoch:9, Train Accuracy:0.2925, f1:0.22633301805865993

Epoch: [9][0/7]	
12/21/2023 13:44:36 - INFO - utils.common - 计算 f1 score ing...
12/21/2023 13:44:36 - INFO - utils.common - F1score = 0.25497006768365743
12/21/2023 13:44:36 - INFO - utils.common - 计算 accuracy ing...
12/21/2023 13:44:36 - INFO - utils.common - acc = 0.31325
12/21/2023 13:44:36 - INFO - utils.common - 计算 precision ing...
12/21/2023 13:44:36 - INFO - utils.common - precision = 0.26117820459375296
12/21/2023 13:44:36 - INFO - utils.common - 计算 recall ing...
12/21/2023 13:44:36 - INFO - utils.common - result = {'f1score': 0.25497006768365743, 'acc': 0.31325, 'precision': 0.26117820459375296, 'recall': 0.30245868536102993}
12/21/2023 13:44:36 - INFO - __main__ - Epoch:9, Val Accuracy:0.31325, f1:0.25497006768365743

12/21/2023 13:44:36 - INFO - __main__ - lr:0.0003
12/21/2023 13:44:36 - INFO - __main__ - ==========Epoch:10==========
early_st 1
12/21/2023 13:44:43 - INFO - utils.common - 计算 f1 score ing...
12/21/2023 13:44:43 - INFO - utils.common - F1score = 0.21101301371524245
12/21/2023 13:44:43 - INFO - utils.common - 计算 accuracy ing...
12/21/2023 13:44:43 - INFO - utils.common - acc = 0.27875
12/21/2023 13:44:43 - INFO - utils.common - 计算 precision ing...
12/21/2023 13:44:43 - INFO - utils.common - precision = 0.20336832280488684
12/21/2023 13:44:43 - INFO - utils.common - 计算 recall ing...
12/21/2023 13:44:43 - INFO - utils.common - result = {'f1score': 0.21101301371524245, 'acc': 0.27875, 'precision': 0.20336832280488684, 'recall': 0.26024519642919314}
12/21/2023 13:44:43 - INFO - __main__ - Epoch:10, Train Accuracy:0.27875, f1:0.21101301371524245

Epoch: [10][0/7]	
12/21/2023 13:45:00 - INFO - utils.common - 计算 f1 score ing...
12/21/2023 13:45:00 - INFO - utils.common - F1score = 0.23920551375313368
12/21/2023 13:45:00 - INFO - utils.common - 计算 accuracy ing...
12/21/2023 13:45:00 - INFO - utils.common - acc = 0.3134
12/21/2023 13:45:00 - INFO - utils.common - 计算 precision ing...
12/21/2023 13:45:00 - INFO - utils.common - precision = 0.3130086197733115
12/21/2023 13:45:00 - INFO - utils.common - 计算 recall ing...
12/21/2023 13:45:00 - INFO - utils.common - result = {'f1score': 0.23920551375313368, 'acc': 0.3134, 'precision': 0.3130086197733115, 'recall': 0.30257661838975114}
12/21/2023 13:45:00 - INFO - __main__ - Epoch:10, Val Accuracy:0.3134, f1:0.23920551375313368

12/21/2023 13:45:00 - INFO - __main__ - lr:0.00027135636881635457
early_st 0
early_stop
Test
12/21/2023 13:45:07 - INFO - utils.common - 计算 f1 score ing...
12/21/2023 13:45:07 - INFO - utils.common - F1score = 0.29866190769899004
12/21/2023 13:45:07 - INFO - utils.common - 计算 accuracy ing...
12/21/2023 13:45:07 - INFO - utils.common - acc = 0.39178272980501394
12/21/2023 13:45:07 - INFO - utils.common - 计算 precision ing...
12/21/2023 13:45:07 - INFO - utils.common - precision = 0.3446643305131885
12/21/2023 13:45:07 - INFO - utils.common - 计算 recall ing...
12/21/2023 13:45:07 - INFO - utils.common - result = {'f1score': 0.29866190769899004, 'acc': 0.39178272980501394, 'precision': 0.3446643305131885, 'recall': 0.3623553600242273}
12/21/2023 13:45:07 - INFO - __main__ - test_f1:0.29866190769899004, test_acc:0.39178272980501394, test_precision:0.3446643305131885, test_recall:0.3623553600242273
12/21/2023 13:45:07 - INFO - __main__ - Finish fine-turning...
