nohup: ignoring input
12/21/2023 13:41:32 - INFO - __main__ - 设置 seed 为:  2
12/21/2023 13:41:32 - INFO - __main__ - Start fine-turning...
12/21/2023 13:41:36 - INFO - __main__ - ==========Epoch:0==========
=> no checkpoint found at '
12/21/2023 13:41:41 - INFO - utils.common - 计算 f1 score ing...
12/21/2023 13:41:41 - INFO - utils.common - F1score = 0.09227464531518387
12/21/2023 13:41:41 - INFO - utils.common - 计算 accuracy ing...
12/21/2023 13:41:41 - INFO - utils.common - acc = 0.1525
12/21/2023 13:41:41 - INFO - utils.common - 计算 precision ing...
12/21/2023 13:41:41 - INFO - utils.common - precision = 0.1185663684831532
12/21/2023 13:41:41 - INFO - utils.common - 计算 recall ing...
12/21/2023 13:41:41 - INFO - utils.common - result = {'f1score': 0.09227464531518387, 'acc': 0.1525, 'precision': 0.1185663684831532, 'recall': 0.16408942120909664}
12/21/2023 13:41:41 - INFO - __main__ - Epoch:0, Train Accuracy:0.1525, f1:0.09227464531518387

Epoch: [0][0/7]	
12/21/2023 13:41:54 - INFO - utils.common - 计算 f1 score ing...
12/21/2023 13:41:54 - INFO - utils.common - F1score = 0.024009083217178012
12/21/2023 13:41:54 - INFO - utils.common - 计算 accuracy ing...
12/21/2023 13:41:54 - INFO - utils.common - acc = 0.06895
12/21/2023 13:41:54 - INFO - utils.common - 计算 precision ing...
12/21/2023 13:41:54 - INFO - utils.common - precision = 0.019219619124859394
12/21/2023 13:41:54 - INFO - utils.common - 计算 recall ing...
12/21/2023 13:41:54 - INFO - utils.common - result = {'f1score': 0.024009083217178012, 'acc': 0.06895, 'precision': 0.019219619124859394, 'recall': 0.07118972030171412}
12/21/2023 13:41:54 - INFO - __main__ - Epoch:0, Val Accuracy:0.06895, f1:0.024009083217178012

12/21/2023 13:41:54 - INFO - __main__ - lr:0.00027135636881635457
12/21/2023 13:41:54 - INFO - __main__ - ==========Epoch:1==========
Save best weights
12/21/2023 13:41:59 - INFO - utils.common - 计算 f1 score ing...
12/21/2023 13:41:59 - INFO - utils.common - F1score = 0.12207643550807827
12/21/2023 13:41:59 - INFO - utils.common - 计算 accuracy ing...
12/21/2023 13:41:59 - INFO - utils.common - acc = 0.185
12/21/2023 13:41:59 - INFO - utils.common - 计算 precision ing...
12/21/2023 13:41:59 - INFO - utils.common - precision = 0.16426043523119926
12/21/2023 13:41:59 - INFO - utils.common - 计算 recall ing...
12/21/2023 13:41:59 - INFO - utils.common - result = {'f1score': 0.12207643550807827, 'acc': 0.185, 'precision': 0.16426043523119926, 'recall': 0.17677150220408003}
12/21/2023 13:41:59 - INFO - __main__ - Epoch:1, Train Accuracy:0.185, f1:0.12207643550807827

Epoch: [1][0/7]	
12/21/2023 13:42:17 - INFO - utils.common - 计算 f1 score ing...
12/21/2023 13:42:17 - INFO - utils.common - F1score = 0.02159143667468627
12/21/2023 13:42:17 - INFO - utils.common - 计算 accuracy ing...
12/21/2023 13:42:17 - INFO - utils.common - acc = 0.1066
12/21/2023 13:42:17 - INFO - utils.common - 计算 precision ing...
12/21/2023 13:42:17 - INFO - utils.common - precision = 0.0489294417471213
12/21/2023 13:42:17 - INFO - utils.common - 计算 recall ing...
12/21/2023 13:42:17 - INFO - utils.common - result = {'f1score': 0.02159143667468627, 'acc': 0.1066, 'precision': 0.0489294417471213, 'recall': 0.11116429977128878}
12/21/2023 13:42:17 - INFO - __main__ - Epoch:1, Val Accuracy:0.1066, f1:0.02159143667468627

12/21/2023 13:42:17 - INFO - __main__ - lr:0.0001963663688163546
12/21/2023 13:42:17 - INFO - __main__ - ==========Epoch:2==========
Save best weights
12/21/2023 13:42:22 - INFO - utils.common - 计算 f1 score ing...
12/21/2023 13:42:22 - INFO - utils.common - F1score = 0.16711365967983374
12/21/2023 13:42:22 - INFO - utils.common - 计算 accuracy ing...
12/21/2023 13:42:22 - INFO - utils.common - acc = 0.23125
12/21/2023 13:42:22 - INFO - utils.common - 计算 precision ing...
12/21/2023 13:42:22 - INFO - utils.common - precision = 0.20451146616330151
12/21/2023 13:42:22 - INFO - utils.common - 计算 recall ing...
12/21/2023 13:42:22 - INFO - utils.common - result = {'f1score': 0.16711365967983374, 'acc': 0.23125, 'precision': 0.20451146616330151, 'recall': 0.20981634299563573}
12/21/2023 13:42:22 - INFO - __main__ - Epoch:2, Train Accuracy:0.23125, f1:0.16711365967983374

Epoch: [2][0/7]	
12/21/2023 13:42:40 - INFO - utils.common - 计算 f1 score ing...
12/21/2023 13:42:40 - INFO - utils.common - F1score = 0.05553966495569055
12/21/2023 13:42:40 - INFO - utils.common - 计算 accuracy ing...
12/21/2023 13:42:40 - INFO - utils.common - acc = 0.11535
12/21/2023 13:42:40 - INFO - utils.common - 计算 precision ing...
12/21/2023 13:42:40 - INFO - utils.common - precision = 0.08652593427938768
12/21/2023 13:42:40 - INFO - utils.common - 计算 recall ing...
12/21/2023 13:42:40 - INFO - utils.common - result = {'f1score': 0.05553966495569055, 'acc': 0.11535, 'precision': 0.08652593427938768, 'recall': 0.11988880301215277}
12/21/2023 13:42:40 - INFO - __main__ - Epoch:2, Val Accuracy:0.11535, f1:0.05553966495569055

12/21/2023 13:42:40 - INFO - __main__ - lr:0.0001036736311836454
12/21/2023 13:42:40 - INFO - __main__ - ==========Epoch:3==========
Save best weights
12/21/2023 13:42:45 - INFO - utils.common - 计算 f1 score ing...
12/21/2023 13:42:45 - INFO - utils.common - F1score = 0.14895567412797073
12/21/2023 13:42:45 - INFO - utils.common - 计算 accuracy ing...
12/21/2023 13:42:45 - INFO - utils.common - acc = 0.215
12/21/2023 13:42:45 - INFO - utils.common - 计算 precision ing...
12/21/2023 13:42:45 - INFO - utils.common - precision = 0.16824027167998798
12/21/2023 13:42:45 - INFO - utils.common - 计算 recall ing...
12/21/2023 13:42:45 - INFO - utils.common - result = {'f1score': 0.14895567412797073, 'acc': 0.215, 'precision': 0.16824027167998798, 'recall': 0.19353441859835724}
12/21/2023 13:42:45 - INFO - __main__ - Epoch:3, Train Accuracy:0.215, f1:0.14895567412797073

Epoch: [3][0/7]	
12/21/2023 13:43:02 - INFO - utils.common - 计算 f1 score ing...
12/21/2023 13:43:02 - INFO - utils.common - F1score = 0.11414928638609036
12/21/2023 13:43:02 - INFO - utils.common - 计算 accuracy ing...
12/21/2023 13:43:03 - INFO - utils.common - acc = 0.1693
12/21/2023 13:43:03 - INFO - utils.common - 计算 precision ing...
12/21/2023 13:43:03 - INFO - utils.common - precision = 0.22421720475090007
12/21/2023 13:43:03 - INFO - utils.common - 计算 recall ing...
12/21/2023 13:43:03 - INFO - utils.common - result = {'f1score': 0.11414928638609036, 'acc': 0.1693, 'precision': 0.22421720475090007, 'recall': 0.1720260944622739}
12/21/2023 13:43:03 - INFO - __main__ - Epoch:3, Val Accuracy:0.1693, f1:0.11414928638609036

12/21/2023 13:43:03 - INFO - __main__ - lr:2.8683631183645395e-05
12/21/2023 13:43:03 - INFO - __main__ - ==========Epoch:4==========
Save best weights
12/21/2023 13:43:08 - INFO - utils.common - 计算 f1 score ing...
12/21/2023 13:43:08 - INFO - utils.common - F1score = 0.1526635167825125
12/21/2023 13:43:08 - INFO - utils.common - 计算 accuracy ing...
12/21/2023 13:43:08 - INFO - utils.common - acc = 0.22125
12/21/2023 13:43:08 - INFO - utils.common - 计算 precision ing...
12/21/2023 13:43:08 - INFO - utils.common - precision = 0.17254973286615063
12/21/2023 13:43:08 - INFO - utils.common - 计算 recall ing...
12/21/2023 13:43:08 - INFO - utils.common - result = {'f1score': 0.1526635167825125, 'acc': 0.22125, 'precision': 0.17254973286615063, 'recall': 0.1975225039207754}
12/21/2023 13:43:08 - INFO - __main__ - Epoch:4, Train Accuracy:0.22125, f1:0.1526635167825125

Epoch: [4][0/7]	
12/21/2023 13:43:25 - INFO - utils.common - 计算 f1 score ing...
12/21/2023 13:43:25 - INFO - utils.common - F1score = 0.13894279177441582
12/21/2023 13:43:25 - INFO - utils.common - 计算 accuracy ing...
12/21/2023 13:43:25 - INFO - utils.common - acc = 0.2075
12/21/2023 13:43:25 - INFO - utils.common - 计算 precision ing...
12/21/2023 13:43:25 - INFO - utils.common - precision = 0.12679599531459085
12/21/2023 13:43:25 - INFO - utils.common - 计算 recall ing...
12/21/2023 13:43:25 - INFO - utils.common - result = {'f1score': 0.13894279177441582, 'acc': 0.2075, 'precision': 0.12679599531459085, 'recall': 0.20535673996452206}
12/21/2023 13:43:25 - INFO - __main__ - Epoch:4, Val Accuracy:0.2075, f1:0.13894279177441582

12/21/2023 13:43:25 - INFO - __main__ - lr:0.0003
12/21/2023 13:43:25 - INFO - __main__ - ==========Epoch:5==========
Save best weights
12/21/2023 13:43:31 - INFO - utils.common - 计算 f1 score ing...
12/21/2023 13:43:31 - INFO - utils.common - F1score = 0.18198734808405795
12/21/2023 13:43:31 - INFO - utils.common - 计算 accuracy ing...
12/21/2023 13:43:31 - INFO - utils.common - acc = 0.2575
12/21/2023 13:43:31 - INFO - utils.common - 计算 precision ing...
12/21/2023 13:43:31 - INFO - utils.common - precision = 0.18476615115693246
12/21/2023 13:43:31 - INFO - utils.common - 计算 recall ing...
12/21/2023 13:43:31 - INFO - utils.common - result = {'f1score': 0.18198734808405795, 'acc': 0.2575, 'precision': 0.18476615115693246, 'recall': 0.22966609599028687}
12/21/2023 13:43:31 - INFO - __main__ - Epoch:5, Train Accuracy:0.2575, f1:0.18198734808405795

Epoch: [5][0/7]	
12/21/2023 13:43:50 - INFO - utils.common - 计算 f1 score ing...
12/21/2023 13:43:50 - INFO - utils.common - F1score = 0.17210166494761503
12/21/2023 13:43:50 - INFO - utils.common - 计算 accuracy ing...
12/21/2023 13:43:50 - INFO - utils.common - acc = 0.26935
12/21/2023 13:43:50 - INFO - utils.common - 计算 precision ing...
12/21/2023 13:43:50 - INFO - utils.common - precision = 0.1455372864037745
12/21/2023 13:43:50 - INFO - utils.common - 计算 recall ing...
12/21/2023 13:43:50 - INFO - utils.common - result = {'f1score': 0.17210166494761503, 'acc': 0.26935, 'precision': 0.1455372864037745, 'recall': 0.2619987453615426}
12/21/2023 13:43:50 - INFO - __main__ - Epoch:5, Val Accuracy:0.26935, f1:0.17210166494761503

12/21/2023 13:43:50 - INFO - __main__ - lr:0.00027135636881635457
12/21/2023 13:43:50 - INFO - __main__ - ==========Epoch:6==========
Save best weights
12/21/2023 13:43:55 - INFO - utils.common - 计算 f1 score ing...
12/21/2023 13:43:55 - INFO - utils.common - F1score = 0.20276156054894023
12/21/2023 13:43:55 - INFO - utils.common - 计算 accuracy ing...
12/21/2023 13:43:55 - INFO - utils.common - acc = 0.2775
12/21/2023 13:43:55 - INFO - utils.common - 计算 precision ing...
12/21/2023 13:43:56 - INFO - utils.common - precision = 0.18672593974102877
12/21/2023 13:43:56 - INFO - utils.common - 计算 recall ing...
12/21/2023 13:43:56 - INFO - utils.common - result = {'f1score': 0.20276156054894023, 'acc': 0.2775, 'precision': 0.18672593974102877, 'recall': 0.25103064714141526}
12/21/2023 13:43:56 - INFO - __main__ - Epoch:6, Train Accuracy:0.2775, f1:0.20276156054894023

Epoch: [6][0/7]	
12/21/2023 13:44:14 - INFO - utils.common - 计算 f1 score ing...
12/21/2023 13:44:14 - INFO - utils.common - F1score = 0.19031950387352137
12/21/2023 13:44:14 - INFO - utils.common - 计算 accuracy ing...
12/21/2023 13:44:14 - INFO - utils.common - acc = 0.2813
12/21/2023 13:44:14 - INFO - utils.common - 计算 precision ing...
12/21/2023 13:44:14 - INFO - utils.common - precision = 0.17716218305707185
12/21/2023 13:44:14 - INFO - utils.common - 计算 recall ing...
12/21/2023 13:44:14 - INFO - utils.common - result = {'f1score': 0.19031950387352137, 'acc': 0.2813, 'precision': 0.17716218305707185, 'recall': 0.27164812302861685}
12/21/2023 13:44:14 - INFO - __main__ - Epoch:6, Val Accuracy:0.2813, f1:0.19031950387352137

12/21/2023 13:44:14 - INFO - __main__ - lr:0.0001963663688163546
12/21/2023 13:44:14 - INFO - __main__ - ==========Epoch:7==========
Save best weights
12/21/2023 13:44:20 - INFO - utils.common - 计算 f1 score ing...
12/21/2023 13:44:20 - INFO - utils.common - F1score = 0.2060399326958114
12/21/2023 13:44:20 - INFO - utils.common - 计算 accuracy ing...
12/21/2023 13:44:20 - INFO - utils.common - acc = 0.2825
12/21/2023 13:44:20 - INFO - utils.common - 计算 precision ing...
12/21/2023 13:44:20 - INFO - utils.common - precision = 0.1878448507776542
12/21/2023 13:44:20 - INFO - utils.common - 计算 recall ing...
12/21/2023 13:44:20 - INFO - utils.common - result = {'f1score': 0.2060399326958114, 'acc': 0.2825, 'precision': 0.1878448507776542, 'recall': 0.25493917373712777}
12/21/2023 13:44:20 - INFO - __main__ - Epoch:7, Train Accuracy:0.2825, f1:0.2060399326958114

Epoch: [7][0/7]	
12/21/2023 13:44:38 - INFO - utils.common - 计算 f1 score ing...
12/21/2023 13:44:38 - INFO - utils.common - F1score = 0.1932644247959431
12/21/2023 13:44:38 - INFO - utils.common - 计算 accuracy ing...
12/21/2023 13:44:38 - INFO - utils.common - acc = 0.28245
12/21/2023 13:44:38 - INFO - utils.common - 计算 precision ing...
12/21/2023 13:44:38 - INFO - utils.common - precision = 0.18152630153286609
12/21/2023 13:44:38 - INFO - utils.common - 计算 recall ing...
12/21/2023 13:44:38 - INFO - utils.common - result = {'f1score': 0.1932644247959431, 'acc': 0.28245, 'precision': 0.18152630153286609, 'recall': 0.2720934637079917}
12/21/2023 13:44:38 - INFO - __main__ - Epoch:7, Val Accuracy:0.28245, f1:0.1932644247959431

12/21/2023 13:44:38 - INFO - __main__ - lr:0.0001036736311836454
12/21/2023 13:44:38 - INFO - __main__ - ==========Epoch:8==========
Save best weights
12/21/2023 13:44:43 - INFO - utils.common - 计算 f1 score ing...
12/21/2023 13:44:43 - INFO - utils.common - F1score = 0.21609005258797476
12/21/2023 13:44:43 - INFO - utils.common - 计算 accuracy ing...
12/21/2023 13:44:43 - INFO - utils.common - acc = 0.28625
12/21/2023 13:44:43 - INFO - utils.common - 计算 precision ing...
12/21/2023 13:44:43 - INFO - utils.common - precision = 0.19634743419458855
12/21/2023 13:44:43 - INFO - utils.common - 计算 recall ing...
12/21/2023 13:44:43 - INFO - utils.common - result = {'f1score': 0.21609005258797476, 'acc': 0.28625, 'precision': 0.19634743419458855, 'recall': 0.26205944646724255}
12/21/2023 13:44:43 - INFO - __main__ - Epoch:8, Train Accuracy:0.28625, f1:0.21609005258797476

Epoch: [8][0/7]	
12/21/2023 13:45:02 - INFO - utils.common - 计算 f1 score ing...
12/21/2023 13:45:02 - INFO - utils.common - F1score = 0.1916895294554565
12/21/2023 13:45:02 - INFO - utils.common - 计算 accuracy ing...
12/21/2023 13:45:02 - INFO - utils.common - acc = 0.2826
12/21/2023 13:45:02 - INFO - utils.common - 计算 precision ing...
12/21/2023 13:45:02 - INFO - utils.common - precision = 0.18255615688210003
12/21/2023 13:45:02 - INFO - utils.common - 计算 recall ing...
12/21/2023 13:45:02 - INFO - utils.common - result = {'f1score': 0.1916895294554565, 'acc': 0.2826, 'precision': 0.18255615688210003, 'recall': 0.27274390728051146}
12/21/2023 13:45:02 - INFO - __main__ - Epoch:8, Val Accuracy:0.2826, f1:0.1916895294554565

12/21/2023 13:45:02 - INFO - __main__ - lr:2.8683631183645395e-05
12/21/2023 13:45:02 - INFO - __main__ - ==========Epoch:9==========
Save best weights
12/21/2023 13:45:08 - INFO - utils.common - 计算 f1 score ing...
12/21/2023 13:45:08 - INFO - utils.common - F1score = 0.2219917188831768
12/21/2023 13:45:08 - INFO - utils.common - 计算 accuracy ing...
12/21/2023 13:45:08 - INFO - utils.common - acc = 0.30125
12/21/2023 13:45:08 - INFO - utils.common - 计算 precision ing...
12/21/2023 13:45:08 - INFO - utils.common - precision = 0.1975764940859871
12/21/2023 13:45:08 - INFO - utils.common - 计算 recall ing...
12/21/2023 13:45:08 - INFO - utils.common - result = {'f1score': 0.2219917188831768, 'acc': 0.30125, 'precision': 0.1975764940859871, 'recall': 0.27294674324835716}
12/21/2023 13:45:08 - INFO - __main__ - Epoch:9, Train Accuracy:0.30125, f1:0.2219917188831768

Epoch: [9][0/7]	
12/21/2023 13:45:25 - INFO - utils.common - 计算 f1 score ing...
12/21/2023 13:45:25 - INFO - utils.common - F1score = 0.19182794607047368
12/21/2023 13:45:25 - INFO - utils.common - 计算 accuracy ing...
12/21/2023 13:45:26 - INFO - utils.common - acc = 0.28405
12/21/2023 13:45:26 - INFO - utils.common - 计算 precision ing...
12/21/2023 13:45:26 - INFO - utils.common - precision = 0.1839829315686442
12/21/2023 13:45:26 - INFO - utils.common - 计算 recall ing...
12/21/2023 13:45:26 - INFO - utils.common - result = {'f1score': 0.19182794607047368, 'acc': 0.28405, 'precision': 0.1839829315686442, 'recall': 0.2743459455292671}
12/21/2023 13:45:26 - INFO - __main__ - Epoch:9, Val Accuracy:0.28405, f1:0.19182794607047368

12/21/2023 13:45:26 - INFO - __main__ - lr:0.0003
12/21/2023 13:45:26 - INFO - __main__ - ==========Epoch:10==========
Save best weights
12/21/2023 13:45:32 - INFO - utils.common - 计算 f1 score ing...
12/21/2023 13:45:32 - INFO - utils.common - F1score = 0.21458251296768852
12/21/2023 13:45:32 - INFO - utils.common - 计算 accuracy ing...
12/21/2023 13:45:32 - INFO - utils.common - acc = 0.29
12/21/2023 13:45:32 - INFO - utils.common - 计算 precision ing...
12/21/2023 13:45:32 - INFO - utils.common - precision = 0.19734968200606623
12/21/2023 13:45:32 - INFO - utils.common - 计算 recall ing...
12/21/2023 13:45:32 - INFO - utils.common - result = {'f1score': 0.21458251296768852, 'acc': 0.29, 'precision': 0.19734968200606623, 'recall': 0.26261379114364386}
12/21/2023 13:45:32 - INFO - __main__ - Epoch:10, Train Accuracy:0.29, f1:0.21458251296768852

Epoch: [10][0/7]	
12/21/2023 13:45:51 - INFO - utils.common - 计算 f1 score ing...
12/21/2023 13:45:51 - INFO - utils.common - F1score = 0.20048883948535837
12/21/2023 13:45:51 - INFO - utils.common - 计算 accuracy ing...
12/21/2023 13:45:51 - INFO - utils.common - acc = 0.2966
12/21/2023 13:45:51 - INFO - utils.common - 计算 precision ing...
12/21/2023 13:45:51 - INFO - utils.common - precision = 0.22351173722457757
12/21/2023 13:45:51 - INFO - utils.common - 计算 recall ing...
12/21/2023 13:45:51 - INFO - utils.common - result = {'f1score': 0.20048883948535837, 'acc': 0.2966, 'precision': 0.22351173722457757, 'recall': 0.28559258829184686}
12/21/2023 13:45:51 - INFO - __main__ - Epoch:10, Val Accuracy:0.2966, f1:0.20048883948535837

12/21/2023 13:45:51 - INFO - __main__ - lr:0.00027135636881635457
12/21/2023 13:45:51 - INFO - __main__ - ==========Epoch:11==========
Save best weights
12/21/2023 13:45:57 - INFO - utils.common - 计算 f1 score ing...
12/21/2023 13:45:57 - INFO - utils.common - F1score = 0.233215376809466
12/21/2023 13:45:57 - INFO - utils.common - 计算 accuracy ing...
12/21/2023 13:45:57 - INFO - utils.common - acc = 0.31125
12/21/2023 13:45:57 - INFO - utils.common - 计算 precision ing...
12/21/2023 13:45:57 - INFO - utils.common - precision = 0.2383759756597447
12/21/2023 13:45:57 - INFO - utils.common - 计算 recall ing...
12/21/2023 13:45:57 - INFO - utils.common - result = {'f1score': 0.233215376809466, 'acc': 0.31125, 'precision': 0.2383759756597447, 'recall': 0.28520888948616263}
12/21/2023 13:45:57 - INFO - __main__ - Epoch:11, Train Accuracy:0.31125, f1:0.233215376809466

Epoch: [11][0/7]	
12/21/2023 13:46:15 - INFO - utils.common - 计算 f1 score ing...
12/21/2023 13:46:15 - INFO - utils.common - F1score = 0.2086366523304152
12/21/2023 13:46:15 - INFO - utils.common - 计算 accuracy ing...
12/21/2023 13:46:15 - INFO - utils.common - acc = 0.3061
12/21/2023 13:46:15 - INFO - utils.common - 计算 precision ing...
12/21/2023 13:46:15 - INFO - utils.common - precision = 0.3485882702402178
12/21/2023 13:46:15 - INFO - utils.common - 计算 recall ing...
12/21/2023 13:46:15 - INFO - utils.common - result = {'f1score': 0.2086366523304152, 'acc': 0.3061, 'precision': 0.3485882702402178, 'recall': 0.2938544293754487}
12/21/2023 13:46:15 - INFO - __main__ - Epoch:11, Val Accuracy:0.3061, f1:0.2086366523304152

12/21/2023 13:46:15 - INFO - __main__ - lr:0.0001963663688163546
12/21/2023 13:46:15 - INFO - __main__ - ==========Epoch:12==========
Save best weights
12/21/2023 13:46:21 - INFO - utils.common - 计算 f1 score ing...
12/21/2023 13:46:21 - INFO - utils.common - F1score = 0.2317898218957322
12/21/2023 13:46:21 - INFO - utils.common - 计算 accuracy ing...
12/21/2023 13:46:21 - INFO - utils.common - acc = 0.3175
12/21/2023 13:46:21 - INFO - utils.common - 计算 precision ing...
12/21/2023 13:46:21 - INFO - utils.common - precision = 0.19941556272626143
12/21/2023 13:46:21 - INFO - utils.common - 计算 recall ing...
12/21/2023 13:46:21 - INFO - utils.common - result = {'f1score': 0.2317898218957322, 'acc': 0.3175, 'precision': 0.19941556272626143, 'recall': 0.2886978546207756}
12/21/2023 13:46:21 - INFO - __main__ - Epoch:12, Train Accuracy:0.3175, f1:0.2317898218957322

Epoch: [12][0/7]	
12/21/2023 13:46:39 - INFO - utils.common - 计算 f1 score ing...
12/21/2023 13:46:39 - INFO - utils.common - F1score = 0.21110657451402007
12/21/2023 13:46:39 - INFO - utils.common - 计算 accuracy ing...
12/21/2023 13:46:39 - INFO - utils.common - acc = 0.3113
12/21/2023 13:46:39 - INFO - utils.common - 计算 precision ing...
12/21/2023 13:46:39 - INFO - utils.common - precision = 0.2536361381873711
12/21/2023 13:46:39 - INFO - utils.common - 计算 recall ing...
12/21/2023 13:46:39 - INFO - utils.common - result = {'f1score': 0.21110657451402007, 'acc': 0.3113, 'precision': 0.2536361381873711, 'recall': 0.29770699776017645}
12/21/2023 13:46:39 - INFO - __main__ - Epoch:12, Val Accuracy:0.3113, f1:0.21110657451402007

12/21/2023 13:46:39 - INFO - __main__ - lr:0.0001036736311836454
12/21/2023 13:46:39 - INFO - __main__ - ==========Epoch:13==========
Save best weights
12/21/2023 13:46:45 - INFO - utils.common - 计算 f1 score ing...
12/21/2023 13:46:45 - INFO - utils.common - F1score = 0.22902067797445447
12/21/2023 13:46:45 - INFO - utils.common - 计算 accuracy ing...
12/21/2023 13:46:45 - INFO - utils.common - acc = 0.3175
12/21/2023 13:46:45 - INFO - utils.common - 计算 precision ing...
12/21/2023 13:46:45 - INFO - utils.common - precision = 0.19454424555743055
12/21/2023 13:46:45 - INFO - utils.common - 计算 recall ing...
12/21/2023 13:46:45 - INFO - utils.common - result = {'f1score': 0.22902067797445447, 'acc': 0.3175, 'precision': 0.19454424555743055, 'recall': 0.2880199722734338}
12/21/2023 13:46:45 - INFO - __main__ - Epoch:13, Train Accuracy:0.3175, f1:0.22902067797445447

Epoch: [13][0/7]	
12/21/2023 13:47:03 - INFO - utils.common - 计算 f1 score ing...
12/21/2023 13:47:03 - INFO - utils.common - F1score = 0.206461630316073
12/21/2023 13:47:03 - INFO - utils.common - 计算 accuracy ing...
12/21/2023 13:47:03 - INFO - utils.common - acc = 0.308
12/21/2023 13:47:03 - INFO - utils.common - 计算 precision ing...
12/21/2023 13:47:03 - INFO - utils.common - precision = 0.2150587721239653
12/21/2023 13:47:03 - INFO - utils.common - 计算 recall ing...
12/21/2023 13:47:03 - INFO - utils.common - result = {'f1score': 0.206461630316073, 'acc': 0.308, 'precision': 0.2150587721239653, 'recall': 0.2947940483149397}
12/21/2023 13:47:03 - INFO - __main__ - Epoch:13, Val Accuracy:0.308, f1:0.206461630316073

12/21/2023 13:47:03 - INFO - __main__ - lr:2.8683631183645395e-05
12/21/2023 13:47:03 - INFO - __main__ - ==========Epoch:14==========
early_st 4
12/21/2023 13:47:09 - INFO - utils.common - 计算 f1 score ing...
12/21/2023 13:47:09 - INFO - utils.common - F1score = 0.22952997971639622
12/21/2023 13:47:09 - INFO - utils.common - 计算 accuracy ing...
12/21/2023 13:47:09 - INFO - utils.common - acc = 0.3175
12/21/2023 13:47:09 - INFO - utils.common - 计算 precision ing...
12/21/2023 13:47:09 - INFO - utils.common - precision = 0.19173148799361708
12/21/2023 13:47:09 - INFO - utils.common - 计算 recall ing...
12/21/2023 13:47:09 - INFO - utils.common - result = {'f1score': 0.22952997971639622, 'acc': 0.3175, 'precision': 0.19173148799361708, 'recall': 0.29100435776509503}
12/21/2023 13:47:09 - INFO - __main__ - Epoch:14, Train Accuracy:0.3175, f1:0.22952997971639622

Epoch: [14][0/7]	
12/21/2023 13:47:26 - INFO - utils.common - 计算 f1 score ing...
12/21/2023 13:47:26 - INFO - utils.common - F1score = 0.20493665930522514
12/21/2023 13:47:26 - INFO - utils.common - 计算 accuracy ing...
12/21/2023 13:47:26 - INFO - utils.common - acc = 0.30715
12/21/2023 13:47:26 - INFO - utils.common - 计算 precision ing...
12/21/2023 13:47:26 - INFO - utils.common - precision = 0.2202492663170936
12/21/2023 13:47:26 - INFO - utils.common - 计算 recall ing...
12/21/2023 13:47:26 - INFO - utils.common - result = {'f1score': 0.20493665930522514, 'acc': 0.30715, 'precision': 0.2202492663170936, 'recall': 0.2945564658861966}
12/21/2023 13:47:26 - INFO - __main__ - Epoch:14, Val Accuracy:0.30715, f1:0.20493665930522514

12/21/2023 13:47:26 - INFO - __main__ - lr:0.0003
12/21/2023 13:47:26 - INFO - __main__ - ==========Epoch:15==========
early_st 3
12/21/2023 13:47:31 - INFO - utils.common - 计算 f1 score ing...
12/21/2023 13:47:31 - INFO - utils.common - F1score = 0.23802780770391255
12/21/2023 13:47:31 - INFO - utils.common - 计算 accuracy ing...
12/21/2023 13:47:31 - INFO - utils.common - acc = 0.33625
12/21/2023 13:47:31 - INFO - utils.common - 计算 precision ing...
12/21/2023 13:47:31 - INFO - utils.common - precision = 0.19720364913050703
12/21/2023 13:47:31 - INFO - utils.common - 计算 recall ing...
12/21/2023 13:47:31 - INFO - utils.common - result = {'f1score': 0.23802780770391255, 'acc': 0.33625, 'precision': 0.19720364913050703, 'recall': 0.30623775413880355}
12/21/2023 13:47:31 - INFO - __main__ - Epoch:15, Train Accuracy:0.33625, f1:0.23802780770391255

Epoch: [15][0/7]	
12/21/2023 13:47:49 - INFO - utils.common - 计算 f1 score ing...
12/21/2023 13:47:49 - INFO - utils.common - F1score = 0.199045360291515
12/21/2023 13:47:49 - INFO - utils.common - 计算 accuracy ing...
12/21/2023 13:47:49 - INFO - utils.common - acc = 0.30505
12/21/2023 13:47:49 - INFO - utils.common - 计算 precision ing...
12/21/2023 13:47:49 - INFO - utils.common - precision = 0.19626560949807895
12/21/2023 13:47:49 - INFO - utils.common - 计算 recall ing...
12/21/2023 13:47:49 - INFO - utils.common - result = {'f1score': 0.199045360291515, 'acc': 0.30505, 'precision': 0.19626560949807895, 'recall': 0.29422735113174964}
12/21/2023 13:47:49 - INFO - __main__ - Epoch:15, Val Accuracy:0.30505, f1:0.199045360291515

12/21/2023 13:47:49 - INFO - __main__ - lr:0.00027135636881635457
12/21/2023 13:47:49 - INFO - __main__ - ==========Epoch:16==========
early_st 2
12/21/2023 13:47:55 - INFO - utils.common - 计算 f1 score ing...
12/21/2023 13:47:55 - INFO - utils.common - F1score = 0.23184163682147751
12/21/2023 13:47:55 - INFO - utils.common - 计算 accuracy ing...
12/21/2023 13:47:55 - INFO - utils.common - acc = 0.3325
12/21/2023 13:47:55 - INFO - utils.common - 计算 precision ing...
12/21/2023 13:47:55 - INFO - utils.common - precision = 0.19150367636478746
12/21/2023 13:47:55 - INFO - utils.common - 计算 recall ing...
12/21/2023 13:47:55 - INFO - utils.common - result = {'f1score': 0.23184163682147751, 'acc': 0.3325, 'precision': 0.19150367636478746, 'recall': 0.3038623078750074}
12/21/2023 13:47:55 - INFO - __main__ - Epoch:16, Train Accuracy:0.3325, f1:0.23184163682147751

Epoch: [16][0/7]	
12/21/2023 13:48:12 - INFO - utils.common - 计算 f1 score ing...
12/21/2023 13:48:12 - INFO - utils.common - F1score = 0.19020086833421673
12/21/2023 13:48:12 - INFO - utils.common - 计算 accuracy ing...
12/21/2023 13:48:12 - INFO - utils.common - acc = 0.3025
12/21/2023 13:48:12 - INFO - utils.common - 计算 precision ing...
12/21/2023 13:48:12 - INFO - utils.common - precision = 0.2015968137136458
12/21/2023 13:48:12 - INFO - utils.common - 计算 recall ing...
12/21/2023 13:48:12 - INFO - utils.common - result = {'f1score': 0.19020086833421673, 'acc': 0.3025, 'precision': 0.2015968137136458, 'recall': 0.29269364686502}
12/21/2023 13:48:12 - INFO - __main__ - Epoch:16, Val Accuracy:0.3025, f1:0.19020086833421673

12/21/2023 13:48:12 - INFO - __main__ - lr:0.0001963663688163546
12/21/2023 13:48:12 - INFO - __main__ - ==========Epoch:17==========
early_st 1
12/21/2023 13:48:18 - INFO - utils.common - 计算 f1 score ing...
12/21/2023 13:48:18 - INFO - utils.common - F1score = 0.2227302528788782
12/21/2023 13:48:18 - INFO - utils.common - 计算 accuracy ing...
12/21/2023 13:48:18 - INFO - utils.common - acc = 0.32625
12/21/2023 13:48:18 - INFO - utils.common - 计算 precision ing...
12/21/2023 13:48:18 - INFO - utils.common - precision = 0.1859089751220021
12/21/2023 13:48:18 - INFO - utils.common - 计算 recall ing...
12/21/2023 13:48:18 - INFO - utils.common - result = {'f1score': 0.2227302528788782, 'acc': 0.32625, 'precision': 0.1859089751220021, 'recall': 0.29841976770718287}
12/21/2023 13:48:18 - INFO - __main__ - Epoch:17, Train Accuracy:0.32625, f1:0.2227302528788782

Epoch: [17][0/7]	
12/21/2023 13:48:36 - INFO - utils.common - 计算 f1 score ing...
12/21/2023 13:48:36 - INFO - utils.common - F1score = 0.1985463720523905
12/21/2023 13:48:36 - INFO - utils.common - 计算 accuracy ing...
12/21/2023 13:48:36 - INFO - utils.common - acc = 0.3087
12/21/2023 13:48:36 - INFO - utils.common - 计算 precision ing...
12/21/2023 13:48:36 - INFO - utils.common - precision = 0.21268679481796654
12/21/2023 13:48:36 - INFO - utils.common - 计算 recall ing...
12/21/2023 13:48:36 - INFO - utils.common - result = {'f1score': 0.1985463720523905, 'acc': 0.3087, 'precision': 0.21268679481796654, 'recall': 0.29770118089785697}
12/21/2023 13:48:36 - INFO - __main__ - Epoch:17, Val Accuracy:0.3087, f1:0.1985463720523905

12/21/2023 13:48:36 - INFO - __main__ - lr:0.0001036736311836454
early_st 0
early_stop
Test
12/21/2023 13:48:42 - INFO - utils.common - 计算 f1 score ing...
12/21/2023 13:48:42 - INFO - utils.common - F1score = 0.2862323466153507
12/21/2023 13:48:42 - INFO - utils.common - 计算 accuracy ing...
12/21/2023 13:48:42 - INFO - utils.common - acc = 0.4332869080779944
12/21/2023 13:48:42 - INFO - utils.common - 计算 precision ing...
12/21/2023 13:48:42 - INFO - utils.common - precision = 0.2574139785290093
12/21/2023 13:48:42 - INFO - utils.common - 计算 recall ing...
12/21/2023 13:48:42 - INFO - utils.common - result = {'f1score': 0.2862323466153507, 'acc': 0.4332869080779944, 'precision': 0.2574139785290093, 'recall': 0.36973523673203357}
12/21/2023 13:48:42 - INFO - __main__ - test_f1:0.2862323466153507, test_acc:0.4332869080779944, test_precision:0.2574139785290093, test_recall:0.36973523673203357
12/21/2023 13:48:42 - INFO - __main__ - Finish fine-turning...
