nohup: ignoring input
12/21/2023 13:41:17 - INFO - __main__ - 设置 seed 为:  1
12/21/2023 13:41:17 - INFO - __main__ - Start fine-turning...
12/21/2023 13:41:21 - INFO - __main__ - ==========Epoch:0==========
=> no checkpoint found at '
12/21/2023 13:41:26 - INFO - utils.common - 计算 f1 score ing...
12/21/2023 13:41:26 - INFO - utils.common - F1score = 0.05463524080821923
12/21/2023 13:41:26 - INFO - utils.common - 计算 accuracy ing...
12/21/2023 13:41:26 - INFO - utils.common - acc = 0.12625
12/21/2023 13:41:26 - INFO - utils.common - 计算 precision ing...
12/21/2023 13:41:26 - INFO - utils.common - precision = 0.1369457850026811
12/21/2023 13:41:26 - INFO - utils.common - 计算 recall ing...
12/21/2023 13:41:26 - INFO - utils.common - result = {'f1score': 0.05463524080821923, 'acc': 0.12625, 'precision': 0.1369457850026811, 'recall': 0.13267137815330587}
12/21/2023 13:41:26 - INFO - __main__ - Epoch:0, Train Accuracy:0.12625, f1:0.05463524080821923

Epoch: [0][0/7]	
12/21/2023 13:41:45 - INFO - utils.common - 计算 f1 score ing...
12/21/2023 13:41:45 - INFO - utils.common - F1score = 0.0466579626309542
12/21/2023 13:41:45 - INFO - utils.common - 计算 accuracy ing...
12/21/2023 13:41:45 - INFO - utils.common - acc = 0.1164
12/21/2023 13:41:45 - INFO - utils.common - 计算 precision ing...
12/21/2023 13:41:45 - INFO - utils.common - precision = 0.057115111862583126
12/21/2023 13:41:45 - INFO - utils.common - 计算 recall ing...
12/21/2023 13:41:45 - INFO - utils.common - result = {'f1score': 0.0466579626309542, 'acc': 0.1164, 'precision': 0.057115111862583126, 'recall': 0.12411943311410918}
12/21/2023 13:41:45 - INFO - __main__ - Epoch:0, Val Accuracy:0.1164, f1:0.0466579626309542

12/21/2023 13:41:45 - INFO - __main__ - lr:0.00027135636881635457
12/21/2023 13:41:45 - INFO - __main__ - ==========Epoch:1==========
Save best weights
12/21/2023 13:41:50 - INFO - utils.common - 计算 f1 score ing...
12/21/2023 13:41:50 - INFO - utils.common - F1score = 0.08222922783292308
12/21/2023 13:41:50 - INFO - utils.common - 计算 accuracy ing...
12/21/2023 13:41:50 - INFO - utils.common - acc = 0.13875
12/21/2023 13:41:50 - INFO - utils.common - 计算 precision ing...
12/21/2023 13:41:50 - INFO - utils.common - precision = 0.12142625602140827
12/21/2023 13:41:50 - INFO - utils.common - 计算 recall ing...
12/21/2023 13:41:51 - INFO - utils.common - result = {'f1score': 0.08222922783292308, 'acc': 0.13875, 'precision': 0.12142625602140827, 'recall': 0.14559162902536396}
12/21/2023 13:41:51 - INFO - __main__ - Epoch:1, Train Accuracy:0.13875, f1:0.08222922783292308

Epoch: [1][0/7]	
12/21/2023 13:42:08 - INFO - utils.common - 计算 f1 score ing...
12/21/2023 13:42:09 - INFO - utils.common - F1score = 0.09613664551031229
12/21/2023 13:42:09 - INFO - utils.common - 计算 accuracy ing...
12/21/2023 13:42:09 - INFO - utils.common - acc = 0.18035
12/21/2023 13:42:09 - INFO - utils.common - 计算 precision ing...
12/21/2023 13:42:09 - INFO - utils.common - precision = 0.06906576052194226
12/21/2023 13:42:09 - INFO - utils.common - 计算 recall ing...
12/21/2023 13:42:09 - INFO - utils.common - result = {'f1score': 0.09613664551031229, 'acc': 0.18035, 'precision': 0.06906576052194226, 'recall': 0.1831106727001489}
12/21/2023 13:42:09 - INFO - __main__ - Epoch:1, Val Accuracy:0.18035, f1:0.09613664551031229

12/21/2023 13:42:09 - INFO - __main__ - lr:0.0001963663688163546
12/21/2023 13:42:09 - INFO - __main__ - ==========Epoch:2==========
Save best weights
12/21/2023 13:42:14 - INFO - utils.common - 计算 f1 score ing...
12/21/2023 13:42:14 - INFO - utils.common - F1score = 0.1740600466492592
12/21/2023 13:42:14 - INFO - utils.common - 计算 accuracy ing...
12/21/2023 13:42:14 - INFO - utils.common - acc = 0.2125
12/21/2023 13:42:14 - INFO - utils.common - 计算 precision ing...
12/21/2023 13:42:14 - INFO - utils.common - precision = 0.15713559016285256
12/21/2023 13:42:14 - INFO - utils.common - 计算 recall ing...
12/21/2023 13:42:14 - INFO - utils.common - result = {'f1score': 0.1740600466492592, 'acc': 0.2125, 'precision': 0.15713559016285256, 'recall': 0.20494402800771136}
12/21/2023 13:42:14 - INFO - __main__ - Epoch:2, Train Accuracy:0.2125, f1:0.1740600466492592

Epoch: [2][0/7]	
12/21/2023 13:42:32 - INFO - utils.common - 计算 f1 score ing...
12/21/2023 13:42:32 - INFO - utils.common - F1score = 0.11049070400454022
12/21/2023 13:42:32 - INFO - utils.common - 计算 accuracy ing...
12/21/2023 13:42:32 - INFO - utils.common - acc = 0.19305
12/21/2023 13:42:32 - INFO - utils.common - 计算 precision ing...
12/21/2023 13:42:32 - INFO - utils.common - precision = 0.13783906162145454
12/21/2023 13:42:32 - INFO - utils.common - 计算 recall ing...
12/21/2023 13:42:32 - INFO - utils.common - result = {'f1score': 0.11049070400454022, 'acc': 0.19305, 'precision': 0.13783906162145454, 'recall': 0.1759014400560096}
12/21/2023 13:42:32 - INFO - __main__ - Epoch:2, Val Accuracy:0.19305, f1:0.11049070400454022

12/21/2023 13:42:32 - INFO - __main__ - lr:0.0001036736311836454
12/21/2023 13:42:32 - INFO - __main__ - ==========Epoch:3==========
Save best weights
12/21/2023 13:42:38 - INFO - utils.common - 计算 f1 score ing...
12/21/2023 13:42:38 - INFO - utils.common - F1score = 0.1570609050325342
12/21/2023 13:42:38 - INFO - utils.common - 计算 accuracy ing...
12/21/2023 13:42:38 - INFO - utils.common - acc = 0.21125
12/21/2023 13:42:38 - INFO - utils.common - 计算 precision ing...
12/21/2023 13:42:38 - INFO - utils.common - precision = 0.3097702844665257
12/21/2023 13:42:38 - INFO - utils.common - 计算 recall ing...
12/21/2023 13:42:38 - INFO - utils.common - result = {'f1score': 0.1570609050325342, 'acc': 0.21125, 'precision': 0.3097702844665257, 'recall': 0.18538667011128285}
12/21/2023 13:42:38 - INFO - __main__ - Epoch:3, Train Accuracy:0.21125, f1:0.1570609050325342

Epoch: [3][0/7]	
12/21/2023 13:42:56 - INFO - utils.common - 计算 f1 score ing...
12/21/2023 13:42:56 - INFO - utils.common - F1score = 0.10849739174207904
12/21/2023 13:42:56 - INFO - utils.common - 计算 accuracy ing...
12/21/2023 13:42:56 - INFO - utils.common - acc = 0.1931
12/21/2023 13:42:56 - INFO - utils.common - 计算 precision ing...
12/21/2023 13:42:56 - INFO - utils.common - precision = 0.1567547124884575
12/21/2023 13:42:56 - INFO - utils.common - 计算 recall ing...
12/21/2023 13:42:56 - INFO - utils.common - result = {'f1score': 0.10849739174207904, 'acc': 0.1931, 'precision': 0.1567547124884575, 'recall': 0.17442234193156952}
12/21/2023 13:42:56 - INFO - __main__ - Epoch:3, Val Accuracy:0.1931, f1:0.10849739174207904

12/21/2023 13:42:56 - INFO - __main__ - lr:2.8683631183645395e-05
12/21/2023 13:42:56 - INFO - __main__ - ==========Epoch:4==========
Save best weights
12/21/2023 13:43:01 - INFO - utils.common - 计算 f1 score ing...
12/21/2023 13:43:01 - INFO - utils.common - F1score = 0.13882621220636202
12/21/2023 13:43:01 - INFO - utils.common - 计算 accuracy ing...
12/21/2023 13:43:01 - INFO - utils.common - acc = 0.20375
12/21/2023 13:43:01 - INFO - utils.common - 计算 precision ing...
12/21/2023 13:43:01 - INFO - utils.common - precision = 0.1997298003999663
12/21/2023 13:43:01 - INFO - utils.common - 计算 recall ing...
12/21/2023 13:43:01 - INFO - utils.common - result = {'f1score': 0.13882621220636202, 'acc': 0.20375, 'precision': 0.1997298003999663, 'recall': 0.17426528446321904}
12/21/2023 13:43:01 - INFO - __main__ - Epoch:4, Train Accuracy:0.20375, f1:0.13882621220636202

Epoch: [4][0/7]	
12/21/2023 13:43:19 - INFO - utils.common - 计算 f1 score ing...
12/21/2023 13:43:19 - INFO - utils.common - F1score = 0.12673182726438922
12/21/2023 13:43:19 - INFO - utils.common - 计算 accuracy ing...
12/21/2023 13:43:20 - INFO - utils.common - acc = 0.20655
12/21/2023 13:43:20 - INFO - utils.common - 计算 precision ing...
12/21/2023 13:43:20 - INFO - utils.common - precision = 0.1473108652851517
12/21/2023 13:43:20 - INFO - utils.common - 计算 recall ing...
12/21/2023 13:43:20 - INFO - utils.common - result = {'f1score': 0.12673182726438922, 'acc': 0.20655, 'precision': 0.1473108652851517, 'recall': 0.18920481071340747}
12/21/2023 13:43:20 - INFO - __main__ - Epoch:4, Val Accuracy:0.20655, f1:0.12673182726438922

12/21/2023 13:43:20 - INFO - __main__ - lr:0.0003
12/21/2023 13:43:20 - INFO - __main__ - ==========Epoch:5==========
Save best weights
12/21/2023 13:43:25 - INFO - utils.common - 计算 f1 score ing...
12/21/2023 13:43:25 - INFO - utils.common - F1score = 0.16758747221069678
12/21/2023 13:43:25 - INFO - utils.common - 计算 accuracy ing...
12/21/2023 13:43:25 - INFO - utils.common - acc = 0.235
12/21/2023 13:43:25 - INFO - utils.common - 计算 precision ing...
12/21/2023 13:43:25 - INFO - utils.common - precision = 0.2046024549912312
12/21/2023 13:43:25 - INFO - utils.common - 计算 recall ing...
12/21/2023 13:43:25 - INFO - utils.common - result = {'f1score': 0.16758747221069678, 'acc': 0.235, 'precision': 0.2046024549912312, 'recall': 0.20297400301703228}
12/21/2023 13:43:25 - INFO - __main__ - Epoch:5, Train Accuracy:0.235, f1:0.16758747221069678

Epoch: [5][0/7]	
12/21/2023 13:43:44 - INFO - utils.common - 计算 f1 score ing...
12/21/2023 13:43:44 - INFO - utils.common - F1score = 0.18355869785750448
12/21/2023 13:43:44 - INFO - utils.common - 计算 accuracy ing...
12/21/2023 13:43:45 - INFO - utils.common - acc = 0.2701
12/21/2023 13:43:45 - INFO - utils.common - 计算 precision ing...
12/21/2023 13:43:45 - INFO - utils.common - precision = 0.17010372895600898
12/21/2023 13:43:45 - INFO - utils.common - 计算 recall ing...
12/21/2023 13:43:45 - INFO - utils.common - result = {'f1score': 0.18355869785750448, 'acc': 0.2701, 'precision': 0.17010372895600898, 'recall': 0.25692145755529594}
12/21/2023 13:43:45 - INFO - __main__ - Epoch:5, Val Accuracy:0.2701, f1:0.18355869785750448

12/21/2023 13:43:45 - INFO - __main__ - lr:0.00027135636881635457
12/21/2023 13:43:45 - INFO - __main__ - ==========Epoch:6==========
Save best weights
12/21/2023 13:43:50 - INFO - utils.common - 计算 f1 score ing...
12/21/2023 13:43:50 - INFO - utils.common - F1score = 0.1917878741688426
12/21/2023 13:43:50 - INFO - utils.common - 计算 accuracy ing...
12/21/2023 13:43:50 - INFO - utils.common - acc = 0.25625
12/21/2023 13:43:50 - INFO - utils.common - 计算 precision ing...
12/21/2023 13:43:50 - INFO - utils.common - precision = 0.21266458907542385
12/21/2023 13:43:50 - INFO - utils.common - 计算 recall ing...
12/21/2023 13:43:50 - INFO - utils.common - result = {'f1score': 0.1917878741688426, 'acc': 0.25625, 'precision': 0.21266458907542385, 'recall': 0.22780027999477223}
12/21/2023 13:43:50 - INFO - __main__ - Epoch:6, Train Accuracy:0.25625, f1:0.1917878741688426

Epoch: [6][0/7]	
12/21/2023 13:44:08 - INFO - utils.common - 计算 f1 score ing...
12/21/2023 13:44:08 - INFO - utils.common - F1score = 0.18594151583087493
12/21/2023 13:44:08 - INFO - utils.common - 计算 accuracy ing...
12/21/2023 13:44:08 - INFO - utils.common - acc = 0.2879
12/21/2023 13:44:08 - INFO - utils.common - 计算 precision ing...
12/21/2023 13:44:08 - INFO - utils.common - precision = 0.17669549309257324
12/21/2023 13:44:08 - INFO - utils.common - 计算 recall ing...
12/21/2023 13:44:08 - INFO - utils.common - result = {'f1score': 0.18594151583087493, 'acc': 0.2879, 'precision': 0.17669549309257324, 'recall': 0.27659450639327277}
12/21/2023 13:44:08 - INFO - __main__ - Epoch:6, Val Accuracy:0.2879, f1:0.18594151583087493

12/21/2023 13:44:08 - INFO - __main__ - lr:0.0001963663688163546
12/21/2023 13:44:09 - INFO - __main__ - ==========Epoch:7==========
Save best weights
12/21/2023 13:44:14 - INFO - utils.common - 计算 f1 score ing...
12/21/2023 13:44:14 - INFO - utils.common - F1score = 0.2098550791925213
12/21/2023 13:44:14 - INFO - utils.common - 计算 accuracy ing...
12/21/2023 13:44:14 - INFO - utils.common - acc = 0.29125
12/21/2023 13:44:14 - INFO - utils.common - 计算 precision ing...
12/21/2023 13:44:14 - INFO - utils.common - precision = 0.21426264280555696
12/21/2023 13:44:14 - INFO - utils.common - 计算 recall ing...
12/21/2023 13:44:14 - INFO - utils.common - result = {'f1score': 0.2098550791925213, 'acc': 0.29125, 'precision': 0.21426264280555696, 'recall': 0.2647934201720777}
12/21/2023 13:44:14 - INFO - __main__ - Epoch:7, Train Accuracy:0.29125, f1:0.2098550791925213

Epoch: [7][0/7]	
12/21/2023 13:44:33 - INFO - utils.common - 计算 f1 score ing...
12/21/2023 13:44:33 - INFO - utils.common - F1score = 0.18447663262349956
12/21/2023 13:44:33 - INFO - utils.common - 计算 accuracy ing...
12/21/2023 13:44:33 - INFO - utils.common - acc = 0.28935
12/21/2023 13:44:33 - INFO - utils.common - 计算 precision ing...
12/21/2023 13:44:33 - INFO - utils.common - precision = 0.190221056730606
12/21/2023 13:44:33 - INFO - utils.common - 计算 recall ing...
12/21/2023 13:44:33 - INFO - utils.common - result = {'f1score': 0.18447663262349956, 'acc': 0.28935, 'precision': 0.190221056730606, 'recall': 0.2781973975672497}
12/21/2023 13:44:33 - INFO - __main__ - Epoch:7, Val Accuracy:0.28935, f1:0.18447663262349956

12/21/2023 13:44:33 - INFO - __main__ - lr:0.0001036736311836454
12/21/2023 13:44:33 - INFO - __main__ - ==========Epoch:8==========
Save best weights
12/21/2023 13:44:39 - INFO - utils.common - 计算 f1 score ing...
12/21/2023 13:44:39 - INFO - utils.common - F1score = 0.20553419094325814
12/21/2023 13:44:39 - INFO - utils.common - 计算 accuracy ing...
12/21/2023 13:44:39 - INFO - utils.common - acc = 0.28375
12/21/2023 13:44:39 - INFO - utils.common - 计算 precision ing...
12/21/2023 13:44:39 - INFO - utils.common - precision = 0.19844983930306873
12/21/2023 13:44:39 - INFO - utils.common - 计算 recall ing...
12/21/2023 13:44:39 - INFO - utils.common - result = {'f1score': 0.20553419094325814, 'acc': 0.28375, 'precision': 0.19844983930306873, 'recall': 0.2585375577200018}
12/21/2023 13:44:39 - INFO - __main__ - Epoch:8, Train Accuracy:0.28375, f1:0.20553419094325814

Epoch: [8][0/7]	
12/21/2023 13:44:57 - INFO - utils.common - 计算 f1 score ing...
12/21/2023 13:44:57 - INFO - utils.common - F1score = 0.1727211115879429
12/21/2023 13:44:57 - INFO - utils.common - 计算 accuracy ing...
12/21/2023 13:44:57 - INFO - utils.common - acc = 0.2845
12/21/2023 13:44:57 - INFO - utils.common - 计算 precision ing...
12/21/2023 13:44:57 - INFO - utils.common - precision = 0.15926374891191925
12/21/2023 13:44:57 - INFO - utils.common - 计算 recall ing...
12/21/2023 13:44:57 - INFO - utils.common - result = {'f1score': 0.1727211115879429, 'acc': 0.2845, 'precision': 0.15926374891191925, 'recall': 0.27453291439134775}
12/21/2023 13:44:57 - INFO - __main__ - Epoch:8, Val Accuracy:0.2845, f1:0.1727211115879429

12/21/2023 13:44:57 - INFO - __main__ - lr:2.8683631183645395e-05
12/21/2023 13:44:57 - INFO - __main__ - ==========Epoch:9==========
early_st 4
12/21/2023 13:45:04 - INFO - utils.common - 计算 f1 score ing...
12/21/2023 13:45:04 - INFO - utils.common - F1score = 0.20480578618743742
12/21/2023 13:45:04 - INFO - utils.common - 计算 accuracy ing...
12/21/2023 13:45:04 - INFO - utils.common - acc = 0.2925
12/21/2023 13:45:04 - INFO - utils.common - 计算 precision ing...
12/21/2023 13:45:04 - INFO - utils.common - precision = 0.19507949105938796
12/21/2023 13:45:04 - INFO - utils.common - 计算 recall ing...
12/21/2023 13:45:04 - INFO - utils.common - result = {'f1score': 0.20480578618743742, 'acc': 0.2925, 'precision': 0.19507949105938796, 'recall': 0.2656283342600038}
12/21/2023 13:45:04 - INFO - __main__ - Epoch:9, Train Accuracy:0.2925, f1:0.20480578618743742

Epoch: [9][0/7]	
12/21/2023 13:45:17 - INFO - utils.common - 计算 f1 score ing...
12/21/2023 13:45:17 - INFO - utils.common - F1score = 0.16532661344739552
12/21/2023 13:45:17 - INFO - utils.common - 计算 accuracy ing...
12/21/2023 13:45:17 - INFO - utils.common - acc = 0.2801
12/21/2023 13:45:17 - INFO - utils.common - 计算 precision ing...
12/21/2023 13:45:17 - INFO - utils.common - precision = 0.14491224543771286
12/21/2023 13:45:17 - INFO - utils.common - 计算 recall ing...
12/21/2023 13:45:17 - INFO - utils.common - result = {'f1score': 0.16532661344739552, 'acc': 0.2801, 'precision': 0.14491224543771286, 'recall': 0.27094101109330937}
12/21/2023 13:45:17 - INFO - __main__ - Epoch:9, Val Accuracy:0.2801, f1:0.16532661344739552

12/21/2023 13:45:17 - INFO - __main__ - lr:0.0003
12/21/2023 13:45:17 - INFO - __main__ - ==========Epoch:10==========
early_st 3
12/21/2023 13:45:23 - INFO - utils.common - 计算 f1 score ing...
12/21/2023 13:45:23 - INFO - utils.common - F1score = 0.20834836732832934
12/21/2023 13:45:23 - INFO - utils.common - 计算 accuracy ing...
12/21/2023 13:45:23 - INFO - utils.common - acc = 0.2875
12/21/2023 13:45:23 - INFO - utils.common - 计算 precision ing...
12/21/2023 13:45:23 - INFO - utils.common - precision = 0.19070647012675998
12/21/2023 13:45:23 - INFO - utils.common - 计算 recall ing...
12/21/2023 13:45:23 - INFO - utils.common - result = {'f1score': 0.20834836732832934, 'acc': 0.2875, 'precision': 0.19070647012675998, 'recall': 0.2646610404355671}
12/21/2023 13:45:23 - INFO - __main__ - Epoch:10, Train Accuracy:0.2875, f1:0.20834836732832934

Epoch: [10][0/7]	
12/21/2023 13:45:37 - INFO - utils.common - 计算 f1 score ing...
12/21/2023 13:45:37 - INFO - utils.common - F1score = 0.16384013495018945
12/21/2023 13:45:37 - INFO - utils.common - 计算 accuracy ing...
12/21/2023 13:45:37 - INFO - utils.common - acc = 0.283
12/21/2023 13:45:37 - INFO - utils.common - 计算 precision ing...
12/21/2023 13:45:37 - INFO - utils.common - precision = 0.15767580177598936
12/21/2023 13:45:37 - INFO - utils.common - 计算 recall ing...
12/21/2023 13:45:37 - INFO - utils.common - result = {'f1score': 0.16384013495018945, 'acc': 0.283, 'precision': 0.15767580177598936, 'recall': 0.27396074461221176}
12/21/2023 13:45:37 - INFO - __main__ - Epoch:10, Val Accuracy:0.283, f1:0.16384013495018945

12/21/2023 13:45:37 - INFO - __main__ - lr:0.00027135636881635457
12/21/2023 13:45:37 - INFO - __main__ - ==========Epoch:11==========
early_st 2
12/21/2023 13:45:43 - INFO - utils.common - 计算 f1 score ing...
12/21/2023 13:45:43 - INFO - utils.common - F1score = 0.2285177837426371
12/21/2023 13:45:43 - INFO - utils.common - 计算 accuracy ing...
12/21/2023 13:45:43 - INFO - utils.common - acc = 0.31375
12/21/2023 13:45:43 - INFO - utils.common - 计算 precision ing...
12/21/2023 13:45:43 - INFO - utils.common - precision = 0.1914505139038082
12/21/2023 13:45:43 - INFO - utils.common - 计算 recall ing...
12/21/2023 13:45:43 - INFO - utils.common - result = {'f1score': 0.2285177837426371, 'acc': 0.31375, 'precision': 0.1914505139038082, 'recall': 0.29468596331763286}
12/21/2023 13:45:43 - INFO - __main__ - Epoch:11, Train Accuracy:0.31375, f1:0.2285177837426371

Epoch: [11][0/7]	
12/21/2023 13:45:55 - INFO - utils.common - 计算 f1 score ing...
12/21/2023 13:45:55 - INFO - utils.common - F1score = 0.16033473868196002
12/21/2023 13:45:55 - INFO - utils.common - 计算 accuracy ing...
12/21/2023 13:45:55 - INFO - utils.common - acc = 0.28275
12/21/2023 13:45:55 - INFO - utils.common - 计算 precision ing...
12/21/2023 13:45:55 - INFO - utils.common - precision = 0.2187817621517801
12/21/2023 13:45:55 - INFO - utils.common - 计算 recall ing...
12/21/2023 13:45:55 - INFO - utils.common - result = {'f1score': 0.16033473868196002, 'acc': 0.28275, 'precision': 0.2187817621517801, 'recall': 0.2749662220420665}
12/21/2023 13:45:55 - INFO - __main__ - Epoch:11, Val Accuracy:0.28275, f1:0.16033473868196002

12/21/2023 13:45:55 - INFO - __main__ - lr:0.0001963663688163546
12/21/2023 13:45:55 - INFO - __main__ - ==========Epoch:12==========
early_st 1
12/21/2023 13:46:01 - INFO - utils.common - 计算 f1 score ing...
12/21/2023 13:46:01 - INFO - utils.common - F1score = 0.23332159095042343
12/21/2023 13:46:01 - INFO - utils.common - 计算 accuracy ing...
12/21/2023 13:46:01 - INFO - utils.common - acc = 0.32625
12/21/2023 13:46:01 - INFO - utils.common - 计算 precision ing...
12/21/2023 13:46:01 - INFO - utils.common - precision = 0.20292110615613723
12/21/2023 13:46:01 - INFO - utils.common - 计算 recall ing...
12/21/2023 13:46:01 - INFO - utils.common - result = {'f1score': 0.23332159095042343, 'acc': 0.32625, 'precision': 0.20292110615613723, 'recall': 0.30588155157862557}
12/21/2023 13:46:01 - INFO - __main__ - Epoch:12, Train Accuracy:0.32625, f1:0.23332159095042343

Epoch: [12][0/7]	
12/21/2023 13:46:13 - INFO - utils.common - 计算 f1 score ing...
12/21/2023 13:46:13 - INFO - utils.common - F1score = 0.1651897590156497
12/21/2023 13:46:13 - INFO - utils.common - 计算 accuracy ing...
12/21/2023 13:46:13 - INFO - utils.common - acc = 0.28375
12/21/2023 13:46:13 - INFO - utils.common - 计算 precision ing...
12/21/2023 13:46:13 - INFO - utils.common - precision = 0.2359661130906514
12/21/2023 13:46:13 - INFO - utils.common - 计算 recall ing...
12/21/2023 13:46:14 - INFO - utils.common - result = {'f1score': 0.1651897590156497, 'acc': 0.28375, 'precision': 0.2359661130906514, 'recall': 0.276125842625982}
12/21/2023 13:46:14 - INFO - __main__ - Epoch:12, Val Accuracy:0.28375, f1:0.1651897590156497

12/21/2023 13:46:14 - INFO - __main__ - lr:0.0001036736311836454
early_st 0
early_stop
Test
12/21/2023 13:46:20 - INFO - utils.common - 计算 f1 score ing...
12/21/2023 13:46:20 - INFO - utils.common - F1score = 0.2259582337004161
12/21/2023 13:46:20 - INFO - utils.common - 计算 accuracy ing...
12/21/2023 13:46:20 - INFO - utils.common - acc = 0.38231197771587744
12/21/2023 13:46:20 - INFO - utils.common - 计算 precision ing...
12/21/2023 13:46:20 - INFO - utils.common - precision = 0.2589206676856911
12/21/2023 13:46:20 - INFO - utils.common - 计算 recall ing...
12/21/2023 13:46:20 - INFO - utils.common - result = {'f1score': 0.2259582337004161, 'acc': 0.38231197771587744, 'precision': 0.2589206676856911, 'recall': 0.3321539605228959}
12/21/2023 13:46:20 - INFO - __main__ - test_f1:0.2259582337004161, test_acc:0.38231197771587744, test_precision:0.2589206676856911, test_recall:0.3321539605228959
12/21/2023 13:46:20 - INFO - __main__ - Finish fine-turning...
